 Process in group number            0
 No PDF is used, alpha_s(MZ) from param_card is used
 Value of alpha_s from param_card:   0.11800000071525575     
 The default order of alpha_s running is fixed to            2
 *****************************************************
 *               MadGraph/MadEvent                   *
 *        --------------------------------           *
 *          http://madgraph.hep.uiuc.edu             *
 *          http://madgraph.phys.ucl.ac.be           *
 *          http://madgraph.roma2.infn.it            *
 *        --------------------------------           *
 *                                                   *
 *          PARAMETER AND COUPLING VALUES            *
 *                                                   *
 *****************************************************

  External Params
  ---------------------------------
  
 aEWM1 =    132.50700378417969     
 mdl_Gf =   1.16639000000000003E-005
 aS =   0.11800000071525575     
 mdl_ymb =    4.6999998092651367     
 mdl_ymt =    173.00000000000000     
 mdl_yme =   5.10999991092830896E-004
 mdl_ymm =   0.10565999895334244     
 mdl_ymtau =    1.7769999504089355     
 mdl_MZ =    91.188003540039063     
 mdl_MT =    173.00000000000000     
 mdl_MB =    4.6999998092651367     
 mdl_MH =    125.00000000000000     
 mdl_Me =   5.10999991092830896E-004
 mdl_MM =   0.10565999895334244     
 mdl_MTA =    1.7769999504089355     
 mdl_WZ =    2.4414041042327881     
 mdl_WW =    2.0476000308990479     
 mdl_WT =    1.4915000200271606     
 mdl_WH =   6.38233916833996773E-003
 mdl_WTau =   2.26999999999999982E-012
  Internal Params
  ---------------------------------
  
 mdl_conjg__CKM3x3 =    1.0000000000000000     
 mdl_CKM3x3 =    1.0000000000000000     
 mdl_conjg__CKM1x1 =    1.0000000000000000     
 mdl_complexi =  (  0.0000000000000000     ,  1.0000000000000000     )
 mdl_MZ__exp__2 =    8315.2519896181766     
 mdl_MZ__exp__4 =    69143415.650849044     
 mdl_sqrt__2 =    1.4142135623730951     
 mdl_MH__exp__2 =    15625.000000000000     
 mdl_aEW =   7.54677089845565054E-003
 mdl_MW =    80.419007276179556     
 mdl_sqrt__aEW =   8.68721526063194194E-002
 mdl_ee =   0.30795376284704501     
 mdl_MW__exp__2 =    6467.2167312862202     
 mdl_sw2 =   0.22224645274001076     
 mdl_cw =   0.88190336616887299     
 mdl_sqrt__sw2 =   0.47143022043565552     
 mdl_sw =   0.47143022043565552     
 mdl_g1 =   0.34919218438279087     
 mdl_gw =   0.65323296958447097     
 mdl_vev =    246.21845810181631     
 mdl_vev__exp__2 =    60623.529110035874     
 mdl_lam =   0.12886910601690271     
 mdl_yb =   2.69955531549349904E-002
 mdl_ye =   2.93504850670934038E-006
 mdl_ym =   6.06883028478528356E-004
 mdl_yt =   0.99366614581500645     
 mdl_ytau =   1.02066167158167895E-002
 mdl_muH =    88.388347648318444     
 mdl_I1x33 =  ( 2.69955531549349904E-002,  0.0000000000000000     )
 mdl_I2x33 =  ( 0.99366614581500645     ,  0.0000000000000000     )
 mdl_I3x33 =  ( 0.99366614581500645     ,  0.0000000000000000     )
 mdl_I4x33 =  ( 2.69955531549349904E-002,  0.0000000000000000     )
 mdl_ee__exp__2 =   9.48355200516540348E-002
 mdl_sw__exp__2 =   0.22224645274001076     
 mdl_cw__exp__2 =   0.77775354725998924     
  Internal Params evaluated point by point
  ----------------------------------------
  
 mdl_sqrt__aS =   0.34351128178744839     
 mdl_G__exp__2 =    1.4828317414825511     
  Couplings of sm-lepton_masses
  ---------------------------------
  
         GC_3 =  -0.00000E+00  -0.30795E+00
        GC_50 =  -0.00000E+00  -0.28804E+00
        GC_59 =   0.00000E+00   0.82310E-01
        GC_89 =  -0.00000E+00  -0.20754E-05

 Collider parameters:
 --------------------

 Running at e e   machine @   7.14879999999999960E-002  GeV
 PDF set = none   
 alpha_s(Mz)= 0.1180 running at 2 loops.
 alpha_s(Mz)= 0.1180 running at 2 loops.
 Renormalization scale fixed @    91.188000000000002     
 Factorization scales  fixed @    91.188000000000002        91.188000000000002     


 getting user params
Enter number of events and max and min iterations: 
 Number of events and iterations         2000           9           3
Enter desired fractional accuracy: 
 Desired fractional accuracy:  -5.74259999999999987E-006
Enter 0 for fixed, 2 for adjustable grid: 
Suppress amplitude (0 no, 1 yes)? 
 Using suppressed amplitude.
Exact helicity sum (0 yes, n = number/event)? 
 Explicitly summing over helicities
Enter Configuration Number: 
Running Configuration Number:    7
 Not subdividing B.W.
 Attempting mappinvarients           1           5
 Completed mapping           5
 about to integrate            5        2000           9           3           5           1
 Using non-zero grid deformation.
  5 dimensions   2000 events  5 invarients  9 iterations  1 config(s),  (0.99)
 Using h-tuple random number sequence.
 Error opening grid
 Using Uniform Grid!
 Using uniform alpha   1.0000000000000000     
 Grid defined OK
 Set CM energy to          0.07
 Mapping Graph           7  to config           7
Setting grid   1    0.17611E-04   1
Setting grid   2    0.51095E-04   1
 Masses: 0.511E-03 0.511E-03 0.000E+00 0.511E-03 0.511E-03
   7   1   2   3   4   5
 Got moffset          13
Using random seed offsets     7 :      1
  with seed                   87
 Ranmar initialization seeds       17619       20424
  Particle       3       4       5
      Et >     0.0     0.0     0.0
       E >     0.0     0.0     0.0
     Eta <    -1.0    -1.0    -1.0
   xqcut:      0.0     0.0     0.0
d R # 3  >    -0.0     0.0     0.0
d R # 4  >    -0.0    -0.0     0.0
s min # 3>     0.0     0.0     0.0
s min # 4>     0.0     0.0     0.0
xqcutij # 3>     0.0     0.0     0.0
xqcutij # 4>     0.0     0.0     0.0
 alpha_s for scale    91.188000000000002       is   0.11800000071525575     
 Added good helicity            1   10.301923149198519       in event            1
 Added good helicity            2  8.03542265891638990E-002  in event            1
 Added good helicity            3  2.23025008848005066E-002  in event            1
 Added good helicity            4  1.03797497492842806E-006  in event            1
 Added good helicity            5  6.74150516053851311E-003  in event            1
 Added good helicity            7  2.81070177695565785E-005  in event            1
 Added good helicity           10   5.5333783900577513       in event            1
 Added good helicity           11  9.84806211268477827E-006  in event            1
 Added good helicity           12  4.15541730362941411E-002  in event            1
 Added good helicity           13  1.12480724014616713E-004  in event            1
 Added good helicity           14  1.35377155102831912E-002  in event            1
 Added good helicity           16  5.63339827486974200E-005  in event            1
 Added good helicity           17  5.63339827521090587E-005  in event            1
 Added good helicity           19  1.35377155111043052E-002  in event            1
 Added good helicity           20  1.12480724023914953E-004  in event            1
 Added good helicity           21  4.15541730402083434E-002  in event            1
 Added good helicity           22  9.84806212147872007E-006  in event            1
 Added good helicity           23   5.5333783905278464       in event            1
 Added good helicity           26  2.81070177696746651E-005  in event            1
 Added good helicity           28  6.74150516057548180E-003  in event            1
 Added good helicity           29  1.03797497489390385E-006  in event            1
 Added good helicity           30  2.23025008905812505E-002  in event            1
 Added good helicity           31  8.03542265843337489E-002  in event            1
 Added good helicity           32   10.301923149145470       in event            1
 Added good helicity            9  6.49110512274916352E-006  in event            3
 Added good helicity           15  2.69162423435582403E-005  in event            3
 Added good helicity           18  2.69162424219006530E-005  in event            3
 Added good helicity           24  6.49110518675562068E-006  in event            3
 Added good helicity            6  3.00228177841762981E-006  in event            4
 Added good helicity           27  3.00228179320127658E-006  in event            4
 Iteration  1   Mean: 0.1618E+10 Abs mean: 0.1618E+10   Fluctuation:  0.854E+08   0.464E+11    74.1%
  1    0.1618E+10 0.1618E+10 +- 0.8543E+08      2.36
 Writing out events   121371.19440803491        2.3608563207509352     
 Relative summed weights:
  0.1000E+01  0.0000E+00
 Relative number of events:
  0.1000E+01  0.0000E+00
 Events:
        2000           0
 Iteration  2   Mean: 0.1737E+10 Abs mean: 0.1737E+10   Fluctuation:  0.424E+08   0.331E+11    85.0%
  2    0.1737E+10 0.1737E+10 +- 0.4240E+08      1.54
 Relative summed weights:
  0.1000E+01  0.0000E+00
 Relative number of events:
  0.1000E+01  0.0000E+00
 Events:
        4000           0
 Iteration  3   Mean: 0.1706E+10 Abs mean: 0.1706E+10   Fluctuation:  0.217E+08   0.156E+11    81.6%
  3    0.1706E+10 0.1706E+10 +- 0.2167E+08      1.14
 Relative summed weights:
  0.1000E+01  0.0000E+00
 Relative number of events:
  0.1000E+01  0.0000E+00
 Events:
        8000           0
 Found         1006  events.
 Wrote         1001  events.
 Actual xsec    1708464374.7395277     
 Correct abs xsec    1708464374.7395277     
 Event xsec    1708464374.7395623     
 Events wgts > 1:            2
 % Cross section > 1:    185797.90730956779       1.08751408608031858E-002
 Checking number of events   9811.0275183792110             1001  chi2:   0.78871249117022735     
 Found         1006  events.
 Wrote         1001  events.
 Actual xsec    1708464374.7395277     
 Correct abs xsec    1708464374.7395277     
 Event xsec    1708464374.7395623     
 Events wgts > 1:            2
 % Cross section > 1:    185797.90730956779       1.08751408608031858E-002
 Iteration  4   Mean: 0.1716E+10 Abs mean: 0.1716E+10   Fluctuation:  0.132E+08   0.141E+11    78.0%
  4    0.1716E+10 0.1716E+10 +- 0.1318E+08      0.97
 Relative summed weights:
  0.1000E+01  0.0000E+00
 Relative number of events:
  0.1000E+01  0.0000E+00
 Events:
       16000           0
 Found         2113  events.
 Wrote         2109  events.
 Actual xsec    1714754840.0771282     
 Correct abs xsec    1714754840.0771282     
 Event xsec    1714754840.0771401     
 Events wgts > 1:            1
 % Cross section > 1:    48230.493497918709       2.81267574644950436E-003
 Checking number of events   9847.1511446269160             2109  chi2:   0.22136154531495980     
 Found         2113  events.
 Wrote         2109  events.
 Actual xsec    1714754840.0771282     
 Correct abs xsec    1714754840.0771282     
 Event xsec    1714754840.0771401     
 Events wgts > 1:            1
 % Cross section > 1:    48230.493497918709       2.81267574644950436E-003
 Iteration  5   Mean: 0.1737E+10 Abs mean: 0.1737E+10   Fluctuation:  0.882E+07   0.165E+11    76.5%
  5    0.1737E+10 0.1737E+10 +- 0.8825E+07      0.91
 Relative summed weights:
  0.1000E+01  0.0000E+00
 Relative number of events:
  0.1000E+01  0.0000E+00
 Events:
       32000           0
 Found         4259  events.
 Wrote         4257  events.
 Actual xsec    1727786086.5239270     
 Correct abs xsec    1727786086.5239270     
 Event xsec    1727786086.5237668     
 Events wgts > 1:            1
 % Cross section > 1:    103922.29403367714       6.01476622854189326E-003
 Checking number of events   9921.9843804723023             4257  chi2:    1.4130796339881762     
 Found         4259  events.
 Wrote         4257  events.
 Actual xsec    1727786086.5239270     
 Correct abs xsec    1727786086.5239270     
 Event xsec    1727786086.5237668     
 Events wgts > 1:            1
 % Cross section > 1:    103922.29403367714       6.01476622854189326E-003
 Iteration  6   Mean: 0.1733E+10 Abs mean: 0.1733E+10   Fluctuation:  0.607E+07   0.221E+11    74.7%
  6    0.1733E+10 0.1733E+10 +- 0.6070E+07      0.89
 Relative summed weights:
  0.1000E+01  0.0000E+00
 Relative number of events:
  0.1000E+01  0.0000E+00
 Events:
       64000           0
 Found         8519  events.
 Wrote         8514  events.
 Actual xsec    1731642479.9536715     
 Correct abs xsec    1731642479.9536715     
 Event xsec    1731642479.9539537     
 Events wgts > 1:            7
 % Cross section > 1:    594577.95049522468       3.43360686387778613E-002
 Checking number of events   9944.1301053819534             8514  chi2:   0.89146392513236716     
 Found         8519  events.
 Wrote         8514  events.
 Actual xsec    1731642479.9536715     
 Correct abs xsec    1731642479.9536715     
 Event xsec    1731642479.9539537     
 Events wgts > 1:            7
 % Cross section > 1:    594577.95049522468       3.43360686387778613E-002
 Iteration  7   Mean: 0.1734E+10 Abs mean: 0.1734E+10   Fluctuation:  0.431E+07   0.341E+11    73.2%
  7    0.1734E+10 0.1734E+10 +- 0.4309E+07      0.89
 Relative summed weights:
  0.1000E+01  0.0000E+00
 Relative number of events:
  0.1000E+01  0.0000E+00
 Events:
      128000           0
 Found        17552  events.
 Wrote        17547  events.
 Actual xsec    1733709493.3909960     
 Correct abs xsec    1733709493.3909960     
 Event xsec    1733709493.3906238     
 Events wgts > 1:           40
 % Cross section > 1:    1460360.6516196665       8.42332961310393591E-002
 Checking number of events   9956.0001367471341            17547  chi2:   6.78137486061245881E-002

 -------------------------------------------------------------------------------
 Accumulated results:   Integral =  0.1732E+10
                        Std dev  =  0.3125E+07
                       Cross sec =  0.8095E+00
             Chi**2 per DoF.     =
-------------------------------------------------
---------------------------
 Results Last   3 iters: Integral =   0.1734E+10
                     Abs integral =   0.1734E+10
                          Std dev =   0.3264E+07
                  Chi**2 per DoF. =      0.0678
-------------------------------------------------
---------------------------
 Status -5.74259999999999987E-006           8           9
 We found enough events       17547   9956.0001367471341     

ls status:
events.lhe
ftn25
ftn26
input_sg.txt
moffset.dat
results.dat
run_01_ftn26.gz
run_01_log.txt
run_01_results.dat
run_02_ftn26.gz
run_02_log.txt
run_02_results.dat
run1_app.log
