 Process in group number            1
 No PDF is used, alpha_s(MZ) from param_card is used
 Value of alpha_s from param_card:   0.11800000071525575     
 The default order of alpha_s running is fixed to            2
 Warning: pt or E min of a gamma should in general be >0
 Warning: pt or E min of a gamma should in general be >0
 *****************************************************
 *               MadGraph/MadEvent                   *
 *        --------------------------------           *
 *          http://madgraph.hep.uiuc.edu             *
 *          http://madgraph.phys.ucl.ac.be           *
 *          http://madgraph.roma2.infn.it            *
 *        --------------------------------           *
 *                                                   *
 *          PARAMETER AND COUPLING VALUES            *
 *                                                   *
 *****************************************************

  External Params
  ---------------------------------
  
 mdl_MB =    4.6999998092651367     
 mdl_MT =    173.00000000000000     
 mdl_Me =   5.10999991092830896E-004
 mdl_MM =   0.10565999895334244     
 mdl_MTA =    1.7769999504089355     
 mdl_MZ =    91.188003540039063     
 mdl_MH =    125.00000000000000     
 aEWM1 =    132.50700378417969     
 mdl_Gf =   1.16639000000000003E-005
 aS =   0.11800000071525575     
 mdl_ymb =    4.6999998092651367     
 mdl_ymt =    173.00000000000000     
 mdl_yme =   5.10999991092830896E-004
 mdl_ymm =   0.10565999895334244     
 mdl_ymtau =    1.7769999504089355     
 mdl_WT =    1.4915000200271606     
 mdl_WTau =   2.26999999999999982E-012
 mdl_WZ =    2.4414041042327881     
 mdl_WW =    2.0476000308990479     
 mdl_WH =   6.38233916833996773E-003
  Internal Params
  ---------------------------------
  
 mdl_conjg__CKM3x3 =    1.0000000000000000     
 mdl_CKM3x3 =    1.0000000000000000     
 mdl_conjg__CKM1x1 =    1.0000000000000000     
 mdl_complexi =  (  0.0000000000000000     ,  1.0000000000000000     )
 mdl_MZ__exp__2 =    8315.2519896181766     
 mdl_MZ__exp__4 =    69143415.650849044     
 mdl_sqrt__2 =    1.4142135623730951     
 mdl_MH__exp__2 =    15625.000000000000     
 mdl_aEW =   7.54677089845565054E-003
 mdl_MW =    80.419007276179556     
 mdl_sqrt__aEW =   8.68721526063194194E-002
 mdl_ee =   0.30795376284704501     
 mdl_MW__exp__2 =    6467.2167312862202     
 mdl_sw2 =   0.22224645274001076     
 mdl_cw =   0.88190336616887299     
 mdl_sqrt__sw2 =   0.47143022043565552     
 mdl_sw =   0.47143022043565552     
 mdl_g1 =   0.34919218438279087     
 mdl_gw =   0.65323296958447097     
 mdl_vev =    246.21845810181631     
 mdl_vev__exp__2 =    60623.529110035874     
 mdl_lam =   0.12886910601690271     
 mdl_yb =   2.69955531549349904E-002
 mdl_ye =   2.93504850670934038E-006
 mdl_ym =   6.06883028478528356E-004
 mdl_yt =   0.99366614581500645     
 mdl_ytau =   1.02066167158167895E-002
 mdl_muH =    88.388347648318444     
 mdl_I1x33 =  ( 2.69955531549349904E-002,  0.0000000000000000     )
 mdl_I2x33 =  ( 0.99366614581500645     ,  0.0000000000000000     )
 mdl_I3x33 =  ( 0.99366614581500645     ,  0.0000000000000000     )
 mdl_I4x33 =  ( 2.69955531549349904E-002,  0.0000000000000000     )
 mdl_ee__exp__2 =   9.48355200516540348E-002
 mdl_sw__exp__2 =   0.22224645274001076     
 mdl_cw__exp__2 =   0.77775354725998924     
  Internal Params evaluated point by point
  ----------------------------------------
  
 mdl_sqrt__aS =   0.34351128178744839     
 mdl_G__exp__2 =    1.4828317414825511     
  Couplings of sm-lepton_masses
  ---------------------------------
  
         GC_3 =  -0.00000E+00  -0.30795E+00

 Collider parameters:
 --------------------

 Running at e e   machine @   7.00000000000000067E-002  GeV
 PDF set = none   
 alpha_s(Mz)= 0.1180 running at 2 loops.
 alpha_s(Mz)= 0.1180 running at 2 loops.
 Renormalization scale fixed @    91.188000000000002     
 Factorization scales  fixed @    91.188000000000002        91.188000000000002     


 getting user params
Enter number of events and max and min iterations: 
 Number of events and iterations         2000           9           3
Enter desired fractional accuracy: 
 Desired fractional accuracy:  -1.69639999999999989E-005
Enter 0 for fixed, 2 for adjustable grid: 
Suppress amplitude (0 no, 1 yes)? 
 Using suppressed amplitude.
Exact helicity sum (0 yes, n = number/event)? 
 Explicitly summing over helicities
Enter Configuration Number: 
Running Configuration Number:    1
 Not subdividing B.W.
 Attempting mappinvarients           1           4
 Completed mapping           4
 about to integrate            2        2000           9           3           2           1
 Using non-zero grid deformation.
  2 dimensions   2000 events  2 invarients  9 iterations  1 config(s),  (0.99)
 Using h-tuple random number sequence.
 Error opening grid
 Using Uniform Grid!
 Using uniform alpha   1.0000000000000000     
 Grid defined OK
 Set CM energy to          0.07
 Mapping Graph           1  to config           1
 Warning: No cutoff for shat integral found
          Minimum set to    204.08163265306121     
Setting grid   1    0.20408E+03   1
 Masses: 0.511E-03 0.511E-03 0.000E+00 0.000E+00
   1   1   2
 Got moffset          15
Using random seed offsets     1 :      1
  with seed                  267
 Ranmar initialization seeds       26466       26925
  Particle       3       4
      Et >     0.0     0.0
       E >     0.0     0.0
     Eta <    -1.0    -1.0
   xqcut:      0.0     0.0
d R # 3  >    -0.0     0.0
s min # 3>     0.0     0.0
xqcutij # 3>     0.0     0.0
 alpha_s for scale    91.188000000000002       is   0.11800000071525575     
 Added good helicity            1  3.55639515893159310E-003  in event            1
 Added good helicity            2  5.63808744391391036E-004  in event            1
 Added good helicity            3  5.63808744391390711E-004  in event            1
 Added good helicity            6   6.9951953889984129       in event            1
 Added good helicity            7   1.0001205983437713       in event            1
 Added good helicity           10   1.0001205983437713       in event            1
 Added good helicity           11   6.9951953889984129       in event            1
 Added good helicity           14  5.63808744391390711E-004  in event            1
 Added good helicity           15  5.63808744391391036E-004  in event            1
 Added good helicity           16  3.55639515893159310E-003  in event            1
 Iteration  1   Mean: 0.5145E+09 Abs mean: 0.5145E+09   Fluctuation:  0.196E+09   0.352E+12   100.0%
  1    0.5145E+09 0.5145E+09 +- 0.1957E+09     17.01
 Writing out events   28584.158840584128        17.007086969435402     
 Relative summed weights:
  0.1931E+00  0.0000E+00
  0.8069E+00  0.0000E+00
 Relative number of events:
  0.4915E+00  0.0000E+00
  0.5085E+00  0.0000E+00
 Events:
         983           0
        1017           0
Warning xbin not returning correct x   1  0.993188E+00  0.999895E+00  0.1570E-01
Warning xbin not returning correct x   1  0.984767E+00  0.999765E+00  0.1570E-01
Warning xbin not returning correct x   1  0.993607E+00  0.999901E+00  0.1570E-01
 Iteration  2   Mean: 0.9423E+08 Abs mean: 0.9423E+08   Fluctuation:  0.441E+07   0.350E+10   100.0%
  2    0.9423E+08 0.9423E+08 +- 0.4409E+07      2.96
 Relative summed weights:
  0.5174E+00  0.0000E+00
  0.4826E+00  0.0000E+00
 Relative number of events:
  0.5068E+00  0.0000E+00
  0.4933E+00  0.0000E+00
 Events:
        2027           0
        1973           0
 Iteration  3   Mean: 0.2296E+09 Abs mean: 0.2296E+09   Fluctuation:  0.399E+08   0.179E+12   100.0%
  3    0.2296E+09 0.2296E+09 +- 0.3992E+08     15.55
 Relative summed weights:
  0.3827E+00  0.0000E+00
  0.6173E+00  0.0000E+00
 Relative number of events:
  0.4993E+00  0.0000E+00
  0.5008E+00  0.0000E+00
 Events:
        3994           0
        4006           0
 Found          775  events.
 Wrote            9  events.
 Actual xsec    109098198.38687004     
 Correct abs xsec    109098198.38687004     
 Event xsec    109098198.38687003     
 Events wgts > 1:            0
 % Cross section > 1:    0.0000000000000000        0.0000000000000000     
 Checking number of events   1850.7418374348633                9  chi2:    12.391812866282855     
 Found          775  events.
 Wrote            8  events.
 Actual xsec    109098198.38687004     
 Correct abs xsec    109098198.38687004     
 Event xsec    109098198.38687003     
 Events wgts > 1:            0
 % Cross section > 1:    0.0000000000000000        0.0000000000000000     
 Iteration  4   Mean: 0.2629E+09 Abs mean: 0.2629E+09   Fluctuation:  0.217E+08   0.245E+12   100.0%
  4    0.2629E+09 0.2629E+09 +- 0.2170E+08     10.44
 Relative summed weights:
  0.5009E+00  0.0000E+00
  0.4991E+00  0.0000E+00
 Relative number of events:
  0.5073E+00  0.0000E+00
  0.4927E+00  0.0000E+00
 Events:
        8117           0
        7883           0
 Found         1104  events.
 Wrote           17  events.
 Actual xsec    140170620.98901829     
 Correct abs xsec    140170620.98901829     
 Event xsec    140170620.98901820     
 Events wgts > 1:            0
 % Cross section > 1:    0.0000000000000000        0.0000000000000000     
 Checking number of events   2377.8544144577063               17  chi2:    72.801782968006123     
 Found         1104  events.
 Wrote           22  events.
 Actual xsec    140170620.98901829     
 Correct abs xsec    140170620.98901829     
 Event xsec    140170620.98901817     
 Events wgts > 1:            0
 % Cross section > 1:    0.0000000000000000        0.0000000000000000     
 Iteration  5   Mean: 0.2764E+09 Abs mean: 0.2764E+09   Fluctuation:  0.336E+07   0.782E+10   100.0%
  5    0.2764E+09 0.2764E+09 +- 0.3362E+07      2.18
 Relative summed weights:
  0.5006E+00  0.0000E+00
  0.4994E+00  0.0000E+00
 Relative number of events:
  0.5024E+00  0.0000E+00
  0.4976E+00  0.0000E+00
 Events:
       16076           0
       15924           0
 Found         3061  events.
 Wrote         1739  events.
 Actual xsec    275921695.57320559     
 Correct abs xsec    275921695.57320559     
 Event xsec    275921695.57319921     
 Events wgts > 1:          107
 % Cross section > 1:    2641170.8049831744       0.95721751763536078     
 Checking number of events   4680.7356437038598             1739  chi2:   0.86367294116020799     
 Found         3061  events.
 Wrote         1775  events.
 Actual xsec    275921695.57320559     
 Correct abs xsec    275921695.57320559     
 Event xsec    275921695.57321298     
 Events wgts > 1:          107
 % Cross section > 1:    2588105.8516951492       0.93798562897292070     
 Iteration  6   Mean: 0.2814E+09 Abs mean: 0.2814E+09   Fluctuation:  0.118E+07   0.245E+10   100.0%
  6    0.2814E+09 0.2814E+09 +- 0.1184E+07      1.06
 Relative summed weights:
  0.5082E+00  0.0000E+00
  0.4918E+00  0.0000E+00
 Relative number of events:
  0.5054E+00  0.0000E+00
  0.4946E+00  0.0000E+00
 Events:
       32343           0
       31657           0
 Found         6483  events.
 Wrote         6478  events.
 Actual xsec    280830433.44245577     
 Correct abs xsec    280830433.44245577     
 Event xsec    280830433.44247943     
 Events wgts > 1:            0
 % Cross section > 1:    0.0000000000000000        0.0000000000000000     
 Checking number of events   4764.0074729178195             6478  chi2:    1.3141441346027347     

 -------------------------------------------------------------------------------
 Accumulated results:   Integral =  0.2795E+09
                        Std dev  =  0.1105E+07
                       Cross sec =  0.4212E+02
             Chi**2 per DoF.     =
-------------------------------------------------
---------------------------
 Results Last   3 iters: Integral =   0.2808E+09
                     Abs integral =   0.2808E+09
                          Std dev =   0.1115E+07
                  Chi**2 per DoF. =      1.3141
-------------------------------------------------
---------------------------
 Status -1.69639999999999989E-005           7           9
 We found enough events        6478   4764.0074729178195     

ls status:
events.lhe
ftn25
ftn26
input_sg.txt
moffset.dat
results.dat
run_01_ftn26.gz
run_01_log.txt
run_01_results.dat
run_12_ftn26.gz
run_12_log.txt
run_12_results.dat
run_13_ftn26.gz
run_13_log.txt
run_13_results.dat
run_14_ftn26.gz
run_14_log.txt
run_14_results.dat
run_15_ftn26.gz
run_15_log.txt
run_15_results.dat
run1_app.log
run_20_ftn26.gz
run_20_log.txt
run_20_results.dat
run_21_ftn26.gz
run_21_log.txt
run_21_results.dat
run_25_ftn26.gz
run_25_log.txt
run_25_results.dat
