 Process in group number            0
 No PDF is used, alpha_s(MZ) from param_card is used
 Value of alpha_s from param_card:   0.11800000071525575     
 The default order of alpha_s running is fixed to            2
 *****************************************************
 *               MadGraph/MadEvent                   *
 *        --------------------------------           *
 *          http://madgraph.hep.uiuc.edu             *
 *          http://madgraph.phys.ucl.ac.be           *
 *          http://madgraph.roma2.infn.it            *
 *        --------------------------------           *
 *                                                   *
 *          PARAMETER AND COUPLING VALUES            *
 *                                                   *
 *****************************************************

  External Params
  ---------------------------------
  
 aEWM1 =    132.50700378417969     
 mdl_Gf =   1.16639000000000003E-005
 aS =   0.11800000071525575     
 mdl_ymb =    4.6999998092651367     
 mdl_ymt =    173.00000000000000     
 mdl_yme =   5.10999991092830896E-004
 mdl_ymm =   0.10565999895334244     
 mdl_ymtau =    1.7769999504089355     
 mdl_MZ =    91.188003540039063     
 mdl_MT =    173.00000000000000     
 mdl_MB =    4.6999998092651367     
 mdl_MH =    125.00000000000000     
 mdl_Me =   5.10999991092830896E-004
 mdl_MM =   0.10565999895334244     
 mdl_MTA =    1.7769999504089355     
 mdl_WZ =    2.4414041042327881     
 mdl_WW =    2.0476000308990479     
 mdl_WT =    1.4915000200271606     
 mdl_WH =   6.38233916833996773E-003
 mdl_WTau =   2.26999999999999982E-012
  Internal Params
  ---------------------------------
  
 mdl_conjg__CKM3x3 =    1.0000000000000000     
 mdl_CKM3x3 =    1.0000000000000000     
 mdl_conjg__CKM1x1 =    1.0000000000000000     
 mdl_complexi =  (  0.0000000000000000     ,  1.0000000000000000     )
 mdl_MZ__exp__2 =    8315.2519896181766     
 mdl_MZ__exp__4 =    69143415.650849044     
 mdl_sqrt__2 =    1.4142135623730951     
 mdl_MH__exp__2 =    15625.000000000000     
 mdl_aEW =   7.54677089845565054E-003
 mdl_MW =    80.419007276179556     
 mdl_sqrt__aEW =   8.68721526063194194E-002
 mdl_ee =   0.30795376284704501     
 mdl_MW__exp__2 =    6467.2167312862202     
 mdl_sw2 =   0.22224645274001076     
 mdl_cw =   0.88190336616887299     
 mdl_sqrt__sw2 =   0.47143022043565552     
 mdl_sw =   0.47143022043565552     
 mdl_g1 =   0.34919218438279087     
 mdl_gw =   0.65323296958447097     
 mdl_vev =    246.21845810181631     
 mdl_vev__exp__2 =    60623.529110035874     
 mdl_lam =   0.12886910601690271     
 mdl_yb =   2.69955531549349904E-002
 mdl_ye =   2.93504850670934038E-006
 mdl_ym =   6.06883028478528356E-004
 mdl_yt =   0.99366614581500645     
 mdl_ytau =   1.02066167158167895E-002
 mdl_muH =    88.388347648318444     
 mdl_I1x33 =  ( 2.69955531549349904E-002,  0.0000000000000000     )
 mdl_I2x33 =  ( 0.99366614581500645     ,  0.0000000000000000     )
 mdl_I3x33 =  ( 0.99366614581500645     ,  0.0000000000000000     )
 mdl_I4x33 =  ( 2.69955531549349904E-002,  0.0000000000000000     )
 mdl_ee__exp__2 =   9.48355200516540348E-002
 mdl_sw__exp__2 =   0.22224645274001076     
 mdl_cw__exp__2 =   0.77775354725998924     
  Internal Params evaluated point by point
  ----------------------------------------
  
 mdl_sqrt__aS =   0.34351128178744839     
 mdl_G__exp__2 =    1.4828317414825511     
  Couplings of sm-lepton_masses
  ---------------------------------
  
         GC_3 =  -0.00000E+00  -0.30795E+00
        GC_50 =  -0.00000E+00  -0.28804E+00
        GC_59 =   0.00000E+00   0.82310E-01
        GC_89 =  -0.00000E+00  -0.20754E-05

 Collider parameters:
 --------------------

 Running at e e   machine @   7.14879999999999960E-002  GeV
 PDF set = none   
 alpha_s(Mz)= 0.1180 running at 2 loops.
 alpha_s(Mz)= 0.1180 running at 2 loops.
 Renormalization scale fixed @    91.188000000000002     
 Factorization scales  fixed @    91.188000000000002        91.188000000000002     


 getting user params
Enter number of events and max and min iterations: 
 Number of events and iterations         2000           9           3
Enter desired fractional accuracy: 
 Desired fractional accuracy:  -3.75270000000000036E-012
Enter 0 for fixed, 2 for adjustable grid: 
Suppress amplitude (0 no, 1 yes)? 
 Using suppressed amplitude.
Exact helicity sum (0 yes, n = number/event)? 
 Explicitly summing over helicities
Enter Configuration Number: 
Running Configuration Number:   22
 Not subdividing B.W.
 Attempting mappinvarients           1           5
 Completed mapping           5
 about to integrate            5        2000           9           3           5           1
 Using non-zero grid deformation.
  5 dimensions   2000 events  5 invarients  9 iterations  1 config(s),  (0.99)
 Using h-tuple random number sequence.
 Error opening grid
 Using Uniform Grid!
 Using uniform alpha   1.0000000000000000     
 Grid defined OK
 Set CM energy to          0.07
 Mapping Graph          22  to config          22
Setting grid   1    0.51095E-04   1
Setting grid   2    0.51095E-04   1
 Masses: 0.511E-03 0.511E-03 0.000E+00 0.511E-03 0.511E-03
  22   1   2   3   4   5
 Got moffset          18
Using random seed offsets    22 :      1
  with seed                   63
 Ranmar initialization seeds       18459        6103
  Particle       3       4       5
      Et >     0.0     0.0     0.0
       E >     0.0     0.0     0.0
     Eta <    -1.0    -1.0    -1.0
   xqcut:      0.0     0.0     0.0
d R # 3  >    -0.0     0.0     0.0
d R # 4  >    -0.0    -0.0     0.0
s min # 3>     0.0     0.0     0.0
s min # 4>     0.0     0.0     0.0
xqcutij # 3>     0.0     0.0     0.0
xqcutij # 4>     0.0     0.0     0.0
 alpha_s for scale    91.188000000000002       is   0.11800000071525575     
 Added good helicity            1  1.29849486501646526E-002  in event            1
 Added good helicity            2   14.365219308783594       in event            1
 Added good helicity            3  2.26548206675394321E-005  in event            1
 Added good helicity            4  1.60547027854312510E-003  in event            1
 Added good helicity            5  8.64760579161919738E-005  in event            1
 Added good helicity            6  1.01976789164495297E-006  in event            1
 Added good helicity            9  5.98877461233196742E-006  in event            1
 Added good helicity           10  1.42117466605372403E-002  in event            1
 Added good helicity           11  5.16845302472604493E-003  in event            1
 Added good helicity           12  1.94564033974352726E-005  in event            1
 Added good helicity           13   1.6005109527646038       in event            1
 Added good helicity           14  4.68444556492357637E-005  in event            1
 Added good helicity           15  1.16676767359982799E-004  in event            1
 Added good helicity           18  1.16676767360138708E-004  in event            1
 Added good helicity           19  4.68444552771808852E-005  in event            1
 Added good helicity           20   1.6005109527667423       in event            1
 Added good helicity           21  1.94564035082961712E-005  in event            1
 Added good helicity           22  5.16845302473214249E-003  in event            1
 Added good helicity           23  1.42117466781550780E-002  in event            1
 Added good helicity           24  5.98877461233901982E-006  in event            1
 Added good helicity           27  1.01976789144540831E-006  in event            1
 Added good helicity           28  8.64760579161919738E-005  in event            1
 Added good helicity           29  1.60547027854174166E-003  in event            1
 Added good helicity           30  2.26548207810275254E-005  in event            1
 Added good helicity           31   14.365219308766923       in event            1
 Added good helicity           32  1.29849486504980318E-002  in event            1
 Added good helicity            7  2.83018843535096618E-005  in event            2
 Added good helicity           16  4.09562892212528623E-005  in event            2
