 Process in group number            0
 No PDF is used, alpha_s(MZ) from param_card is used
 Value of alpha_s from param_card:   0.11800000071525575     
 The default order of alpha_s running is fixed to            2
<<<<<<< HEAD
=======
 Warning: pt or E min of a gamma should in general be >0
>>>>>>> 911b5ec345c81b054214c521136984e9d6306827
 *****************************************************
 *               MadGraph/MadEvent                   *
 *        --------------------------------           *
 *          http://madgraph.hep.uiuc.edu             *
 *          http://madgraph.phys.ucl.ac.be           *
 *          http://madgraph.roma2.infn.it            *
 *        --------------------------------           *
 *                                                   *
 *          PARAMETER AND COUPLING VALUES            *
 *                                                   *
 *****************************************************

  External Params
  ---------------------------------
  
 aEWM1 =    132.50700378417969     
 mdl_Gf =   1.16639000000000003E-005
 aS =   0.11800000071525575     
 mdl_ymb =    4.6999998092651367     
 mdl_ymt =    173.00000000000000     
 mdl_yme =   5.10999991092830896E-004
 mdl_ymm =   0.10565999895334244     
 mdl_ymtau =    1.7769999504089355     
 mdl_MZ =    91.188003540039063     
 mdl_MT =    173.00000000000000     
 mdl_MB =    4.6999998092651367     
 mdl_MH =    125.00000000000000     
 mdl_Me =   5.10999991092830896E-004
 mdl_MM =   0.10565999895334244     
 mdl_MTA =    1.7769999504089355     
 mdl_WZ =    2.4414041042327881     
 mdl_WW =    2.0476000308990479     
 mdl_WT =    1.4915000200271606     
 mdl_WH =   6.38233916833996773E-003
 mdl_WTau =   2.26999999999999982E-012
  Internal Params
  ---------------------------------
  
 mdl_conjg__CKM3x3 =    1.0000000000000000     
 mdl_CKM3x3 =    1.0000000000000000     
 mdl_conjg__CKM1x1 =    1.0000000000000000     
 mdl_complexi =  (  0.0000000000000000     ,  1.0000000000000000     )
 mdl_MZ__exp__2 =    8315.2519896181766     
 mdl_MZ__exp__4 =    69143415.650849044     
 mdl_sqrt__2 =    1.4142135623730951     
 mdl_MH__exp__2 =    15625.000000000000     
 mdl_aEW =   7.54677089845565054E-003
 mdl_MW =    80.419007276179556     
 mdl_sqrt__aEW =   8.68721526063194194E-002
 mdl_ee =   0.30795376284704501     
 mdl_MW__exp__2 =    6467.2167312862202     
 mdl_sw2 =   0.22224645274001076     
 mdl_cw =   0.88190336616887299     
 mdl_sqrt__sw2 =   0.47143022043565552     
 mdl_sw =   0.47143022043565552     
 mdl_g1 =   0.34919218438279087     
 mdl_gw =   0.65323296958447097     
 mdl_vev =    246.21845810181631     
 mdl_vev__exp__2 =    60623.529110035874     
 mdl_lam =   0.12886910601690271     
 mdl_yb =   2.69955531549349904E-002
 mdl_ye =   2.93504850670934038E-006
 mdl_ym =   6.06883028478528356E-004
 mdl_yt =   0.99366614581500645     
 mdl_ytau =   1.02066167158167895E-002
 mdl_muH =    88.388347648318444     
 mdl_I1x33 =  ( 2.69955531549349904E-002,  0.0000000000000000     )
 mdl_I2x33 =  ( 0.99366614581500645     ,  0.0000000000000000     )
 mdl_I3x33 =  ( 0.99366614581500645     ,  0.0000000000000000     )
 mdl_I4x33 =  ( 2.69955531549349904E-002,  0.0000000000000000     )
 mdl_ee__exp__2 =   9.48355200516540348E-002
 mdl_sw__exp__2 =   0.22224645274001076     
 mdl_cw__exp__2 =   0.77775354725998924     
  Internal Params evaluated point by point
  ----------------------------------------
  
 mdl_sqrt__aS =   0.34351128178744839     
 mdl_G__exp__2 =    1.4828317414825511     
  Couplings of sm-lepton_masses
  ---------------------------------
  
         GC_3 =  -0.00000E+00  -0.30795E+00
        GC_50 =  -0.00000E+00  -0.28804E+00
        GC_59 =   0.00000E+00   0.82310E-01
        GC_89 =  -0.00000E+00  -0.20754E-05

 Collider parameters:
 --------------------

<<<<<<< HEAD
 Running at e e   machine @   7.14879999999999960E-002  GeV
=======
 Running at e e   machine @   7.00000000000000067E-002  GeV
>>>>>>> 911b5ec345c81b054214c521136984e9d6306827
 PDF set = none   
 alpha_s(Mz)= 0.1180 running at 2 loops.
 alpha_s(Mz)= 0.1180 running at 2 loops.
 Renormalization scale fixed @    91.188000000000002     
 Factorization scales  fixed @    91.188000000000002        91.188000000000002     


 getting user params
Enter number of events and max and min iterations: 
 Number of events and iterations         2000           9           3
Enter desired fractional accuracy: 
<<<<<<< HEAD
 Desired fractional accuracy:  -5.74259999999999987E-006
=======
 Desired fractional accuracy:  -6.26620000000000013E-037
>>>>>>> 911b5ec345c81b054214c521136984e9d6306827
Enter 0 for fixed, 2 for adjustable grid: 
Suppress amplitude (0 no, 1 yes)? 
 Using suppressed amplitude.
Exact helicity sum (0 yes, n = number/event)? 
 Explicitly summing over helicities
Enter Configuration Number: 
Running Configuration Number:   22
 Not subdividing B.W.
 Attempting mappinvarients           1           5
 Completed mapping           5
 about to integrate            5        2000           9           3           5           1
<<<<<<< HEAD
 Using non-zero grid deformation.
  5 dimensions   2000 events  5 invarients  9 iterations  1 config(s),  (0.99)
 Using h-tuple random number sequence.
 Error opening grid
 Using Uniform Grid!
 Using uniform alpha   1.0000000000000000     
 Grid defined OK
 Set CM energy to          0.07
 Mapping Graph          22  to config          22
Setting grid   1    0.51095E-04   1
Setting grid   2    0.51095E-04   1
=======
 Keeping grid fixed.
  5 dimensions   2000 events  5 invarients  9 iterations  1 config(s),  (0.99)
 Using h-tuple random number sequence.
 Grid read from file
 Grid defined OK
 Set CM energy to          0.07
 Mapping Graph          22  to config          22
 No modification is setgrid, grid read from file
 No modification is setgrid, grid read from file
>>>>>>> 911b5ec345c81b054214c521136984e9d6306827
 Masses: 0.511E-03 0.511E-03 0.000E+00 0.511E-03 0.511E-03
  22   1   2   3   4   5
 Got moffset           4
Using random seed offsets    22 :      1
<<<<<<< HEAD
  with seed                   87
 Ranmar initialization seeds       17634       22092
=======
  with seed                   30
 Ranmar initialization seeds        8313       22033
>>>>>>> 911b5ec345c81b054214c521136984e9d6306827
  Particle       3       4       5
      Et >     0.0     0.0     0.0
       E >     0.0     0.0     0.0
     Eta <    -1.0    -1.0    -1.0
   xqcut:      0.0     0.0     0.0
d R # 3  >    -0.0     0.0     0.0
<<<<<<< HEAD
d R # 4  >    -0.0    -0.0     0.0
=======
d R # 4  >    -0.0    -0.0     0.4
>>>>>>> 911b5ec345c81b054214c521136984e9d6306827
s min # 3>     0.0     0.0     0.0
s min # 4>     0.0     0.0     0.0
xqcutij # 3>     0.0     0.0     0.0
xqcutij # 4>     0.0     0.0     0.0
 alpha_s for scale    91.188000000000002       is   0.11800000071525575     
<<<<<<< HEAD
 Added good helicity            1   7.7399274809658509       in event            1
 Added good helicity            2  1.17154836664855083E-003  in event            1
 Added good helicity            3  2.15746204843072149E-005  in event            1
 Added good helicity            5   3.2021757517083675       in event            1
 Added good helicity            6  3.37579178248498699E-005  in event            1
 Added good helicity            7  6.70482797374669204E-006  in event            1
 Added good helicity            9  2.78940293390941230E-005  in event            1
 Added good helicity           10   1.4002043665322115       in event            1
 Added good helicity           11  6.09057596347200095E-003  in event            1
 Added good helicity           12  2.68485690168121286E-006  in event            1
 Added good helicity           13  3.67546170027430240E-004  in event            1
 Added good helicity           14   3.6455720778191414       in event            1
 Added good helicity           15  4.37738872391389960E-003  in event            1
 Added good helicity           16  2.04521469501708767E-005  in event            1
 Added good helicity           17  2.04521489524375458E-005  in event            1
 Added good helicity           18  4.37738872027394234E-003  in event            1
 Added good helicity           19   3.6455723501020936       in event            1
 Added good helicity           20  3.67546204160326619E-004  in event            1
 Added good helicity           21  2.68485738593222774E-006  in event            1
 Added good helicity           22  6.09057596925775737E-003  in event            1
 Added good helicity           23   1.4002044708887851       in event            1
 Added good helicity           24  2.78940319281206538E-005  in event            1
 Added good helicity           26  6.70482716512178716E-006  in event            1
 Added good helicity           27  3.37579203942842406E-005  in event            1
 Added good helicity           28   3.2021757517339173       in event            1
 Added good helicity           30  2.15746183338359736E-005  in event            1
 Added good helicity           31  1.17154834247937224E-003  in event            1
 Added good helicity           32   7.7399274809259957       in event            1
 Added good helicity            4  3.87511693707271131E-006  in event           16
 Added good helicity           29  3.87511708284674950E-006  in event           16
 Iteration  1   Mean: 0.2655E+10 Abs mean: 0.2655E+10   Fluctuation:  0.176E+09   0.114E+12    82.3%
  1    0.2655E+10 0.2655E+10 +- 0.1763E+09      2.97
 Writing out events   179276.27830592138        2.9705188327053609     
=======
 Added good helicity            1   4.0837010737533275       in event            1
 Added good helicity            3  9.79517133201159175E-005  in event            1
 Added good helicity            5   3.9162009739386097       in event            1
 Added good helicity           10   4.0837010743173767       in event            1
 Added good helicity           12  9.79517133416554639E-005  in event            1
 Added good helicity           14   3.9162009744535200       in event            1
 Added good helicity           19   3.9162009744535191       in event            1
 Added good helicity           21  9.79517133416548541E-005  in event            1
 Added good helicity           23   4.0837010743173767       in event            1
 Added good helicity           28   3.9162009739386097       in event            1
 Added good helicity           30  9.79517133201153348E-005  in event            1
 Added good helicity           32   4.0837010737533275       in event            1
 Iteration  1   Mean: 0.9602E+33 Abs mean: 0.9602E+33   Fluctuation:  0.468E+33   0.737E+36    99.3%
  1    0.9602E+33 0.9602E+33 +- 0.4685E+33     21.82
 Writing out events  5.37432284817238766E+028   21.818613901115235     
>>>>>>> 911b5ec345c81b054214c521136984e9d6306827
 Relative summed weights:
  0.1000E+01  0.0000E+00
 Relative number of events:
  0.1000E+01  0.0000E+00
 Events:
        2000           0
<<<<<<< HEAD
 Iteration  2   Mean: 0.2516E+10 Abs mean: 0.2516E+10   Fluctuation:  0.676E+08   0.427E+11    85.3%
  2    0.2516E+10 0.2516E+10 +- 0.6762E+08      1.70
=======
 Iteration  2   Mean: 0.1296E+36 Abs mean: 0.1296E+36   Fluctuation:  0.128E+36   0.512E+39    99.6%
  2    0.1296E+36 0.1296E+36 +- 0.1280E+36     62.50
>>>>>>> 911b5ec345c81b054214c521136984e9d6306827
 Relative summed weights:
  0.1000E+01  0.0000E+00
 Relative number of events:
  0.1000E+01  0.0000E+00
 Events:
        4000           0
<<<<<<< HEAD
 Iteration  3   Mean: 0.2425E+10 Abs mean: 0.2425E+10   Fluctuation:  0.356E+08   0.270E+11    80.0%
  3    0.2425E+10 0.2425E+10 +- 0.3565E+08      1.32
=======
 Iteration  3   Mean: 0.1614E+35 Abs mean: 0.1614E+35   Fluctuation:  0.156E+35   0.125E+39    99.5%
  3    0.1614E+35 0.1614E+35 +- 0.1560E+35     86.43
>>>>>>> 911b5ec345c81b054214c521136984e9d6306827
 Relative summed weights:
  0.1000E+01  0.0000E+00
 Relative number of events:
  0.1000E+01  0.0000E+00
 Events:
        8000           0
<<<<<<< HEAD
 Found          996  events.
 Wrote          991  events.
 Actual xsec    2453206650.1295185     
 Correct abs xsec    2453206650.1295185     
 Event xsec    2453206650.1295090     
 Events wgts > 1:            5
 % Cross section > 1:    1878892.0179960728       7.65892273240365989E-002
 Checking number of events   14087.784509033772              991  chi2:    1.4072683904682988     
 Found          996  events.
 Wrote          991  events.
 Actual xsec    2453206650.1295185     
 Correct abs xsec    2453206650.1295185     
 Event xsec    2453206650.1295090     
 Events wgts > 1:            5
 % Cross section > 1:    1878892.0179960728       7.65892273240365989E-002
 Iteration  4   Mean: 0.2415E+10 Abs mean: 0.2415E+10   Fluctuation:  0.223E+08   0.268E+11    77.1%
  4    0.2415E+10 0.2415E+10 +- 0.2232E+08      1.17
=======
 Found            8  events.
 Wrote            1  events.
 Actual xsec   2.44625736631234788E+034
 Correct abs xsec   2.44625736631234788E+034
 Event xsec   2.44625736631234788E+034
 Events wgts > 1:            0
 % Cross section > 1:    0.0000000000000000        0.0000000000000000     
 Checking number of events  1.53287379087864353E-002           1  chi2:    1259.0208218745615     
 Found            8  events.
 Wrote            1  events.
 Actual xsec   2.44625736631234788E+034
 Correct abs xsec   2.44625736631234788E+034
 Event xsec   2.44625736631234788E+034
 Events wgts > 1:            0
 % Cross section > 1:    0.0000000000000000        0.0000000000000000     
 Iteration  4   Mean: 0.4888E+35 Abs mean: 0.4888E+35   Fluctuation:  0.461E+35   0.738E+39    99.6%
  4    0.4888E+35 0.4888E+35 +- 0.4613E+35    119.35
>>>>>>> 911b5ec345c81b054214c521136984e9d6306827
 Relative summed weights:
  0.1000E+01  0.0000E+00
 Relative number of events:
  0.1000E+01  0.0000E+00
 Events:
       16000           0
<<<<<<< HEAD
 Found         2040  events.
 Wrote         2035  events.
 Actual xsec    2425534987.1419902     
 Correct abs xsec    2425534987.1419902     
 Event xsec    2425534987.1420422     
 Events wgts > 1:            5
 % Cross section > 1:    1264600.6930228123       5.21369800776555758E-002
 Checking number of events   13928.877217161593             2035  chi2:    1.0006415241074580     
 Found         2040  events.
 Wrote         2035  events.
 Actual xsec    2425534987.1419902     
 Correct abs xsec    2425534987.1419902     
 Event xsec    2425534987.1420422     
 Events wgts > 1:            5
 % Cross section > 1:    1264600.6930228123       5.21369800776555758E-002
 Iteration  5   Mean: 0.2401E+10 Abs mean: 0.2401E+10   Fluctuation:  0.150E+08   0.313E+11    73.9%
  5    0.2401E+10 0.2401E+10 +- 0.1496E+08      1.11
 Relative summed weights:
  0.1000E+01  0.0000E+00
 Relative number of events:
  0.1000E+01  0.0000E+00
 Events:
       32000           0
 Found         4297  events.
 Wrote         4294  events.
 Actual xsec    2407475261.0445008     
 Correct abs xsec    2407475261.0445008     
 Event xsec    2407475261.0445375     
 Events wgts > 1:           16
 % Cross section > 1:    2995139.4874956729       0.12440997986397434     
 Checking number of events   13825.167434074150             4294  chi2:   0.27231784322194619     
 Found         4297  events.
 Wrote         4294  events.
 Actual xsec    2407475261.0445008     
 Correct abs xsec    2407475261.0445008     
 Event xsec    2407475261.0445375     
 Events wgts > 1:           16
 % Cross section > 1:    2995139.4874956729       0.12440997986397434     
 Iteration  6   Mean: 0.2411E+10 Abs mean: 0.2411E+10   Fluctuation:  0.105E+08   0.611E+11    71.0%
  6    0.2411E+10 0.2411E+10 +- 0.1049E+08      1.10
 Relative summed weights:
  0.1000E+01  0.0000E+00
 Relative number of events:
  0.1000E+01  0.0000E+00
 Events:
       64000           0
 Found         9068  events.
 Wrote         9065  events.
 Actual xsec    2408836914.3356256     
 Correct abs xsec    2408836914.3356256     
 Event xsec    2408836914.3357983     
 Events wgts > 1:           49
 % Cross section > 1:    6098461.8988944795       0.25317039367009375     
 Checking number of events   13832.986864263763             9065  chi2:   0.21002234865487512     
 Found         9068  events.
 Wrote         9065  events.
 Actual xsec    2408836914.3356256     
 Correct abs xsec    2408836914.3356256     
 Event xsec    2408836914.3357983     
 Events wgts > 1:           49
 % Cross section > 1:    6098461.8988944795       0.25317039367009375     
 Iteration  7   Mean: 0.2420E+10 Abs mean: 0.2420E+10   Fluctuation:  0.748E+07   0.112E+12    69.1%
  7    0.2420E+10 0.2420E+10 +- 0.7477E+07      1.11
 Relative summed weights:
  0.1000E+01  0.0000E+00
 Relative number of events:
  0.1000E+01  0.0000E+00
 Events:
      128000           0
 Found        18563  events.
 Wrote        18559  events.
 Actual xsec    2414835544.5368176     
 Correct abs xsec    2414835544.5368176     
 Event xsec    2414835544.5365329     
 Events wgts > 1:          137
 % Cross section > 1:    7932108.1712469840       0.32847405237151889     
 Checking number of events   13867.434598057129            18559  chi2:   0.73520396147293465     

 -------------------------------------------------------------------------------
 Accumulated results:   Integral =  0.2416E+10
                        Std dev  =  0.5385E+07
                       Cross sec =  0.1024E+01
             Chi**2 per DoF.     =
-------------------------------------------------
---------------------------
 Results Last   3 iters: Integral =   0.2415E+10
                     Abs integral =   0.2415E+10
                          Std dev =   0.5640E+07
                  Chi**2 per DoF. =      0.7352
-------------------------------------------------
---------------------------
 Status -5.74259999999999987E-006           8           9
 We found enough events       18559   13867.434598057129     
=======
 Found           26  events.
 Wrote            1  events.
 Actual xsec   6.36676640705761903E+034
 Correct abs xsec   6.36676640705761903E+034
 Event xsec   6.36676640705761903E+034
 Events wgts > 1:            0
 % Cross section > 1:    0.0000000000000000        0.0000000000000000     
 Checking number of events  3.98954316599044526E-002           1  chi2:    4.8242441507949376     

 -------------------------------------------------------------------------------
 Accumulated results:   Integral =  0.2816E+35
                        Std dev  =  0.1034E+35
                       Cross sec =  0.6002E+01
             Chi**2 per DoF.     =
-------------------------------------------------
---------------------------
 Results Last   3 iters: Integral =   0.6367E+35
                     Abs integral =   0.6367E+35
                          Std dev =   0.3549E+35
                  Chi**2 per DoF. =      4.8242
-------------------------------------------------
---------------------------
 Status -6.26620000000000013E-037           5           9
 We found enough events           1  3.98954316599044526E-002
>>>>>>> 911b5ec345c81b054214c521136984e9d6306827

ls status:
events.lhe
ftn25
ftn26
input_sg.txt
<<<<<<< HEAD
moffset.dat
results.dat
run_01_ftn26.gz
run_01_log.txt
run_01_results.dat
run_02_ftn26.gz
run_02_log.txt
run_02_results.dat
run_03_ftn26.gz
run_03_log.txt
run_03_results.dat
=======
log.txt
moffset.dat
results.dat
>>>>>>> 911b5ec345c81b054214c521136984e9d6306827
run1_app.log
