 Process in group number            0
 No PDF is used, alpha_s(MZ) from param_card is used
 Value of alpha_s from param_card:   0.11800000071525575     
 The default order of alpha_s running is fixed to            2
<<<<<<< HEAD
=======
 Warning: pt or E min of a gamma should in general be >0
>>>>>>> 911b5ec345c81b054214c521136984e9d6306827
 *****************************************************
 *               MadGraph/MadEvent                   *
 *        --------------------------------           *
 *          http://madgraph.hep.uiuc.edu             *
 *          http://madgraph.phys.ucl.ac.be           *
 *          http://madgraph.roma2.infn.it            *
 *        --------------------------------           *
 *                                                   *
 *          PARAMETER AND COUPLING VALUES            *
 *                                                   *
 *****************************************************

  External Params
  ---------------------------------
  
 aEWM1 =    132.50700378417969     
 mdl_Gf =   1.16639000000000003E-005
 aS =   0.11800000071525575     
 mdl_ymb =    4.6999998092651367     
 mdl_ymt =    173.00000000000000     
 mdl_yme =   5.10999991092830896E-004
 mdl_ymm =   0.10565999895334244     
 mdl_ymtau =    1.7769999504089355     
 mdl_MZ =    91.188003540039063     
 mdl_MT =    173.00000000000000     
 mdl_MB =    4.6999998092651367     
 mdl_MH =    125.00000000000000     
 mdl_Me =   5.10999991092830896E-004
 mdl_MM =   0.10565999895334244     
 mdl_MTA =    1.7769999504089355     
 mdl_WZ =    2.4414041042327881     
 mdl_WW =    2.0476000308990479     
 mdl_WT =    1.4915000200271606     
 mdl_WH =   6.38233916833996773E-003
 mdl_WTau =   2.26999999999999982E-012
  Internal Params
  ---------------------------------
  
 mdl_conjg__CKM3x3 =    1.0000000000000000     
 mdl_CKM3x3 =    1.0000000000000000     
 mdl_conjg__CKM1x1 =    1.0000000000000000     
 mdl_complexi =  (  0.0000000000000000     ,  1.0000000000000000     )
 mdl_MZ__exp__2 =    8315.2519896181766     
 mdl_MZ__exp__4 =    69143415.650849044     
 mdl_sqrt__2 =    1.4142135623730951     
 mdl_MH__exp__2 =    15625.000000000000     
 mdl_aEW =   7.54677089845565054E-003
 mdl_MW =    80.419007276179556     
 mdl_sqrt__aEW =   8.68721526063194194E-002
 mdl_ee =   0.30795376284704501     
 mdl_MW__exp__2 =    6467.2167312862202     
 mdl_sw2 =   0.22224645274001076     
 mdl_cw =   0.88190336616887299     
 mdl_sqrt__sw2 =   0.47143022043565552     
 mdl_sw =   0.47143022043565552     
 mdl_g1 =   0.34919218438279087     
 mdl_gw =   0.65323296958447097     
 mdl_vev =    246.21845810181631     
 mdl_vev__exp__2 =    60623.529110035874     
 mdl_lam =   0.12886910601690271     
 mdl_yb =   2.69955531549349904E-002
 mdl_ye =   2.93504850670934038E-006
 mdl_ym =   6.06883028478528356E-004
 mdl_yt =   0.99366614581500645     
 mdl_ytau =   1.02066167158167895E-002
 mdl_muH =    88.388347648318444     
 mdl_I1x33 =  ( 2.69955531549349904E-002,  0.0000000000000000     )
 mdl_I2x33 =  ( 0.99366614581500645     ,  0.0000000000000000     )
 mdl_I3x33 =  ( 0.99366614581500645     ,  0.0000000000000000     )
 mdl_I4x33 =  ( 2.69955531549349904E-002,  0.0000000000000000     )
 mdl_ee__exp__2 =   9.48355200516540348E-002
 mdl_sw__exp__2 =   0.22224645274001076     
 mdl_cw__exp__2 =   0.77775354725998924     
  Internal Params evaluated point by point
  ----------------------------------------
  
 mdl_sqrt__aS =   0.34351128178744839     
 mdl_G__exp__2 =    1.4828317414825511     
  Couplings of sm-lepton_masses
  ---------------------------------
  
         GC_3 =  -0.00000E+00  -0.30795E+00
        GC_50 =  -0.00000E+00  -0.28804E+00
        GC_59 =   0.00000E+00   0.82310E-01
        GC_89 =  -0.00000E+00  -0.20754E-05

 Collider parameters:
 --------------------

<<<<<<< HEAD
 Running at e e   machine @   7.14879999999999960E-002  GeV
=======
 Running at e e   machine @   7.00000000000000067E-002  GeV
>>>>>>> 911b5ec345c81b054214c521136984e9d6306827
 PDF set = none   
 alpha_s(Mz)= 0.1180 running at 2 loops.
 alpha_s(Mz)= 0.1180 running at 2 loops.
 Renormalization scale fixed @    91.188000000000002     
 Factorization scales  fixed @    91.188000000000002        91.188000000000002     


 getting user params
Enter number of events and max and min iterations: 
 Number of events and iterations         2000           9           3
Enter desired fractional accuracy: 
<<<<<<< HEAD
 Desired fractional accuracy:  -5.74259999999999987E-006
=======
 Desired fractional accuracy:  -6.26620000000000013E-037
>>>>>>> 911b5ec345c81b054214c521136984e9d6306827
Enter 0 for fixed, 2 for adjustable grid: 
Suppress amplitude (0 no, 1 yes)? 
 Using suppressed amplitude.
Exact helicity sum (0 yes, n = number/event)? 
 Explicitly summing over helicities
Enter Configuration Number: 
Running Configuration Number:   22
 Not subdividing B.W.
 Attempting mappinvarients           1           5
 Completed mapping           5
 about to integrate            5        2000           9           3           5           1
<<<<<<< HEAD
 Using non-zero grid deformation.
  5 dimensions   2000 events  5 invarients  9 iterations  1 config(s),  (0.99)
 Using h-tuple random number sequence.
 Error opening grid
 Using Uniform Grid!
 Using uniform alpha   1.0000000000000000     
 Grid defined OK
 Set CM energy to          0.07
 Mapping Graph          22  to config          22
Setting grid   1    0.51095E-04   1
Setting grid   2    0.51095E-04   1
=======
 Keeping grid fixed.
  5 dimensions   2000 events  5 invarients  9 iterations  1 config(s),  (0.99)
 Using h-tuple random number sequence.
 Grid read from file
 Grid defined OK
 Set CM energy to          0.07
 Mapping Graph          22  to config          22
 No modification is setgrid, grid read from file
 No modification is setgrid, grid read from file
>>>>>>> 911b5ec345c81b054214c521136984e9d6306827
 Masses: 0.511E-03 0.511E-03 0.000E+00 0.511E-03 0.511E-03
  22   1   2   3   4   5
 Got moffset          17
Using random seed offsets    22 :      1
<<<<<<< HEAD
  with seed                   87
 Ranmar initialization seeds       17634        2971
=======
  with seed                   30
 Ranmar initialization seeds        8313        2912
>>>>>>> 911b5ec345c81b054214c521136984e9d6306827
  Particle       3       4       5
      Et >     0.0     0.0     0.0
       E >     0.0     0.0     0.0
     Eta <    -1.0    -1.0    -1.0
   xqcut:      0.0     0.0     0.0
d R # 3  >    -0.0     0.0     0.0
<<<<<<< HEAD
d R # 4  >    -0.0    -0.0     0.0
=======
d R # 4  >    -0.0    -0.0     0.4
>>>>>>> 911b5ec345c81b054214c521136984e9d6306827
s min # 3>     0.0     0.0     0.0
s min # 4>     0.0     0.0     0.0
xqcutij # 3>     0.0     0.0     0.0
xqcutij # 4>     0.0     0.0     0.0
 alpha_s for scale    91.188000000000002       is   0.11800000071525575     
<<<<<<< HEAD
 Added good helicity            1   8.7530504408821130       in event            1
 Added good helicity            2  2.84969260074738284E-005  in event            1
 Added good helicity            3  6.41460550791788792E-002  in event            1
 Added good helicity            5  0.14625303132742726       in event            1
 Added good helicity            7  9.64320502176618983E-005  in event            1
 Added good helicity           10   6.8098481378003566       in event            1
 Added good helicity           11  4.71481031969538949E-005  in event            1
 Added good helicity           12  7.63790088226549008E-002  in event            1
 Added good helicity           14  0.15005123200298942       in event            1
 Added good helicity           16  9.96562545396695028E-005  in event            1
 Added good helicity           17  9.96562545769615716E-005  in event            1
 Added good helicity           19  0.15005123205907217       in event            1
 Added good helicity           21  7.63790087611144475E-002  in event            1
 Added good helicity           22  4.71481031950848726E-005  in event            1
 Added good helicity           23   6.8098481403894020       in event            1
 Added good helicity           26  9.64320502153833526E-005  in event            1
 Added good helicity           28  0.14625303132778705       in event            1
 Added good helicity           30  6.41460549967650118E-002  in event            1
 Added good helicity           31  2.84969258678600101E-005  in event            1
 Added good helicity           32   8.7530504408367502       in event            1
 Added good helicity            9  2.25071462159985914E-005  in event            2
 Added good helicity           13  9.84603054512625010E-004  in event            2
 Added good helicity           15  8.01982945289622939E-002  in event            2
 Added good helicity           18  8.01982941977560509E-002  in event            2
 Added good helicity           20  9.84603048776452622E-004  in event            2
 Added good helicity           24  2.25071506318269680E-005  in event            2
 Added good helicity            6  9.06322512790580527E-006  in event            3
 Added good helicity           27  9.06322563887585064E-006  in event            3
 Added good helicity            4  4.26701146952905759E-006  in event            4
 Added good helicity           29  4.26701436242137621E-006  in event            4
 Iteration  1   Mean: 0.2532E+10 Abs mean: 0.2532E+10   Fluctuation:  0.173E+09   0.889E+11    84.2%
  1    0.2532E+10 0.2532E+10 +- 0.1731E+09      3.06
 Writing out events   167109.66199077317        3.0566604162751645     
=======
 Added good helicity            1   4.0983999060882823       in event            1
 Added good helicity            3  2.40629850009795531E-004  in event            1
 Added good helicity            5   3.9013594640162261       in event            1
 Added good helicity           10   4.0983999060883924       in event            1
 Added good helicity           12  2.40629850009801955E-004  in event            1
 Added good helicity           14   3.9013594640163305       in event            1
 Added good helicity           19   3.9013594640163305       in event            1
 Added good helicity           21  2.40629850009802117E-004  in event            1
 Added good helicity           23   4.0983999060883924       in event            1
 Added good helicity           28   3.9013594640162261       in event            1
 Added good helicity           30  2.40629850009795694E-004  in event            1
 Added good helicity           32   4.0983999060882823       in event            1
 Iteration  1   Mean: 0.9730E+33 Abs mean: 0.9730E+33   Fluctuation:  0.808E+33   0.161E+37    99.1%
  1    0.9730E+33 0.9730E+33 +- 0.8079E+33     37.13
 Writing out events  5.45714905344939860E+028   37.132117868706324     
>>>>>>> 911b5ec345c81b054214c521136984e9d6306827
 Relative summed weights:
  0.1000E+01  0.0000E+00
 Relative number of events:
  0.1000E+01  0.0000E+00
 Events:
        2000           0
<<<<<<< HEAD
 Iteration  2   Mean: 0.2397E+10 Abs mean: 0.2397E+10   Fluctuation:  0.653E+08   0.414E+11    85.7%
  2    0.2397E+10 0.2397E+10 +- 0.6527E+08      1.72
=======
 Iteration  2   Mean: 0.3062E+35 Abs mean: 0.3062E+35   Fluctuation:  0.293E+35   0.117E+39    99.0%
  2    0.3062E+35 0.3062E+35 +- 0.2931E+35     60.53
>>>>>>> 911b5ec345c81b054214c521136984e9d6306827
 Relative summed weights:
  0.1000E+01  0.0000E+00
 Relative number of events:
  0.1000E+01  0.0000E+00
 Events:
        4000           0
<<<<<<< HEAD
 Iteration  3   Mean: 0.2418E+10 Abs mean: 0.2418E+10   Fluctuation:  0.352E+08   0.248E+11    81.4%
  3    0.2418E+10 0.2418E+10 +- 0.3518E+08      1.30
=======
 Iteration  3   Mean: 0.5035E+34 Abs mean: 0.5035E+34   Fluctuation:  0.250E+34   0.179E+38    98.9%
  3    0.5035E+34 0.5035E+34 +- 0.2499E+34     44.40
>>>>>>> 911b5ec345c81b054214c521136984e9d6306827
 Relative summed weights:
  0.1000E+01  0.0000E+00
 Relative number of events:
  0.1000E+01  0.0000E+00
 Events:
        8000           0
<<<<<<< HEAD
 Found          999  events.
 Wrote          994  events.
 Actual xsec    2416950639.9283171     
 Correct abs xsec    2416950639.9283171     
 Event xsec    2416950639.9283543     
 Events wgts > 1:            7
 % Cross section > 1:    1741987.4639952178       7.20737707761733848E-002
 Checking number of events   13879.580744852354              994  chi2:   0.26902101652075999     
 Found          999  events.
 Wrote          994  events.
 Actual xsec    2416950639.9283171     
 Correct abs xsec    2416950639.9283171     
 Event xsec    2416950639.9283543     
 Events wgts > 1:            7
 % Cross section > 1:    1741987.4639952178       7.20737707761733848E-002
 Iteration  4   Mean: 0.2450E+10 Abs mean: 0.2450E+10   Fluctuation:  0.225E+08   0.234E+11    77.8%
  4    0.2450E+10 0.2450E+10 +- 0.2248E+08      1.16
=======
 Found           21  events.
 Wrote            2  events.
 Actual xsec   8.37472868705835182E+033
 Correct abs xsec   8.37472868705835182E+033
 Event xsec   8.37472868705835298E+033
 Events wgts > 1:            1
 % Cross section > 1:   9.74479393061837487E+025  1.16359517958799222E-006
 Checking number of events  5.24777248988450486E-003           2  chi2:    43.146856551944666     
 Found           21  events.
 Wrote            2  events.
 Actual xsec   8.37472868705835182E+033
 Correct abs xsec   8.37472868705835182E+033
 Event xsec   8.37472868705835298E+033
 Events wgts > 1:            1
 % Cross section > 1:   9.74479393061837487E+025  1.16359517958799222E-006
 Iteration  4   Mean: 0.1717E+35 Abs mean: 0.1717E+35   Fluctuation:  0.123E+35   0.186E+39    98.9%
  4    0.1717E+35 0.1717E+35 +- 0.1229E+35     90.56
>>>>>>> 911b5ec345c81b054214c521136984e9d6306827
 Relative summed weights:
  0.1000E+01  0.0000E+00
 Relative number of events:
  0.1000E+01  0.0000E+00
 Events:
       16000           0
<<<<<<< HEAD
 Found         2048  events.
 Wrote         2043  events.
 Actual xsec    2437574965.2101488     
 Correct abs xsec    2437574965.2101488     
 Event xsec    2437574965.2100549     
 Events wgts > 1:            5
 % Cross section > 1:    559765.57201556046       2.29640351580868568E-002
 Checking number of events   13998.017995215800             2043  chi2:   0.51589561990332389     
 Found         2048  events.
 Wrote         2043  events.
 Actual xsec    2437574965.2101488     
 Correct abs xsec    2437574965.2101488     
 Event xsec    2437574965.2100549     
 Events wgts > 1:            5
 % Cross section > 1:    559765.57201556046       2.29640351580868568E-002
 Iteration  5   Mean: 0.2414E+10 Abs mean: 0.2414E+10   Fluctuation:  0.151E+08   0.520E+11    73.9%
  5    0.2414E+10 0.2414E+10 +- 0.1511E+08      1.12
 Relative summed weights:
  0.1000E+01  0.0000E+00
 Relative number of events:
  0.1000E+01  0.0000E+00
 Events:
       32000           0
 Found         4275  events.
 Wrote         4272  events.
 Actual xsec    2424881846.3210826     
 Correct abs xsec    2424881846.3210826     
 Event xsec    2424881846.3211732     
 Events wgts > 1:           17
 % Cross section > 1:    3542036.4230018421       0.14607047466562226     
 Checking number of events   13925.126490683449             4272  chi2:   0.89292806687128690     
 Found         4275  events.
 Wrote         4272  events.
 Actual xsec    2424881846.3210826     
 Correct abs xsec    2424881846.3210826     
 Event xsec    2424881846.3211732     
 Events wgts > 1:           17
 % Cross section > 1:    3542036.4230018421       0.14607047466562226     
 Iteration  6   Mean: 0.2426E+10 Abs mean: 0.2426E+10   Fluctuation:  0.106E+08   0.713E+11    71.5%
  6    0.2426E+10 0.2426E+10 +- 0.1056E+08      1.10
 Relative summed weights:
  0.1000E+01  0.0000E+00
 Relative number of events:
  0.1000E+01  0.0000E+00
 Events:
       64000           0
 Found         8905  events.
 Wrote         8901  events.
 Actual xsec    2425954585.1475096     
 Correct abs xsec    2425954585.1475096     
 Event xsec    2425954585.1473675     
 Events wgts > 1:           41
 % Cross section > 1:    5769385.1759735337       0.23781917482280754     
 Checking number of events   13931.286800668087             8901  chi2:   0.86990179331270756     
 Found         8905  events.
 Wrote         8901  events.
 Actual xsec    2425954585.1475096     
 Correct abs xsec    2425954585.1475096     
 Event xsec    2425954585.1473675     
 Events wgts > 1:           41
 % Cross section > 1:    5769385.1759735337       0.23781917482280754     
 Iteration  7   Mean: 0.2419E+10 Abs mean: 0.2419E+10   Fluctuation:  0.769E+07   0.170E+12    69.1%
  7    0.2419E+10 0.2419E+10 +- 0.7694E+07      1.14
 Relative summed weights:
  0.1000E+01  0.0000E+00
 Relative number of events:
  0.1000E+01  0.0000E+00
 Events:
      128000           0
 Found        18416  events.
 Wrote        18411  events.
 Actual xsec    2420285556.0936813     
 Correct abs xsec    2420285556.0936813     
 Event xsec    2420285556.0930104     
 Events wgts > 1:          115
 % Cross section > 1:    10335795.830428429       0.42704861021082052     
 Checking number of events   13898.731834423574            18411  chi2:   0.24424752870459293     

 -------------------------------------------------------------------------------
 Accumulated results:   Integral =  0.2422E+10
                        Std dev  =  0.5481E+07
                       Cross sec =  0.4651E+00
             Chi**2 per DoF.     =
-------------------------------------------------
---------------------------
 Results Last   3 iters: Integral =   0.2420E+10
                     Abs integral =   0.2420E+10
                          Std dev =   0.5751E+07
                  Chi**2 per DoF. =      0.2442
-------------------------------------------------
---------------------------
 Status -5.74259999999999987E-006           8           9
 We found enough events       18411   13898.731834423574     
=======
 Found           60  events.
 Wrote            1  events.
 Actual xsec   1.23025599694449907E+034
 Correct abs xsec   1.23025599694449907E+034
 Event xsec   1.23025599694449907E+034
 Events wgts > 1:            1
 % Cross section > 1:   7.80677507830133371E+026  6.34565090330018717E-006
 Checking number of events  7.70903012805362019E-003           1  chi2:    4.5009325376493008     

 -------------------------------------------------------------------------------
 Accumulated results:   Integral =  0.1038E+35
                        Std dev  =  0.3550E+34
                       Cross sec =  0.2418E+01
             Chi**2 per DoF.     =
-------------------------------------------------
---------------------------
 Results Last   3 iters: Integral =   0.1230E+35
                     Abs integral =   0.1230E+35
                          Std dev =   0.4617E+34
                  Chi**2 per DoF. =      4.5009
-------------------------------------------------
---------------------------
 Status -6.26620000000000013E-037           5           9
 We found enough events           1  7.70903012805362019E-003
>>>>>>> 911b5ec345c81b054214c521136984e9d6306827

ls status:
events.lhe
ftn25
ftn26
input_sg.txt
<<<<<<< HEAD
moffset.dat
results.dat
run_01_ftn26.gz
run_01_log.txt
run_01_results.dat
run_02_ftn26.gz
run_02_log.txt
run_02_results.dat
run_03_ftn26.gz
run_03_log.txt
run_03_results.dat
=======
log.txt
moffset.dat
results.dat
>>>>>>> 911b5ec345c81b054214c521136984e9d6306827
run1_app.log
