 Process in group number            0
 No PDF is used, alpha_s(MZ) from param_card is used
 Value of alpha_s from param_card:   0.11800000071525575     
 The default order of alpha_s running is fixed to            2
 Warning: pt or E min of a gamma should in general be >0
 Warning: pt or E min of a gamma should in general be >0
 Warning: pt or E min of a gamma should in general be >0
 *****************************************************
 *               MadGraph/MadEvent                   *
 *        --------------------------------           *
 *          http://madgraph.hep.uiuc.edu             *
 *          http://madgraph.phys.ucl.ac.be           *
 *          http://madgraph.roma2.infn.it            *
 *        --------------------------------           *
 *                                                   *
 *          PARAMETER AND COUPLING VALUES            *
 *                                                   *
 *****************************************************

  External Params
  ---------------------------------
  
 aEWM1 =    132.50700378417969     
 mdl_Gf =   1.16639000000000003E-005
 aS =   0.11800000071525575     
 mdl_ymb =    4.6999998092651367     
 mdl_ymt =    173.00000000000000     
 mdl_yme =   5.10999991092830896E-004
 mdl_ymm =   0.10565999895334244     
 mdl_ymtau =    1.7769999504089355     
 mdl_MZ =    91.188003540039063     
 mdl_MT =    173.00000000000000     
 mdl_MB =    4.6999998092651367     
 mdl_MH =    125.00000000000000     
 mdl_Me =   5.10999991092830896E-004
 mdl_MM =   0.10565999895334244     
 mdl_MTA =    1.7769999504089355     
 mdl_WZ =    2.4414041042327881     
 mdl_WW =    2.0476000308990479     
 mdl_WT =    1.4915000200271606     
 mdl_WH =   6.38233916833996773E-003
 mdl_WTau =   2.26999999999999982E-012
  Internal Params
  ---------------------------------
  
 mdl_conjg__CKM3x3 =    1.0000000000000000     
 mdl_CKM3x3 =    1.0000000000000000     
 mdl_conjg__CKM1x1 =    1.0000000000000000     
 mdl_complexi =  (  0.0000000000000000     ,  1.0000000000000000     )
 mdl_MZ__exp__2 =    8315.2519896181766     
 mdl_MZ__exp__4 =    69143415.650849044     
 mdl_sqrt__2 =    1.4142135623730951     
 mdl_MH__exp__2 =    15625.000000000000     
 mdl_aEW =   7.54677089845565054E-003
 mdl_MW =    80.419007276179556     
 mdl_sqrt__aEW =   8.68721526063194194E-002
 mdl_ee =   0.30795376284704501     
 mdl_MW__exp__2 =    6467.2167312862202     
 mdl_sw2 =   0.22224645274001076     
 mdl_cw =   0.88190336616887299     
 mdl_sqrt__sw2 =   0.47143022043565552     
 mdl_sw =   0.47143022043565552     
 mdl_g1 =   0.34919218438279087     
 mdl_gw =   0.65323296958447097     
 mdl_vev =    246.21845810181631     
 mdl_vev__exp__2 =    60623.529110035874     
 mdl_lam =   0.12886910601690271     
 mdl_yb =   2.69955531549349904E-002
 mdl_ye =   2.93504850670934038E-006
 mdl_ym =   6.06883028478528356E-004
 mdl_yt =   0.99366614581500645     
 mdl_ytau =   1.02066167158167895E-002
 mdl_muH =    88.388347648318444     
 mdl_I1x33 =  ( 2.69955531549349904E-002,  0.0000000000000000     )
 mdl_I2x33 =  ( 0.99366614581500645     ,  0.0000000000000000     )
 mdl_I3x33 =  ( 0.99366614581500645     ,  0.0000000000000000     )
 mdl_I4x33 =  ( 2.69955531549349904E-002,  0.0000000000000000     )
 mdl_ee__exp__2 =   9.48355200516540348E-002
 mdl_sw__exp__2 =   0.22224645274001076     
 mdl_cw__exp__2 =   0.77775354725998924     
  Internal Params evaluated point by point
  ----------------------------------------
  
 mdl_sqrt__aS =   0.34351128178744839     
 mdl_G__exp__2 =    1.4828317414825511     
  Couplings of sm-lepton_masses
  ---------------------------------
  
         GC_3 =  -0.00000E+00  -0.30795E+00

 Collider parameters:
 --------------------

 Running at e e   machine @   7.00000000000000067E-002  GeV
 PDF set = none   
 alpha_s(Mz)= 0.1180 running at 2 loops.
 alpha_s(Mz)= 0.1180 running at 2 loops.
 Renormalization scale fixed @    91.188000000000002     
 Factorization scales  fixed @    91.188000000000002        91.188000000000002     


 getting user params
Enter number of events and max and min iterations: 
 Number of events and iterations         1000           9           3
Enter desired fractional accuracy: 
 Desired fractional accuracy:  -4.19009999999999974E-005
Enter 0 for fixed, 2 for adjustable grid: 
Suppress amplitude (0 no, 1 yes)? 
 Using suppressed amplitude.
Exact helicity sum (0 yes, n = number/event)? 
 Explicitly summing over helicities
Enter Configuration Number: 
Running Configuration Number:    1
 Not subdividing B.W.
 Attempting mappinvarients           1           5
 Completed mapping           5
 about to integrate            5        1000           9           3           5           1
 Keeping grid fixed.
  5 dimensions   1000 events  5 invarients  9 iterations  1 config(s),  (0.99)
 Using h-tuple random number sequence.
 Grid read from file
 Grid defined OK
 Set CM energy to          0.07
 Mapping Graph           1  to config           1
 Warning: No cutoff for shat integral found
          Minimum set to    204.08163265306121     
 No modification is setgrid, grid read from file
 Warning: No cutoff for shat integral found
          Minimum set to    204.08163265306121     
 No modification is setgrid, grid read from file
 Masses: 0.511E-03 0.511E-03 0.000E+00 0.000E+00 0.000E+00
   1   1   2   3   4   5
 Got moffset           4
Using random seed offsets     1 :      1
  with seed                   30
 Ranmar initialization seeds        8292       22033
  Particle       3       4       5
      Et >     0.0     0.0     0.0
       E >     0.0     0.0     0.0
     Eta <    -1.0    -1.0    -1.0
   xqcut:      0.0     0.0     0.0
d R # 3  >    -0.0     0.0     0.0
d R # 4  >    -0.0    -0.0     0.0
s min # 3>     0.0     0.0     0.0
s min # 4>     0.0     0.0     0.0
xqcutij # 3>     0.0     0.0     0.0
xqcutij # 4>     0.0     0.0     0.0
 alpha_s for scale    91.188000000000002       is   0.11800000071525575     
 Added good helicity            1  0.14266024468586241       in event            1
 Added good helicity            2  1.76256116519611980E-005  in event            1
 Added good helicity            3  2.85582072551439428E-002  in event            1
 Added good helicity            5  5.26041101675596076E-002  in event            1
 Added good helicity            6  3.91925375249316614E-006  in event            1
 Added good helicity            7  1.37060392237726849E-005  in event            1
 Added good helicity           10  3.19130036708118955E-004  in event            1
 Added good helicity           11   2.5257649950542844       in event            1
 Added good helicity           12  6.51219915127938458E-006  in event            1
 Added good helicity           13  0.29432751200477419       in event            1
 Added good helicity           14  1.35402626546445682E-004  in event            1
 Added good helicity           15   12.955588350866510       in event            1
 Added good helicity           18   12.955588350866510       in event            1
 Added good helicity           19  1.35402626546445764E-004  in event            1
 Added good helicity           20  0.29432751200477425       in event            1
 Added good helicity           21  6.51219915127938882E-006  in event            1
 Added good helicity           22   2.5257649950542844       in event            1
 Added good helicity           23  3.19130036708118955E-004  in event            1
 Added good helicity           26  1.37060392237726849E-005  in event            1
 Added good helicity           27  3.91925375249316784E-006  in event            1
 Added good helicity           28  5.26041101675596076E-002  in event            1
 Added good helicity           30  2.85582072551439393E-002  in event            1
 Added good helicity           31  1.76256116519612014E-005  in event            1
 Added good helicity           32  0.14266024468586247       in event            1
 Added good helicity            4  6.69541453528397595E-005  in event            3
 Added good helicity           29  6.69541453528398002E-005  in event            3
 Iteration  1   Mean: 0.1184E+09 Abs mean: 0.1184E+09   Fluctuation:  0.928E+07   0.610E+10    99.2%
  1    0.1184E+09 0.1184E+09 +- 0.9277E+07      2.48
 Writing out events   13265.683751252474        2.4767700899823843     
 Relative summed weights:
  0.1438E+00  0.0000E+00
  0.1181E+00  0.0000E+00
  0.2666E+00  0.0000E+00
  0.1371E+00  0.0000E+00
  0.1772E+00  0.0000E+00
  0.1571E+00  0.0000E+00
 Relative number of events:
  0.1590E+00  0.0000E+00
  0.1570E+00  0.0000E+00
  0.1740E+00  0.0000E+00
  0.1700E+00  0.0000E+00
  0.1640E+00  0.0000E+00
  0.1760E+00  0.0000E+00
 Events:
         159           0
         157           0
         174           0
         170           0
         164           0
         176           0
 Iteration  2   Mean: 0.1293E+09 Abs mean: 0.1293E+09   Fluctuation:  0.101E+08   0.109E+11    99.2%
  2    0.1293E+09 0.1293E+09 +- 0.1008E+08      3.49
 Relative summed weights:
  0.2064E+00  0.0000E+00
  0.1323E+00  0.0000E+00
  0.1765E+00  0.0000E+00
  0.1529E+00  0.0000E+00
  0.1225E+00  0.0000E+00
  0.2094E+00  0.0000E+00
 Relative number of events:
  0.1755E+00  0.0000E+00
  0.1670E+00  0.0000E+00
  0.1740E+00  0.0000E+00
  0.1745E+00  0.0000E+00
  0.1575E+00  0.0000E+00
  0.1515E+00  0.0000E+00
 Events:
         351           0
         334           0
         348           0
         349           0
         315           0
         303           0
 Iteration  3   Mean: 0.1172E+09 Abs mean: 0.1172E+09   Fluctuation:  0.573E+07   0.115E+11    99.5%
  3    0.1172E+09 0.1172E+09 +- 0.5726E+07      3.09
 Relative summed weights:
  0.1673E+00  0.0000E+00
  0.1447E+00  0.0000E+00
  0.1577E+00  0.0000E+00
  0.1647E+00  0.0000E+00
  0.1930E+00  0.0000E+00
  0.1724E+00  0.0000E+00
 Relative number of events:
  0.1575E+00  0.0000E+00
  0.1665E+00  0.0000E+00
  0.1600E+00  0.0000E+00
  0.1742E+00  0.0000E+00
  0.1718E+00  0.0000E+00
  0.1700E+00  0.0000E+00
 Events:
         630           0
         666           0
         640           0
         697           0
         687           0
         680           0
 Found          311  events.
 Wrote           53  events.
 Actual xsec    120142200.84521240     
 Correct abs xsec    120142200.84521240     
 Event xsec    120142200.84521244     
 Events wgts > 1:            3
 % Cross section > 1:    907843.62753040250       0.75564091646701281     
 Checking number of events   5034.0783576152444               53  chi2:   0.55473387149416131     
 Found          311  events.
 Wrote           61  events.
 Actual xsec    120142200.84521240     
 Correct abs xsec    120142200.84521240     
 Event xsec    120142200.84521261     
 Events wgts > 1:            3
 % Cross section > 1:    789564.63026848226       0.65719174837302352     
 Iteration  4   Mean: 0.1171E+09 Abs mean: 0.1171E+09   Fluctuation:  0.395E+07   0.151E+11    99.4%
  4    0.1171E+09 0.1171E+09 +- 0.3949E+07      3.02
 Relative summed weights:
  0.1730E+00  0.0000E+00
  0.1489E+00  0.0000E+00
  0.1807E+00  0.0000E+00
  0.1797E+00  0.0000E+00
  0.1650E+00  0.0000E+00
  0.1527E+00  0.0000E+00
 Relative number of events:
  0.1688E+00  0.0000E+00
  0.1634E+00  0.0000E+00
  0.1633E+00  0.0000E+00
  0.1664E+00  0.0000E+00
  0.1664E+00  0.0000E+00
  0.1719E+00  0.0000E+00
 Events:
        1350           0
        1307           0
        1306           0
        1331           0
        1331           0
        1375           0
 Found          694  events.
 Wrote           79  events.
 Actual xsec    118483433.62385771     
 Correct abs xsec    118483433.62385771     
 Event xsec    118483433.62385765     
 Events wgts > 1:            4
 % Cross section > 1:    929936.82675467385       0.78486654067343231     
 Checking number of events   4964.5743522732619               79  chi2:   0.65913635338849008     
 Found          694  events.
 Wrote           88  events.
 Actual xsec    118483433.62385771     
 Correct abs xsec    118483433.62385771     
 Event xsec    118483433.62385774     
 Events wgts > 1:            4
 % Cross section > 1:    835500.31108090049       0.70516213577445208     
 Iteration  5   Mean: 0.1161E+09 Abs mean: 0.1161E+09   Fluctuation:  0.346E+07   0.262E+11    99.4%
  5    0.1161E+09 0.1161E+09 +- 0.3458E+07      3.77
 Relative summed weights:
  0.1805E+00  0.0000E+00
  0.1626E+00  0.0000E+00
  0.1646E+00  0.0000E+00
  0.1529E+00  0.0000E+00
  0.1576E+00  0.0000E+00
  0.1817E+00  0.0000E+00
 Relative number of events:
  0.1665E+00  0.0000E+00
  0.1659E+00  0.0000E+00
  0.1678E+00  0.0000E+00
  0.1587E+00  0.0000E+00
  0.1709E+00  0.0000E+00
  0.1703E+00  0.0000E+00
 Events:
        2664           0
        2654           0
        2685           0
        2539           0
        2734           0
        2724           0
 Found         1446  events.
 Wrote          100  events.
 Actual xsec    116635453.18913735     
 Correct abs xsec    116635453.18913735     
 Event xsec    116635453.18913727     
 Events wgts > 1:            2
 % Cross section > 1:    1054086.7743682961       0.90374474102567948     
 Checking number of events   4887.1421240780437              100  chi2:   2.43317635019180169E-002
 Found         1446  events.
 Wrote          114  events.
 Actual xsec    116635453.18913735     
 Correct abs xsec    116635453.18913735     
 Event xsec    116635453.18913741     
 Events wgts > 1:            2
 % Cross section > 1:    925664.88161797903       0.79363937491365510     
 Iteration  6   Mean: 0.1346E+09 Abs mean: 0.1346E+09   Fluctuation:  0.113E+08   0.342E+12    99.4%
  6    0.1346E+09 0.1346E+09 +- 0.1132E+08     15.04
 Relative summed weights:
  0.1398E+00  0.0000E+00
  0.1414E+00  0.0000E+00
  0.1677E+00  0.0000E+00
  0.2268E+00  0.0000E+00
  0.1563E+00  0.0000E+00
  0.1680E+00  0.0000E+00
 Relative number of events:
  0.1690E+00  0.0000E+00
  0.1672E+00  0.0000E+00
  0.1650E+00  0.0000E+00
  0.1633E+00  0.0000E+00
  0.1669E+00  0.0000E+00
  0.1686E+00  0.0000E+00
 Events:
        5409           0
        5349           0
        5280           0
        5227           0
        5340           0
        5395           0
 Found         2868  events.
 Wrote           11  events.
 Actual xsec    117702217.61927100     
 Correct abs xsec    117702217.61927100     
 Event xsec    117702217.61927098     
 Events wgts > 1:            0
 % Cross section > 1:    0.0000000000000000        0.0000000000000000     
 Checking number of events   4931.8406204650737               11  chi2:    1.2366927845926550     
 Found         2868  events.
 Wrote           15  events.
 Actual xsec    117702217.61927100     
 Correct abs xsec    117702217.61927100     
 Event xsec    117702217.61927097     
 Events wgts > 1:            0
 % Cross section > 1:    0.0000000000000000        0.0000000000000000     
 Iteration  7   Mean: 0.1287E+09 Abs mean: 0.1287E+09   Fluctuation:  0.754E+07   0.400E+12    99.4%
  7    0.1287E+09 0.1287E+09 +- 0.7537E+07     14.82
 Relative summed weights:
  0.2007E+00  0.0000E+00
  0.1564E+00  0.0000E+00
  0.1605E+00  0.0000E+00
  0.1851E+00  0.0000E+00
  0.1495E+00  0.0000E+00
  0.1478E+00  0.0000E+00
 Relative number of events:
  0.1659E+00  0.0000E+00
  0.1681E+00  0.0000E+00
  0.1670E+00  0.0000E+00
  0.1654E+00  0.0000E+00
  0.1646E+00  0.0000E+00
  0.1690E+00  0.0000E+00
 Events:
       10616           0
       10760           0
       10691           0
       10588           0
       10532           0
       10813           0
 Found         5012  events.
 Wrote           16  events.
 Actual xsec    120111955.63017271     
 Correct abs xsec    120111955.63017271     
 Event xsec    120111955.63017265     
 Events wgts > 1:            1
 % Cross section > 1:   0.55002322047948837       4.57925455957958055E-007
 Checking number of events   5032.8110528598663               16  chi2:    2.1449201357886243     
 Found         5012  events.
 Wrote           23  events.
 Actual xsec    120111955.63017271     
 Correct abs xsec    120111955.63017271     
 Event xsec    120111955.63017270     
 Events wgts > 1:            1
 % Cross section > 1:   0.38262484967708588       3.18556839466668921E-007
 Iteration  8   Mean: 0.1222E+09 Abs mean: 0.1222E+09   Fluctuation:  0.249E+07   0.159E+12    99.4%
  8    0.1222E+09 0.1222E+09 +- 0.2486E+07      7.28
 Relative summed weights:
  0.1532E+00  0.0000E+00
  0.1660E+00  0.0000E+00
  0.1847E+00  0.0000E+00
  0.1697E+00  0.0000E+00
  0.1603E+00  0.0000E+00
  0.1661E+00  0.0000E+00
 Relative number of events:
  0.1673E+00  0.0000E+00
  0.1666E+00  0.0000E+00
  0.1664E+00  0.0000E+00
  0.1667E+00  0.0000E+00
  0.1679E+00  0.0000E+00
  0.1650E+00  0.0000E+00
 Events:
       21415           0
       21328           0
       21298           0
       21342           0
       21493           0
       21124           0
 Found        10405  events.
 Wrote          160  events.
 Actual xsec    123471784.10936683     
 Correct abs xsec    123471784.10936683     
 Event xsec    123471784.10936759     
 Events wgts > 1:            2
 % Cross section > 1:    742683.28735105228       0.60150040975613162     
 Checking number of events   5173.5912259665793              160  chi2:   0.85393040071027548     
 Found        10405  events.
 Wrote          136  events.
 Actual xsec    123471784.10936683     
 Correct abs xsec    123471784.10936683     
 Event xsec    123471784.10936674     
 Events wgts > 1:            2
 % Cross section > 1:    872818.57206816389       0.70689718980253291     
 Iteration  9   Mean: 0.1212E+09 Abs mean: 0.1212E+09   Fluctuation:  0.137E+07   0.134E+12    99.4%
  9    0.1212E+09 0.1212E+09 +- 0.1370E+07      5.72
 Relative summed weights:
  0.1642E+00  0.0000E+00
  0.1639E+00  0.0000E+00
  0.1674E+00  0.0000E+00
  0.1712E+00  0.0000E+00
  0.1652E+00  0.0000E+00
  0.1681E+00  0.0000E+00
 Relative number of events:
  0.1665E+00  0.0000E+00
  0.1677E+00  0.0000E+00
  0.1678E+00  0.0000E+00
  0.1666E+00  0.0000E+00
  0.1651E+00  0.0000E+00
  0.1663E+00  0.0000E+00
 Events:
       42633           0
       42939           0
       42947           0
       42652           0
       42259           0
       42570           0
 Found        21864  events.
 Wrote          684  events.
 Actual xsec    121607645.30818312     
 Correct abs xsec    121607645.30818312     
 Event xsec    121607645.30818570     
 Events wgts > 1:           10
 % Cross section > 1:    1180636.9888542437       0.97085753602267322     
 Checking number of events   5095.4819460581803              684  chi2:   0.52043215510990359     
 Found        21864  events.
 Wrote          695  events.
 Actual xsec    121607645.30818312     
 Correct abs xsec    121607645.30818312     
 Event xsec    121607645.30818549     
 Events wgts > 1:           10
 % Cross section > 1:    1162129.2218513933       0.95563828976891618     

 -------------------------------------------------------------------------------
 Accumulated results:   Integral =  0.1209E+09
                        Std dev  =  0.1043E+07
                       Cross sec =  0.1209E+09
             Chi**2 per DoF.     =      0.9061
 -------------------------------------------------------------------------------
-------------------------------------------------
---------------------------
 Results Last   3 iters: Integral =   0.1216E+09
                     Abs integral =   0.1216E+09
                          Std dev =   0.1185E+07
                  Chi**2 per DoF. =      0.5204
-------------------------------------------------
---------------------------
 Status -4.19009999999999974E-005          10           9
 Trying w/ fresh grid
 Starting w/ ncall =         4000
 Keeping grid fixed.
  5 dimensions   4000 events  5 invarients  8 iterations  1 config(s),  (0.99)
 Using h-tuple random number sequence.
 Error opening grid
 Using Uniform Grid!
 Using uniform alpha   1.0000000000000000     
 Grid defined OK
 Warning: No cutoff for shat integral found
          Minimum set to    204.08163265306121     
Setting grid   1    0.20408E+03   1
 Warning: No cutoff for shat integral found
          Minimum set to    204.08163265306121     
Setting grid   2    0.20408E+03   1
Warning xbin not returning correct x   2  0.999967E+00  0.990602E+00  0.2837E+03
Warning xbin not returning correct x   2  0.999993E+00  0.998047E+00  0.2837E+03
Warning xbin not returning correct x   2  0.999981E+00  0.994556E+00  0.2837E+03
Warning xbin not returning correct x   2  0.999950E+00  0.985813E+00  0.2837E+03
Warning xbin not returning correct x   2  0.999974E+00  0.992593E+00  0.2837E+03
Warning xbin still not working well. Last message this iteration.
 Iteration  1   Mean: 0.2338E+08 Abs mean: 0.2338E+08   Fluctuation:  0.721E+07   0.261E+11    99.0%
  1    0.2338E+08 0.2338E+08 +- 0.7208E+07     19.49
 Relative summed weights:
  0.1715E+00  0.0000E+00
  0.7202E-01  0.0000E+00
  0.9440E-01  0.0000E+00
  0.7027E-01  0.0000E+00
  0.1629E+00  0.0000E+00
  0.4289E+00  0.0000E+00
 Relative number of events:
  0.1693E+00  0.0000E+00
  0.1660E+00  0.0000E+00
  0.1578E+00  0.0000E+00
  0.1615E+00  0.0000E+00
  0.1722E+00  0.0000E+00
  0.1732E+00  0.0000E+00
 Events:
         677           0
         664           0
         631           0
         646           0
         689           0
         693           0
Warning xbin not returning correct x   1  0.985809E+00  0.999781E+00  0.1566E-01
Warning xbin not returning correct x   1  0.989173E+00  0.999833E+00  0.1566E-01
Warning xbin not returning correct x   1  0.987929E+00  0.999814E+00  0.1566E-01
Warning xbin not returning correct x   1  0.984883E+00  0.999767E+00  0.1566E-01
Warning xbin not returning correct x   1  0.994298E+00  0.999912E+00  0.1566E-01
Warning xbin still not working well. Last message this iteration.
 Iteration  2   Mean: 0.2857E+07 Abs mean: 0.2857E+07   Fluctuation:  0.136E+06   0.329E+09    96.0%
  2    0.2857E+07 0.2857E+07 +- 0.1360E+06      4.26
 Relative summed weights:
  0.1895E+00  0.0000E+00
  0.1687E+00  0.0000E+00
  0.1469E+00  0.0000E+00
  0.1715E+00  0.0000E+00
  0.1485E+00  0.0000E+00
  0.1749E+00  0.0000E+00
 Relative number of events:
  0.1644E+00  0.0000E+00
  0.1708E+00  0.0000E+00
  0.1625E+00  0.0000E+00
  0.1636E+00  0.0000E+00
  0.1674E+00  0.0000E+00
  0.1714E+00  0.0000E+00
 Events:
        1315           0
        1366           0
        1300           0
        1309           0
        1339           0
        1371           0
 Iteration  3   Mean: 0.7520E+08 Abs mean: 0.7520E+08   Fluctuation:  0.275E+08   0.326E+12   100.0%
  3    0.7520E+08 0.7520E+08 +- 0.2746E+08     46.19
 Relative summed weights:
  0.9644E-01  0.0000E+00
  0.6429E-01  0.0000E+00
  0.2657E+00  0.0000E+00
  0.1456E+00  0.0000E+00
  0.5207E-01  0.0000E+00
  0.3759E+00  0.0000E+00
 Relative number of events:
  0.1669E+00  0.0000E+00
  0.1674E+00  0.0000E+00
  0.1696E+00  0.0000E+00
  0.1628E+00  0.0000E+00
  0.1666E+00  0.0000E+00
  0.1668E+00  0.0000E+00
 Events:
        2671           0
        2678           0
        2714           0
        2604           0
        2665           0
        2668           0
 Found         1926  events.
 Wrote            3  events.
 Actual xsec    4508476.1080975970     
 Correct abs xsec    4508476.1080975970     
 Event xsec    4508476.1080975970     
 Events wgts > 1:            0
 % Cross section > 1:    0.0000000000000000        0.0000000000000000     
 Checking number of events   188.90965740539741                3  chi2:    80.485142386720284     
 Found         1926  events.
 Wrote            5  events.
 Actual xsec    4508476.1080975970     
 Correct abs xsec    4508476.1080975970     
 Event xsec    4508476.1080975970     
 Events wgts > 1:            0
 % Cross section > 1:    0.0000000000000000        0.0000000000000000     
 Iteration  4   Mean: 0.7625E+08 Abs mean: 0.7625E+08   Fluctuation:  0.154E+08   0.405E+12    99.8%
  4    0.7625E+08 0.7625E+08 +- 0.1540E+08     36.12
 Relative summed weights:
  0.1382E+00  0.0000E+00
  0.1322E+00  0.0000E+00
  0.1252E+00  0.0000E+00
  0.1279E+00  0.0000E+00
  0.3000E+00  0.0000E+00
  0.1765E+00  0.0000E+00
 Relative number of events:
  0.1679E+00  0.0000E+00
  0.1705E+00  0.0000E+00
  0.1648E+00  0.0000E+00
  0.1634E+00  0.0000E+00
  0.1669E+00  0.0000E+00
  0.1664E+00  0.0000E+00
 Events:
        5374           0
        5457           0
        5274           0
        5229           0
        5340           0
        5326           0
 Found          876  events.
 Wrote            7  events.
 Actual xsec    7806648.1532838745     
 Correct abs xsec    7806648.1532838745     
 Event xsec    7806648.1532838726     
 Events wgts > 1:            1
 % Cross section > 1:   8.23476656805723906E-002  1.05484023442164209E-006
 Checking number of events   327.10636427074763                7  chi2:    675.19707696850696     
 Found          876  events.
 Wrote            7  events.
 Actual xsec    7806648.1532838745     
 Correct abs xsec    7806648.1532838745     
 Event xsec    7806648.1532838726     
 Events wgts > 1:            1
 % Cross section > 1:   8.23476656805723906E-002  1.05484023442164209E-006
 Iteration  5   Mean: 0.1047E+09 Abs mean: 0.1047E+09   Fluctuation:  0.154E+08   0.774E+12    99.3%
  5    0.1047E+09 0.1047E+09 +- 0.1544E+08     37.29
 Relative summed weights:
  0.1600E+00  0.0000E+00
  0.1079E+00  0.0000E+00
  0.1455E+00  0.0000E+00
  0.1151E+00  0.0000E+00
  0.3344E+00  0.0000E+00
  0.1371E+00  0.0000E+00
 Relative number of events:
  0.1683E+00  0.0000E+00
  0.1664E+00  0.0000E+00
  0.1669E+00  0.0000E+00
  0.1695E+00  0.0000E+00
  0.1645E+00  0.0000E+00
  0.1644E+00  0.0000E+00
 Events:
       10774           0
       10648           0
       10680           0
       10845           0
       10529           0
       10524           0
 Found         3288  events.
 Wrote           14  events.
 Actual xsec    92953688.281747743     
 Correct abs xsec    92953688.281747743     
 Event xsec    92953688.281747758     
 Events wgts > 1:            0
 % Cross section > 1:    0.0000000000000000        0.0000000000000000     
 Checking number of events   3894.8524926935120               14  chi2:    1.0888299387032765     
 Found         3288  events.
 Wrote            8  events.
 Actual xsec    92953688.281747743     
 Correct abs xsec    92953688.281747743     
 Event xsec    92953688.281747758     
 Events wgts > 1:            0
 % Cross section > 1:    0.0000000000000000        0.0000000000000000     
 Fixing grid
 Iteration  6   Mean: 0.9673E+08 Abs mean: 0.9673E+08   Fluctuation:  0.637E+07   0.511E+12    98.9%
  6    0.9673E+08 0.9673E+08 +- 0.6369E+07     23.56
 Relative summed weights:
  0.1515E+00  0.0000E+00
  0.1493E+00  0.0000E+00
  0.1486E+00  0.0000E+00
  0.1809E+00  0.0000E+00
  0.1902E+00  0.0000E+00
  0.1795E+00  0.0000E+00
 Relative number of events:
  0.1684E+00  0.0000E+00
  0.1672E+00  0.0000E+00
  0.1683E+00  0.0000E+00
  0.1652E+00  0.0000E+00
  0.1667E+00  0.0000E+00
  0.1642E+00  0.0000E+00
 Events:
       21550           0
       21407           0
       21541           0
       21148           0
       21334           0
       21020           0
 Found         7318  events.
 Wrote           33  events.
 Actual xsec    96288185.643025562     
 Correct abs xsec    96288185.643025562     
 Event xsec    96288185.643025607     
 Events wgts > 1:            2
 % Cross section > 1:    276216.57532691071       0.28686445121205562     
 Checking number of events   4034.5712666284139               33  chi2:   0.99896382562983166     
 Found         7318  events.
 Wrote           24  events.
 Actual xsec    96288185.643025562     
 Correct abs xsec    96288185.643025562     
 Event xsec    96288185.643025577     
 Events wgts > 1:            2
 % Cross section > 1:    379389.66579347756       0.39401476230947940     
 Iteration  7   Mean: 0.1443E+09 Abs mean: 0.1443E+09   Fluctuation:  0.361E+08   0.906E+13    98.9%
  7    0.1443E+09 0.1443E+09 +- 0.3614E+08    126.77
 Relative summed weights:
  0.1196E+00  0.0000E+00
  0.1426E+00  0.0000E+00
  0.1462E+00  0.0000E+00
  0.1154E+00  0.0000E+00
  0.1082E+00  0.0000E+00
  0.3680E+00  0.0000E+00
 Relative number of events:
  0.1678E+00  0.0000E+00
  0.1665E+00  0.0000E+00
  0.1657E+00  0.0000E+00
  0.1656E+00  0.0000E+00
  0.1669E+00  0.0000E+00
  0.1675E+00  0.0000E+00
 Events:
       42959           0
       42617           0
       42410           0
       42396           0
       42726           0
       42892           0
 Found        15699  events.
 Wrote            5  events.
 Actual xsec    100577907.10621524     
 Correct abs xsec    100577907.10621524     
 Event xsec    100577907.10621524     
 Events wgts > 1:            1
 % Cross section > 1:    1.0196328312158585       1.01377415831398813E-006
 Checking number of events   4214.3148856575244                5  chi2:   0.94894105014572872     
 Found        15699  events.
 Wrote            5  events.
 Actual xsec    100577907.10621524     
 Correct abs xsec    100577907.10621524     
 Event xsec    100577907.10621524     
 Events wgts > 1:            1
 % Cross section > 1:    1.0196328312158585       1.01377415831398813E-006
 Iteration  8   Mean: 0.1155E+09 Abs mean: 0.1155E+09   Fluctuation:  0.761E+07   0.296E+13    98.9%
  8    0.1155E+09 0.1155E+09 +- 0.7606E+07     47.13
 Relative summed weights:
  0.1467E+00  0.0000E+00
  0.1826E+00  0.0000E+00
  0.1791E+00  0.0000E+00
  0.1789E+00  0.0000E+00
  0.1696E+00  0.0000E+00
  0.1431E+00  0.0000E+00
 Relative number of events:
  0.1656E+00  0.0000E+00
  0.1671E+00  0.0000E+00
  0.1665E+00  0.0000E+00
  0.1667E+00  0.0000E+00
  0.1669E+00  0.0000E+00
  0.1672E+00  0.0000E+00
 Events:
       84768           0
       85580           0
       85270           0
       85340           0
       85449           0
       85593           0
 Found        22186  events.
 Wrote           28  events.
 Actual xsec    121046490.26841627     
 Correct abs xsec    121046490.26841627     
 Event xsec    121046490.26841626     
 Events wgts > 1:            1
 % Cross section > 1:   0.77382312249392271       6.39277620340744824E-007
 Checking number of events   4498.7410876251706               28  chi2:    2.4816371387335545     
 Found        22186  events.
 Wrote           16  events.
 Actual xsec    121046490.26841627     
 Correct abs xsec    121046490.26841627     
 Event xsec    121046490.26841627     
 Events wgts > 1:            1
 % Cross section > 1:    1.3541904566809535       1.11873582924881533E-006

 -------------------------------------------------------------------------------
 Accumulated results:   Integral =  0.5957E+08
                        Std dev  =  0.1877E+07
                       Cross sec =  0.5957E+08
             Chi**2 per DoF.     =    108.2097
 -------------------------------------------------------------------------------
-------------------------------------------------
---------------------------
 Results Last   3 iters: Integral =   0.1074E+09
                     Abs integral =   0.1074E+09
                         Std dev =   0.4915E+07
                 Chi**2 per DoF. =      2.4816
-------------------------------------------------
---------------------------

ls status:
events.lhe
ftn25
ftn26
input_sg.txt
log.txt
moffset.dat
results.dat
run1_app.log
