 Process in group number            0
 No PDF is used, alpha_s(MZ) from param_card is used
 Value of alpha_s from param_card:   0.11800000071525575     
 The default order of alpha_s running is fixed to            2
 Warning: pt or E min of a gamma should in general be >0
 Warning: pt or E min of a gamma should in general be >0
 Warning: pt or E min of a gamma should in general be >0
 *****************************************************
 *               MadGraph/MadEvent                   *
 *        --------------------------------           *
 *          http://madgraph.hep.uiuc.edu             *
 *          http://madgraph.phys.ucl.ac.be           *
 *          http://madgraph.roma2.infn.it            *
 *        --------------------------------           *
 *                                                   *
 *          PARAMETER AND COUPLING VALUES            *
 *                                                   *
 *****************************************************

  External Params
  ---------------------------------
  
 aEWM1 =    132.50700378417969     
 mdl_Gf =   1.16639000000000003E-005
 aS =   0.11800000071525575     
 mdl_ymb =    4.6999998092651367     
 mdl_ymt =    173.00000000000000     
 mdl_yme =   5.10999991092830896E-004
 mdl_ymm =   0.10565999895334244     
 mdl_ymtau =    1.7769999504089355     
 mdl_MZ =    91.188003540039063     
 mdl_MT =    173.00000000000000     
 mdl_MB =    4.6999998092651367     
 mdl_MH =    125.00000000000000     
 mdl_Me =   5.10999991092830896E-004
 mdl_MM =   0.10565999895334244     
 mdl_MTA =    1.7769999504089355     
 mdl_WZ =    2.4414041042327881     
 mdl_WW =    2.0476000308990479     
 mdl_WT =    1.4915000200271606     
 mdl_WH =   6.38233916833996773E-003
 mdl_WTau =   2.26999999999999982E-012
  Internal Params
  ---------------------------------
  
 mdl_conjg__CKM3x3 =    1.0000000000000000     
 mdl_CKM3x3 =    1.0000000000000000     
 mdl_conjg__CKM1x1 =    1.0000000000000000     
 mdl_complexi =  (  0.0000000000000000     ,  1.0000000000000000     )
 mdl_MZ__exp__2 =    8315.2519896181766     
 mdl_MZ__exp__4 =    69143415.650849044     
 mdl_sqrt__2 =    1.4142135623730951     
 mdl_MH__exp__2 =    15625.000000000000     
 mdl_aEW =   7.54677089845565054E-003
 mdl_MW =    80.419007276179556     
 mdl_sqrt__aEW =   8.68721526063194194E-002
 mdl_ee =   0.30795376284704501     
 mdl_MW__exp__2 =    6467.2167312862202     
 mdl_sw2 =   0.22224645274001076     
 mdl_cw =   0.88190336616887299     
 mdl_sqrt__sw2 =   0.47143022043565552     
 mdl_sw =   0.47143022043565552     
 mdl_g1 =   0.34919218438279087     
 mdl_gw =   0.65323296958447097     
 mdl_vev =    246.21845810181631     
 mdl_vev__exp__2 =    60623.529110035874     
 mdl_lam =   0.12886910601690271     
 mdl_yb =   2.69955531549349904E-002
 mdl_ye =   2.93504850670934038E-006
 mdl_ym =   6.06883028478528356E-004
 mdl_yt =   0.99366614581500645     
 mdl_ytau =   1.02066167158167895E-002
 mdl_muH =    88.388347648318444     
 mdl_I1x33 =  ( 2.69955531549349904E-002,  0.0000000000000000     )
 mdl_I2x33 =  ( 0.99366614581500645     ,  0.0000000000000000     )
 mdl_I3x33 =  ( 0.99366614581500645     ,  0.0000000000000000     )
 mdl_I4x33 =  ( 2.69955531549349904E-002,  0.0000000000000000     )
 mdl_ee__exp__2 =   9.48355200516540348E-002
 mdl_sw__exp__2 =   0.22224645274001076     
 mdl_cw__exp__2 =   0.77775354725998924     
  Internal Params evaluated point by point
  ----------------------------------------
  
 mdl_sqrt__aS =   0.34351128178744839     
 mdl_G__exp__2 =    1.4828317414825511     
  Couplings of sm-lepton_masses
  ---------------------------------
  
         GC_3 =  -0.00000E+00  -0.30795E+00

 Collider parameters:
 --------------------

 Running at e e   machine @   7.00000000000000067E-002  GeV
 PDF set = none   
 alpha_s(Mz)= 0.1180 running at 2 loops.
 alpha_s(Mz)= 0.1180 running at 2 loops.
 Renormalization scale fixed @    91.188000000000002     
 Factorization scales  fixed @    91.188000000000002        91.188000000000002     


 getting user params
Enter number of events and max and min iterations: 
 Number of events and iterations         1000           9           3
Enter desired fractional accuracy: 
 Desired fractional accuracy:  -4.19009999999999974E-005
Enter 0 for fixed, 2 for adjustable grid: 
Suppress amplitude (0 no, 1 yes)? 
 Using suppressed amplitude.
Exact helicity sum (0 yes, n = number/event)? 
 Explicitly summing over helicities
Enter Configuration Number: 
Running Configuration Number:    1
 Not subdividing B.W.
 Attempting mappinvarients           1           5
 Completed mapping           5
 about to integrate            5        1000           9           3           5           1
 Keeping grid fixed.
  5 dimensions   1000 events  5 invarients  9 iterations  1 config(s),  (0.99)
 Using h-tuple random number sequence.
 Grid read from file
 Grid defined OK
 Set CM energy to          0.07
 Mapping Graph           1  to config           1
 Warning: No cutoff for shat integral found
          Minimum set to    204.08163265306121     
 No modification is setgrid, grid read from file
 Warning: No cutoff for shat integral found
          Minimum set to    204.08163265306121     
 No modification is setgrid, grid read from file
 Masses: 0.511E-03 0.511E-03 0.000E+00 0.000E+00 0.000E+00
   1   1   2   3   4   5
 Got moffset           8
Using random seed offsets     1 :      1
  with seed                   30
 Ranmar initialization seeds        8292        4580
  Particle       3       4       5
      Et >     0.0     0.0     0.0
       E >     0.0     0.0     0.0
     Eta <    -1.0    -1.0    -1.0
   xqcut:      0.0     0.0     0.0
d R # 3  >    -0.0     0.0     0.0
d R # 4  >    -0.0    -0.0     0.0
s min # 3>     0.0     0.0     0.0
s min # 4>     0.0     0.0     0.0
xqcutij # 3>     0.0     0.0     0.0
xqcutij # 4>     0.0     0.0     0.0
 alpha_s for scale    91.188000000000002       is   0.11800000071525575     
 Added good helicity            1  0.34625687729105714       in event            1
 Added good helicity            2  5.45920290455530434E-006  in event            1
 Added good helicity            3  2.34319920141090841E-002  in event            1
 Added good helicity            5  0.33655318584490668       in event            1
 Added good helicity            7  6.20013720829786551E-006  in event            1
 Added good helicity           10  6.19554114946001662E-005  in event            1
 Added good helicity           11   1.1227536065128410       in event            1
 Added good helicity           12  4.08450111830034430E-005  in event            1
 Added good helicity           13  0.51560489096142115       in event            1
 Added good helicity           15   13.655283120085333       in event            1
 Added good helicity           18   13.655283120085333       in event            1
 Added good helicity           20  0.51560489096142104       in event            1
 Added good helicity           21  4.08450111830034430E-005  in event            1
 Added good helicity           22   1.1227536065128410       in event            1
 Added good helicity           23  6.19554114946001527E-005  in event            1
 Added good helicity           26  6.20013720829786974E-006  in event            1
 Added good helicity           28  0.33655318584490662       in event            1
 Added good helicity           30  2.34319920141090841E-002  in event            1
 Added good helicity           31  5.45920290455530434E-006  in event            1
 Added good helicity           32  0.34625687729105731       in event            1
 Added good helicity           14  1.17284921402348308E-002  in event            3
 Added good helicity           19  1.17284921402348308E-002  in event            3
 Added good helicity            6  9.28432283506710970E-006  in event            4
 Added good helicity           27  9.28432283506710970E-006  in event            4
 Added good helicity            4  4.77831512096039523E-004  in event            6
 Added good helicity           29  4.77831512096039523E-004  in event            6
 Iteration  1   Mean: 0.1128E+09 Abs mean: 0.1128E+09   Fluctuation:  0.864E+07   0.450E+10    99.1%
  1    0.1128E+09 0.1128E+09 +- 0.8642E+07      2.42
 Writing out events   12644.235113496601        2.4232107113649630     
 Relative summed weights:
  0.1539E+00  0.0000E+00
  0.1635E+00  0.0000E+00
  0.1566E+00  0.0000E+00
  0.1752E+00  0.0000E+00
  0.2078E+00  0.0000E+00
  0.1430E+00  0.0000E+00
 Relative number of events:
  0.1640E+00  0.0000E+00
  0.1480E+00  0.0000E+00
  0.1760E+00  0.0000E+00
  0.1880E+00  0.0000E+00
  0.1740E+00  0.0000E+00
  0.1500E+00  0.0000E+00
 Events:
         164           0
         148           0
         176           0
         188           0
         174           0
         150           0
 Iteration  2   Mean: 0.1149E+09 Abs mean: 0.1149E+09   Fluctuation:  0.898E+07   0.137E+11    99.5%
  2    0.1149E+09 0.1149E+09 +- 0.8979E+07      3.49
 Relative summed weights:
  0.1815E+00  0.0000E+00
  0.1509E+00  0.0000E+00
  0.1580E+00  0.0000E+00
  0.1720E+00  0.0000E+00
  0.2075E+00  0.0000E+00
  0.1302E+00  0.0000E+00
 Relative number of events:
  0.1655E+00  0.0000E+00
  0.1595E+00  0.0000E+00
  0.1605E+00  0.0000E+00
  0.1855E+00  0.0000E+00
  0.1670E+00  0.0000E+00
  0.1620E+00  0.0000E+00
 Events:
         331           0
         319           0
         321           0
         371           0
         334           0
         324           0
 Iteration  3   Mean: 0.1068E+09 Abs mean: 0.1068E+09   Fluctuation:  0.368E+07   0.889E+10    99.3%
  3    0.1068E+09 0.1068E+09 +- 0.3681E+07      2.18
 Relative summed weights:
  0.1668E+00  0.0000E+00
  0.1759E+00  0.0000E+00
  0.1619E+00  0.0000E+00
  0.1710E+00  0.0000E+00
  0.1466E+00  0.0000E+00
  0.1779E+00  0.0000E+00
 Relative number of events:
  0.1653E+00  0.0000E+00
  0.1760E+00  0.0000E+00
  0.1573E+00  0.0000E+00
  0.1775E+00  0.0000E+00
  0.1608E+00  0.0000E+00
  0.1633E+00  0.0000E+00
 Events:
         661           0
         704           0
         629           0
         710           0
         643           0
         653           0
 Found          335  events.
 Wrote           52  events.
 Actual xsec    108763157.24188742     
 Correct abs xsec    108763157.24188742     
 Event xsec    108763157.24188741     
 Events wgts > 1:            0
 % Cross section > 1:    0.0000000000000000        0.0000000000000000     
 Checking number of events   4557.2850515923246               52  chi2:   0.49168291080521809     
 Found          335  events.
 Wrote           54  events.
 Actual xsec    108763157.24188742     
 Correct abs xsec    108763157.24188742     
 Event xsec    108763157.24188742     
 Events wgts > 1:            0
 % Cross section > 1:    0.0000000000000000        0.0000000000000000     
 Iteration  4   Mean: 0.1211E+09 Abs mean: 0.1211E+09   Fluctuation:  0.489E+07   0.139E+11    99.4%
  4    0.1211E+09 0.1211E+09 +- 0.4894E+07      3.61
 Relative summed weights:
  0.1624E+00  0.0000E+00
  0.1571E+00  0.0000E+00
  0.1720E+00  0.0000E+00
  0.1874E+00  0.0000E+00
  0.1411E+00  0.0000E+00
  0.1800E+00  0.0000E+00
 Relative number of events:
  0.1766E+00  0.0000E+00
  0.1630E+00  0.0000E+00
  0.1623E+00  0.0000E+00
  0.1621E+00  0.0000E+00
  0.1654E+00  0.0000E+00
  0.1706E+00  0.0000E+00
 Events:
        1413           0
        1304           0
        1298           0
        1297           0
        1323           0
        1365           0
 Found          734  events.
 Wrote           63  events.
 Actual xsec    113025021.81381668     
 Correct abs xsec    113025021.81381668     
 Event xsec    113025021.81381650     
 Events wgts > 1:            3
 % Cross section > 1:    174469.36108951550       0.15436348366905411     
 Checking number of events   4735.8614390207322               63  chi2:    2.8458010145883290     
 Found          734  events.
 Wrote           76  events.
 Actual xsec    113025021.81381668     
 Correct abs xsec    113025021.81381668     
 Event xsec    113025021.81381650     
 Events wgts > 1:            3
 % Cross section > 1:    144664.11526345671       0.12799299919778698     
 Iteration  5   Mean: 0.1121E+09 Abs mean: 0.1121E+09   Fluctuation:  0.248E+07   0.143E+11    99.3%
  5    0.1121E+09 0.1121E+09 +- 0.2478E+07      2.80
 Relative summed weights:
  0.1665E+00  0.0000E+00
  0.1811E+00  0.0000E+00
  0.1753E+00  0.0000E+00
  0.1534E+00  0.0000E+00
  0.1617E+00  0.0000E+00
  0.1620E+00  0.0000E+00
 Relative number of events:
  0.1633E+00  0.0000E+00
  0.1718E+00  0.0000E+00
  0.1649E+00  0.0000E+00
  0.1641E+00  0.0000E+00
  0.1715E+00  0.0000E+00
  0.1644E+00  0.0000E+00
 Events:
        2612           0
        2749           0
        2639           0
        2625           0
        2744           0
        2631           0
 Found         1368  events.
 Wrote          258  events.
 Actual xsec    112395605.41371779     
 Correct abs xsec    112395605.41371779     
 Event xsec    112395605.41371793     
 Events wgts > 1:            6
 % Cross section > 1:    1097280.7688203722       0.97626661183182573     
 Checking number of events   4709.4882624401889              258  chi2:    2.7755049864908754     
 Found         1368  events.
 Wrote          251  events.
 Actual xsec    112395605.41371779     
 Correct abs xsec    112395605.41371779     
 Event xsec    112395605.41371793     
 Events wgts > 1:            6
 % Cross section > 1:    1127575.2245919080        1.0032200284356376     
 Iteration  6   Mean: 0.1254E+09 Abs mean: 0.1254E+09   Fluctuation:  0.488E+07   0.107E+12    99.5%
  6    0.1254E+09 0.1254E+09 +- 0.4884E+07      6.97
 Relative summed weights:
  0.1757E+00  0.0000E+00
  0.1536E+00  0.0000E+00
  0.1623E+00  0.0000E+00
  0.1702E+00  0.0000E+00
  0.1528E+00  0.0000E+00
  0.1855E+00  0.0000E+00
 Relative number of events:
  0.1689E+00  0.0000E+00
  0.1663E+00  0.0000E+00
  0.1667E+00  0.0000E+00
  0.1654E+00  0.0000E+00
  0.1678E+00  0.0000E+00
  0.1649E+00  0.0000E+00
 Events:
        5404           0
        5323           0
        5333           0
        5293           0
        5370           0
        5277           0
 Found         2950  events.
 Wrote           39  events.
 Actual xsec    116411881.11639120     
 Correct abs xsec    116411881.11639120     
 Event xsec    116411881.11639118     
 Events wgts > 1:            0
 % Cross section > 1:    0.0000000000000000        0.0000000000000000     
 Checking number of events   4877.7742306579075               39  chi2:    3.6751825619171816     
 Found         2950  events.
 Wrote           42  events.
 Actual xsec    116411881.11639120     
 Correct abs xsec    116411881.11639120     
 Event xsec    116411881.11639123     
 Events wgts > 1:            0
 % Cross section > 1:    0.0000000000000000        0.0000000000000000     
 Iteration  7   Mean: 0.1151E+09 Abs mean: 0.1151E+09   Fluctuation:  0.231E+07   0.628E+11    99.4%
  7    0.1151E+09 0.1151E+09 +- 0.2310E+07      5.08
 Relative summed weights:
  0.1739E+00  0.0000E+00
  0.1668E+00  0.0000E+00
  0.1670E+00  0.0000E+00
  0.1580E+00  0.0000E+00
  0.1647E+00  0.0000E+00
  0.1697E+00  0.0000E+00
 Relative number of events:
  0.1678E+00  0.0000E+00
  0.1658E+00  0.0000E+00
  0.1685E+00  0.0000E+00
  0.1682E+00  0.0000E+00
  0.1646E+00  0.0000E+00
  0.1651E+00  0.0000E+00
 Events:
       10741           0
       10610           0
       10783           0
       10767           0
       10533           0
       10566           0
 Found         4987  events.
 Wrote          126  events.
 Actual xsec    115250425.07084979     
 Correct abs xsec    115250425.07084979     
 Event xsec    115250425.07084946     
 Events wgts > 1:            3
 % Cross section > 1:    248205.96241369064       0.21536229672134191     
 Checking number of events   4829.1080608936772              126  chi2:    2.9716846260202554     
 Found         4987  events.
 Wrote          136  events.
 Actual xsec    115250425.07084979     
 Correct abs xsec    115250425.07084979     
 Event xsec    115250425.07084984     
 Events wgts > 1:            3
 % Cross section > 1:    229991.94429014670       0.19955843472920803     
 Iteration  8   Mean: 0.1242E+09 Abs mean: 0.1242E+09   Fluctuation:  0.338E+07   0.265E+12    99.4%
  8    0.1242E+09 0.1242E+09 +- 0.3382E+07      9.74
 Relative summed weights:
  0.1566E+00  0.0000E+00
  0.1639E+00  0.0000E+00
  0.1575E+00  0.0000E+00
  0.1753E+00  0.0000E+00
  0.1678E+00  0.0000E+00
  0.1789E+00  0.0000E+00
 Relative number of events:
  0.1657E+00  0.0000E+00
  0.1687E+00  0.0000E+00
  0.1664E+00  0.0000E+00
  0.1676E+00  0.0000E+00
  0.1661E+00  0.0000E+00
  0.1656E+00  0.0000E+00
 Events:
       21211           0
       21590           0
       21298           0
       21448           0
       21260           0
       21193           0
 Found        11418  events.
 Wrote           97  events.
 Actual xsec    119374588.85830976     
 Correct abs xsec    119374588.85830976     
 Event xsec    119374588.85830982     
 Events wgts > 1:            3
 % Cross section > 1:    1181774.9805624424       0.98997197968584050     
 Checking number of events   5001.9146477520371               97  chi2:    3.4555443776329140     
 Found        11418  events.
 Wrote          101  events.
 Actual xsec    119374588.85830976     
 Correct abs xsec    119374588.85830976     
 Event xsec    119374588.85830985     
 Events wgts > 1:            3
 % Cross section > 1:    1135417.1719007366       0.95113807951908891     
 Iteration  9   Mean: 0.1206E+09 Abs mean: 0.1206E+09   Fluctuation:  0.264E+07   0.565E+12    99.4%
  9    0.1206E+09 0.1206E+09 +- 0.2638E+07     11.07
 Relative summed weights:
  0.1615E+00  0.0000E+00
  0.1933E+00  0.0000E+00
  0.1618E+00  0.0000E+00
  0.1622E+00  0.0000E+00
  0.1628E+00  0.0000E+00
  0.1584E+00  0.0000E+00
 Relative number of events:
  0.1668E+00  0.0000E+00
  0.1672E+00  0.0000E+00
  0.1660E+00  0.0000E+00
  0.1662E+00  0.0000E+00
  0.1675E+00  0.0000E+00
  0.1664E+00  0.0000E+00
 Events:
       42698           0
       42800           0
       42491           0
       42546           0
       42872           0
       42593           0
 Found        20823  events.
 Wrote           56  events.
 Actual xsec    119121492.37221542     
 Correct abs xsec    119121492.37221542     
 Event xsec    119121492.37221532     
 Events wgts > 1:            1
 % Cross section > 1:   9.32311266660690308E-003  7.82655797954180771E-009
 Checking number of events   4991.3096518881985               56  chi2:    2.7570368192740098     
 Found        20823  events.
 Wrote           55  events.
 Actual xsec    119121492.37221542     
 Correct abs xsec    119121492.37221542     
 Event xsec    119121492.37221538     
 Events wgts > 1:            1
 % Cross section > 1:   9.49262408539652824E-003  7.96885926826303526E-009

 -------------------------------------------------------------------------------
 Accumulated results:   Integral =  0.1171E+09
                        Std dev  =  0.1147E+07
                       Cross sec =  0.1171E+09
             Chi**2 per DoF.     =      2.7645
 -------------------------------------------------------------------------------
-------------------------------------------------
---------------------------
 Results Last   3 iters: Integral =   0.1191E+09
                     Abs integral =   0.1191E+09
                          Std dev =   0.1548E+07
                  Chi**2 per DoF. =      2.7570
-------------------------------------------------
---------------------------
 Status -4.19009999999999974E-005          10           9
 Trying w/ fresh grid
 Starting w/ ncall =         4000
 Keeping grid fixed.
  5 dimensions   4000 events  5 invarients  8 iterations  1 config(s),  (0.99)
 Using h-tuple random number sequence.
 Error opening grid
 Using Uniform Grid!
 Using uniform alpha   1.0000000000000000     
 Grid defined OK
 Warning: No cutoff for shat integral found
          Minimum set to    204.08163265306121     
Setting grid   1    0.20408E+03   1
 Warning: No cutoff for shat integral found
          Minimum set to    204.08163265306121     
Setting grid   2    0.20408E+03   1
Warning xbin not returning correct x   2  0.999986E+00  0.996115E+00  0.2837E+03
Warning xbin not returning correct x   2  0.999956E+00  0.987518E+00  0.2837E+03
Warning xbin not returning correct x   2  0.999970E+00  0.991425E+00  0.2837E+03
Warning xbin not returning correct x   2  0.999982E+00  0.994796E+00  0.2837E+03
Warning xbin not returning correct x   2  0.999985E+00  0.995692E+00  0.2837E+03
Warning xbin still not working well. Last message this iteration.
 Iteration  1   Mean: 0.4684E+08 Abs mean: 0.4684E+08   Fluctuation:  0.218E+08   0.809E+11    98.8%
  1    0.4684E+08 0.4684E+08 +- 0.2184E+08     29.49
 Relative summed weights:
  0.1563E+00  0.0000E+00
  0.4062E-01  0.0000E+00
  0.2246E+00  0.0000E+00
  0.5084E+00  0.0000E+00
  0.4542E-01  0.0000E+00
  0.2469E-01  0.0000E+00
 Relative number of events:
  0.1742E+00  0.0000E+00
  0.1713E+00  0.0000E+00
  0.1673E+00  0.0000E+00
  0.1643E+00  0.0000E+00
  0.1663E+00  0.0000E+00
  0.1568E+00  0.0000E+00
 Events:
         697           0
         685           0
         669           0
         657           0
         665           0
         627           0
Warning xbin not returning correct x   1  0.986041E+00  0.999791E+00  0.1518E-01
Warning xbin not returning correct x   1  0.985503E+00  0.999783E+00  0.1518E-01
Warning xbin not returning correct x   1  0.992627E+00  0.999890E+00  0.1518E-01
Warning xbin not returning correct x   1  0.985262E+00  0.999780E+00  0.1518E-01
Warning xbin not returning correct x   1  0.991947E+00  0.999880E+00  0.1518E-01
Warning xbin still not working well. Last message this iteration.
 Iteration  2   Mean: 0.2724E+07 Abs mean: 0.2724E+07   Fluctuation:  0.182E+06   0.687E+09    96.8%
  2    0.2724E+07 0.2724E+07 +- 0.1815E+06      5.96
 Relative summed weights:
  0.1388E+00  0.0000E+00
  0.1562E+00  0.0000E+00
  0.2176E+00  0.0000E+00
  0.1968E+00  0.0000E+00
  0.1476E+00  0.0000E+00
  0.1431E+00  0.0000E+00
 Relative number of events:
  0.1601E+00  0.0000E+00
  0.1705E+00  0.0000E+00
  0.1730E+00  0.0000E+00
  0.1671E+00  0.0000E+00
  0.1641E+00  0.0000E+00
  0.1651E+00  0.0000E+00
 Events:
        1281           0
        1364           0
        1384           0
        1337           0
        1313           0
        1321           0
 Iteration  3   Mean: 0.2528E+08 Abs mean: 0.2528E+08   Fluctuation:  0.373E+07   0.314E+11    99.9%
  3    0.2528E+08 0.2528E+08 +- 0.3728E+07     18.66
 Relative summed weights:
  0.9408E-01  0.0000E+00
  0.1443E+00  0.0000E+00
  0.1709E+00  0.0000E+00
  0.1742E+00  0.0000E+00
  0.2694E+00  0.0000E+00
  0.1471E+00  0.0000E+00
 Relative number of events:
  0.1699E+00  0.0000E+00
  0.1688E+00  0.0000E+00
  0.1633E+00  0.0000E+00
  0.1679E+00  0.0000E+00
  0.1645E+00  0.0000E+00
  0.1656E+00  0.0000E+00
 Events:
        2719           0
        2700           0
        2612           0
        2687           0
        2632           0
        2650           0
 Found         1890  events.
 Wrote           11  events.
 Actual xsec    7218599.6420971379     
 Correct abs xsec    7218599.6420971379     
 Event xsec    7218599.6420971388     
 Events wgts > 1:            1
 % Cross section > 1:   0.20002158451825380       2.77091949180525230E-006
 Checking number of events   302.46654360351215               11  chi2:    319.87011171886729     
 Found         1890  events.
 Wrote            6  events.
 Actual xsec    7218599.6420971379     
 Correct abs xsec    7218599.6420971379     
 Event xsec    7218599.6420971379     
 Events wgts > 1:            1
 % Cross section > 1:   0.36670622974634171       5.08001895004398302E-006
 Iteration  4   Mean: 0.4951E+08 Abs mean: 0.4951E+08   Fluctuation:  0.749E+07   0.185E+12    99.8%
  4    0.4951E+08 0.4951E+08 +- 0.7488E+07     27.06
 Relative summed weights:
  0.1595E+00  0.0000E+00
  0.1340E+00  0.0000E+00
  0.2520E+00  0.0000E+00
  0.8997E-01  0.0000E+00
  0.1179E+00  0.0000E+00
  0.2466E+00  0.0000E+00
 Relative number of events:
  0.1681E+00  0.0000E+00
  0.1663E+00  0.0000E+00
  0.1660E+00  0.0000E+00
  0.1654E+00  0.0000E+00
  0.1653E+00  0.0000E+00
  0.1690E+00  0.0000E+00
 Events:
        5378           0
        5322           0
        5313           0
        5292           0
        5288           0
        5407           0
 Found         1649  events.
 Wrote            9  events.
 Actual xsec    12508532.078393290     
 Correct abs xsec    12508532.078393290     
 Event xsec    12508532.078393284     
 Events wgts > 1:            1
 % Cross section > 1:   8.51622310001403093E-002  6.80833134267177514E-007
 Checking number of events   524.12000261675723                9  chi2:    1470.7320728032528     
 Found         1649  events.
 Wrote           10  events.
 Actual xsec    12508532.078393290     
 Correct abs xsec    12508532.078393290     
 Event xsec    12508532.078393290     
 Events wgts > 1:            1
 % Cross section > 1:   7.66460078302770853E-002  6.12749820282047003E-007
 Iteration  5   Mean: 0.7769E+08 Abs mean: 0.7769E+08   Fluctuation:  0.106E+08   0.533E+12    99.1%
  5    0.7769E+08 0.7769E+08 +- 0.1060E+08     34.52
 Relative summed weights:
  0.1243E+00  0.0000E+00
  0.1545E+00  0.0000E+00
  0.1846E+00  0.0000E+00
  0.2314E+00  0.0000E+00
  0.1339E+00  0.0000E+00
  0.1714E+00  0.0000E+00
 Relative number of events:
  0.1675E+00  0.0000E+00
  0.1648E+00  0.0000E+00
  0.1653E+00  0.0000E+00
  0.1667E+00  0.0000E+00
  0.1674E+00  0.0000E+00
  0.1683E+00  0.0000E+00
 Events:
       10723           0
       10550           0
       10576           0
       10668           0
       10714           0
       10769           0
 Found         4174  events.
 Wrote            9  events.
 Actual xsec    52294573.120340161     
 Correct abs xsec    52294573.120340161     
 Event xsec    52294573.120340168     
 Events wgts > 1:            1
 % Cross section > 1:    1.5814691586419940       3.02415540328194328E-006
 Checking number of events   2191.1949083153731                9  chi2:    29.189528861639850     
 Found         4174  events.
 Wrote            9  events.
 Actual xsec    52294573.120340161     
 Correct abs xsec    52294573.120340161     
 Event xsec    52294573.120340168     
 Events wgts > 1:            1
 % Cross section > 1:    1.5814691586419940       3.02415540328194328E-006
 Fixing grid
 Iteration  6   Mean: 0.9285E+08 Abs mean: 0.9285E+08   Fluctuation:  0.101E+08   0.121E+13    99.7%
  6    0.9285E+08 0.9285E+08 +- 0.1015E+08     39.09
 Relative summed weights:
  0.1393E+00  0.0000E+00
  0.1697E+00  0.0000E+00
  0.1934E+00  0.0000E+00
  0.2478E+00  0.0000E+00
  0.1221E+00  0.0000E+00
  0.1277E+00  0.0000E+00
 Relative number of events:
  0.1672E+00  0.0000E+00
  0.1678E+00  0.0000E+00
  0.1646E+00  0.0000E+00
  0.1656E+00  0.0000E+00
  0.1669E+00  0.0000E+00
  0.1679E+00  0.0000E+00
 Events:
       21397           0
       21475           0
       21075           0
       21193           0
       21368           0
       21492           0
 Found         8249  events.
 Wrote           11  events.
 Actual xsec    77898805.896714509     
 Correct abs xsec    77898805.896714509     
 Event xsec    77898805.896714509     
 Events wgts > 1:            1
 % Cross section > 1:    2.2416513990610838       2.87764539296439794E-006
 Checking number of events   3264.0378658782342               11  chi2:    8.2743417562731914     
 Found         8249  events.
 Wrote            8  events.
 Actual xsec    77898805.896714509     
 Correct abs xsec    77898805.896714509     
 Event xsec    77898805.896714509     
 Events wgts > 1:            1
 % Cross section > 1:    3.0822706408798695       3.95676237318275556E-006
 Iteration  7   Mean: 0.1021E+09 Abs mean: 0.1021E+09   Fluctuation:  0.662E+07   0.113E+13    99.7%
  7    0.1021E+09 0.1021E+09 +- 0.6617E+07     32.79
 Relative summed weights:
  0.1503E+00  0.0000E+00
  0.1685E+00  0.0000E+00
  0.1709E+00  0.0000E+00
  0.1743E+00  0.0000E+00
  0.1841E+00  0.0000E+00
  0.1519E+00  0.0000E+00
 Relative number of events:
  0.1663E+00  0.0000E+00
  0.1665E+00  0.0000E+00
  0.1666E+00  0.0000E+00
  0.1661E+00  0.0000E+00
  0.1673E+00  0.0000E+00
  0.1672E+00  0.0000E+00
 Events:
       42582           0
       42631           0
       42661           0
       42515           0
       42818           0
       42793           0
 Found        14032  events.
 Wrote           17  events.
 Actual xsec    96548390.942971885     
 Correct abs xsec    96548390.942971885     
 Event xsec    96548390.942971855     
 Events wgts > 1:            0
 % Cross section > 1:    0.0000000000000000        0.0000000000000000     
 Checking number of events   4045.4741289014646               17  chi2:    2.0015704363299207     
 Found        14032  events.
 Wrote           20  events.
 Actual xsec    96548390.942971885     
 Correct abs xsec    96548390.942971885     
 Event xsec    96548390.942971826     
 Events wgts > 1:            0
 % Cross section > 1:    0.0000000000000000        0.0000000000000000     
 Iteration  8   Mean: 0.1214E+09 Abs mean: 0.1214E+09   Fluctuation:  0.194E+08   0.875E+13    99.7%
  8    0.1214E+09 0.1214E+09 +- 0.1941E+08    114.44
 Relative summed weights:
  0.1361E+00  0.0000E+00
  0.1255E+00  0.0000E+00
  0.1148E+00  0.0000E+00
  0.1456E+00  0.0000E+00
  0.2896E+00  0.0000E+00
  0.1885E+00  0.0000E+00
 Relative number of events:
  0.1658E+00  0.0000E+00
  0.1673E+00  0.0000E+00
  0.1673E+00  0.0000E+00
  0.1660E+00  0.0000E+00
  0.1666E+00  0.0000E+00
  0.1670E+00  0.0000E+00
 Events:
       84912           0
       85635           0
       85675           0
       84987           0
       85284           0
       85507           0
 Found        25904  events.
 Wrote            4  events.
 Actual xsec    118717628.29094355     
 Correct abs xsec    118717628.29094355     
 Event xsec    118717628.29094355     
 Events wgts > 1:            0
 % Cross section > 1:    0.0000000000000000        0.0000000000000000     
 Checking number of events   4275.7963479704649                4  chi2:   0.90699755041874996     
 Found        25904  events.
 Wrote            7  events.
 Actual xsec    118717628.29094355     
 Correct abs xsec    118717628.29094355     
 Event xsec    118717628.29094356     
 Events wgts > 1:            0
 % Cross section > 1:    0.0000000000000000        0.0000000000000000     

 -------------------------------------------------------------------------------
 Accumulated results:   Integral =  0.6151E+08
                        Std dev  =  0.2270E+07
                       Cross sec =  0.6151E+08
             Chi**2 per DoF.     =     55.6926
 -------------------------------------------------------------------------------
-------------------------------------------------
---------------------------
 Results Last   3 iters: Integral =   0.1020E+09
                     Abs integral =   0.1020E+09
                         Std dev =   0.5371E+07
                 Chi**2 per DoF. =      0.9070
-------------------------------------------------
---------------------------

ls status:
events.lhe
ftn25
ftn26
input_sg.txt
log.txt
moffset.dat
results.dat
run1_app.log
