 Process in group number            1
 No PDF is used, alpha_s(MZ) from param_card is used
 Value of alpha_s from param_card:   0.11800000071525575     
 The default order of alpha_s running is fixed to            2
 Warning: pt or E min of a gamma should in general be >0
 Warning: pt or E min of a gamma should in general be >0
 *****************************************************
 *               MadGraph/MadEvent                   *
 *        --------------------------------           *
 *          http://madgraph.hep.uiuc.edu             *
 *          http://madgraph.phys.ucl.ac.be           *
 *          http://madgraph.roma2.infn.it            *
 *        --------------------------------           *
 *                                                   *
 *          PARAMETER AND COUPLING VALUES            *
 *                                                   *
 *****************************************************

  External Params
  ---------------------------------
  
 mdl_MB =    4.6999998092651367     
 mdl_MT =    173.00000000000000     
 mdl_Me =   5.10999991092830896E-004
 mdl_MM =   0.10565999895334244     
 mdl_MTA =    1.7769999504089355     
 mdl_MZ =    91.188003540039063     
 mdl_MH =    125.00000000000000     
 aEWM1 =    132.50700378417969     
 mdl_Gf =   1.16639000000000003E-005
 aS =   0.11800000071525575     
 mdl_ymb =    4.6999998092651367     
 mdl_ymt =    173.00000000000000     
 mdl_yme =   5.10999991092830896E-004
 mdl_ymm =   0.10565999895334244     
 mdl_ymtau =    1.7769999504089355     
 mdl_WT =    1.4915000200271606     
 mdl_WTau =   2.26999999999999982E-012
 mdl_WZ =    2.4414041042327881     
 mdl_WW =    2.0476000308990479     
 mdl_WH =   6.38233916833996773E-003
  Internal Params
  ---------------------------------
  
 mdl_conjg__CKM3x3 =    1.0000000000000000     
 mdl_CKM3x3 =    1.0000000000000000     
 mdl_conjg__CKM1x1 =    1.0000000000000000     
 mdl_complexi =  (  0.0000000000000000     ,  1.0000000000000000     )
 mdl_MZ__exp__2 =    8315.2519896181766     
 mdl_MZ__exp__4 =    69143415.650849044     
 mdl_sqrt__2 =    1.4142135623730951     
 mdl_MH__exp__2 =    15625.000000000000     
 mdl_aEW =   7.54677089845565054E-003
 mdl_MW =    80.419007276179556     
 mdl_sqrt__aEW =   8.68721526063194194E-002
 mdl_ee =   0.30795376284704501     
 mdl_MW__exp__2 =    6467.2167312862202     
 mdl_sw2 =   0.22224645274001076     
 mdl_cw =   0.88190336616887299     
 mdl_sqrt__sw2 =   0.47143022043565552     
 mdl_sw =   0.47143022043565552     
 mdl_g1 =   0.34919218438279087     
 mdl_gw =   0.65323296958447097     
 mdl_vev =    246.21845810181631     
 mdl_vev__exp__2 =    60623.529110035874     
 mdl_lam =   0.12886910601690271     
 mdl_yb =   2.69955531549349904E-002
 mdl_ye =   2.93504850670934038E-006
 mdl_ym =   6.06883028478528356E-004
 mdl_yt =   0.99366614581500645     
 mdl_ytau =   1.02066167158167895E-002
 mdl_muH =    88.388347648318444     
 mdl_I1x33 =  ( 2.69955531549349904E-002,  0.0000000000000000     )
 mdl_I2x33 =  ( 0.99366614581500645     ,  0.0000000000000000     )
 mdl_I3x33 =  ( 0.99366614581500645     ,  0.0000000000000000     )
 mdl_I4x33 =  ( 2.69955531549349904E-002,  0.0000000000000000     )
 mdl_ee__exp__2 =   9.48355200516540348E-002
 mdl_sw__exp__2 =   0.22224645274001076     
 mdl_cw__exp__2 =   0.77775354725998924     
  Internal Params evaluated point by point
  ----------------------------------------
  
 mdl_sqrt__aS =   0.34351128178744839     
 mdl_G__exp__2 =    1.4828317414825511     
  Couplings of sm-lepton_masses
  ---------------------------------
  
         GC_3 =  -0.00000E+00  -0.30795E+00

 Collider parameters:
 --------------------

 Running at e e   machine @   7.00000000000000067E-002  GeV
 PDF set = none   
 alpha_s(Mz)= 0.1180 running at 2 loops.
 alpha_s(Mz)= 0.1180 running at 2 loops.
 Renormalization scale fixed @    91.188000000000002     
 Factorization scales  fixed @    91.188000000000002        91.188000000000002     


 getting user params
Enter number of events and max and min iterations: 
 Number of events and iterations         2000           9           3
Enter desired fractional accuracy: 
 Desired fractional accuracy:  -1.69639999999999989E-005
Enter 0 for fixed, 2 for adjustable grid: 
Suppress amplitude (0 no, 1 yes)? 
 Using suppressed amplitude.
Exact helicity sum (0 yes, n = number/event)? 
 Explicitly summing over helicities
Enter Configuration Number: 
Running Configuration Number:    1
 Not subdividing B.W.
 Attempting mappinvarients           1           4
 Completed mapping           4
 about to integrate            2        2000           9           3           2           1
 Using non-zero grid deformation.
  2 dimensions   2000 events  2 invarients  9 iterations  1 config(s),  (0.99)
 Using h-tuple random number sequence.
 Error opening grid
 Using Uniform Grid!
 Using uniform alpha   1.0000000000000000     
 Grid defined OK
 Set CM energy to          0.07
 Mapping Graph           1  to config           1
 Warning: No cutoff for shat integral found
          Minimum set to    204.08163265306121     
Setting grid   1    0.20408E+03   1
 Masses: 0.511E-03 0.511E-03 0.000E+00 0.000E+00
   1   1   2
 Got moffset           3
Using random seed offsets     1 :      1
  with seed                  267
 Ranmar initialization seeds       26466       19122
  Particle       3       4
      Et >     0.0     0.0
       E >     0.0     0.0
     Eta <    -1.0    -1.0
   xqcut:      0.0     0.0
d R # 3  >    -0.0     0.0
s min # 3>     0.0     0.0
xqcutij # 3>     0.0     0.0
 alpha_s for scale    91.188000000000002       is   0.11800000071525575     
 Added good helicity            1  3.85871519934493984E-003  in event            1
 Added good helicity            2  4.18366856865407932E-004  in event            1
 Added good helicity            3  4.18366856865407932E-004  in event            1
 Added good helicity            6   7.4803342958556502       in event            1
 Added good helicity            7  0.51497025522031514       in event            1
 Added good helicity           10  0.51497025522031514       in event            1
 Added good helicity           11   7.4803342958556502       in event            1
 Added good helicity           14  4.18366856865407932E-004  in event            1
 Added good helicity           15  4.18366856865407932E-004  in event            1
 Added good helicity           16  3.85871519934493984E-003  in event            1
 Iteration  1   Mean: 0.4661E+09 Abs mean: 0.4661E+09   Fluctuation:  0.269E+09   0.534E+12   100.0%
  1    0.4661E+09 0.4661E+09 +- 0.2687E+09     25.78
 Writing out events   25894.769216649867        25.777743933503835     
 Relative summed weights:
  0.2099E+00  0.0000E+00
  0.7901E+00  0.0000E+00
 Relative number of events:
  0.5125E+00  0.0000E+00
  0.4875E+00  0.0000E+00
 Events:
        1025           0
         975           0
Warning xbin not returning correct x   1  0.987539E+00  0.999807E+00  0.1569E-01
 Iteration  2   Mean: 0.9204E+08 Abs mean: 0.9204E+08   Fluctuation:  0.433E+07   0.352E+10   100.0%
  2    0.9204E+08 0.9204E+08 +- 0.4328E+07      2.97
 Relative summed weights:
  0.4501E+00  0.0000E+00
  0.5499E+00  0.0000E+00
 Relative number of events:
  0.4953E+00  0.0000E+00
  0.5048E+00  0.0000E+00
 Events:
        1981           0
        2019           0
 Iteration  3   Mean: 0.2358E+09 Abs mean: 0.2358E+09   Fluctuation:  0.301E+08   0.135E+12   100.0%
  3    0.2358E+09 0.2358E+09 +- 0.3011E+08     11.42
 Relative summed weights:
  0.5982E+00  0.0000E+00
  0.4018E+00  0.0000E+00
 Relative number of events:
  0.4923E+00  0.0000E+00
  0.5078E+00  0.0000E+00
 Events:
        3938           0
        4062           0
 Found          801  events.
 Wrote           11  events.
 Actual xsec    111303733.75643194     
 Correct abs xsec    111303733.75643194     
 Event xsec    111303733.75643192     
 Events wgts > 1:            0
 % Cross section > 1:    0.0000000000000000        0.0000000000000000     
 Checking number of events   1888.1565394441113               11  chi2:    19.325874914176751     
 Found          801  events.
 Wrote           13  events.
 Actual xsec    111303733.75643194     
 Correct abs xsec    111303733.75643194     
 Event xsec    111303733.75643194     
 Events wgts > 1:            0
 % Cross section > 1:    0.0000000000000000        0.0000000000000000     
 Iteration  4   Mean: 0.2697E+09 Abs mean: 0.2697E+09   Fluctuation:  0.273E+08   0.301E+12   100.0%
  4    0.2697E+09 0.2697E+09 +- 0.2734E+08     12.83
 Relative summed weights:
  0.3876E+00  0.0000E+00
  0.6124E+00  0.0000E+00
 Relative number of events:
  0.4944E+00  0.0000E+00
  0.5056E+00  0.0000E+00
 Events:
        7911           0
        8089           0
 Found         1079  events.
 Wrote           17  events.
 Actual xsec    134773430.00177908     
 Correct abs xsec    134773430.00177908     
 Event xsec    134773430.00177899     
 Events wgts > 1:            1
 % Cross section > 1:    2.1651369370520115       1.60650132375753314E-006
 Checking number of events   2286.2964665501800               17  chi2:    66.530823382566751     
 Found         1079  events.
 Wrote           19  events.
 Actual xsec    134773430.00177908     
 Correct abs xsec    134773430.00177908     
 Event xsec    134773430.00177908     
 Events wgts > 1:            1
 % Cross section > 1:    1.9372277893126011       1.43739592387537269E-006
 Iteration  5   Mean: 0.2734E+09 Abs mean: 0.2734E+09   Fluctuation:  0.339E+07   0.880E+10   100.0%
  5    0.2734E+09 0.2734E+09 +- 0.3393E+07      2.22
 Relative summed weights:
  0.5041E+00  0.0000E+00
  0.4959E+00  0.0000E+00
 Relative number of events:
  0.5014E+00  0.0000E+00
  0.4986E+00  0.0000E+00
 Events:
       16045           0
       15955           0
 Found         2974  events.
 Wrote         1436  events.
 Actual xsec    272989449.77206403     
 Correct abs xsec    272989449.77206403     
 Event xsec    272989449.77207148     
 Events wgts > 1:           85
 % Cross section > 1:    2623127.1626064116       0.96088957459585100     
 Checking number of events   4630.9930259332941             1436  chi2:   0.77588205406534660     
 Found         2974  events.
 Wrote         1454  events.
 Actual xsec    272989449.77206403     
 Correct abs xsec    272989449.77206403     
 Event xsec    272989449.77206743     
 Events wgts > 1:           85
 % Cross section > 1:    2590961.9935412779       0.94910700604166276     
 Iteration  6   Mean: 0.2787E+09 Abs mean: 0.2787E+09   Fluctuation:  0.114E+07   0.191E+10   100.0%
  6    0.2787E+09 0.2787E+09 +- 0.1139E+07      1.03
 Relative summed weights:
  0.4993E+00  0.0000E+00
  0.5007E+00  0.0000E+00
 Relative number of events:
  0.4991E+00  0.0000E+00
  0.5009E+00  0.0000E+00
 Events:
       31941           0
       32059           0
 Found         6407  events.
 Wrote         6403  events.
 Actual xsec    278183109.27804995     
 Correct abs xsec    278183109.27804995     
 Event xsec    278183109.27803969     
 Events wgts > 1:            0
 % Cross section > 1:    0.0000000000000000        0.0000000000000000     
 Checking number of events   4719.0982657928389             6403  chi2:    1.1555144970744335     

 -------------------------------------------------------------------------------
 Accumulated results:   Integral =  0.2769E+09
                        Std dev  =  0.1070E+07
                       Cross sec =  0.4160E+02
             Chi**2 per DoF.     =
-------------------------------------------------
---------------------------
 Results Last   3 iters: Integral =   0.2782E+09
                     Abs integral =   0.2782E+09
                          Std dev =   0.1079E+07
                  Chi**2 per DoF. =      1.1555
-------------------------------------------------
---------------------------
 Status -1.69639999999999989E-005           7           9
 We found enough events        6403   4719.0982657928389     

ls status:
events.lhe
ftn25
ftn26
input_sg.txt
moffset.dat
results.dat
run_01_ftn26.gz
run_01_log.txt
run_01_results.dat
run_03_ftn26.gz
run_03_log.txt
run_03_results.dat
run_04_ftn26.gz
run_04_log.txt
run_04_results.dat
run_05_ftn26.gz
run_05_log.txt
run_05_results.dat
run_06_ftn26.gz
run_06_log.txt
run_06_results.dat
run_07_ftn26.gz
run_07_log.txt
run_07_results.dat
run_08_ftn26.gz
run_08_log.txt
run_08_results.dat
run_09_ftn26.gz
run_09_log.txt
run_09_results.dat
run_10_ftn26.gz
run_10_log.txt
run_10_results.dat
run_11_ftn26.gz
run_11_log.txt
run_11_results.dat
run_12_ftn26.gz
run_12_log.txt
run_12_results.dat
run_13_ftn26.gz
run_13_log.txt
run_13_results.dat
run_14_ftn26.gz
run_14_log.txt
run_14_results.dat
run_15_ftn26.gz
run_15_log.txt
run_15_results.dat
run_19_ftn26.gz
run_19_log.txt
run_19_results.dat
run1_app.log
run_20_ftn26.gz
run_20_log.txt
run_20_results.dat
run_21_ftn26.gz
run_21_log.txt
run_21_results.dat
run_22_ftn26.gz
run_22_log.txt
run_22_results.dat
run_23_ftn26.gz
run_23_log.txt
run_23_results.dat
run_24_ftn26.gz
run_24_log.txt
run_24_results.dat
run_25_ftn26.gz
run_25_log.txt
run_25_results.dat
