 Process in group number            0
 No PDF is used, alpha_s(MZ) from param_card is used
 Value of alpha_s from param_card:   0.11800000071525575     
 The default order of alpha_s running is fixed to            2
 Warning: pt or E min of a gamma should in general be >0
 *****************************************************
 *               MadGraph/MadEvent                   *
 *        --------------------------------           *
 *          http://madgraph.hep.uiuc.edu             *
 *          http://madgraph.phys.ucl.ac.be           *
 *          http://madgraph.roma2.infn.it            *
 *        --------------------------------           *
 *                                                   *
 *          PARAMETER AND COUPLING VALUES            *
 *                                                   *
 *****************************************************

  External Params
  ---------------------------------
  
 aEWM1 =    132.50700378417969     
 mdl_Gf =   1.16639000000000003E-005
 aS =   0.11800000071525575     
 mdl_ymb =    4.6999998092651367     
 mdl_ymt =    173.00000000000000     
 mdl_yme =   5.10999991092830896E-004
 mdl_ymm =   0.10565999895334244     
 mdl_ymtau =    1.7769999504089355     
 mdl_MZ =    91.188003540039063     
 mdl_MT =    173.00000000000000     
 mdl_MB =    4.6999998092651367     
 mdl_MH =    125.00000000000000     
 mdl_Me =   5.10999991092830896E-004
 mdl_MM =   0.10565999895334244     
 mdl_MTA =    1.7769999504089355     
 mdl_WZ =    2.4414041042327881     
 mdl_WW =    2.0476000308990479     
 mdl_WT =    1.4915000200271606     
 mdl_WH =   6.38233916833996773E-003
 mdl_WTau =   2.26999999999999982E-012
  Internal Params
  ---------------------------------
  
 mdl_conjg__CKM3x3 =    1.0000000000000000     
 mdl_CKM3x3 =    1.0000000000000000     
 mdl_conjg__CKM1x1 =    1.0000000000000000     
 mdl_complexi =  (  0.0000000000000000     ,  1.0000000000000000     )
 mdl_MZ__exp__2 =    8315.2519896181766     
 mdl_MZ__exp__4 =    69143415.650849044     
 mdl_sqrt__2 =    1.4142135623730951     
 mdl_MH__exp__2 =    15625.000000000000     
 mdl_aEW =   7.54677089845565054E-003
 mdl_MW =    80.419007276179556     
 mdl_sqrt__aEW =   8.68721526063194194E-002
 mdl_ee =   0.30795376284704501     
 mdl_MW__exp__2 =    6467.2167312862202     
 mdl_sw2 =   0.22224645274001076     
 mdl_cw =   0.88190336616887299     
 mdl_sqrt__sw2 =   0.47143022043565552     
 mdl_sw =   0.47143022043565552     
 mdl_g1 =   0.34919218438279087     
 mdl_gw =   0.65323296958447097     
 mdl_vev =    246.21845810181631     
 mdl_vev__exp__2 =    60623.529110035874     
 mdl_lam =   0.12886910601690271     
 mdl_yb =   2.69955531549349904E-002
 mdl_ye =   2.93504850670934038E-006
 mdl_ym =   6.06883028478528356E-004
 mdl_yt =   0.99366614581500645     
 mdl_ytau =   1.02066167158167895E-002
 mdl_muH =    88.388347648318444     
 mdl_I1x33 =  ( 2.69955531549349904E-002,  0.0000000000000000     )
 mdl_I2x33 =  ( 0.99366614581500645     ,  0.0000000000000000     )
 mdl_I3x33 =  ( 0.99366614581500645     ,  0.0000000000000000     )
 mdl_I4x33 =  ( 2.69955531549349904E-002,  0.0000000000000000     )
 mdl_ee__exp__2 =   9.48355200516540348E-002
 mdl_sw__exp__2 =   0.22224645274001076     
 mdl_cw__exp__2 =   0.77775354725998924     
  Internal Params evaluated point by point
  ----------------------------------------
  
 mdl_sqrt__aS =   0.34351128178744839     
 mdl_G__exp__2 =    1.4828317414825511     
  Couplings of sm-lepton_masses
  ---------------------------------
  
         GC_3 =  -0.00000E+00  -0.30795E+00
        GC_50 =  -0.00000E+00  -0.28804E+00
        GC_59 =   0.00000E+00   0.82310E-01
        GC_89 =  -0.00000E+00  -0.20754E-05

 Collider parameters:
 --------------------

 Running at e e   machine @   7.14879999999999960E-002  GeV
 PDF set = none   
 alpha_s(Mz)= 0.1180 running at 2 loops.
 alpha_s(Mz)= 0.1180 running at 2 loops.
 Renormalization scale fixed @    91.188000000000002     
 Factorization scales  fixed @    91.188000000000002        91.188000000000002     


 getting user params
Enter number of events and max and min iterations: 
 Number of events and iterations         2000           9           3
Enter desired fractional accuracy: 
 Desired fractional accuracy:  -1.09789999999999995E-035
Enter 0 for fixed, 2 for adjustable grid: 
Suppress amplitude (0 no, 1 yes)? 
 Using suppressed amplitude.
Exact helicity sum (0 yes, n = number/event)? 
 Explicitly summing over helicities
Enter Configuration Number: 
Running Configuration Number:   16
 Not subdividing B.W.
 Attempting mappinvarients           1           5
 Completed mapping           5
 about to integrate            5        2000           9           3           5           1
 Keeping grid fixed.
  5 dimensions   2000 events  5 invarients  9 iterations  1 config(s),  (0.99)
 Using h-tuple random number sequence.
 Grid read from file
 Grid defined OK
 Set CM energy to          0.07
 Mapping Graph          16  to config          16
 No modification is setgrid, grid read from file
 No modification is setgrid, grid read from file
 Masses: 0.511E-03 0.511E-03 0.000E+00 0.511E-03 0.511E-03
  16   1   2   3   4   5
 Got moffset          24
Using random seed offsets    16 :      1
  with seed                   57
 Ranmar initialization seeds       11139       25039
  Particle       3       4       5
      Et >     0.0     0.0     0.0
       E >     0.0     0.0     0.0
     Eta <    -1.0    -1.0    -1.0
   xqcut:      0.0     0.0     0.0
d R # 3  >    -0.0     0.0     0.0
d R # 4  >    -0.0    -0.0     0.4
s min # 3>     0.0     0.0     0.0
s min # 4>     0.0     0.0     0.0
xqcutij # 3>     0.0     0.0     0.0
xqcutij # 4>     0.0     0.0     0.0
 alpha_s for scale    91.188000000000002       is   0.11800000071525575     
 Added good helicity            1   4.4790347847836331       in event            1
 Added good helicity            2  1.73202193338115457E-002  in event            1
 Added good helicity            5   3.5036450001398811       in event            1
 Added good helicity           10   3.5036449962807281       in event            1
 Added good helicity           13  1.73202193309756163E-002  in event            1
 Added good helicity           14   4.4790347797328778       in event            1
 Added good helicity           19   4.4790347797328796       in event            1
 Added good helicity           20  1.73202193309756163E-002  in event            1
 Added good helicity           23   3.5036449962807299       in event            1
 Added good helicity           28   3.5036450001398811       in event            1
 Added good helicity           31  1.73202193338115630E-002  in event            1
 Added good helicity           32   4.4790347847836331       in event            1
 Added good helicity            3  6.85349766094046332E-006  in event           18
 Added good helicity            4  5.05822638583353761E-006  in event           18
 Added good helicity            6  6.96710645710669374E-006  in event           18
 Added good helicity            7  3.00645525493111540E-006  in event           18
 Added good helicity            9  6.69163918736541803E-006  in event           18
 Added good helicity           11   1.1481779228949609       in event           18
 Added good helicity           12  0.85548875948311132       in event           18
 Added good helicity           15  0.50102081859828362       in event           18
 Added good helicity           16  6.72616109632858566E-006  in event           18
 Added good helicity           17  6.72615539837862062E-006  in event           18
 Added good helicity           18  0.50102081744312921       in event           18
 Added good helicity           21  0.85548876051176659       in event           18
 Added good helicity           22   1.1481779232572451       in event           18
 Added good helicity           24  6.69163340607757622E-006  in event           18
 Added good helicity           26  3.00645783074278527E-006  in event           18
 Added good helicity           27  6.96710065180334267E-006  in event           18
 Added good helicity           29  5.05823058975566013E-006  in event           18
 Added good helicity           30  6.85350342174863072E-006  in event           18
 Iteration  1   Mean: 0.1261E+33 Abs mean: 0.1261E+33   Fluctuation:  0.843E+32   0.138E+36    99.6%
  1    0.1261E+33 0.1261E+33 +- 0.8433E+32     29.91
 Writing out events  7.03254597524357718E+027   29.910486781041033     
 Relative summed weights:
  0.1000E+01  0.0000E+00
 Relative number of events:
  0.1000E+01  0.0000E+00
 Events:
        2000           0
 Iteration  2   Mean: 0.4002E+35 Abs mean: 0.4002E+35   Fluctuation:  0.397E+35   0.159E+39    99.4%
  2    0.4002E+35 0.4002E+35 +- 0.3968E+35     62.71
 Relative summed weights:
  0.1000E+01  0.0000E+00
 Relative number of events:
  0.1000E+01  0.0000E+00
 Events:
        4000           0
 Iteration  3   Mean: 0.2749E+33 Abs mean: 0.2749E+33   Fluctuation:  0.154E+33   0.118E+37    99.2%
  3    0.2749E+33 0.2749E+33 +- 0.1535E+33     49.94
 Relative summed weights:
  0.1000E+01  0.0000E+00
 Relative number of events:
  0.1000E+01  0.0000E+00
 Events:
        8000           0
 Found            8  events.
 Wrote            2  events.
 Actual xsec   6.48038207277133597E+033
 Correct abs xsec   6.48038207277133597E+033
 Event xsec   6.48038207277133597E+033
 Events wgts > 1:            0
 % Cross section > 1:    0.0000000000000000        0.0000000000000000     
 Checking number of events  7.11481147769564976E-002           2  chi2:    3656.5530236069153     
 Found            8  events.
 Wrote            3  events.
 Actual xsec   6.48038207277133597E+033
 Correct abs xsec   6.48038207277133597E+033
 Event xsec   6.48038207277133597E+033
 Events wgts > 1:            0
 % Cross section > 1:    0.0000000000000000        0.0000000000000000     
 Iteration  4   Mean: 0.8815E+33 Abs mean: 0.8815E+33   Fluctuation:  0.486E+33   0.660E+37    99.2%
  4    0.8815E+33 0.8815E+33 +- 0.4858E+33     69.71
 Relative summed weights:
  0.1000E+01  0.0000E+00
 Relative number of events:
  0.1000E+01  0.0000E+00
 Events:
       16000           0
 Found           77  events.
 Wrote            3  events.
 Actual xsec   5.91801531116870524E+033
 Correct abs xsec   5.91801531116870524E+033
 Event xsec   5.91801531116870524E+033
 Events wgts > 1:            1
 % Cross section > 1:   3.16805226948659588E+026  5.35323432419602909E-006
 Checking number of events  6.49738901013212078E-002           3  chi2:    729.78373074980254     
 Found           77  events.
 Wrote            2  events.
 Actual xsec   5.91801531116870524E+033
 Correct abs xsec   5.91801531116870524E+033
 Event xsec   5.91801531116870408E+033
 Events wgts > 1:            1
 % Cross section > 1:   4.75207827884968019E+026  8.02985127443211729E-006
 Iteration  5   Mean: 0.3384E+34 Abs mean: 0.3384E+34   Fluctuation:  0.226E+34   0.695E+38    99.2%
  5    0.3384E+34 0.3384E+34 +- 0.2260E+34    119.47
 Relative summed weights:
  0.1000E+01  0.0000E+00
 Relative number of events:
  0.1000E+01  0.0000E+00
 Events:
       32000           0
 Found          117  events.
 Wrote            1  events.
 Actual xsec   1.30070706189405064E+033
 Correct abs xsec   1.30070706189405064E+033
 Event xsec   1.30070706189405064E+033
 Events wgts > 1:            0
 % Cross section > 1:    0.0000000000000000        0.0000000000000000     
 Checking number of events  1.42804628325347814E-002           1  chi2:    23.122982064010571     
 Found          117  events.
 Wrote            2  events.
 Actual xsec   1.30070706189405064E+033
 Correct abs xsec   1.30070706189405064E+033
 Event xsec   1.30070706189405064E+033
 Events wgts > 1:            0
 % Cross section > 1:    0.0000000000000000        0.0000000000000000     
 Iteration  6   Mean: 0.1163E+35 Abs mean: 0.1163E+35   Fluctuation:  0.626E+34   0.296E+39    99.3%
  6    0.1163E+35 0.1163E+35 +- 0.6259E+34    136.15
 Relative summed weights:
  0.1000E+01  0.0000E+00
 Relative number of events:
  0.1000E+01  0.0000E+00
 Events:
       64000           0
 Found          125  events.
 Wrote            2  events.
 Actual xsec   5.63512362305555084E+033
 Correct abs xsec   5.63512362305555084E+033
 Event xsec   5.63512362305555084E+033
 Events wgts > 1:            0
 % Cross section > 1:    0.0000000000000000        0.0000000000000000     
 Checking number of events  6.18680222575268904E-002           2  chi2:    48.821725784587301     
 Found          125  events.
 Wrote            4  events.
 Actual xsec   5.63512362305555084E+033
 Correct abs xsec   5.63512362305555084E+033
 Event xsec   5.63512362305555084E+033
 Events wgts > 1:            0
 % Cross section > 1:    0.0000000000000000        0.0000000000000000     
 Iteration  7   Mean: 0.1743E+36 Abs mean: 0.1743E+36   Fluctuation:  0.171E+36   0.219E+41    99.2%
  7    0.1743E+36 0.1743E+36 +- 0.1709E+36    350.74
 Relative summed weights:
  0.1000E+01  0.0000E+00
 Relative number of events:
  0.1000E+01  0.0000E+00
 Events:
      128000           0
 Found          151  events.
 Wrote            1  events.
 Actual xsec   3.40203646795934265E+034
 Correct abs xsec   3.40203646795934265E+034
 Event xsec   3.40203646795934265E+034
 Events wgts > 1:            0
 % Cross section > 1:    0.0000000000000000        0.0000000000000000     
 Checking number of events  0.37350958381725619                1  chi2:    98.612043339002426     
 Found          151  events.
 Wrote            1  events.
 Actual xsec   3.40203646795934265E+034
 Correct abs xsec   3.40203646795934265E+034
 Event xsec   3.40203646795934265E+034
 Events wgts > 1:            0
 % Cross section > 1:    0.0000000000000000        0.0000000000000000     
 Iteration  8   Mean: 0.4056E+34 Abs mean: 0.4056E+34   Fluctuation:  0.196E+34   0.412E+39    99.2%
  8    0.4056E+34 0.4056E+34 +- 0.1964E+34    245.00
 Relative summed weights:
  0.1000E+01  0.0000E+00
 Relative number of events:
  0.1000E+01  0.0000E+00
 Events:
      256000           0
 Found           64  events.
 Wrote            3  events.
 Actual xsec   2.72714797660002711E+034
 Correct abs xsec   2.72714797660002711E+034
 Event xsec   2.72714797660002711E+034
 Events wgts > 1:            0
 % Cross section > 1:    0.0000000000000000        0.0000000000000000     
 Checking number of events  0.29941357635091698                3  chi2:    73.340852897882925     
 Found           64  events.
 Wrote            2  events.
 Actual xsec   2.72714797660002711E+034
 Correct abs xsec   2.72714797660002711E+034
 Event xsec   2.72714797660002711E+034
 Events wgts > 1:            0
 % Cross section > 1:    0.0000000000000000        0.0000000000000000     
 Iteration  9   Mean: 0.6790E+35 Abs mean: 0.6790E+35   Fluctuation:  0.398E+35   0.186E+41    99.3%
  9    0.6790E+35 0.6790E+35 +- 0.3980E+35    419.42
 Relative summed weights:
  0.1000E+01  0.0000E+00
 Relative number of events:
  0.1000E+01  0.0000E+00
 Events:
      512000           0
 Found          864  events.
 Wrote            2  events.
 Actual xsec   4.82369891366600194E+034
 Correct abs xsec   4.82369891366600194E+034
 Event xsec   4.82369891366600194E+034
 Events wgts > 1:            0
 % Cross section > 1:    0.0000000000000000        0.0000000000000000     
 Checking number of events  0.52959390373139037                2  chi2:    253.36672841003789     
 Found          864  events.
 Wrote            1  events.
 Actual xsec   4.82369891366600194E+034
 Correct abs xsec   4.82369891366600194E+034
 Event xsec   4.82369891366600194E+034
 Events wgts > 1:            0
 % Cross section > 1:    0.0000000000000000        0.0000000000000000     

 -------------------------------------------------------------------------------
 Accumulated results:   Integral =  0.2066E+35
                        Std dev  =  0.4247E+34
                       Cross sec =  0.2066E+35
             Chi**2 per DoF.     =     10.8780
 -------------------------------------------------------------------------------
-------------------------------------------------
---------------------------
 Results Last   3 iters: Integral =   0.4824E+35
                     Abs integral =   0.4824E+35
                          Std dev =   0.1683E+35
                  Chi**2 per DoF. =    253.3667
-------------------------------------------------
---------------------------
 Status -1.09789999999999995E-035          10           9
 Trying w/ fresh grid
 Starting w/ ncall =         8000
 Keeping grid fixed.
  5 dimensions   8000 events  5 invarients  8 iterations  1 config(s),  (0.99)
 Using h-tuple random number sequence.
 Error opening grid
 Using Uniform Grid!
 Using uniform alpha   1.0000000000000000     
 Grid defined OK
Setting grid   1    0.51095E-04   1
Setting grid   2    0.51095E-04   1
 Iteration  1   Mean: 0.1436E+26 Abs mean: 0.1436E+26   Fluctuation:  0.102E+26   0.638E+29    98.2%
  1    0.1436E+26 0.1436E+26 +- 0.1019E+26     63.49
 Relative summed weights:
  0.1000E+01  0.0000E+00
 Relative number of events:
  0.1000E+01  0.0000E+00
 Events:
        8000           0
 Iteration  2   Mean: 0.4465E+32 Abs mean: 0.4465E+32   Fluctuation:  0.386E+32   0.610E+36    98.3%
  2    0.4465E+32 0.4465E+32 +- 0.3856E+32    109.24
 Relative summed weights:
  0.1000E+01  0.0000E+00
 Relative number of events:
  0.1000E+01  0.0000E+00
 Events:
       16000           0
 Iteration  3   Mean: 0.1149E+34 Abs mean: 0.1149E+34   Fluctuation:  0.655E+33   0.158E+38    99.4%
  3    0.1149E+34 0.1149E+34 +- 0.6551E+33    101.97
 Relative summed weights:
  0.1000E+01  0.0000E+00
 Relative number of events:
  0.1000E+01  0.0000E+00
 Events:
       32000           0
 Found           47  events.
 Wrote            3  events.
 Actual xsec   5.61766258220897272E+032
 Correct abs xsec   5.61766258220897272E+032
 Event xsec   5.61766258220897416E+032
 Events wgts > 1:            1
 % Cross section > 1:   1.03547554905748891E+025  1.84324981058282033E-006
 Checking number of events  6.16763174900723105E-003           3  chi2:    1518150906617148.5     
 Found           47  events.
 Wrote            2  events.
 Actual xsec   5.61766258220897272E+032
 Correct abs xsec   5.61766258220897272E+032
 Event xsec   5.61766258220897272E+032
 Events wgts > 1:            1
 % Cross section > 1:   1.55321331097615441E+025  2.76487469342703249E-006
 Iteration  4   Mean: 0.4182E+36 Abs mean: 0.4182E+36   Fluctuation:  0.332E+36   0.209E+41    99.4%
  4    0.4182E+36 0.4182E+36 +- 0.3321E+36    200.93
 Relative summed weights:
  0.1000E+01  0.0000E+00
 Relative number of events:
  0.1000E+01  0.0000E+00
 Events:
       64000           0
 Found           61  events.
 Wrote            1  events.
 Actual xsec   1.11013956187345926E+035
 Correct abs xsec   1.11013956187345926E+035
 Event xsec   1.11013956187345926E+035
 Events wgts > 1:            0
 % Cross section > 1:    0.0000000000000000        0.0000000000000000     
 Checking number of events   1.2188222249808709                1  chi2:    4154398.0608004220     
 Found           61  events.
 Wrote            1  events.
 Actual xsec   1.11013956187345926E+035
 Correct abs xsec   1.11013956187345926E+035
 Event xsec   1.11013956187345926E+035
 Events wgts > 1:            0
 % Cross section > 1:    0.0000000000000000        0.0000000000000000     
 Iteration  5   Mean: 0.1462E+37 Abs mean: 0.1462E+37   Fluctuation:  0.133E+37   0.170E+42    98.9%
  5    0.1462E+37 0.1462E+37 +- 0.1330E+37    325.40
 Relative summed weights:
  0.1000E+01  0.0000E+00
 Relative number of events:
  0.1000E+01  0.0000E+00
 Events:
      128000           0
 Found           81  events.
 Wrote            1  events.
 Actual xsec   4.14465380008439478E+035
 Correct abs xsec   4.14465380008439478E+035
 Event xsec   4.14465380008439478E+035
 Events wgts > 1:            0
 % Cross section > 1:    0.0000000000000000        0.0000000000000000     
 Checking number of events   4.5504154071126566                1  chi2:    199016.41856849354     
 Found           81  events.
 Wrote            1  events.
 Actual xsec   4.14465380008439478E+035
 Correct abs xsec   4.14465380008439478E+035
 Event xsec   4.14465380008439478E+035
 Events wgts > 1:            0
 % Cross section > 1:    0.0000000000000000        0.0000000000000000     
 Fixing grid
 Iteration  6   Mean: 0.4622E+37 Abs mean: 0.4622E+37   Fluctuation:  0.338E+37   0.827E+42    99.4%
  6    0.4622E+37 0.4622E+37 +- 0.3379E+37    369.92
 Relative summed weights:
  0.1000E+01  0.0000E+00
 Relative number of events:
  0.1000E+01  0.0000E+00
 Events:
      256000           0
 Found          155  events.
 Wrote            1  events.
 Actual xsec   2.37454009470101923E+036
 Correct abs xsec   2.37454009470101923E+036
 Event xsec   2.37454009470101923E+036
 Events wgts > 1:            0
 % Cross section > 1:    0.0000000000000000        0.0000000000000000     
 Checking number of events   26.070075699722487                1  chi2:    17.804611153290072     
 Found          155  events.
 Wrote            1  events.
 Actual xsec   2.37454009470101923E+036
 Correct abs xsec   2.37454009470101923E+036
 Event xsec   2.37454009470101923E+036
 Events wgts > 1:            0
 % Cross section > 1:    0.0000000000000000        0.0000000000000000     
 Iteration  7   Mean: 0.2753E+38 Abs mean: 0.2753E+38   Fluctuation:  0.177E+38   0.771E+43    99.4%
  7    0.2753E+38 0.2753E+38 +- 0.1766E+38    458.83
 Relative summed weights:
  0.1000E+01  0.0000E+00
 Relative number of events:
  0.1000E+01  0.0000E+00
 Events:
      512000           0
 Found          218  events.
 Wrote            3  events.
 Actual xsec   1.40382979794163025E+037
 Correct abs xsec   1.40382979794163025E+037
 Event xsec   1.40382979794163025E+037
 Events wgts > 1:            1
 % Cross section > 1:   1.38421711788265672E+030  9.86029161022418179E-006
 Checking number of events   154.12647351601157                3  chi2:    48.913234669258337     
 Found          218  events.
 Wrote            2  events.
 Actual xsec   1.40382979794163025E+037
 Correct abs xsec   1.40382979794163025E+037
 Event xsec   1.40382979794163025E+037
 Events wgts > 1:            1
 % Cross section > 1:   2.07632557470280988E+030  1.47904366878892902E-005
 Iteration  8   Mean: 0.3962E+37 Abs mean: 0.3962E+37   Fluctuation:  0.312E+37   0.318E+43    99.4%
  8    0.3962E+37 0.3962E+37 +- 0.3119E+37    796.62
 Relative summed weights:
  0.1000E+01  0.0000E+00
 Relative number of events:
  0.1000E+01  0.0000E+00
 Events:
     1024000           0
 Found          202  events.
 Wrote            1  events.
 Actual xsec   1.05734011469134252E+037
 Correct abs xsec   1.05734011469134252E+037
 Event xsec   1.05734011469134264E+037
 Events wgts > 1:            0
 % Cross section > 1:    0.0000000000000000        0.0000000000000000     
 Checking number of events   152.16659385610583                1  chi2:    9.0726535694166550     
 Found          202  events.
 Wrote            1  events.
 Actual xsec   1.05734011469134252E+037
 Correct abs xsec   1.05734011469134252E+037
 Event xsec   1.05734011469134264E+037
 Events wgts > 1:            0
 % Cross section > 1:    0.0000000000000000        0.0000000000000000     

 -------------------------------------------------------------------------------
 Accumulated results:   Integral =  0.5587E+37
                        Std dev  =  0.1437E+37
                       Cross sec =  0.5587E+37
             Chi**2 per DoF.     =      6.5912
 -------------------------------------------------------------------------------
-------------------------------------------------
---------------------------
 Results Last   3 iters: Integral =   0.1386E+38
                     Abs integral =   0.1386E+38
                         Std dev =   0.5698E+37
                 Chi**2 per DoF. =      9.0727
-------------------------------------------------
---------------------------

ls status:
events.lhe
ftn25
ftn26
input_sg.txt
log.txt
moffset.dat
results.dat
run_01_ftn26.gz
run_01_log.txt
run_01_results.dat
run_02_ftn26.gz
run_02_log.txt
run_02_results.dat
run_03_ftn26.gz
run_03_log.txt
run_03_results.dat
run1_app.log
