 Process in group number            0
 No PDF is used, alpha_s(MZ) from param_card is used
 Value of alpha_s from param_card:   0.11800000071525575     
 The default order of alpha_s running is fixed to            2
 *****************************************************
 *               MadGraph/MadEvent                   *
 *        --------------------------------           *
 *          http://madgraph.hep.uiuc.edu             *
 *          http://madgraph.phys.ucl.ac.be           *
 *          http://madgraph.roma2.infn.it            *
 *        --------------------------------           *
 *                                                   *
 *          PARAMETER AND COUPLING VALUES            *
 *                                                   *
 *****************************************************

  External Params
  ---------------------------------
  
 aEWM1 =    132.50700378417969     
 mdl_Gf =   1.16639000000000003E-005
 aS =   0.11800000071525575     
 mdl_ymb =    4.6999998092651367     
 mdl_ymt =    173.00000000000000     
 mdl_yme =   5.10999991092830896E-004
 mdl_ymm =   0.10565999895334244     
 mdl_ymtau =    1.7769999504089355     
 mdl_MZ =    91.188003540039063     
 mdl_MT =    173.00000000000000     
 mdl_MB =    4.6999998092651367     
 mdl_MH =    125.00000000000000     
 mdl_Me =   5.10999991092830896E-004
 mdl_MM =   0.10565999895334244     
 mdl_MTA =    1.7769999504089355     
 mdl_WZ =    2.4414041042327881     
 mdl_WW =    2.0476000308990479     
 mdl_WT =    1.4915000200271606     
 mdl_WH =   6.38233916833996773E-003
 mdl_WTau =   2.26999999999999982E-012
  Internal Params
  ---------------------------------
  
 mdl_conjg__CKM3x3 =    1.0000000000000000     
 mdl_CKM3x3 =    1.0000000000000000     
 mdl_conjg__CKM1x1 =    1.0000000000000000     
 mdl_complexi =  (  0.0000000000000000     ,  1.0000000000000000     )
 mdl_MZ__exp__2 =    8315.2519896181766     
 mdl_MZ__exp__4 =    69143415.650849044     
 mdl_sqrt__2 =    1.4142135623730951     
 mdl_MH__exp__2 =    15625.000000000000     
 mdl_aEW =   7.54677089845565054E-003
 mdl_MW =    80.419007276179556     
 mdl_sqrt__aEW =   8.68721526063194194E-002
 mdl_ee =   0.30795376284704501     
 mdl_MW__exp__2 =    6467.2167312862202     
 mdl_sw2 =   0.22224645274001076     
 mdl_cw =   0.88190336616887299     
 mdl_sqrt__sw2 =   0.47143022043565552     
 mdl_sw =   0.47143022043565552     
 mdl_g1 =   0.34919218438279087     
 mdl_gw =   0.65323296958447097     
 mdl_vev =    246.21845810181631     
 mdl_vev__exp__2 =    60623.529110035874     
 mdl_lam =   0.12886910601690271     
 mdl_yb =   2.69955531549349904E-002
 mdl_ye =   2.93504850670934038E-006
 mdl_ym =   6.06883028478528356E-004
 mdl_yt =   0.99366614581500645     
 mdl_ytau =   1.02066167158167895E-002
 mdl_muH =    88.388347648318444     
 mdl_I1x33 =  ( 2.69955531549349904E-002,  0.0000000000000000     )
 mdl_I2x33 =  ( 0.99366614581500645     ,  0.0000000000000000     )
 mdl_I3x33 =  ( 0.99366614581500645     ,  0.0000000000000000     )
 mdl_I4x33 =  ( 2.69955531549349904E-002,  0.0000000000000000     )
 mdl_ee__exp__2 =   9.48355200516540348E-002
 mdl_sw__exp__2 =   0.22224645274001076     
 mdl_cw__exp__2 =   0.77775354725998924     
  Internal Params evaluated point by point
  ----------------------------------------
  
 mdl_sqrt__aS =   0.34351128178744839     
 mdl_G__exp__2 =    1.4828317414825511     
  Couplings of sm-lepton_masses
  ---------------------------------
  
         GC_3 =  -0.00000E+00  -0.30795E+00
        GC_50 =  -0.00000E+00  -0.28804E+00
        GC_59 =   0.00000E+00   0.82310E-01
        GC_89 =  -0.00000E+00  -0.20754E-05

 Collider parameters:
 --------------------

 Running at e e   machine @   7.14879999999999960E-002  GeV
 PDF set = none   
 alpha_s(Mz)= 0.1180 running at 2 loops.
 alpha_s(Mz)= 0.1180 running at 2 loops.
 Renormalization scale fixed @    91.188000000000002     
 Factorization scales  fixed @    91.188000000000002        91.188000000000002     


 getting user params
Enter number of events and max and min iterations: 
 Number of events and iterations         2000           9           3
Enter desired fractional accuracy: 
 Desired fractional accuracy:  -5.74259999999999987E-006
Enter 0 for fixed, 2 for adjustable grid: 
Suppress amplitude (0 no, 1 yes)? 
 Using suppressed amplitude.
Exact helicity sum (0 yes, n = number/event)? 
 Explicitly summing over helicities
Enter Configuration Number: 
Running Configuration Number:    7
 Not subdividing B.W.
 Attempting mappinvarients           1           5
 Completed mapping           5
 about to integrate            5        2000           9           3           5           1
 Using non-zero grid deformation.
  5 dimensions   2000 events  5 invarients  9 iterations  1 config(s),  (0.99)
 Using h-tuple random number sequence.
 Error opening grid
 Using Uniform Grid!
 Using uniform alpha   1.0000000000000000     
 Grid defined OK
 Set CM energy to          0.07
 Mapping Graph           7  to config           7
Setting grid   1    0.17611E-04   1
Setting grid   2    0.51095E-04   1
 Masses: 0.511E-03 0.511E-03 0.000E+00 0.511E-03 0.511E-03
   7   1   2   3   4   5
 Got moffset          11
Using random seed offsets     7 :      1
  with seed                   87
 Ranmar initialization seeds       17619       14110
  Particle       3       4       5
      Et >     0.0     0.0     0.0
       E >     0.0     0.0     0.0
     Eta <    -1.0    -1.0    -1.0
   xqcut:      0.0     0.0     0.0
d R # 3  >    -0.0     0.0     0.0
d R # 4  >    -0.0    -0.0     0.0
s min # 3>     0.0     0.0     0.0
s min # 4>     0.0     0.0     0.0
xqcutij # 3>     0.0     0.0     0.0
xqcutij # 4>     0.0     0.0     0.0
 alpha_s for scale    91.188000000000002       is   0.11800000071525575     
 Added good helicity            1   9.8041595741045597       in event            1
 Added good helicity            2  1.87529650559096665E-004  in event            1
 Added good helicity            3  0.22374776759310963       in event            1
 Added good helicity            5  0.14066943175790980       in event            1
 Added good helicity            7  1.41081032500988269E-004  in event            1
 Added good helicity            9  1.86568411740870702E-006  in event            1
 Added good helicity           10   5.3300911645113711       in event            1
 Added good helicity           11  3.97233669899377684E-003  in event            1
 Added good helicity           12  0.42411606110266958       in event            1
 Added good helicity           14  7.27483872312827962E-002  in event            1
 Added good helicity           15  8.24828811015031606E-005  in event            1
 Added good helicity           16  8.14957989232484038E-005  in event            1
 Added good helicity           17  8.14957997104102163E-005  in event            1
 Added good helicity           18  8.24828811459713874E-005  in event            1
 Added good helicity           19  7.27483878995056066E-002  in event            1
 Added good helicity           21  0.42411606132487101       in event            1
 Added good helicity           22  3.97233669835326403E-003  in event            1
 Added good helicity           23   5.3300912137063143       in event            1
 Added good helicity           24  1.86568414658460527E-006  in event            1
 Added good helicity           26  1.41081032226547941E-004  in event            1
 Added good helicity           28  0.14066943175683641       in event            1
 Added good helicity           30  0.22374776559254886       in event            1
 Added good helicity           31  1.87529651965894791E-004  in event            1
 Added good helicity           32   9.8041595745405843       in event            1
 Added good helicity            6  4.44148978964160699E-006  in event            2
 Added good helicity           13  3.56913958696403752E-003  in event            2
 Added good helicity           20  3.56913962236881646E-003  in event            2
 Added good helicity           27  4.44148988132578474E-006  in event            2
 Added good helicity            4  1.70523686453880136E-006  in event           21
 Added good helicity           29  1.70523677627224845E-006  in event           21
 Iteration  1   Mean: 0.1617E+10 Abs mean: 0.1617E+10   Fluctuation:  0.933E+08   0.515E+11    74.9%
  1    0.1617E+10 0.1617E+10 +- 0.9328E+08      2.58
 Writing out events   119983.36326737110        2.5805742015734427     
 Relative summed weights:
  0.1000E+01  0.0000E+00
 Relative number of events:
  0.1000E+01  0.0000E+00
 Events:
        2000           0
 Iteration  2   Mean: 0.1758E+10 Abs mean: 0.1758E+10   Fluctuation:  0.430E+08   0.354E+11    85.0%
  2    0.1758E+10 0.1758E+10 +- 0.4301E+08      1.55
 Relative summed weights:
  0.1000E+01  0.0000E+00
 Relative number of events:
  0.1000E+01  0.0000E+00
 Events:
        4000           0
 Iteration  3   Mean: 0.1718E+10 Abs mean: 0.1718E+10   Fluctuation:  0.205E+08   0.170E+11    82.2%
  3    0.1718E+10 0.1718E+10 +- 0.2055E+08      1.07
 Relative summed weights:
  0.1000E+01  0.0000E+00
 Relative number of events:
  0.1000E+01  0.0000E+00
 Events:
        8000           0
 Found          965  events.
 Wrote          960  events.
 Actual xsec    1722108968.7600954     
 Correct abs xsec    1722108968.7600954     
 Event xsec    1722108968.7601225     
 Events wgts > 1:            1
 % Cross section > 1:    316551.53590666712       1.83816205390636075E-002
 Checking number of events   9889.3829640017229              960  chi2:   0.99976241537702049     
 Found          965  events.
 Wrote          960  events.
 Actual xsec    1722108968.7600954     
 Correct abs xsec    1722108968.7600954     
 Event xsec    1722108968.7601225     
 Events wgts > 1:            1
 % Cross section > 1:    316551.53590666712       1.83816205390636075E-002
 Iteration  4   Mean: 0.1703E+10 Abs mean: 0.1703E+10   Fluctuation:  0.126E+08   0.161E+11    80.5%
  4    0.1703E+10 0.1703E+10 +- 0.1261E+08      0.94
 Relative summed weights:
  0.1000E+01  0.0000E+00
 Relative number of events:
  0.1000E+01  0.0000E+00
 Events:
       16000           0
 Found         1960  events.
 Wrote         1956  events.
 Actual xsec    1710170945.6713011     
 Correct abs xsec    1710170945.6713011     
 Event xsec    1710170945.6712708     
 Events wgts > 1:            1
 % Cross section > 1:    145750.79774465237       8.52258647672456647E-003
 Checking number of events   9820.8276726120130             1956  chi2:   0.85692476353025504     
 Found         1960  events.
 Wrote         1956  events.
 Actual xsec    1710170945.6713011     
 Correct abs xsec    1710170945.6713011     
 Event xsec    1710170945.6712708     
 Events wgts > 1:            1
 % Cross section > 1:    145750.79774465237       8.52258647672456647E-003
 Iteration  5   Mean: 0.1699E+10 Abs mean: 0.1699E+10   Fluctuation:  0.839E+07   0.118E+11    78.3%
  5    0.1699E+10 0.1699E+10 +- 0.8387E+07      0.88
 Relative summed weights:
  0.1000E+01  0.0000E+00
 Relative number of events:
  0.1000E+01  0.0000E+00
 Events:
       32000           0
 Found         4113  events.
 Wrote         4108  events.
 Actual xsec    1702088178.1071832     
 Correct abs xsec    1702088178.1071832     
 Event xsec    1702088178.1070678     
 Events wgts > 1:            0
 % Cross section > 1:    0.0000000000000000        0.0000000000000000     
 Checking number of events   9774.4115715983098             4108  chi2:   0.37294423160668977     
 Found         4113  events.
 Wrote         4108  events.
 Actual xsec    1702088178.1071832     
 Correct abs xsec    1702088178.1071832     
 Event xsec    1702088178.1070678     
 Events wgts > 1:            0
 % Cross section > 1:    0.0000000000000000        0.0000000000000000     
 Iteration  6   Mean: 0.1709E+10 Abs mean: 0.1709E+10   Fluctuation:  0.585E+07   0.212E+11    76.9%
  6    0.1709E+10 0.1709E+10 +- 0.5845E+07      0.87
 Relative summed weights:
  0.1000E+01  0.0000E+00
 Relative number of events:
  0.1000E+01  0.0000E+00
 Events:
       64000           0
 Found         8343  events.
 Wrote         8339  events.
 Actual xsec    1705643989.1202664     
 Correct abs xsec    1705643989.1202664     
 Event xsec    1705643989.1200521     
 Events wgts > 1:           10
 % Cross section > 1:    655211.70956564206       3.84143299390201712E-002
 Checking number of events   9794.8311719220419             8339  chi2:   0.54408320781955988     
 Found         8343  events.
 Wrote         8339  events.
 Actual xsec    1705643989.1202664     
 Correct abs xsec    1705643989.1202664     
 Event xsec    1705643989.1200521     
 Events wgts > 1:           10
 % Cross section > 1:    655211.70956564206       3.84143299390201712E-002
 Iteration  7   Mean: 0.1699E+10 Abs mean: 0.1699E+10   Fluctuation:  0.412E+07   0.383E+11    75.4%
  7    0.1699E+10 0.1699E+10 +- 0.4122E+07      0.87
 Relative summed weights:
  0.1000E+01  0.0000E+00
 Relative number of events:
  0.1000E+01  0.0000E+00
 Events:
      128000           0
 Found        16861  events.
 Wrote        16858  events.
 Actual xsec    1702096972.9991372     
 Correct abs xsec    1702096972.9991372     
 Event xsec    1702096972.9984689     
 Events wgts > 1:           33
 % Cross section > 1:    1311828.9594664718       7.70713408387955490E-002
 Checking number of events   9774.4620771448444            16858  chi2:    1.1076155907771676     

 -------------------------------------------------------------------------------
 Accumulated results:   Integral =  0.1703E+10
                        Std dev  =  0.2993E+07
                       Cross sec =  0.8909E+00
             Chi**2 per DoF.     =
-------------------------------------------------
---------------------------
 Results Last   3 iters: Integral =   0.1702E+10
                     Abs integral =   0.1702E+10
                          Std dev =   0.3126E+07
                  Chi**2 per DoF. =      1.1076
-------------------------------------------------
---------------------------
 Status -5.74259999999999987E-006           8           9
 We found enough events       16858   9774.4620771448444     

ls status:
events.lhe
ftn25
ftn26
input_sg.txt
moffset.dat
results.dat
run_01_ftn26.gz
run_01_log.txt
run_01_results.dat
run_02_ftn26.gz
run_02_log.txt
run_02_results.dat
run1_app.log
