 Process in group number            0
 No PDF is used, alpha_s(MZ) from param_card is used
 Value of alpha_s from param_card:   0.11800000071525575     
 The default order of alpha_s running is fixed to            2
 *****************************************************
 *               MadGraph/MadEvent                   *
 *        --------------------------------           *
 *          http://madgraph.hep.uiuc.edu             *
 *          http://madgraph.phys.ucl.ac.be           *
 *          http://madgraph.roma2.infn.it            *
 *        --------------------------------           *
 *                                                   *
 *          PARAMETER AND COUPLING VALUES            *
 *                                                   *
 *****************************************************

  External Params
  ---------------------------------
  
 aEWM1 =    132.50700378417969     
 mdl_Gf =   1.16639000000000003E-005
 aS =   0.11800000071525575     
 mdl_ymb =    4.6999998092651367     
 mdl_ymt =    173.00000000000000     
 mdl_yme =   5.10999991092830896E-004
 mdl_ymm =   0.10565999895334244     
 mdl_ymtau =    1.7769999504089355     
 mdl_MZ =    91.188003540039063     
 mdl_MT =    173.00000000000000     
 mdl_MB =    4.6999998092651367     
 mdl_MH =    125.00000000000000     
 mdl_Me =   5.10999991092830896E-004
 mdl_MM =   0.10565999895334244     
 mdl_MTA =    1.7769999504089355     
 mdl_WZ =    2.4414041042327881     
 mdl_WW =    2.0476000308990479     
 mdl_WT =    1.4915000200271606     
 mdl_WH =   6.38233916833996773E-003
 mdl_WTau =   2.26999999999999982E-012
  Internal Params
  ---------------------------------
  
 mdl_conjg__CKM3x3 =    1.0000000000000000     
 mdl_CKM3x3 =    1.0000000000000000     
 mdl_conjg__CKM1x1 =    1.0000000000000000     
 mdl_complexi =  (  0.0000000000000000     ,  1.0000000000000000     )
 mdl_MZ__exp__2 =    8315.2519896181766     
 mdl_MZ__exp__4 =    69143415.650849044     
 mdl_sqrt__2 =    1.4142135623730951     
 mdl_MH__exp__2 =    15625.000000000000     
 mdl_aEW =   7.54677089845565054E-003
 mdl_MW =    80.419007276179556     
 mdl_sqrt__aEW =   8.68721526063194194E-002
 mdl_ee =   0.30795376284704501     
 mdl_MW__exp__2 =    6467.2167312862202     
 mdl_sw2 =   0.22224645274001076     
 mdl_cw =   0.88190336616887299     
 mdl_sqrt__sw2 =   0.47143022043565552     
 mdl_sw =   0.47143022043565552     
 mdl_g1 =   0.34919218438279087     
 mdl_gw =   0.65323296958447097     
 mdl_vev =    246.21845810181631     
 mdl_vev__exp__2 =    60623.529110035874     
 mdl_lam =   0.12886910601690271     
 mdl_yb =   2.69955531549349904E-002
 mdl_ye =   2.93504850670934038E-006
 mdl_ym =   6.06883028478528356E-004
 mdl_yt =   0.99366614581500645     
 mdl_ytau =   1.02066167158167895E-002
 mdl_muH =    88.388347648318444     
 mdl_I1x33 =  ( 2.69955531549349904E-002,  0.0000000000000000     )
 mdl_I2x33 =  ( 0.99366614581500645     ,  0.0000000000000000     )
 mdl_I3x33 =  ( 0.99366614581500645     ,  0.0000000000000000     )
 mdl_I4x33 =  ( 2.69955531549349904E-002,  0.0000000000000000     )
 mdl_ee__exp__2 =   9.48355200516540348E-002
 mdl_sw__exp__2 =   0.22224645274001076     
 mdl_cw__exp__2 =   0.77775354725998924     
  Internal Params evaluated point by point
  ----------------------------------------
  
 mdl_sqrt__aS =   0.34351128178744839     
 mdl_G__exp__2 =    1.4828317414825511     
  Couplings of sm-lepton_masses
  ---------------------------------
  
         GC_3 =  -0.00000E+00  -0.30795E+00
        GC_50 =  -0.00000E+00  -0.28804E+00
        GC_59 =   0.00000E+00   0.82310E-01
        GC_89 =  -0.00000E+00  -0.20754E-05

 Collider parameters:
 --------------------

 Running at e e   machine @   7.00000000000000067E-002  GeV
 PDF set = none   
 alpha_s(Mz)= 0.1180 running at 2 loops.
 alpha_s(Mz)= 0.1180 running at 2 loops.
 Renormalization scale fixed @    91.188000000000002     
 Factorization scales  fixed @    91.188000000000002        91.188000000000002     


 getting user params
Enter number of events and max and min iterations: 
 Number of events and iterations         1000           9           3
Enter desired fractional accuracy: 
 Desired fractional accuracy:  -4.17719999999999991E-053
Enter 0 for fixed, 2 for adjustable grid: 
Suppress amplitude (0 no, 1 yes)? 
 Using suppressed amplitude.
Exact helicity sum (0 yes, n = number/event)? 
 Explicitly summing over helicities
Enter Configuration Number: 
Running Configuration Number:    4
 Not subdividing B.W.
 Attempting mappinvarients           1           4
 Completed mapping           4
 about to integrate            2        1000           9           3           2           1
 Keeping grid fixed.
  2 dimensions   1000 events  2 invarients  9 iterations  1 config(s),  (0.99)
 Using h-tuple random number sequence.
 Grid read from file
 Grid defined OK
 Set CM energy to          0.07
 Mapping Graph           4  to config           4
 No modification is setgrid, grid read from file
 Masses: 0.511E-03 0.511E-03 0.511E-03 0.511E-03
   4   1   2
 Got moffset          17
Using random seed offsets     4 :      1
  with seed                   30
 Ranmar initialization seeds        8295        2912
  Particle       3       4
      Et >     0.0     0.0
       E >     0.0     0.0
     Eta <    -1.0    -1.0
   xqcut:      0.0     0.0
d R # 3  >    -0.0     0.4
s min # 3>     0.0     0.0
xqcutij # 3>     0.0     0.0
 alpha_s for scale    91.188000000000002       is   0.11800000071525575     
 Added good helicity            1   4.0000000000011928       in event            1
 Added good helicity            6   3.9999999999988067       in event            1
 Added good helicity           11   3.9999999999988067       in event            1
 Added good helicity           16   4.0000000000011928       in event            1
 Added good helicity            2  1.25899649891648069E-006  in event           75
 Added good helicity            3  1.25899421899673324E-006  in event           75
 Added good helicity            5  1.25899649891648069E-006  in event           75
 Added good helicity            7  0.68486917975323180       in event           75
 Added good helicity            8  1.25899649891647603E-006  in event           75
 Added good helicity            9  1.25899421899672095E-006  in event           75
 Added good helicity           10  0.68486917975323180       in event           75
 Added good helicity           12  1.25899421899672942E-006  in event           75
 Added good helicity           14  1.25899649891648831E-006  in event           75
 Added good helicity           15  1.25899421899672540E-006  in event           75
 Iteration  1   Mean: 0.5003E+53 Abs mean: 0.5003E+53   Fluctuation:  0.447E+53   0.445E+56   100.0%
  1    0.5003E+53 0.5003E+53 +- 0.4468E+53     28.24
 Writing out events  5.55939234090857731E+048   28.237075978917545     
 Relative summed weights:
  0.1000E+01  0.0000E+00
 Relative number of events:
  0.1000E+01  0.0000E+00
 Events:
        1000           0
 Iteration  2   Mean: 0.2127E+57 Abs mean: 0.2127E+57   Fluctuation:  0.212E+57   0.423E+60   100.0%
  2    0.2127E+57 0.2127E+57 +- 0.2117E+57     44.51
 Relative summed weights:
  0.1000E+01  0.0000E+00
 Relative number of events:
  0.1000E+01  0.0000E+00
 Events:
        2000           0
 Error in matrix element
 Iteration  3   Mean: 0.7570E+56 Abs mean: 0.7570E+56   Fluctuation:  0.688E+56   0.274E+60   100.0%
  3    0.7570E+56 0.7570E+56 +- 0.6884E+56     57.51
 Relative summed weights:
  0.1000E+01  0.0000E+00
 Relative number of events:
  0.1000E+01  0.0000E+00
 Events:
        4000           0
 Found            8  events.
 Wrote            1  events.
 Actual xsec   8.82105364314396633E+055
 Correct abs xsec   8.82105364314396633E+055
 Event xsec   8.82105364314396633E+055
 Events wgts > 1:            0
 % Cross section > 1:    0.0000000000000000        0.0000000000000000     
 Checking number of events   3684.7305278140975                1  chi2:    1946879.3647149033     
 Found            8  events.
 Wrote            1  events.
 Actual xsec   8.82105364314396633E+055
 Correct abs xsec   8.82105364314396633E+055
 Event xsec   8.82105364314396633E+055
 Events wgts > 1:            0
 % Cross section > 1:    0.0000000000000000        0.0000000000000000     
 Error in matrix element
 Error in matrix element
 Iteration  4   Mean: 0.4782E+56 Abs mean: 0.4782E+56   Fluctuation:  0.468E+56   0.374E+60   100.0%
  4    0.4782E+56 0.4782E+56 +- 0.4680E+56     87.54
 Relative summed weights:
  0.1000E+01  0.0000E+00
 Relative number of events:
  0.1000E+01  0.0000E+00
 Events:
        8000           0
 Found            9  events.
 Wrote            1  events.
 Actual xsec   1.09174514350380186E+056
 Correct abs xsec   1.09174514350380186E+056
 Event xsec   1.09174514350380186E+056
 Events wgts > 1:            0
 % Cross section > 1:    0.0000000000000000        0.0000000000000000     
 Checking number of events   4560.4378134440813                1  chi2:    1.0971194346452149     
 Found            9  events.
 Wrote            1  events.
 Actual xsec   1.09174514350380186E+056
 Correct abs xsec   1.09174514350380186E+056
 Event xsec   1.09174514350380186E+056
 Events wgts > 1:            0
 % Cross section > 1:    0.0000000000000000        0.0000000000000000     
 Iteration  5   Mean: 0.2971E+55 Abs mean: 0.2971E+55   Fluctuation:  0.168E+55   0.223E+59   100.0%
  5    0.2971E+55 0.2971E+55 +- 0.1677E+55     71.42
 Relative summed weights:
  0.1000E+01  0.0000E+00
 Relative number of events:
  0.1000E+01  0.0000E+00
 Events:
       16000           0
 Found           15  events.
 Wrote            2  events.
 Actual xsec   2.79741995359357271E+055
 Correct abs xsec   2.79741995359357271E+055
 Event xsec   2.79741995359357271E+055
 Events wgts > 1:            0
 % Cross section > 1:    0.0000000000000000        0.0000000000000000     
 Checking number of events   1168.5382630151071                2  chi2:    111.46199804240140     
 Found           15  events.
 Wrote            2  events.
 Actual xsec   2.79741995359357271E+055
 Correct abs xsec   2.79741995359357271E+055
 Event xsec   2.79741995359357271E+055
 Events wgts > 1:            0
 % Cross section > 1:    0.0000000000000000        0.0000000000000000     
 Error in matrix element
 Error in matrix element
 Error in matrix element
 Error in matrix element
 Error in matrix element
 Error in matrix element
 Iteration  6   Mean: 0.1439E+57 Abs mean: 0.1439E+57   Fluctuation:  0.709E+56   0.179E+61   100.0%
  6    0.1439E+57 0.1439E+57 +- 0.7090E+56     88.16
 Relative summed weights:
  0.1000E+01  0.0000E+00
 Relative number of events:
  0.1000E+01  0.0000E+00
 Events:
       32000           0
 Found           58  events.
 Wrote            2  events.
 Actual xsec   7.85172133434623616E+055
 Correct abs xsec   7.85172133434623616E+055
 Event xsec   7.85172133434623616E+055
 Events wgts > 1:            1
 % Cross section > 1:   1.84576665985867914E+048  2.35077963323104192E-006
 Checking number of events   3279.8210357831099                2  chi2:    1015.1635095324568     
 Found           58  events.
 Wrote            2  events.
 Actual xsec   7.85172133434623616E+055
 Correct abs xsec   7.85172133434623616E+055
 Event xsec   7.85172133434623616E+055
 Events wgts > 1:            1
 % Cross section > 1:   1.84576665985867914E+048  2.35077963323104192E-006
 Error in matrix element
 Error in matrix element
 Error in matrix element
 Error in matrix element
 Error in matrix element
 Error in matrix element
 Error in matrix element
 Error in matrix element
 Error in matrix element
 Iteration  7   Mean: 0.1490E+57 Abs mean: 0.1490E+57   Fluctuation:  0.495E+56   0.179E+61   100.0%
  7    0.1490E+57 0.1490E+57 +- 0.4950E+56     84.06
 Relative summed weights:
  0.1000E+01  0.0000E+00
 Relative number of events:
  0.1000E+01  0.0000E+00
 Events:
       64000           0
 Found           43  events.
 Wrote            6  events.
 Actual xsec   1.19608958492904854E+056
 Correct abs xsec   1.19608958492904854E+056
 Event xsec   1.19608958492904854E+056
 Events wgts > 1:            1
 % Cross section > 1:   5.48666368212521395E+048  4.58716784366171084E-006
 Checking number of events   4996.3054141656212                6  chi2:    2418.5604940049766     
 Found           43  events.
 Wrote            5  events.
 Actual xsec   1.19608958492904854E+056
 Correct abs xsec   1.19608958492904854E+056
 Event xsec   1.19608958492904832E+056
 Events wgts > 1:            1
 % Cross section > 1:   6.58399636083836731E+048  5.50460136414357978E-006
 Error in matrix element
 Error in matrix element
 Error in matrix element
 Error in matrix element
 Error in matrix element
 Error in matrix element
 Error in matrix element
 Error in matrix element
 Error in matrix element
 Error in matrix element
 Error in matrix element
 Error in matrix element
 Error in matrix element
 Error in matrix element
 Error in matrix element
 Error in matrix element
 Error in matrix element
 Iteration  8   Mean: 0.8807E+56 Abs mean: 0.8807E+56   Fluctuation:  0.239E+56   0.168E+61   100.0%
  8    0.8807E+56 0.8807E+56 +- 0.2386E+56     96.93
 Relative summed weights:
  0.1000E+01  0.0000E+00
 Relative number of events:
  0.1000E+01  0.0000E+00
 Events:
      128000           0
 Found           65  events.
 Wrote            9  events.
 Actual xsec   1.17230463054829356E+056
 Correct abs xsec   1.17230463054829356E+056
 Event xsec   1.17230463054829313E+056
 Events wgts > 1:            1
 % Cross section > 1:   1.34317972255291580E+048  1.14575997360404807E-006
 Checking number of events   4896.9509027263321                9  chi2:    1.0230109034504742     
 Found           65  events.
 Wrote            6  events.
 Actual xsec   1.17230463054829356E+056
 Correct abs xsec   1.17230463054829356E+056
 Event xsec   1.17230463054829334E+056
 Events wgts > 1:            1
 % Cross section > 1:   2.01476957157920848E+048  1.71863994995642864E-006
 Error in matrix element
 Error in matrix element
 Error in matrix element
 Error in matrix element
 Error in matrix element
 Error in matrix element
 Error in matrix element
 Error in matrix element
 Error in matrix element
 Error in matrix element
 Error in matrix element
 Error in matrix element
 Error in matrix element
 Error in matrix element
 Error in matrix element
 Error in matrix element
 Error in matrix element
 Error in matrix element
 Error in matrix element
 Error in matrix element
 Error in matrix element
 Error in matrix element
 Error in matrix element
 Error in matrix element
 Error in matrix element
 Error in matrix element
 Error in matrix element
 Error in matrix element
 Iteration  9   Mean: 0.1018E+57 Abs mean: 0.1018E+57   Fluctuation:  0.191E+56   0.179E+61   100.0%
  9    0.1018E+57 0.1018E+57 +- 0.1914E+56     95.14
 Relative summed weights:
  0.1000E+01  0.0000E+00
 Relative number of events:
  0.1000E+01  0.0000E+00
 Events:
      256000           0
 Found          160  events.
 Wrote           14  events.
 Actual xsec   1.06508171655994572E+056
 Correct abs xsec   1.06508171655994572E+056
 Event xsec   1.06508171655994551E+056
 Events wgts > 1:            3
 % Cross section > 1:   3.86611382557554862E+048  3.62987530953260317E-006
 Checking number of events   4449.0593464142048               14  chi2:   0.69707080047718095     
 Found          160  events.
 Wrote           15  events.
 Actual xsec   1.06508171655994572E+056
 Correct abs xsec   1.06508171655994572E+056
 Event xsec   1.06508171655994572E+056
 Events wgts > 1:            3
 % Cross section > 1:   3.60837291394287010E+048  3.38788363168731707E-006

 -------------------------------------------------------------------------------
 Accumulated results:   Integral =   +Infinity
                        Std dev  =   +Infinity
                       Cross sec =   +Infinity
             Chi**2 per DoF.     =      1.0849
 -------------------------------------------------------------------------------
-------------------------------------------------
---------------------------
 Results Last   3 iters: Integral =   0.1065E+57
                     Abs integral =   0.1065E+57
                          Std dev =   0.1492E+56
                  Chi**2 per DoF. =      0.6971
-------------------------------------------------
---------------------------
 Status -4.17719999999999991E-053          10           9
 Trying w/ fresh grid
 Starting w/ ncall =         4000
 Keeping grid fixed.
  2 dimensions   4000 events  2 invarients  8 iterations  1 config(s),  (0.99)
 Using h-tuple random number sequence.
 Error opening grid
 Using Uniform Grid!
 Using uniform alpha   1.0000000000000000     
 Grid defined OK
Setting grid   1    0.53290E-04   1
 Iteration  1   Mean: 0.2545E+30 Abs mean: 0.2545E+30   Fluctuation:  0.247E+30   0.989E+33   100.0%
  1    0.2545E+30 0.2545E+30 +- 0.2472E+30     61.44
 Relative summed weights:
  0.1000E+01  0.0000E+00
 Relative number of events:
  0.1000E+01  0.0000E+00
 Events:
        4000           0
 Iteration  2   Mean: 0.3345E+35 Abs mean: 0.3345E+35   Fluctuation:  0.334E+35   0.268E+39   100.0%
  2    0.3345E+35 0.3345E+35 +- 0.3344E+35     89.43
 Relative summed weights:
  0.1000E+01  0.0000E+00
 Relative number of events:
  0.1000E+01  0.0000E+00
 Events:
        8000           0
 Iteration  3   Mean: 0.6164E+40 Abs mean: 0.6164E+40   Fluctuation:  0.614E+40   0.983E+44   100.0%
  3    0.6164E+40 0.6164E+40 +- 0.6143E+40    126.05
 Relative summed weights:
  0.1000E+01  0.0000E+00
 Relative number of events:
  0.1000E+01  0.0000E+00
 Events:
       16000           0
 Found           57  events.
 Wrote            1  events.
 Actual xsec   2.02393029628710100E+039
 Correct abs xsec   2.02393029628710100E+039
 Event xsec   2.02393029628710100E+039
 Events wgts > 1:            0
 % Cross section > 1:    0.0000000000000000        0.0000000000000000     
 Checking number of events  8.45436163365047790E-014           1  chi2:   3.35063583857601823E+019
 Found           57  events.
 Wrote            1  events.
 Actual xsec   2.02393029628710100E+039
 Correct abs xsec   2.02393029628710100E+039
 Event xsec   2.02393029628710100E+039
 Events wgts > 1:            0
 % Cross section > 1:    0.0000000000000000        0.0000000000000000     
 Iteration  4   Mean: 0.6297E+43 Abs mean: 0.6297E+43   Fluctuation:  0.519E+43   0.164E+48   100.0%
  4    0.6297E+43 0.6297E+43 +- 0.5188E+43    147.38
 Relative summed weights:
  0.1000E+01  0.0000E+00
 Relative number of events:
  0.1000E+01  0.0000E+00
 Events:
       32000           0
 Found           56  events.
 Wrote            1  events.
 Actual xsec   2.66703050450395129E+042
 Correct abs xsec   2.66703050450395129E+042
 Event xsec   2.66703050450395129E+042
 Events wgts > 1:            0
 % Cross section > 1:    0.0000000000000000        0.0000000000000000     
 Checking number of events  1.11407198234139047E-010           1  chi2:    3180025894032093.0     
 Found           56  events.
 Wrote            1  events.
 Actual xsec   2.66703050450395129E+042
 Correct abs xsec   2.66703050450395129E+042
 Event xsec   2.66703050450395129E+042
 Events wgts > 1:            0
 % Cross section > 1:    0.0000000000000000        0.0000000000000000     
 Iteration  5   Mean: 0.1289E+49 Abs mean: 0.1289E+49   Fluctuation:  0.116E+49   0.742E+53   100.0%
  5    0.1289E+49 0.1289E+49 +- 0.1161E+49    227.73
 Relative summed weights:
  0.1000E+01  0.0000E+00
 Relative number of events:
  0.1000E+01  0.0000E+00
 Events:
       64000           0
 Found          219  events.
 Wrote            1  events.
 Actual xsec   4.28399846034215810E+047
 Correct abs xsec   4.28399846034215810E+047
 Event xsec   4.28399846034215810E+047
 Events wgts > 1:            0
 % Cross section > 1:    0.0000000000000000        0.0000000000000000     
 Checking number of events  1.78951183685412639E-005           1  chi2:    2431817391011871.5     
 Found          219  events.
 Wrote            1  events.
 Actual xsec   4.28399846034215810E+047
 Correct abs xsec   4.28399846034215810E+047
 Event xsec   4.28399846034215810E+047
 Events wgts > 1:            0
 % Cross section > 1:    0.0000000000000000        0.0000000000000000     
 Fixing grid
 Iteration  6   Mean: 0.3142E+57 Abs mean: 0.3142E+57   Fluctuation:  0.312E+57   0.399E+62   100.0%
  6    0.3142E+57 0.3142E+57 +- 0.3116E+57    354.82
 Relative summed weights:
  0.1000E+01  0.0000E+00
 Relative number of events:
  0.1000E+01  0.0000E+00
 Events:
      128000           0
 Found          211  events.
 Wrote            1  events.
 Actual xsec   8.57833362978910547E+055
 Correct abs xsec   8.57833362978910547E+055
 Event xsec   8.57833362978910547E+055
 Events wgts > 1:            1
 % Cross section > 1:   2.65235683575935529E+048  3.09192548369625748E-006
 Checking number of events   3583.3415238355051                1  chi2:   1.36721786112400387E+026
 Found          211  events.
 Wrote            1  events.
 Actual xsec   8.57833362978910547E+055
 Correct abs xsec   8.57833362978910547E+055
 Event xsec   8.57833362978910547E+055
 Events wgts > 1:            1
 % Cross section > 1:   2.65235683575935529E+048  3.09192548369625748E-006
 Iteration  7   Mean: 0.9583E+54 Abs mean: 0.9583E+54   Fluctuation:  0.786E+54   0.199E+60   100.0%
  7    0.9583E+54 0.9583E+54 +- 0.7856E+54    414.78
 Relative summed weights:
  0.1000E+01  0.0000E+00
 Relative number of events:
  0.1000E+01  0.0000E+00
 Events:
      256000           0
 Found            9  events.
 Wrote            2  events.
 Actual xsec   8.58259678519174912E+055
 Correct abs xsec   8.58259678519174912E+055
 Event xsec   8.58259678519174912E+055
 Events wgts > 1:            1
 % Cross section > 1:   6.24400535729128123E+047  7.27519364309945305E-007
 Checking number of events   3585.1223291102974                2  chi2:    2733789688707138.5     
 Found            9  events.
 Wrote            1  events.
 Actual xsec   8.58259678519174912E+055
 Correct abs xsec   8.58259678519174912E+055
 Event xsec   8.58259678519174912E+055
 Events wgts > 1:            1
 % Cross section > 1:   1.24880107145825625E+048  1.45503872861989061E-006
 Iteration  8   Mean: 0.7513E+54 Abs mean: 0.7513E+54   Fluctuation:  0.630E+54   0.320E+60   100.0%
  8    0.7513E+54 0.7513E+54 +- 0.6303E+54    600.29
 Relative summed weights:
  0.1000E+01  0.0000E+00
 Relative number of events:
  0.1000E+01  0.0000E+00
 Events:
      512000           0
 Found           31  events.
 Wrote            1  events.
 Actual xsec   9.23736659196437683E+055
 Correct abs xsec   9.23736659196437683E+055
 Event xsec   9.23736659196437683E+055
 Events wgts > 1:            1
 % Cross section > 1:   6.95288266207551865E+048  7.52690996168091953E-006
 Checking number of events   3425.8522138771473                1  chi2:    13634.807573538674     
 Found           31  events.
 Wrote            1  events.
 Actual xsec   9.23736659196437683E+055
 Correct abs xsec   9.23736659196437683E+055
 Event xsec   9.23736659196437683E+055
 Events wgts > 1:            1
 % Cross section > 1:   6.95288266207551865E+048  7.52690996168091953E-006

 -------------------------------------------------------------------------------
 Accumulated results:   Integral =   +Infinity
                        Std dev  =   +Infinity
                       Cross sec =   +Infinity
             Chi**2 per DoF.     =     11.6305
 -------------------------------------------------------------------------------
-------------------------------------------------
---------------------------
 Results Last   3 iters: Integral =   0.8201E+56
                     Abs integral =   0.8201E+56
                         Std dev =   0.4139E+56
                 Chi**2 per DoF. =  13634.8076
-------------------------------------------------
---------------------------

ls status:
events.lhe
ftn25
ftn26
input_sg.txt
log.txt
moffset.dat
results.dat
run1_app.log
