 Process in group number            1
 No PDF is used, alpha_s(MZ) from param_card is used
 Value of alpha_s from param_card:   0.11800000071525575     
 The default order of alpha_s running is fixed to            2
 *****************************************************
 *               MadGraph/MadEvent                   *
 *        --------------------------------           *
 *          http://madgraph.hep.uiuc.edu             *
 *          http://madgraph.phys.ucl.ac.be           *
 *          http://madgraph.roma2.infn.it            *
 *        --------------------------------           *
 *                                                   *
 *          PARAMETER AND COUPLING VALUES            *
 *                                                   *
 *****************************************************

  External Params
  ---------------------------------
  
 mdl_MB =    4.6999998092651367     
 mdl_MT =    173.00000000000000     
 mdl_Me =   5.10999991092830896E-004
 mdl_MM =   0.10565999895334244     
 mdl_MTA =    1.7769999504089355     
 mdl_MZ =    91.188003540039063     
 mdl_MH =    125.00000000000000     
 aEWM1 =    132.50700378417969     
 mdl_Gf =   1.16639000000000003E-005
 aS =   0.11800000071525575     
 mdl_ymb =    4.6999998092651367     
 mdl_ymt =    173.00000000000000     
 mdl_yme =   5.10999991092830896E-004
 mdl_ymm =   0.10565999895334244     
 mdl_ymtau =    1.7769999504089355     
 mdl_WT =    1.4915000200271606     
 mdl_WTau =   2.26999999999999982E-012
 mdl_WZ =    2.4414041042327881     
 mdl_WW =    2.0476000308990479     
 mdl_WH =   6.38233916833996773E-003
  Internal Params
  ---------------------------------
  
 mdl_conjg__CKM3x3 =    1.0000000000000000     
 mdl_CKM3x3 =    1.0000000000000000     
 mdl_conjg__CKM1x1 =    1.0000000000000000     
 mdl_complexi =  (  0.0000000000000000     ,  1.0000000000000000     )
 mdl_MZ__exp__2 =    8315.2519896181766     
 mdl_MZ__exp__4 =    69143415.650849044     
 mdl_sqrt__2 =    1.4142135623730951     
 mdl_MH__exp__2 =    15625.000000000000     
 mdl_aEW =   7.54677089845565054E-003
 mdl_MW =    80.419007276179556     
 mdl_sqrt__aEW =   8.68721526063194194E-002
 mdl_ee =   0.30795376284704501     
 mdl_MW__exp__2 =    6467.2167312862202     
 mdl_sw2 =   0.22224645274001076     
 mdl_cw =   0.88190336616887299     
 mdl_sqrt__sw2 =   0.47143022043565552     
 mdl_sw =   0.47143022043565552     
 mdl_g1 =   0.34919218438279087     
 mdl_gw =   0.65323296958447097     
 mdl_vev =    246.21845810181631     
 mdl_vev__exp__2 =    60623.529110035874     
 mdl_lam =   0.12886910601690271     
 mdl_yb =   2.69955531549349904E-002
 mdl_ye =   2.93504850670934038E-006
 mdl_ym =   6.06883028478528356E-004
 mdl_yt =   0.99366614581500645     
 mdl_ytau =   1.02066167158167895E-002
 mdl_muH =    88.388347648318444     
 mdl_I1x33 =  ( 2.69955531549349904E-002,  0.0000000000000000     )
 mdl_I2x33 =  ( 0.99366614581500645     ,  0.0000000000000000     )
 mdl_I3x33 =  ( 0.99366614581500645     ,  0.0000000000000000     )
 mdl_I4x33 =  ( 2.69955531549349904E-002,  0.0000000000000000     )
 mdl_ee__exp__2 =   9.48355200516540348E-002
 mdl_sw__exp__2 =   0.22224645274001076     
 mdl_cw__exp__2 =   0.77775354725998924     
  Internal Params evaluated point by point
  ----------------------------------------
  
 mdl_sqrt__aS =   0.34351128178744839     
 mdl_G__exp__2 =    1.4828317414825511     
  Couplings of sm-lepton_masses
  ---------------------------------
  
         GC_3 =  -0.00000E+00  -0.30795E+00

 Collider parameters:
 --------------------

 Running at e e   machine @   4.00000000000000008E-003  GeV
 PDF set = none   
 alpha_s(Mz)= 0.1180 running at 2 loops.
 alpha_s(Mz)= 0.1180 running at 2 loops.
 Renormalization scale fixed @    91.188000000000002     
 Factorization scales  fixed @    91.188000000000002        91.188000000000002     


 getting user params
Enter number of events and max and min iterations: 
 Number of events and iterations         2000           9           3
Enter desired fractional accuracy: 
 Desired fractional accuracy:  -6.34919999999999971E-007
Enter 0 for fixed, 2 for adjustable grid: 
Suppress amplitude (0 no, 1 yes)? 
 Using suppressed amplitude.
Exact helicity sum (0 yes, n = number/event)? 
 Explicitly summing over helicities
Enter Configuration Number: 
Running Configuration Number:    1
 Not subdividing B.W.
 Attempting mappinvarients           1           4
 Completed mapping           4
 about to integrate            2        2000           9           3           2           1
 Using non-zero grid deformation.
  2 dimensions   2000 events  2 invarients  9 iterations  1 config(s),  (0.99)
 Using h-tuple random number sequence.
 Error opening grid
 Using Uniform Grid!
 Using uniform alpha   1.0000000000000000     
 Grid defined OK
 Set CM energy to          0.00
 Mapping Graph           1  to config           1
 Warning: No cutoff for shat integral found
          Minimum set to    62500.000000000000     
Setting grid   1    0.62500E+05   1
 Masses: 0.511E-03 0.511E-03 0.000E+00 0.000E+00
   1   1   2
 Got moffset          17
Using random seed offsets     1 :      1
  with seed                   99
 Ranmar initialization seeds        2160        2984
  Particle       3       4
      Et >     0.0     0.0
       E >    -1.0    -1.0
     Eta <    -1.0    -1.0
   xqcut:      0.0     0.0
d R # 3  >    -0.0    -1.0
s min # 3>     0.0     0.0
xqcutij # 3>     0.0     0.0
 alpha_s for scale    91.188000000000002       is   0.11800000071525575     
 Added good helicity            1   1.0156258781143814       in event            1
 Added good helicity            2  0.11399068472497489       in event            1
 Added good helicity            3  0.11399068472497498       in event            1
 Added good helicity            4  2.89233469964720095E-004  in event            1
 Added good helicity            6  0.48632055954294284       in event            1
 Added good helicity            7   6.2697829594227619       in event            1
 Added good helicity           10   6.2697829594227619       in event            1
 Added good helicity           11  0.48632055954294284       in event            1
 Added good helicity           13  2.89233469964720095E-004  in event            1
 Added good helicity           14  0.11399068472497498       in event            1
 Added good helicity           15  0.11399068472497489       in event            1
 Added good helicity           16   1.0156258781143814       in event            1
 Iteration  1   Mean: 0.3959E+11 Abs mean: 0.3959E+11   Fluctuation:  0.194E+10   0.534E+12   100.0%
  1    0.3959E+11 0.3959E+11 +- 0.1938E+10      2.19
 Writing out events   2199696.4547396381        2.1893992430315290     
 Relative summed weights:
  0.4564E+00  0.0000E+00
  0.5436E+00  0.0000E+00
 Relative number of events:
  0.5010E+00  0.0000E+00
  0.4990E+00  0.0000E+00
 Events:
        1002           0
         998           0
 Iteration  2   Mean: 0.3016E+11 Abs mean: 0.3016E+11   Fluctuation:  0.120E+10   0.854E+12   100.0%
  2    0.3016E+11 0.3016E+11 +- 0.1202E+10      2.52
 Relative summed weights:
  0.5302E+00  0.0000E+00
  0.4698E+00  0.0000E+00
 Relative number of events:
  0.5102E+00  0.0000E+00
  0.4898E+00  0.0000E+00
 Events:
        2041           0
        1959           0
 Iteration  3   Mean: 0.3884E+11 Abs mean: 0.3884E+11   Fluctuation:  0.116E+10   0.126E+13   100.0%
  3    0.3884E+11 0.3884E+11 +- 0.1157E+10      2.66
 Relative summed weights:
  0.4925E+00  0.0000E+00
  0.5075E+00  0.0000E+00
 Relative number of events:
  0.4989E+00  0.0000E+00
  0.5011E+00  0.0000E+00
 Events:
        3991           0
        4009           0
 Found          833  events.
 Wrote          299  events.
 Actual xsec    36467345126.818314     
 Correct abs xsec    36467345126.818314     
 Event xsec    36467345126.818016     
 Events wgts > 1:           41
 % Cross section > 1:    351594703.34766340       0.96413572779966739     
 Checking number of events   23153.846767919484              299  chi2:    17.179515585576183     
 Found          833  events.
 Wrote          303  events.
 Actual xsec    36467345126.818314     
 Correct abs xsec    36467345126.818314     
 Event xsec    36467345126.818192     
 Events wgts > 1:           41
 % Cross section > 1:    346997354.46477509       0.95152897272357850     
 Iteration  4   Mean: 0.3974E+11 Abs mean: 0.3974E+11   Fluctuation:  0.411E+09   0.445E+12   100.0%
  4    0.3974E+11 0.3974E+11 +- 0.4110E+09      1.31
 Relative summed weights:
  0.4990E+00  0.0000E+00
  0.5010E+00  0.0000E+00
 Relative number of events:
  0.4929E+00  0.0000E+00
  0.5071E+00  0.0000E+00
 Events:
        7886           0
        8114           0
 Found         1640  events.
 Wrote         1635  events.
 Actual xsec    39105897608.832214     
 Correct abs xsec    39105897608.832214     
 Event xsec    39105897608.832542     
 Events wgts > 1:           23
 % Cross section > 1:    31291207.693292249       8.00165949552958250E-002
 Checking number of events   24829.116509799747             1635  chi2:    28.942654826483789     
 Found         1640  events.
 Wrote         1635  events.
 Actual xsec    39105897608.832214     
 Correct abs xsec    39105897608.832214     
 Event xsec    39105897608.832542     
 Events wgts > 1:           23
 % Cross section > 1:    31291207.693292249       8.00165949552958250E-002
 Iteration  5   Mean: 0.3943E+11 Abs mean: 0.3943E+11   Fluctuation:  0.154E+09   0.164E+12   100.0%
  5    0.3943E+11 0.3943E+11 +- 0.1544E+09      0.70
 Relative summed weights:
  0.5042E+00  0.0000E+00
  0.4958E+00  0.0000E+00
 Relative number of events:
  0.5030E+00  0.0000E+00
  0.4970E+00  0.0000E+00
 Events:
       16097           0
       15903           0
 Found         3171  events.
 Wrote         3166  events.
 Actual xsec    39457176113.837524     
 Correct abs xsec    39457176113.837524     
 Event xsec    39457176113.836975     
 Events wgts > 1:            0
 % Cross section > 1:    0.0000000000000000        0.0000000000000000     
 Checking number of events   25052.150258197718             3166  chi2:   0.40112962868244012     
 Found         3171  events.
 Wrote         3166  events.
 Actual xsec    39457176113.837524     
 Correct abs xsec    39457176113.837524     
 Event xsec    39457176113.836975     
 Events wgts > 1:            0
 % Cross section > 1:    0.0000000000000000        0.0000000000000000     
 Iteration  6   Mean: 0.3912E+11 Abs mean: 0.3912E+11   Fluctuation:  0.680E+08   0.101E+12   100.0%
  6    0.3912E+11 0.3912E+11 +- 0.6801E+08      0.44
 Relative summed weights:
  0.5003E+00  0.0000E+00
  0.4997E+00  0.0000E+00
 Relative number of events:
  0.5015E+00  0.0000E+00
  0.4985E+00  0.0000E+00
 Events:
       32095           0
       31905           0
 Found         6272  events.
 Wrote         6267  events.
 Actual xsec    39183013293.358360     
 Correct abs xsec    39183013293.358360     
 Event xsec    39183013293.358917     
 Events wgts > 1:            0
 % Cross section > 1:    0.0000000000000000        0.0000000000000000     
 Checking number of events   24878.078800219089             6267  chi2:    2.6146886250467660     
 Found         6272  events.
 Wrote         6267  events.
 Actual xsec    39183013293.358360     
 Correct abs xsec    39183013293.358360     
 Event xsec    39183013293.358917     
 Events wgts > 1:            0
 % Cross section > 1:    0.0000000000000000        0.0000000000000000     
 Iteration  7   Mean: 0.3919E+11 Abs mean: 0.3919E+11   Fluctuation:  0.326E+08   0.745E+11   100.0%
  7    0.3919E+11 0.3919E+11 +- 0.3258E+08      0.30
 Relative summed weights:
  0.4987E+00  0.0000E+00
  0.5013E+00  0.0000E+00
 Relative number of events:
  0.4985E+00  0.0000E+00
  0.5015E+00  0.0000E+00
 Events:
       63804           0
       64196           0
 Found        12904  events.
 Wrote        12899  events.
 Actual xsec    39189516798.871132     
 Correct abs xsec    39189516798.871132     
 Event xsec    39189516798.883965     
 Events wgts > 1:            0
 % Cross section > 1:    0.0000000000000000        0.0000000000000000     
 Checking number of events   24882.208005939257            12899  chi2:    1.7350732549197165     
 Found        12904  events.
 Wrote        12899  events.
 Actual xsec    39189516798.871132     
 Correct abs xsec    39189516798.871132     
 Event xsec    39189516798.883965     
 Events wgts > 1:            0
 % Cross section > 1:    0.0000000000000000        0.0000000000000000     
 Iteration  8   Mean: 0.3921E+11 Abs mean: 0.3921E+11   Fluctuation:  0.161E+08   0.609E+11   100.0%
  8    0.3921E+11 0.3921E+11 +- 0.1606E+08      0.21
 Relative summed weights:
  0.5016E+00  0.0000E+00
  0.4984E+00  0.0000E+00
 Relative number of events:
  0.5015E+00  0.0000E+00
  0.4985E+00  0.0000E+00
 Events:
      128388           0
      127612           0
 Found        25581  events.
 Wrote        25577  events.
 Actual xsec    39200835948.541428     
 Correct abs xsec    39200835948.541428     
 Event xsec    39200835948.550644     
 Events wgts > 1:            0
 % Cross section > 1:    0.0000000000000000        0.0000000000000000     
 Checking number of events   24889.394760447922            25577  chi2:   0.80816523238727378     

 -------------------------------------------------------------------------------
 Accumulated results:   Integral =  0.3920E+11
                        Std dev  =  0.1402E+08
                       Cross sec =  0.5600E+01
             Chi**2 per DoF.     =
-------------------------------------------------
---------------------------
 Results Last   3 iters: Integral =   0.3920E+11
                     Abs integral =   0.3920E+11
                          Std dev =   0.1409E+08
                  Chi**2 per DoF. =      0.8082
-------------------------------------------------
---------------------------
 Status -6.34919999999999971E-007           9           9
 We found enough events       25577   24889.394760447922     

ls status:
events.lhe
ftn25
ftn26
input_sg.txt
moffset.dat
results.dat
run_06_ftn26.gz
run_06_log.txt
run_06_results.dat
run_07_ftn26.gz
run_07_log.txt
run_07_results.dat
run_08_ftn26.gz
run_08_log.txt
run_08_results.dat
run1_app.log
