 Process in group number            0
 No PDF is used, alpha_s(MZ) from param_card is used
 Value of alpha_s from param_card:   0.11800000071525575     
 The default order of alpha_s running is fixed to            2
<<<<<<< HEAD
=======
 Warning: pt or E min of a gamma should in general be >0
>>>>>>> 911b5ec345c81b054214c521136984e9d6306827
 *****************************************************
 *               MadGraph/MadEvent                   *
 *        --------------------------------           *
 *          http://madgraph.hep.uiuc.edu             *
 *          http://madgraph.phys.ucl.ac.be           *
 *          http://madgraph.roma2.infn.it            *
 *        --------------------------------           *
 *                                                   *
 *          PARAMETER AND COUPLING VALUES            *
 *                                                   *
 *****************************************************

  External Params
  ---------------------------------
  
 aEWM1 =    132.50700378417969     
 mdl_Gf =   1.16639000000000003E-005
 aS =   0.11800000071525575     
 mdl_ymb =    4.6999998092651367     
 mdl_ymt =    173.00000000000000     
 mdl_yme =   5.10999991092830896E-004
 mdl_ymm =   0.10565999895334244     
 mdl_ymtau =    1.7769999504089355     
 mdl_MZ =    91.188003540039063     
 mdl_MT =    173.00000000000000     
 mdl_MB =    4.6999998092651367     
 mdl_MH =    125.00000000000000     
 mdl_Me =   5.10999991092830896E-004
 mdl_MM =   0.10565999895334244     
 mdl_MTA =    1.7769999504089355     
 mdl_WZ =    2.4414041042327881     
 mdl_WW =    2.0476000308990479     
 mdl_WT =    1.4915000200271606     
 mdl_WH =   6.38233916833996773E-003
 mdl_WTau =   2.26999999999999982E-012
  Internal Params
  ---------------------------------
  
 mdl_conjg__CKM3x3 =    1.0000000000000000     
 mdl_CKM3x3 =    1.0000000000000000     
 mdl_conjg__CKM1x1 =    1.0000000000000000     
 mdl_complexi =  (  0.0000000000000000     ,  1.0000000000000000     )
 mdl_MZ__exp__2 =    8315.2519896181766     
 mdl_MZ__exp__4 =    69143415.650849044     
 mdl_sqrt__2 =    1.4142135623730951     
 mdl_MH__exp__2 =    15625.000000000000     
 mdl_aEW =   7.54677089845565054E-003
 mdl_MW =    80.419007276179556     
 mdl_sqrt__aEW =   8.68721526063194194E-002
 mdl_ee =   0.30795376284704501     
 mdl_MW__exp__2 =    6467.2167312862202     
 mdl_sw2 =   0.22224645274001076     
 mdl_cw =   0.88190336616887299     
 mdl_sqrt__sw2 =   0.47143022043565552     
 mdl_sw =   0.47143022043565552     
 mdl_g1 =   0.34919218438279087     
 mdl_gw =   0.65323296958447097     
 mdl_vev =    246.21845810181631     
 mdl_vev__exp__2 =    60623.529110035874     
 mdl_lam =   0.12886910601690271     
 mdl_yb =   2.69955531549349904E-002
 mdl_ye =   2.93504850670934038E-006
 mdl_ym =   6.06883028478528356E-004
 mdl_yt =   0.99366614581500645     
 mdl_ytau =   1.02066167158167895E-002
 mdl_muH =    88.388347648318444     
 mdl_I1x33 =  ( 2.69955531549349904E-002,  0.0000000000000000     )
 mdl_I2x33 =  ( 0.99366614581500645     ,  0.0000000000000000     )
 mdl_I3x33 =  ( 0.99366614581500645     ,  0.0000000000000000     )
 mdl_I4x33 =  ( 2.69955531549349904E-002,  0.0000000000000000     )
 mdl_ee__exp__2 =   9.48355200516540348E-002
 mdl_sw__exp__2 =   0.22224645274001076     
 mdl_cw__exp__2 =   0.77775354725998924     
  Internal Params evaluated point by point
  ----------------------------------------
  
 mdl_sqrt__aS =   0.34351128178744839     
 mdl_G__exp__2 =    1.4828317414825511     
  Couplings of sm-lepton_masses
  ---------------------------------
  
         GC_3 =  -0.00000E+00  -0.30795E+00
        GC_50 =  -0.00000E+00  -0.28804E+00
        GC_59 =   0.00000E+00   0.82310E-01
        GC_89 =  -0.00000E+00  -0.20754E-05

 Collider parameters:
 --------------------

<<<<<<< HEAD
 Running at e e   machine @   7.14879999999999960E-002  GeV
=======
 Running at e e   machine @   7.00000000000000067E-002  GeV
>>>>>>> 911b5ec345c81b054214c521136984e9d6306827
 PDF set = none   
 alpha_s(Mz)= 0.1180 running at 2 loops.
 alpha_s(Mz)= 0.1180 running at 2 loops.
 Renormalization scale fixed @    91.188000000000002     
 Factorization scales  fixed @    91.188000000000002        91.188000000000002     


 getting user params
Enter number of events and max and min iterations: 
 Number of events and iterations         2000           9           3
Enter desired fractional accuracy: 
<<<<<<< HEAD
 Desired fractional accuracy:  -5.74259999999999987E-006
=======
 Desired fractional accuracy:  -6.26620000000000013E-037
>>>>>>> 911b5ec345c81b054214c521136984e9d6306827
Enter 0 for fixed, 2 for adjustable grid: 
Suppress amplitude (0 no, 1 yes)? 
 Using suppressed amplitude.
Exact helicity sum (0 yes, n = number/event)? 
 Explicitly summing over helicities
Enter Configuration Number: 
Running Configuration Number:   22
 Not subdividing B.W.
 Attempting mappinvarients           1           5
 Completed mapping           5
 about to integrate            5        2000           9           3           5           1
<<<<<<< HEAD
 Using non-zero grid deformation.
  5 dimensions   2000 events  5 invarients  9 iterations  1 config(s),  (0.99)
 Using h-tuple random number sequence.
 Error opening grid
 Using Uniform Grid!
 Using uniform alpha   1.0000000000000000     
 Grid defined OK
 Set CM energy to          0.07
 Mapping Graph          22  to config          22
Setting grid   1    0.51095E-04   1
Setting grid   2    0.51095E-04   1
=======
 Keeping grid fixed.
  5 dimensions   2000 events  5 invarients  9 iterations  1 config(s),  (0.99)
 Using h-tuple random number sequence.
 Grid read from file
 Grid defined OK
 Set CM energy to          0.07
 Mapping Graph          22  to config          22
 No modification is setgrid, grid read from file
 No modification is setgrid, grid read from file
>>>>>>> 911b5ec345c81b054214c521136984e9d6306827
 Masses: 0.511E-03 0.511E-03 0.000E+00 0.511E-03 0.511E-03
  22   1   2   3   4   5
 Got moffset          20
Using random seed offsets    22 :      1
<<<<<<< HEAD
  with seed                   87
 Ranmar initialization seeds       17634       12442
=======
  with seed                   30
 Ranmar initialization seeds        8313       12383
>>>>>>> 911b5ec345c81b054214c521136984e9d6306827
  Particle       3       4       5
      Et >     0.0     0.0     0.0
       E >     0.0     0.0     0.0
     Eta <    -1.0    -1.0    -1.0
   xqcut:      0.0     0.0     0.0
d R # 3  >    -0.0     0.0     0.0
<<<<<<< HEAD
d R # 4  >    -0.0    -0.0     0.0
=======
d R # 4  >    -0.0    -0.0     0.4
>>>>>>> 911b5ec345c81b054214c521136984e9d6306827
s min # 3>     0.0     0.0     0.0
s min # 4>     0.0     0.0     0.0
xqcutij # 3>     0.0     0.0     0.0
xqcutij # 4>     0.0     0.0     0.0
 alpha_s for scale    91.188000000000002       is   0.11800000071525575     
<<<<<<< HEAD
 Added good helicity            1   5.2916366572861691       in event            1
 Added good helicity            2  1.68432236104635039E-005  in event            1
 Added good helicity            3  9.66228334737217944E-004  in event            1
 Added good helicity            5   4.9578849361251454       in event            1
 Added good helicity            6  1.58040904828711954E-005  in event            1
 Added good helicity            7  1.67933868812052812E-005  in event            1
 Added good helicity            9  1.68494472290674502E-005  in event            1
 Added good helicity           10   2.9652584499514596       in event            1
 Added good helicity           11  1.62557232379142817E-003  in event            1
 Added good helicity           12  5.69791817738993212E-004  in event            1
 Added good helicity           13  1.83738176170838139E-005  in event            1
 Added good helicity           14   2.7802120186651949       in event            1
 Added good helicity           15  1.74468054709662969E-003  in event            1
 Added good helicity           16  1.68129578731531755E-005  in event            1
 Added good helicity           17  1.68129590975531650E-005  in event            1
 Added good helicity           18  1.74468054716833449E-003  in event            1
 Added good helicity           19   2.7802121896001828       in event            1
 Added good helicity           20  1.83738188812493169E-005  in event            1
 Added good helicity           21  5.69791853380441338E-004  in event            1
 Added good helicity           22  1.62557232360952464E-003  in event            1
 Added good helicity           23   2.9652586322625321       in event            1
 Added good helicity           24  1.68494484555979173E-005  in event            1
 Added good helicity           26  1.67933856563741959E-005  in event            1
 Added good helicity           27  1.58040916315335069E-005  in event            1
 Added good helicity           28   4.9578849361248514       in event            1
 Added good helicity           30  9.66228329924092243E-004  in event            1
 Added good helicity           31  1.68432248369940218E-005  in event            1
 Added good helicity           32   5.2916366572905442       in event            1
 Added good helicity            4  3.00634152896117212E-006  in event            4
 Added good helicity           29  3.00634289798741552E-006  in event            4
 Iteration  1   Mean: 0.2832E+10 Abs mean: 0.2832E+10   Fluctuation:  0.196E+09   0.159E+12    84.9%
  1    0.2832E+10 0.2832E+10 +- 0.1959E+09      3.09
 Writing out events   185341.49509603548        3.0932689650101737     
=======
 Added good helicity            1   4.2129016467286480       in event            1
 Added good helicity            3  9.44690824055304554E-004  in event            1
 Added good helicity            5   3.7861536620328926       in event            1
 Added good helicity           10   4.2129016469935792       in event            1
 Added good helicity           12  9.44690824119156906E-004  in event            1
 Added good helicity           14   3.7861536622705825       in event            1
 Added good helicity           19   3.7861536622705834       in event            1
 Added good helicity           21  9.44690824119157014E-004  in event            1
 Added good helicity           23   4.2129016469935792       in event            1
 Added good helicity           28   3.7861536620328935       in event            1
 Added good helicity           30  9.44690824055304554E-004  in event            1
 Added good helicity           32   4.2129016467286480       in event            1
 Iteration  1   Mean: 0.5533E+32 Abs mean: 0.5533E+32   Fluctuation:  0.326E+32   0.639E+35    99.4%
  1    0.5533E+32 0.5533E+32 +- 0.3255E+32     26.31
 Writing out events  3.09257307904661056E+027   26.310639634496411     
>>>>>>> 911b5ec345c81b054214c521136984e9d6306827
 Relative summed weights:
  0.1000E+01  0.0000E+00
 Relative number of events:
  0.1000E+01  0.0000E+00
 Events:
        2000           0
<<<<<<< HEAD
 Iteration  2   Mean: 0.2302E+10 Abs mean: 0.2302E+10   Fluctuation:  0.637E+08   0.367E+11    84.6%
  2    0.2302E+10 0.2302E+10 +- 0.6373E+08      1.75
=======
 Iteration  2   Mean: 0.5020E+33 Abs mean: 0.5020E+33   Fluctuation:  0.276E+33   0.760E+36    99.3%
  2    0.5020E+33 0.5020E+33 +- 0.2765E+33     34.83
>>>>>>> 911b5ec345c81b054214c521136984e9d6306827
 Relative summed weights:
  0.1000E+01  0.0000E+00
 Relative number of events:
  0.1000E+01  0.0000E+00
 Events:
        4000           0
<<<<<<< HEAD
 Iteration  3   Mean: 0.2427E+10 Abs mean: 0.2427E+10   Fluctuation:  0.370E+08   0.268E+11    81.2%
  3    0.2427E+10 0.2427E+10 +- 0.3697E+08      1.36
=======
 Iteration  3   Mean: 0.3410E+33 Abs mean: 0.3410E+33   Fluctuation:  0.245E+33   0.194E+37    99.3%
  3    0.3410E+33 0.3410E+33 +- 0.2449E+33     64.24
>>>>>>> 911b5ec345c81b054214c521136984e9d6306827
 Relative summed weights:
  0.1000E+01  0.0000E+00
 Relative number of events:
  0.1000E+01  0.0000E+00
 Events:
        8000           0
<<<<<<< HEAD
 Found         1053  events.
 Wrote         1048  events.
 Actual xsec    2413725472.7353058     
 Correct abs xsec    2413725472.7353058     
 Event xsec    2413725472.7353258     
 Events wgts > 1:           19
 % Cross section > 1:    6974117.8083701599       0.28893583330613082     
 Checking number of events   13861.059899729767             1048  chi2:    3.8690872413234030     
 Found         1053  events.
 Wrote         1048  events.
 Actual xsec    2413725472.7353058     
 Correct abs xsec    2413725472.7353058     
 Event xsec    2413725472.7353258     
 Events wgts > 1:           19
 % Cross section > 1:    6974117.8083701599       0.28893583330613082     
 Iteration  4   Mean: 0.2406E+10 Abs mean: 0.2406E+10   Fluctuation:  0.226E+08   0.336E+11    77.5%
  4    0.2406E+10 0.2406E+10 +- 0.2261E+08      1.19
=======
 Found           35  events.
 Wrote            2  events.
 Actual xsec   3.04722101365901474E+032
 Correct abs xsec   3.04722101365901474E+032
 Event xsec   3.04722101365901474E+032
 Events wgts > 1:            0
 % Cross section > 1:    0.0000000000000000        0.0000000000000000     
 Checking number of events  1.90944963157901193E-004           2  chi2:    29.608062103816856     
 Found           35  events.
 Wrote            1  events.
 Actual xsec   3.04722101365901474E+032
 Correct abs xsec   3.04722101365901474E+032
 Event xsec   3.04722101365901474E+032
 Events wgts > 1:            0
 % Cross section > 1:    0.0000000000000000        0.0000000000000000     
 Iteration  4   Mean: 0.6618E+34 Abs mean: 0.6618E+34   Fluctuation:  0.577E+34   0.920E+38    99.3%
  4    0.6618E+34 0.6618E+34 +- 0.5766E+34    110.21
>>>>>>> 911b5ec345c81b054214c521136984e9d6306827
 Relative summed weights:
  0.1000E+01  0.0000E+00
 Relative number of events:
  0.1000E+01  0.0000E+00
 Events:
       16000           0
<<<<<<< HEAD
 Found         2041  events.
 Wrote         2036  events.
 Actual xsec    2403279866.1301260     
 Correct abs xsec    2403279866.1301260     
 Event xsec    2403279866.1301169     
 Events wgts > 1:            2
 % Cross section > 1:    1626347.6246741717       6.76720030652526172E-002
 Checking number of events   13801.074959238862             2036  chi2:    1.4648717398633160     
 Found         2041  events.
 Wrote         2036  events.
 Actual xsec    2403279866.1301260     
 Correct abs xsec    2403279866.1301260     
 Event xsec    2403279866.1301169     
 Events wgts > 1:            2
 % Cross section > 1:    1626347.6246741717       6.76720030652526172E-002
 Iteration  5   Mean: 0.2416E+10 Abs mean: 0.2416E+10   Fluctuation:  0.151E+08   0.363E+11    73.8%
  5    0.2416E+10 0.2416E+10 +- 0.1506E+08      1.12
=======
 Found           75  events.
 Wrote            1  events.
 Actual xsec   1.68400908309165066E+033
 Correct abs xsec   1.68400908309165066E+033
 Event xsec   1.68400908309165066E+033
 Events wgts > 1:            0
 % Cross section > 1:    0.0000000000000000        0.0000000000000000     
 Checking number of events  1.05523377164689009E-003           1  chi2:    24.543359893231564     
 Found           75  events.
 Wrote            1  events.
 Actual xsec   1.68400908309165066E+033
 Correct abs xsec   1.68400908309165066E+033
 Event xsec   1.68400908309165066E+033
 Events wgts > 1:            0
 % Cross section > 1:    0.0000000000000000        0.0000000000000000     
 Iteration  5   Mean: 0.7243E+33 Abs mean: 0.7243E+33   Fluctuation:  0.447E+33   0.140E+38    99.4%
  5    0.7243E+33 0.7243E+33 +- 0.4467E+33    110.33
>>>>>>> 911b5ec345c81b054214c521136984e9d6306827
 Relative summed weights:
  0.1000E+01  0.0000E+00
 Relative number of events:
  0.1000E+01  0.0000E+00
 Events:
       32000           0
<<<<<<< HEAD
 Found         4333  events.
 Wrote         4328  events.
 Actual xsec    2414191342.1119223     
 Correct abs xsec    2414191342.1119223     
 Event xsec    2414191342.1118307     
 Events wgts > 1:           10
 % Cross section > 1:    1742039.7859825050       7.21583146950831034E-002
 Checking number of events   13863.735201211925             4328  chi2:   0.13473895358403640     
 Found         4333  events.
 Wrote         4328  events.
 Actual xsec    2414191342.1119223     
 Correct abs xsec    2414191342.1119223     
 Event xsec    2414191342.1118307     
 Events wgts > 1:           10
 % Cross section > 1:    1742039.7859825050       7.21583146950831034E-002
 Iteration  6   Mean: 0.2421E+10 Abs mean: 0.2421E+10   Fluctuation:  0.105E+08   0.480E+11    71.1%
  6    0.2421E+10 0.2421E+10 +- 0.1053E+08      1.10
=======
 Found           47  events.
 Wrote            2  events.
 Actual xsec   1.91735760565137074E+033
 Correct abs xsec   1.91735760565137074E+033
 Event xsec   1.91735760565137074E+033
 Events wgts > 1:            1
 % Cross section > 1:   1.25239097186752235E+026  6.53185909699957167E-006
 Checking number of events  1.20145462285326204E-003           2  chi2:    24.617424762865298     
 Found           47  events.
 Wrote            1  events.
 Actual xsec   1.91735760565137074E+033
 Correct abs xsec   1.91735760565137074E+033
 Event xsec   1.91735760565137074E+033
 Events wgts > 1:            1
 % Cross section > 1:   2.50478178232603406E+026  1.30637173521686453E-005
 Iteration  6   Mean: 0.1872E+36 Abs mean: 0.1872E+36   Fluctuation:  0.183E+36   0.117E+41    99.4%
  6    0.1872E+36 0.1872E+36 +- 0.1833E+36    247.69
>>>>>>> 911b5ec345c81b054214c521136984e9d6306827
 Relative summed weights:
  0.1000E+01  0.0000E+00
 Relative number of events:
  0.1000E+01  0.0000E+00
 Events:
       64000           0
<<<<<<< HEAD
 Found         8978  events.
 Wrote         8974  events.
 Actual xsec    2417743390.0588341     
 Correct abs xsec    2417743390.0588341     
 Event xsec    2417743390.0585437     
 Events wgts > 1:           41
 % Cross section > 1:    5513323.0450991243       0.22803590603408178     
 Checking number of events   13884.133191751860             8974  chi2:   0.20467019895606442     
 Found         8978  events.
 Wrote         8974  events.
 Actual xsec    2417743390.0588341     
 Correct abs xsec    2417743390.0588341     
 Event xsec    2417743390.0585437     
 Events wgts > 1:           41
 % Cross section > 1:    5513323.0450991243       0.22803590603408178     
 Iteration  7   Mean: 0.2416E+10 Abs mean: 0.2416E+10   Fluctuation:  0.744E+07   0.978E+11    69.0%
  7    0.2416E+10 0.2416E+10 +- 0.7438E+07      1.10
=======
 Found          194  events.
 Wrote            1  events.
 Actual xsec   4.12618780901157752E+034
 Correct abs xsec   4.12618780901157752E+034
 Event xsec   4.12618780901157752E+034
 Events wgts > 1:            1
 % Cross section > 1:   6.99271987955859167E+027  1.69471681930873793E-005
 Checking number of events  2.58555180488283486E-002           1  chi2:    4136.3656028957366     
 Found          194  events.
 Wrote            1  events.
 Actual xsec   4.12618780901157752E+034
 Correct abs xsec   4.12618780901157752E+034
 Event xsec   4.12618780901157752E+034
 Events wgts > 1:            1
 % Cross section > 1:   6.99271987955859167E+027  1.69471681930873793E-005
 Iteration  7   Mean: 0.5444E+35 Abs mean: 0.5444E+35   Fluctuation:  0.526E+35   0.674E+40    99.4%
  7    0.5444E+35 0.5444E+35 +- 0.5263E+35    345.86
>>>>>>> 911b5ec345c81b054214c521136984e9d6306827
 Relative summed weights:
  0.1000E+01  0.0000E+00
 Relative number of events:
  0.1000E+01  0.0000E+00
 Events:
      128000           0
<<<<<<< HEAD
 Found        18405  events.
 Wrote        18400  events.
 Actual xsec    2417516327.5515285     
 Correct abs xsec    2417516327.5515285     
 Event xsec    2417516327.5512490     
 Events wgts > 1:          119
 % Cross section > 1:    7465667.7620267412       0.30881560868665847     
 Checking number of events   13882.829262597406            18400  chi2:   9.02297479889566656E-002

 -------------------------------------------------------------------------------
 Accumulated results:   Integral =  0.2417E+10
                        Std dev  =  0.5387E+07
                       Cross sec =  0.1600E+01
             Chi**2 per DoF.     =
-------------------------------------------------
---------------------------
 Results Last   3 iters: Integral =   0.2418E+10
                     Abs integral =   0.2418E+10
                          Std dev =   0.5634E+07
                  Chi**2 per DoF. =      0.0902
-------------------------------------------------
---------------------------
 Status -5.74259999999999987E-006           8           9
 We found enough events       18400   13882.829262597406     
=======
 Found           40  events.
 Wrote            1  events.
 Actual xsec   5.38592434446731015E+034
 Correct abs xsec   5.38592434446731015E+034
 Event xsec   5.38592434446731015E+034
 Events wgts > 1:            0
 % Cross section > 1:    0.0000000000000000        0.0000000000000000     
 Checking number of events  3.37492791273010587E-002           1  chi2:    7075.3370211356942     
 Found           40  events.
 Wrote            1  events.
 Actual xsec   5.38592434446731015E+034
 Correct abs xsec   5.38592434446731015E+034
 Event xsec   5.38592434446731015E+034
 Events wgts > 1:            0
 % Cross section > 1:    0.0000000000000000        0.0000000000000000     
 Iteration  8   Mean: 0.6554E+35 Abs mean: 0.6554E+35   Fluctuation:  0.583E+35   0.149E+41    99.4%
  8    0.6554E+35 0.6554E+35 +- 0.5827E+35    449.79
 Relative summed weights:
  0.1000E+01  0.0000E+00
 Relative number of events:
  0.1000E+01  0.0000E+00
 Events:
      256000           0
 Found          111  events.
 Wrote            3  events.
 Actual xsec   9.95808953350382273E+034
 Correct abs xsec   9.95808953350382273E+034
 Event xsec   9.95808953350382273E+034
 Events wgts > 1:            0
 % Cross section > 1:    0.0000000000000000        0.0000000000000000     
 Checking number of events  6.23993806348416558E-002           3  chi2:   0.65274369601715432     

 -------------------------------------------------------------------------------
 Accumulated results:   Integral =  0.2263E+35
                        Std dev  =  0.5756E+34
                       Cross sec =  0.1041E+02
             Chi**2 per DoF.     =
-------------------------------------------------
---------------------------
 Results Last   3 iters: Integral =   0.9958E+35
                     Abs integral =   0.9958E+35
                          Std dev =   0.5418E+35
                  Chi**2 per DoF. =      0.6527
-------------------------------------------------
---------------------------
 Status -6.26620000000000013E-037           9           9
 We found enough events           3  6.23993806348416558E-002
>>>>>>> 911b5ec345c81b054214c521136984e9d6306827

ls status:
events.lhe
ftn25
ftn26
input_sg.txt
<<<<<<< HEAD
moffset.dat
results.dat
run_01_ftn26.gz
run_01_log.txt
run_01_results.dat
run_02_ftn26.gz
run_02_log.txt
run_02_results.dat
run_03_ftn26.gz
run_03_log.txt
run_03_results.dat
=======
log.txt
moffset.dat
results.dat
>>>>>>> 911b5ec345c81b054214c521136984e9d6306827
run1_app.log
