 Process in group number            0
 No PDF is used, alpha_s(MZ) from param_card is used
 Value of alpha_s from param_card:   0.11800000071525575     
 The default order of alpha_s running is fixed to            2
 Warning: pt or E min of a gamma should in general be >0
 Warning: pt or E min of a gamma should in general be >0
 Warning: pt or E min of a gamma should in general be >0
 *****************************************************
 *               MadGraph/MadEvent                   *
 *        --------------------------------           *
 *          http://madgraph.hep.uiuc.edu             *
 *          http://madgraph.phys.ucl.ac.be           *
 *          http://madgraph.roma2.infn.it            *
 *        --------------------------------           *
 *                                                   *
 *          PARAMETER AND COUPLING VALUES            *
 *                                                   *
 *****************************************************

  External Params
  ---------------------------------
  
 aEWM1 =    132.50700378417969     
 mdl_Gf =   1.16639000000000003E-005
 aS =   0.11800000071525575     
 mdl_ymb =    4.6999998092651367     
 mdl_ymt =    173.00000000000000     
 mdl_yme =   5.10999991092830896E-004
 mdl_ymm =   0.10565999895334244     
 mdl_ymtau =    1.7769999504089355     
 mdl_MZ =    91.188003540039063     
 mdl_MT =    173.00000000000000     
 mdl_MB =    4.6999998092651367     
 mdl_MH =    125.00000000000000     
 mdl_Me =   5.10999991092830896E-004
 mdl_MM =   0.10565999895334244     
 mdl_MTA =    1.7769999504089355     
 mdl_WZ =    2.4414041042327881     
 mdl_WW =    2.0476000308990479     
 mdl_WT =    1.4915000200271606     
 mdl_WH =   6.38233916833996773E-003
 mdl_WTau =   2.26999999999999982E-012
  Internal Params
  ---------------------------------
  
 mdl_conjg__CKM3x3 =    1.0000000000000000     
 mdl_CKM3x3 =    1.0000000000000000     
 mdl_conjg__CKM1x1 =    1.0000000000000000     
 mdl_complexi =  (  0.0000000000000000     ,  1.0000000000000000     )
 mdl_MZ__exp__2 =    8315.2519896181766     
 mdl_MZ__exp__4 =    69143415.650849044     
 mdl_sqrt__2 =    1.4142135623730951     
 mdl_MH__exp__2 =    15625.000000000000     
 mdl_aEW =   7.54677089845565054E-003
 mdl_MW =    80.419007276179556     
 mdl_sqrt__aEW =   8.68721526063194194E-002
 mdl_ee =   0.30795376284704501     
 mdl_MW__exp__2 =    6467.2167312862202     
 mdl_sw2 =   0.22224645274001076     
 mdl_cw =   0.88190336616887299     
 mdl_sqrt__sw2 =   0.47143022043565552     
 mdl_sw =   0.47143022043565552     
 mdl_g1 =   0.34919218438279087     
 mdl_gw =   0.65323296958447097     
 mdl_vev =    246.21845810181631     
 mdl_vev__exp__2 =    60623.529110035874     
 mdl_lam =   0.12886910601690271     
 mdl_yb =   2.69955531549349904E-002
 mdl_ye =   2.93504850670934038E-006
 mdl_ym =   6.06883028478528356E-004
 mdl_yt =   0.99366614581500645     
 mdl_ytau =   1.02066167158167895E-002
 mdl_muH =    88.388347648318444     
 mdl_I1x33 =  ( 2.69955531549349904E-002,  0.0000000000000000     )
 mdl_I2x33 =  ( 0.99366614581500645     ,  0.0000000000000000     )
 mdl_I3x33 =  ( 0.99366614581500645     ,  0.0000000000000000     )
 mdl_I4x33 =  ( 2.69955531549349904E-002,  0.0000000000000000     )
 mdl_ee__exp__2 =   9.48355200516540348E-002
 mdl_sw__exp__2 =   0.22224645274001076     
 mdl_cw__exp__2 =   0.77775354725998924     
  Internal Params evaluated point by point
  ----------------------------------------
  
 mdl_sqrt__aS =   0.34351128178744839     
 mdl_G__exp__2 =    1.4828317414825511     
  Couplings of sm-lepton_masses
  ---------------------------------
  
         GC_3 =  -0.00000E+00  -0.30795E+00

 Collider parameters:
 --------------------

 Running at e e   machine @   7.00000000000000067E-002  GeV
 PDF set = none   
 alpha_s(Mz)= 0.1180 running at 2 loops.
 alpha_s(Mz)= 0.1180 running at 2 loops.
 Renormalization scale fixed @    91.188000000000002     
 Factorization scales  fixed @    91.188000000000002        91.188000000000002     


 getting user params
Enter number of events and max and min iterations: 
 Number of events and iterations         1000           9           3
Enter desired fractional accuracy: 
 Desired fractional accuracy:  -4.19009999999999974E-005
Enter 0 for fixed, 2 for adjustable grid: 
Suppress amplitude (0 no, 1 yes)? 
 Using suppressed amplitude.
Exact helicity sum (0 yes, n = number/event)? 
 Explicitly summing over helicities
Enter Configuration Number: 
Running Configuration Number:    1
 Not subdividing B.W.
 Attempting mappinvarients           1           5
 Completed mapping           5
 about to integrate            5        1000           9           3           5           1
 Keeping grid fixed.
  5 dimensions   1000 events  5 invarients  9 iterations  1 config(s),  (0.99)
 Using h-tuple random number sequence.
 Grid read from file
 Grid defined OK
 Set CM energy to          0.07
 Mapping Graph           1  to config           1
 Warning: No cutoff for shat integral found
          Minimum set to    204.08163265306121     
 No modification is setgrid, grid read from file
 Warning: No cutoff for shat integral found
          Minimum set to    204.08163265306121     
 No modification is setgrid, grid read from file
 Masses: 0.511E-03 0.511E-03 0.000E+00 0.000E+00 0.000E+00
   1   1   2   3   4   5
 Got moffset           5
Using random seed offsets     1 :      1
  with seed                   30
 Ranmar initialization seeds        8292       25190
  Particle       3       4       5
      Et >     0.0     0.0     0.0
       E >     0.0     0.0     0.0
     Eta <    -1.0    -1.0    -1.0
   xqcut:      0.0     0.0     0.0
d R # 3  >    -0.0     0.0     0.0
d R # 4  >    -0.0    -0.0     0.0
s min # 3>     0.0     0.0     0.0
s min # 4>     0.0     0.0     0.0
xqcutij # 3>     0.0     0.0     0.0
xqcutij # 4>     0.0     0.0     0.0
 alpha_s for scale    91.188000000000002       is   0.11800000071525575     
 Added good helicity            1  0.10925817566007941       in event            1
 Added good helicity            2  0.17548002225036075       in event            1
 Added good helicity            3  2.53920524745495952E-004  in event            1
 Added good helicity            4  4.13338393863505879E-006  in event            1
 Added good helicity            5  1.31374492732605036E-004  in event            1
 Added good helicity            6  1.30586151463455042E-005  in event            1
 Added good helicity            7  1.96797966784486971E-006  in event            1
 Added good helicity           10  6.82060074196336359E-003  in event            1
 Added good helicity           11  3.77150481507124245E-004  in event            1
 Added good helicity           12  6.55130459974507021E-005  in event            1
 Added good helicity           13   5.7437835519543761       in event            1
 Added good helicity           14   9.9509450589802491       in event            1
 Added good helicity           15  1.28654715788983059E-002  in event            1
 Added good helicity           18  1.28654715788983007E-002  in event            1
 Added good helicity           19   9.9509450589802491       in event            1
 Added good helicity           20   5.7437835519543761       in event            1
 Added good helicity           21  6.55130459974507021E-005  in event            1
 Added good helicity           22  3.77150481507124136E-004  in event            1
 Added good helicity           23  6.82060074196336099E-003  in event            1
 Added good helicity           26  1.96797966784486971E-006  in event            1
 Added good helicity           27  1.30586151463455093E-005  in event            1
 Added good helicity           28  1.31374492732605009E-004  in event            1
 Added good helicity           29  4.13338393863505879E-006  in event            1
 Added good helicity           30  2.53920524745495952E-004  in event            1
 Added good helicity           31  0.17548002225036075       in event            1
 Added good helicity           32  0.10925817566007941       in event            1
 Iteration  1   Mean: 0.1152E+09 Abs mean: 0.1152E+09   Fluctuation:  0.965E+07   0.644E+10    99.7%
  1    0.1152E+09 0.1152E+09 +- 0.9653E+07      2.65
 Writing out events   12838.629247159339        2.6498308644771198     
 Relative summed weights:
  0.1606E+00  0.0000E+00
  0.2081E+00  0.0000E+00
  0.1721E+00  0.0000E+00
  0.1267E+00  0.0000E+00
  0.1321E+00  0.0000E+00
  0.2004E+00  0.0000E+00
 Relative number of events:
  0.1700E+00  0.0000E+00
  0.1660E+00  0.0000E+00
  0.1620E+00  0.0000E+00
  0.1600E+00  0.0000E+00
  0.1670E+00  0.0000E+00
  0.1750E+00  0.0000E+00
 Events:
         170           0
         166           0
         162           0
         160           0
         167           0
         175           0
 Iteration  2   Mean: 0.1082E+09 Abs mean: 0.1082E+09   Fluctuation:  0.685E+07   0.851E+10    99.6%
  2    0.1082E+09 0.1082E+09 +- 0.6853E+07      2.83
 Relative summed weights:
  0.1666E+00  0.0000E+00
  0.1574E+00  0.0000E+00
  0.1411E+00  0.0000E+00
  0.2024E+00  0.0000E+00
  0.1711E+00  0.0000E+00
  0.1613E+00  0.0000E+00
 Relative number of events:
  0.1580E+00  0.0000E+00
  0.1575E+00  0.0000E+00
  0.1645E+00  0.0000E+00
  0.1730E+00  0.0000E+00
  0.1795E+00  0.0000E+00
  0.1675E+00  0.0000E+00
 Events:
         316           0
         315           0
         329           0
         346           0
         359           0
         335           0
 Iteration  3   Mean: 0.1257E+09 Abs mean: 0.1257E+09   Fluctuation:  0.183E+08   0.703E+11    99.7%
  3    0.1257E+09 0.1257E+09 +- 0.1827E+08      9.19
 Relative summed weights:
  0.2587E+00  0.0000E+00
  0.1181E+00  0.0000E+00
  0.2014E+00  0.0000E+00
  0.1097E+00  0.0000E+00
  0.1644E+00  0.0000E+00
  0.1477E+00  0.0000E+00
 Relative number of events:
  0.1725E+00  0.0000E+00
  0.1608E+00  0.0000E+00
  0.1732E+00  0.0000E+00
  0.1565E+00  0.0000E+00
  0.1730E+00  0.0000E+00
  0.1640E+00  0.0000E+00
 Events:
         690           0
         643           0
         693           0
         626           0
         692           0
         656           0
 Found          327  events.
 Wrote           10  events.
 Actual xsec    112335031.57502978     
 Correct abs xsec    112335031.57502978     
 Event xsec    112335031.57502978     
 Events wgts > 1:            1
 % Cross section > 1:   0.84105270542204380       7.48700288440561648E-007
 Checking number of events   4706.9501580253227               10  chi2:   0.49873512248962537     
 Found          327  events.
 Wrote            8  events.
 Actual xsec    112335031.57502978     
 Correct abs xsec    112335031.57502978     
 Event xsec    112335031.57502981     
 Events wgts > 1:            1
 % Cross section > 1:    1.0513158813118935       9.35875360136172712E-007
 Iteration  4   Mean: 0.1109E+09 Abs mean: 0.1109E+09   Fluctuation:  0.385E+07   0.164E+11    99.6%
  4    0.1109E+09 0.1109E+09 +- 0.3846E+07      3.10
 Relative summed weights:
  0.1666E+00  0.0000E+00
  0.1851E+00  0.0000E+00
  0.1621E+00  0.0000E+00
  0.1584E+00  0.0000E+00
  0.1710E+00  0.0000E+00
  0.1569E+00  0.0000E+00
 Relative number of events:
  0.1623E+00  0.0000E+00
  0.1656E+00  0.0000E+00
  0.1631E+00  0.0000E+00
  0.1673E+00  0.0000E+00
  0.1756E+00  0.0000E+00
  0.1661E+00  0.0000E+00
 Events:
        1298           0
        1325           0
        1305           0
        1338           0
        1405           0
        1329           0
 Found          645  events.
 Wrote           98  events.
 Actual xsec    110905904.49951616     
 Correct abs xsec    110905904.49951616     
 Event xsec    110905904.49951577     
 Events wgts > 1:            4
 % Cross section > 1:    1249009.2318647238        1.1261882200962323     
 Checking number of events   4647.0683044342259               98  chi2:   0.40943232096090565     
 Found          645  events.
 Wrote          116  events.
 Actual xsec    110905904.49951616     
 Correct abs xsec    110905904.49951616     
 Event xsec    110905904.49951585     
 Events wgts > 1:            4
 % Cross section > 1:    1057044.6754295523       0.95310045051223291     
 Iteration  5   Mean: 0.1220E+09 Abs mean: 0.1220E+09   Fluctuation:  0.611E+07   0.614E+11    99.6%
  5    0.1220E+09 0.1220E+09 +- 0.6107E+07      6.33
 Relative summed weights:
  0.1612E+00  0.0000E+00
  0.1528E+00  0.0000E+00
  0.1666E+00  0.0000E+00
  0.1732E+00  0.0000E+00
  0.1799E+00  0.0000E+00
  0.1663E+00  0.0000E+00
 Relative number of events:
  0.1631E+00  0.0000E+00
  0.1626E+00  0.0000E+00
  0.1719E+00  0.0000E+00
  0.1659E+00  0.0000E+00
  0.1723E+00  0.0000E+00
  0.1643E+00  0.0000E+00
 Events:
        2609           0
        2601           0
        2750           0
        2655           0
        2757           0
        2628           0
 Found         1400  events.
 Wrote           35  events.
 Actual xsec    114907774.30830106     
 Correct abs xsec    114907774.30830106     
 Event xsec    114907774.30830114     
 Events wgts > 1:            2
 % Cross section > 1:    591345.23408693913       0.51462595777056952     
 Checking number of events   4814.7506512921227               35  chi2:    1.3953295509680566     
 Found         1400  events.
 Wrote           36  events.
 Actual xsec    114907774.30830106     
 Correct abs xsec    114907774.30830106     
 Event xsec    114907774.30830105     
 Events wgts > 1:            2
 % Cross section > 1:    575001.17495407350       0.50040232561752340     
 Iteration  6   Mean: 0.1147E+09 Abs mean: 0.1147E+09   Fluctuation:  0.371E+07   0.775E+11    99.5%
  6    0.1147E+09 0.1147E+09 +- 0.3707E+07      5.78
 Relative summed weights:
  0.1497E+00  0.0000E+00
  0.1577E+00  0.0000E+00
  0.1739E+00  0.0000E+00
  0.1853E+00  0.0000E+00
  0.1559E+00  0.0000E+00
  0.1774E+00  0.0000E+00
 Relative number of events:
  0.1651E+00  0.0000E+00
  0.1661E+00  0.0000E+00
  0.1718E+00  0.0000E+00
  0.1670E+00  0.0000E+00
  0.1649E+00  0.0000E+00
  0.1651E+00  0.0000E+00
 Events:
        5284           0
        5316           0
        5498           0
        5344           0
        5276           0
        5282           0
 Found         2556  events.
 Wrote           71  events.
 Actual xsec    114575690.99196896     
 Correct abs xsec    114575690.99196896     
 Event xsec    114575690.99196933     
 Events wgts > 1:            2
 % Cross section > 1:    1234949.3606086888        1.0778458763083061     
 Checking number of events   4800.8360282544909               71  chi2:    1.1988364283529720     
 Found         2556  events.
 Wrote           81  events.
 Actual xsec    114575690.99196896     
 Correct abs xsec    114575690.99196896     
 Event xsec    114575690.99196924     
 Events wgts > 1:            2
 % Cross section > 1:    1083928.8324128357       0.94603735140363199     
 Iteration  7   Mean: 0.1170E+09 Abs mean: 0.1170E+09   Fluctuation:  0.216E+07   0.361E+11    99.6%
  7    0.1170E+09 0.1170E+09 +- 0.2164E+07      4.68
 Relative summed weights:
  0.1709E+00  0.0000E+00
  0.1591E+00  0.0000E+00
  0.1628E+00  0.0000E+00
  0.1596E+00  0.0000E+00
  0.1805E+00  0.0000E+00
  0.1671E+00  0.0000E+00
 Relative number of events:
  0.1670E+00  0.0000E+00
  0.1663E+00  0.0000E+00
  0.1665E+00  0.0000E+00
  0.1674E+00  0.0000E+00
  0.1669E+00  0.0000E+00
  0.1659E+00  0.0000E+00
 Events:
       10686           0
       10644           0
       10659           0
       10713           0
       10682           0
       10616           0
 Found         5433  events.
 Wrote          298  events.
 Actual xsec    116968259.79457493     
 Correct abs xsec    116968259.79457493     
 Event xsec    116968259.79457498     
 Events wgts > 1:           10
 % Cross section > 1:    771410.53708363476       0.65950415816942254     
 Checking number of events   4901.0870536524835              298  chi2:   0.52953799550136049     
 Found         5433  events.
 Wrote          311  events.
 Actual xsec    116968259.79457493     
 Correct abs xsec    116968259.79457493     
 Event xsec    116968259.79457422     
 Events wgts > 1:           10
 % Cross section > 1:    739368.90753660956       0.63211071861300494     
 Iteration  8   Mean: 0.1218E+09 Abs mean: 0.1218E+09   Fluctuation:  0.292E+07   0.181E+12    99.6%
  8    0.1218E+09 0.1218E+09 +- 0.2916E+07      8.56
 Relative summed weights:
  0.1640E+00  0.0000E+00
  0.1598E+00  0.0000E+00
  0.1721E+00  0.0000E+00
  0.1788E+00  0.0000E+00
  0.1572E+00  0.0000E+00
  0.1680E+00  0.0000E+00
 Relative number of events:
  0.1641E+00  0.0000E+00
  0.1659E+00  0.0000E+00
  0.1665E+00  0.0000E+00
  0.1686E+00  0.0000E+00
  0.1682E+00  0.0000E+00
  0.1667E+00  0.0000E+00
 Events:
       21008           0
       21237           0
       21306           0
       21582           0
       21535           0
       21332           0
 Found        10673  events.
 Wrote          119  events.
 Actual xsec    118108925.81596741     
 Correct abs xsec    118108925.81596741     
 Event xsec    118108925.81596729     
 Events wgts > 1:            3
 % Cross section > 1:    801563.35511920403       0.67866450361945441     
 Checking number of events   4948.8821006148501              119  chi2:    1.3511457029794118     
 Found        10673  events.
 Wrote          108  events.
 Actual xsec    118108925.81596741     
 Correct abs xsec    118108925.81596741     
 Event xsec    118108925.81596738     
 Events wgts > 1:            3
 % Cross section > 1:    882593.98968403297       0.74727120205906861     
 Iteration  9   Mean: 0.1351E+09 Abs mean: 0.1351E+09   Fluctuation:  0.144E+08   0.365E+13    99.6%
  9    0.1351E+09 0.1351E+09 +- 0.1437E+08     53.81
 Relative summed weights:
  0.1502E+00  0.0000E+00
  0.1420E+00  0.0000E+00
  0.1623E+00  0.0000E+00
  0.2505E+00  0.0000E+00
  0.1467E+00  0.0000E+00
  0.1483E+00  0.0000E+00
 Relative number of events:
  0.1662E+00  0.0000E+00
  0.1665E+00  0.0000E+00
  0.1671E+00  0.0000E+00
  0.1675E+00  0.0000E+00
  0.1667E+00  0.0000E+00
  0.1659E+00  0.0000E+00
 Events:
       42558           0
       42624           0
       42772           0
       42890           0
       42679           0
       42477           0
 Found        20580  events.
 Wrote            8  events.
 Actual xsec    119113455.28633031     
 Correct abs xsec    119113455.28633031     
 Event xsec    119113455.28633031     
 Events wgts > 1:            1
 % Cross section > 1:    2.3661268837749958       1.98644802813182871E-006
 Checking number of events   4990.9728899525262                8  chi2:    1.5061640690524492     
 Found        20580  events.
 Wrote            6  events.
 Actual xsec    119113455.28633031     
 Correct abs xsec    119113455.28633031     
 Event xsec    119113455.28633031     
 Events wgts > 1:            1
 % Cross section > 1:    3.1548358239233494       2.64859735311985725E-006

 -------------------------------------------------------------------------------
 Accumulated results:   Integral =  0.1174E+09
                        Std dev  =  0.1366E+07
                       Cross sec =  0.1174E+09
             Chi**2 per DoF.     =      1.2508
 -------------------------------------------------------------------------------
-------------------------------------------------
---------------------------
 Results Last   3 iters: Integral =   0.1191E+09
                     Abs integral =   0.1191E+09
                          Std dev =   0.1727E+07
                  Chi**2 per DoF. =      1.5062
-------------------------------------------------
---------------------------
 Status -4.19009999999999974E-005          10           9
 Trying w/ fresh grid
 Starting w/ ncall =         4000
 Keeping grid fixed.
  5 dimensions   4000 events  5 invarients  8 iterations  1 config(s),  (0.99)
 Using h-tuple random number sequence.
 Error opening grid
 Using Uniform Grid!
 Using uniform alpha   1.0000000000000000     
 Grid defined OK
 Warning: No cutoff for shat integral found
          Minimum set to    204.08163265306121     
Setting grid   1    0.20408E+03   1
 Warning: No cutoff for shat integral found
          Minimum set to    204.08163265306121     
Setting grid   2    0.20408E+03   1
Warning xbin not returning correct x   2  0.999988E+00  0.996538E+00  0.2837E+03
Warning xbin not returning correct x   2  0.999979E+00  0.994166E+00  0.2837E+03
Warning xbin not returning correct x   2  0.999979E+00  0.994084E+00  0.2837E+03
Warning xbin not returning correct x   2  0.999976E+00  0.993115E+00  0.2837E+03
Warning xbin not returning correct x   2  0.999994E+00  0.998272E+00  0.2837E+03
Warning xbin still not working well. Last message this iteration.
 Iteration  1   Mean: 0.2505E+08 Abs mean: 0.2505E+08   Fluctuation:  0.599E+07   0.200E+11    99.5%
  1    0.2505E+08 0.2505E+08 +- 0.5990E+07     15.12
 Relative summed weights:
  0.3939E+00  0.0000E+00
  0.1163E+00  0.0000E+00
  0.7727E-01  0.0000E+00
  0.1204E+00  0.0000E+00
  0.1785E+00  0.0000E+00
  0.1136E+00  0.0000E+00
 Relative number of events:
  0.1772E+00  0.0000E+00
  0.1618E+00  0.0000E+00
  0.1718E+00  0.0000E+00
  0.1613E+00  0.0000E+00
  0.1620E+00  0.0000E+00
  0.1660E+00  0.0000E+00
 Events:
         709           0
         647           0
         687           0
         645           0
         648           0
         664           0
Warning xbin not returning correct x   1  0.988804E+00  0.999828E+00  0.1558E-01
Warning xbin not returning correct x   1  0.992864E+00  0.999891E+00  0.1558E-01
Warning xbin not returning correct x   1  0.988162E+00  0.999818E+00  0.1558E-01
Warning xbin not returning correct x   1  0.989464E+00  0.999838E+00  0.1558E-01
Warning xbin not returning correct x   1  0.988052E+00  0.999817E+00  0.1558E-01
Warning xbin still not working well. Last message this iteration.
 Iteration  2   Mean: 0.2596E+07 Abs mean: 0.2596E+07   Fluctuation:  0.159E+06   0.530E+09    96.6%
  2    0.2596E+07 0.2596E+07 +- 0.1594E+06      5.49
 Relative summed weights:
  0.1355E+00  0.0000E+00
  0.1825E+00  0.0000E+00
  0.1305E+00  0.0000E+00
  0.2286E+00  0.0000E+00
  0.1359E+00  0.0000E+00
  0.1870E+00  0.0000E+00
 Relative number of events:
  0.1663E+00  0.0000E+00
  0.1641E+00  0.0000E+00
  0.1693E+00  0.0000E+00
  0.1621E+00  0.0000E+00
  0.1681E+00  0.0000E+00
  0.1701E+00  0.0000E+00
 Events:
        1330           0
        1313           0
        1354           0
        1297           0
        1345           0
        1361           0
 Iteration  3   Mean: 0.5106E+08 Abs mean: 0.5106E+08   Fluctuation:  0.260E+08   0.410E+12    99.9%
  3    0.5106E+08 0.5106E+08 +- 0.2603E+08     64.48
 Relative summed weights:
  0.7268E-01  0.0000E+00
  0.6368E+00  0.0000E+00
  0.4686E-01  0.0000E+00
  0.1582E+00  0.0000E+00
  0.2976E-01  0.0000E+00
  0.5576E-01  0.0000E+00
 Relative number of events:
  0.1684E+00  0.0000E+00
  0.1654E+00  0.0000E+00
  0.1621E+00  0.0000E+00
  0.1676E+00  0.0000E+00
  0.1676E+00  0.0000E+00
  0.1690E+00  0.0000E+00
 Events:
        2694           0
        2647           0
        2593           0
        2681           0
        2681           0
        2704           0
 Found         1939  events.
 Wrote            1  events.
 Actual xsec    4618725.2830991782     
 Correct abs xsec    4618725.2830991782     
 Event xsec    4618725.2830991782     
 Events wgts > 1:            1
 % Cross section > 1:   0.82536759600043297       1.78700300496462735E-005
 Checking number of events   193.52920808713864                1  chi2:    87.843931756992291     
 Found         1939  events.
 Wrote            2  events.
 Actual xsec    4618725.2830991782     
 Correct abs xsec    4618725.2830991782     
 Event xsec    4618725.2830991782     
 Events wgts > 1:            1
 % Cross section > 1:   0.41268383525311947       8.93501583138556806E-006
 Iteration  4   Mean: 0.7226E+08 Abs mean: 0.7226E+08   Fluctuation:  0.162E+08   0.392E+12    99.5%
  4    0.7226E+08 0.7226E+08 +- 0.1621E+08     40.13
 Relative summed weights:
  0.7769E-01  0.0000E+00
  0.1229E+00  0.0000E+00
  0.1341E+00  0.0000E+00
  0.1280E+00  0.0000E+00
  0.2622E+00  0.0000E+00
  0.2752E+00  0.0000E+00
 Relative number of events:
  0.1654E+00  0.0000E+00
  0.1691E+00  0.0000E+00
  0.1660E+00  0.0000E+00
  0.1677E+00  0.0000E+00
  0.1679E+00  0.0000E+00
  0.1639E+00  0.0000E+00
 Events:
        5294           0
        5410           0
        5313           0
        5365           0
        5372           0
        5246           0
 Found         1107  events.
 Wrote            4  events.
 Actual xsec    8033467.4005792728     
 Correct abs xsec    8033467.4005792728     
 Event xsec    8033467.4005792718     
 Events wgts > 1:            1
 % Cross section > 1:   4.01652604341506958E-003  4.99974151027917140E-008
 Checking number of events   336.61031755167210                4  chi2:    590.60329581491771     
 Found         1107  events.
 Wrote            6  events.
 Actual xsec    8033467.4005792728     
 Correct abs xsec    8033467.4005792728     
 Event xsec    8033467.4005792746     
 Events wgts > 1:            1
 % Cross section > 1:   2.67768395133316517E-003  3.33316091024416682E-008
 Iteration  5   Mean: 0.8260E+08 Abs mean: 0.8260E+08   Fluctuation:  0.706E+07   0.249E+12    99.1%
  5    0.8260E+08 0.8260E+08 +- 0.7058E+07     21.62
 Relative summed weights:
  0.1510E+00  0.0000E+00
  0.2025E+00  0.0000E+00
  0.1164E+00  0.0000E+00
  0.2038E+00  0.0000E+00
  0.1883E+00  0.0000E+00
  0.1380E+00  0.0000E+00
 Relative number of events:
  0.1678E+00  0.0000E+00
  0.1683E+00  0.0000E+00
  0.1634E+00  0.0000E+00
  0.1659E+00  0.0000E+00
  0.1673E+00  0.0000E+00
  0.1674E+00  0.0000E+00
 Events:
       10740           0
       10770           0
       10457           0
       10618           0
       10704           0
       10711           0
 Found         3292  events.
 Wrote           22  events.
 Actual xsec    80567569.309896201     
 Correct abs xsec    80567569.309896201     
 Event xsec    80567569.309896171     
 Events wgts > 1:            1
 % Cross section > 1:   0.44063579058274627       5.46914589030083423E-007
 Checking number of events   3375.8617216539606               22  chi2:   0.81548985662387308     
 Found         3292  events.
 Wrote           25  events.
 Actual xsec    80567569.309896201     
 Correct abs xsec    80567569.309896201     
 Event xsec    80567569.309896201     
 Events wgts > 1:            1
 % Cross section > 1:   0.38775949599221349       4.81284838693258886E-007
 Fixing grid
 Iteration  6   Mean: 0.8819E+08 Abs mean: 0.8819E+08   Fluctuation:  0.440E+07   0.287E+12    99.0%
  6    0.8819E+08 0.8819E+08 +- 0.4397E+07     17.84
 Relative summed weights:
  0.1641E+00  0.0000E+00
  0.1868E+00  0.0000E+00
  0.1720E+00  0.0000E+00
  0.1452E+00  0.0000E+00
  0.1576E+00  0.0000E+00
  0.1744E+00  0.0000E+00
 Relative number of events:
  0.1666E+00  0.0000E+00
  0.1670E+00  0.0000E+00
  0.1664E+00  0.0000E+00
  0.1662E+00  0.0000E+00
  0.1675E+00  0.0000E+00
  0.1663E+00  0.0000E+00
 Events:
       21322           0
       21377           0
       21302           0
       21276           0
       21434           0
       21289           0
 Found         8254  events.
 Wrote           49  events.
 Actual xsec    86251274.016741917     
 Correct abs xsec    86251274.016741917     
 Event xsec    86251274.016741902     
 Events wgts > 1:            2
 % Cross section > 1:    240057.80823533097       0.27832378242753175     
 Checking number of events   3614.0146325755027               49  chi2:   0.60318128058703080     
 Found         8254  events.
 Wrote           43  events.
 Actual xsec    86251274.016741917     
 Correct abs xsec    86251274.016741917     
 Event xsec    86251274.016741872     
 Events wgts > 1:            2
 % Cross section > 1:    273448.05064618704       0.31703653512771207     
 Iteration  7   Mean: 0.1152E+09 Abs mean: 0.1152E+09   Fluctuation:  0.185E+08   0.448E+13    99.0%
  7    0.1152E+09 0.1152E+09 +- 0.1853E+08     81.38
 Relative summed weights:
  0.1193E+00  0.0000E+00
  0.2911E+00  0.0000E+00
  0.1357E+00  0.0000E+00
  0.1229E+00  0.0000E+00
  0.1854E+00  0.0000E+00
  0.1456E+00  0.0000E+00
 Relative number of events:
  0.1676E+00  0.0000E+00
  0.1673E+00  0.0000E+00
  0.1668E+00  0.0000E+00
  0.1664E+00  0.0000E+00
  0.1663E+00  0.0000E+00
  0.1656E+00  0.0000E+00
 Events:
       42895           0
       42817           0
       42693           0
       42606           0
       42583           0
       42406           0
 Found        15465  events.
 Wrote           11  events.
 Actual xsec    88668084.672428146     
 Correct abs xsec    88668084.672428146     
 Event xsec    88668084.672428161     
 Events wgts > 1:            1
 % Cross section > 1:   0.30899368692189455       3.48483547449376558E-007
 Checking number of events   3715.2814158594115               11  chi2:    1.3997940349484259     
 Found        15465  events.
 Wrote            3  events.
 Actual xsec    88668084.672428146     
 Correct abs xsec    88668084.672428146     
 Event xsec    88668084.672428161     
 Events wgts > 1:            1
 % Cross section > 1:    1.1329768411815166       1.27777299506033209E-006
 Iteration  8   Mean: 0.1002E+09 Abs mean: 0.1002E+09   Fluctuation:  0.512E+07   0.114E+13    99.0%
  8    0.1002E+09 0.1002E+09 +- 0.5116E+07     36.52
 Relative summed weights:
  0.1648E+00  0.0000E+00
  0.1748E+00  0.0000E+00
  0.1604E+00  0.0000E+00
  0.1773E+00  0.0000E+00
  0.1746E+00  0.0000E+00
  0.1480E+00  0.0000E+00
 Relative number of events:
  0.1659E+00  0.0000E+00
  0.1665E+00  0.0000E+00
  0.1670E+00  0.0000E+00
  0.1670E+00  0.0000E+00
  0.1668E+00  0.0000E+00
  0.1668E+00  0.0000E+00
 Events:
       84938           0
       85252           0
       85488           0
       85499           0
       85411           0
       85412           0
 Found        24712  events.
 Wrote           51  events.
 Actual xsec    107397587.57359283     
 Correct abs xsec    107397587.57359283     
 Event xsec    107397587.57359299     
 Events wgts > 1:            3
 % Cross section > 1:    229065.98451325018       0.21328783047038674     
 Checking number of events   3983.0123009849508               51  chi2:    2.3232212334715996     
 Found        24712  events.
 Wrote           44  events.
 Actual xsec    107397587.57359283     
 Correct abs xsec    107397587.57359283     
 Event xsec    107397587.57359287     
 Events wgts > 1:            3
 % Cross section > 1:    265418.23810371989       0.24713612670475052     

 -------------------------------------------------------------------------------
 Accumulated results:   Integral =  0.7292E+08
                        Std dev  =  0.2048E+07
                       Cross sec =  0.7292E+08
             Chi**2 per DoF.     =     48.7682
 -------------------------------------------------------------------------------
-------------------------------------------------
---------------------------
 Results Last   3 iters: Integral =   0.9506E+08
                     Abs integral =   0.9506E+08
                         Std dev =   0.3310E+07
                 Chi**2 per DoF. =      2.3232
-------------------------------------------------
---------------------------

ls status:
events.lhe
ftn25
ftn26
input_sg.txt
log.txt
moffset.dat
results.dat
run1_app.log
