 Process in group number            0
 No PDF is used, alpha_s(MZ) from param_card is used
 Value of alpha_s from param_card:   0.11800000071525575     
 The default order of alpha_s running is fixed to            2
 *****************************************************
 *               MadGraph/MadEvent                   *
 *        --------------------------------           *
 *          http://madgraph.hep.uiuc.edu             *
 *          http://madgraph.phys.ucl.ac.be           *
 *          http://madgraph.roma2.infn.it            *
 *        --------------------------------           *
 *                                                   *
 *          PARAMETER AND COUPLING VALUES            *
 *                                                   *
 *****************************************************

  External Params
  ---------------------------------
  
 aEWM1 =    132.50700378417969     
 mdl_Gf =   1.16639000000000003E-005
 aS =   0.11800000071525575     
 mdl_ymb =    4.6999998092651367     
 mdl_ymt =    173.00000000000000     
 mdl_yme =   5.10999991092830896E-004
 mdl_ymm =   0.10565999895334244     
 mdl_ymtau =    1.7769999504089355     
 mdl_MZ =    91.188003540039063     
 mdl_MT =    173.00000000000000     
 mdl_MB =    4.6999998092651367     
 mdl_MH =    125.00000000000000     
 mdl_Me =   5.10999991092830896E-004
 mdl_MM =   0.10565999895334244     
 mdl_MTA =    1.7769999504089355     
 mdl_WZ =    2.4414041042327881     
 mdl_WW =    2.0476000308990479     
 mdl_WT =    1.4915000200271606     
 mdl_WH =   6.38233916833996773E-003
 mdl_WTau =   2.26999999999999982E-012
  Internal Params
  ---------------------------------
  
 mdl_conjg__CKM3x3 =    1.0000000000000000     
 mdl_CKM3x3 =    1.0000000000000000     
 mdl_conjg__CKM1x1 =    1.0000000000000000     
 mdl_complexi =  (  0.0000000000000000     ,  1.0000000000000000     )
 mdl_MZ__exp__2 =    8315.2519896181766     
 mdl_MZ__exp__4 =    69143415.650849044     
 mdl_sqrt__2 =    1.4142135623730951     
 mdl_MH__exp__2 =    15625.000000000000     
 mdl_aEW =   7.54677089845565054E-003
 mdl_MW =    80.419007276179556     
 mdl_sqrt__aEW =   8.68721526063194194E-002
 mdl_ee =   0.30795376284704501     
 mdl_MW__exp__2 =    6467.2167312862202     
 mdl_sw2 =   0.22224645274001076     
 mdl_cw =   0.88190336616887299     
 mdl_sqrt__sw2 =   0.47143022043565552     
 mdl_sw =   0.47143022043565552     
 mdl_g1 =   0.34919218438279087     
 mdl_gw =   0.65323296958447097     
 mdl_vev =    246.21845810181631     
 mdl_vev__exp__2 =    60623.529110035874     
 mdl_lam =   0.12886910601690271     
 mdl_yb =   2.69955531549349904E-002
 mdl_ye =   2.93504850670934038E-006
 mdl_ym =   6.06883028478528356E-004
 mdl_yt =   0.99366614581500645     
 mdl_ytau =   1.02066167158167895E-002
 mdl_muH =    88.388347648318444     
 mdl_I1x33 =  ( 2.69955531549349904E-002,  0.0000000000000000     )
 mdl_I2x33 =  ( 0.99366614581500645     ,  0.0000000000000000     )
 mdl_I3x33 =  ( 0.99366614581500645     ,  0.0000000000000000     )
 mdl_I4x33 =  ( 2.69955531549349904E-002,  0.0000000000000000     )
 mdl_ee__exp__2 =   9.48355200516540348E-002
 mdl_sw__exp__2 =   0.22224645274001076     
 mdl_cw__exp__2 =   0.77775354725998924     
  Internal Params evaluated point by point
  ----------------------------------------
  
 mdl_sqrt__aS =   0.34351128178744839     
 mdl_G__exp__2 =    1.4828317414825511     
  Couplings of sm-lepton_masses
  ---------------------------------
  
         GC_3 =  -0.00000E+00  -0.30795E+00
        GC_50 =  -0.00000E+00  -0.28804E+00
        GC_59 =   0.00000E+00   0.82310E-01
        GC_89 =  -0.00000E+00  -0.20754E-05

 Collider parameters:
 --------------------

 Running at e e   machine @   7.14879999999999960E-002  GeV
 PDF set = none   
 alpha_s(Mz)= 0.1180 running at 2 loops.
 alpha_s(Mz)= 0.1180 running at 2 loops.
 Renormalization scale fixed @    91.188000000000002     
 Factorization scales  fixed @    91.188000000000002        91.188000000000002     


 getting user params
Enter number of events and max and min iterations: 
 Number of events and iterations         2000           9           3
Enter desired fractional accuracy: 
 Desired fractional accuracy:  -5.74259999999999987E-006
Enter 0 for fixed, 2 for adjustable grid: 
Suppress amplitude (0 no, 1 yes)? 
 Using suppressed amplitude.
Exact helicity sum (0 yes, n = number/event)? 
 Explicitly summing over helicities
Enter Configuration Number: 
Running Configuration Number:   13
 Not subdividing B.W.
 Attempting mappinvarients           1           5
 Completed mapping           5
 about to integrate            5        2000           9           3           5           1
 Using non-zero grid deformation.
  5 dimensions   2000 events  5 invarients  9 iterations  1 config(s),  (0.99)
 Using h-tuple random number sequence.
 Error opening grid
 Using Uniform Grid!
 Using uniform alpha   1.0000000000000000     
 Grid defined OK
 Set CM energy to          0.07
 Mapping Graph          13  to config          13
Setting grid   1    0.51095E-04   1
Setting grid   2    0.17611E-04   1
 Masses: 0.511E-03 0.511E-03 0.000E+00 0.511E-03 0.511E-03
  13   1   2   3   4   5
 Got moffset           7
Using random seed offsets    13 :      1
  with seed                   87
 Ranmar initialization seeds       17625        1482
  Particle       3       4       5
      Et >     0.0     0.0     0.0
       E >     0.0     0.0     0.0
     Eta <    -1.0    -1.0    -1.0
   xqcut:      0.0     0.0     0.0
d R # 3  >    -0.0     0.0     0.0
d R # 4  >    -0.0    -0.0     0.0
s min # 3>     0.0     0.0     0.0
s min # 4>     0.0     0.0     0.0
xqcutij # 3>     0.0     0.0     0.0
xqcutij # 4>     0.0     0.0     0.0
 alpha_s for scale    91.188000000000002       is   0.11800000071525575     
 Added good helicity            1   12.259173723571353       in event            1
 Added good helicity            2  0.19869751290660442       in event            1
 Added good helicity            3  1.22494690946128443E-002  in event            1
 Added good helicity            5  4.26773462656886409E-003  in event            1
 Added good helicity            6  2.84673320909568596E-005  in event            1
 Added good helicity            7  3.41699412464243206E-006  in event            1
 Added good helicity            9  6.58539898695535068E-006  in event            1
 Added good helicity           10  8.19529048842582912E-004  in event            1
 Added good helicity           11  7.32803381452639221E-005  in event            1
 Added good helicity           13  0.89896454204293808       in event            1
 Added good helicity           14   2.4707195410183238       in event            1
 Added good helicity           15  0.15499477003976581       in event            1
 Added good helicity           16  1.20128914230431738E-006  in event            1
 Added good helicity           17  1.20128914532893905E-006  in event            1
 Added good helicity           18  0.15499477002712120       in event            1
 Added good helicity           19   2.4707195520649168       in event            1
 Added good helicity           20  0.89896454230247169       in event            1
 Added good helicity           22  7.32803381585461441E-005  in event            1
 Added good helicity           23  8.19529052435309072E-004  in event            1
 Added good helicity           24  6.58539902099354161E-006  in event            1
 Added good helicity           26  3.41699413289150213E-006  in event            1
 Added good helicity           27  2.84673321186192887E-005  in event            1
 Added good helicity           28  4.26773462661427568E-003  in event            1
 Added good helicity           30  1.22494690889255724E-002  in event            1
 Added good helicity           31  0.19869751364869184       in event            1
 Added good helicity           32   12.259173722984281       in event            1
 Added good helicity           12  1.87084414537877115E-002  in event            4
 Added good helicity           21  1.87084414576185985E-002  in event            4
 Added good helicity            4  2.16277156110152233E-006  in event           34
 Added good helicity           29  2.16277156315486784E-006  in event           34
 Iteration  1   Mean: 0.1074E+10 Abs mean: 0.1074E+10   Fluctuation:  0.331E+09   0.428E+12    74.9%
  1    0.1074E+10 0.1074E+10 +- 0.3307E+09     13.77
 Writing out events   79728.051967979656        13.769270503221071     
 Relative summed weights:
  0.1000E+01  0.0000E+00
 Relative number of events:
  0.1000E+01  0.0000E+00
 Events:
        2000           0
 Iteration  2   Mean: 0.9448E+09 Abs mean: 0.9448E+09   Fluctuation:  0.174E+09   0.490E+12    86.7%
  2    0.9448E+09 0.9448E+09 +- 0.1739E+09     11.64
 Relative summed weights:
  0.1000E+01  0.0000E+00
 Relative number of events:
  0.1000E+01  0.0000E+00
 Events:
        4000           0
 Iteration  3   Mean: 0.1463E+10 Abs mean: 0.1463E+10   Fluctuation:  0.679E+08   0.195E+12    84.4%
  3    0.1463E+10 0.1463E+10 +- 0.6793E+08      4.15
 Relative summed weights:
  0.1000E+01  0.0000E+00
 Relative number of events:
  0.1000E+01  0.0000E+00
 Events:
        8000           0
 Found          933  events.
 Wrote           77  events.
 Actual xsec    1424622576.5732877     
 Correct abs xsec    1424622576.5732877     
 Event xsec    1424622576.5732899     
 Events wgts > 1:            3
 % Cross section > 1:    10487649.659033634       0.73617039568894516     
 Checking number of events   8181.0376082297616               77  chi2:    4.5297989994067471     
 Found          933  events.
 Wrote           79  events.
 Actual xsec    1424622576.5732877     
 Correct abs xsec    1424622576.5732877     
 Event xsec    1424622576.5732896     
 Events wgts > 1:            3
 % Cross section > 1:    10224045.019378979       0.71766692368243568     
 Iteration  4   Mean: 0.1617E+10 Abs mean: 0.1617E+10   Fluctuation:  0.258E+08   0.547E+11    82.5%
  4    0.1617E+10 0.1617E+10 +- 0.2582E+08      2.02
 Relative summed weights:
  0.1000E+01  0.0000E+00
 Relative number of events:
  0.1000E+01  0.0000E+00
 Events:
       16000           0
 Found         1970  events.
 Wrote          852  events.
 Actual xsec    1596461958.8669348     
 Correct abs xsec    1596461958.8669348     
 Event xsec    1596461958.8669040     
 Events wgts > 1:           26
 % Cross section > 1:    15990898.314720836        1.0016460602713293     
 Checking number of events   9167.8424449892591              852  chi2:    9.2705868340823763     
 Found         1970  events.
 Wrote          882  events.
 Actual xsec    1596461958.8669348     
 Correct abs xsec    1596461958.8669348     
 Event xsec    1596461958.8668969     
 Events wgts > 1:           26
 % Cross section > 1:    15452254.729210541       0.96790622810567406     
 Iteration  5   Mean: 0.1661E+10 Abs mean: 0.1661E+10   Fluctuation:  0.128E+08   0.309E+11    80.6%
  5    0.1661E+10 0.1661E+10 +- 0.1276E+08      1.37
 Relative summed weights:
  0.1000E+01  0.0000E+00
 Relative number of events:
  0.1000E+01  0.0000E+00
 Events:
       32000           0
 Found         4061  events.
 Wrote         4056  events.
 Actual xsec    1648715344.8813601     
 Correct abs xsec    1648715344.8813601     
 Event xsec    1648715344.8814220     
 Events wgts > 1:          119
 % Cross section > 1:    15136419.313879745       0.91807353894485522     
 Checking number of events   9467.9127395156975             4056  chi2:    4.9533751569688160     
 Found         4061  events.
 Wrote         4056  events.
 Actual xsec    1648715344.8813601     
 Correct abs xsec    1648715344.8813601     
 Event xsec    1648715344.8814220     
 Events wgts > 1:          119
 % Cross section > 1:    15136419.313879745       0.91807353894485522     
 Iteration  6   Mean: 0.1647E+10 Abs mean: 0.1647E+10   Fluctuation:  0.692E+07   0.441E+11    79.5%
  6    0.1647E+10 0.1647E+10 +- 0.6921E+07      1.06
 Relative summed weights:
  0.1000E+01  0.0000E+00
 Relative number of events:
  0.1000E+01  0.0000E+00
 Events:
       64000           0
 Found         7950  events.
 Wrote         7945  events.
 Actual xsec    1648307100.2629273     
 Correct abs xsec    1648307100.2629273     
 Event xsec    1648307100.2629652     
 Events wgts > 1:            6
 % Cross section > 1:    1032776.1054803934       6.26567770845389144E-002
 Checking number of events   9465.5683539698857             7945  chi2:    1.2620316274724603     
 Found         7950  events.
 Wrote         7945  events.
 Actual xsec    1648307100.2629273     
 Correct abs xsec    1648307100.2629273     
 Event xsec    1648307100.2629652     
 Events wgts > 1:            6
 % Cross section > 1:    1032776.1054803934       6.26567770845389144E-002
 Iteration  7   Mean: 0.1651E+10 Abs mean: 0.1651E+10   Fluctuation:  0.438E+07   0.433E+11    78.9%
  7    0.1651E+10 0.1651E+10 +- 0.4378E+07      0.95
 Relative summed weights:
  0.1000E+01  0.0000E+00
 Relative number of events:
  0.1000E+01  0.0000E+00
 Events:
      128000           0
 Found        16242  events.
 Wrote        16237  events.
 Actual xsec    1650596818.1188805     
 Correct abs xsec    1650596818.1188805     
 Event xsec    1650596818.1185765     
 Events wgts > 1:           19
 % Cross section > 1:    902066.94831070630       5.46509564545824209E-002
 Checking number of events   9478.7172877294834            16237  chi2:   0.50619302843182878     

 -------------------------------------------------------------------------------
 Accumulated results:   Integral =  0.1649E+10
                        Std dev  =  0.3515E+07
                       Cross sec =  0.2537E+01
             Chi**2 per DoF.     =
-------------------------------------------------
---------------------------
 Results Last   3 iters: Integral =   0.1651E+10
                     Abs integral =   0.1651E+10
                          Std dev =   0.3554E+07
                  Chi**2 per DoF. =      0.5062
-------------------------------------------------
---------------------------
 Status -5.74259999999999987E-006           8           9
 We found enough events       16237   9478.7172877294834     

ls status:
events.lhe
ftn25
ftn26
input_sg.txt
moffset.dat
results.dat
run_01_ftn26.gz
run_01_log.txt
run_01_results.dat
run_02_ftn26.gz
run_02_log.txt
run_02_results.dat
run1_app.log
