 Process in group number            0
 No PDF is used, alpha_s(MZ) from param_card is used
 Value of alpha_s from param_card:   0.11800000071525575     
 The default order of alpha_s running is fixed to            2
 Warning: pt or E min of a gamma should in general be >0
 *****************************************************
 *               MadGraph/MadEvent                   *
 *        --------------------------------           *
 *          http://madgraph.hep.uiuc.edu             *
 *          http://madgraph.phys.ucl.ac.be           *
 *          http://madgraph.roma2.infn.it            *
 *        --------------------------------           *
 *                                                   *
 *          PARAMETER AND COUPLING VALUES            *
 *                                                   *
 *****************************************************

  External Params
  ---------------------------------
  
 aEWM1 =    132.50700378417969     
 mdl_Gf =   1.16639000000000003E-005
 aS =   0.11800000071525575     
 mdl_ymb =    4.6999998092651367     
 mdl_ymt =    173.00000000000000     
 mdl_yme =   5.10999991092830896E-004
 mdl_ymm =   0.10565999895334244     
 mdl_ymtau =    1.7769999504089355     
 mdl_MZ =    91.188003540039063     
 mdl_MT =    173.00000000000000     
 mdl_MB =    4.6999998092651367     
 mdl_MH =    125.00000000000000     
 mdl_Me =   5.10999991092830896E-004
 mdl_MM =   0.10565999895334244     
 mdl_MTA =    1.7769999504089355     
 mdl_WZ =    2.4414041042327881     
 mdl_WW =    2.0476000308990479     
 mdl_WT =    1.4915000200271606     
 mdl_WH =   6.38233916833996773E-003
 mdl_WTau =   2.26999999999999982E-012
  Internal Params
  ---------------------------------
  
 mdl_conjg__CKM3x3 =    1.0000000000000000     
 mdl_CKM3x3 =    1.0000000000000000     
 mdl_conjg__CKM1x1 =    1.0000000000000000     
 mdl_complexi =  (  0.0000000000000000     ,  1.0000000000000000     )
 mdl_MZ__exp__2 =    8315.2519896181766     
 mdl_MZ__exp__4 =    69143415.650849044     
 mdl_sqrt__2 =    1.4142135623730951     
 mdl_MH__exp__2 =    15625.000000000000     
 mdl_aEW =   7.54677089845565054E-003
 mdl_MW =    80.419007276179556     
 mdl_sqrt__aEW =   8.68721526063194194E-002
 mdl_ee =   0.30795376284704501     
 mdl_MW__exp__2 =    6467.2167312862202     
 mdl_sw2 =   0.22224645274001076     
 mdl_cw =   0.88190336616887299     
 mdl_sqrt__sw2 =   0.47143022043565552     
 mdl_sw =   0.47143022043565552     
 mdl_g1 =   0.34919218438279087     
 mdl_gw =   0.65323296958447097     
 mdl_vev =    246.21845810181631     
 mdl_vev__exp__2 =    60623.529110035874     
 mdl_lam =   0.12886910601690271     
 mdl_yb =   2.69955531549349904E-002
 mdl_ye =   2.93504850670934038E-006
 mdl_ym =   6.06883028478528356E-004
 mdl_yt =   0.99366614581500645     
 mdl_ytau =   1.02066167158167895E-002
 mdl_muH =    88.388347648318444     
 mdl_I1x33 =  ( 2.69955531549349904E-002,  0.0000000000000000     )
 mdl_I2x33 =  ( 0.99366614581500645     ,  0.0000000000000000     )
 mdl_I3x33 =  ( 0.99366614581500645     ,  0.0000000000000000     )
 mdl_I4x33 =  ( 2.69955531549349904E-002,  0.0000000000000000     )
 mdl_ee__exp__2 =   9.48355200516540348E-002
 mdl_sw__exp__2 =   0.22224645274001076     
 mdl_cw__exp__2 =   0.77775354725998924     
  Internal Params evaluated point by point
  ----------------------------------------
  
 mdl_sqrt__aS =   0.34351128178744839     
 mdl_G__exp__2 =    1.4828317414825511     
  Couplings of sm-lepton_masses
  ---------------------------------
  
         GC_3 =  -0.00000E+00  -0.30795E+00
        GC_50 =  -0.00000E+00  -0.28804E+00
        GC_59 =   0.00000E+00   0.82310E-01
        GC_89 =  -0.00000E+00  -0.20754E-05

 Collider parameters:
 --------------------

 Running at e e   machine @   7.14879999999999960E-002  GeV
 PDF set = none   
 alpha_s(Mz)= 0.1180 running at 2 loops.
 alpha_s(Mz)= 0.1180 running at 2 loops.
 Renormalization scale fixed @    91.188000000000002     
 Factorization scales  fixed @    91.188000000000002        91.188000000000002     


 getting user params
Enter number of events and max and min iterations: 
 Number of events and iterations         1000           5           3
Enter desired fractional accuracy: 
 Desired fractional accuracy:   0.10000000000000001     
Enter 0 for fixed, 2 for adjustable grid: 
Suppress amplitude (0 no, 1 yes)? 
 Using suppressed amplitude.
Exact helicity sum (0 yes, n = number/event)? 
 Explicitly summing over helicities
Enter Configuration Number: 
Running Configuration Number:   23
 Not subdividing B.W.
 Attempting mappinvarients           1           5
 Completed mapping           5
 about to integrate            5        1000           5           3           5           1
 Using non-zero grid deformation.
  5 dimensions   1000 events  5 invarients  5 iterations  1 config(s),  (0.99)
 Using h-tuple random number sequence.
 Error opening grid
 Using Uniform Grid!
 Using uniform alpha   1.0000000000000000     
 Grid defined OK
 Set CM energy to          0.07
 Mapping Graph          23  to config          23
Setting grid   1    0.51095E-04   1
Setting grid   2    0.51095E-04   1
 Masses: 0.511E-03 0.511E-03 0.000E+00 0.511E-03 0.511E-03
  23   1   2   3   4   5
Using random seed offsets    23 :      1
  with seed                   51
 Ranmar initialization seeds        3832        9427
  Particle       3       4       5
      Et >     0.0     0.0     0.0
       E >     0.0     0.0     0.0
     Eta <    -1.0    -1.0    -1.0
   xqcut:      0.0     0.0     0.0
d R # 3  >    -0.0     0.0     0.0
d R # 4  >    -0.0    -0.0     0.4
s min # 3>     0.0     0.0     0.0
s min # 4>     0.0     0.0     0.0
xqcutij # 3>     0.0     0.0     0.0
xqcutij # 4>     0.0     0.0     0.0
 alpha_s for scale    91.188000000000002       is   0.11800000071525575     
 Added good helicity            1   4.3726992440364318       in event            1
 Added good helicity            3  6.93011640324089049E-005  in event            1
 Added good helicity            5   3.7142391647938036       in event            1
 Added good helicity            7  1.46477654513360894E-006  in event            1
 Added good helicity           10   4.2504545770991209       in event            1
 Added good helicity           12  7.50364797226598621E-005  in event            1
 Added good helicity           14   3.6624563712150082       in event            1
 Added good helicity           16  1.46816087427311469E-006  in event            1
 Added good helicity           17  1.46816087667868911E-006  in event            1
 Added good helicity           19   3.6624563772195975       in event            1
 Added good helicity           21  7.50364795019294728E-005  in event            1
 Added good helicity           23   4.2504545840961727       in event            1
 Added good helicity           26  1.46477654326558810E-006  in event            1
 Added good helicity           28   3.7142391648000519       in event            1
 Added good helicity           30  6.93011637246044638E-005  in event            1
 Added good helicity           32   4.3726992440290458       in event            1
 Added good helicity            2  2.12720189314277711E-005  in event            2
 Added good helicity            6  1.17768293334156002E-005  in event            2
 Added good helicity            9  2.12549808408525452E-005  in event            2
 Added good helicity           11  1.72913140566003818E-003  in event            2
 Added good helicity           13  2.50778805302444219E-005  in event            2
 Added good helicity           15  3.03514622142071018E-003  in event            2
 Added good helicity           18  3.03514621984524082E-003  in event            2
 Added good helicity           20  2.50778808466828325E-005  in event            2
 Added good helicity           22  1.72913140726286608E-003  in event            2
 Added good helicity           24  2.12549825677984325E-005  in event            2
 Added good helicity           27  1.17768302970647317E-005  in event            2
 Added good helicity           31  2.12720206594572981E-005  in event            2
 Added good helicity            4  1.45837845506598235E-006  in event            7
 Added good helicity           29  1.45837851686678901E-006  in event            7
 Iteration  1   Mean: 0.1188E-27 Abs mean: 0.1188E-27   Fluctuation:  0.415E-28   0.275E-25    98.8%
  1    0.1188E-27 0.1188E-27 +- 0.4146E-28     11.04
 Writing out events  2.40352069640646703E-032   11.039597089441077     
 Relative summed weights:
  0.1000E+01  0.0000E+00
 Relative number of events:
  0.1000E+01  0.0000E+00
 Events:
        1000           0
 Iteration  2   Mean: 0.1119E-27 Abs mean: 0.1119E-27   Fluctuation:  0.215E-28   0.314E-25    99.5%
  2    0.1119E-27 0.1119E-27 +- 0.2148E-28      8.58
 Relative summed weights:
  0.1000E+01  0.0000E+00
 Relative number of events:
  0.1000E+01  0.0000E+00
 Events:
        2000           0
 Iteration  3   Mean: 0.3064E-27 Abs mean: 0.3064E-27   Fluctuation:  0.892E-28   0.252E-24    99.9%
  3    0.3064E-27 0.3064E-27 +- 0.8924E-28     18.42
 Relative summed weights:
  0.1000E+01  0.0000E+00
 Relative number of events:
  0.1000E+01  0.0000E+00
 Events:
        4000           0
 Accuracy:    0.365   0.100   0.146   6.292
 Found          291  events.
 Wrote            5  events.
 Actual xsec   1.61749885667849411E-028
 Correct abs xsec   1.61749885667849411E-028
 Event xsec   1.61749885667849411E-028
 Events wgts > 1:            1
 % Cross section > 1:   6.72723825658906000E-036  4.15903741063738835E-006
 Iteration  4   Mean: 0.1763E-27 Abs mean: 0.1763E-27   Fluctuation:  0.188E-28   0.856E-25   100.0%
  4    0.1763E-27 0.1763E-27 +- 0.1876E-28      9.52
 Relative summed weights:
  0.1000E+01  0.0000E+00
 Relative number of events:
  0.1000E+01  0.0000E+00
 Events:
        8000           0
 Accuracy:    0.168   0.100   0.086   3.817
 Found          282  events.
 Wrote           12  events.
 Actual xsec   1.74591436062227737E-028
 Correct abs xsec   1.74591436062227737E-028
 Event xsec   1.74591436062227670E-028
 Events wgts > 1:            0
 % Cross section > 1:    0.0000000000000000        0.0000000000000000     
 Iteration  5   Mean: 0.8278E-27 Abs mean: 0.8278E-27   Fluctuation:  0.580E-27   0.927E-23   100.0%
  5    0.8278E-27 0.8278E-27 +- 0.5803E-27     88.67
 Relative summed weights:
  0.1000E+01  0.0000E+00
 Relative number of events:
  0.1000E+01  0.0000E+00
 Events:
       16000           0
 Accuracy:    0.258   0.100   0.085   9.165
 Found         1007  events.
 Wrote            1  events.
 Actual xsec   2.04275647938105356E-028
 Correct abs xsec   2.04275647938105356E-028
 Event xsec   2.04275647938105356E-028
 Events wgts > 1:            0
 % Cross section > 1:    0.0000000000000000        0.0000000000000000     

 -------------------------------------------------------------------------------
 Accumulated results:   Integral =  0.1809E-27
                        Std dev  =  0.1543E-28
                       Cross sec =  0.1809E-27
             Chi**2 per DoF.     =      9.1647
 -------------------------------------------------------------------------------
-------------------------------------------------
---------------------------
 Results Last   3 iters: Integral =   0.2043E-27
                     Abs integral =   0.2043E-27
                          Std dev =   0.2022E-28
                  Chi**2 per DoF. =      2.3471
-------------------------------------------------
---------------------------
 Status  0.10000000000000001                6           5

ls status:
events.lhe
input_app.txt
multijob.dat
results.dat
run_01_log.txt
run_01_results.dat
run_02_log.txt
run_02_results.dat
run_03_log.txt
run_03_results.dat
run1_app.log
