 Process in group number            0
 No PDF is used, alpha_s(MZ) from param_card is used
 Value of alpha_s from param_card:   0.11800000071525575     
 The default order of alpha_s running is fixed to            2
 Warning: pt or E min of a gamma should in general be >0
 *****************************************************
 *               MadGraph/MadEvent                   *
 *        --------------------------------           *
 *          http://madgraph.hep.uiuc.edu             *
 *          http://madgraph.phys.ucl.ac.be           *
 *          http://madgraph.roma2.infn.it            *
 *        --------------------------------           *
 *                                                   *
 *          PARAMETER AND COUPLING VALUES            *
 *                                                   *
 *****************************************************

  External Params
  ---------------------------------
  
 aEWM1 =    132.50700378417969     
 mdl_Gf =   1.16639000000000003E-005
 aS =   0.11800000071525575     
 mdl_ymb =    4.6999998092651367     
 mdl_ymt =    173.00000000000000     
 mdl_yme =   5.10999991092830896E-004
 mdl_ymm =   0.10565999895334244     
 mdl_ymtau =    1.7769999504089355     
 mdl_MZ =    91.188003540039063     
 mdl_MT =    173.00000000000000     
 mdl_MB =    4.6999998092651367     
 mdl_MH =    125.00000000000000     
 mdl_Me =   5.10999991092830896E-004
 mdl_MM =   0.10565999895334244     
 mdl_MTA =    1.7769999504089355     
 mdl_WZ =    2.4414041042327881     
 mdl_WW =    2.0476000308990479     
 mdl_WT =    1.4915000200271606     
 mdl_WH =   6.38233916833996773E-003
 mdl_WTau =   2.26999999999999982E-012
  Internal Params
  ---------------------------------
  
 mdl_conjg__CKM3x3 =    1.0000000000000000     
 mdl_CKM3x3 =    1.0000000000000000     
 mdl_conjg__CKM1x1 =    1.0000000000000000     
 mdl_complexi =  (  0.0000000000000000     ,  1.0000000000000000     )
 mdl_MZ__exp__2 =    8315.2519896181766     
 mdl_MZ__exp__4 =    69143415.650849044     
 mdl_sqrt__2 =    1.4142135623730951     
 mdl_MH__exp__2 =    15625.000000000000     
 mdl_aEW =   7.54677089845565054E-003
 mdl_MW =    80.419007276179556     
 mdl_sqrt__aEW =   8.68721526063194194E-002
 mdl_ee =   0.30795376284704501     
 mdl_MW__exp__2 =    6467.2167312862202     
 mdl_sw2 =   0.22224645274001076     
 mdl_cw =   0.88190336616887299     
 mdl_sqrt__sw2 =   0.47143022043565552     
 mdl_sw =   0.47143022043565552     
 mdl_g1 =   0.34919218438279087     
 mdl_gw =   0.65323296958447097     
 mdl_vev =    246.21845810181631     
 mdl_vev__exp__2 =    60623.529110035874     
 mdl_lam =   0.12886910601690271     
 mdl_yb =   2.69955531549349904E-002
 mdl_ye =   2.93504850670934038E-006
 mdl_ym =   6.06883028478528356E-004
 mdl_yt =   0.99366614581500645     
 mdl_ytau =   1.02066167158167895E-002
 mdl_muH =    88.388347648318444     
 mdl_I1x33 =  ( 2.69955531549349904E-002,  0.0000000000000000     )
 mdl_I2x33 =  ( 0.99366614581500645     ,  0.0000000000000000     )
 mdl_I3x33 =  ( 0.99366614581500645     ,  0.0000000000000000     )
 mdl_I4x33 =  ( 2.69955531549349904E-002,  0.0000000000000000     )
 mdl_ee__exp__2 =   9.48355200516540348E-002
 mdl_sw__exp__2 =   0.22224645274001076     
 mdl_cw__exp__2 =   0.77775354725998924     
  Internal Params evaluated point by point
  ----------------------------------------
  
 mdl_sqrt__aS =   0.34351128178744839     
 mdl_G__exp__2 =    1.4828317414825511     
  Couplings of sm-lepton_masses
  ---------------------------------
  
         GC_3 =  -0.00000E+00  -0.30795E+00
        GC_50 =  -0.00000E+00  -0.28804E+00
        GC_59 =   0.00000E+00   0.82310E-01
        GC_89 =  -0.00000E+00  -0.20754E-05

 Collider parameters:
 --------------------

 Running at e e   machine @   7.14879999999999960E-002  GeV
 PDF set = none   
 alpha_s(Mz)= 0.1180 running at 2 loops.
 alpha_s(Mz)= 0.1180 running at 2 loops.
 Renormalization scale fixed @    91.188000000000002     
 Factorization scales  fixed @    91.188000000000002        91.188000000000002     


 getting user params
Enter number of events and max and min iterations: 
 Number of events and iterations         2000           9           3
Enter desired fractional accuracy: 
 Desired fractional accuracy:  -1.09789999999999995E-035
Enter 0 for fixed, 2 for adjustable grid: 
Suppress amplitude (0 no, 1 yes)? 
 Using suppressed amplitude.
Exact helicity sum (0 yes, n = number/event)? 
 Explicitly summing over helicities
Enter Configuration Number: 
Running Configuration Number:   22
 Not subdividing B.W.
 Attempting mappinvarients           1           5
 Completed mapping           5
 about to integrate            5        2000           9           3           5           1
 Keeping grid fixed.
  5 dimensions   2000 events  5 invarients  9 iterations  1 config(s),  (0.99)
 Using h-tuple random number sequence.
 Grid read from file
 Grid defined OK
 Set CM energy to          0.07
 Mapping Graph          22  to config          22
 No modification is setgrid, grid read from file
 No modification is setgrid, grid read from file
 Masses: 0.511E-03 0.511E-03 0.000E+00 0.511E-03 0.511E-03
  22   1   2   3   4   5
 Got moffset          14
Using random seed offsets    22 :      1
  with seed                   57
 Ranmar initialization seeds       11145       23550
  Particle       3       4       5
      Et >     0.0     0.0     0.0
       E >     0.0     0.0     0.0
     Eta <    -1.0    -1.0    -1.0
   xqcut:      0.0     0.0     0.0
d R # 3  >    -0.0     0.0     0.0
d R # 4  >    -0.0    -0.0     0.4
s min # 3>     0.0     0.0     0.0
s min # 4>     0.0     0.0     0.0
xqcutij # 3>     0.0     0.0     0.0
xqcutij # 4>     0.0     0.0     0.0
 alpha_s for scale    91.188000000000002       is   0.11800000071525575     
 Added good helicity            1   4.0032593950969098       in event            1
 Added good helicity            5   3.9967403737296978       in event            1
 Added good helicity           10   4.0032593950970954       in event            1
 Added good helicity           14   3.9967403737297333       in event            1
 Added good helicity           19   3.9967403737297333       in event            1
 Added good helicity           23   4.0032593950970963       in event            1
 Added good helicity           28   3.9967403737296978       in event            1
 Added good helicity           32   4.0032593950969106       in event            1
 Added good helicity            3  2.67089599416771146E-006  in event            3
 Added good helicity           12  2.67089599416757170E-006  in event            3
 Added good helicity           21  2.67089599416750267E-006  in event            3
 Added good helicity           30  2.67089599416764243E-006  in event            3
 Added good helicity            2  8.24771626837057792E-002  in event           10
 Added good helicity           13  8.16973095978515834E-002  in event           10
 Added good helicity           20  8.16973096373598967E-002  in event           10
 Added good helicity           31  8.24771626685213283E-002  in event           10
 Added good helicity            6  1.54210460436890720E-006  in event           96
 Added good helicity            7  1.54985526990557248E-006  in event           96
 Added good helicity            9  1.55032152276051440E-006  in event           96
 Added good helicity           11  0.72053828459940994       in event           96
 Added good helicity           15  0.72454182337038364       in event           96
 Added good helicity           16  1.55038086318130629E-006  in event           96
 Added good helicity           17  1.55037824780371207E-006  in event           96
 Added good helicity           18  0.72454182337179240       in event           96
 Added good helicity           22  0.72053828459928393       in event           96
 Added good helicity           24  1.55031890765424961E-006  in event           96
 Added good helicity           26  1.54985788461465823E-006  in event           96
 Added good helicity           27  1.54210200323291732E-006  in event           96
 Iteration  1   Mean: 0.6226E+39 Abs mean: 0.6226E+39   Fluctuation:  0.471E+39   0.879E+42    98.9%
  1    0.6226E+39 0.6226E+39 +- 0.4714E+39     33.86
 Writing out events  3.49882616276194878E+034   33.859804118111320     
 Relative summed weights:
  0.1000E+01  0.0000E+00
 Relative number of events:
  0.1000E+01  0.0000E+00
 Events:
        2000           0
 Iteration  2   Mean: 0.2446E+41 Abs mean: 0.2446E+41   Fluctuation:  0.243E+41   0.973E+44    99.0%
  2    0.2446E+41 0.2446E+41 +- 0.2433E+41     62.90
 Relative summed weights:
  0.1000E+01  0.0000E+00
 Relative number of events:
  0.1000E+01  0.0000E+00
 Events:
        4000           0
 Iteration  3   Mean: 0.4653E+39 Abs mean: 0.4653E+39   Fluctuation:  0.296E+39   0.218E+43    99.1%
  3    0.4653E+39 0.4653E+39 +- 0.2964E+39     56.98
 Relative summed weights:
  0.1000E+01  0.0000E+00
 Relative number of events:
  0.1000E+01  0.0000E+00
 Events:
        8000           0
 Found            9  events.
 Wrote            1  events.
 Actual xsec   5.16595078961179490E+039
 Correct abs xsec   5.16595078961179490E+039
 Event xsec   5.16595078961179550E+039
 Events wgts > 1:            0
 % Cross section > 1:    0.0000000000000000        0.0000000000000000     
 Checking number of events   56716.973719147893                1  chi2:    172.49735624338138     
 Found            9  events.
 Wrote            3  events.
 Actual xsec   5.16595078961179490E+039
 Correct abs xsec   5.16595078961179490E+039
 Event xsec   5.16595078961179490E+039
 Events wgts > 1:            0
 % Cross section > 1:    0.0000000000000000        0.0000000000000000     
 Iteration  4   Mean: 0.2867E+40 Abs mean: 0.2867E+40   Fluctuation:  0.143E+40   0.155E+44    99.1%
  4    0.2867E+40 0.2867E+40 +- 0.1431E+40     63.13
 Relative summed weights:
  0.1000E+01  0.0000E+00
 Relative number of events:
  0.1000E+01  0.0000E+00
 Events:
       16000           0
 Found           56  events.
 Wrote            2  events.
 Actual xsec   4.99198146068659622E+039
 Correct abs xsec   4.99198146068659622E+039
 Event xsec   4.99198146068659622E+039
 Events wgts > 1:            0
 % Cross section > 1:    0.0000000000000000        0.0000000000000000     
 Checking number of events   54806.964456878137                2  chi2:    118.02780897538442     
 Found           56  events.
 Wrote            2  events.
 Actual xsec   4.99198146068659622E+039
 Correct abs xsec   4.99198146068659622E+039
 Event xsec   4.99198146068659622E+039
 Events wgts > 1:            0
 % Cross section > 1:    0.0000000000000000        0.0000000000000000     
 Iteration  5   Mean: 0.6913E+39 Abs mean: 0.6913E+39   Fluctuation:  0.504E+39   0.160E+44    99.0%
  5    0.6913E+39 0.6913E+39 +- 0.5042E+39    130.46
 Relative summed weights:
  0.1000E+01  0.0000E+00
 Relative number of events:
  0.1000E+01  0.0000E+00
 Events:
       32000           0
 Found           46  events.
 Wrote            1  events.
 Actual xsec   1.66954437995564777E+039
 Correct abs xsec   1.66954437995564777E+039
 Event xsec   1.66954437995564807E+039
 Events wgts > 1:            1
 % Cross section > 1:   5.69804937817960003E+031  3.41293675483545410E-006
 Checking number of events   18329.927747533056                1  chi2:    10.484921812703245     
 Found           46  events.
 Wrote            2  events.
 Actual xsec   1.66954437995564777E+039
 Correct abs xsec   1.66954437995564777E+039
 Event xsec   1.66954437995564777E+039
 Events wgts > 1:            1
 % Cross section > 1:   2.84902473442451825E+031  1.70646840457167359E-006
 Iteration  6   Mean: 0.6750E+40 Abs mean: 0.6750E+40   Fluctuation:  0.502E+40   0.314E+45    99.0%
  6    0.6750E+40 0.6750E+40 +- 0.5018E+40    188.05
 Relative summed weights:
  0.1000E+01  0.0000E+00
 Relative number of events:
  0.1000E+01  0.0000E+00
 Events:
       64000           0
 Found          159  events.
 Wrote            1  events.
 Actual xsec   3.24808629124268980E+039
 Correct abs xsec   3.24808629124268980E+039
 Event xsec   3.24808629124268980E+039
 Events wgts > 1:            0
 % Cross section > 1:    0.0000000000000000        0.0000000000000000     
 Checking number of events   35660.739391553492                1  chi2:    13.137530140687090     
 Found          159  events.
 Wrote            2  events.
 Actual xsec   3.24808629124268980E+039
 Correct abs xsec   3.24808629124268980E+039
 Event xsec   3.24808629124268980E+039
 Events wgts > 1:            0
 % Cross section > 1:    0.0000000000000000        0.0000000000000000     
 Iteration  7   Mean: 0.2149E+44 Abs mean: 0.2149E+44   Fluctuation:  0.215E+44   0.275E+49    99.1%
  7    0.2149E+44 0.2149E+44 +- 0.2147E+44    357.49
 Relative summed weights:
  0.1000E+01  0.0000E+00
 Relative number of events:
  0.1000E+01  0.0000E+00
 Events:
      128000           0
 Found          117  events.
 Wrote            1  events.
 Actual xsec   4.59014548714360579E+042
 Correct abs xsec   4.59014548714360579E+042
 Event xsec   4.59014548714360579E+042
 Events wgts > 1:            1
 % Cross section > 1:   2.51576451974277245E+035  5.48079473033937164E-006
 Checking number of events   50395207.303349644                1  chi2:    41849142.365124650     
 Found          117  events.
 Wrote            1  events.
 Actual xsec   4.59014548714360579E+042
 Correct abs xsec   4.59014548714360579E+042
 Event xsec   4.59014548714360579E+042
 Events wgts > 1:            1
 % Cross section > 1:   2.51576451974277245E+035  5.48079473033937164E-006
 Iteration  8   Mean: 0.1747E+42 Abs mean: 0.1747E+42   Fluctuation:  0.174E+42   0.445E+47    99.1%
  8    0.1747E+42 0.1747E+42 +- 0.1736E+42    502.82
 Relative summed weights:
  0.1000E+01  0.0000E+00
 Relative number of events:
  0.1000E+01  0.0000E+00
 Events:
      256000           0
 Found            7  events.
 Wrote            1  events.
 Actual xsec   5.67770357852517206E+042
 Correct abs xsec   5.67770357852517206E+042
 Event xsec   5.67770357852517206E+042
 Events wgts > 1:            0
 % Cross section > 1:    0.0000000000000000        0.0000000000000000     
 Checking number of events   62335507.588627860                1  chi2:    639204.93948005117     
 Found            7  events.
 Wrote            1  events.
 Actual xsec   5.67770357852517206E+042
 Correct abs xsec   5.67770357852517206E+042
 Event xsec   5.67770357852517206E+042
 Events wgts > 1:            0
 % Cross section > 1:    0.0000000000000000        0.0000000000000000     
 Iteration  9   Mean: 0.4087E+42 Abs mean: 0.4087E+42   Fluctuation:  0.401E+42   0.205E+48    99.1%
  9    0.4087E+42 0.4087E+42 +- 0.4011E+42    702.39
 Relative summed weights:
  0.1000E+01  0.0000E+00
 Relative number of events:
  0.1000E+01  0.0000E+00
 Events:
      512000           0
 Found           98  events.
 Wrote            1  events.
 Actual xsec   7.24875156713767112E+042
 Correct abs xsec   7.24875156713767112E+042
 Event xsec   7.24875156713767112E+042
 Events wgts > 1:            1
 % Cross section > 1:   2.88331945351427621E+036  3.97767729630278737E-005
 Checking number of events   79584043.455604494                1  chi2:    975.46743567721796     
 Found           98  events.
 Wrote            1  events.
 Actual xsec   7.24875156713767112E+042
 Correct abs xsec   7.24875156713767112E+042
 Event xsec   7.24875156713767112E+042
 Events wgts > 1:            1
 % Cross section > 1:   2.88331945351427621E+036  3.97767729630278737E-005

 -------------------------------------------------------------------------------
 Accumulated results:   Integral =   +Infinity
                        Std dev  =   +Infinity
                       Cross sec =   +Infinity
             Chi**2 per DoF.     =     28.0204
 -------------------------------------------------------------------------------
-------------------------------------------------
---------------------------
 Results Last   3 iters: Integral =   0.7249E+43
                     Abs integral =   0.7249E+43
                          Std dev =   0.4149E+43
                  Chi**2 per DoF. =    975.4674
-------------------------------------------------
---------------------------
 Status -1.09789999999999995E-035          10           9
 Trying w/ fresh grid
 Starting w/ ncall =         8000
 Keeping grid fixed.
  5 dimensions   8000 events  5 invarients  8 iterations  1 config(s),  (0.99)
 Using h-tuple random number sequence.
 Error opening grid
 Using Uniform Grid!
 Using uniform alpha   1.0000000000000000     
 Grid defined OK
Setting grid   1    0.51095E-04   1
Setting grid   2    0.51095E-04   1
 Iteration  1   Mean: 0.4374E+25 Abs mean: 0.4374E+25   Fluctuation:  0.275E+25   0.165E+29    98.7%
  1    0.4374E+25 0.4374E+25 +- 0.2755E+25     56.33
 Relative summed weights:
  0.1000E+01  0.0000E+00
 Relative number of events:
  0.1000E+01  0.0000E+00
 Events:
        8000           0
 Iteration  2   Mean: 0.8153E+29 Abs mean: 0.8153E+29   Fluctuation:  0.476E+29   0.733E+33    98.6%
  2    0.8153E+29 0.8153E+29 +- 0.4755E+29     73.77
 Relative summed weights:
  0.1000E+01  0.0000E+00
 Relative number of events:
  0.1000E+01  0.0000E+00
 Events:
       16000           0
 Iteration  3   Mean: 0.4659E+36 Abs mean: 0.4659E+36   Fluctuation:  0.293E+36   0.701E+40    99.5%
  3    0.4659E+36 0.4659E+36 +- 0.2933E+36    112.60
 Relative summed weights:
  0.1000E+01  0.0000E+00
 Relative number of events:
  0.1000E+01  0.0000E+00
 Events:
       32000           0
 Found          133  events.
 Wrote            2  events.
 Actual xsec   1.47253543344567780E+035
 Correct abs xsec   1.47253543344567780E+035
 Event xsec   1.47253543344567780E+035
 Events wgts > 1:            0
 % Cross section > 1:    0.0000000000000000        0.0000000000000000     
 Checking number of events   1.6166966523800095                2  chi2:   1.42857132932348038E+021
 Found          133  events.
 Wrote            3  events.
 Actual xsec   1.47253543344567780E+035
 Correct abs xsec   1.47253543344567780E+035
 Event xsec   1.47253543344567799E+035
 Events wgts > 1:            0
 % Cross section > 1:    0.0000000000000000        0.0000000000000000     
 Iteration  4   Mean: 0.9361E+35 Abs mean: 0.9361E+35   Fluctuation:  0.815E+35   0.517E+40    99.2%
  4    0.9361E+35 0.9361E+35 +- 0.8145E+35    220.12
 Relative summed weights:
  0.1000E+01  0.0000E+00
 Relative number of events:
  0.1000E+01  0.0000E+00
 Events:
       64000           0
 Found           16  events.
 Wrote            1  events.
 Actual xsec   1.91534683158375136E+035
 Correct abs xsec   1.91534683158375136E+035
 Event xsec   1.91534683158375136E+035
 Events wgts > 1:            1
 % Cross section > 1:   7.50818953381947356E+028  3.92001563894887046E-005
 Checking number of events   2.1028592863958004                1  chi2:    8111882701784.7422     
 Found           16  events.
 Wrote            1  events.
 Actual xsec   1.91534683158375136E+035
 Correct abs xsec   1.91534683158375136E+035
 Event xsec   1.91534683158375136E+035
 Events wgts > 1:            1
 % Cross section > 1:   7.50818953381947356E+028  3.92001563894887046E-005
 Iteration  5   Mean: 0.4108E+37 Abs mean: 0.4108E+37   Fluctuation:  0.399E+37   0.511E+42    99.5%
  5    0.4108E+37 0.4108E+37 +- 0.3991E+37    347.56
 Relative summed weights:
  0.1000E+01  0.0000E+00
 Relative number of events:
  0.1000E+01  0.0000E+00
 Events:
      128000           0
 Found           63  events.
 Wrote            1  events.
 Actual xsec   1.15251001923576541E+036
 Correct abs xsec   1.15251001923576541E+036
 Event xsec   1.15251001923576541E+036
 Events wgts > 1:            0
 % Cross section > 1:    0.0000000000000000        0.0000000000000000     
 Checking number of events   12.653407501189468                1  chi2:    87.519820197087384     
 Found           63  events.
 Wrote            1  events.
 Actual xsec   1.15251001923576541E+036
 Correct abs xsec   1.15251001923576541E+036
 Event xsec   1.15251001923576541E+036
 Events wgts > 1:            0
 % Cross section > 1:    0.0000000000000000        0.0000000000000000     
 Fixing grid
 Iteration  6   Mean: 0.7728E+35 Abs mean: 0.7728E+35   Fluctuation:  0.372E+35   0.891E+40    99.2%
  6    0.7728E+35 0.7728E+35 +- 0.3719E+35    243.50
 Relative summed weights:
  0.1000E+01  0.0000E+00
 Relative number of events:
  0.1000E+01  0.0000E+00
 Events:
      256000           0
 Found           49  events.
 Wrote            2  events.
 Actual xsec   7.18125570640499004E+035
 Correct abs xsec   7.18125570640499004E+035
 Event xsec   7.18125570640499004E+035
 Events wgts > 1:            0
 % Cross section > 1:    0.0000000000000000        0.0000000000000000     
 Checking number of events   7.8843006400620386                2  chi2:    178.20648948202026     
 Found           49  events.
 Wrote            3  events.
 Actual xsec   7.18125570640499004E+035
 Correct abs xsec   7.18125570640499004E+035
 Event xsec   7.18125570640499004E+035
 Events wgts > 1:            0
 % Cross section > 1:    0.0000000000000000        0.0000000000000000     
 Iteration  7   Mean: 0.1204E+37 Abs mean: 0.1204E+37   Fluctuation:  0.105E+37   0.536E+42    99.2%
  7    0.1204E+37 0.1204E+37 +- 0.1048E+37    623.04
 Relative summed weights:
  0.1000E+01  0.0000E+00
 Relative number of events:
  0.1000E+01  0.0000E+00
 Events:
      512000           0
 Found          373  events.
 Wrote            1  events.
 Actual xsec   9.37045276662752344E+035
 Correct abs xsec   9.37045276662752344E+035
 Event xsec   9.37045276662752197E+035
 Events wgts > 1:            0
 % Cross section > 1:    0.0000000000000000        0.0000000000000000     
 Checking number of events   10.287820092480358                1  chi2:    267.54947858624195     
 Found          373  events.
 Wrote            1  events.
 Actual xsec   9.37045276662752344E+035
 Correct abs xsec   9.37045276662752344E+035
 Event xsec   9.37045276662752197E+035
 Events wgts > 1:            0
 % Cross section > 1:    0.0000000000000000        0.0000000000000000     
 Iteration  8   Mean: 0.1674E+38 Abs mean: 0.1674E+38   Fluctuation:  0.163E+38   0.167E+44    99.2%
  8    0.1674E+38 0.1674E+38 +- 0.1632E+38    986.77
 Relative summed weights:
  0.1000E+01  0.0000E+00
 Relative number of events:
  0.1000E+01  0.0000E+00
 Events:
     1024000           0
 Found          236  events.
 Wrote            1  events.
 Actual xsec   1.24432108404904268E+041
 Correct abs xsec   1.24432108404904268E+041
 Event xsec   1.24432108404904288E+041
 Events wgts > 1:            1
 % Cross section > 1:   1.00299870307563974E+034  8.06061004617766577E-006
 Checking number of events   32.054311976037063                1  chi2:    2921.9846725271473     
 Found          236  events.
 Wrote            1  events.
 Actual xsec   1.24432108404904268E+041
 Correct abs xsec   1.24432108404904268E+041
 Event xsec   1.24432108404904288E+041
 Events wgts > 1:            1
 % Cross section > 1:   1.00299870307563974E+034  8.06061004617766577E-006

 -------------------------------------------------------------------------------
 Accumulated results:   Integral =  0.1476E+37
                        Std dev  =  0.3575E+36
                       Cross sec =  0.1476E+37
             Chi**2 per DoF.     =     18.2131
 -------------------------------------------------------------------------------
-------------------------------------------------
---------------------------
 Results Last   3 iters: Integral =   0.2920E+37
                     Abs integral =   0.2920E+37
                         Std dev =   0.1129E+37
                 Chi**2 per DoF. =   2921.9847
-------------------------------------------------
---------------------------

ls status:
events.lhe
ftn25
ftn26
input_sg.txt
log.txt
moffset.dat
results.dat
run_01_ftn26.gz
run_01_log.txt
run_01_results.dat
run_03_ftn26.gz
run_03_log.txt
run_03_results.dat
run1_app.log
