 Process in group number            0
 No PDF is used, alpha_s(MZ) from param_card is used
 Value of alpha_s from param_card:   0.11800000071525575     
 The default order of alpha_s running is fixed to            2
 *****************************************************
 *               MadGraph/MadEvent                   *
 *        --------------------------------           *
 *          http://madgraph.hep.uiuc.edu             *
 *          http://madgraph.phys.ucl.ac.be           *
 *          http://madgraph.roma2.infn.it            *
 *        --------------------------------           *
 *                                                   *
 *          PARAMETER AND COUPLING VALUES            *
 *                                                   *
 *****************************************************

  External Params
  ---------------------------------
  
 aEWM1 =    132.50700378417969     
 mdl_Gf =   1.16639000000000003E-005
 aS =   0.11800000071525575     
 mdl_ymb =    4.6999998092651367     
 mdl_ymt =    173.00000000000000     
 mdl_yme =   5.10999991092830896E-004
 mdl_ymm =   0.10565999895334244     
 mdl_ymtau =    1.7769999504089355     
 mdl_MZ =    91.188003540039063     
 mdl_MT =    173.00000000000000     
 mdl_MB =    4.6999998092651367     
 mdl_MH =    125.00000000000000     
 mdl_Me =   5.10999991092830896E-004
 mdl_MM =   0.10565999895334244     
 mdl_MTA =    1.7769999504089355     
 mdl_WZ =    2.4414041042327881     
 mdl_WW =    2.0476000308990479     
 mdl_WT =    1.4915000200271606     
 mdl_WH =   6.38233916833996773E-003
 mdl_WTau =   2.26999999999999982E-012
  Internal Params
  ---------------------------------
  
 mdl_conjg__CKM3x3 =    1.0000000000000000     
 mdl_CKM3x3 =    1.0000000000000000     
 mdl_conjg__CKM1x1 =    1.0000000000000000     
 mdl_complexi =  (  0.0000000000000000     ,  1.0000000000000000     )
 mdl_MZ__exp__2 =    8315.2519896181766     
 mdl_MZ__exp__4 =    69143415.650849044     
 mdl_sqrt__2 =    1.4142135623730951     
 mdl_MH__exp__2 =    15625.000000000000     
 mdl_aEW =   7.54677089845565054E-003
 mdl_MW =    80.419007276179556     
 mdl_sqrt__aEW =   8.68721526063194194E-002
 mdl_ee =   0.30795376284704501     
 mdl_MW__exp__2 =    6467.2167312862202     
 mdl_sw2 =   0.22224645274001076     
 mdl_cw =   0.88190336616887299     
 mdl_sqrt__sw2 =   0.47143022043565552     
 mdl_sw =   0.47143022043565552     
 mdl_g1 =   0.34919218438279087     
 mdl_gw =   0.65323296958447097     
 mdl_vev =    246.21845810181631     
 mdl_vev__exp__2 =    60623.529110035874     
 mdl_lam =   0.12886910601690271     
 mdl_yb =   2.69955531549349904E-002
 mdl_ye =   2.93504850670934038E-006
 mdl_ym =   6.06883028478528356E-004
 mdl_yt =   0.99366614581500645     
 mdl_ytau =   1.02066167158167895E-002
 mdl_muH =    88.388347648318444     
 mdl_I1x33 =  ( 2.69955531549349904E-002,  0.0000000000000000     )
 mdl_I2x33 =  ( 0.99366614581500645     ,  0.0000000000000000     )
 mdl_I3x33 =  ( 0.99366614581500645     ,  0.0000000000000000     )
 mdl_I4x33 =  ( 2.69955531549349904E-002,  0.0000000000000000     )
 mdl_ee__exp__2 =   9.48355200516540348E-002
 mdl_sw__exp__2 =   0.22224645274001076     
 mdl_cw__exp__2 =   0.77775354725998924     
  Internal Params evaluated point by point
  ----------------------------------------
  
 mdl_sqrt__aS =   0.34351128178744839     
 mdl_G__exp__2 =    1.4828317414825511     
  Couplings of sm-lepton_masses
  ---------------------------------
  
         GC_3 =  -0.00000E+00  -0.30795E+00
        GC_50 =  -0.00000E+00  -0.28804E+00
        GC_59 =   0.00000E+00   0.82310E-01
        GC_89 =  -0.00000E+00  -0.20754E-05

 Collider parameters:
 --------------------

 Running at e e   machine @   7.14879999999999960E-002  GeV
 PDF set = none   
 alpha_s(Mz)= 0.1180 running at 2 loops.
 alpha_s(Mz)= 0.1180 running at 2 loops.
 Renormalization scale fixed @    91.188000000000002     
 Factorization scales  fixed @    91.188000000000002        91.188000000000002     


 getting user params
Enter number of events and max and min iterations: 
 Number of events and iterations         2000           9           3
Enter desired fractional accuracy: 
 Desired fractional accuracy:  -5.69459999999999965E-006
Enter 0 for fixed, 2 for adjustable grid: 
Suppress amplitude (0 no, 1 yes)? 
 Using suppressed amplitude.
Exact helicity sum (0 yes, n = number/event)? 
 Explicitly summing over helicities
Enter Configuration Number: 
Running Configuration Number:    7
 Not subdividing B.W.
 Attempting mappinvarients           1           5
 Completed mapping           5
 about to integrate            5        2000           9           3           5           1
 Using non-zero grid deformation.
  5 dimensions   2000 events  5 invarients  9 iterations  1 config(s),  (0.99)
 Using h-tuple random number sequence.
 Error opening grid
 Using Uniform Grid!
 Using uniform alpha   1.0000000000000000     
 Grid defined OK
 Set CM energy to          0.07
 Mapping Graph           7  to config           7
Setting grid   1    0.17611E-04   1
Setting grid   2    0.51095E-04   1
 Masses: 0.511E-03 0.511E-03 0.000E+00 0.511E-03 0.511E-03
   7   1   2   3   4   5
 Got moffset          26
Using random seed offsets     7 :      1
  with seed                   69
 Ranmar initialization seeds       25758        1284
  Particle       3       4       5
      Et >     0.0     0.0     0.0
       E >     0.0     0.0     0.0
     Eta <    -1.0    -1.0    -1.0
   xqcut:      0.0     0.0     0.0
d R # 3  >    -0.0     0.0     0.0
d R # 4  >    -0.0    -0.0     0.0
s min # 3>     0.0     0.0     0.0
s min # 4>     0.0     0.0     0.0
xqcutij # 3>     0.0     0.0     0.0
xqcutij # 4>     0.0     0.0     0.0
 alpha_s for scale    91.188000000000002       is   0.11800000071525575     
 Added good helicity            1   11.989423828546274       in event            1
 Added good helicity            2  7.31501564757474493E-002  in event            1
 Added good helicity            3  1.29567541444232485E-002  in event            1
 Added good helicity            5   1.2305936689896779       in event            1
 Added good helicity            6  8.83416867138375549E-005  in event            1
 Added good helicity            7  2.33140903238196220E-005  in event            1
 Added good helicity            9  1.49819488317007540E-006  in event            1
 Added good helicity           10  0.27330191816868926       in event            1
 Added good helicity           11   1.6733559244100080       in event            1
 Added good helicity           12  0.53830968652453315       in event            1
 Added good helicity           14  2.54588842534038892E-002  in event            1
 Added good helicity           15  0.18332201390144223       in event            1
 Added good helicity           16  1.36501974366188624E-005  in event            1
 Added good helicity           17  1.36501947293733374E-005  in event            1
 Added good helicity           18  0.18332201385121816       in event            1
 Added good helicity           19  2.54588896434397582E-002  in event            1
 Added good helicity           21  0.53830968774168797       in event            1
 Added good helicity           22   1.6733559251498153       in event            1
 Added good helicity           23  0.27330197612104490       in event            1
 Added good helicity           24  1.49819374788240100E-006  in event            1
 Added good helicity           26  2.33140875942548856E-005  in event            1
 Added good helicity           27  8.83416816531454416E-005  in event            1
 Added good helicity           28   1.2305936691184038       in event            1
 Added good helicity           30  1.29567515252925897E-002  in event            1
 Added good helicity           31  7.31501567314081641E-002  in event            1
 Added good helicity           32   11.989423828697030       in event            1
 Added good helicity           13  1.02109774104006340E-006  in event            2
 Added good helicity           20  1.02109774394039273E-006  in event            2
 Added good helicity            4  1.60405340074434923E-006  in event           12
 Added good helicity           29  1.60405341609996346E-006  in event           12
 Iteration  1   Mean: 0.2122E+10 Abs mean: 0.2122E+10   Fluctuation:  0.157E+09   0.138E+12    75.8%
  1    0.2122E+10 0.2122E+10 +- 0.1565E+09      3.30
 Writing out events   155511.51217094986        3.2985462508099341     
 Relative summed weights:
  0.1000E+01  0.0000E+00
 Relative number of events:
  0.1000E+01  0.0000E+00
 Events:
        2000           0
 Iteration  2   Mean: 0.1741E+10 Abs mean: 0.1741E+10   Fluctuation:  0.388E+08   0.219E+11    82.4%
  2    0.1741E+10 0.1741E+10 +- 0.3878E+08      1.41
 Relative summed weights:
  0.1000E+01  0.0000E+00
 Relative number of events:
  0.1000E+01  0.0000E+00
 Events:
        4000           0
 Iteration  3   Mean: 0.1709E+10 Abs mean: 0.1709E+10   Fluctuation:  0.207E+08   0.140E+11    80.0%
  3    0.1709E+10 0.1709E+10 +- 0.2068E+08      1.08
 Relative summed weights:
  0.1000E+01  0.0000E+00
 Relative number of events:
  0.1000E+01  0.0000E+00
 Events:
        8000           0
 Found          974  events.
 Wrote          970  events.
 Actual xsec    1724297316.1081541     
 Correct abs xsec    1724297316.1081541     
 Event xsec    1724297316.1081748     
 Events wgts > 1:            1
 % Cross section > 1:    13177.441566943424       7.64220963742237190E-004
 Checking number of events   9819.1834963094934              970  chi2:    3.6115483467240295     
 Found          974  events.
 Wrote          970  events.
 Actual xsec    1724297316.1081541     
 Correct abs xsec    1724297316.1081541     
 Event xsec    1724297316.1081748     
 Events wgts > 1:            1
 % Cross section > 1:    13177.441566943424       7.64220963742237190E-004
 Iteration  4   Mean: 0.1719E+10 Abs mean: 0.1719E+10   Fluctuation:  0.132E+08   0.112E+11    77.5%
  4    0.1719E+10 0.1719E+10 +- 0.1316E+08      0.97
 Relative summed weights:
  0.1000E+01  0.0000E+00
 Relative number of events:
  0.1000E+01  0.0000E+00
 Events:
       16000           0
 Found         2081  events.
 Wrote         2077  events.
 Actual xsec    1718130701.9601998     
 Correct abs xsec    1718130701.9601998     
 Event xsec    1718130701.9602284     
 Events wgts > 1:            0
 % Cross section > 1:    0.0000000000000000        0.0000000000000000     
 Checking number of events   9784.0670953825538             2077  chi2:   0.28371514421568639     
 Found         2081  events.
 Wrote         2077  events.
 Actual xsec    1718130701.9601998     
 Correct abs xsec    1718130701.9601998     
 Event xsec    1718130701.9602284     
 Events wgts > 1:            0
 % Cross section > 1:    0.0000000000000000        0.0000000000000000     
 Iteration  5   Mean: 0.1724E+10 Abs mean: 0.1724E+10   Fluctuation:  0.877E+07   0.363E+11    76.1%
  5    0.1724E+10 0.1724E+10 +- 0.8766E+07      0.91
 Relative summed weights:
  0.1000E+01  0.0000E+00
 Relative number of events:
  0.1000E+01  0.0000E+00
 Events:
       32000           0
 Found         4261  events.
 Wrote         4256  events.
 Actual xsec    1721021487.6351094     
 Correct abs xsec    1721021487.6351094     
 Event xsec    1721021487.6349506     
 Events wgts > 1:            4
 % Cross section > 1:    1024435.6595608887       5.95248616546142639E-002
 Checking number of events   9800.5289634868932             4256  chi2:   0.24656030678158469     
 Found         4261  events.
 Wrote         4256  events.
 Actual xsec    1721021487.6351094     
 Correct abs xsec    1721021487.6351094     
 Event xsec    1721021487.6349506     
 Events wgts > 1:            4
 % Cross section > 1:    1024435.6595608887       5.95248616546142639E-002
 Iteration  6   Mean: 0.1737E+10 Abs mean: 0.1737E+10   Fluctuation:  0.610E+07   0.335E+11    74.8%
  6    0.1737E+10 0.1737E+10 +- 0.6099E+07      0.89
 Relative summed weights:
  0.1000E+01  0.0000E+00
 Relative number of events:
  0.1000E+01  0.0000E+00
 Events:
       64000           0
 Found         8555  events.
 Wrote         8550  events.
 Actual xsec    1731020477.8993285     
 Correct abs xsec    1731020477.8993285     
 Event xsec    1731020477.8995996     
 Events wgts > 1:            8
 % Cross section > 1:    1161556.9683514577       6.71024394674335500E-002
 Checking number of events   9857.4692134455145             8550  chi2:    1.1796512881103389     
 Found         8555  events.
 Wrote         8550  events.
 Actual xsec    1731020477.8993285     
 Correct abs xsec    1731020477.8993285     
 Event xsec    1731020477.8995996     
 Events wgts > 1:            8
 % Cross section > 1:    1161556.9683514577       6.71024394674335500E-002
 Iteration  7   Mean: 0.1732E+10 Abs mean: 0.1732E+10   Fluctuation:  0.434E+07   0.378E+11    73.2%
  7    0.1732E+10 0.1732E+10 +- 0.4345E+07      0.90
 Relative summed weights:
  0.1000E+01  0.0000E+00
 Relative number of events:
  0.1000E+01  0.0000E+00
 Events:
      128000           0
 Found        17338  events.
 Wrote        17335  events.
 Actual xsec    1732194683.6761568     
 Correct abs xsec    1732194683.6761568     
 Event xsec    1732194683.6757374     
 Events wgts > 1:           44
 % Cross section > 1:    2206180.8368614735       0.12736333032612315     
 Checking number of events   9864.1558456622424            17335  chi2:   0.73205568799796528     

 -------------------------------------------------------------------------------
 Accumulated results:   Integral =  0.1731E+10
                        Std dev  =  0.3136E+07
                       Cross sec =  0.2162E+01
             Chi**2 per DoF.     =
-------------------------------------------------
---------------------------
 Results Last   3 iters: Integral =   0.1732E+10
                     Abs integral =   0.1732E+10
                          Std dev =   0.3281E+07
                  Chi**2 per DoF. =      0.7321
-------------------------------------------------
---------------------------
 Status -5.69459999999999965E-006           8           9
 We found enough events       17335   9864.1558456622424     

ls status:
events.lhe
ftn25
ftn26
input_sg.txt
moffset.dat
results.dat
run1_app.log
