 Process in group number            0
 No PDF is used, alpha_s(MZ) from param_card is used
 Value of alpha_s from param_card:   0.11800000071525575     
 The default order of alpha_s running is fixed to            2
 Warning: pt or E min of a gamma should in general be >0
 *****************************************************
 *               MadGraph/MadEvent                   *
 *        --------------------------------           *
 *          http://madgraph.hep.uiuc.edu             *
 *          http://madgraph.phys.ucl.ac.be           *
 *          http://madgraph.roma2.infn.it            *
 *        --------------------------------           *
 *                                                   *
 *          PARAMETER AND COUPLING VALUES            *
 *                                                   *
 *****************************************************

  External Params
  ---------------------------------
  
 aEWM1 =    132.50700378417969     
 mdl_Gf =   1.16639000000000003E-005
 aS =   0.11800000071525575     
 mdl_ymb =    4.6999998092651367     
 mdl_ymt =    173.00000000000000     
 mdl_yme =   5.10999991092830896E-004
 mdl_ymm =   0.10565999895334244     
 mdl_ymtau =    1.7769999504089355     
 mdl_MZ =    91.188003540039063     
 mdl_MT =    173.00000000000000     
 mdl_MB =    4.6999998092651367     
 mdl_MH =    125.00000000000000     
 mdl_Me =   5.10999991092830896E-004
 mdl_MM =   0.10565999895334244     
 mdl_MTA =    1.7769999504089355     
 mdl_WZ =    2.4414041042327881     
 mdl_WW =    2.0476000308990479     
 mdl_WT =    1.4915000200271606     
 mdl_WH =   6.38233916833996773E-003
 mdl_WTau =   2.26999999999999982E-012
  Internal Params
  ---------------------------------
  
 mdl_conjg__CKM3x3 =    1.0000000000000000     
 mdl_CKM3x3 =    1.0000000000000000     
 mdl_conjg__CKM1x1 =    1.0000000000000000     
 mdl_complexi =  (  0.0000000000000000     ,  1.0000000000000000     )
 mdl_MZ__exp__2 =    8315.2519896181766     
 mdl_MZ__exp__4 =    69143415.650849044     
 mdl_sqrt__2 =    1.4142135623730951     
 mdl_MH__exp__2 =    15625.000000000000     
 mdl_aEW =   7.54677089845565054E-003
 mdl_MW =    80.419007276179556     
 mdl_sqrt__aEW =   8.68721526063194194E-002
 mdl_ee =   0.30795376284704501     
 mdl_MW__exp__2 =    6467.2167312862202     
 mdl_sw2 =   0.22224645274001076     
 mdl_cw =   0.88190336616887299     
 mdl_sqrt__sw2 =   0.47143022043565552     
 mdl_sw =   0.47143022043565552     
 mdl_g1 =   0.34919218438279087     
 mdl_gw =   0.65323296958447097     
 mdl_vev =    246.21845810181631     
 mdl_vev__exp__2 =    60623.529110035874     
 mdl_lam =   0.12886910601690271     
 mdl_yb =   2.69955531549349904E-002
 mdl_ye =   2.93504850670934038E-006
 mdl_ym =   6.06883028478528356E-004
 mdl_yt =   0.99366614581500645     
 mdl_ytau =   1.02066167158167895E-002
 mdl_muH =    88.388347648318444     
 mdl_I1x33 =  ( 2.69955531549349904E-002,  0.0000000000000000     )
 mdl_I2x33 =  ( 0.99366614581500645     ,  0.0000000000000000     )
 mdl_I3x33 =  ( 0.99366614581500645     ,  0.0000000000000000     )
 mdl_I4x33 =  ( 2.69955531549349904E-002,  0.0000000000000000     )
 mdl_ee__exp__2 =   9.48355200516540348E-002
 mdl_sw__exp__2 =   0.22224645274001076     
 mdl_cw__exp__2 =   0.77775354725998924     
  Internal Params evaluated point by point
  ----------------------------------------
  
 mdl_sqrt__aS =   0.34351128178744839     
 mdl_G__exp__2 =    1.4828317414825511     
  Couplings of sm-lepton_masses
  ---------------------------------
  
         GC_3 =  -0.00000E+00  -0.30795E+00
        GC_50 =  -0.00000E+00  -0.28804E+00
        GC_59 =   0.00000E+00   0.82310E-01
        GC_89 =  -0.00000E+00  -0.20754E-05

 Collider parameters:
 --------------------

 Running at e e   machine @   7.00000000000000067E-002  GeV
 PDF set = none   
 alpha_s(Mz)= 0.1180 running at 2 loops.
 alpha_s(Mz)= 0.1180 running at 2 loops.
 Renormalization scale fixed @    91.188000000000002     
 Factorization scales  fixed @    91.188000000000002        91.188000000000002     


 getting user params
Enter number of events and max and min iterations: 
 Number of events and iterations         2000           9           3
Enter desired fractional accuracy: 
 Desired fractional accuracy:  -6.26620000000000013E-037
Enter 0 for fixed, 2 for adjustable grid: 
Suppress amplitude (0 no, 1 yes)? 
 Using suppressed amplitude.
Exact helicity sum (0 yes, n = number/event)? 
 Explicitly summing over helicities
Enter Configuration Number: 
Running Configuration Number:   16
 Not subdividing B.W.
 Attempting mappinvarients           1           5
 Completed mapping           5
 about to integrate            5        2000           9           3           5           1
 Keeping grid fixed.
  5 dimensions   2000 events  5 invarients  9 iterations  1 config(s),  (0.99)
 Using h-tuple random number sequence.
 Grid read from file
 Grid defined OK
 Set CM energy to          0.07
 Mapping Graph          16  to config          16
 No modification is setgrid, grid read from file
 No modification is setgrid, grid read from file
 Masses: 0.511E-03 0.511E-03 0.000E+00 0.511E-03 0.511E-03
  16   1   2   3   4   5
 Got moffset           1
Using random seed offsets    16 :      1
  with seed                   30
 Ranmar initialization seeds        8307       12562
  Particle       3       4       5
      Et >     0.0     0.0     0.0
       E >     0.0     0.0     0.0
     Eta <    -1.0    -1.0    -1.0
   xqcut:      0.0     0.0     0.0
d R # 3  >    -0.0     0.0     0.0
d R # 4  >    -0.0    -0.0     0.4
s min # 3>     0.0     0.0     0.0
s min # 4>     0.0     0.0     0.0
xqcutij # 3>     0.0     0.0     0.0
xqcutij # 4>     0.0     0.0     0.0
 alpha_s for scale    91.188000000000002       is   0.11800000071525575     
 Added good helicity            1   4.5020695420041132       in event            1
 Added good helicity            2  6.34480818632851690E-002  in event            1
 Added good helicity            5   3.4344823759318217       in event            1
 Added good helicity           10   3.4344823759388659       in event            1
 Added good helicity           13  6.34480818634165222E-002  in event            1
 Added good helicity           14   4.5020695420133459       in event            1
 Added good helicity           19   4.5020695420133459       in event            1
 Added good helicity           20  6.34480818634165777E-002  in event            1
 Added good helicity           23   3.4344823759388659       in event            1
 Added good helicity           28   3.4344823759318217       in event            1
 Added good helicity           31  6.34480818632851135E-002  in event            1
 Added good helicity           32   4.5020695420041132       in event            1
 Added good helicity            3  1.41063865242325393E-005  in event           65
 Added good helicity            4  1.00899447330588181E-005  in event           65
 Added good helicity            6  1.40538778770123907E-005  in event           65
 Added good helicity            7  8.47194454867569128E-006  in event           65
 Added good helicity            9  1.41985948156295804E-005  in event           65
 Added good helicity           11   2.6203957868293926       in event           65
 Added good helicity           12   1.8560502434426152       in event           65
 Added good helicity           15   1.5819299014942023       in event           65
 Added good helicity           16  1.41578240295091278E-005  in event           65
 Added good helicity           17  1.41578180350697317E-005  in event           65
 Added good helicity           18   1.5819299028136931       in event           65
 Added good helicity           21   1.8560502418148896       in event           65
 Added good helicity           22   2.6203957874106485       in event           65
 Added good helicity           24  1.41985889250793054E-005  in event           65
 Added good helicity           26  8.47194808613850459E-006  in event           65
 Added good helicity           27  1.40538719032938549E-005  in event           65
 Added good helicity           29  1.00899490839870272E-005  in event           65
 Added good helicity           30  1.41063925100996893E-005  in event           65
 Iteration  1   Mean: 0.1201E+34 Abs mean: 0.1201E+34   Fluctuation:  0.115E+34   0.230E+37    98.4%
  1    0.1201E+34 0.1201E+34 +- 0.1149E+34     42.78
 Writing out events  6.78349924031376834E+028   42.784654331523839     
 Relative summed weights:
  0.1000E+01  0.0000E+00
 Relative number of events:
  0.1000E+01  0.0000E+00
 Events:
        2000           0
 Iteration  2   Mean: 0.4867E+34 Abs mean: 0.4867E+34   Fluctuation:  0.307E+34   0.958E+37    98.6%
  2    0.4867E+34 0.4867E+34 +- 0.3066E+34     39.84
 Relative summed weights:
  0.1000E+01  0.0000E+00
 Relative number of events:
  0.1000E+01  0.0000E+00
 Events:
        4000           0
 Iteration  3   Mean: 0.7841E+35 Abs mean: 0.7841E+35   Fluctuation:  0.779E+35   0.623E+39    98.8%
  3    0.7841E+35 0.7841E+35 +- 0.7791E+35     88.87
 Relative summed weights:
  0.1000E+01  0.0000E+00
 Relative number of events:
  0.1000E+01  0.0000E+00
 Events:
        8000           0
 Found           30  events.
 Wrote            1  events.
 Actual xsec   2.01074340410947121E+034
 Correct abs xsec   2.01074340410947121E+034
 Event xsec   2.01074340410947121E+034
 Events wgts > 1:            0
 % Cross section > 1:    0.0000000000000000        0.0000000000000000     
 Checking number of events  1.25997203188307691E-002           1  chi2:    147.96473660983293     
 Found           30  events.
 Wrote            1  events.
 Actual xsec   2.01074340410947121E+034
 Correct abs xsec   2.01074340410947121E+034
 Event xsec   2.01074340410947121E+034
 Events wgts > 1:            0
 % Cross section > 1:    0.0000000000000000        0.0000000000000000     
 Iteration  4   Mean: 0.4312E+34 Abs mean: 0.4312E+34   Fluctuation:  0.252E+34   0.393E+38    98.7%
  4    0.4312E+34 0.4312E+34 +- 0.2519E+34     73.88
 Relative summed weights:
  0.1000E+01  0.0000E+00
 Relative number of events:
  0.1000E+01  0.0000E+00
 Events:
       16000           0
 Found           26  events.
 Wrote            1  events.
 Actual xsec   1.61408237883882956E+034
 Correct abs xsec   1.61408237883882956E+034
 Event xsec   1.61408237883882956E+034
 Events wgts > 1:            1
 % Cross section > 1:   1.58577846792037004E+027  9.82464395070825708E-006
 Checking number of events  1.01141630022798731E-002           1  chi2:    18.105585760444619     
 Found           26  events.
 Wrote            1  events.
 Actual xsec   1.61408237883882956E+034
 Correct abs xsec   1.61408237883882956E+034
 Event xsec   1.61408237883882956E+034
 Events wgts > 1:            1
 % Cross section > 1:   1.58577846792037004E+027  9.82464395070825708E-006
 Iteration  5   Mean: 0.2749E+35 Abs mean: 0.2749E+35   Fluctuation:  0.139E+35   0.345E+39    98.8%
  5    0.2749E+35 0.2749E+35 +- 0.1387E+35     90.29
 Relative summed weights:
  0.1000E+01  0.0000E+00
 Relative number of events:
  0.1000E+01  0.0000E+00
 Events:
       32000           0
 Found          115  events.
 Wrote            2  events.
 Actual xsec   2.54099818667119458E+034
 Correct abs xsec   2.54099818667119458E+034
 Event xsec   2.54099818667119458E+034
 Events wgts > 1:            1
 % Cross section > 1:   3.48324855441155433E+026  1.37081898471354046E-006
 Checking number of events  1.59224028373190392E-002           2  chi2:    35.320240056578761     
 Found          115  events.
 Wrote            1  events.
 Actual xsec   2.54099818667119458E+034
 Correct abs xsec   2.54099818667119458E+034
 Event xsec   2.54099818667119458E+034
 Events wgts > 1:            1
 % Cross section > 1:   6.96649701658938828E+026  2.74163793312885700E-006
 Iteration  6   Mean: 0.5001E+36 Abs mean: 0.5001E+36   Fluctuation:  0.473E+36   0.302E+41    98.8%
  6    0.5001E+36 0.5001E+36 +- 0.4725E+36    239.03
 Relative summed weights:
  0.1000E+01  0.0000E+00
 Relative number of events:
  0.1000E+01  0.0000E+00
 Events:
       64000           0
 Found          119  events.
 Wrote            1  events.
 Actual xsec   8.53410766732693733E+034
 Correct abs xsec   8.53410766732693733E+034
 Event xsec   8.53410766732693733E+034
 Events wgts > 1:            1
 % Cross section > 1:   5.09356234487146268E+027  5.96847677979538961E-006
 Checking number of events  5.34764254650040571E-002           1  chi2:    526.50047309680497     
 Found          119  events.
 Wrote            2  events.
 Actual xsec   8.53410766732693733E+034
 Correct abs xsec   8.53410766732693733E+034
 Event xsec   8.53410766732693549E+034
 Events wgts > 1:            1
 % Cross section > 1:   2.54678125544607967E+027  2.98423848716662124E-006
 Iteration  7   Mean: 0.4667E+36 Abs mean: 0.4667E+36   Fluctuation:  0.432E+36   0.552E+41    98.8%
  7    0.4667E+36 0.4667E+36 +- 0.4316E+36    330.88
 Relative summed weights:
  0.1000E+01  0.0000E+00
 Relative number of events:
  0.1000E+01  0.0000E+00
 Events:
      128000           0
 Found           63  events.
 Wrote            1  events.
 Actual xsec   1.95311394294672241E+035
 Correct abs xsec   1.95311394294672241E+035
 Event xsec   1.95311394294672241E+035
 Events wgts > 1:            0
 % Cross section > 1:    0.0000000000000000        0.0000000000000000     
 Checking number of events  0.12238602589292752                1  chi2:    73.568050886789791     
 Found           63  events.
 Wrote            1  events.
 Actual xsec   1.95311394294672241E+035
 Correct abs xsec   1.95311394294672241E+035
 Event xsec   1.95311394294672241E+035
 Events wgts > 1:            0
 % Cross section > 1:    0.0000000000000000        0.0000000000000000     
 Iteration  8   Mean: 0.3489E+35 Abs mean: 0.3489E+35   Fluctuation:  0.150E+35   0.350E+40    98.8%
  8    0.3489E+35 0.3489E+35 +- 0.1496E+35    216.90
 Relative summed weights:
  0.1000E+01  0.0000E+00
 Relative number of events:
  0.1000E+01  0.0000E+00
 Events:
      256000           0
 Found          101  events.
 Wrote            4  events.
 Actual xsec   1.67597419049915342E+035
 Correct abs xsec   1.67597419049915342E+035
 Event xsec   1.67597419049915342E+035
 Events wgts > 1:            1
 % Cross section > 1:   5.90733643829295148E+026  3.52471802476479436E-007
 Checking number of events  0.10501989472505795                4  chi2:    39.849770898697756     
 Found          101  events.
 Wrote            2  events.
 Actual xsec   1.67597419049915342E+035
 Correct abs xsec   1.67597419049915342E+035
 Event xsec   1.67597419049915342E+035
 Events wgts > 1:            1
 % Cross section > 1:   1.18146726921184622E+027  7.04943593946378869E-007
 Iteration  9   Mean: 0.6917E+36 Abs mean: 0.6917E+36   Fluctuation:  0.620E+36   0.317E+42    98.8%
  9    0.6917E+36 0.6917E+36 +- 0.6200E+36    641.38
 Relative summed weights:
  0.1000E+01  0.0000E+00
 Relative number of events:
  0.1000E+01  0.0000E+00
 Events:
      512000           0
 Found          707  events.
 Wrote            1  events.
 Actual xsec   2.03221313317451490E+035
 Correct abs xsec   2.03221313317451490E+035
 Event xsec   2.03221313317451490E+035
 Events wgts > 1:            0
 % Cross section > 1:    0.0000000000000000        0.0000000000000000     
 Checking number of events  0.12734253935098144                1  chi2:    63.827912118061242     
 Found          707  events.
 Wrote            1  events.
 Actual xsec   2.03221313317451490E+035
 Correct abs xsec   2.03221313317451490E+035
 Event xsec   2.03221313317451490E+035
 Events wgts > 1:            0
 % Cross section > 1:    0.0000000000000000        0.0000000000000000     

 -------------------------------------------------------------------------------
 Accumulated results:   Integral =  0.1159E+36
                        Std dev  =  0.2561E+35
                       Cross sec =  0.1159E+36
             Chi**2 per DoF.     =      8.1169
 -------------------------------------------------------------------------------
-------------------------------------------------
---------------------------
 Results Last   3 iters: Integral =   0.2032E+36
                     Abs integral =   0.2032E+36
                          Std dev =   0.7251E+35
                  Chi**2 per DoF. =     63.8279
-------------------------------------------------
---------------------------
 Status -6.26620000000000013E-037          10           9
 Trying w/ fresh grid
 Starting w/ ncall =         8000
 Keeping grid fixed.
  5 dimensions   8000 events  5 invarients  8 iterations  1 config(s),  (0.99)
 Using h-tuple random number sequence.
 Error opening grid
 Using Uniform Grid!
 Using uniform alpha   1.0000000000000000     
 Grid defined OK
Setting grid   1    0.53290E-04   1
Setting grid   2    0.53290E-04   1
 Iteration  1   Mean: 0.1314E+30 Abs mean: 0.1314E+30   Fluctuation:  0.131E+30   0.105E+34    97.9%
  1    0.1314E+30 0.1314E+30 +- 0.1311E+30     89.20
 Relative summed weights:
  0.1000E+01  0.0000E+00
 Relative number of events:
  0.1000E+01  0.0000E+00
 Events:
        8000           0
 Iteration  2   Mean: 0.6887E+32 Abs mean: 0.6887E+32   Fluctuation:  0.685E+32   0.110E+37    98.1%
  2    0.6887E+32 0.6887E+32 +- 0.6852E+32    125.84
 Relative summed weights:
  0.1000E+01  0.0000E+00
 Relative number of events:
  0.1000E+01  0.0000E+00
 Events:
       16000           0
 Iteration  3   Mean: 0.6240E+33 Abs mean: 0.6240E+33   Fluctuation:  0.432E+33   0.130E+38    99.3%
  3    0.6240E+33 0.6240E+33 +- 0.4319E+33    123.82
 Relative summed weights:
  0.1000E+01  0.0000E+00
 Relative number of events:
  0.1000E+01  0.0000E+00
 Events:
       32000           0
 Found           30  events.
 Wrote            2  events.
 Actual xsec   3.34457142717374532E+032
 Correct abs xsec   3.34457142717374532E+032
 Event xsec   3.34457142717374532E+032
 Events wgts > 1:            1
 % Cross section > 1:   3.83591783050785558E+025  1.14690862911225406E-005
 Checking number of events  2.09577534769561224E-004           2  chi2:    3252783.9999137972     
 Found           30  events.
 Wrote            1  events.
 Actual xsec   3.34457142717374532E+032
 Correct abs xsec   3.34457142717374532E+032
 Event xsec   3.34457142717374532E+032
 Events wgts > 1:            1
 % Cross section > 1:   7.67183478191306390E+025  2.29381699537987586E-005
 Iteration  4   Mean: 0.4529E+35 Abs mean: 0.4529E+35   Fluctuation:  0.326E+35   0.183E+40    99.3%
  4    0.4529E+35 0.4529E+35 +- 0.3259E+35    182.03
 Relative summed weights:
  0.1000E+01  0.0000E+00
 Relative number of events:
  0.1000E+01  0.0000E+00
 Events:
       64000           0
 Found           63  events.
 Wrote            1  events.
 Actual xsec   1.76666349591551089E+034
 Correct abs xsec   1.76666349591551089E+034
 Event xsec   1.76666349591551089E+034
 Events wgts > 1:            1
 % Cross section > 1:   3.27975650228421021E+026  1.85646927661489538E-006
 Checking number of events  1.10702667981057747E-002           1  chi2:    33760.678227441793     
 Found           63  events.
 Wrote            2  events.
 Actual xsec   1.76666349591551089E+034
 Correct abs xsec   1.76666349591551089E+034
 Event xsec   1.76666349591551089E+034
 Events wgts > 1:            1
 % Cross section > 1:   1.63987827420053520E+026  9.28234651359412575E-007
 Iteration  5   Mean: 0.6620E+35 Abs mean: 0.6620E+35   Fluctuation:  0.652E+35   0.835E+40    98.9%
  5    0.6620E+35 0.6620E+35 +- 0.6525E+35    352.60
 Relative summed weights:
  0.1000E+01  0.0000E+00
 Relative number of events:
  0.1000E+01  0.0000E+00
 Events:
      128000           0
 Found           36  events.
 Wrote            1  events.
 Actual xsec   3.10860600228481880E+034
 Correct abs xsec   3.10860600228481880E+034
 Event xsec   3.10860600228481880E+034
 Events wgts > 1:            1
 % Cross section > 1:   5.31599655605473192E+027  1.71009016650790930E-005
 Checking number of events  1.94791469315171335E-002           1  chi2:    2487.1447221172562     
 Found           36  events.
 Wrote            1  events.
 Actual xsec   3.10860600228481880E+034
 Correct abs xsec   3.10860600228481880E+034
 Event xsec   3.10860600228481880E+034
 Events wgts > 1:            1
 % Cross section > 1:   5.31599655605473192E+027  1.71009016650790930E-005
 Fixing grid
 Iteration  6   Mean: 0.1651E+34 Abs mean: 0.1651E+34   Fluctuation:  0.598E+33   0.125E+39    99.3%
  6    0.1651E+34 0.1651E+34 +- 0.5985E+33    183.42
 Relative summed weights:
  0.1000E+01  0.0000E+00
 Relative number of events:
  0.1000E+01  0.0000E+00
 Events:
      256000           0
 Found           75  events.
 Wrote            4  events.
 Actual xsec   1.59124278891934863E+034
 Correct abs xsec   1.59124278891934863E+034
 Event xsec   1.59124278891934863E+034
 Events wgts > 1:            0
 % Cross section > 1:    0.0000000000000000        0.0000000000000000     
 Checking number of events  9.97104556392642248E-003           4  chi2:    284.63690833121404     
 Found           75  events.
 Wrote            2  events.
 Actual xsec   1.59124278891934863E+034
 Correct abs xsec   1.59124278891934863E+034
 Event xsec   1.59124278891934863E+034
 Events wgts > 1:            0
 % Cross section > 1:    0.0000000000000000        0.0000000000000000     
 Iteration  7   Mean: 0.6476E+35 Abs mean: 0.6476E+35   Fluctuation:  0.526E+35   0.268E+41    99.3%
  7    0.6476E+35 0.6476E+35 +- 0.5260E+35    581.14
 Relative summed weights:
  0.1000E+01  0.0000E+00
 Relative number of events:
  0.1000E+01  0.0000E+00
 Events:
      512000           0
 Found          648  events.
 Wrote            1  events.
 Actual xsec   1.76180222334495121E+034
 Correct abs xsec   1.76180222334495121E+034
 Event xsec   1.76180222334495144E+034
 Events wgts > 1:            1
 % Cross section > 1:   1.23243259551563462E+027  6.99529481337435500E-006
 Checking number of events  1.10398050919241330E-002           1  chi2:    356.58674415428936     
 Found          648  events.
 Wrote            2  events.
 Actual xsec   1.76180222334495121E+034
 Correct abs xsec   1.76180222334495121E+034
 Event xsec   1.76180222334495144E+034
 Events wgts > 1:            1
 % Cross section > 1:   6.16216319663325895E+026  3.49764753102297569E-006
 Iteration  8   Mean: 0.8664E+34 Abs mean: 0.8664E+34   Fluctuation:  0.327E+34   0.239E+40    99.3%
  8    0.8664E+34 0.8664E+34 +- 0.3269E+34    381.82
 Relative summed weights:
  0.1000E+01  0.0000E+00
 Relative number of events:
  0.1000E+01  0.0000E+00
 Events:
     1024000           0
 Found          301  events.
 Wrote            4  events.
 Actual xsec   1.04238321661839645E+035
 Correct abs xsec   1.04238321661839645E+035
 Event xsec   1.04238321661839645E+035
 Events wgts > 1:            0
 % Cross section > 1:    0.0000000000000000        0.0000000000000000     
 Checking number of events  6.65861498809780863E-003           4  chi2:    113.16727876499250     
 Found          301  events.
 Wrote            4  events.
 Actual xsec   1.04238321661839645E+035
 Correct abs xsec   1.04238321661839645E+035
 Event xsec   1.04238321661839645E+035
 Events wgts > 1:            0
 % Cross section > 1:    0.0000000000000000        0.0000000000000000     

 -------------------------------------------------------------------------------
 Accumulated results:   Integral =  0.1416E+35
                        Std dev  =  0.2938E+34
                       Cross sec =  0.1416E+35
             Chi**2 per DoF.     =      7.6487
 -------------------------------------------------------------------------------
-------------------------------------------------
---------------------------
 Results Last   3 iters: Integral =   0.1063E+35
                     Abs integral =   0.1063E+35
                         Std dev =   0.2644E+34
                 Chi**2 per DoF. =    113.1673
-------------------------------------------------
---------------------------

ls status:
events.lhe
ftn25
ftn26
input_sg.txt
log.txt
moffset.dat
results.dat
run1_app.log
