 Process in group number            1
 No PDF is used, alpha_s(MZ) from param_card is used
 Value of alpha_s from param_card:   0.11800000071525575     
 The default order of alpha_s running is fixed to            2
 Warning: pt or E min of a gamma should in general be >0
 Warning: pt or E min of a gamma should in general be >0
 *****************************************************
 *               MadGraph/MadEvent                   *
 *        --------------------------------           *
 *          http://madgraph.hep.uiuc.edu             *
 *          http://madgraph.phys.ucl.ac.be           *
 *          http://madgraph.roma2.infn.it            *
 *        --------------------------------           *
 *                                                   *
 *          PARAMETER AND COUPLING VALUES            *
 *                                                   *
 *****************************************************

  External Params
  ---------------------------------
  
 mdl_MB =    4.6999998092651367     
 mdl_MT =    173.00000000000000     
 mdl_Me =   5.10999991092830896E-004
 mdl_MM =   0.10565999895334244     
 mdl_MTA =    1.7769999504089355     
 mdl_MZ =    91.188003540039063     
 mdl_MH =    125.00000000000000     
 aEWM1 =    132.50700378417969     
 mdl_Gf =   1.16639000000000003E-005
 aS =   0.11800000071525575     
 mdl_ymb =    4.6999998092651367     
 mdl_ymt =    173.00000000000000     
 mdl_yme =   5.10999991092830896E-004
 mdl_ymm =   0.10565999895334244     
 mdl_ymtau =    1.7769999504089355     
 mdl_WT =    1.4915000200271606     
 mdl_WTau =   2.26999999999999982E-012
 mdl_WZ =    2.4414041042327881     
 mdl_WW =    2.0476000308990479     
 mdl_WH =   6.38233916833996773E-003
  Internal Params
  ---------------------------------
  
 mdl_conjg__CKM3x3 =    1.0000000000000000     
 mdl_CKM3x3 =    1.0000000000000000     
 mdl_conjg__CKM1x1 =    1.0000000000000000     
 mdl_complexi =  (  0.0000000000000000     ,  1.0000000000000000     )
 mdl_MZ__exp__2 =    8315.2519896181766     
 mdl_MZ__exp__4 =    69143415.650849044     
 mdl_sqrt__2 =    1.4142135623730951     
 mdl_MH__exp__2 =    15625.000000000000     
 mdl_aEW =   7.54677089845565054E-003
 mdl_MW =    80.419007276179556     
 mdl_sqrt__aEW =   8.68721526063194194E-002
 mdl_ee =   0.30795376284704501     
 mdl_MW__exp__2 =    6467.2167312862202     
 mdl_sw2 =   0.22224645274001076     
 mdl_cw =   0.88190336616887299     
 mdl_sqrt__sw2 =   0.47143022043565552     
 mdl_sw =   0.47143022043565552     
 mdl_g1 =   0.34919218438279087     
 mdl_gw =   0.65323296958447097     
 mdl_vev =    246.21845810181631     
 mdl_vev__exp__2 =    60623.529110035874     
 mdl_lam =   0.12886910601690271     
 mdl_yb =   2.69955531549349904E-002
 mdl_ye =   2.93504850670934038E-006
 mdl_ym =   6.06883028478528356E-004
 mdl_yt =   0.99366614581500645     
 mdl_ytau =   1.02066167158167895E-002
 mdl_muH =    88.388347648318444     
 mdl_I1x33 =  ( 2.69955531549349904E-002,  0.0000000000000000     )
 mdl_I2x33 =  ( 0.99366614581500645     ,  0.0000000000000000     )
 mdl_I3x33 =  ( 0.99366614581500645     ,  0.0000000000000000     )
 mdl_I4x33 =  ( 2.69955531549349904E-002,  0.0000000000000000     )
 mdl_ee__exp__2 =   9.48355200516540348E-002
 mdl_sw__exp__2 =   0.22224645274001076     
 mdl_cw__exp__2 =   0.77775354725998924     
  Internal Params evaluated point by point
  ----------------------------------------
  
 mdl_sqrt__aS =   0.34351128178744839     
 mdl_G__exp__2 =    1.4828317414825511     
  Couplings of sm-lepton_masses
  ---------------------------------
  
         GC_3 =  -0.00000E+00  -0.30795E+00

 Collider parameters:
 --------------------

 Running at e e   machine @   7.00000000000000067E-002  GeV
 PDF set = none   
 alpha_s(Mz)= 0.1180 running at 2 loops.
 alpha_s(Mz)= 0.1180 running at 2 loops.
 Renormalization scale fixed @    91.188000000000002     
 Factorization scales  fixed @    91.188000000000002        91.188000000000002     


 getting user params
Enter number of events and max and min iterations: 
 Number of events and iterations         2000           9           3
Enter desired fractional accuracy: 
 Desired fractional accuracy:  -1.69639999999999989E-005
Enter 0 for fixed, 2 for adjustable grid: 
Suppress amplitude (0 no, 1 yes)? 
 Using suppressed amplitude.
Exact helicity sum (0 yes, n = number/event)? 
 Explicitly summing over helicities
Enter Configuration Number: 
Running Configuration Number:    1
 Not subdividing B.W.
 Attempting mappinvarients           1           4
 Completed mapping           4
 about to integrate            2        2000           9           3           2           1
 Using non-zero grid deformation.
  2 dimensions   2000 events  2 invarients  9 iterations  1 config(s),  (0.99)
 Using h-tuple random number sequence.
 Error opening grid
 Using Uniform Grid!
 Using uniform alpha   1.0000000000000000     
 Grid defined OK
 Set CM energy to          0.07
 Mapping Graph           1  to config           1
 Warning: No cutoff for shat integral found
          Minimum set to    204.08163265306121     
Setting grid   1    0.20408E+03   1
 Masses: 0.511E-03 0.511E-03 0.000E+00 0.000E+00
   1   1   2
 Got moffset          24
Using random seed offsets     1 :      1
  with seed                  267
 Ranmar initialization seeds       26466       25257
  Particle       3       4
      Et >     0.0     0.0
       E >     0.0     0.0
     Eta <    -1.0    -1.0
   xqcut:      0.0     0.0
d R # 3  >    -0.0     0.0
s min # 3>     0.0     0.0
xqcutij # 3>     0.0     0.0
 alpha_s for scale    91.188000000000002       is   0.11800000071525575     
 Added good helicity            1  1.55279316295665257E-002  in event            1
 Added good helicity            2  5.25827581992697787E-005  in event            1
 Added good helicity            3  5.25827581992697787E-005  in event            1
 Added good helicity            6  7.62869047027552039E-003  in event            1
 Added good helicity            7   7.9767382123396535       in event            1
 Added good helicity           10   7.9767382123396535       in event            1
 Added good helicity           11  7.62869047027552039E-003  in event            1
 Added good helicity           14  5.25827581992697787E-005  in event            1
 Added good helicity           15  5.25827581992697787E-005  in event            1
 Added good helicity           16  1.55279316295665257E-002  in event            1
 Iteration  1   Mean: 0.4007E+09 Abs mean: 0.4007E+09   Fluctuation:  0.122E+09   0.183E+12   100.0%
  1    0.4007E+09 0.4007E+09 +- 0.1222E+09     13.64
 Writing out events   22262.971478798547        13.639827430206402     
 Relative summed weights:
  0.6972E+00  0.0000E+00
  0.3028E+00  0.0000E+00
 Relative number of events:
  0.4990E+00  0.0000E+00
  0.5010E+00  0.0000E+00
 Events:
         998           0
        1002           0
 Iteration  2   Mean: 0.9622E+08 Abs mean: 0.9622E+08   Fluctuation:  0.446E+07   0.356E+10   100.0%
  2    0.9622E+08 0.9622E+08 +- 0.4459E+07      2.93
 Relative summed weights:
  0.4791E+00  0.0000E+00
  0.5209E+00  0.0000E+00
 Relative number of events:
  0.5050E+00  0.0000E+00
  0.4950E+00  0.0000E+00
 Events:
        2020           0
        1980           0
 Iteration  3   Mean: 0.2961E+09 Abs mean: 0.2961E+09   Fluctuation:  0.133E+09   0.106E+13   100.0%
  3    0.2961E+09 0.2961E+09 +- 0.1334E+09     40.28
 Relative summed weights:
  0.7146E+00  0.0000E+00
  0.2854E+00  0.0000E+00
 Relative number of events:
  0.4984E+00  0.0000E+00
  0.5016E+00  0.0000E+00
 Events:
        3987           0
        4013           0
 Found          776  events.
 Wrote            2  events.
 Actual xsec    105066868.99007282     
 Correct abs xsec    105066868.99007282     
 Event xsec    105066868.99007282     
 Events wgts > 1:            0
 % Cross section > 1:    0.0000000000000000        0.0000000000000000     
 Checking number of events   1782.3543655475951                2  chi2:    5.9214779827348103     
 Found          776  events.
 Wrote            1  events.
 Actual xsec    105066868.99007282     
 Correct abs xsec    105066868.99007282     
 Event xsec    105066868.99007282     
 Events wgts > 1:            0
 % Cross section > 1:    0.0000000000000000        0.0000000000000000     
 Iteration  4   Mean: 0.2718E+09 Abs mean: 0.2718E+09   Fluctuation:  0.222E+08   0.182E+12   100.0%
  4    0.2718E+09 0.2718E+09 +- 0.2223E+08     10.34
 Relative summed weights:
  0.5147E+00  0.0000E+00
  0.4853E+00  0.0000E+00
 Relative number of events:
  0.5049E+00  0.0000E+00
  0.4951E+00  0.0000E+00
 Events:
        8079           0
        7921           0
 Found          917  events.
 Wrote           23  events.
 Actual xsec    140147959.03592181     
 Correct abs xsec    140147959.03592181     
 Event xsec    140147959.03592190     
 Events wgts > 1:            1
 % Cross section > 1:    657617.28368824720       0.46923072459420589     
 Checking number of events   2377.4699770853776               23  chi2:    66.749810509673893     
 Found          917  events.
 Wrote           28  events.
 Actual xsec    140147959.03592181     
 Correct abs xsec    140147959.03592181     
 Event xsec    140147959.03592193     
 Events wgts > 1:            1
 % Cross section > 1:    540638.63348987419       0.38576275902191393     
 Iteration  5   Mean: 0.2832E+09 Abs mean: 0.2832E+09   Fluctuation:  0.106E+08   0.743E+11   100.0%
  5    0.2832E+09 0.2832E+09 +- 0.1063E+08      6.71
 Relative summed weights:
  0.4736E+00  0.0000E+00
  0.5264E+00  0.0000E+00
 Relative number of events:
  0.4972E+00  0.0000E+00
  0.5028E+00  0.0000E+00
 Events:
       15909           0
       16091           0
 Found         2401  events.
 Wrote          154  events.
 Actual xsec    281321853.29534388     
 Correct abs xsec    281321853.29534388     
 Event xsec    281321853.29534447     
 Events wgts > 1:           11
 % Cross section > 1:    2354167.8583376901       0.83682367038374994     
 Checking number of events   4772.3439193022132              154  chi2:   0.11410196637992037     
 Found         2401  events.
 Wrote          134  events.
 Actual xsec    281321853.29534388     
 Correct abs xsec    281321853.29534388     
 Event xsec    281321853.29534435     
 Events wgts > 1:           11
 % Cross section > 1:    2702161.2215651078       0.96052304146036516     
 Iteration  6   Mean: 0.2759E+09 Abs mean: 0.2759E+09   Fluctuation:  0.210E+07   0.104E+11   100.0%
  6    0.2759E+09 0.2759E+09 +- 0.2104E+07      1.93
 Relative summed weights:
  0.5017E+00  0.0000E+00
  0.4983E+00  0.0000E+00
 Relative number of events:
  0.4996E+00  0.0000E+00
  0.5004E+00  0.0000E+00
 Events:
       31975           0
       32025           0
 Found         5790  events.
 Wrote         3106  events.
 Actual xsec    276181245.76012099     
 Correct abs xsec    276181245.76012099     
 Event xsec    276181245.76011807     
 Events wgts > 1:          186
 % Cross section > 1:    2719365.5817006049       0.98463078990618946     
 Checking number of events   4685.1386530746922             3106  chi2:   0.24630613859657458     
 Found         5790  events.
 Wrote         3063  events.
 Actual xsec    276181245.76012099     
 Correct abs xsec    276181245.76012099     
 Event xsec    276181245.76013279     
 Events wgts > 1:          186
 % Cross section > 1:    2757160.3458130099       0.99831555840241282     
 Iteration  7   Mean: 0.2807E+09 Abs mean: 0.2807E+09   Fluctuation:  0.852E+06   0.359E+10   100.0%
  7    0.2807E+09 0.2807E+09 +- 0.8524E+06      1.09
 Relative summed weights:
  0.4974E+00  0.0000E+00
  0.5026E+00  0.0000E+00
 Relative number of events:
  0.4986E+00  0.0000E+00
  0.5014E+00  0.0000E+00
 Events:
       63820           0
       64180           0
 Found        12978  events.
 Wrote        12973  events.
 Actual xsec    280059469.60855442     
 Correct abs xsec    280059469.60855442     
 Event xsec    280059469.60863835     
 Events wgts > 1:           97
 % Cross section > 1:    161668.13300634580       5.77263583453416634E-002
 Checking number of events   4750.9288424395172            12973  chi2:    2.2489776805710746     

 -------------------------------------------------------------------------------
 Accumulated results:   Integral =  0.2794E+09
                        Std dev  =  0.7840E+06
                       Cross sec =  0.3457E+02
             Chi**2 per DoF.     =
-------------------------------------------------
---------------------------
 Results Last   3 iters: Integral =   0.2801E+09
                     Abs integral =   0.2801E+09
                          Std dev =   0.7879E+06
                  Chi**2 per DoF. =      2.2490
-------------------------------------------------
---------------------------
 Status -1.69639999999999989E-005           8           9
 We found enough events       12973   4750.9288424395172     

ls status:
events.lhe
ftn25
ftn26
input_sg.txt
moffset.dat
results.dat
run_01_ftn26.gz
run_01_log.txt
run_01_results.dat
run_12_ftn26.gz
run_12_log.txt
run_12_results.dat
run_13_ftn26.gz
run_13_log.txt
run_13_results.dat
run_14_ftn26.gz
run_14_log.txt
run_14_results.dat
run_15_ftn26.gz
run_15_log.txt
run_15_results.dat
run1_app.log
run_20_ftn26.gz
run_20_log.txt
run_20_results.dat
run_21_ftn26.gz
run_21_log.txt
run_21_results.dat
run_25_ftn26.gz
run_25_log.txt
run_25_results.dat
