 Process in group number            0
 No PDF is used, alpha_s(MZ) from param_card is used
 Value of alpha_s from param_card:   0.11800000071525575     
 The default order of alpha_s running is fixed to            2
 Warning: pt or E min of a gamma should in general be >0
 Warning: pt or E min of a gamma should in general be >0
 Warning: pt or E min of a gamma should in general be >0
 *****************************************************
 *               MadGraph/MadEvent                   *
 *        --------------------------------           *
 *          http://madgraph.hep.uiuc.edu             *
 *          http://madgraph.phys.ucl.ac.be           *
 *          http://madgraph.roma2.infn.it            *
 *        --------------------------------           *
 *                                                   *
 *          PARAMETER AND COUPLING VALUES            *
 *                                                   *
 *****************************************************

  External Params
  ---------------------------------
  
 aEWM1 =    132.50700378417969     
 mdl_Gf =   1.16639000000000003E-005
 aS =   0.11800000071525575     
 mdl_ymb =    4.6999998092651367     
 mdl_ymt =    173.00000000000000     
 mdl_yme =   5.10999991092830896E-004
 mdl_ymm =   0.10565999895334244     
 mdl_ymtau =    1.7769999504089355     
 mdl_MZ =    91.188003540039063     
 mdl_MT =    173.00000000000000     
 mdl_MB =    4.6999998092651367     
 mdl_MH =    125.00000000000000     
 mdl_Me =   5.10999991092830896E-004
 mdl_MM =   0.10565999895334244     
 mdl_MTA =    1.7769999504089355     
 mdl_WZ =    2.4414041042327881     
 mdl_WW =    2.0476000308990479     
 mdl_WT =    1.4915000200271606     
 mdl_WH =   6.38233916833996773E-003
 mdl_WTau =   2.26999999999999982E-012
  Internal Params
  ---------------------------------
  
 mdl_conjg__CKM3x3 =    1.0000000000000000     
 mdl_CKM3x3 =    1.0000000000000000     
 mdl_conjg__CKM1x1 =    1.0000000000000000     
 mdl_complexi =  (  0.0000000000000000     ,  1.0000000000000000     )
 mdl_MZ__exp__2 =    8315.2519896181766     
 mdl_MZ__exp__4 =    69143415.650849044     
 mdl_sqrt__2 =    1.4142135623730951     
 mdl_MH__exp__2 =    15625.000000000000     
 mdl_aEW =   7.54677089845565054E-003
 mdl_MW =    80.419007276179556     
 mdl_sqrt__aEW =   8.68721526063194194E-002
 mdl_ee =   0.30795376284704501     
 mdl_MW__exp__2 =    6467.2167312862202     
 mdl_sw2 =   0.22224645274001076     
 mdl_cw =   0.88190336616887299     
 mdl_sqrt__sw2 =   0.47143022043565552     
 mdl_sw =   0.47143022043565552     
 mdl_g1 =   0.34919218438279087     
 mdl_gw =   0.65323296958447097     
 mdl_vev =    246.21845810181631     
 mdl_vev__exp__2 =    60623.529110035874     
 mdl_lam =   0.12886910601690271     
 mdl_yb =   2.69955531549349904E-002
 mdl_ye =   2.93504850670934038E-006
 mdl_ym =   6.06883028478528356E-004
 mdl_yt =   0.99366614581500645     
 mdl_ytau =   1.02066167158167895E-002
 mdl_muH =    88.388347648318444     
 mdl_I1x33 =  ( 2.69955531549349904E-002,  0.0000000000000000     )
 mdl_I2x33 =  ( 0.99366614581500645     ,  0.0000000000000000     )
 mdl_I3x33 =  ( 0.99366614581500645     ,  0.0000000000000000     )
 mdl_I4x33 =  ( 2.69955531549349904E-002,  0.0000000000000000     )
 mdl_ee__exp__2 =   9.48355200516540348E-002
 mdl_sw__exp__2 =   0.22224645274001076     
 mdl_cw__exp__2 =   0.77775354725998924     
  Internal Params evaluated point by point
  ----------------------------------------
  
 mdl_sqrt__aS =   0.34351128178744839     
 mdl_G__exp__2 =    1.4828317414825511     
  Couplings of sm-lepton_masses
  ---------------------------------
  
         GC_3 =  -0.00000E+00  -0.30795E+00

 Collider parameters:
 --------------------

 Running at e e   machine @   7.00000000000000067E-002  GeV
 PDF set = none   
 alpha_s(Mz)= 0.1180 running at 2 loops.
 alpha_s(Mz)= 0.1180 running at 2 loops.
 Renormalization scale fixed @    91.188000000000002     
 Factorization scales  fixed @    91.188000000000002        91.188000000000002     


 getting user params
Enter number of events and max and min iterations: 
 Number of events and iterations         1000           9           3
Enter desired fractional accuracy: 
 Desired fractional accuracy:  -4.19009999999999974E-005
Enter 0 for fixed, 2 for adjustable grid: 
Suppress amplitude (0 no, 1 yes)? 
 Using suppressed amplitude.
Exact helicity sum (0 yes, n = number/event)? 
 Explicitly summing over helicities
Enter Configuration Number: 
Running Configuration Number:    1
 Not subdividing B.W.
 Attempting mappinvarients           1           5
 Completed mapping           5
 about to integrate            5        1000           9           3           5           1
 Keeping grid fixed.
  5 dimensions   1000 events  5 invarients  9 iterations  1 config(s),  (0.99)
 Using h-tuple random number sequence.
 Grid read from file
 Grid defined OK
 Set CM energy to          0.07
 Mapping Graph           1  to config           1
 Warning: No cutoff for shat integral found
          Minimum set to    204.08163265306121     
 No modification is setgrid, grid read from file
 Warning: No cutoff for shat integral found
          Minimum set to    204.08163265306121     
 No modification is setgrid, grid read from file
 Masses: 0.511E-03 0.511E-03 0.000E+00 0.000E+00 0.000E+00
   1   1   2   3   4   5
 Got moffset           6
Using random seed offsets     1 :      1
  with seed                   30
 Ranmar initialization seeds        8292       28347
  Particle       3       4       5
      Et >     0.0     0.0     0.0
       E >     0.0     0.0     0.0
     Eta <    -1.0    -1.0    -1.0
   xqcut:      0.0     0.0     0.0
d R # 3  >    -0.0     0.0     0.0
d R # 4  >    -0.0    -0.0     0.0
s min # 3>     0.0     0.0     0.0
s min # 4>     0.0     0.0     0.0
xqcutij # 3>     0.0     0.0     0.0
xqcutij # 4>     0.0     0.0     0.0
 alpha_s for scale    91.188000000000002       is   0.11800000071525575     
 Added good helicity            1  0.11405978943415250       in event            1
 Added good helicity            2  6.34063660703248565E-006  in event            1
 Added good helicity            3  1.10409674952229113E-005  in event            1
 Added good helicity            5  0.11353774366984117       in event            1
 Added good helicity            6  6.29933489131096911E-006  in event            1
 Added good helicity            7  6.33427930273634030E-006  in event            1
 Added good helicity           10   7.9151288287704400       in event            1
 Added good helicity           11  1.11159803860942449E-004  in event            1
 Added good helicity           14   7.8570208869214246       in event            1
 Added good helicity           15  1.11564258676434539E-004  in event            1
 Added good helicity           18  1.11564258676434539E-004  in event            1
 Added good helicity           19   7.8570208869214246       in event            1
 Added good helicity           22  1.11159803860942449E-004  in event            1
 Added good helicity           23   7.9151288287704400       in event            1
 Added good helicity           26  6.33427930273633776E-006  in event            1
 Added good helicity           27  6.29933489131096911E-006  in event            1
 Added good helicity           28  0.11353774366984121       in event            1
 Added good helicity           30  1.10409674952229045E-005  in event            1
 Added good helicity           31  6.34063660703248396E-006  in event            1
 Added good helicity           32  0.11405978943415250       in event            1
 Added good helicity            4  4.27730164190221938E-004  in event            2
 Added good helicity           12  0.54006437307032795       in event            2
 Added good helicity           13   7.4556047827813474       in event            2
 Added good helicity           20   7.4556047827813492       in event            2
 Added good helicity           21  0.54006437307032795       in event            2
 Added good helicity           29  4.27730164190221938E-004  in event            2
 Iteration  1   Mean: 0.1101E+09 Abs mean: 0.1101E+09   Fluctuation:  0.616E+07   0.317E+10    99.2%
  1    0.1101E+09 0.1101E+09 +- 0.6158E+07      1.77
 Writing out events   12334.767076357701        1.7680560281681565     
 Relative summed weights:
  0.1819E+00  0.0000E+00
  0.1553E+00  0.0000E+00
  0.1645E+00  0.0000E+00
  0.1307E+00  0.0000E+00
  0.2067E+00  0.0000E+00
  0.1609E+00  0.0000E+00
 Relative number of events:
  0.1750E+00  0.0000E+00
  0.1710E+00  0.0000E+00
  0.1690E+00  0.0000E+00
  0.1470E+00  0.0000E+00
  0.1690E+00  0.0000E+00
  0.1690E+00  0.0000E+00
 Events:
         175           0
         171           0
         169           0
         147           0
         169           0
         169           0
 Iteration  2   Mean: 0.1056E+09 Abs mean: 0.1056E+09   Fluctuation:  0.460E+07   0.574E+10    99.2%
  2    0.1056E+09 0.1056E+09 +- 0.4604E+07      1.95
 Relative summed weights:
  0.1508E+00  0.0000E+00
  0.1616E+00  0.0000E+00
  0.1655E+00  0.0000E+00
  0.1822E+00  0.0000E+00
  0.1708E+00  0.0000E+00
  0.1690E+00  0.0000E+00
 Relative number of events:
  0.1580E+00  0.0000E+00
  0.1790E+00  0.0000E+00
  0.1605E+00  0.0000E+00
  0.1775E+00  0.0000E+00
  0.1655E+00  0.0000E+00
  0.1595E+00  0.0000E+00
 Events:
         316           0
         358           0
         321           0
         355           0
         331           0
         319           0
 Iteration  3   Mean: 0.1139E+09 Abs mean: 0.1139E+09   Fluctuation:  0.413E+07   0.754E+10    99.2%
  3    0.1139E+09 0.1139E+09 +- 0.4132E+07      2.29
 Relative summed weights:
  0.1740E+00  0.0000E+00
  0.1812E+00  0.0000E+00
  0.1508E+00  0.0000E+00
  0.1718E+00  0.0000E+00
  0.1588E+00  0.0000E+00
  0.1634E+00  0.0000E+00
 Relative number of events:
  0.1695E+00  0.0000E+00
  0.1673E+00  0.0000E+00
  0.1680E+00  0.0000E+00
  0.1675E+00  0.0000E+00
  0.1660E+00  0.0000E+00
  0.1618E+00  0.0000E+00
 Events:
         678           0
         669           0
         672           0
         670           0
         664           0
         647           0
 Found          374  events.
 Wrote           72  events.
 Actual xsec    110441422.97616263     
 Correct abs xsec    110441422.97616263     
 Event xsec    110441422.97616252     
 Events wgts > 1:            2
 % Cross section > 1:    752760.00062972121       0.68159208777325841     
 Checking number of events   4627.6060641241902               72  chi2:   0.90095708566562960     
 Found          374  events.
 Wrote           65  events.
 Actual xsec    110441422.97616263     
 Correct abs xsec    110441422.97616263     
 Event xsec    110441422.97616251     
 Events wgts > 1:            2
 % Cross section > 1:    833214.86398815829       0.75444053647153564     
 Iteration  4   Mean: 0.1269E+09 Abs mean: 0.1269E+09   Fluctuation:  0.874E+07   0.593E+11    99.3%
  4    0.1269E+09 0.1269E+09 +- 0.8743E+07      6.16
 Relative summed weights:
  0.1518E+00  0.0000E+00
  0.1507E+00  0.0000E+00
  0.1524E+00  0.0000E+00
  0.2447E+00  0.0000E+00
  0.1504E+00  0.0000E+00
  0.1501E+00  0.0000E+00
 Relative number of events:
  0.1655E+00  0.0000E+00
  0.1719E+00  0.0000E+00
  0.1718E+00  0.0000E+00
  0.1618E+00  0.0000E+00
  0.1616E+00  0.0000E+00
  0.1675E+00  0.0000E+00
 Events:
        1324           0
        1375           0
        1374           0
        1294           0
        1293           0
        1340           0
 Found          771  events.
 Wrote           22  events.
 Actual xsec    112827988.73047724     
 Correct abs xsec    112827988.73047724     
 Event xsec    112827988.73047721     
 Events wgts > 1:            1
 % Cross section > 1:   0.16393341030925512       1.45294985892958018E-007
 Checking number of events   4727.6055557957270               22  chi2:    2.5583663187656471     
 Found          771  events.
 Wrote           19  events.
 Actual xsec    112827988.73047724     
 Correct abs xsec    112827988.73047724     
 Event xsec    112827988.73047729     
 Events wgts > 1:            1
 % Cross section > 1:   0.18981763347983360       1.68236299889443779E-007
 Iteration  5   Mean: 0.1149E+09 Abs mean: 0.1149E+09   Fluctuation:  0.287E+07   0.177E+11    99.3%
  5    0.1149E+09 0.1149E+09 +- 0.2872E+07      3.16
 Relative summed weights:
  0.1704E+00  0.0000E+00
  0.1706E+00  0.0000E+00
  0.1690E+00  0.0000E+00
  0.1689E+00  0.0000E+00
  0.1650E+00  0.0000E+00
  0.1561E+00  0.0000E+00
 Relative number of events:
  0.1668E+00  0.0000E+00
  0.1695E+00  0.0000E+00
  0.1648E+00  0.0000E+00
  0.1622E+00  0.0000E+00
  0.1697E+00  0.0000E+00
  0.1671E+00  0.0000E+00
 Events:
        2668           0
        2712           0
        2636           0
        2595           0
        2715           0
        2674           0
 Found         1332  events.
 Wrote          115  events.
 Actual xsec    115589361.09768297     
 Correct abs xsec    115589361.09768297     
 Event xsec    115589361.09768306     
 Events wgts > 1:            3
 % Cross section > 1:    456450.35152557516       0.39488958775352595     
 Checking number of events   4843.3098193540136              115  chi2:   0.95232944172403633     
 Found         1332  events.
 Wrote          133  events.
 Actual xsec    115589361.09768297     
 Correct abs xsec    115589361.09768297     
 Event xsec    115589361.09768352     
 Events wgts > 1:            3
 % Cross section > 1:    394886.15776849911       0.34162846305101069     
 Iteration  6   Mean: 0.1238E+09 Abs mean: 0.1238E+09   Fluctuation:  0.415E+07   0.961E+11    99.3%
  6    0.1238E+09 0.1238E+09 +- 0.4149E+07      6.00
 Relative summed weights:
  0.1558E+00  0.0000E+00
  0.1667E+00  0.0000E+00
  0.1841E+00  0.0000E+00
  0.1954E+00  0.0000E+00
  0.1424E+00  0.0000E+00
  0.1557E+00  0.0000E+00
 Relative number of events:
  0.1653E+00  0.0000E+00
  0.1683E+00  0.0000E+00
  0.1688E+00  0.0000E+00
  0.1657E+00  0.0000E+00
  0.1653E+00  0.0000E+00
  0.1666E+00  0.0000E+00
 Events:
        5290           0
        5387           0
        5402           0
        5301           0
        5288           0
        5332           0
 Found         2965  events.
 Wrote           38  events.
 Actual xsec    118752924.58778128     
 Correct abs xsec    118752924.58778128     
 Event xsec    118752924.58778131     
 Events wgts > 1:            1
 % Cross section > 1:   7.74862500838935375E-002  6.52499720346813501E-008
 Checking number of events   4975.8662931526233               38  chi2:    2.0662602064363207     
 Found         2965  events.
 Wrote           44  events.
 Actual xsec    118752924.58778128     
 Correct abs xsec    118752924.58778128     
 Event xsec    118752924.58778127     
 Events wgts > 1:            1
 % Cross section > 1:   6.69199437834322453E-002  5.63522490210045549E-008
 Iteration  7   Mean: 0.1194E+09 Abs mean: 0.1194E+09   Fluctuation:  0.157E+07   0.321E+11    99.3%
  7    0.1194E+09 0.1194E+09 +- 0.1565E+07      3.32
 Relative summed weights:
  0.1743E+00  0.0000E+00
  0.1581E+00  0.0000E+00
  0.1665E+00  0.0000E+00
  0.1620E+00  0.0000E+00
  0.1708E+00  0.0000E+00
  0.1683E+00  0.0000E+00
 Relative number of events:
  0.1664E+00  0.0000E+00
  0.1670E+00  0.0000E+00
  0.1672E+00  0.0000E+00
  0.1659E+00  0.0000E+00
  0.1679E+00  0.0000E+00
  0.1656E+00  0.0000E+00
 Events:
       10649           0
       10689           0
       10699           0
       10616           0
       10748           0
       10599           0
 Found         5518  events.
 Wrote          579  events.
 Actual xsec    118972912.34027006     
 Correct abs xsec    118972912.34027006     
 Event xsec    118972912.34027015     
 Events wgts > 1:           14
 % Cross section > 1:    1196240.5929165338        1.0054730689412805     
 Checking number of events   4985.0839999696555              579  chi2:    1.7039385035861949     
 Found         5518  events.
 Wrote          576  events.
 Actual xsec    118972912.34027006     
 Correct abs xsec    118972912.34027006     
 Event xsec    118972912.34026960     
 Events wgts > 1:           14
 % Cross section > 1:    1202408.0444990883        1.0106569813640687     
 Iteration  8   Mean: 0.1175E+09 Abs mean: 0.1175E+09   Fluctuation:  0.125E+07   0.598E+11    99.3%
  8    0.1175E+09 0.1175E+09 +- 0.1248E+07      3.80
 Relative summed weights:
  0.1777E+00  0.0000E+00
  0.1609E+00  0.0000E+00
  0.1651E+00  0.0000E+00
  0.1601E+00  0.0000E+00
  0.1685E+00  0.0000E+00
  0.1678E+00  0.0000E+00
 Relative number of events:
  0.1674E+00  0.0000E+00
  0.1654E+00  0.0000E+00
  0.1669E+00  0.0000E+00
  0.1649E+00  0.0000E+00
  0.1677E+00  0.0000E+00
  0.1677E+00  0.0000E+00
 Events:
       21429           0
       21177           0
       21358           0
       21107           0
       21460           0
       21469           0
 Found        11525  events.
 Wrote          710  events.
 Actual xsec    118539229.55489299     
 Correct abs xsec    118539229.55489299     
 Event xsec    118539229.55489279     
 Events wgts > 1:           11
 % Cross section > 1:    1075088.4154492256       0.90694736205567861     
 Checking number of events   4966.9122575795709              710  chi2:    1.2932289342778414     
 Found        11525  events.
 Wrote          703  events.
 Actual xsec    118539229.55489299     
 Correct abs xsec    118539229.55489299     
 Event xsec    118539229.55489327     
 Events wgts > 1:           11
 % Cross section > 1:    1085695.3743528405       0.91589541996312318     
 Iteration  9   Mean: 0.1200E+09 Abs mean: 0.1200E+09   Fluctuation:  0.129E+07   0.163E+12    99.3%
  9    0.1200E+09 0.1200E+09 +- 0.1291E+07      5.44
 Relative summed weights:
  0.1652E+00  0.0000E+00
  0.1696E+00  0.0000E+00
  0.1668E+00  0.0000E+00
  0.1643E+00  0.0000E+00
  0.1705E+00  0.0000E+00
  0.1636E+00  0.0000E+00
 Relative number of events:
  0.1670E+00  0.0000E+00
  0.1668E+00  0.0000E+00
  0.1672E+00  0.0000E+00
  0.1661E+00  0.0000E+00
  0.1664E+00  0.0000E+00
  0.1665E+00  0.0000E+00
 Events:
       42742           0
       42710           0
       42799           0
       42524           0
       42599           0
       42626           0
 Found        23285  events.
 Wrote          458  events.
 Actual xsec    118890671.01194584     
 Correct abs xsec    118890671.01194584     
 Event xsec    118890671.01194651     
 Events wgts > 1:            6
 % Cross section > 1:    718720.19301642897       0.60452194179660201     
 Checking number of events   4981.6380060715428              458  chi2:    1.0750762670756457     
 Found        23285  events.
 Wrote          431  events.
 Actual xsec    118890671.01194584     
 Correct abs xsec    118890671.01194584     
 Event xsec    118890671.01194592     
 Events wgts > 1:            6
 % Cross section > 1:    763455.30515305675       0.64214904218712521     

 -------------------------------------------------------------------------------
 Accumulated results:   Integral =  0.1184E+09
                        Std dev  =  0.7121E+06
                       Cross sec =  0.1184E+09
             Chi**2 per DoF.     =      1.9570
 -------------------------------------------------------------------------------
-------------------------------------------------
---------------------------
 Results Last   3 iters: Integral =   0.1189E+09
                     Abs integral =   0.1189E+09
                          Std dev =   0.7784E+06
                  Chi**2 per DoF. =      1.0751
-------------------------------------------------
---------------------------
 Status -4.19009999999999974E-005          10           9
 Trying w/ fresh grid
 Starting w/ ncall =         4000
 Keeping grid fixed.
  5 dimensions   4000 events  5 invarients  8 iterations  1 config(s),  (0.99)
 Using h-tuple random number sequence.
 Error opening grid
 Using Uniform Grid!
 Using uniform alpha   1.0000000000000000     
 Grid defined OK
 Warning: No cutoff for shat integral found
          Minimum set to    204.08163265306121     
Setting grid   1    0.20408E+03   1
 Warning: No cutoff for shat integral found
          Minimum set to    204.08163265306121     
Setting grid   2    0.20408E+03   1
Warning xbin not returning correct x   2  0.999982E+00  0.994804E+00  0.2837E+03
Warning xbin not returning correct x   2  0.999990E+00  0.997078E+00  0.2837E+03
Warning xbin not returning correct x   2  0.999994E+00  0.998433E+00  0.2837E+03
Warning xbin not returning correct x   2  0.999996E+00  0.998836E+00  0.2837E+03
Warning xbin not returning correct x   2  0.999994E+00  0.998405E+00  0.2837E+03
Warning xbin still not working well. Last message this iteration.
 Iteration  1   Mean: 0.1094E+09 Abs mean: 0.1094E+09   Fluctuation:  0.670E+08   0.260E+12    99.0%
  1    0.1094E+09 0.1094E+09 +- 0.6699E+08     38.74
 Relative summed weights:
  0.1521E-01  0.0000E+00
  0.2703E-01  0.0000E+00
  0.1132E+00  0.0000E+00
  0.7476E+00  0.0000E+00
  0.2209E-01  0.0000E+00
  0.7480E-01  0.0000E+00
 Relative number of events:
  0.1628E+00  0.0000E+00
  0.1693E+00  0.0000E+00
  0.1678E+00  0.0000E+00
  0.1678E+00  0.0000E+00
  0.1680E+00  0.0000E+00
  0.1645E+00  0.0000E+00
 Events:
         651           0
         677           0
         671           0
         671           0
         672           0
         658           0
Warning xbin not returning correct x   1  0.997382E+00  0.999960E+00  0.1545E-01
Warning xbin not returning correct x   1  0.987093E+00  0.999804E+00  0.1545E-01
Warning xbin not returning correct x   1  0.994341E+00  0.999914E+00  0.1545E-01
Warning xbin not returning correct x   1  0.993981E+00  0.999908E+00  0.1545E-01
Warning xbin not returning correct x   1  0.995976E+00  0.999939E+00  0.1545E-01
Warning xbin still not working well. Last message this iteration.
 Iteration  2   Mean: 0.2926E+07 Abs mean: 0.2926E+07   Fluctuation:  0.247E+06   0.970E+09    87.2%
  2    0.2926E+07 0.2926E+07 +- 0.2469E+06      7.55
 Relative summed weights:
  0.1765E+00  0.0000E+00
  0.1824E+00  0.0000E+00
  0.1892E+00  0.0000E+00
  0.1616E+00  0.0000E+00
  0.1514E+00  0.0000E+00
  0.1389E+00  0.0000E+00
 Relative number of events:
  0.1680E+00  0.0000E+00
  0.1676E+00  0.0000E+00
  0.1660E+00  0.0000E+00
  0.1659E+00  0.0000E+00
  0.1590E+00  0.0000E+00
  0.1735E+00  0.0000E+00
 Events:
        1344           0
        1341           0
        1328           0
        1327           0
        1272           0
        1388           0
 Iteration  3   Mean: 0.3814E+09 Abs mean: 0.3814E+09   Fluctuation:  0.350E+09   0.560E+13    99.9%
  3    0.3814E+09 0.3814E+09 +- 0.3504E+09    116.18
 Relative summed weights:
  0.9317E+00  0.0000E+00
  0.1242E-01  0.0000E+00
  0.2197E-01  0.0000E+00
  0.1088E-01  0.0000E+00
  0.1492E-01  0.0000E+00
  0.8162E-02  0.0000E+00
 Relative number of events:
  0.1653E+00  0.0000E+00
  0.1603E+00  0.0000E+00
  0.1692E+00  0.0000E+00
  0.1685E+00  0.0000E+00
  0.1674E+00  0.0000E+00
  0.1693E+00  0.0000E+00
 Events:
        2644           0
        2565           0
        2707           0
        2696           0
        2679           0
        2709           0
 Found         1938  events.
 Wrote            1  events.
 Actual xsec    8002559.1500581829     
 Correct abs xsec    8002559.1500581829     
 Event xsec    8002559.1500581838     
 Events wgts > 1:            1
 % Cross section > 1:    1.6058720154687762       2.00669808914452138E-005
 Checking number of events   335.31523094658792                1  chi2:    213.08275924998151     
 Found         1938  events.
 Wrote            1  events.
 Actual xsec    8002559.1500581829     
 Correct abs xsec    8002559.1500581829     
 Event xsec    8002559.1500581838     
 Events wgts > 1:            1
 % Cross section > 1:    1.6058720154687762       2.00669808914452138E-005
 Iteration  4   Mean: 0.6266E+08 Abs mean: 0.6266E+08   Fluctuation:  0.829E+07   0.170E+12    99.1%
  4    0.6266E+08 0.6266E+08 +- 0.8293E+07     23.68
 Relative summed weights:
  0.1730E+00  0.0000E+00
  0.1331E+00  0.0000E+00
  0.1282E+00  0.0000E+00
  0.2945E+00  0.0000E+00
  0.1179E+00  0.0000E+00
  0.1533E+00  0.0000E+00
 Relative number of events:
  0.1679E+00  0.0000E+00
  0.1670E+00  0.0000E+00
  0.1679E+00  0.0000E+00
  0.1694E+00  0.0000E+00
  0.1626E+00  0.0000E+00
  0.1652E+00  0.0000E+00
 Events:
        5372           0
        5345           0
        5374           0
        5421           0
        5202           0
        5286           0
 Found          301  events.
 Wrote           10  events.
 Actual xsec    22347138.403273035     
 Correct abs xsec    22347138.403273035     
 Event xsec    22347138.403273039     
 Events wgts > 1:            0
 % Cross section > 1:    0.0000000000000000        0.0000000000000000     
 Checking number of events   936.36744623554341               10  chi2:    3105.6885669384860     
 Found          301  events.
 Wrote           11  events.
 Actual xsec    22347138.403273035     
 Correct abs xsec    22347138.403273035     
 Event xsec    22347138.403273039     
 Events wgts > 1:            0
 % Cross section > 1:    0.0000000000000000        0.0000000000000000     
 Iteration  5   Mean: 0.8334E+08 Abs mean: 0.8334E+08   Fluctuation:  0.120E+08   0.688E+12    99.3%
  5    0.8334E+08 0.8334E+08 +- 0.1201E+08     36.47
 Relative summed weights:
  0.1434E+00  0.0000E+00
  0.1295E+00  0.0000E+00
  0.1858E+00  0.0000E+00
  0.1582E+00  0.0000E+00
  0.2449E+00  0.0000E+00
  0.1383E+00  0.0000E+00
 Relative number of events:
  0.1667E+00  0.0000E+00
  0.1675E+00  0.0000E+00
  0.1674E+00  0.0000E+00
  0.1656E+00  0.0000E+00
  0.1680E+00  0.0000E+00
  0.1648E+00  0.0000E+00
 Events:
       10669           0
       10720           0
       10713           0
       10600           0
       10752           0
       10546           0
 Found         3720  events.
 Wrote            9  events.
 Actual xsec    75562578.397699475     
 Correct abs xsec    75562578.397699475     
 Event xsec    75562578.397699475     
 Events wgts > 1:            1
 % Cross section > 1:    2.6196499448269606       3.46686150787400419E-006
 Checking number of events   3166.1475974420055                9  chi2:    1.8014079324619423     
 Found         3720  events.
 Wrote           10  events.
 Actual xsec    75562578.397699475     
 Correct abs xsec    75562578.397699475     
 Event xsec    75562578.397699490     
 Events wgts > 1:            1
 % Cross section > 1:    2.3576849587261677       3.12017536817926755E-006
 Fixing grid
 Iteration  6   Mean: 0.8966E+08 Abs mean: 0.8966E+08   Fluctuation:  0.457E+07   0.330E+12    99.5%
  6    0.8966E+08 0.8966E+08 +- 0.4567E+07     18.22
 Relative summed weights:
  0.1599E+00  0.0000E+00
  0.2079E+00  0.0000E+00
  0.1659E+00  0.0000E+00
  0.1604E+00  0.0000E+00
  0.1475E+00  0.0000E+00
  0.1584E+00  0.0000E+00
 Relative number of events:
  0.1664E+00  0.0000E+00
  0.1667E+00  0.0000E+00
  0.1644E+00  0.0000E+00
  0.1664E+00  0.0000E+00
  0.1682E+00  0.0000E+00
  0.1679E+00  0.0000E+00
 Events:
       21305           0
       21340           0
       21038           0
       21299           0
       21531           0
       21487           0
 Found         8577  events.
 Wrote           34  events.
 Actual xsec    85900599.005720198     
 Correct abs xsec    85900599.005720198     
 Event xsec    85900599.005720094     
 Events wgts > 1:            0
 % Cross section > 1:    0.0000000000000000        0.0000000000000000     
 Checking number of events   3599.3209989386819               34  chi2:    4.2900502149342667     
 Found         8577  events.
 Wrote           43  events.
 Actual xsec    85900599.005720198     
 Correct abs xsec    85900599.005720198     
 Event xsec    85900599.005720094     
 Events wgts > 1:            0
 % Cross section > 1:    0.0000000000000000        0.0000000000000000     
 Iteration  7   Mean: 0.9881E+08 Abs mean: 0.9881E+08   Fluctuation:  0.664E+07   0.104E+13    99.4%
  7    0.9881E+08 0.9881E+08 +- 0.6637E+07     33.99
 Relative summed weights:
  0.1672E+00  0.0000E+00
  0.1883E+00  0.0000E+00
  0.1431E+00  0.0000E+00
  0.1358E+00  0.0000E+00
  0.1653E+00  0.0000E+00
  0.2003E+00  0.0000E+00
 Relative number of events:
  0.1664E+00  0.0000E+00
  0.1662E+00  0.0000E+00
  0.1662E+00  0.0000E+00
  0.1673E+00  0.0000E+00
  0.1672E+00  0.0000E+00
  0.1666E+00  0.0000E+00
 Events:
       42598           0
       42557           0
       42554           0
       42830           0
       42810           0
       42651           0
 Found        16014  events.
 Wrote           22  events.
 Actual xsec    92294426.962615758     
 Correct abs xsec    92294426.962615758     
 Event xsec    92294426.962615803     
 Events wgts > 1:            0
 % Cross section > 1:    0.0000000000000000        0.0000000000000000     
 Checking number of events   3867.2287841605626               22  chi2:   0.92610858497290471     
 Found        16014  events.
 Wrote           26  events.
 Actual xsec    92294426.962615758     
 Correct abs xsec    92294426.962615758     
 Event xsec    92294426.962615818     
 Events wgts > 1:            0
 % Cross section > 1:    0.0000000000000000        0.0000000000000000     
 Iteration  8   Mean: 0.9437E+08 Abs mean: 0.9437E+08   Fluctuation:  0.462E+07   0.136E+13    99.5%
  8    0.9437E+08 0.9437E+08 +- 0.4623E+07     35.05
 Relative summed weights:
  0.1416E+00  0.0000E+00
  0.1684E+00  0.0000E+00
  0.1574E+00  0.0000E+00
  0.1918E+00  0.0000E+00
  0.1690E+00  0.0000E+00
  0.1718E+00  0.0000E+00
 Relative number of events:
  0.1666E+00  0.0000E+00
  0.1668E+00  0.0000E+00
  0.1663E+00  0.0000E+00
  0.1666E+00  0.0000E+00
  0.1672E+00  0.0000E+00
  0.1664E+00  0.0000E+00
 Events:
       85290           0
       85420           0
       85155           0
       85310           0
       85609           0
       85216           0
 Found        29199  events.
 Wrote           38  events.
 Actual xsec    118366742.10174477     
 Correct abs xsec    118366742.10174477     
 Event xsec    118366742.10174479     
 Events wgts > 1:            0
 % Cross section > 1:    0.0000000000000000        0.0000000000000000     
 Checking number of events   3920.2754986814962               38  chi2:   0.69244989711901217     
 Found        29199  events.
 Wrote           27  events.
 Actual xsec    118366742.10174477     
 Correct abs xsec    118366742.10174477     
 Event xsec    118366742.10174468     
 Events wgts > 1:            0
 % Cross section > 1:    0.0000000000000000        0.0000000000000000     

 -------------------------------------------------------------------------------
 Accumulated results:   Integral =  0.8209E+08
                        Std dev  =  0.2301E+07
                       Cross sec =  0.8209E+08
             Chi**2 per DoF.     =     24.5188
 -------------------------------------------------------------------------------
-------------------------------------------------
---------------------------
 Results Last   3 iters: Integral =   0.9356E+08
                     Abs integral =   0.9356E+08
                         Std dev =   0.2924E+07
                 Chi**2 per DoF. =      0.6924
-------------------------------------------------
---------------------------

ls status:
events.lhe
ftn25
ftn26
input_sg.txt
log.txt
moffset.dat
results.dat
run1_app.log
