 Process in group number            0
 No PDF is used, alpha_s(MZ) from param_card is used
 Value of alpha_s from param_card:   0.11800000071525575     
 The default order of alpha_s running is fixed to            2
 Warning: pt or E min of a gamma should in general be >0
 *****************************************************
 *               MadGraph/MadEvent                   *
 *        --------------------------------           *
 *          http://madgraph.hep.uiuc.edu             *
 *          http://madgraph.phys.ucl.ac.be           *
 *          http://madgraph.roma2.infn.it            *
 *        --------------------------------           *
 *                                                   *
 *          PARAMETER AND COUPLING VALUES            *
 *                                                   *
 *****************************************************

  External Params
  ---------------------------------
  
 aEWM1 =    132.50700378417969     
 mdl_Gf =   1.16639000000000003E-005
 aS =   0.11800000071525575     
 mdl_ymb =    4.6999998092651367     
 mdl_ymt =    173.00000000000000     
 mdl_yme =   5.10999991092830896E-004
 mdl_ymm =   0.10565999895334244     
 mdl_ymtau =    1.7769999504089355     
 mdl_MZ =    91.188003540039063     
 mdl_MT =    173.00000000000000     
 mdl_MB =    4.6999998092651367     
 mdl_MH =    125.00000000000000     
 mdl_Me =   5.10999991092830896E-004
 mdl_MM =   0.10565999895334244     
 mdl_MTA =    1.7769999504089355     
 mdl_WZ =    2.4414041042327881     
 mdl_WW =    2.0476000308990479     
 mdl_WT =    1.4915000200271606     
 mdl_WH =   6.38233916833996773E-003
 mdl_WTau =   2.26999999999999982E-012
  Internal Params
  ---------------------------------
  
 mdl_conjg__CKM3x3 =    1.0000000000000000     
 mdl_CKM3x3 =    1.0000000000000000     
 mdl_conjg__CKM1x1 =    1.0000000000000000     
 mdl_complexi =  (  0.0000000000000000     ,  1.0000000000000000     )
 mdl_MZ__exp__2 =    8315.2519896181766     
 mdl_MZ__exp__4 =    69143415.650849044     
 mdl_sqrt__2 =    1.4142135623730951     
 mdl_MH__exp__2 =    15625.000000000000     
 mdl_aEW =   7.54677089845565054E-003
 mdl_MW =    80.419007276179556     
 mdl_sqrt__aEW =   8.68721526063194194E-002
 mdl_ee =   0.30795376284704501     
 mdl_MW__exp__2 =    6467.2167312862202     
 mdl_sw2 =   0.22224645274001076     
 mdl_cw =   0.88190336616887299     
 mdl_sqrt__sw2 =   0.47143022043565552     
 mdl_sw =   0.47143022043565552     
 mdl_g1 =   0.34919218438279087     
 mdl_gw =   0.65323296958447097     
 mdl_vev =    246.21845810181631     
 mdl_vev__exp__2 =    60623.529110035874     
 mdl_lam =   0.12886910601690271     
 mdl_yb =   2.69955531549349904E-002
 mdl_ye =   2.93504850670934038E-006
 mdl_ym =   6.06883028478528356E-004
 mdl_yt =   0.99366614581500645     
 mdl_ytau =   1.02066167158167895E-002
 mdl_muH =    88.388347648318444     
 mdl_I1x33 =  ( 2.69955531549349904E-002,  0.0000000000000000     )
 mdl_I2x33 =  ( 0.99366614581500645     ,  0.0000000000000000     )
 mdl_I3x33 =  ( 0.99366614581500645     ,  0.0000000000000000     )
 mdl_I4x33 =  ( 2.69955531549349904E-002,  0.0000000000000000     )
 mdl_ee__exp__2 =   9.48355200516540348E-002
 mdl_sw__exp__2 =   0.22224645274001076     
 mdl_cw__exp__2 =   0.77775354725998924     
  Internal Params evaluated point by point
  ----------------------------------------
  
 mdl_sqrt__aS =   0.34351128178744839     
 mdl_G__exp__2 =    1.4828317414825511     
  Couplings of sm-lepton_masses
  ---------------------------------
  
         GC_3 =  -0.00000E+00  -0.30795E+00
        GC_50 =  -0.00000E+00  -0.28804E+00
        GC_59 =   0.00000E+00   0.82310E-01
        GC_89 =  -0.00000E+00  -0.20754E-05

 Collider parameters:
 --------------------

 Running at e e   machine @   7.14879999999999960E-002  GeV
 PDF set = none   
 alpha_s(Mz)= 0.1180 running at 2 loops.
 alpha_s(Mz)= 0.1180 running at 2 loops.
 Renormalization scale fixed @    91.188000000000002     
 Factorization scales  fixed @    91.188000000000002        91.188000000000002     


 getting user params
Enter number of events and max and min iterations: 
 Number of events and iterations         2000           9           3
Enter desired fractional accuracy: 
 Desired fractional accuracy:  -1.09789999999999995E-035
Enter 0 for fixed, 2 for adjustable grid: 
Suppress amplitude (0 no, 1 yes)? 
 Using suppressed amplitude.
Exact helicity sum (0 yes, n = number/event)? 
 Explicitly summing over helicities
Enter Configuration Number: 
Running Configuration Number:   16
 Not subdividing B.W.
 Attempting mappinvarients           1           5
 Completed mapping           5
 about to integrate            5        2000           9           3           5           1
 Keeping grid fixed.
  5 dimensions   2000 events  5 invarients  9 iterations  1 config(s),  (0.99)
 Using h-tuple random number sequence.
 Grid read from file
 Grid defined OK
 Set CM energy to          0.07
 Mapping Graph          16  to config          16
 No modification is setgrid, grid read from file
 No modification is setgrid, grid read from file
 Masses: 0.511E-03 0.511E-03 0.000E+00 0.511E-03 0.511E-03
  16   1   2   3   4   5
 Got moffset          23
Using random seed offsets    16 :      1
  with seed                   57
 Ranmar initialization seeds       11139       21882
  Particle       3       4       5
      Et >     0.0     0.0     0.0
       E >     0.0     0.0     0.0
     Eta <    -1.0    -1.0    -1.0
   xqcut:      0.0     0.0     0.0
d R # 3  >    -0.0     0.0     0.0
d R # 4  >    -0.0    -0.0     0.4
s min # 3>     0.0     0.0     0.0
s min # 4>     0.0     0.0     0.0
xqcutij # 3>     0.0     0.0     0.0
xqcutij # 4>     0.0     0.0     0.0
 alpha_s for scale    91.188000000000002       is   0.11800000071525575     
 Added good helicity            1   4.7891309671903572       in event            1
 Added good helicity            2  0.12594993150446954       in event            1
 Added good helicity            5   3.0849191007809029       in event            1
 Added good helicity           10   3.0849191007675820       in event            1
 Added good helicity           13  0.12594993150392911       in event            1
 Added good helicity           14   4.7891309671696787       in event            1
 Added good helicity           19   4.7891309671696787       in event            1
 Added good helicity           20  0.12594993150392919       in event            1
 Added good helicity           23   3.0849191007675820       in event            1
 Added good helicity           28   3.0849191007809029       in event            1
 Added good helicity           31  0.12594993150446945       in event            1
 Added good helicity           32   4.7891309671903572       in event            1
 Added good helicity            3  1.87279266046070679E-005  in event           35
 Added good helicity            6  1.84327904189027835E-005  in event           35
 Added good helicity            7  1.40273159968607561E-005  in event           35
 Added good helicity            9  1.86137811501715919E-005  in event           35
 Added good helicity           11  1.36117526954879393E-002  in event           35
 Added good helicity           12  1.91650221485161127E-004  in event           35
 Added good helicity           15  9.81927225696700712E-003  in event           35
 Added good helicity           16  1.87840496318051101E-005  in event           35
 Added good helicity           17  1.87840523852081387E-005  in event           35
 Added good helicity           18  9.81927225224628331E-003  in event           35
 Added good helicity           21  1.91650228731232003E-004  in event           35
 Added good helicity           22  1.36117526949435415E-002  in event           35
 Added good helicity           24  1.86137838847983565E-005  in event           35
 Added good helicity           26  1.40273139557038618E-005  in event           35
 Added good helicity           27  1.84327931456382876E-005  in event           35
 Added good helicity           30  1.87279238550368566E-005  in event           35
 Iteration  1   Mean: 0.4585E+34 Abs mean: 0.4585E+34   Fluctuation:  0.282E+34   0.464E+37    98.9%
  1    0.4585E+34 0.4585E+34 +- 0.2819E+34     27.50
 Writing out events  2.57505702333986805E+029   27.498472356440498     
 Relative summed weights:
  0.1000E+01  0.0000E+00
 Relative number of events:
  0.1000E+01  0.0000E+00
 Events:
        2000           0
 Iteration  2   Mean: 0.2828E+33 Abs mean: 0.2828E+33   Fluctuation:  0.245E+33   0.977E+36    98.6%
  2    0.2828E+33 0.2828E+33 +- 0.2447E+33     54.74
 Relative summed weights:
  0.1000E+01  0.0000E+00
 Relative number of events:
  0.1000E+01  0.0000E+00
 Events:
        4000           0
 Iteration  3   Mean: 0.3384E+33 Abs mean: 0.3384E+33   Fluctuation:  0.197E+33   0.147E+37    98.8%
  3    0.3384E+33 0.3384E+33 +- 0.1974E+33     52.16
 Relative summed weights:
  0.1000E+01  0.0000E+00
 Relative number of events:
  0.1000E+01  0.0000E+00
 Events:
        8000           0
 Found           41  events.
 Wrote            2  events.
 Actual xsec   1.95053128841860499E+033
 Correct abs xsec   1.95053128841860499E+033
 Event xsec   1.95053128841860470E+033
 Events wgts > 1:            1
 % Cross section > 1:   4.12100104079964500E+024  2.11275823426588118E-007
 Checking number of events  2.14148830155478642E-002           2  chi2:    57.017265690757277     
 Found           41  events.
 Wrote            2  events.
 Actual xsec   1.95053128841860499E+033
 Correct abs xsec   1.95053128841860499E+033
 Event xsec   1.95053128841860470E+033
 Events wgts > 1:            1
 % Cross section > 1:   4.12100104079964500E+024  2.11275823426588118E-007
 Iteration  4   Mean: 0.4165E+34 Abs mean: 0.4165E+34   Fluctuation:  0.246E+34   0.364E+38    98.6%
  4    0.4165E+34 0.4165E+34 +- 0.2461E+34     74.75
 Relative summed weights:
  0.1000E+01  0.0000E+00
 Relative number of events:
  0.1000E+01  0.0000E+00
 Events:
       16000           0
 Found           84  events.
 Wrote            1  events.
 Actual xsec   1.86300385966948889E+033
 Correct abs xsec   1.86300385966948889E+033
 Event xsec   1.86300385966948889E+033
 Events wgts > 1:            1
 % Cross section > 1:   2.76917805432652442E+026  1.48640489387810370E-005
 Checking number of events  2.04539193753113177E-002           1  chi2:    51.120582599438762     
 Found           84  events.
 Wrote            1  events.
 Actual xsec   1.86300385966948889E+033
 Correct abs xsec   1.86300385966948889E+033
 Event xsec   1.86300385966948889E+033
 Events wgts > 1:            1
 % Cross section > 1:   2.76917805432652442E+026  1.48640489387810370E-005
 Iteration  5   Mean: 0.5331E+34 Abs mean: 0.5331E+34   Fluctuation:  0.420E+34   0.133E+39    98.7%
  5    0.5331E+34 0.5331E+34 +- 0.4197E+34    140.83
 Relative summed weights:
  0.1000E+01  0.0000E+00
 Relative number of events:
  0.1000E+01  0.0000E+00
 Events:
       32000           0
 Found           54  events.
 Wrote            1  events.
 Actual xsec   2.90164251245966912E+033
 Correct abs xsec   2.90164251245966912E+033
 Event xsec   2.90164251245966912E+033
 Events wgts > 1:            0
 % Cross section > 1:    0.0000000000000000        0.0000000000000000     
 Checking number of events  3.18571331442947039E-002           1  chi2:    84.643990272633332     
 Found           54  events.
 Wrote            1  events.
 Actual xsec   2.90164251245966912E+033
 Correct abs xsec   2.90164251245966912E+033
 Event xsec   2.90164251245966912E+033
 Events wgts > 1:            0
 % Cross section > 1:    0.0000000000000000        0.0000000000000000     
 Iteration  6   Mean: 0.2034E+34 Abs mean: 0.2034E+34   Fluctuation:  0.132E+34   0.838E+38    98.6%
  6    0.2034E+34 0.2034E+34 +- 0.1324E+34    164.74
 Relative summed weights:
  0.1000E+01  0.0000E+00
 Relative number of events:
  0.1000E+01  0.0000E+00
 Events:
       64000           0
 Found          117  events.
 Wrote            1  events.
 Actual xsec   3.70488971013366234E+033
 Correct abs xsec   3.70488971013366234E+033
 Event xsec   3.70488971013366234E+033
 Events wgts > 1:            0
 % Cross section > 1:    0.0000000000000000        0.0000000000000000     
 Checking number of events  4.06759841275574768E-002           1  chi2:   0.88882251845127824     

 -------------------------------------------------------------------------------
 Accumulated results:   Integral =  0.2822E+34
                        Std dev  =  0.7609E+33
                       Cross sec =  0.1299E+01
             Chi**2 per DoF.     =
-------------------------------------------------
---------------------------
 Results Last   3 iters: Integral =   0.3705E+34
                     Abs integral =   0.3705E+34
                          Std dev =   0.1417E+34
                  Chi**2 per DoF. =      0.8888
-------------------------------------------------
---------------------------
 Status -1.09789999999999995E-035           7           9
 We found enough events           1  4.06759841275574768E-002

ls status:
events.lhe
ftn25
ftn26
input_sg.txt
log.txt
moffset.dat
results.dat
run_01_ftn26.gz
run_01_log.txt
run_01_results.dat
run_02_ftn26.gz
run_02_log.txt
run_02_results.dat
run_03_ftn26.gz
run_03_log.txt
run_03_results.dat
run1_app.log
