 Process in group number            0
 No PDF is used, alpha_s(MZ) from param_card is used
 Value of alpha_s from param_card:   0.11800000071525575     
 The default order of alpha_s running is fixed to            2
 Warning: pt or E min of a gamma should in general be >0
 Warning: pt or E min of a gamma should in general be >0
 Warning: pt or E min of a gamma should in general be >0
 *****************************************************
 *               MadGraph/MadEvent                   *
 *        --------------------------------           *
 *          http://madgraph.hep.uiuc.edu             *
 *          http://madgraph.phys.ucl.ac.be           *
 *          http://madgraph.roma2.infn.it            *
 *        --------------------------------           *
 *                                                   *
 *          PARAMETER AND COUPLING VALUES            *
 *                                                   *
 *****************************************************

  External Params
  ---------------------------------
  
 aEWM1 =    132.50700378417969     
 mdl_Gf =   1.16639000000000003E-005
 aS =   0.11800000071525575     
 mdl_ymb =    4.6999998092651367     
 mdl_ymt =    173.00000000000000     
 mdl_yme =   5.10999991092830896E-004
 mdl_ymm =   0.10565999895334244     
 mdl_ymtau =    1.7769999504089355     
 mdl_MZ =    91.188003540039063     
 mdl_MT =    173.00000000000000     
 mdl_MB =    4.6999998092651367     
 mdl_MH =    125.00000000000000     
 mdl_Me =   5.10999991092830896E-004
 mdl_MM =   0.10565999895334244     
 mdl_MTA =    1.7769999504089355     
 mdl_WZ =    2.4414041042327881     
 mdl_WW =    2.0476000308990479     
 mdl_WT =    1.4915000200271606     
 mdl_WH =   6.38233916833996773E-003
 mdl_WTau =   2.26999999999999982E-012
  Internal Params
  ---------------------------------
  
 mdl_conjg__CKM3x3 =    1.0000000000000000     
 mdl_CKM3x3 =    1.0000000000000000     
 mdl_conjg__CKM1x1 =    1.0000000000000000     
 mdl_complexi =  (  0.0000000000000000     ,  1.0000000000000000     )
 mdl_MZ__exp__2 =    8315.2519896181766     
 mdl_MZ__exp__4 =    69143415.650849044     
 mdl_sqrt__2 =    1.4142135623730951     
 mdl_MH__exp__2 =    15625.000000000000     
 mdl_aEW =   7.54677089845565054E-003
 mdl_MW =    80.419007276179556     
 mdl_sqrt__aEW =   8.68721526063194194E-002
 mdl_ee =   0.30795376284704501     
 mdl_MW__exp__2 =    6467.2167312862202     
 mdl_sw2 =   0.22224645274001076     
 mdl_cw =   0.88190336616887299     
 mdl_sqrt__sw2 =   0.47143022043565552     
 mdl_sw =   0.47143022043565552     
 mdl_g1 =   0.34919218438279087     
 mdl_gw =   0.65323296958447097     
 mdl_vev =    246.21845810181631     
 mdl_vev__exp__2 =    60623.529110035874     
 mdl_lam =   0.12886910601690271     
 mdl_yb =   2.69955531549349904E-002
 mdl_ye =   2.93504850670934038E-006
 mdl_ym =   6.06883028478528356E-004
 mdl_yt =   0.99366614581500645     
 mdl_ytau =   1.02066167158167895E-002
 mdl_muH =    88.388347648318444     
 mdl_I1x33 =  ( 2.69955531549349904E-002,  0.0000000000000000     )
 mdl_I2x33 =  ( 0.99366614581500645     ,  0.0000000000000000     )
 mdl_I3x33 =  ( 0.99366614581500645     ,  0.0000000000000000     )
 mdl_I4x33 =  ( 2.69955531549349904E-002,  0.0000000000000000     )
 mdl_ee__exp__2 =   9.48355200516540348E-002
 mdl_sw__exp__2 =   0.22224645274001076     
 mdl_cw__exp__2 =   0.77775354725998924     
  Internal Params evaluated point by point
  ----------------------------------------
  
 mdl_sqrt__aS =   0.34351128178744839     
 mdl_G__exp__2 =    1.4828317414825511     
  Couplings of sm-lepton_masses
  ---------------------------------
  
         GC_3 =  -0.00000E+00  -0.30795E+00

 Collider parameters:
 --------------------

 Running at e e   machine @   7.00000000000000067E-002  GeV
 PDF set = none   
 alpha_s(Mz)= 0.1180 running at 2 loops.
 alpha_s(Mz)= 0.1180 running at 2 loops.
 Renormalization scale fixed @    91.188000000000002     
 Factorization scales  fixed @    91.188000000000002        91.188000000000002     


 getting user params
Enter number of events and max and min iterations: 
 Number of events and iterations         1000           9           3
Enter desired fractional accuracy: 
 Desired fractional accuracy:  -4.19009999999999974E-005
Enter 0 for fixed, 2 for adjustable grid: 
Suppress amplitude (0 no, 1 yes)? 
 Using suppressed amplitude.
Exact helicity sum (0 yes, n = number/event)? 
 Explicitly summing over helicities
Enter Configuration Number: 
Running Configuration Number:    1
 Not subdividing B.W.
 Attempting mappinvarients           1           5
 Completed mapping           5
 about to integrate            5        1000           9           3           5           1
 Keeping grid fixed.
  5 dimensions   1000 events  5 invarients  9 iterations  1 config(s),  (0.99)
 Using h-tuple random number sequence.
 Grid read from file
 Grid defined OK
 Set CM energy to          0.07
 Mapping Graph           1  to config           1
 Warning: No cutoff for shat integral found
          Minimum set to    204.08163265306121     
 No modification is setgrid, grid read from file
 Warning: No cutoff for shat integral found
          Minimum set to    204.08163265306121     
 No modification is setgrid, grid read from file
 Masses: 0.511E-03 0.511E-03 0.000E+00 0.000E+00 0.000E+00
   1   1   2   3   4   5
 Got moffset           1
Using random seed offsets     1 :      1
  with seed                   30
 Ranmar initialization seeds        8292       12562
  Particle       3       4       5
      Et >     0.0     0.0     0.0
       E >     0.0     0.0     0.0
     Eta <    -1.0    -1.0    -1.0
   xqcut:      0.0     0.0     0.0
d R # 3  >    -0.0     0.0     0.0
d R # 4  >    -0.0    -0.0     0.0
s min # 3>     0.0     0.0     0.0
s min # 4>     0.0     0.0     0.0
xqcutij # 3>     0.0     0.0     0.0
xqcutij # 4>     0.0     0.0     0.0
 alpha_s for scale    91.188000000000002       is   0.11800000071525575     
 Added good helicity            1  3.41911722314096420E-003  in event            1
 Added good helicity            2  7.63573548152278480E-004  in event            1
 Added good helicity            3  3.41907620734922682E-003  in event            1
 Added good helicity            4  7.63595767969069248E-004  in event            1
 Added good helicity            5  7.63660374306525652E-004  in event            1
 Added good helicity            7  7.63599119907215238E-004  in event            1
 Added good helicity           10   5.7717015428466798       in event            1
 Added good helicity           12   5.7716112592288065       in event            1
 Added good helicity           13   2.2234049316916598       in event            1
 Added good helicity           15   2.2233896439726073       in event            1
 Added good helicity           18   2.2233896439726073       in event            1
 Added good helicity           20   2.2234049316916598       in event            1
 Added good helicity           21   5.7716112592288056       in event            1
 Added good helicity           23   5.7717015428466780       in event            1
 Added good helicity           26  7.63599119907215238E-004  in event            1
 Added good helicity           28  7.63660374306525435E-004  in event            1
 Added good helicity           29  7.63595767969069248E-004  in event            1
 Added good helicity           30  3.41907620734922769E-003  in event            1
 Added good helicity           31  7.63573548152278697E-004  in event            1
 Added good helicity           32  3.41911722314096420E-003  in event            1
 Added good helicity            6  3.46462886434646352E-004  in event            2
 Added good helicity           11   4.6084351895547524       in event            2
 Added good helicity           14  0.57334460292616007       in event            2
 Added good helicity           19  0.57334460292615996       in event            2
 Added good helicity           22   4.6084351895547515       in event            2
 Added good helicity           27  3.46462886434646352E-004  in event            2
 Iteration  1   Mean: 0.1215E+09 Abs mean: 0.1215E+09   Fluctuation:  0.890E+07   0.589E+10    99.4%
  1    0.1215E+09 0.1215E+09 +- 0.8900E+07      2.32
 Writing out events   13577.045988463076        2.3169832949210418     
 Relative summed weights:
  0.1701E+00  0.0000E+00
  0.1409E+00  0.0000E+00
  0.1482E+00  0.0000E+00
  0.2138E+00  0.0000E+00
  0.1607E+00  0.0000E+00
  0.1662E+00  0.0000E+00
 Relative number of events:
  0.1730E+00  0.0000E+00
  0.1480E+00  0.0000E+00
  0.1570E+00  0.0000E+00
  0.1770E+00  0.0000E+00
  0.1800E+00  0.0000E+00
  0.1650E+00  0.0000E+00
 Events:
         173           0
         148           0
         157           0
         177           0
         180           0
         165           0
 Iteration  2   Mean: 0.1152E+09 Abs mean: 0.1152E+09   Fluctuation:  0.792E+07   0.118E+11    99.3%
  2    0.1152E+09 0.1152E+09 +- 0.7924E+07      3.08
 Relative summed weights:
  0.1591E+00  0.0000E+00
  0.1802E+00  0.0000E+00
  0.1594E+00  0.0000E+00
  0.1574E+00  0.0000E+00
  0.2024E+00  0.0000E+00
  0.1415E+00  0.0000E+00
 Relative number of events:
  0.1700E+00  0.0000E+00
  0.1560E+00  0.0000E+00
  0.1675E+00  0.0000E+00
  0.1695E+00  0.0000E+00
  0.1760E+00  0.0000E+00
  0.1610E+00  0.0000E+00
 Events:
         340           0
         312           0
         335           0
         339           0
         352           0
         322           0
 Iteration  3   Mean: 0.1439E+09 Abs mean: 0.1439E+09   Fluctuation:  0.129E+08   0.328E+11    99.4%
  3    0.1439E+09 0.1439E+09 +- 0.1285E+08      5.65
 Relative summed weights:
  0.1805E+00  0.0000E+00
  0.1269E+00  0.0000E+00
  0.1902E+00  0.0000E+00
  0.1826E+00  0.0000E+00
  0.1240E+00  0.0000E+00
  0.1958E+00  0.0000E+00
 Relative number of events:
  0.1745E+00  0.0000E+00
  0.1645E+00  0.0000E+00
  0.1698E+00  0.0000E+00
  0.1557E+00  0.0000E+00
  0.1625E+00  0.0000E+00
  0.1730E+00  0.0000E+00
 Events:
         698           0
         658           0
         679           0
         623           0
         650           0
         692           0
 Found          358  events.
 Wrote           23  events.
 Actual xsec    124305649.71505135     
 Correct abs xsec    124305649.71505135     
 Event xsec    124305649.71505132     
 Events wgts > 1:            1
 % Cross section > 1:    672163.40178988408       0.54073439407677737     
 Checking number of events   5208.5310287103666               23  chi2:    1.8799156481866341     
 Found          358  events.
 Wrote           20  events.
 Actual xsec    124305649.71505135     
 Correct abs xsec    124305649.71505135     
 Event xsec    124305649.71505131     
 Events wgts > 1:            1
 % Cross section > 1:    772361.44845860638       0.62134058285291804     
 Iteration  4   Mean: 0.1200E+09 Abs mean: 0.1200E+09   Fluctuation:  0.433E+07   0.169E+11    99.1%
  4    0.1200E+09 0.1200E+09 +- 0.4335E+07      3.23
 Relative summed weights:
  0.1459E+00  0.0000E+00
  0.1570E+00  0.0000E+00
  0.1639E+00  0.0000E+00
  0.1860E+00  0.0000E+00
  0.1713E+00  0.0000E+00
  0.1760E+00  0.0000E+00
 Relative number of events:
  0.1658E+00  0.0000E+00
  0.1653E+00  0.0000E+00
  0.1693E+00  0.0000E+00
  0.1574E+00  0.0000E+00
  0.1754E+00  0.0000E+00
  0.1670E+00  0.0000E+00
 Events:
        1326           0
        1322           0
        1354           0
        1259           0
        1403           0
        1336           0
 Found          608  events.
 Wrote           72  events.
 Actual xsec    121766487.54494025     
 Correct abs xsec    121766487.54494025     
 Event xsec    121766487.54494008     
 Events wgts > 1:            3
 % Cross section > 1:    1119427.6954626129       0.91932330317852706     
 Checking number of events   5102.1375946205408               72  chi2:    1.9187617788617299     
 Found          608  events.
 Wrote           88  events.
 Actual xsec    121766487.54494025     
 Correct abs xsec    121766487.54494025     
 Event xsec    121766487.54493991     
 Events wgts > 1:            3
 % Cross section > 1:    917428.86671701260       0.75343297258075259     
 Iteration  5   Mean: 0.1175E+09 Abs mean: 0.1175E+09   Fluctuation:  0.285E+07   0.208E+11    99.2%
  5    0.1175E+09 0.1175E+09 +- 0.2848E+07      3.07
 Relative summed weights:
  0.1625E+00  0.0000E+00
  0.1509E+00  0.0000E+00
  0.1579E+00  0.0000E+00
  0.1987E+00  0.0000E+00
  0.1655E+00  0.0000E+00
  0.1646E+00  0.0000E+00
 Relative number of events:
  0.1666E+00  0.0000E+00
  0.1633E+00  0.0000E+00
  0.1726E+00  0.0000E+00
  0.1676E+00  0.0000E+00
  0.1626E+00  0.0000E+00
  0.1673E+00  0.0000E+00
 Events:
        2665           0
        2613           0
        2762           0
        2681           0
        2602           0
        2677           0
 Found         1449  events.
 Wrote          159  events.
 Actual xsec    119515298.77711304     
 Correct abs xsec    119515298.77711304     
 Event xsec    119515298.77711344     
 Events wgts > 1:            3
 % Cross section > 1:    1103481.2650667927       0.92329708109143238     
 Checking number of events   5007.8105340598131              159  chi2:    2.0534806848989531     
 Found         1449  events.
 Wrote          157  events.
 Actual xsec    119515298.77711304     
 Correct abs xsec    119515298.77711304     
 Event xsec    119515298.77711301     
 Events wgts > 1:            3
 % Cross section > 1:    1117406.9246788598       0.93494886103471919     
 Iteration  6   Mean: 0.1188E+09 Abs mean: 0.1188E+09   Fluctuation:  0.194E+07   0.215E+11    99.3%
  6    0.1188E+09 0.1188E+09 +- 0.1936E+07      2.92
 Relative summed weights:
  0.1635E+00  0.0000E+00
  0.1623E+00  0.0000E+00
  0.1644E+00  0.0000E+00
  0.1593E+00  0.0000E+00
  0.1622E+00  0.0000E+00
  0.1884E+00  0.0000E+00
 Relative number of events:
  0.1645E+00  0.0000E+00
  0.1690E+00  0.0000E+00
  0.1685E+00  0.0000E+00
  0.1666E+00  0.0000E+00
  0.1640E+00  0.0000E+00
  0.1674E+00  0.0000E+00
 Events:
        5263           0
        5407           0
        5392           0
        5332           0
        5248           0
        5358           0
 Found         2934  events.
 Wrote          271  events.
 Actual xsec    118564154.01088992     
 Correct abs xsec    118564154.01088992     
 Event xsec    118564154.01088962     
 Events wgts > 1:            6
 % Cross section > 1:    629122.24638617877       0.53061758137151349     
 Checking number of events   4967.9566172102977              271  chi2:   0.12388714566899078     
 Found         2934  events.
 Wrote          284  events.
 Actual xsec    118564154.01088992     
 Correct abs xsec    118564154.01088992     
 Event xsec    118564154.01088911     
 Events wgts > 1:            6
 % Cross section > 1:    600470.24429432093       0.50645175964328382     
 Iteration  7   Mean: 0.1233E+09 Abs mean: 0.1233E+09   Fluctuation:  0.534E+07   0.315E+12    99.2%
  7    0.1233E+09 0.1233E+09 +- 0.5344E+07     10.97
 Relative summed weights:
  0.1714E+00  0.0000E+00
  0.1546E+00  0.0000E+00
  0.1567E+00  0.0000E+00
  0.1615E+00  0.0000E+00
  0.1982E+00  0.0000E+00
  0.1575E+00  0.0000E+00
 Relative number of events:
  0.1649E+00  0.0000E+00
  0.1673E+00  0.0000E+00
  0.1664E+00  0.0000E+00
  0.1705E+00  0.0000E+00
  0.1653E+00  0.0000E+00
  0.1657E+00  0.0000E+00
 Events:
       10554           0
       10706           0
       10647           0
       10911           0
       10577           0
       10605           0
 Found         5794  events.
 Wrote           22  events.
 Actual xsec    118803721.86039276     
 Correct abs xsec    118803721.86039276     
 Event xsec    118803721.86039281     
 Events wgts > 1:            1
 % Cross section > 1:   0.91450329031795263       7.69759798765052745E-007
 Checking number of events   4977.9947496723171               22  chi2:   0.45156706193839169     
 Found         5794  events.
 Wrote           27  events.
 Actual xsec    118803721.86039276     
 Correct abs xsec    118803721.86039276     
 Event xsec    118803721.86039278     
 Events wgts > 1:            1
 % Cross section > 1:   0.74515083059668541       6.27211689102062231E-007
 Iteration  8   Mean: 0.1207E+09 Abs mean: 0.1207E+09   Fluctuation:  0.164E+07   0.133E+12    99.2%
  8    0.1207E+09 0.1207E+09 +- 0.1643E+07      4.87
 Relative summed weights:
  0.1682E+00  0.0000E+00
  0.1578E+00  0.0000E+00
  0.1780E+00  0.0000E+00
  0.1615E+00  0.0000E+00
  0.1680E+00  0.0000E+00
  0.1665E+00  0.0000E+00
 Relative number of events:
  0.1644E+00  0.0000E+00
  0.1659E+00  0.0000E+00
  0.1667E+00  0.0000E+00
  0.1685E+00  0.0000E+00
  0.1677E+00  0.0000E+00
  0.1669E+00  0.0000E+00
 Events:
       21039           0
       21229           0
       21334           0
       21569           0
       21461           0
       21368           0
 Found        11155  events.
 Wrote          315  events.
 Actual xsec    120093872.56017610     
 Correct abs xsec    120093872.56017610     
 Event xsec    120093872.56017713     
 Events wgts > 1:            3
 % Cross section > 1:    762695.17637662403       0.63508250680687273     
 Checking number of events   5032.0533541439390              315  chi2:   0.48791728259898776     
 Found        11155  events.
 Wrote          291  events.
 Actual xsec    120093872.56017610     
 Correct abs xsec    120093872.56017610     
 Event xsec    120093872.56017594     
 Events wgts > 1:            3
 % Cross section > 1:    825165.66656846483       0.68710055640432088     
 Iteration  9   Mean: 0.1197E+09 Abs mean: 0.1197E+09   Fluctuation:  0.996E+06   0.142E+12    99.3%
  9    0.1197E+09 0.1197E+09 +- 0.9959E+06      4.21
 Relative summed weights:
  0.1688E+00  0.0000E+00
  0.1668E+00  0.0000E+00
  0.1655E+00  0.0000E+00
  0.1641E+00  0.0000E+00
  0.1705E+00  0.0000E+00
  0.1644E+00  0.0000E+00
 Relative number of events:
  0.1680E+00  0.0000E+00
  0.1666E+00  0.0000E+00
  0.1669E+00  0.0000E+00
  0.1658E+00  0.0000E+00
  0.1665E+00  0.0000E+00
  0.1662E+00  0.0000E+00
 Events:
       43011           0
       42637           0
       42724           0
       42456           0
       42631           0
       42541           0
 Found        22952  events.
 Wrote         1551  events.
 Actual xsec    120049361.69560781     
 Correct abs xsec    120049361.69560781     
 Event xsec    120049361.69560848     
 Events wgts > 1:           21
 % Cross section > 1:    1192370.1811923333       0.99323325368080773     
 Checking number of events   5030.1883044076621             1551  chi2:   0.33189651201790221     
 Found        22952  events.
 Wrote         1564  events.
 Actual xsec    120049361.69560781     
 Correct abs xsec    120049361.69560781     
 Event xsec    120049361.69560371     
 Events wgts > 1:           21
 % Cross section > 1:    1182556.8050805111       0.98505880279396529     

 -------------------------------------------------------------------------------
 Accumulated results:   Integral =  0.1198E+09
                        Std dev  =  0.7274E+06
                       Cross sec =  0.1198E+09
             Chi**2 per DoF.     =      0.8895
 -------------------------------------------------------------------------------
-------------------------------------------------
---------------------------
 Results Last   3 iters: Integral =   0.1200E+09
                     Abs integral =   0.1200E+09
                          Std dev =   0.8411E+06
                  Chi**2 per DoF. =      0.3319
-------------------------------------------------
---------------------------
 Status -4.19009999999999974E-005          10           9
 Trying w/ fresh grid
 Starting w/ ncall =         4000
 Keeping grid fixed.
  5 dimensions   4000 events  5 invarients  8 iterations  1 config(s),  (0.99)
 Using h-tuple random number sequence.
 Error opening grid
 Using Uniform Grid!
 Using uniform alpha   1.0000000000000000     
 Grid defined OK
 Warning: No cutoff for shat integral found
          Minimum set to    204.08163265306121     
Setting grid   1    0.20408E+03   1
 Warning: No cutoff for shat integral found
          Minimum set to    204.08163265306121     
Setting grid   2    0.20408E+03   1
Warning xbin not returning correct x   2  0.999970E+00  0.991600E+00  0.2837E+03
Warning xbin not returning correct x   2  0.999982E+00  0.994811E+00  0.2837E+03
Warning xbin not returning correct x   2  0.999963E+00  0.989551E+00  0.2837E+03
Warning xbin not returning correct x   2  0.999995E+00  0.998492E+00  0.2837E+03
Warning xbin not returning correct x   2  0.999988E+00  0.996470E+00  0.2837E+03
Warning xbin still not working well. Last message this iteration.
 Iteration  1   Mean: 0.2026E+08 Abs mean: 0.2026E+08   Fluctuation:  0.445E+07   0.151E+11    99.3%
  1    0.2026E+08 0.2026E+08 +- 0.4454E+07     13.90
 Relative summed weights:
  0.1177E+00  0.0000E+00
  0.2633E+00  0.0000E+00
  0.1903E+00  0.0000E+00
  0.1333E+00  0.0000E+00
  0.1170E+00  0.0000E+00
  0.1784E+00  0.0000E+00
 Relative number of events:
  0.1690E+00  0.0000E+00
  0.1755E+00  0.0000E+00
  0.1598E+00  0.0000E+00
  0.1683E+00  0.0000E+00
  0.1517E+00  0.0000E+00
  0.1757E+00  0.0000E+00
 Events:
         676           0
         702           0
         639           0
         673           0
         607           0
         703           0
Warning xbin not returning correct x   1  0.986797E+00  0.999803E+00  0.1513E-01
Warning xbin not returning correct x   1  0.985358E+00  0.999782E+00  0.1513E-01
Warning xbin not returning correct x   1  0.987822E+00  0.999818E+00  0.1513E-01
Warning xbin not returning correct x   1  0.997621E+00  0.999965E+00  0.1513E-01
Warning xbin not returning correct x   1  0.986461E+00  0.999798E+00  0.1513E-01
Warning xbin still not working well. Last message this iteration.
 Iteration  2   Mean: 0.2875E+07 Abs mean: 0.2875E+07   Fluctuation:  0.212E+06   0.966E+09    92.7%
  2    0.2875E+07 0.2875E+07 +- 0.2117E+06      6.59
 Relative summed weights:
  0.1867E+00  0.0000E+00
  0.1416E+00  0.0000E+00
  0.2148E+00  0.0000E+00
  0.1732E+00  0.0000E+00
  0.1432E+00  0.0000E+00
  0.1405E+00  0.0000E+00
 Relative number of events:
  0.1648E+00  0.0000E+00
  0.1671E+00  0.0000E+00
  0.1680E+00  0.0000E+00
  0.1701E+00  0.0000E+00
  0.1676E+00  0.0000E+00
  0.1624E+00  0.0000E+00
 Events:
        1318           0
        1337           0
        1344           0
        1361           0
        1341           0
        1299           0
 Iteration  3   Mean: 0.2792E+08 Abs mean: 0.2792E+08   Fluctuation:  0.436E+07   0.467E+11   100.0%
  3    0.2792E+08 0.2792E+08 +- 0.4359E+07     19.75
 Relative summed weights:
  0.1806E+00  0.0000E+00
  0.1636E+00  0.0000E+00
  0.9892E-01  0.0000E+00
  0.1469E+00  0.0000E+00
  0.1098E+00  0.0000E+00
  0.3002E+00  0.0000E+00
 Relative number of events:
  0.1672E+00  0.0000E+00
  0.1689E+00  0.0000E+00
  0.1703E+00  0.0000E+00
  0.1604E+00  0.0000E+00
  0.1695E+00  0.0000E+00
  0.1638E+00  0.0000E+00
 Events:
        2675           0
        2703           0
        2724           0
        2566           0
        2712           0
        2620           0
 Found         1889  events.
 Wrote            7  events.
 Actual xsec    8510285.4425765760     
 Correct abs xsec    8510285.4425765760     
 Event xsec    8510285.4425765742     
 Events wgts > 1:            0
 % Cross section > 1:    0.0000000000000000        0.0000000000000000     
 Checking number of events   356.58947032940108                7  chi2:    367.71097836946245     
 Found         1889  events.
 Wrote            9  events.
 Actual xsec    8510285.4425765760     
 Correct abs xsec    8510285.4425765760     
 Event xsec    8510285.4425765742     
 Events wgts > 1:            0
 % Cross section > 1:    0.0000000000000000        0.0000000000000000     
 Iteration  4   Mean: 0.1053E+09 Abs mean: 0.1053E+09   Fluctuation:  0.404E+08   0.118E+13    99.9%
  4    0.1053E+09 0.1053E+09 +- 0.4040E+08     68.66
 Relative summed weights:
  0.6747E-01  0.0000E+00
  0.7262E-01  0.0000E+00
  0.6099E-01  0.0000E+00
  0.1275E+00  0.0000E+00
  0.2083E+00  0.0000E+00
  0.4631E+00  0.0000E+00
 Relative number of events:
  0.1727E+00  0.0000E+00
  0.1655E+00  0.0000E+00
  0.1639E+00  0.0000E+00
  0.1659E+00  0.0000E+00
  0.1678E+00  0.0000E+00
  0.1642E+00  0.0000E+00
 Events:
        5527           0
