 Process in group number            0
 No PDF is used, alpha_s(MZ) from param_card is used
 Value of alpha_s from param_card:   0.11800000071525575     
 The default order of alpha_s running is fixed to            2
<<<<<<< HEAD
=======
 Warning: pt or E min of a gamma should in general be >0
>>>>>>> 911b5ec345c81b054214c521136984e9d6306827
 *****************************************************
 *               MadGraph/MadEvent                   *
 *        --------------------------------           *
 *          http://madgraph.hep.uiuc.edu             *
 *          http://madgraph.phys.ucl.ac.be           *
 *          http://madgraph.roma2.infn.it            *
 *        --------------------------------           *
 *                                                   *
 *          PARAMETER AND COUPLING VALUES            *
 *                                                   *
 *****************************************************

  External Params
  ---------------------------------
  
 aEWM1 =    132.50700378417969     
 mdl_Gf =   1.16639000000000003E-005
 aS =   0.11800000071525575     
 mdl_ymb =    4.6999998092651367     
 mdl_ymt =    173.00000000000000     
 mdl_yme =   5.10999991092830896E-004
 mdl_ymm =   0.10565999895334244     
 mdl_ymtau =    1.7769999504089355     
 mdl_MZ =    91.188003540039063     
 mdl_MT =    173.00000000000000     
 mdl_MB =    4.6999998092651367     
 mdl_MH =    125.00000000000000     
 mdl_Me =   5.10999991092830896E-004
 mdl_MM =   0.10565999895334244     
 mdl_MTA =    1.7769999504089355     
 mdl_WZ =    2.4414041042327881     
 mdl_WW =    2.0476000308990479     
 mdl_WT =    1.4915000200271606     
 mdl_WH =   6.38233916833996773E-003
 mdl_WTau =   2.26999999999999982E-012
  Internal Params
  ---------------------------------
  
 mdl_conjg__CKM3x3 =    1.0000000000000000     
 mdl_CKM3x3 =    1.0000000000000000     
 mdl_conjg__CKM1x1 =    1.0000000000000000     
 mdl_complexi =  (  0.0000000000000000     ,  1.0000000000000000     )
 mdl_MZ__exp__2 =    8315.2519896181766     
 mdl_MZ__exp__4 =    69143415.650849044     
 mdl_sqrt__2 =    1.4142135623730951     
 mdl_MH__exp__2 =    15625.000000000000     
 mdl_aEW =   7.54677089845565054E-003
 mdl_MW =    80.419007276179556     
 mdl_sqrt__aEW =   8.68721526063194194E-002
 mdl_ee =   0.30795376284704501     
 mdl_MW__exp__2 =    6467.2167312862202     
 mdl_sw2 =   0.22224645274001076     
 mdl_cw =   0.88190336616887299     
 mdl_sqrt__sw2 =   0.47143022043565552     
 mdl_sw =   0.47143022043565552     
 mdl_g1 =   0.34919218438279087     
 mdl_gw =   0.65323296958447097     
 mdl_vev =    246.21845810181631     
 mdl_vev__exp__2 =    60623.529110035874     
 mdl_lam =   0.12886910601690271     
 mdl_yb =   2.69955531549349904E-002
 mdl_ye =   2.93504850670934038E-006
 mdl_ym =   6.06883028478528356E-004
 mdl_yt =   0.99366614581500645     
 mdl_ytau =   1.02066167158167895E-002
 mdl_muH =    88.388347648318444     
 mdl_I1x33 =  ( 2.69955531549349904E-002,  0.0000000000000000     )
 mdl_I2x33 =  ( 0.99366614581500645     ,  0.0000000000000000     )
 mdl_I3x33 =  ( 0.99366614581500645     ,  0.0000000000000000     )
 mdl_I4x33 =  ( 2.69955531549349904E-002,  0.0000000000000000     )
 mdl_ee__exp__2 =   9.48355200516540348E-002
 mdl_sw__exp__2 =   0.22224645274001076     
 mdl_cw__exp__2 =   0.77775354725998924     
  Internal Params evaluated point by point
  ----------------------------------------
  
 mdl_sqrt__aS =   0.34351128178744839     
 mdl_G__exp__2 =    1.4828317414825511     
  Couplings of sm-lepton_masses
  ---------------------------------
  
         GC_3 =  -0.00000E+00  -0.30795E+00
        GC_50 =  -0.00000E+00  -0.28804E+00
        GC_59 =   0.00000E+00   0.82310E-01
        GC_89 =  -0.00000E+00  -0.20754E-05

 Collider parameters:
 --------------------

<<<<<<< HEAD
 Running at e e   machine @   7.14879999999999960E-002  GeV
=======
 Running at e e   machine @   7.00000000000000067E-002  GeV
>>>>>>> 911b5ec345c81b054214c521136984e9d6306827
 PDF set = none   
 alpha_s(Mz)= 0.1180 running at 2 loops.
 alpha_s(Mz)= 0.1180 running at 2 loops.
 Renormalization scale fixed @    91.188000000000002     
 Factorization scales  fixed @    91.188000000000002        91.188000000000002     


 getting user params
Enter number of events and max and min iterations: 
 Number of events and iterations         2000           9           3
Enter desired fractional accuracy: 
<<<<<<< HEAD
 Desired fractional accuracy:  -5.74259999999999987E-006
=======
 Desired fractional accuracy:  -6.26620000000000013E-037
>>>>>>> 911b5ec345c81b054214c521136984e9d6306827
Enter 0 for fixed, 2 for adjustable grid: 
Suppress amplitude (0 no, 1 yes)? 
 Using suppressed amplitude.
Exact helicity sum (0 yes, n = number/event)? 
 Explicitly summing over helicities
Enter Configuration Number: 
Running Configuration Number:   16
 Not subdividing B.W.
 Attempting mappinvarients           1           5
 Completed mapping           5
 about to integrate            5        2000           9           3           5           1
<<<<<<< HEAD
 Using non-zero grid deformation.
  5 dimensions   2000 events  5 invarients  9 iterations  1 config(s),  (0.99)
 Using h-tuple random number sequence.
 Error opening grid
 Using Uniform Grid!
 Using uniform alpha   1.0000000000000000     
 Grid defined OK
 Set CM energy to          0.07
 Mapping Graph          16  to config          16
Setting grid   1    0.51095E-04   1
Setting grid   2    0.51095E-04   1
=======
 Keeping grid fixed.
  5 dimensions   2000 events  5 invarients  9 iterations  1 config(s),  (0.99)
 Using h-tuple random number sequence.
 Grid read from file
 Grid defined OK
 Set CM energy to          0.07
 Mapping Graph          16  to config          16
 No modification is setgrid, grid read from file
 No modification is setgrid, grid read from file
>>>>>>> 911b5ec345c81b054214c521136984e9d6306827
 Masses: 0.511E-03 0.511E-03 0.000E+00 0.511E-03 0.511E-03
  16   1   2   3   4   5
 Got moffset          26
Using random seed offsets    16 :      1
<<<<<<< HEAD
  with seed                   87
 Ranmar initialization seeds       17628        1303
=======
  with seed                   30
 Ranmar initialization seeds        8307        1244
>>>>>>> 911b5ec345c81b054214c521136984e9d6306827
  Particle       3       4       5
      Et >     0.0     0.0     0.0
       E >     0.0     0.0     0.0
     Eta <    -1.0    -1.0    -1.0
   xqcut:      0.0     0.0     0.0
d R # 3  >    -0.0     0.0     0.0
<<<<<<< HEAD
d R # 4  >    -0.0    -0.0     0.0
=======
d R # 4  >    -0.0    -0.0     0.4
>>>>>>> 911b5ec345c81b054214c521136984e9d6306827
s min # 3>     0.0     0.0     0.0
s min # 4>     0.0     0.0     0.0
xqcutij # 3>     0.0     0.0     0.0
xqcutij # 4>     0.0     0.0     0.0
 alpha_s for scale    91.188000000000002       is   0.11800000071525575     
<<<<<<< HEAD
 Added good helicity            1   4.9693502900242965       in event            1
 Added good helicity            2  1.30510985999365853E-002  in event            1
 Added good helicity            3  1.59971020655118157E-006  in event            1
 Added good helicity            5   3.1213583483959537       in event            1
 Added good helicity            6  1.56962728512259844E-006  in event            1
 Added good helicity            7  1.00690138942952523E-006  in event            1
 Added good helicity            9  1.57043448714279439E-006  in event            1
 Added good helicity           10   3.0437679494162801       in event            1
 Added good helicity           12  1.00571056331543682E-006  in event            1
 Added good helicity           13  1.26224612572036678E-002  in event            1
 Added good helicity           14   4.8398414622717425       in event            1
 Added good helicity           16  1.60105632428948068E-006  in event            1
 Added good helicity           17  1.60105632842667822E-006  in event            1
 Added good helicity           19   4.8398414747719132       in event            1
 Added good helicity           20  1.26224612938078042E-002  in event            1
 Added good helicity           21  1.00571056589699588E-006  in event            1
 Added good helicity           23   3.0437679572778387       in event            1
 Added good helicity           24  1.57043449124728756E-006  in event            1
 Added good helicity           26  1.00690138687251233E-006  in event            1
 Added good helicity           27  1.56962728927042455E-006  in event            1
 Added good helicity           28   3.1213583483964058       in event            1
 Added good helicity           30  1.59971020224999062E-006  in event            1
 Added good helicity           31  1.30510985957466002E-002  in event            1
 Added good helicity           32   4.9693502900237316       in event            1
 Added good helicity           11  6.23138777866932836E-002  in event            3
 Added good helicity           15  5.88790322653788122E-003  in event            3
 Added good helicity           18  5.88790323626061946E-003  in event            3
 Added good helicity           22  6.23138776149298329E-002  in event            3
 Added good helicity            4  1.41962549172188633E-006  in event           22
 Added good helicity           29  1.41962549181239625E-006  in event           22
 Iteration  1   Mean: 0.2312E+10 Abs mean: 0.2312E+10   Fluctuation:  0.173E+09   0.114E+12    83.4%
  1    0.2312E+10 0.2312E+10 +- 0.1734E+09      3.35
 Writing out events   153916.79395376629        3.3537042708196605     
=======
 Added good helicity            1   4.3095080393130383       in event            1
 Added good helicity            2  9.74954480571379491E-003  in event            1
 Added good helicity            5   3.6807424157661948       in event            1
 Added good helicity           10   3.6807424157517672       in event            1
 Added good helicity           13  9.74954480567637692E-003  in event            1
 Added good helicity           14   4.3095080392961487       in event            1
 Added good helicity           19   4.3095080392961487       in event            1
 Added good helicity           20  9.74954480567636304E-003  in event            1
 Added good helicity           23   3.6807424157517672       in event            1
 Added good helicity           28   3.6807424157661948       in event            1
 Added good helicity           31  9.74954480571380878E-003  in event            1
 Added good helicity           32   4.3095080393130383       in event            1
 Added good helicity            3  1.77654965121691343E-005  in event            2
 Added good helicity            6  1.77161115447219398E-005  in event            2
 Added good helicity            7  1.73456175231226340E-005  in event            2
 Added good helicity            9  1.77371249534157917E-005  in event            2
 Added good helicity           11  2.79253606147565874E-003  in event            2
 Added good helicity           12  1.83646214808732396E-005  in event            2
 Added good helicity           15  2.71226029443314689E-003  in event            2
 Added good helicity           16  1.77716348424610436E-005  in event            2
 Added good helicity           17  1.77716363009458251E-005  in event            2
 Added good helicity           18  2.71226029444896063E-003  in event            2
 Added good helicity           21  1.83646229358382841E-005  in event            2
 Added good helicity           22  2.79253606142510023E-003  in event            2
 Added good helicity           24  1.77371264094292089E-005  in event            2
 Added good helicity           26  1.73456161012948939E-005  in event            2
 Added good helicity           27  1.77161130006938422E-005  in event            2
 Added good helicity           30  1.77654950538262647E-005  in event            2
 Added good helicity            4  1.68845130824853640E-006  in event            5
 Added good helicity           29  1.68845130819639834E-006  in event            5
 Iteration  1   Mean: 0.1604E+36 Abs mean: 0.1604E+36   Fluctuation:  0.132E+36   0.257E+39    99.3%
  1    0.1604E+36 0.1604E+36 +- 0.1321E+36     36.83
 Writing out events  8.97936124910871384E+030   36.829539417118525     
>>>>>>> 911b5ec345c81b054214c521136984e9d6306827
 Relative summed weights:
  0.1000E+01  0.0000E+00
 Relative number of events:
  0.1000E+01  0.0000E+00
 Events:
        2000           0
<<<<<<< HEAD
 Iteration  2   Mean: 0.2377E+10 Abs mean: 0.2377E+10   Fluctuation:  0.627E+08   0.370E+11    85.1%
  2    0.2377E+10 0.2377E+10 +- 0.6267E+08      1.67
=======
 Iteration  2   Mean: 0.1578E+36 Abs mean: 0.1578E+36   Fluctuation:  0.149E+36   0.596E+39    99.1%
  2    0.1578E+36 0.1578E+36 +- 0.1492E+36     59.80
>>>>>>> 911b5ec345c81b054214c521136984e9d6306827
 Relative summed weights:
  0.1000E+01  0.0000E+00
 Relative number of events:
  0.1000E+01  0.0000E+00
 Events:
        4000           0
<<<<<<< HEAD
 Iteration  3   Mean: 0.2405E+10 Abs mean: 0.2405E+10   Fluctuation:  0.356E+08   0.301E+11    81.0%
  3    0.2405E+10 0.2405E+10 +- 0.3559E+08      1.32
=======
 Iteration  3   Mean: 0.5868E+34 Abs mean: 0.5868E+34   Fluctuation:  0.274E+34   0.157E+38    99.5%
  3    0.5868E+34 0.5868E+34 +- 0.2737E+34     41.72
>>>>>>> 911b5ec345c81b054214c521136984e9d6306827
 Relative summed weights:
  0.1000E+01  0.0000E+00
 Relative number of events:
  0.1000E+01  0.0000E+00
 Events:
        8000           0
<<<<<<< HEAD
 Found          991  events.
 Wrote          986  events.
 Actual xsec    2395433613.4593563     
 Correct abs xsec    2395433613.4593563     
 Event xsec    2395433613.4593992     
 Events wgts > 1:            9
 % Cross section > 1:    5122623.1195864212       0.21384951312378525     
 Checking number of events   13756.017068651699              986  chi2:   0.19482731074572701     
 Found          991  events.
 Wrote          986  events.
 Actual xsec    2395433613.4593563     
 Correct abs xsec    2395433613.4593563     
 Event xsec    2395433613.4593992     
 Events wgts > 1:            9
 % Cross section > 1:    5122623.1195864212       0.21384951312378525     
 Iteration  4   Mean: 0.2448E+10 Abs mean: 0.2448E+10   Fluctuation:  0.228E+08   0.352E+11    77.6%
  4    0.2448E+10 0.2448E+10 +- 0.2282E+08      1.18
=======
 Found           12  events.
 Wrote            2  events.
 Actual xsec   6.12160540655564047E+034
 Correct abs xsec   6.12160540655564047E+034
 Event xsec   6.12160540655564047E+034
 Events wgts > 1:            0
 % Cross section > 1:    0.0000000000000000        0.0000000000000000     
 Checking number of events  3.83592037985589565E-002           2  chi2:    204.88971979002139     
 Found           12  events.
 Wrote            2  events.
 Actual xsec   6.12160540655564047E+034
 Correct abs xsec   6.12160540655564047E+034
 Event xsec   6.12160540655564047E+034
 Events wgts > 1:            0
 % Cross section > 1:    0.0000000000000000        0.0000000000000000     
 Iteration  4   Mean: 0.2142E+35 Abs mean: 0.2142E+35   Fluctuation:  0.153E+35   0.241E+39    99.3%
  4    0.2142E+35 0.2142E+35 +- 0.1530E+35     90.40
>>>>>>> 911b5ec345c81b054214c521136984e9d6306827
 Relative summed weights:
  0.1000E+01  0.0000E+00
 Relative number of events:
  0.1000E+01  0.0000E+00
 Events:
       16000           0
<<<<<<< HEAD
 Found         2095  events.
 Wrote         2091  events.
 Actual xsec    2430618640.1673532     
 Correct abs xsec    2430618640.1673532     
 Event xsec    2430618640.1674190     
 Events wgts > 1:           11
 % Cross section > 1:    4394532.3545657992       0.18079892427152239     
 Checking number of events   13958.070603025042             2091  chi2:   0.91715418537061510     
 Found         2095  events.
 Wrote         2091  events.
 Actual xsec    2430618640.1673532     
 Correct abs xsec    2430618640.1673532     
 Event xsec    2430618640.1674190     
 Events wgts > 1:           11
 % Cross section > 1:    4394532.3545657992       0.18079892427152239     
 Iteration  5   Mean: 0.2414E+10 Abs mean: 0.2414E+10   Fluctuation:  0.153E+08   0.706E+11    73.7%
  5    0.2414E+10 0.2414E+10 +- 0.1529E+08      1.13
=======
 Found           88  events.
 Wrote            1  events.
 Actual xsec   3.19905020283695986E+034
 Correct abs xsec   3.19905020283695986E+034
 Event xsec   3.19905020283695986E+034
 Events wgts > 1:            0
 % Cross section > 1:    0.0000000000000000        0.0000000000000000     
 Checking number of events  2.00458883810169589E-002           1  chi2:    46.124313257286232     
 Found           88  events.
 Wrote            2  events.
 Actual xsec   3.19905020283695986E+034
 Correct abs xsec   3.19905020283695986E+034
 Event xsec   3.19905020283695986E+034
 Events wgts > 1:            0
 % Cross section > 1:    0.0000000000000000        0.0000000000000000     
 Iteration  5   Mean: 0.1512E+35 Abs mean: 0.1512E+35   Fluctuation:  0.631E+34   0.162E+39    99.2%
  5    0.1512E+35 0.1512E+35 +- 0.6307E+34     74.65
>>>>>>> 911b5ec345c81b054214c521136984e9d6306827
 Relative summed weights:
  0.1000E+01  0.0000E+00
 Relative number of events:
  0.1000E+01  0.0000E+00
 Events:
       32000           0
<<<<<<< HEAD
 Found         4273  events.
 Wrote         4268  events.
 Actual xsec    2422705352.6718817     
 Correct abs xsec    2422705352.6718817     
 Event xsec    2422705352.6719451     
 Events wgts > 1:           18
 % Cross section > 1:    6685377.4777419986       0.27594678281322377     
 Checking number of events   13912.627758253548             4268  chi2:   0.87253942517214855     
 Found         4273  events.
 Wrote         4268  events.
 Actual xsec    2422705352.6718817     
 Correct abs xsec    2422705352.6718817     
 Event xsec    2422705352.6719451     
 Events wgts > 1:           18
 % Cross section > 1:    6685377.4777419986       0.27594678281322377     
 Iteration  6   Mean: 0.2425E+10 Abs mean: 0.2425E+10   Fluctuation:  0.107E+08   0.127E+12    71.2%
  6    0.2425E+10 0.2425E+10 +- 0.1073E+08      1.12
 Relative summed weights:
  0.1000E+01  0.0000E+00
 Relative number of events:
  0.1000E+01  0.0000E+00
 Events:
       64000           0
 Found         8987  events.
 Wrote         8982  events.
 Actual xsec    2425167303.9545312     
 Correct abs xsec    2425167303.9545312     
 Event xsec    2425167303.9545112     
 Events wgts > 1:           49
 % Cross section > 1:    7563518.9296533773       0.31187617107158749     
 Checking number of events   13926.765759689291             8982  chi2:   0.73045869789294904     
 Found         8987  events.
 Wrote         8982  events.
 Actual xsec    2425167303.9545312     
 Correct abs xsec    2425167303.9545312     
 Event xsec    2425167303.9545112     
 Events wgts > 1:           49
 % Cross section > 1:    7563518.9296533773       0.31187617107158749     
 Iteration  7   Mean: 0.2429E+10 Abs mean: 0.2429E+10   Fluctuation:  0.754E+07   0.109E+12    69.0%
  7    0.2429E+10 0.2429E+10 +- 0.7537E+07      1.11
 Relative summed weights:
  0.1000E+01  0.0000E+00
 Relative number of events:
  0.1000E+01  0.0000E+00
 Events:
      128000           0
 Found        18388  events.
 Wrote        18383  events.
 Actual xsec    2426144482.0854883     
 Correct abs xsec    2426144482.0854883     
 Event xsec    2426144482.0853739     
 Events wgts > 1:          132
 % Cross section > 1:    8451729.3702813592       0.34836051326245582     
 Checking number of events   13932.377302824125            18383  chi2:   0.38395070381373353     

 -------------------------------------------------------------------------------
 Accumulated results:   Integral =  0.2426E+10
                        Std dev  =  0.5458E+07
                       Cross sec =  0.5033E+00
             Chi**2 per DoF.     =
-------------------------------------------------
---------------------------
 Results Last   3 iters: Integral =   0.2426E+10
                     Abs integral =   0.2426E+10
                          Std dev =   0.5719E+07
                  Chi**2 per DoF. =      0.3840
-------------------------------------------------
---------------------------
 Status -5.74259999999999987E-006           8           9
 We found enough events       18383   13932.377302824125     
=======
 Found          104  events.
 Wrote            3  events.
 Actual xsec   1.26627624492293054E+034
 Correct abs xsec   1.26627624492293054E+034
 Event xsec   1.26627624492293031E+034
 Events wgts > 1:            0
 % Cross section > 1:    0.0000000000000000        0.0000000000000000     
 Checking number of events  7.93474020593606770E-003           3  chi2:    3.3194912556015752     

 -------------------------------------------------------------------------------
 Accumulated results:   Integral =  0.3820E+35
                        Std dev  =  0.9900E+34
                       Cross sec =  0.7958E+01
             Chi**2 per DoF.     =
-------------------------------------------------
---------------------------
 Results Last   3 iters: Integral =   0.1266E+35
                     Abs integral =   0.1266E+35
                          Std dev =   0.3611E+34
                  Chi**2 per DoF. =      3.3195
-------------------------------------------------
---------------------------
 Status -6.26620000000000013E-037           6           9
 We found enough events           3  7.93474020593606770E-003
>>>>>>> 911b5ec345c81b054214c521136984e9d6306827

ls status:
events.lhe
ftn25
ftn26
input_sg.txt
<<<<<<< HEAD
moffset.dat
results.dat
run_01_ftn26.gz
run_01_log.txt
run_01_results.dat
run_02_ftn26.gz
run_02_log.txt
run_02_results.dat
run_03_ftn26.gz
run_03_log.txt
run_03_results.dat
=======
log.txt
moffset.dat
results.dat
>>>>>>> 911b5ec345c81b054214c521136984e9d6306827
run1_app.log
