 Process in group number            0
 No PDF is used, alpha_s(MZ) from param_card is used
 Value of alpha_s from param_card:   0.11800000071525575     
 The default order of alpha_s running is fixed to            2
 Warning: pt or E min of a gamma should in general be >0
 Warning: pt or E min of a gamma should in general be >0
 Warning: pt or E min of a gamma should in general be >0
 *****************************************************
 *               MadGraph/MadEvent                   *
 *        --------------------------------           *
 *          http://madgraph.hep.uiuc.edu             *
 *          http://madgraph.phys.ucl.ac.be           *
 *          http://madgraph.roma2.infn.it            *
 *        --------------------------------           *
 *                                                   *
 *          PARAMETER AND COUPLING VALUES            *
 *                                                   *
 *****************************************************

  External Params
  ---------------------------------
  
 aEWM1 =    132.50700378417969     
 mdl_Gf =   1.16639000000000003E-005
 aS =   0.11800000071525575     
 mdl_ymb =    4.6999998092651367     
 mdl_ymt =    173.00000000000000     
 mdl_yme =   5.10999991092830896E-004
 mdl_ymm =   0.10565999895334244     
 mdl_ymtau =    1.7769999504089355     
 mdl_MZ =    91.188003540039063     
 mdl_MT =    173.00000000000000     
 mdl_MB =    4.6999998092651367     
 mdl_MH =    125.00000000000000     
 mdl_Me =   5.10999991092830896E-004
 mdl_MM =   0.10565999895334244     
 mdl_MTA =    1.7769999504089355     
 mdl_WZ =    2.4414041042327881     
 mdl_WW =    2.0476000308990479     
 mdl_WT =    1.4915000200271606     
 mdl_WH =   6.38233916833996773E-003
 mdl_WTau =   2.26999999999999982E-012
  Internal Params
  ---------------------------------
  
 mdl_conjg__CKM3x3 =    1.0000000000000000     
 mdl_CKM3x3 =    1.0000000000000000     
 mdl_conjg__CKM1x1 =    1.0000000000000000     
 mdl_complexi =  (  0.0000000000000000     ,  1.0000000000000000     )
 mdl_MZ__exp__2 =    8315.2519896181766     
 mdl_MZ__exp__4 =    69143415.650849044     
 mdl_sqrt__2 =    1.4142135623730951     
 mdl_MH__exp__2 =    15625.000000000000     
 mdl_aEW =   7.54677089845565054E-003
 mdl_MW =    80.419007276179556     
 mdl_sqrt__aEW =   8.68721526063194194E-002
 mdl_ee =   0.30795376284704501     
 mdl_MW__exp__2 =    6467.2167312862202     
 mdl_sw2 =   0.22224645274001076     
 mdl_cw =   0.88190336616887299     
 mdl_sqrt__sw2 =   0.47143022043565552     
 mdl_sw =   0.47143022043565552     
 mdl_g1 =   0.34919218438279087     
 mdl_gw =   0.65323296958447097     
 mdl_vev =    246.21845810181631     
 mdl_vev__exp__2 =    60623.529110035874     
 mdl_lam =   0.12886910601690271     
 mdl_yb =   2.69955531549349904E-002
 mdl_ye =   2.93504850670934038E-006
 mdl_ym =   6.06883028478528356E-004
 mdl_yt =   0.99366614581500645     
 mdl_ytau =   1.02066167158167895E-002
 mdl_muH =    88.388347648318444     
 mdl_I1x33 =  ( 2.69955531549349904E-002,  0.0000000000000000     )
 mdl_I2x33 =  ( 0.99366614581500645     ,  0.0000000000000000     )
 mdl_I3x33 =  ( 0.99366614581500645     ,  0.0000000000000000     )
 mdl_I4x33 =  ( 2.69955531549349904E-002,  0.0000000000000000     )
 mdl_ee__exp__2 =   9.48355200516540348E-002
 mdl_sw__exp__2 =   0.22224645274001076     
 mdl_cw__exp__2 =   0.77775354725998924     
  Internal Params evaluated point by point
  ----------------------------------------
  
 mdl_sqrt__aS =   0.34351128178744839     
 mdl_G__exp__2 =    1.4828317414825511     
  Couplings of sm-lepton_masses
  ---------------------------------
  
         GC_3 =  -0.00000E+00  -0.30795E+00

 Collider parameters:
 --------------------

 Running at e e   machine @   7.00000000000000067E-002  GeV
 PDF set = none   
 alpha_s(Mz)= 0.1180 running at 2 loops.
 alpha_s(Mz)= 0.1180 running at 2 loops.
 Renormalization scale fixed @    91.188000000000002     
 Factorization scales  fixed @    91.188000000000002        91.188000000000002     


 getting user params
Enter number of events and max and min iterations: 
 Number of events and iterations         1000           9           3
Enter desired fractional accuracy: 
 Desired fractional accuracy:  -4.19009999999999974E-005
Enter 0 for fixed, 2 for adjustable grid: 
Suppress amplitude (0 no, 1 yes)? 
 Using suppressed amplitude.
Exact helicity sum (0 yes, n = number/event)? 
 Explicitly summing over helicities
Enter Configuration Number: 
Running Configuration Number:    1
 Not subdividing B.W.
 Attempting mappinvarients           1           5
 Completed mapping           5
 about to integrate            5        1000           9           3           5           1
 Keeping grid fixed.
  5 dimensions   1000 events  5 invarients  9 iterations  1 config(s),  (0.99)
 Using h-tuple random number sequence.
 Grid read from file
 Grid defined OK
 Set CM energy to          0.07
 Mapping Graph           1  to config           1
 Warning: No cutoff for shat integral found
          Minimum set to    204.08163265306121     
 No modification is setgrid, grid read from file
 Warning: No cutoff for shat integral found
          Minimum set to    204.08163265306121     
 No modification is setgrid, grid read from file
 Masses: 0.511E-03 0.511E-03 0.000E+00 0.000E+00 0.000E+00
   1   1   2   3   4   5
 Got moffset          18
Using random seed offsets     1 :      1
  with seed                   30
 Ranmar initialization seeds        8292        6069
  Particle       3       4       5
      Et >     0.0     0.0     0.0
       E >     0.0     0.0     0.0
     Eta <    -1.0    -1.0    -1.0
   xqcut:      0.0     0.0     0.0
d R # 3  >    -0.0     0.0     0.0
d R # 4  >    -0.0    -0.0     0.0
s min # 3>     0.0     0.0     0.0
s min # 4>     0.0     0.0     0.0
xqcutij # 3>     0.0     0.0     0.0
xqcutij # 4>     0.0     0.0     0.0
 alpha_s for scale    91.188000000000002       is   0.11800000071525575     
 Added good helicity            1  2.37582255912420527E-002  in event            1
 Added good helicity            2  3.28181819651940146E-005  in event            1
 Added good helicity            3  3.28182923781242781E-005  in event            1
 Added good helicity            5  2.37571433099195706E-002  in event            1
 Added good helicity            6  3.28153704662795983E-005  in event            1
 Added good helicity            7  3.28176218683504353E-005  in event            1
 Added good helicity           10  2.97276156645286983E-003  in event            1
 Added good helicity           11   7.9730229469388245       in event            1
 Added good helicity           14  2.97248875494429557E-003  in event            1
 Added good helicity           15   7.9733851642369702       in event            1
 Added good helicity           18   7.9733851642369720       in event            1
 Added good helicity           19  2.97248875494429557E-003  in event            1
 Added good helicity           22   7.9730229469388245       in event            1
 Added good helicity           23  2.97276156645286983E-003  in event            1
 Added good helicity           26  3.28176218683504488E-005  in event            1
 Added good helicity           27  3.28153704662795983E-005  in event            1
 Added good helicity           28  2.37571433099195706E-002  in event            1
 Added good helicity           30  3.28182923781242781E-005  in event            1
 Added good helicity           31  3.28181819651940010E-005  in event            1
 Added good helicity           32  2.37582255912420527E-002  in event            1
 Added good helicity            4  5.91158538640350903E-004  in event            2
 Added good helicity           12   6.7099201387412037       in event            2
 Added good helicity           13   1.1461797143881418       in event            2
 Added good helicity           20   1.1461797143881418       in event            2
 Added good helicity           21   6.7099201387412055       in event            2
 Added good helicity           29  5.91158538640350903E-004  in event            2
 Iteration  1   Mean: 0.9650E+08 Abs mean: 0.9650E+08   Fluctuation:  0.811E+07   0.576E+10    99.6%
  1    0.9650E+08 0.9650E+08 +- 0.8114E+07      2.66
 Writing out events   10765.287277934902        2.6589627447030324     
 Relative summed weights:
  0.1353E+00  0.0000E+00
  0.1331E+00  0.0000E+00
  0.1397E+00  0.0000E+00
  0.2792E+00  0.0000E+00
  0.1996E+00  0.0000E+00
  0.1130E+00  0.0000E+00
 Relative number of events:
  0.1640E+00  0.0000E+00
  0.1730E+00  0.0000E+00
  0.1390E+00  0.0000E+00
  0.1990E+00  0.0000E+00
  0.1690E+00  0.0000E+00
  0.1560E+00  0.0000E+00
 Events:
         164           0
         173           0
         139           0
         199           0
         169           0
         156           0
 Iteration  2   Mean: 0.1355E+09 Abs mean: 0.1355E+09   Fluctuation:  0.213E+08   0.301E+11    99.6%
  2    0.1355E+09 0.1355E+09 +- 0.2126E+08      7.02
 Relative summed weights:
  0.2520E+00  0.0000E+00
  0.2274E+00  0.0000E+00
  0.1157E+00  0.0000E+00
  0.1159E+00  0.0000E+00
  0.1717E+00  0.0000E+00
  0.1173E+00  0.0000E+00
 Relative number of events:
  0.1585E+00  0.0000E+00
  0.1610E+00  0.0000E+00
  0.1795E+00  0.0000E+00
  0.1620E+00  0.0000E+00
  0.1675E+00  0.0000E+00
  0.1715E+00  0.0000E+00
 Events:
         317           0
         322           0
         359           0
         324           0
         335           0
         343           0
 Iteration  3   Mean: 0.1161E+09 Abs mean: 0.1161E+09   Fluctuation:  0.879E+07   0.219E+11    99.6%
  3    0.1161E+09 0.1161E+09 +- 0.8794E+07      4.79
 Relative summed weights:
  0.1679E+00  0.0000E+00
  0.2143E+00  0.0000E+00
  0.1814E+00  0.0000E+00
  0.1625E+00  0.0000E+00
  0.1525E+00  0.0000E+00
  0.1215E+00  0.0000E+00
 Relative number of events:
  0.1693E+00  0.0000E+00
  0.1680E+00  0.0000E+00
  0.1663E+00  0.0000E+00
  0.1685E+00  0.0000E+00
  0.1688E+00  0.0000E+00
  0.1593E+00  0.0000E+00
 Events:
         677           0
         672           0
         665           0
         674           0
         675           0
         637           0
 Found          263  events.
 Wrote           20  events.
 Actual xsec    110533584.72026628     
 Correct abs xsec    110533584.72026628     
 Event xsec    110533584.72026624     
 Events wgts > 1:            0
 % Cross section > 1:    0.0000000000000000        0.0000000000000000     
 Checking number of events   4631.4677333638774               20  chi2:    2.3834334578906780     
 Found          263  events.
 Wrote           29  events.
 Actual xsec    110533584.72026628     
 Correct abs xsec    110533584.72026628     
 Event xsec    110533584.72026625     
 Events wgts > 1:            0
 % Cross section > 1:    0.0000000000000000        0.0000000000000000     
 Iteration  4   Mean: 0.1210E+09 Abs mean: 0.1210E+09   Fluctuation:  0.131E+08   0.936E+11    99.7%
  4    0.1210E+09 0.1210E+09 +- 0.1309E+08      9.67
 Relative summed weights:
  0.1734E+00  0.0000E+00
  0.1331E+00  0.0000E+00
  0.1469E+00  0.0000E+00
  0.1660E+00  0.0000E+00
  0.1327E+00  0.0000E+00
  0.2479E+00  0.0000E+00
 Relative number of events:
  0.1673E+00  0.0000E+00
  0.1640E+00  0.0000E+00
  0.1605E+00  0.0000E+00
  0.1698E+00  0.0000E+00
  0.1722E+00  0.0000E+00
  0.1663E+00  0.0000E+00
 Events:
        1338           0
        1312           0
        1284           0
        1358           0
        1378           0
        1330           0
 Found          635  events.
 Wrote            8  events.
 Actual xsec    120130232.19670603     
 Correct abs xsec    120130232.19670603     
 Event xsec    120130232.19670604     
 Events wgts > 1:            0
 % Cross section > 1:    0.0000000000000000        0.0000000000000000     
 Checking number of events   5033.5768592741788                8  chi2:   0.36597357579050593     
 Found          635  events.
 Wrote           10  events.
 Actual xsec    120130232.19670603     
 Correct abs xsec    120130232.19670603     
 Event xsec    120130232.19670607     
 Events wgts > 1:            0
 % Cross section > 1:    0.0000000000000000        0.0000000000000000     
 Iteration  5   Mean: 0.1261E+09 Abs mean: 0.1261E+09   Fluctuation:  0.132E+08   0.151E+12    99.7%
  5    0.1261E+09 0.1261E+09 +- 0.1318E+08     13.22
 Relative summed weights:
  0.1492E+00  0.0000E+00
  0.2067E+00  0.0000E+00
  0.1539E+00  0.0000E+00
  0.1458E+00  0.0000E+00
  0.2188E+00  0.0000E+00
  0.1256E+00  0.0000E+00
 Relative number of events:
  0.1690E+00  0.0000E+00
  0.1643E+00  0.0000E+00
  0.1664E+00  0.0000E+00
  0.1653E+00  0.0000E+00
  0.1689E+00  0.0000E+00
  0.1661E+00  0.0000E+00
 Events:
        2704           0
        2629           0
        2662           0
        2645           0
        2703           0
        2657           0
 Found         1228  events.
 Wrote           11  events.
 Actual xsec    119909650.32608274     
 Correct abs xsec    119909650.32608274     
 Event xsec    119909650.32608274     
 Events wgts > 1:            1
 % Cross section > 1:    1224835.6951826140        1.0214654882670340     
 Checking number of events   5024.3342583131925               11  chi2:   0.20610565249592516     
 Found         1228  events.
 Wrote           11  events.
 Actual xsec    119909650.32608274     
 Correct abs xsec    119909650.32608274     
 Event xsec    119909650.32608274     
 Events wgts > 1:            1
 % Cross section > 1:    1224835.6951826140        1.0214654882670340     
 Iteration  6   Mean: 0.1139E+09 Abs mean: 0.1139E+09   Fluctuation:  0.322E+07   0.464E+11    99.6%
  6    0.1139E+09 0.1139E+09 +- 0.3224E+07      5.06
 Relative summed weights:
  0.1600E+00  0.0000E+00
  0.1674E+00  0.0000E+00
  0.1664E+00  0.0000E+00
  0.1507E+00  0.0000E+00
  0.1788E+00  0.0000E+00
  0.1767E+00  0.0000E+00
 Relative number of events:
  0.1633E+00  0.0000E+00
  0.1688E+00  0.0000E+00
  0.1693E+00  0.0000E+00
  0.1661E+00  0.0000E+00
  0.1659E+00  0.0000E+00
  0.1665E+00  0.0000E+00
 Events:
        5227           0
        5403           0
        5419           0
        5314           0
        5309           0
        5328           0
 Found         2395  events.
 Wrote          107  events.
 Actual xsec    115095325.00393218     
 Correct abs xsec    115095325.00393218     
 Event xsec    115095325.00393200     
 Events wgts > 1:            2
 % Cross section > 1:    926743.42833336908       0.80519641288793342     
 Checking number of events   4822.6092129897615              107  chi2:   0.52099531178729852     
 Found         2395  events.
 Wrote          134  events.
 Actual xsec    115095325.00393218     
 Correct abs xsec    115095325.00393218     
 Event xsec    115095325.00393158     
 Events wgts > 1:            2
 % Cross section > 1:    741214.09718936437       0.64400017738691384     
 Iteration  7   Mean: 0.1211E+09 Abs mean: 0.1211E+09   Fluctuation:  0.379E+07   0.114E+12    99.7%
  7    0.1211E+09 0.1211E+09 +- 0.3787E+07      7.91
 Relative summed weights:
  0.1879E+00  0.0000E+00
  0.1874E+00  0.0000E+00
  0.1487E+00  0.0000E+00
  0.1555E+00  0.0000E+00
  0.1652E+00  0.0000E+00
  0.1553E+00  0.0000E+00
 Relative number of events:
  0.1667E+00  0.0000E+00
  0.1673E+00  0.0000E+00
  0.1649E+00  0.0000E+00
  0.1687E+00  0.0000E+00
  0.1657E+00  0.0000E+00
  0.1666E+00  0.0000E+00
 Events:
       10668           0
       10710           0
       10553           0
       10798           0
       10607           0
       10664           0
 Found         5112  events.
 Wrote           83  events.
 Actual xsec    117493006.81756684     
 Correct abs xsec    117493006.81756684     
 Event xsec    117493006.81756675     
 Events wgts > 1:            3
 % Cross section > 1:    645992.29298741743       0.54981339782244221     
 Checking number of events   4923.0744786628684               83  chi2:    1.2997721413000884     
 Found         5112  events.
 Wrote           84  events.
 Actual xsec    117493006.81756684     
 Correct abs xsec    117493006.81756684     
 Event xsec    117493006.81756695     
 Events wgts > 1:            3
 % Cross section > 1:    638343.69067965727       0.54330356160756232     
 Iteration  8   Mean: 0.1185E+09 Abs mean: 0.1185E+09   Fluctuation:  0.249E+07   0.162E+12    99.6%
  8    0.1185E+09 0.1185E+09 +- 0.2491E+07      7.52
 Relative summed weights:
  0.1729E+00  0.0000E+00
  0.1705E+00  0.0000E+00
  0.1628E+00  0.0000E+00
  0.1667E+00  0.0000E+00
  0.1635E+00  0.0000E+00
  0.1637E+00  0.0000E+00
 Relative number of events:
  0.1680E+00  0.0000E+00
  0.1665E+00  0.0000E+00
  0.1656E+00  0.0000E+00
  0.1662E+00  0.0000E+00
  0.1690E+00  0.0000E+00
  0.1646E+00  0.0000E+00
 Events:
       21508           0
       21317           0
       21201           0
       21271           0
       21631           0
       21072           0
 Found         9814  events.
 Wrote          207  events.
 Actual xsec    117830750.02923508     
 Correct abs xsec    117830750.02923508     
 Event xsec    117830750.02923433     
 Events wgts > 1:            4
 % Cross section > 1:    995914.20955350436       0.84520739221842656     
 Checking number of events   4937.2262569749792              207  chi2:    1.1667424021081030     
 Found         9814  events.
 Wrote          175  events.
 Actual xsec    117830750.02923508     
 Correct abs xsec    117830750.02923508     
 Event xsec    117830750.02923472     
 Events wgts > 1:            4
 % Cross section > 1:    1176206.3834968084       0.99821683491362179     
 Iteration  9   Mean: 0.1193E+09 Abs mean: 0.1193E+09   Fluctuation:  0.175E+07   0.178E+12    99.6%
  9    0.1193E+09 0.1193E+09 +- 0.1748E+07      7.42
 Relative summed weights:
  0.1586E+00  0.0000E+00
  0.1597E+00  0.0000E+00
  0.1637E+00  0.0000E+00
  0.1732E+00  0.0000E+00
  0.1747E+00  0.0000E+00
  0.1700E+00  0.0000E+00
 Relative number of events:
  0.1659E+00  0.0000E+00
  0.1679E+00  0.0000E+00
  0.1681E+00  0.0000E+00
  0.1664E+00  0.0000E+00
  0.1654E+00  0.0000E+00
  0.1663E+00  0.0000E+00
 Events:
       42473           0
       42982           0
       43034           0
       42607           0
       42340           0
       42564           0
 Found        20155  events.
 Wrote          453  events.
 Actual xsec    119299586.39248751     
 Correct abs xsec    119299586.39248751     
 Event xsec    119299586.39248605     
 Events wgts > 1:            9
 % Cross section > 1:    1034316.2272005150       0.86699062291607421     
 Checking number of events   4998.7719694316193              453  chi2:   0.16605039721492124     
 Found        20155  events.
 Wrote          444  events.
 Actual xsec    119299586.39248751     
 Correct abs xsec    119299586.39248751     
 Event xsec    119299586.39248660     
 Events wgts > 1:            9
 % Cross section > 1:    1055096.6725651105       0.88440932988143173     

 -------------------------------------------------------------------------------
 Accumulated results:   Integral =  0.1184E+09
                        Std dev  =  0.1200E+07
                       Cross sec =  0.1184E+09
             Chi**2 per DoF.     =      1.0993
 -------------------------------------------------------------------------------
-------------------------------------------------
---------------------------
 Results Last   3 iters: Integral =   0.1193E+09
                     Abs integral =   0.1193E+09
                          Std dev =   0.1339E+07
                  Chi**2 per DoF. =      0.1661
-------------------------------------------------
---------------------------
 Status -4.19009999999999974E-005          10           9
 Trying w/ fresh grid
 Starting w/ ncall =         4000
 Keeping grid fixed.
  5 dimensions   4000 events  5 invarients  8 iterations  1 config(s),  (0.99)
 Using h-tuple random number sequence.
 Error opening grid
 Using Uniform Grid!
 Using uniform alpha   1.0000000000000000     
 Grid defined OK
 Warning: No cutoff for shat integral found
          Minimum set to    204.08163265306121     
Setting grid   1    0.20408E+03   1
 Warning: No cutoff for shat integral found
          Minimum set to    204.08163265306121     
Setting grid   2    0.20408E+03   1
Warning xbin not returning correct x   2  0.999993E+00  0.998137E+00  0.2837E+03
Warning xbin not returning correct x   2  0.999978E+00  0.993835E+00  0.2837E+03
Warning xbin not returning correct x   2  0.999985E+00  0.995719E+00  0.2837E+03
Warning xbin not returning correct x   2  0.999976E+00  0.993088E+00  0.2837E+03
Warning xbin not returning correct x   2  0.999993E+00  0.998070E+00  0.2837E+03
Warning xbin still not working well. Last message this iteration.
 Iteration  1   Mean: 0.7194E+08 Abs mean: 0.7194E+08   Fluctuation:  0.595E+08   0.238E+12    98.7%
  1    0.7194E+08 0.7194E+08 +- 0.5946E+08     52.28
 Relative summed weights:
  0.2111E-01  0.0000E+00
  0.8506E+00  0.0000E+00
  0.3131E-01  0.0000E+00
  0.4145E-01  0.0000E+00
  0.2398E-01  0.0000E+00
  0.3154E-01  0.0000E+00
 Relative number of events:
  0.1633E+00  0.0000E+00
  0.1675E+00  0.0000E+00
  0.1740E+00  0.0000E+00
  0.1700E+00  0.0000E+00
  0.1623E+00  0.0000E+00
  0.1630E+00  0.0000E+00
 Events:
         653           0
         670           0
         696           0
         680           0
         649           0
         652           0
Warning xbin not returning correct x   1  0.987599E+00  0.999810E+00  0.1552E-01
Warning xbin not returning correct x   1  0.985642E+00  0.999781E+00  0.1552E-01
Warning xbin not returning correct x   1  0.988184E+00  0.999819E+00  0.1552E-01
Warning xbin not returning correct x   1  0.990458E+00  0.999854E+00  0.1552E-01
Warning xbin not returning correct x   1  0.985725E+00  0.999782E+00  0.1552E-01
Warning xbin still not working well. Last message this iteration.
 Iteration  2   Mean: 0.2381E+07 Abs mean: 0.2381E+07   Fluctuation:  0.106E+06   0.237E+09    84.4%
  2    0.2381E+07 0.2381E+07 +- 0.1061E+06      3.98
 Relative summed weights:
  0.1411E+00  0.0000E+00
  0.1783E+00  0.0000E+00
  0.1781E+00  0.0000E+00
  0.1630E+00  0.0000E+00
  0.1628E+00  0.0000E+00
  0.1767E+00  0.0000E+00
 Relative number of events:
  0.1641E+00  0.0000E+00
  0.1646E+00  0.0000E+00
  0.1655E+00  0.0000E+00
  0.1679E+00  0.0000E+00
  0.1650E+00  0.0000E+00
  0.1729E+00  0.0000E+00
 Events:
        1313           0
        1317           0
        1324           0
        1343           0
        1320           0
        1383           0
 Iteration  3   Mean: 0.6903E+08 Abs mean: 0.6903E+08   Fluctuation:  0.299E+08   0.348E+12   100.0%
  3    0.6903E+08 0.6903E+08 +- 0.2994E+08     54.86
 Relative summed weights:
  0.7485E-01  0.0000E+00
  0.5536E-01  0.0000E+00
  0.3484E+00  0.0000E+00
  0.8305E-01  0.0000E+00
  0.7302E-01  0.0000E+00
  0.3653E+00  0.0000E+00
 Relative number of events:
  0.1698E+00  0.0000E+00
  0.1674E+00  0.0000E+00
  0.1634E+00  0.0000E+00
  0.1624E+00  0.0000E+00
  0.1689E+00  0.0000E+00
  0.1681E+00  0.0000E+00
 Events:
        2717           0
        2678           0
        2615           0
        2599           0
        2702           0
        2689           0
 Found         2085  events.
 Wrote            1  events.
 Actual xsec    3274377.3326689061     
 Correct abs xsec    3274377.3326689061     
 Event xsec    3274377.3326689061     
 Events wgts > 1:            0
 % Cross section > 1:    0.0000000000000000        0.0000000000000000     
 Checking number of events   137.19968461615983                1  chi2:    38.516607694039401     
 Found         2085  events.
 Wrote            2  events.
 Actual xsec    3274377.3326689061     
 Correct abs xsec    3274377.3326689061     
 Event xsec    3274377.3326689061     
 Events wgts > 1:            0
 % Cross section > 1:    0.0000000000000000        0.0000000000000000     
 Iteration  4   Mean: 0.1635E+09 Abs mean: 0.1635E+09   Fluctuation:  0.982E+08   0.312E+13    99.6%
  4    0.1635E+09 0.1635E+09 +- 0.9817E+08    107.39
 Relative summed weights:
  0.4206E-01  0.0000E+00
  0.6796E+00  0.0000E+00
  0.5446E-01  0.0000E+00
  0.8571E-01  0.0000E+00
  0.5056E-01  0.0000E+00
  0.8756E-01  0.0000E+00
 Relative number of events:
  0.1677E+00  0.0000E+00
  0.1664E+00  0.0000E+00
  0.1641E+00  0.0000E+00
  0.1699E+00  0.0000E+00
  0.1646E+00  0.0000E+00
  0.1673E+00  0.0000E+00
 Events:
        5366           0
        5325           0
        5252           0
        5438           0
        5267           0
        5352           0
 Found          934  events.
 Wrote            2  events.
 Actual xsec    3946443.1790443850     
 Correct abs xsec    3946443.1790443850     
 Event xsec    3946443.1790443850     
 Events wgts > 1:            0
 % Cross section > 1:    0.0000000000000000        0.0000000000000000     
 Checking number of events   165.35991564513876                2  chi2:    112.53677979272953     
 Found          934  events.
 Wrote            1  events.
 Actual xsec    3946443.1790443850     
 Correct abs xsec    3946443.1790443850     
 Event xsec    3946443.1790443850     
 Events wgts > 1:            0
 % Cross section > 1:    0.0000000000000000        0.0000000000000000     
 Iteration  5   Mean: 0.8504E+08 Abs mean: 0.8504E+08   Fluctuation:  0.616E+07   0.252E+12    99.1%
  5    0.8504E+08 0.8504E+08 +- 0.6160E+07     18.32
 Relative summed weights:
  0.1707E+00  0.0000E+00
  0.1290E+00  0.0000E+00
  0.1551E+00  0.0000E+00
  0.2224E+00  0.0000E+00
  0.1911E+00  0.0000E+00
  0.1316E+00  0.0000E+00
 Relative number of events:
  0.1676E+00  0.0000E+00
  0.1664E+00  0.0000E+00
  0.1649E+00  0.0000E+00
  0.1676E+00  0.0000E+00
  0.1665E+00  0.0000E+00
  0.1671E+00  0.0000E+00
 Events:
       10724           0
       10650           0
       10551           0
       10726           0
       10655           0
       10694           0
 Found         2012  events.
 Wrote           22  events.
 Actual xsec    85710011.432095185     
 Correct abs xsec    85710011.432095185     
 Event xsec    85710011.432095170     
 Events wgts > 1:            1
 % Cross section > 1:    1.1320707048289478       1.32081502022181504E-006
 Checking number of events   3591.3351890162203               22  chi2:   0.47534530946044606     
 Found         2012  events.
 Wrote           25  events.
 Actual xsec    85710011.432095185     
 Correct abs xsec    85710011.432095185     
 Event xsec    85710011.432095155     
 Events wgts > 1:            1
 % Cross section > 1:   0.99622222175821662       1.16231721955548481E-006
 Fixing grid
 Iteration  6   Mean: 0.1009E+09 Abs mean: 0.1009E+09   Fluctuation:  0.570E+07   0.465E+12    98.8%
  6    0.1009E+09 0.1009E+09 +- 0.5698E+07     20.19
 Relative summed weights:
  0.1506E+00  0.0000E+00
  0.1397E+00  0.0000E+00
  0.2081E+00  0.0000E+00
  0.1640E+00  0.0000E+00
  0.1482E+00  0.0000E+00
  0.1894E+00  0.0000E+00
 Relative number of events:
  0.1663E+00  0.0000E+00
  0.1676E+00  0.0000E+00
  0.1672E+00  0.0000E+00
  0.1665E+00  0.0000E+00
  0.1643E+00  0.0000E+00
  0.1681E+00  0.0000E+00
 Events:
       21287           0
       21456           0
       21401           0
       21317           0
       21024           0
       21515           0
 Found         9609  events.
 Wrote           31  events.
 Actual xsec    95310430.178745121     
 Correct abs xsec    95310430.178745121     
 Event xsec    95310430.178745165     
 Events wgts > 1:            0
 % Cross section > 1:    0.0000000000000000        0.0000000000000000     
 Checking number of events   3993.6023349195989               31  chi2:    2.1192738332214516     
 Found         9609  events.
 Wrote           35  events.
 Actual xsec    95310430.178745121     
 Correct abs xsec    95310430.178745121     
 Event xsec    95310430.178745195     
 Events wgts > 1:            0
 % Cross section > 1:    0.0000000000000000        0.0000000000000000     
 Iteration  7   Mean: 0.1112E+09 Abs mean: 0.1112E+09   Fluctuation:  0.899E+07   0.159E+13    98.8%
  7    0.1112E+09 0.1112E+09 +- 0.8994E+07     40.94
 Relative summed weights:
  0.1561E+00  0.0000E+00
  0.1574E+00  0.0000E+00
  0.2711E+00  0.0000E+00
  0.1302E+00  0.0000E+00
  0.1363E+00  0.0000E+00
  0.1490E+00  0.0000E+00
 Relative number of events:
  0.1670E+00  0.0000E+00
  0.1658E+00  0.0000E+00
  0.1674E+00  0.0000E+00
  0.1664E+00  0.0000E+00
  0.1670E+00  0.0000E+00
  0.1663E+00  0.0000E+00
 Events:
       42763           0
       42456           0
       42849           0
       42588           0
       42760           0
       42584           0
 Found        16565  events.
 Wrote           17  events.
 Actual xsec    98703811.103991136     
 Correct abs xsec    98703811.103991136     
 Event xsec    98703811.103991091     
 Events wgts > 1:            0
 % Cross section > 1:    0.0000000000000000        0.0000000000000000     
 Checking number of events   4135.7883890683324               17  chi2:    3.4942231542266722     
 Found        16565  events.
 Wrote           18  events.
 Actual xsec    98703811.103991136     
 Correct abs xsec    98703811.103991136     
 Event xsec    98703811.103991091     
 Events wgts > 1:            0
 % Cross section > 1:    0.0000000000000000        0.0000000000000000     
 Iteration  8   Mean: 0.1017E+09 Abs mean: 0.1017E+09   Fluctuation:  0.313E+07   0.883E+12    98.8%
  8    0.1017E+09 0.1017E+09 +- 0.3131E+07     22.03
 Relative summed weights:
  0.1833E+00  0.0000E+00
  0.1673E+00  0.0000E+00
  0.1666E+00  0.0000E+00
  0.1702E+00  0.0000E+00
  0.1479E+00  0.0000E+00
  0.1647E+00  0.0000E+00
 Relative number of events:
  0.1666E+00  0.0000E+00
  0.1665E+00  0.0000E+00
  0.1655E+00  0.0000E+00
  0.1661E+00  0.0000E+00
  0.1678E+00  0.0000E+00
  0.1675E+00  0.0000E+00
 Events:
       85276           0
       85267           0
       84746           0
       85062           0
       85898           0
       85751           0
 Found        30359  events.
 Wrote          101  events.
 Actual xsec    115904936.55293275     
 Correct abs xsec    115904936.55293275     
 Event xsec    115904936.55293290     
 Events wgts > 1:            2
 % Cross section > 1:    893137.88258545753       0.77057794874644381     
 Checking number of events   4294.9385400827714              101  chi2:   0.53162800002585708     
 Found        30359  events.
 Wrote           98  events.
 Actual xsec    115904936.55293275     
 Correct abs xsec    115904936.55293275     
 Event xsec    115904936.55293268     
 Events wgts > 1:            2
 % Cross section > 1:    920261.75651665125       0.79397977677713194     

 -------------------------------------------------------------------------------
 Accumulated results:   Integral =  0.7831E+08
                        Std dev  =  0.1660E+07
                       Cross sec =  0.7831E+08
             Chi**2 per DoF.     =     89.4206
 -------------------------------------------------------------------------------
-------------------------------------------------
---------------------------
 Results Last   3 iters: Integral =   0.1025E+09
                     Abs integral =   0.1025E+09
                         Std dev =   0.2627E+07
                 Chi**2 per DoF. =      0.5316
-------------------------------------------------
---------------------------

ls status:
events.lhe
ftn25
ftn26
input_sg.txt
log.txt
moffset.dat
results.dat
run1_app.log
