 Process in group number            0
 No PDF is used, alpha_s(MZ) from param_card is used
 Value of alpha_s from param_card:   0.11800000071525575     
 The default order of alpha_s running is fixed to            2
 *****************************************************
 *               MadGraph/MadEvent                   *
 *        --------------------------------           *
 *          http://madgraph.hep.uiuc.edu             *
 *          http://madgraph.phys.ucl.ac.be           *
 *          http://madgraph.roma2.infn.it            *
 *        --------------------------------           *
 *                                                   *
 *          PARAMETER AND COUPLING VALUES            *
 *                                                   *
 *****************************************************

  External Params
  ---------------------------------
  
 aEWM1 =    132.50700378417969     
 mdl_Gf =   1.16639000000000003E-005
 aS =   0.11800000071525575     
 mdl_ymb =    4.6999998092651367     
 mdl_ymt =    173.00000000000000     
 mdl_yme =   5.10999991092830896E-004
 mdl_ymm =   0.10565999895334244     
 mdl_ymtau =    1.7769999504089355     
 mdl_MZ =    91.188003540039063     
 mdl_MT =    173.00000000000000     
 mdl_MB =    4.6999998092651367     
 mdl_MH =    125.00000000000000     
 mdl_Me =   5.10999991092830896E-004
 mdl_MM =   0.10565999895334244     
 mdl_MTA =    1.7769999504089355     
 mdl_WZ =    2.4414041042327881     
 mdl_WW =    2.0476000308990479     
 mdl_WT =    1.4915000200271606     
 mdl_WH =   6.38233916833996773E-003
 mdl_WTau =   2.26999999999999982E-012
  Internal Params
  ---------------------------------
  
 mdl_conjg__CKM3x3 =    1.0000000000000000     
 mdl_CKM3x3 =    1.0000000000000000     
 mdl_conjg__CKM1x1 =    1.0000000000000000     
 mdl_complexi =  (  0.0000000000000000     ,  1.0000000000000000     )
 mdl_MZ__exp__2 =    8315.2519896181766     
 mdl_MZ__exp__4 =    69143415.650849044     
 mdl_sqrt__2 =    1.4142135623730951     
 mdl_MH__exp__2 =    15625.000000000000     
 mdl_aEW =   7.54677089845565054E-003
 mdl_MW =    80.419007276179556     
 mdl_sqrt__aEW =   8.68721526063194194E-002
 mdl_ee =   0.30795376284704501     
 mdl_MW__exp__2 =    6467.2167312862202     
 mdl_sw2 =   0.22224645274001076     
 mdl_cw =   0.88190336616887299     
 mdl_sqrt__sw2 =   0.47143022043565552     
 mdl_sw =   0.47143022043565552     
 mdl_g1 =   0.34919218438279087     
 mdl_gw =   0.65323296958447097     
 mdl_vev =    246.21845810181631     
 mdl_vev__exp__2 =    60623.529110035874     
 mdl_lam =   0.12886910601690271     
 mdl_yb =   2.69955531549349904E-002
 mdl_ye =   2.93504850670934038E-006
 mdl_ym =   6.06883028478528356E-004
 mdl_yt =   0.99366614581500645     
 mdl_ytau =   1.02066167158167895E-002
 mdl_muH =    88.388347648318444     
 mdl_I1x33 =  ( 2.69955531549349904E-002,  0.0000000000000000     )
 mdl_I2x33 =  ( 0.99366614581500645     ,  0.0000000000000000     )
 mdl_I3x33 =  ( 0.99366614581500645     ,  0.0000000000000000     )
 mdl_I4x33 =  ( 2.69955531549349904E-002,  0.0000000000000000     )
 mdl_ee__exp__2 =   9.48355200516540348E-002
 mdl_sw__exp__2 =   0.22224645274001076     
 mdl_cw__exp__2 =   0.77775354725998924     
  Internal Params evaluated point by point
  ----------------------------------------
  
 mdl_sqrt__aS =   0.34351128178744839     
 mdl_G__exp__2 =    1.4828317414825511     
  Couplings of sm-lepton_masses
  ---------------------------------
  
         GC_3 =  -0.00000E+00  -0.30795E+00
        GC_50 =  -0.00000E+00  -0.28804E+00
        GC_59 =   0.00000E+00   0.82310E-01
        GC_89 =  -0.00000E+00  -0.20754E-05

 Collider parameters:
 --------------------

 Running at e e   machine @   7.14879999999999960E-002  GeV
 PDF set = none   
 alpha_s(Mz)= 0.1180 running at 2 loops.
 alpha_s(Mz)= 0.1180 running at 2 loops.
 Renormalization scale fixed @    91.188000000000002     
 Factorization scales  fixed @    91.188000000000002        91.188000000000002     


 getting user params
Enter number of events and max and min iterations: 
 Number of events and iterations         2000           9           3
Enter desired fractional accuracy: 
 Desired fractional accuracy:  -6.70389999999999983E-004
Enter 0 for fixed, 2 for adjustable grid: 
Suppress amplitude (0 no, 1 yes)? 
 Using suppressed amplitude.
Exact helicity sum (0 yes, n = number/event)? 
 Explicitly summing over helicities
Enter Configuration Number: 
Running Configuration Number:   10
 Not subdividing B.W.
 Attempting mappinvarients           1           5
 Completed mapping           5
 about to integrate            5        2000           9           3           5           1
 Using non-zero grid deformation.
  5 dimensions   2000 events  5 invarients  9 iterations  1 config(s),  (0.99)
 Using h-tuple random number sequence.
 Error opening grid
 Using Uniform Grid!
 Using uniform alpha   1.0000000000000000     
 Grid defined OK
 Set CM energy to          0.07
 Mapping Graph          10  to config          10
Setting grid   1    0.20438E-03   1
Setting grid   2    0.20438E-03   1
 Masses: 0.511E-03 0.511E-03 0.000E+00 0.511E-03 0.511E-03
  10   1   2   3   4   5
 Got moffset           3
Using random seed offsets    10 :      1
  with seed                   78
 Ranmar initialization seeds        6651       18926
  Particle       3       4       5
      Et >     0.0     0.0     0.0
       E >     0.0     0.0     0.0
     Eta <    -1.0    -1.0    -1.0
   xqcut:      0.0     0.0     0.0
d R # 3  >    -0.0     0.0     0.0
d R # 4  >    -0.0    -0.0     0.0
s min # 3>     0.0     0.0     0.0
s min # 4>     0.0     0.0     0.0
xqcutij # 3>     0.0     0.0     0.0
xqcutij # 4>     0.0     0.0     0.0
 alpha_s for scale    91.188000000000002       is   0.11800000071525575     
 Added good helicity            1   12.451302962408734       in event            1
 Added good helicity            2  2.90568629282743655E-003  in event            1
 Added good helicity            3  2.13853488424681692E-003  in event            1
 Added good helicity            5   1.7192507734019291       in event            1
 Added good helicity            6  5.56400260893279798E-005  in event            1
 Added good helicity            7  4.72760452770487586E-005  in event            1
 Added good helicity            9  3.04598046940989907E-006  in event            1
 Added good helicity           10  0.68903079829221070       in event            1
 Added good helicity           11  0.87339082930520429       in event            1
 Added good helicity           12  3.89701268643106447E-002  in event            1
 Added good helicity           14  9.24582920258088803E-002  in event            1
 Added good helicity           15  0.13044201786756193       in event            1
 Added good helicity           16  3.37099008363326017E-006  in event            1
 Added good helicity           17  3.37098988954476379E-006  in event            1
 Added good helicity           18  0.13044201769762234       in event            1
 Added good helicity           19  9.24583073658900578E-002  in event            1
 Added good helicity           21  3.89701269146317392E-002  in event            1
 Added good helicity           22  0.87339083044681287       in event            1
 Added good helicity           23  0.68903091227821467       in event            1
 Added good helicity           24  3.04598039336496496E-006  in event            1
 Added good helicity           26  4.72760411001757252E-005  in event            1
 Added good helicity           27  5.56400218892865624E-005  in event            1
 Added good helicity           28   1.7192507739648488       in event            1
 Added good helicity           30  2.13853454108247840E-003  in event            1
 Added good helicity           31  2.90568627921345204E-003  in event            1
 Added good helicity           32   12.451302958535821       in event            1
 Added good helicity           13  1.01306454719185451E-004  in event            2
 Added good helicity           20  1.01306453301559980E-004  in event            2
 Added good helicity            4  3.51246677412648211E-004  in event            9
 Added good helicity           29  3.51246677507130792E-004  in event            9
 Iteration  1   Mean: 0.1489E+07 Abs mean: 0.1489E+07   Fluctuation:  0.106E+06   0.159E+09    63.6%
  1    0.1489E+07 0.1489E+07 +- 0.1060E+06      3.18
 Writing out events   130.00768355094641        3.1840381090923606     
 Relative summed weights:
  0.1000E+01  0.0000E+00
 Relative number of events:
  0.1000E+01  0.0000E+00
 Events:
        2000           0
Warning xbin not returning correct x   2  0.998510E+00  0.100000E+01  0.1161E-03
Warning xbin not returning correct x   2  0.998728E+00  0.100000E+01  0.1161E-03
 Iteration  2   Mean: 0.1422E+07 Abs mean: 0.1422E+07   Fluctuation:  0.296E+05   0.431E+08    94.8%
  2    0.1422E+07 0.1422E+07 +- 0.2956E+05      1.31
 Relative summed weights:
  0.1000E+01  0.0000E+00
 Relative number of events:
  0.1000E+01  0.0000E+00
 Events:
        4000           0
Warning xbin not returning correct x   2  0.998318E+00  0.100000E+01  0.1548E-03
 Iteration  3   Mean: 0.1415E+07 Abs mean: 0.1415E+07   Fluctuation:  0.159E+05   0.298E+08    93.1%
  3    0.1415E+07 0.1415E+07 +- 0.1587E+05      1.00
 Relative summed weights:
  0.1000E+01  0.0000E+00
 Relative number of events:
  0.1000E+01  0.0000E+00
 Events:
        8000           0
 Found          857  events.
 Wrote          852  events.
 Actual xsec    1418067.4750148098     
 Correct abs xsec    1418067.4750148098     
 Event xsec    1418067.4750148011     
 Events wgts > 1:           12
 % Cross section > 1:    7762.2043396447589       0.54737905469298920     
 Checking number of events   950.65825457517826              852  chi2:   0.25033702618299164     
 Found          857  events.
 Wrote          852  events.
 Actual xsec    1418067.4750148098     
 Correct abs xsec    1418067.4750148098     
 Event xsec    1418067.4750148011     
 Events wgts > 1:           12
 % Cross section > 1:    7762.2043396447589       0.54737905469298920     
Warning xbin not returning correct x   2  0.998342E+00  0.100000E+01  0.1814E-03
Warning xbin not returning correct x   2  0.998572E+00  0.100000E+01  0.1814E-03
Warning xbin not returning correct x   2  0.998577E+00  0.100000E+01  0.1814E-03
 Iteration  4   Mean: 0.1416E+07 Abs mean: 0.1416E+07   Fluctuation:  0.937E+04   0.150E+08    92.2%
  4    0.1416E+07 0.1416E+07 +- 0.9374E+04      0.84
 Relative summed weights:
  0.1000E+01  0.0000E+00
 Relative number of events:
  0.1000E+01  0.0000E+00
 Events:
       16000           0
 Found         1726  events.
 Wrote         1721  events.
 Actual xsec    1416088.4287115613     
 Correct abs xsec    1416088.4287115613     
 Event xsec    1416088.4287115964     
 Events wgts > 1:            1
 % Cross section > 1:    124.22309100605105       8.77226933624994723E-003
 Checking number of events   949.33152172394352             1721  chi2:   2.52657261748160493E-002

 -------------------------------------------------------------------------------
 Accumulated results:   Integral =  0.1417E+07
                        Std dev  =  0.7766E+04
                       Cross sec =  0.1884E+00
             Chi**2 per DoF.     =
-------------------------------------------------
---------------------------
 Results Last   3 iters: Integral =   0.1416E+07
                     Abs integral =   0.1416E+07
                          Std dev =   0.7787E+04
                  Chi**2 per DoF. =      0.0253
-------------------------------------------------
---------------------------
 Status -6.70389999999999983E-004           5           9
 We found enough events        1721   949.33152172394352     

ls status:
events.lhe
ftn25
ftn26
input_sg.txt
moffset.dat
results.dat
run1_app.log
