 Process in group number            0
 No PDF is used, alpha_s(MZ) from param_card is used
 Value of alpha_s from param_card:   0.11800000071525575     
 The default order of alpha_s running is fixed to            2
 *****************************************************
 *               MadGraph/MadEvent                   *
 *        --------------------------------           *
 *          http://madgraph.hep.uiuc.edu             *
 *          http://madgraph.phys.ucl.ac.be           *
 *          http://madgraph.roma2.infn.it            *
 *        --------------------------------           *
 *                                                   *
 *          PARAMETER AND COUPLING VALUES            *
 *                                                   *
 *****************************************************

  External Params
  ---------------------------------
  
 aEWM1 =    132.50700378417969     
 mdl_Gf =   1.16639000000000003E-005
 aS =   0.11800000071525575     
 mdl_ymb =    4.6999998092651367     
 mdl_ymt =    173.00000000000000     
 mdl_yme =   5.10999991092830896E-004
 mdl_ymm =   0.10565999895334244     
 mdl_ymtau =    1.7769999504089355     
 mdl_MZ =    91.188003540039063     
 mdl_MT =    173.00000000000000     
 mdl_MB =    4.6999998092651367     
 mdl_MH =    125.00000000000000     
 mdl_Me =   5.10999991092830896E-004
 mdl_MM =   0.10565999895334244     
 mdl_MTA =    1.7769999504089355     
 mdl_WZ =    2.4414041042327881     
 mdl_WW =    2.0476000308990479     
 mdl_WT =    1.4915000200271606     
 mdl_WH =   6.38233916833996773E-003
 mdl_WTau =   2.26999999999999982E-012
  Internal Params
  ---------------------------------
  
 mdl_conjg__CKM3x3 =    1.0000000000000000     
 mdl_CKM3x3 =    1.0000000000000000     
 mdl_conjg__CKM1x1 =    1.0000000000000000     
 mdl_complexi =  (  0.0000000000000000     ,  1.0000000000000000     )
 mdl_MZ__exp__2 =    8315.2519896181766     
 mdl_MZ__exp__4 =    69143415.650849044     
 mdl_sqrt__2 =    1.4142135623730951     
 mdl_MH__exp__2 =    15625.000000000000     
 mdl_aEW =   7.54677089845565054E-003
 mdl_MW =    80.419007276179556     
 mdl_sqrt__aEW =   8.68721526063194194E-002
 mdl_ee =   0.30795376284704501     
 mdl_MW__exp__2 =    6467.2167312862202     
 mdl_sw2 =   0.22224645274001076     
 mdl_cw =   0.88190336616887299     
 mdl_sqrt__sw2 =   0.47143022043565552     
 mdl_sw =   0.47143022043565552     
 mdl_g1 =   0.34919218438279087     
 mdl_gw =   0.65323296958447097     
 mdl_vev =    246.21845810181631     
 mdl_vev__exp__2 =    60623.529110035874     
 mdl_lam =   0.12886910601690271     
 mdl_yb =   2.69955531549349904E-002
 mdl_ye =   2.93504850670934038E-006
 mdl_ym =   6.06883028478528356E-004
 mdl_yt =   0.99366614581500645     
 mdl_ytau =   1.02066167158167895E-002
 mdl_muH =    88.388347648318444     
 mdl_I1x33 =  ( 2.69955531549349904E-002,  0.0000000000000000     )
 mdl_I2x33 =  ( 0.99366614581500645     ,  0.0000000000000000     )
 mdl_I3x33 =  ( 0.99366614581500645     ,  0.0000000000000000     )
 mdl_I4x33 =  ( 2.69955531549349904E-002,  0.0000000000000000     )
 mdl_ee__exp__2 =   9.48355200516540348E-002
 mdl_sw__exp__2 =   0.22224645274001076     
 mdl_cw__exp__2 =   0.77775354725998924     
  Internal Params evaluated point by point
  ----------------------------------------
  
 mdl_sqrt__aS =   0.34351128178744839     
 mdl_G__exp__2 =    1.4828317414825511     
  Couplings of sm-lepton_masses
  ---------------------------------
  
         GC_3 =  -0.00000E+00  -0.30795E+00
        GC_50 =  -0.00000E+00  -0.28804E+00
        GC_59 =   0.00000E+00   0.82310E-01
        GC_89 =  -0.00000E+00  -0.20754E-05

 Collider parameters:
 --------------------

 Running at e e   machine @   7.14879999999999960E-002  GeV
 PDF set = none   
 alpha_s(Mz)= 0.1180 running at 2 loops.
 alpha_s(Mz)= 0.1180 running at 2 loops.
 Renormalization scale fixed @    91.188000000000002     
 Factorization scales  fixed @    91.188000000000002        91.188000000000002     


 getting user params
Enter number of events and max and min iterations: 
 Number of events and iterations         2000           9           3
Enter desired fractional accuracy: 
 Desired fractional accuracy:  -5.74259999999999987E-006
Enter 0 for fixed, 2 for adjustable grid: 
Suppress amplitude (0 no, 1 yes)? 
 Using suppressed amplitude.
Exact helicity sum (0 yes, n = number/event)? 
 Explicitly summing over helicities
Enter Configuration Number: 
Running Configuration Number:   13
 Not subdividing B.W.
 Attempting mappinvarients           1           5
 Completed mapping           5
 about to integrate            5        2000           9           3           5           1
 Using non-zero grid deformation.
  5 dimensions   2000 events  5 invarients  9 iterations  1 config(s),  (0.99)
 Using h-tuple random number sequence.
 Error opening grid
 Using Uniform Grid!
 Using uniform alpha   1.0000000000000000     
 Grid defined OK
 Set CM energy to          0.07
 Mapping Graph          13  to config          13
Setting grid   1    0.51095E-04   1
Setting grid   2    0.17611E-04   1
 Masses: 0.511E-03 0.511E-03 0.000E+00 0.511E-03 0.511E-03
  13   1   2   3   4   5
 Got moffset           9
Using random seed offsets    13 :      1
  with seed                   87
 Ranmar initialization seeds       17625        7796
  Particle       3       4       5
      Et >     0.0     0.0     0.0
       E >     0.0     0.0     0.0
     Eta <    -1.0    -1.0    -1.0
   xqcut:      0.0     0.0     0.0
d R # 3  >    -0.0     0.0     0.0
d R # 4  >    -0.0    -0.0     0.0
s min # 3>     0.0     0.0     0.0
s min # 4>     0.0     0.0     0.0
xqcutij # 3>     0.0     0.0     0.0
xqcutij # 4>     0.0     0.0     0.0
 alpha_s for scale    91.188000000000002       is   0.11800000071525575     
 Added good helicity            1   13.908153797750941       in event            1
 Added good helicity            2  2.51612157431530068E-003  in event            1
 Added good helicity            3  1.12075437355701919E-002  in event            1
 Added good helicity            5  6.63847902505233928E-002  in event            1
 Added good helicity            6  4.46855298918771249E-005  in event            1
 Added good helicity            7  3.64263612450739136E-005  in event            1
 Added good helicity            9  3.77903869086178922E-005  in event            1
 Added good helicity           10  3.40439460308421676E-002  in event            1
 Added good helicity           11  6.68844041926553844E-004  in event            1
 Added good helicity           12  1.21197919147549614E-006  in event            1
 Added good helicity           13  3.93496238242993235E-002  in event            1
 Added good helicity           14   1.4248931800940705       in event            1
 Added good helicity           15  0.51264101849159704       in event            1
 Added good helicity           16  2.07941048598657732E-005  in event            1
 Added good helicity           17  2.07941050396057851E-005  in event            1
 Added good helicity           18  0.51264101782010696       in event            1
 Added good helicity           19   1.4248931931857485       in event            1
 Added good helicity           20  3.93496237163140639E-002  in event            1
 Added good helicity           21  1.21197923254555280E-006  in event            1
 Added good helicity           22  6.68844042812414890E-004  in event            1
 Added good helicity           23  3.40439463990999322E-002  in event            1
 Added good helicity           24  3.77903873591933822E-005  in event            1
 Added good helicity           26  3.64263612922434641E-005  in event            1
 Added good helicity           27  4.46855300356540966E-005  in event            1
 Added good helicity           28  6.63847902744385682E-002  in event            1
 Added good helicity           30  1.12075437836994495E-002  in event            1
 Added good helicity           31  2.51612161938191432E-003  in event            1
 Added good helicity           32   13.908153792660286       in event            1
 Added good helicity            4  7.38129593022574128E-005  in event           10
 Added good helicity           29  7.38129593110293944E-005  in event           10
 Iteration  1   Mean: 0.1394E+10 Abs mean: 0.1394E+10   Fluctuation:  0.579E+09   0.989E+12    75.0%
  1    0.1394E+10 0.1394E+10 +- 0.5790E+09     18.57
 Writing out events   103207.81081241420        18.573422010393216     
 Relative summed weights:
  0.1000E+01  0.0000E+00
 Relative number of events:
  0.1000E+01  0.0000E+00
 Events:
        2000           0
 Iteration  2   Mean: 0.1281E+10 Abs mean: 0.1281E+10   Fluctuation:  0.240E+09   0.708E+12    84.1%
  2    0.1281E+10 0.1281E+10 +- 0.2398E+09     11.84
 Relative summed weights:
  0.1000E+01  0.0000E+00
 Relative number of events:
  0.1000E+01  0.0000E+00
 Events:
        4000           0
 Iteration  3   Mean: 0.1778E+10 Abs mean: 0.1778E+10   Fluctuation:  0.110E+09   0.277E+12    82.0%
  3    0.1778E+10 0.1778E+10 +- 0.1102E+09      5.55
 Relative summed weights:
  0.1000E+01  0.0000E+00
 Relative number of events:
  0.1000E+01  0.0000E+00
 Events:
        8000           0
 Found          820  events.
 Wrote           61  events.
 Actual xsec    1722238175.4124994     
 Correct abs xsec    1722238175.4124994     
 Event xsec    1722238175.4125004     
 Events wgts > 1:            3
 % Cross section > 1:    13970029.114492416       0.81115546699261842     
 Checking number of events   9890.1249461238185               61  chi2:    1.9823553691118148     
 Found          820  events.
 Wrote           76  events.
 Actual xsec    1722238175.4124994     
 Correct abs xsec    1722238175.4124994     
 Event xsec    1722238175.4124973     
 Events wgts > 1:            3
 % Cross section > 1:    11230766.587387085       0.65210298713168269     
 Iteration  4   Mean: 0.1656E+10 Abs mean: 0.1656E+10   Fluctuation:  0.256E+08   0.466E+11    79.3%
  4    0.1656E+10 0.1656E+10 +- 0.2561E+08      1.96
 Relative summed weights:
  0.1000E+01  0.0000E+00
 Relative number of events:
  0.1000E+01  0.0000E+00
 Events:
       16000           0
 Found         1800  events.
 Wrote         1011  events.
 Actual xsec    1660384215.6050174     
 Correct abs xsec    1660384215.6050174     
 Event xsec    1660384215.6050556     
 Events wgts > 1:           38
 % Cross section > 1:    15664993.546938211       0.94345594228801899     
 Checking number of events   9534.9223965333731             1011  chi2:    1.8384417928498495     
 Found         1800  events.
 Wrote         1036  events.
 Actual xsec    1660384215.6050174     
 Correct abs xsec    1660384215.6050174     
 Event xsec    1660384215.6050563     
 Events wgts > 1:           38
 % Cross section > 1:    15290458.440563265       0.92089880744808861     
 Iteration  5   Mean: 0.1648E+10 Abs mean: 0.1648E+10   Fluctuation:  0.123E+08   0.274E+11    78.8%
  5    0.1648E+10 0.1648E+10 +- 0.1231E+08      1.34
 Relative summed weights:
  0.1000E+01  0.0000E+00
 Relative number of events:
  0.1000E+01  0.0000E+00
 Events:
       32000           0
 Found         3992  events.
 Wrote         3989  events.
 Actual xsec    1650777405.5738156     
 Correct abs xsec    1650777405.5738156     
 Event xsec    1650777405.5738988     
 Events wgts > 1:           84
 % Cross section > 1:    6486862.6321579749       0.39295804572166371     
 Checking number of events   9479.7543292481932             3989  chi2:   0.71319612090532081     
 Found         3992  events.
 Wrote         3989  events.
 Actual xsec    1650777405.5738156     
 Correct abs xsec    1650777405.5738156     
 Event xsec    1650777405.5738988     
 Events wgts > 1:           84
 % Cross section > 1:    6486862.6321579749       0.39295804572166371     
 Iteration  6   Mean: 0.1644E+10 Abs mean: 0.1644E+10   Fluctuation:  0.716E+07   0.293E+11    77.9%
  6    0.1644E+10 0.1644E+10 +- 0.7157E+07      1.10
 Relative summed weights:
  0.1000E+01  0.0000E+00
 Relative number of events:
  0.1000E+01  0.0000E+00
 Events:
       64000           0
 Found         8176  events.
 Wrote         8172  events.
 Actual xsec    1645401202.7836981     
 Correct abs xsec    1645401202.7836981     
 Event xsec    1645401202.7835491     
 Events wgts > 1:           18
 % Cross section > 1:    1358694.7087332131       8.25752835499748983E-002
 Checking number of events   9448.8809471056647             8172  chi2:   0.12479375958487601     
 Found         8176  events.
 Wrote         8172  events.
 Actual xsec    1645401202.7836981     
 Correct abs xsec    1645401202.7836981     
 Event xsec    1645401202.7835491     
 Events wgts > 1:           18
 % Cross section > 1:    1358694.7087332131       8.25752835499748983E-002
 Iteration  7   Mean: 0.1648E+10 Abs mean: 0.1648E+10   Fluctuation:  0.455E+07   0.409E+11    77.4%
  7    0.1648E+10 0.1648E+10 +- 0.4547E+07      0.99
 Relative summed weights:
  0.1000E+01  0.0000E+00
 Relative number of events:
  0.1000E+01  0.0000E+00
 Events:
      128000           0
 Found        16644  events.
 Wrote        16639  events.
 Actual xsec    1646881977.1984439     
 Correct abs xsec    1646881977.1984439     
 Event xsec    1646881977.1987991     
 Events wgts > 1:           23
 % Cross section > 1:    1013014.7887130405       6.15110738193934969E-002
 Checking number of events   9457.3844422597831            16639  chi2:   0.12739086718753265     

 -------------------------------------------------------------------------------
 Accumulated results:   Integral =  0.1647E+10
                        Std dev  =  0.3625E+07
                       Cross sec =  0.5933E+00
             Chi**2 per DoF.     =
-------------------------------------------------
---------------------------
 Results Last   3 iters: Integral =   0.1647E+10
                     Abs integral =   0.1647E+10
                          Std dev =   0.3664E+07
                  Chi**2 per DoF. =      0.1274
-------------------------------------------------
---------------------------
 Status -5.74259999999999987E-006           8           9
 We found enough events       16639   9457.3844422597831     

ls status:
events.lhe
ftn25
ftn26
input_sg.txt
moffset.dat
results.dat
run_01_ftn26.gz
run_01_log.txt
run_01_results.dat
run_02_ftn26.gz
run_02_log.txt
run_02_results.dat
run1_app.log
