 Process in group number            0
 No PDF is used, alpha_s(MZ) from param_card is used
 Value of alpha_s from param_card:   0.11800000071525575     
 The default order of alpha_s running is fixed to            2
 Warning: pt or E min of a gamma should in general be >0
 Warning: pt or E min of a gamma should in general be >0
 Warning: pt or E min of a gamma should in general be >0
 *****************************************************
 *               MadGraph/MadEvent                   *
 *        --------------------------------           *
 *          http://madgraph.hep.uiuc.edu             *
 *          http://madgraph.phys.ucl.ac.be           *
 *          http://madgraph.roma2.infn.it            *
 *        --------------------------------           *
 *                                                   *
 *          PARAMETER AND COUPLING VALUES            *
 *                                                   *
 *****************************************************

  External Params
  ---------------------------------
  
 aEWM1 =    132.50700378417969     
 mdl_Gf =   1.16639000000000003E-005
 aS =   0.11800000071525575     
 mdl_ymb =    4.6999998092651367     
 mdl_ymt =    173.00000000000000     
 mdl_yme =   5.10999991092830896E-004
 mdl_ymm =   0.10565999895334244     
 mdl_ymtau =    1.7769999504089355     
 mdl_MZ =    91.188003540039063     
 mdl_MT =    173.00000000000000     
 mdl_MB =    4.6999998092651367     
 mdl_MH =    125.00000000000000     
 mdl_Me =   5.10999991092830896E-004
 mdl_MM =   0.10565999895334244     
 mdl_MTA =    1.7769999504089355     
 mdl_WZ =    2.4414041042327881     
 mdl_WW =    2.0476000308990479     
 mdl_WT =    1.4915000200271606     
 mdl_WH =   6.38233916833996773E-003
 mdl_WTau =   2.26999999999999982E-012
  Internal Params
  ---------------------------------
  
 mdl_conjg__CKM3x3 =    1.0000000000000000     
 mdl_CKM3x3 =    1.0000000000000000     
 mdl_conjg__CKM1x1 =    1.0000000000000000     
 mdl_complexi =  (  0.0000000000000000     ,  1.0000000000000000     )
 mdl_MZ__exp__2 =    8315.2519896181766     
 mdl_MZ__exp__4 =    69143415.650849044     
 mdl_sqrt__2 =    1.4142135623730951     
 mdl_MH__exp__2 =    15625.000000000000     
 mdl_aEW =   7.54677089845565054E-003
 mdl_MW =    80.419007276179556     
 mdl_sqrt__aEW =   8.68721526063194194E-002
 mdl_ee =   0.30795376284704501     
 mdl_MW__exp__2 =    6467.2167312862202     
 mdl_sw2 =   0.22224645274001076     
 mdl_cw =   0.88190336616887299     
 mdl_sqrt__sw2 =   0.47143022043565552     
 mdl_sw =   0.47143022043565552     
 mdl_g1 =   0.34919218438279087     
 mdl_gw =   0.65323296958447097     
 mdl_vev =    246.21845810181631     
 mdl_vev__exp__2 =    60623.529110035874     
 mdl_lam =   0.12886910601690271     
 mdl_yb =   2.69955531549349904E-002
 mdl_ye =   2.93504850670934038E-006
 mdl_ym =   6.06883028478528356E-004
 mdl_yt =   0.99366614581500645     
 mdl_ytau =   1.02066167158167895E-002
 mdl_muH =    88.388347648318444     
 mdl_I1x33 =  ( 2.69955531549349904E-002,  0.0000000000000000     )
 mdl_I2x33 =  ( 0.99366614581500645     ,  0.0000000000000000     )
 mdl_I3x33 =  ( 0.99366614581500645     ,  0.0000000000000000     )
 mdl_I4x33 =  ( 2.69955531549349904E-002,  0.0000000000000000     )
 mdl_ee__exp__2 =   9.48355200516540348E-002
 mdl_sw__exp__2 =   0.22224645274001076     
 mdl_cw__exp__2 =   0.77775354725998924     
  Internal Params evaluated point by point
  ----------------------------------------
  
 mdl_sqrt__aS =   0.34351128178744839     
 mdl_G__exp__2 =    1.4828317414825511     
  Couplings of sm-lepton_masses
  ---------------------------------
  
         GC_3 =  -0.00000E+00  -0.30795E+00

 Collider parameters:
 --------------------

 Running at e e   machine @   7.00000000000000067E-002  GeV
 PDF set = none   
 alpha_s(Mz)= 0.1180 running at 2 loops.
 alpha_s(Mz)= 0.1180 running at 2 loops.
 Renormalization scale fixed @    91.188000000000002     
 Factorization scales  fixed @    91.188000000000002        91.188000000000002     


 getting user params
Enter number of events and max and min iterations: 
 Number of events and iterations         1000           5           3
Enter desired fractional accuracy: 
 Desired fractional accuracy:   0.10000000000000001     
Enter 0 for fixed, 2 for adjustable grid: 
Suppress amplitude (0 no, 1 yes)? 
 Using suppressed amplitude.
Exact helicity sum (0 yes, n = number/event)? 
 Explicitly summing over helicities
Enter Configuration Number: 
Running Configuration Number:    1
 Not subdividing B.W.
 Attempting mappinvarients           1           5
 Completed mapping           5
 about to integrate            5        1000           5           3           5           1
 Using non-zero grid deformation.
  5 dimensions   1000 events  5 invarients  5 iterations  1 config(s),  (0.99)
 Using h-tuple random number sequence.
 Error opening grid
 Using Uniform Grid!
 Using uniform alpha   1.0000000000000000     
 Grid defined OK
 Set CM energy to          0.07
 Mapping Graph           1  to config           1
 Warning: No cutoff for shat integral found
          Minimum set to    204.08163265306121     
Setting grid   1    0.20408E+03   1
 Warning: No cutoff for shat integral found
          Minimum set to    204.08163265306121     
Setting grid   2    0.20408E+03   1
 Masses: 0.511E-03 0.511E-03 0.000E+00 0.000E+00 0.000E+00
   1   1   2   3   4   5
Using random seed offsets     1 :      1
  with seed                   24
 Ranmar initialization seeds       31059        9398
  Particle       3       4       5
      Et >     0.0     0.0     0.0
       E >     0.0     0.0     0.0
     Eta <    -1.0    -1.0    -1.0
   xqcut:      0.0     0.0     0.0
d R # 3  >    -0.0     0.0     0.0
d R # 4  >    -0.0    -0.0     0.0
s min # 3>     0.0     0.0     0.0
s min # 4>     0.0     0.0     0.0
xqcutij # 3>     0.0     0.0     0.0
xqcutij # 4>     0.0     0.0     0.0
 alpha_s for scale    91.188000000000002       is   0.11800000071525575     
 Added good helicity            1  6.40497807653340936E-003  in event            1
 Added good helicity            2  1.10063978944647113E-003  in event            1
 Added good helicity            3  3.68172563019784124E-003  in event            1
 Added good helicity            4  4.68509996905103969E-004  in event            1
 Added good helicity            5  8.64168261336865137E-004  in event            1
 Added good helicity            7  4.93717144136021115E-004  in event            1
 Added good helicity           10   5.6408832057903728       in event            1
 Added good helicity           11  3.89092685683653725E-002  in event            1
 Added good helicity           12   8.8071063767866118       in event            1
 Added good helicity           13  0.54856063443355996       in event            1
 Added good helicity           14  4.44549737362983039E-004  in event            1
 Added good helicity           15  0.95108134512250220       in event            1
 Added good helicity           18  0.95108134512250220       in event            1
 Added good helicity           19  4.44549737362982984E-004  in event            1
 Added good helicity           20  0.54856063443355996       in event            1
 Added good helicity           21   8.8071063767866136       in event            1
 Added good helicity           22  3.89092685683653725E-002  in event            1
 Added good helicity           23   5.6408832057903728       in event            1
 Added good helicity           26  4.93717144136021006E-004  in event            1
 Added good helicity           28  8.64168261336865137E-004  in event            1
 Added good helicity           29  4.68509996905103969E-004  in event            1
 Added good helicity           30  3.68172563019784124E-003  in event            1
 Added good helicity           31  1.10063978944647113E-003  in event            1
 Added good helicity           32  6.40497807653340936E-003  in event            1
 Added good helicity            6  9.72409810332765169E-005  in event            2
 Added good helicity           27  9.72409810332765169E-005  in event            2
Warning xbin not returning correct x   2  0.999983E+00  0.995234E+00  0.2837E+03
Warning xbin not returning correct x   2  0.999977E+00  0.993464E+00  0.2837E+03
Warning xbin not returning correct x   2  0.999982E+00  0.994966E+00  0.2837E+03
Warning xbin not returning correct x   2  0.999993E+00  0.998147E+00  0.2837E+03
Warning xbin not returning correct x   2  0.999993E+00  0.998054E+00  0.2837E+03
Warning xbin still not working well. Last message this iteration.
 Iteration  1   Mean: 0.9330E+07 Abs mean: 0.9330E+07   Fluctuation:  0.178E+07   0.116E+10    99.3%
  1    0.9330E+07 0.9330E+07 +- 0.1775E+07      6.02
 Writing out events   1879.0916143585655        6.0162161719971792     
 Relative summed weights:
  0.2625E+00  0.0000E+00
  0.1815E+00  0.0000E+00
  0.9720E-01  0.0000E+00
  0.1635E+00  0.0000E+00
  0.1851E+00  0.0000E+00
  0.1102E+00  0.0000E+00
 Relative number of events:
  0.1410E+00  0.0000E+00
  0.1750E+00  0.0000E+00
  0.1840E+00  0.0000E+00
  0.1430E+00  0.0000E+00
  0.1890E+00  0.0000E+00
  0.1680E+00  0.0000E+00
 Events:
         141           0
         175           0
         184           0
         143           0
         189           0
         168           0
Warning xbin not returning correct x   1  0.985143E+00  0.999776E+00  0.1534E-01
Warning xbin not returning correct x   1  0.987948E+00  0.999818E+00  0.1534E-01
Warning xbin not returning correct x   1  0.994178E+00  0.999912E+00  0.1534E-01
Warning xbin not returning correct x   1  0.987567E+00  0.999812E+00  0.1534E-01
Warning xbin not returning correct x   1  0.984974E+00  0.999773E+00  0.1534E-01
Warning xbin still not working well. Last message this iteration.
 Iteration  2   Mean: 0.2645E+07 Abs mean: 0.2645E+07   Fluctuation:  0.264E+06   0.323E+09    96.5%
  2    0.2645E+07 0.2645E+07 +- 0.2636E+06      4.46
 Relative summed weights:
  0.1984E+00  0.0000E+00
  0.2062E+00  0.0000E+00
  0.1253E+00  0.0000E+00
  0.1889E+00  0.0000E+00
  0.1448E+00  0.0000E+00
  0.1364E+00  0.0000E+00
 Relative number of events:
  0.1675E+00  0.0000E+00
  0.1680E+00  0.0000E+00
  0.1755E+00  0.0000E+00
  0.1595E+00  0.0000E+00
  0.1710E+00  0.0000E+00
  0.1585E+00  0.0000E+00
 Events:
         335           0
         336           0
         351           0
         319           0
         342           0
         317           0
 Iteration  3   Mean: 0.4104E+08 Abs mean: 0.4104E+08   Fluctuation:  0.235E+08   0.892E+11   100.0%
  3    0.4104E+08 0.4104E+08 +- 0.2350E+08     36.21
 Relative summed weights:
  0.4983E-01  0.0000E+00
  0.4337E-01  0.0000E+00
  0.4046E-01  0.0000E+00
  0.2104E+00  0.0000E+00
  0.5696E+00  0.0000E+00
  0.8636E-01  0.0000E+00
 Relative number of events:
  0.1685E+00  0.0000E+00
  0.1608E+00  0.0000E+00
  0.1635E+00  0.0000E+00
  0.1705E+00  0.0000E+00
  0.1628E+00  0.0000E+00
  0.1740E+00  0.0000E+00
 Events:
         674           0
         643           0
         654           0
         682           0
         651           0
         696           0
 Accuracy:    0.886   0.100   0.087 103.125
 Found          463  events.
 Wrote            1  events.
 Actual xsec    4942953.1986965593     
 Correct abs xsec    4942953.1986965593     
 Event xsec    4942953.1986965593     
 Events wgts > 1:            0
 % Cross section > 1:    0.0000000000000000        0.0000000000000000     
 Iteration  4   Mean: 0.9444E+08 Abs mean: 0.9444E+08   Fluctuation:  0.227E+08   0.124E+12    99.9%
  4    0.9444E+08 0.9444E+08 +- 0.2267E+08     21.47
 Relative summed weights:
  0.1020E+00  0.0000E+00
  0.1610E+00  0.0000E+00
  0.2101E+00  0.0000E+00
  0.1389E+00  0.0000E+00
  0.3232E+00  0.0000E+00
  0.6474E-01  0.0000E+00
 Relative number of events:
  0.1655E+00  0.0000E+00
  0.1701E+00  0.0000E+00
  0.1664E+00  0.0000E+00
  0.1785E+00  0.0000E+00
  0.1586E+00  0.0000E+00
  0.1609E+00  0.0000E+00
 Events:
        1324           0
        1361           0
        1331           0
        1428           0
        1269           0
        1287           0
 Accuracy:    1.100   0.100   0.082 180.013
 Found          317  events.
 Wrote            3  events.
 Actual xsec    16763376.484312791     
 Correct abs xsec    16763376.484312791     
 Event xsec    16763376.484312793     
 Events wgts > 1:            1
 % Cross section > 1:   0.54050767328590155       3.22433653978785189E-006
 Iteration  5   Mean: 0.8796E+08 Abs mean: 0.8796E+08   Fluctuation:  0.132E+08   0.133E+12    99.7%
  5    0.8796E+08 0.8796E+08 +- 0.1322E+08     19.01
 Relative summed weights:
  0.1393E+00  0.0000E+00
  0.1282E+00  0.0000E+00
  0.2637E+00  0.0000E+00
  0.2029E+00  0.0000E+00
  0.1350E+00  0.0000E+00
  0.1309E+00  0.0000E+00
 Relative number of events:
  0.1679E+00  0.0000E+00
  0.1653E+00  0.0000E+00
  0.1676E+00  0.0000E+00
  0.1643E+00  0.0000E+00
  0.1636E+00  0.0000E+00
  0.1714E+00  0.0000E+00
 Events:
        2686           0
        2645           0
        2682           0
        2628           0
        2617           0
        2742           0
 Accuracy:    0.623   0.100   0.072  74.935
 Found          736  events.
 Wrote            9  events.
 Actual xsec    87482037.438807681     
 Correct abs xsec    87482037.438807681     
 Event xsec    87482037.438807666     
 Events wgts > 1:            1
 % Cross section > 1:    2.7675999272614717       3.16362079380851796E-006

 -------------------------------------------------------------------------------
 Accumulated results:   Integral =  0.3203E+08
                        Std dev  =  0.2305E+07
                       Cross sec =  0.3203E+08
             Chi**2 per DoF.     =     74.9355
 -------------------------------------------------------------------------------
-------------------------------------------------
---------------------------
 Results Last   3 iters: Integral =   0.8748E+08
                     Abs integral =   0.8748E+08
                          Std dev =   0.1088E+08
                  Chi**2 per DoF. =      2.0010
-------------------------------------------------
---------------------------
 Status  0.10000000000000001                6           5

ls status:
events.lhe
input_app.txt
results.dat
run1_app.log
