 Process in group number            0
 No PDF is used, alpha_s(MZ) from param_card is used
 Value of alpha_s from param_card:   0.11800000071525575     
 The default order of alpha_s running is fixed to            2
 *****************************************************
 *               MadGraph/MadEvent                   *
 *        --------------------------------           *
 *          http://madgraph.hep.uiuc.edu             *
 *          http://madgraph.phys.ucl.ac.be           *
 *          http://madgraph.roma2.infn.it            *
 *        --------------------------------           *
 *                                                   *
 *          PARAMETER AND COUPLING VALUES            *
 *                                                   *
 *****************************************************

  External Params
  ---------------------------------
  
 aEWM1 =    132.50700378417969     
 mdl_Gf =   1.16639000000000003E-005
 aS =   0.11800000071525575     
 mdl_ymb =    4.6999998092651367     
 mdl_ymt =    173.00000000000000     
 mdl_yme =   5.10999991092830896E-004
 mdl_ymm =   0.10565999895334244     
 mdl_ymtau =    1.7769999504089355     
 mdl_MZ =    91.188003540039063     
 mdl_MT =    173.00000000000000     
 mdl_MB =    4.6999998092651367     
 mdl_MH =    125.00000000000000     
 mdl_Me =   5.10999991092830896E-004
 mdl_MM =   0.10565999895334244     
 mdl_MTA =    1.7769999504089355     
 mdl_WZ =    2.4414041042327881     
 mdl_WW =    2.0476000308990479     
 mdl_WT =    1.4915000200271606     
 mdl_WH =   6.38233916833996773E-003
 mdl_WTau =   2.26999999999999982E-012
  Internal Params
  ---------------------------------
  
 mdl_conjg__CKM3x3 =    1.0000000000000000     
 mdl_CKM3x3 =    1.0000000000000000     
 mdl_conjg__CKM1x1 =    1.0000000000000000     
 mdl_complexi =  (  0.0000000000000000     ,  1.0000000000000000     )
 mdl_MZ__exp__2 =    8315.2519896181766     
 mdl_MZ__exp__4 =    69143415.650849044     
 mdl_sqrt__2 =    1.4142135623730951     
 mdl_MH__exp__2 =    15625.000000000000     
 mdl_aEW =   7.54677089845565054E-003
 mdl_MW =    80.419007276179556     
 mdl_sqrt__aEW =   8.68721526063194194E-002
 mdl_ee =   0.30795376284704501     
 mdl_MW__exp__2 =    6467.2167312862202     
 mdl_sw2 =   0.22224645274001076     
 mdl_cw =   0.88190336616887299     
 mdl_sqrt__sw2 =   0.47143022043565552     
 mdl_sw =   0.47143022043565552     
 mdl_g1 =   0.34919218438279087     
 mdl_gw =   0.65323296958447097     
 mdl_vev =    246.21845810181631     
 mdl_vev__exp__2 =    60623.529110035874     
 mdl_lam =   0.12886910601690271     
 mdl_yb =   2.69955531549349904E-002
 mdl_ye =   2.93504850670934038E-006
 mdl_ym =   6.06883028478528356E-004
 mdl_yt =   0.99366614581500645     
 mdl_ytau =   1.02066167158167895E-002
 mdl_muH =    88.388347648318444     
 mdl_I1x33 =  ( 2.69955531549349904E-002,  0.0000000000000000     )
 mdl_I2x33 =  ( 0.99366614581500645     ,  0.0000000000000000     )
 mdl_I3x33 =  ( 0.99366614581500645     ,  0.0000000000000000     )
 mdl_I4x33 =  ( 2.69955531549349904E-002,  0.0000000000000000     )
 mdl_ee__exp__2 =   9.48355200516540348E-002
 mdl_sw__exp__2 =   0.22224645274001076     
 mdl_cw__exp__2 =   0.77775354725998924     
  Internal Params evaluated point by point
  ----------------------------------------
  
 mdl_sqrt__aS =   0.34351128178744839     
 mdl_G__exp__2 =    1.4828317414825511     
  Couplings of sm-lepton_masses
  ---------------------------------
  
         GC_3 =  -0.00000E+00  -0.30795E+00
        GC_50 =  -0.00000E+00  -0.28804E+00
        GC_59 =   0.00000E+00   0.82310E-01
        GC_89 =  -0.00000E+00  -0.20754E-05

 Collider parameters:
 --------------------

 Running at e e   machine @   7.14879999999999960E-002  GeV
 PDF set = none   
 alpha_s(Mz)= 0.1180 running at 2 loops.
 alpha_s(Mz)= 0.1180 running at 2 loops.
 Renormalization scale fixed @    91.188000000000002     
 Factorization scales  fixed @    91.188000000000002        91.188000000000002     


 getting user params
Enter number of events and max and min iterations: 
 Number of events and iterations         2000           9           3
Enter desired fractional accuracy: 
 Desired fractional accuracy:  -8.93849999999999961E-004
Enter 0 for fixed, 2 for adjustable grid: 
Suppress amplitude (0 no, 1 yes)? 
 Using suppressed amplitude.
Exact helicity sum (0 yes, n = number/event)? 
 Explicitly summing over helicities
Enter Configuration Number: 
Running Configuration Number:    1
 Not subdividing B.W.
 Attempting mappinvarients           1           5
 Completed mapping           5
 about to integrate            5        2000           9           3           5           1
 Using non-zero grid deformation.
  5 dimensions   2000 events  5 invarients  9 iterations  1 config(s),  (0.99)
 Using h-tuple random number sequence.
 Error opening grid
 Using Uniform Grid!
 Using uniform alpha   1.0000000000000000     
 Grid defined OK
 Set CM energy to          0.07
 Mapping Graph           1  to config           1
Setting grid   1    0.51095E-04   1
Setting grid   2    0.20438E-03   1
 Masses: 0.511E-03 0.511E-03 0.000E+00 0.511E-03 0.511E-03
   1   1   2   3   4   5
 Got moffset           1
Using random seed offsets     1 :      1
  with seed                   78
 Ranmar initialization seeds        6642       12612
  Particle       3       4       5
      Et >     0.0     0.0     0.0
       E >     0.0     0.0     0.0
     Eta <    -1.0    -1.0    -1.0
   xqcut:      0.0     0.0     0.0
d R # 3  >    -0.0     0.0     0.0
d R # 4  >    -0.0    -0.0     0.0
s min # 3>     0.0     0.0     0.0
s min # 4>     0.0     0.0     0.0
xqcutij # 3>     0.0     0.0     0.0
xqcutij # 4>     0.0     0.0     0.0
 alpha_s for scale    91.188000000000002       is   0.11800000071525575     
 Added good helicity            1   8.4202592755872949       in event            1
 Added good helicity            2  2.03722273480937683E-005  in event            1
 Added good helicity            3  5.14688420548129518E-003  in event            1
 Added good helicity            5   3.8038264213644197       in event            1
 Added good helicity            6  1.20859948199876658E-005  in event            1
 Added good helicity            7  1.39117522068201634E-005  in event            1
 Added good helicity            9  1.80270160116958639E-005  in event            1
 Added good helicity           10  3.97033561729480469E-002  in event            1
 Added good helicity           11   1.2428357049461618       in event            1
 Added good helicity           12  5.95865649351086439E-005  in event            1
 Added good helicity           13  1.62066604183553156E-003  in event            1
 Added good helicity           14  1.39373263843406685E-002  in event            1
 Added good helicity           15   2.4725247799471282       in event            1
 Added good helicity           16  2.15261439946496732E-005  in event            1
 Added good helicity           17  2.15261327122199572E-005  in event            1
 Added good helicity           18   2.4725247805065180       in event            1
 Added good helicity           19  1.39373414686666756E-002  in event            1
 Added good helicity           20  1.62066597315376252E-003  in event            1
 Added good helicity           21  5.95865910572864629E-005  in event            1
 Added good helicity           22   1.2428357047329055       in event            1
 Added good helicity           23  3.97033991665103753E-002  in event            1
 Added good helicity           24  1.80270053090810001E-005  in event            1
 Added good helicity           26  1.39117615830558843E-005  in event            1
 Added good helicity           27  1.20859891194346143E-005  in event            1
 Added good helicity           28   3.8038264208858710       in event            1
 Added good helicity           30  5.14688433390452209E-003  in event            1
 Added good helicity           31  2.03722158328998389E-005  in event            1
 Added good helicity           32   8.4202592763975090       in event            1
 Added good helicity            4  6.41802382009393914E-006  in event            5
 Added good helicity           29  6.41802634338045645E-006  in event            5
 Iteration  1   Mean: 0.9035E+06 Abs mean: 0.9035E+06   Fluctuation:  0.631E+05   0.326E+08    88.2%
  1    0.9035E+06 0.9035E+06 +- 0.6312E+05      3.12
 Writing out events   56.919235620945337        3.1246028118950213     
 Relative summed weights:
  0.4721E+00  0.0000E+00
  0.5279E+00  0.0000E+00
 Relative number of events:
  0.4975E+00  0.0000E+00
  0.5025E+00  0.0000E+00
 Events:
         995           0
        1005           0
 Iteration  2   Mean: 0.9801E+06 Abs mean: 0.9801E+06   Fluctuation:  0.349E+05   0.567E+08    85.3%
  2    0.9801E+06 0.9801E+06 +- 0.3486E+05      2.25
 Relative summed weights:
  0.5055E+00  0.0000E+00
  0.4945E+00  0.0000E+00
 Relative number of events:
  0.4900E+00  0.0000E+00
  0.5100E+00  0.0000E+00
 Events:
        1960           0
        2040           0
 Iteration  3   Mean: 0.1003E+07 Abs mean: 0.1003E+07   Fluctuation:  0.187E+05   0.251E+08    84.4%
  3    0.1003E+07 0.1003E+07 +- 0.1872E+05      1.67
 Relative summed weights:
  0.5101E+00  0.0000E+00
  0.4899E+00  0.0000E+00
 Relative number of events:
  0.5069E+00  0.0000E+00
  0.4931E+00  0.0000E+00
 Events:
        4055           0
        3945           0
 Found          954  events.
 Wrote          671  events.
 Actual xsec    993340.90676161600     
 Correct abs xsec    993340.90676161600     
 Event xsec    993340.90676160867     
 Events wgts > 1:           20
 % Cross section > 1:    9176.0510154397889       0.92375648208776973     
 Checking number of events   887.89776950887040              671  chi2:    1.2293735703340856     
 Found          954  events.
 Wrote          625  events.
 Actual xsec    993340.90676161600     
 Correct abs xsec    993340.90676161600     
 Event xsec    993340.90676159726     
 Events wgts > 1:           20
 % Cross section > 1:    9844.7150983077972       0.99107114499116644     
 Iteration  4   Mean: 0.9990E+06 Abs mean: 0.9990E+06   Fluctuation:  0.117E+05   0.196E+08    84.6%
  4    0.9990E+06 0.9990E+06 +- 0.1173E+05      1.49
 Relative summed weights:
  0.4911E+00  0.0000E+00
  0.5089E+00  0.0000E+00
 Relative number of events:
  0.4976E+00  0.0000E+00
  0.5024E+00  0.0000E+00
 Events:
        7962           0
        8038           0
 Found         1860  events.
 Wrote         1578  events.
 Actual xsec    998775.59690322028     
 Correct abs xsec    998775.59690322028     
 Event xsec    998775.59690319397     
 Events wgts > 1:           49
 % Cross section > 1:    10022.761548055134        1.0035048492505958     
 Checking number of events   892.75556729194341             1578  chi2:   0.17391607363407402     

 -------------------------------------------------------------------------------
 Accumulated results:   Integral =  0.9970E+06
                        Std dev  =  0.9454E+04
                       Cross sec =  0.7253E+00
             Chi**2 per DoF.     =
-------------------------------------------------
---------------------------
 Results Last   3 iters: Integral =   0.9988E+06
                     Abs integral =   0.9988E+06
                          Std dev =   0.9559E+04
                  Chi**2 per DoF. =      0.1739
-------------------------------------------------
---------------------------
 Status -8.93849999999999961E-004           5           9
 We found enough events        1578   892.75556729194341     

ls status:
events.lhe
ftn25
ftn26
input_sg.txt
moffset.dat
results.dat
run1_app.log
