 Process in group number            0
 No PDF is used, alpha_s(MZ) from param_card is used
 Value of alpha_s from param_card:   0.11800000071525575     
 The default order of alpha_s running is fixed to            2
 Warning: pt or E min of a gamma should in general be >0
 Warning: pt or E min of a gamma should in general be >0
 Warning: pt or E min of a gamma should in general be >0
 *****************************************************
 *               MadGraph/MadEvent                   *
 *        --------------------------------           *
 *          http://madgraph.hep.uiuc.edu             *
 *          http://madgraph.phys.ucl.ac.be           *
 *          http://madgraph.roma2.infn.it            *
 *        --------------------------------           *
 *                                                   *
 *          PARAMETER AND COUPLING VALUES            *
 *                                                   *
 *****************************************************

  External Params
  ---------------------------------
  
 aEWM1 =    132.50700378417969     
 mdl_Gf =   1.16639000000000003E-005
 aS =   0.11800000071525575     
 mdl_ymb =    4.6999998092651367     
 mdl_ymt =    173.00000000000000     
 mdl_yme =   5.10999991092830896E-004
 mdl_ymm =   0.10565999895334244     
 mdl_ymtau =    1.7769999504089355     
 mdl_MZ =    91.188003540039063     
 mdl_MT =    173.00000000000000     
 mdl_MB =    4.6999998092651367     
 mdl_MH =    125.00000000000000     
 mdl_Me =   5.10999991092830896E-004
 mdl_MM =   0.10565999895334244     
 mdl_MTA =    1.7769999504089355     
 mdl_WZ =    2.4414041042327881     
 mdl_WW =    2.0476000308990479     
 mdl_WT =    1.4915000200271606     
 mdl_WH =   6.38233916833996773E-003
 mdl_WTau =   2.26999999999999982E-012
  Internal Params
  ---------------------------------
  
 mdl_conjg__CKM3x3 =    1.0000000000000000     
 mdl_CKM3x3 =    1.0000000000000000     
 mdl_conjg__CKM1x1 =    1.0000000000000000     
 mdl_complexi =  (  0.0000000000000000     ,  1.0000000000000000     )
 mdl_MZ__exp__2 =    8315.2519896181766     
 mdl_MZ__exp__4 =    69143415.650849044     
 mdl_sqrt__2 =    1.4142135623730951     
 mdl_MH__exp__2 =    15625.000000000000     
 mdl_aEW =   7.54677089845565054E-003
 mdl_MW =    80.419007276179556     
 mdl_sqrt__aEW =   8.68721526063194194E-002
 mdl_ee =   0.30795376284704501     
 mdl_MW__exp__2 =    6467.2167312862202     
 mdl_sw2 =   0.22224645274001076     
 mdl_cw =   0.88190336616887299     
 mdl_sqrt__sw2 =   0.47143022043565552     
 mdl_sw =   0.47143022043565552     
 mdl_g1 =   0.34919218438279087     
 mdl_gw =   0.65323296958447097     
 mdl_vev =    246.21845810181631     
 mdl_vev__exp__2 =    60623.529110035874     
 mdl_lam =   0.12886910601690271     
 mdl_yb =   2.69955531549349904E-002
 mdl_ye =   2.93504850670934038E-006
 mdl_ym =   6.06883028478528356E-004
 mdl_yt =   0.99366614581500645     
 mdl_ytau =   1.02066167158167895E-002
 mdl_muH =    88.388347648318444     
 mdl_I1x33 =  ( 2.69955531549349904E-002,  0.0000000000000000     )
 mdl_I2x33 =  ( 0.99366614581500645     ,  0.0000000000000000     )
 mdl_I3x33 =  ( 0.99366614581500645     ,  0.0000000000000000     )
 mdl_I4x33 =  ( 2.69955531549349904E-002,  0.0000000000000000     )
 mdl_ee__exp__2 =   9.48355200516540348E-002
 mdl_sw__exp__2 =   0.22224645274001076     
 mdl_cw__exp__2 =   0.77775354725998924     
  Internal Params evaluated point by point
  ----------------------------------------
  
 mdl_sqrt__aS =   0.34351128178744839     
 mdl_G__exp__2 =    1.4828317414825511     
  Couplings of sm-lepton_masses
  ---------------------------------
  
         GC_3 =  -0.00000E+00  -0.30795E+00

 Collider parameters:
 --------------------

 Running at e e   machine @   7.00000000000000067E-002  GeV
 PDF set = none   
 alpha_s(Mz)= 0.1180 running at 2 loops.
 alpha_s(Mz)= 0.1180 running at 2 loops.
 Renormalization scale fixed @    91.188000000000002     
 Factorization scales  fixed @    91.188000000000002        91.188000000000002     


 getting user params
Enter number of events and max and min iterations: 
 Number of events and iterations         1000           9           3
Enter desired fractional accuracy: 
 Desired fractional accuracy:  -4.19009999999999974E-005
Enter 0 for fixed, 2 for adjustable grid: 
Suppress amplitude (0 no, 1 yes)? 
 Using suppressed amplitude.
Exact helicity sum (0 yes, n = number/event)? 
 Explicitly summing over helicities
Enter Configuration Number: 
Running Configuration Number:    1
 Not subdividing B.W.
 Attempting mappinvarients           1           5
 Completed mapping           5
 about to integrate            5        1000           9           3           5           1
 Keeping grid fixed.
  5 dimensions   1000 events  5 invarients  9 iterations  1 config(s),  (0.99)
 Using h-tuple random number sequence.
 Grid read from file
 Grid defined OK
 Set CM energy to          0.07
 Mapping Graph           1  to config           1
 Warning: No cutoff for shat integral found
          Minimum set to    204.08163265306121     
 No modification is setgrid, grid read from file
 Warning: No cutoff for shat integral found
          Minimum set to    204.08163265306121     
 No modification is setgrid, grid read from file
 Masses: 0.511E-03 0.511E-03 0.000E+00 0.000E+00 0.000E+00
   1   1   2   3   4   5
 Got moffset          20
Using random seed offsets     1 :      1
  with seed                   30
 Ranmar initialization seeds        8292       12383
  Particle       3       4       5
      Et >     0.0     0.0     0.0
       E >     0.0     0.0     0.0
     Eta <    -1.0    -1.0    -1.0
   xqcut:      0.0     0.0     0.0
d R # 3  >    -0.0     0.0     0.0
d R # 4  >    -0.0    -0.0     0.0
s min # 3>     0.0     0.0     0.0
s min # 4>     0.0     0.0     0.0
xqcutij # 3>     0.0     0.0     0.0
xqcutij # 4>     0.0     0.0     0.0
 alpha_s for scale    91.188000000000002       is   0.11800000071525575     
 Added good helicity            1  3.76210822114064689E-002  in event            1
 Added good helicity            2  2.80010203395713436E-004  in event            1
 Added good helicity            3  1.67376472689513521E-002  in event            1
 Added good helicity            4  2.37083525427319702E-005  in event            1
 Added good helicity            5  1.23628831303709674E-002  in event            1
 Added good helicity            6  6.43274510672375664E-005  in event            1
 Added good helicity            7  4.33036393690380689E-005  in event            1
 Added good helicity           10   10.381280508563654       in event            1
 Added good helicity           11  2.90424694076987754E-002  in event            1
 Added good helicity           12   2.3773690748296450       in event            1
 Added good helicity           13  5.21599637267003164E-003  in event            1
 Added good helicity           14   3.1359822474084083       in event            1
 Added good helicity           15  3.97674105395893693E-003  in event            1
 Added good helicity           18  3.97674105395893693E-003  in event            1
 Added good helicity           19   3.1359822474084100       in event            1
 Added good helicity           20  5.21599637267003164E-003  in event            1
 Added good helicity           21   2.3773690748296454       in event            1
 Added good helicity           22  2.90424694076987754E-002  in event            1
 Added good helicity           23   10.381280508563654       in event            1
 Added good helicity           26  4.33036393690380689E-005  in event            1
 Added good helicity           27  6.43274510672375664E-005  in event            1
 Added good helicity           28  1.23628831303709674E-002  in event            1
 Added good helicity           29  2.37083525427319871E-005  in event            1
 Added good helicity           30  1.67376472689513521E-002  in event            1
 Added good helicity           31  2.80010203395713436E-004  in event            1
 Added good helicity           32  3.76210822114064689E-002  in event            1
 Iteration  1   Mean: 0.1028E+09 Abs mean: 0.1028E+09   Fluctuation:  0.629E+07   0.499E+10    99.3%
  1    0.1028E+09 0.1028E+09 +- 0.6287E+07      1.93
 Writing out events   11506.048657172681        1.9333297429780272     
 Relative summed weights:
  0.1523E+00  0.0000E+00
  0.1520E+00  0.0000E+00
  0.1690E+00  0.0000E+00
  0.1919E+00  0.0000E+00
  0.1898E+00  0.0000E+00
  0.1450E+00  0.0000E+00
 Relative number of events:
  0.1670E+00  0.0000E+00
  0.1630E+00  0.0000E+00
  0.1590E+00  0.0000E+00
  0.1810E+00  0.0000E+00
  0.1620E+00  0.0000E+00
  0.1680E+00  0.0000E+00
 Events:
         167           0
         163           0
         159           0
         181           0
         162           0
         168           0
 Iteration  2   Mean: 0.1380E+09 Abs mean: 0.1380E+09   Fluctuation:  0.316E+08   0.628E+11    99.7%
  2    0.1380E+09 0.1380E+09 +- 0.3158E+08     10.24
 Relative summed weights:
  0.1112E+00  0.0000E+00
  0.1379E+00  0.0000E+00
  0.3718E+00  0.0000E+00
  0.1383E+00  0.0000E+00
  0.1068E+00  0.0000E+00
  0.1340E+00  0.0000E+00
 Relative number of events:
  0.1610E+00  0.0000E+00
  0.1705E+00  0.0000E+00
  0.1635E+00  0.0000E+00
  0.1780E+00  0.0000E+00
  0.1590E+00  0.0000E+00
  0.1680E+00  0.0000E+00
 Events:
         322           0
         341           0
         327           0
         356           0
         318           0
         336           0
 Iteration  3   Mean: 0.1255E+09 Abs mean: 0.1255E+09   Fluctuation:  0.175E+08   0.682E+11    99.3%
  3    0.1255E+09 0.1255E+09 +- 0.1748E+08      8.81
 Relative summed weights:
  0.1450E+00  0.0000E+00
  0.2651E+00  0.0000E+00
  0.1547E+00  0.0000E+00
  0.1577E+00  0.0000E+00
  0.1496E+00  0.0000E+00
  0.1279E+00  0.0000E+00
 Relative number of events:
  0.1635E+00  0.0000E+00
  0.1648E+00  0.0000E+00
  0.1698E+00  0.0000E+00
  0.1683E+00  0.0000E+00
  0.1595E+00  0.0000E+00
  0.1742E+00  0.0000E+00
 Events:
         654           0
         659           0
         679           0
         673           0
         638           0
         697           0
 Found          274  events.
 Wrote           10  events.
 Actual xsec    108276497.51129162     
 Correct abs xsec    108276497.51129162     
 Event xsec    108276497.51129158     
 Events wgts > 1:            1
 % Cross section > 1:   0.24661666713654995       2.27765648875769754E-007
 Checking number of events   4536.8935222206301               10  chi2:    1.3031684390582758     
 Found          274  events.
 Wrote            9  events.
 Actual xsec    108276497.51129162     
 Correct abs xsec    108276497.51129162     
 Event xsec    108276497.51129161     
 Events wgts > 1:            1
 % Cross section > 1:   0.27401852048933506       2.53072944533285340E-007
 Iteration  4   Mean: 0.1172E+09 Abs mean: 0.1172E+09   Fluctuation:  0.444E+07   0.247E+11    99.4%
  4    0.1172E+09 0.1172E+09 +- 0.4439E+07      3.39
 Relative summed weights:
  0.1959E+00  0.0000E+00
  0.1782E+00  0.0000E+00
  0.1642E+00  0.0000E+00
  0.1465E+00  0.0000E+00
  0.1692E+00  0.0000E+00
  0.1461E+00  0.0000E+00
 Relative number of events:
  0.1701E+00  0.0000E+00
  0.1722E+00  0.0000E+00
  0.1655E+00  0.0000E+00
  0.1591E+00  0.0000E+00
  0.1610E+00  0.0000E+00
  0.1720E+00  0.0000E+00
 Events:
        1361           0
        1378           0
        1324           0
        1273           0
        1288           0
        1376           0
 Found          690  events.
 Wrote           39  events.
 Actual xsec    118300619.71094756     
 Correct abs xsec    118300619.71094756     
 Event xsec    118300619.71094768     
 Events wgts > 1:            1
 % Cross section > 1:   0.41080467635765672       3.47254881133678806E-007
 Checking number of events   4956.9142665084137               39  chi2:   0.30831355843938324     
 Found          690  events.
 Wrote           42  events.
 Actual xsec    118300619.71094756     
 Correct abs xsec    118300619.71094756     
 Event xsec    118300619.71094748     
 Events wgts > 1:            1
 % Cross section > 1:   0.38146148575469851       3.22450961530675959E-007
 Iteration  5   Mean: 0.1133E+09 Abs mean: 0.1133E+09   Fluctuation:  0.293E+07   0.269E+11    99.3%
  5    0.1133E+09 0.1133E+09 +- 0.2929E+07      3.27
 Relative summed weights:
  0.1558E+00  0.0000E+00
  0.1729E+00  0.0000E+00
  0.1753E+00  0.0000E+00
  0.1727E+00  0.0000E+00
  0.1654E+00  0.0000E+00
  0.1579E+00  0.0000E+00
 Relative number of events:
  0.1676E+00  0.0000E+00
  0.1689E+00  0.0000E+00
  0.1657E+00  0.0000E+00
  0.1663E+00  0.0000E+00
  0.1661E+00  0.0000E+00
  0.1656E+00  0.0000E+00
 Events:
        2681           0
        2702           0
        2651           0
        2660           0
        2657           0
        2649           0
 Found         1393  events.
 Wrote          118  events.
 Actual xsec    114814248.91907324     
 Correct abs xsec    114814248.91907324     
 Event xsec    114814248.91907287     
 Events wgts > 1:            2
 % Cross section > 1:    905117.62114961736       0.78833213618598152     
 Checking number of events   4810.8318439580871              118  chi2:   0.46581465641924724     
 Found         1393  events.
 Wrote          114  events.
 Actual xsec    114814248.91907324     
 Correct abs xsec    114814248.91907324     
 Event xsec    114814248.91907275     
 Events wgts > 1:            2
 % Cross section > 1:    936617.05861921527       0.81576726533254018     
 Iteration  6   Mean: 0.1286E+09 Abs mean: 0.1286E+09   Fluctuation:  0.684E+07   0.162E+12    99.3%
  6    0.1286E+09 0.1286E+09 +- 0.6845E+07      9.52
 Relative summed weights:
  0.1533E+00  0.0000E+00
  0.1937E+00  0.0000E+00
  0.2106E+00  0.0000E+00
  0.1498E+00  0.0000E+00
  0.1430E+00  0.0000E+00
  0.1496E+00  0.0000E+00
 Relative number of events:
  0.1666E+00  0.0000E+00
  0.1705E+00  0.0000E+00
  0.1656E+00  0.0000E+00
  0.1672E+00  0.0000E+00
  0.1640E+00  0.0000E+00
  0.1660E+00  0.0000E+00
 Events:
        5331           0
        5457           0
        5300           0
        5350           0
        5249           0
        5313           0
 Found         2894  events.
 Wrote           25  events.
 Actual xsec    116502602.25636560     
 Correct abs xsec    116502602.25636560     
 Event xsec    116502602.25636560     
 Events wgts > 1:            0
 % Cross section > 1:    0.0000000000000000        0.0000000000000000     
 Checking number of events   4881.5755371439745               25  chi2:    2.1570613377129870     
 Found         2894  events.
 Wrote           35  events.
 Actual xsec    116502602.25636560     
 Correct abs xsec    116502602.25636560     
 Event xsec    116502602.25636575     
 Events wgts > 1:            0
 % Cross section > 1:    0.0000000000000000        0.0000000000000000     
 Iteration  7   Mean: 0.1225E+09 Abs mean: 0.1225E+09   Fluctuation:  0.349E+07   0.144E+12    99.3%
  7    0.1225E+09 0.1225E+09 +- 0.3490E+07      7.21
 Relative summed weights:
  0.1849E+00  0.0000E+00
  0.1541E+00  0.0000E+00
  0.1628E+00  0.0000E+00
  0.1577E+00  0.0000E+00
  0.1825E+00  0.0000E+00
  0.1580E+00  0.0000E+00
 Relative number of events:
  0.1685E+00  0.0000E+00
  0.1670E+00  0.0000E+00
  0.1670E+00  0.0000E+00
  0.1665E+00  0.0000E+00
  0.1653E+00  0.0000E+00
  0.1656E+00  0.0000E+00
 Events:
       10783           0
       10690           0
       10688           0
       10659           0
       10580           0
       10600           0
 Found         5134  events.
 Wrote           86  events.
 Actual xsec    118718395.66455206     
 Correct abs xsec    118718395.66455206     
 Event xsec    118718395.66455226     
 Events wgts > 1:            2
 % Cross section > 1:    1057977.4098921330       0.89116552154354201     
 Checking number of events   4974.4194967403955               86  chi2:    3.3075066940442546     
 Found         5134  events.
 Wrote           94  events.
 Actual xsec    118718395.66455206     
 Correct abs xsec    118718395.66455206     
 Event xsec    118718395.66455236     
 Events wgts > 1:            2
 % Cross section > 1:    968671.45722419117       0.81594048824686294     
 Iteration  8   Mean: 0.1205E+09 Abs mean: 0.1205E+09   Fluctuation:  0.229E+07   0.226E+12    99.3%
  8    0.1205E+09 0.1205E+09 +- 0.2292E+07      6.80
 Relative summed weights:
  0.1635E+00  0.0000E+00
  0.1679E+00  0.0000E+00
  0.1666E+00  0.0000E+00
  0.1578E+00  0.0000E+00
  0.1833E+00  0.0000E+00
  0.1609E+00  0.0000E+00
 Relative number of events:
  0.1683E+00  0.0000E+00
  0.1643E+00  0.0000E+00
  0.1669E+00  0.0000E+00
  0.1653E+00  0.0000E+00
  0.1680E+00  0.0000E+00
  0.1673E+00  0.0000E+00
 Events:
       21545           0
       21025           0
       21364           0
       21156           0
       21499           0
       21411           0
 Found        10912  events.
 Wrote           70  events.
 Actual xsec    121736228.26908839     
 Correct abs xsec    121736228.26908839     
 Event xsec    121736228.26908825     
 Events wgts > 1:            0
 % Cross section > 1:    0.0000000000000000        0.0000000000000000     
 Checking number of events   5100.8697007030723               70  chi2:   0.65470914070293018     
 Found        10912  events.
 Wrote           56  events.
 Actual xsec    121736228.26908839     
 Correct abs xsec    121736228.26908839     
 Event xsec    121736228.26908840     
 Events wgts > 1:            0
 % Cross section > 1:    0.0000000000000000        0.0000000000000000     
 Iteration  9   Mean: 0.1199E+09 Abs mean: 0.1199E+09   Fluctuation:  0.145E+07   0.253E+12    99.3%
  9    0.1199E+09 0.1199E+09 +- 0.1454E+07      6.14
 Relative summed weights:
  0.1676E+00  0.0000E+00
  0.1650E+00  0.0000E+00
  0.1596E+00  0.0000E+00
  0.1697E+00  0.0000E+00
  0.1634E+00  0.0000E+00
  0.1747E+00  0.0000E+00
 Relative number of events:
  0.1658E+00  0.0000E+00
  0.1673E+00  0.0000E+00
  0.1673E+00  0.0000E+00
  0.1673E+00  0.0000E+00
  0.1664E+00  0.0000E+00
  0.1659E+00  0.0000E+00
 Events:
       42450           0
       42837           0
       42817           0
       42817           0
       42606           0
       42473           0
 Found        22112  events.
 Wrote          695  events.
 Actual xsec    120336379.82539779     
 Correct abs xsec    120336379.82539779     
 Event xsec    120336379.82539956     
 Events wgts > 1:            6
 % Cross section > 1:    1185356.0862119677       0.98503552120467985     
 Checking number of events   5042.2146510639923              695  chi2:   0.24080455158337510     
 Found        22112  events.
 Wrote          715  events.
 Actual xsec    120336379.82539779     
 Correct abs xsec    120336379.82539779     
 Event xsec    120336379.82539845     
 Events wgts > 1:            6
 % Cross section > 1:    1152516.8306583420       0.95774597202490341     

 -------------------------------------------------------------------------------
 Accumulated results:   Integral =  0.1193E+09
                        Std dev  =  0.1020E+07
                       Cross sec =  0.1193E+09
             Chi**2 per DoF.     =      1.6393
 -------------------------------------------------------------------------------
-------------------------------------------------
---------------------------
 Results Last   3 iters: Integral =   0.1203E+09
                     Abs integral =   0.1203E+09
                          Std dev =   0.1158E+07
                  Chi**2 per DoF. =      0.2408
-------------------------------------------------
---------------------------
 Status -4.19009999999999974E-005          10           9
 Trying w/ fresh grid
 Starting w/ ncall =         4000
 Keeping grid fixed.
  5 dimensions   4000 events  5 invarients  8 iterations  1 config(s),  (0.99)
 Using h-tuple random number sequence.
 Error opening grid
 Using Uniform Grid!
 Using uniform alpha   1.0000000000000000     
 Grid defined OK
 Warning: No cutoff for shat integral found
          Minimum set to    204.08163265306121     
Setting grid   1    0.20408E+03   1
 Warning: No cutoff for shat integral found
          Minimum set to    204.08163265306121     
Setting grid   2    0.20408E+03   1
Warning xbin not returning correct x   2  0.999965E+00  0.989955E+00  0.2837E+03
Warning xbin not returning correct x   2  0.999992E+00  0.997805E+00  0.2837E+03
Warning xbin not returning correct x   2  0.999990E+00  0.997044E+00  0.2837E+03
Warning xbin not returning correct x   2  0.999973E+00  0.992403E+00  0.2837E+03
Warning xbin not returning correct x   2  0.999996E+00  0.998890E+00  0.2837E+03
Warning xbin still not working well. Last message this iteration.
 Iteration  1   Mean: 0.1488E+09 Abs mean: 0.1488E+09   Fluctuation:  0.115E+09   0.458E+12    98.8%
  1    0.1488E+09 0.1488E+09 +- 0.1148E+09     48.82
 Relative summed weights:
  0.1704E-01  0.0000E+00
  0.1447E-01  0.0000E+00
  0.7913E+00  0.0000E+00
  0.5164E-01  0.0000E+00
  0.3834E-01  0.0000E+00
  0.8726E-01  0.0000E+00
 Relative number of events:
  0.1690E+00  0.0000E+00
  0.1675E+00  0.0000E+00
  0.1535E+00  0.0000E+00
  0.1698E+00  0.0000E+00
  0.1653E+00  0.0000E+00
  0.1750E+00  0.0000E+00
 Events:
         676           0
         670           0
         614           0
         679           0
         661           0
         700           0
Warning xbin not returning correct x   1  0.985181E+00  0.999777E+00  0.1530E-01
Warning xbin not returning correct x   1  0.998236E+00  0.999973E+00  0.1530E-01
Warning xbin not returning correct x   1  0.985152E+00  0.999776E+00  0.1530E-01
Warning xbin not returning correct x   1  0.990522E+00  0.999857E+00  0.1530E-01
Warning xbin not returning correct x   1  0.985427E+00  0.999780E+00  0.1530E-01
Warning xbin still not working well. Last message this iteration.
 Iteration  2   Mean: 0.2688E+07 Abs mean: 0.2688E+07   Fluctuation:  0.192E+06   0.581E+09    95.3%
  2    0.2688E+07 0.2688E+07 +- 0.1920E+06      6.39
 Relative summed weights:
  0.1745E+00  0.0000E+00
  0.1651E+00  0.0000E+00
  0.1855E+00  0.0000E+00
  0.1320E+00  0.0000E+00
  0.2045E+00  0.0000E+00
  0.1383E+00  0.0000E+00
 Relative number of events:
  0.1732E+00  0.0000E+00
  0.1708E+00  0.0000E+00
  0.1713E+00  0.0000E+00
  0.1631E+00  0.0000E+00
  0.1628E+00  0.0000E+00
  0.1589E+00  0.0000E+00
 Events:
        1386           0
        1366           0
        1370           0
        1305           0
        1302           0
        1271           0
 Iteration  3   Mean: 0.4343E+08 Abs mean: 0.4343E+08   Fluctuation:  0.117E+08   0.126E+12   100.0%
  3    0.4343E+08 0.4343E+08 +- 0.1172E+08     34.13
 Relative summed weights:
  0.6782E-01  0.0000E+00
  0.1545E+00  0.0000E+00
  0.9084E-01  0.0000E+00
  0.2557E+00  0.0000E+00
  0.3409E+00  0.0000E+00
  0.9018E-01  0.0000E+00
 Relative number of events:
  0.1623E+00  0.0000E+00
  0.1695E+00  0.0000E+00
  0.1651E+00  0.0000E+00
  0.1649E+00  0.0000E+00
  0.1691E+00  0.0000E+00
  0.1691E+00  0.0000E+00
 Events:
        2596           0
        2712           0
        2642           0
        2639           0
        2706           0
        2705           0
 Found         1916  events.
 Wrote            9  events.
 Actual xsec    6495713.4897214780     
 Correct abs xsec    6495713.4897214780     
 Event xsec    6495713.4897214761     
 Events wgts > 1:            2
 % Cross section > 1:    39655.502448195126       0.61048724687356060     
 Checking number of events   272.17689093281962                9  chi2:    202.36585211481608     
 Found         1916  events.
 Wrote            6  events.
 Actual xsec    6495713.4897214780     
 Correct abs xsec    6495713.4897214780     
 Event xsec    6495713.4897214789     
 Events wgts > 1:            2
 % Cross section > 1:    59302.237374152988       0.91294416645669707     
 Iteration  4   Mean: 0.5314E+08 Abs mean: 0.5314E+08   Fluctuation:  0.576E+07   0.850E+11    99.7%
  4    0.5314E+08 0.5314E+08 +- 0.5762E+07     19.40
 Relative summed weights:
  0.2006E+00  0.0000E+00
  0.1886E+00  0.0000E+00
  0.1439E+00  0.0000E+00
  0.1816E+00  0.0000E+00
  0.1058E+00  0.0000E+00
  0.1795E+00  0.0000E+00
 Relative number of events:
  0.1688E+00  0.0000E+00
  0.1663E+00  0.0000E+00
  0.1616E+00  0.0000E+00
  0.1658E+00  0.0000E+00
  0.1701E+00  0.0000E+00
  0.1675E+00  0.0000E+00
 Events:
        5401           0
        5320           0
        5171           0
        5305           0
        5443           0
        5360           0
 Found         1148  events.
 Wrote           17  events.
 Actual xsec    19148989.718012601     
 Correct abs xsec    19148989.718012601     
 Event xsec    19148989.718012601     
 Events wgts > 1:            1
 % Cross section > 1:   0.11101786745712161       5.79758353270679601E-007
 Checking number of events   802.36181817444594               17  chi2:    3694.0133944613153     
 Found         1148  events.
 Wrote           24  events.
 Actual xsec    19148989.718012601     
 Correct abs xsec    19148989.718012601     
 Event xsec    19148989.718012597     
 Events wgts > 1:            1
 % Cross section > 1:   7.86376562900841236E-002  4.10662167811982325E-007
 Iteration  5   Mean: 0.6591E+08 Abs mean: 0.6591E+08   Fluctuation:  0.388E+07   0.119E+12    99.4%
  5    0.6591E+08 0.6591E+08 +- 0.3885E+07     14.91
 Relative summed weights:
  0.1488E+00  0.0000E+00
  0.1440E+00  0.0000E+00
  0.1818E+00  0.0000E+00
  0.1564E+00  0.0000E+00
  0.2008E+00  0.0000E+00
  0.1682E+00  0.0000E+00
 Relative number of events:
  0.1649E+00  0.0000E+00
  0.1632E+00  0.0000E+00
  0.1676E+00  0.0000E+00
  0.1681E+00  0.0000E+00
  0.1682E+00  0.0000E+00
  0.1680E+00  0.0000E+00
 Events:
       10556           0
       10447           0
       10724           0
       10759           0
       10765           0
       10749           0
 Found         4080  events.
 Wrote           44  events.
 Actual xsec    62299459.165673800     
 Correct abs xsec    62299459.165673800     
 Event xsec    62299459.165673696     
 Events wgts > 1:            2
 % Cross section > 1:    18470.533934108913       2.96479843990138034E-002
 Checking number of events   2610.4096385008979               44  chi2:    2.9889247496340681     
 Found         4080  events.
 Wrote           43  events.
 Actual xsec    62299459.165673800     
 Correct abs xsec    62299459.165673800     
 Event xsec    62299459.165673792     
 Events wgts > 1:            2
 % Cross section > 1:    18899.950922006974       3.03372632365011032E-002
 Fixing grid
 Iteration  6   Mean: 0.1468E+09 Abs mean: 0.1468E+09   Fluctuation:  0.557E+08   0.690E+13    99.4%
  6    0.1468E+09 0.1468E+09 +- 0.5574E+08    135.81
 Relative summed weights:
  0.1896E+00  0.0000E+00
  0.4555E+00  0.0000E+00
  0.9290E-01  0.0000E+00
  0.8428E-01  0.0000E+00
  0.8578E-01  0.0000E+00
  0.9193E-01  0.0000E+00
 Relative number of events:
  0.1661E+00  0.0000E+00
  0.1670E+00  0.0000E+00
  0.1654E+00  0.0000E+00
  0.1668E+00  0.0000E+00
  0.1671E+00  0.0000E+00
  0.1676E+00  0.0000E+00
 Events:
       21264           0
       21374           0
       21177           0
       21346           0
       21383           0
       21456           0
 Found         9812  events.
 Wrote            2  events.
 Actual xsec    64526118.689316049     
 Correct abs xsec    64526118.689316049     
 Event xsec    64526118.689316049     
 Events wgts > 1:            1
 % Cross section > 1:    14.135668992996216       2.19068948824543799E-005
 Checking number of events   2703.7088992010317                2  chi2:    3.1041860824409269     
 Found         9812  events.
 Wrote            1  events.
 Actual xsec    64526118.689316049     
 Correct abs xsec    64526118.689316049     
 Event xsec    64526118.689316049     
 Events wgts > 1:            1
 % Cross section > 1:    28.271331794559956       4.38137801696741392E-005
 Iteration  7   Mean: 0.9823E+08 Abs mean: 0.9823E+08   Fluctuation:  0.135E+08   0.333E+13    99.4%
  7    0.9823E+08 0.9823E+08 +- 0.1348E+08     69.43
 Relative summed weights:
  0.1501E+00  0.0000E+00
  0.2942E+00  0.0000E+00
  0.1314E+00  0.0000E+00
  0.1355E+00  0.0000E+00
  0.1483E+00  0.0000E+00
  0.1405E+00  0.0000E+00
 Relative number of events:
  0.1677E+00  0.0000E+00
  0.1665E+00  0.0000E+00
  0.1660E+00  0.0000E+00
  0.1668E+00  0.0000E+00
  0.1667E+00  0.0000E+00
  0.1663E+00  0.0000E+00
 Events:
       42933           0
       42624           0
       42493           0
       42702           0
       42664           0
       42584           0
 Found         9948  events.
 Wrote            6  events.
 Actual xsec    72455106.792597637     
 Correct abs xsec    72455106.792597637     
 Event xsec    72455106.792597607     
 Events wgts > 1:            1
 % Cross section > 1:    2.5166069343686104       3.47333272390638462E-006
 Checking number of events   3035.9414297166336                6  chi2:    4.1392913951812638     
 Found         9948  events.
 Wrote            8  events.
 Actual xsec    72455106.792597637     
 Correct abs xsec    72455106.792597637     
 Event xsec    72455106.792597637     
 Events wgts > 1:            1
 % Cross section > 1:    1.8874552156776190       2.60499956349584784E-006
 Iteration  8   Mean: 0.1265E+09 Abs mean: 0.1265E+09   Fluctuation:  0.148E+08   0.557E+13    99.4%
  8    0.1265E+09 0.1265E+09 +- 0.1485E+08     83.97
 Relative summed weights:
  0.1970E+00  0.0000E+00
  0.1395E+00  0.0000E+00
  0.1601E+00  0.0000E+00
  0.2476E+00  0.0000E+00
  0.1445E+00  0.0000E+00
  0.1112E+00  0.0000E+00
 Relative number of events:
  0.1662E+00  0.0000E+00
  0.1667E+00  0.0000E+00
  0.1671E+00  0.0000E+00
  0.1663E+00  0.0000E+00
  0.1675E+00  0.0000E+00
  0.1663E+00  0.0000E+00
 Events:
       85070           0
       85356           0
       85532           0
       85131           0
       85756           0
       85155           0
 Found        28248  events.
 Wrote           15  events.
 Actual xsec    119771739.86055885     
 Correct abs xsec    119771739.86055885     
 Event xsec    119771739.86055890     
 Events wgts > 1:            0
 % Cross section > 1:    0.0000000000000000        0.0000000000000000     
 Checking number of events   4871.4248743686940               15  chi2:    1.2847774298794417     
 Found        28248  events.
 Wrote            8  events.
 Actual xsec    119771739.86055885     
 Correct abs xsec    119771739.86055885     
 Event xsec    119771739.86055885     
 Events wgts > 1:            0
 % Cross section > 1:    0.0000000000000000        0.0000000000000000     

 -------------------------------------------------------------------------------
 Accumulated results:   Integral =  0.5620E+08
                        Std dev  =  0.2099E+07
                       Cross sec =  0.5620E+08
             Chi**2 per DoF.     =     50.4626
 -------------------------------------------------------------------------------
-------------------------------------------------
---------------------------
 Results Last   3 iters: Integral =   0.1163E+09
                     Abs integral =   0.1163E+09
                         Std dev =   0.1009E+08
                 Chi**2 per DoF. =      1.2848
-------------------------------------------------
---------------------------

ls status:
events.lhe
ftn25
ftn26
input_sg.txt
log.txt
moffset.dat
results.dat
run1_app.log
