 Process in group number            1
 No PDF is used, alpha_s(MZ) from param_card is used
 Value of alpha_s from param_card:   0.11800000071525575     
 The default order of alpha_s running is fixed to            2
 Warning: pt or E min of a gamma should in general be >0
 Warning: pt or E min of a gamma should in general be >0
 *****************************************************
 *               MadGraph/MadEvent                   *
 *        --------------------------------           *
 *          http://madgraph.hep.uiuc.edu             *
 *          http://madgraph.phys.ucl.ac.be           *
 *          http://madgraph.roma2.infn.it            *
 *        --------------------------------           *
 *                                                   *
 *          PARAMETER AND COUPLING VALUES            *
 *                                                   *
 *****************************************************

  External Params
  ---------------------------------
  
 mdl_MB =    4.6999998092651367     
 mdl_MT =    173.00000000000000     
 mdl_Me =   5.10999991092830896E-004
 mdl_MM =   0.10565999895334244     
 mdl_MTA =    1.7769999504089355     
 mdl_MZ =    91.188003540039063     
 mdl_MH =    125.00000000000000     
 aEWM1 =    132.50700378417969     
 mdl_Gf =   1.16639000000000003E-005
 aS =   0.11800000071525575     
 mdl_ymb =    4.6999998092651367     
 mdl_ymt =    173.00000000000000     
 mdl_yme =   5.10999991092830896E-004
 mdl_ymm =   0.10565999895334244     
 mdl_ymtau =    1.7769999504089355     
 mdl_WT =    1.4915000200271606     
 mdl_WTau =   2.26999999999999982E-012
 mdl_WZ =    2.4414041042327881     
 mdl_WW =    2.0476000308990479     
 mdl_WH =   6.38233916833996773E-003
  Internal Params
  ---------------------------------
  
 mdl_conjg__CKM3x3 =    1.0000000000000000     
 mdl_CKM3x3 =    1.0000000000000000     
 mdl_conjg__CKM1x1 =    1.0000000000000000     
 mdl_complexi =  (  0.0000000000000000     ,  1.0000000000000000     )
 mdl_MZ__exp__2 =    8315.2519896181766     
 mdl_MZ__exp__4 =    69143415.650849044     
 mdl_sqrt__2 =    1.4142135623730951     
 mdl_MH__exp__2 =    15625.000000000000     
 mdl_aEW =   7.54677089845565054E-003
 mdl_MW =    80.419007276179556     
 mdl_sqrt__aEW =   8.68721526063194194E-002
 mdl_ee =   0.30795376284704501     
 mdl_MW__exp__2 =    6467.2167312862202     
 mdl_sw2 =   0.22224645274001076     
 mdl_cw =   0.88190336616887299     
 mdl_sqrt__sw2 =   0.47143022043565552     
 mdl_sw =   0.47143022043565552     
 mdl_g1 =   0.34919218438279087     
 mdl_gw =   0.65323296958447097     
 mdl_vev =    246.21845810181631     
 mdl_vev__exp__2 =    60623.529110035874     
 mdl_lam =   0.12886910601690271     
 mdl_yb =   2.69955531549349904E-002
 mdl_ye =   2.93504850670934038E-006
 mdl_ym =   6.06883028478528356E-004
 mdl_yt =   0.99366614581500645     
 mdl_ytau =   1.02066167158167895E-002
 mdl_muH =    88.388347648318444     
 mdl_I1x33 =  ( 2.69955531549349904E-002,  0.0000000000000000     )
 mdl_I2x33 =  ( 0.99366614581500645     ,  0.0000000000000000     )
 mdl_I3x33 =  ( 0.99366614581500645     ,  0.0000000000000000     )
 mdl_I4x33 =  ( 2.69955531549349904E-002,  0.0000000000000000     )
 mdl_ee__exp__2 =   9.48355200516540348E-002
 mdl_sw__exp__2 =   0.22224645274001076     
 mdl_cw__exp__2 =   0.77775354725998924     
  Internal Params evaluated point by point
  ----------------------------------------
  
 mdl_sqrt__aS =   0.34351128178744839     
 mdl_G__exp__2 =    1.4828317414825511     
  Couplings of sm-lepton_masses
  ---------------------------------
  
         GC_3 =  -0.00000E+00  -0.30795E+00

 Collider parameters:
 --------------------

 Running at e e   machine @   7.00000000000000067E-002  GeV
 PDF set = none   
 alpha_s(Mz)= 0.1180 running at 2 loops.
 alpha_s(Mz)= 0.1180 running at 2 loops.
 Renormalization scale fixed @    91.188000000000002     
 Factorization scales  fixed @    91.188000000000002        91.188000000000002     


 getting user params
Enter number of events and max and min iterations: 
 Number of events and iterations         2000           9           3
Enter desired fractional accuracy: 
 Desired fractional accuracy:  -1.69639999999999989E-005
Enter 0 for fixed, 2 for adjustable grid: 
Suppress amplitude (0 no, 1 yes)? 
 Using suppressed amplitude.
Exact helicity sum (0 yes, n = number/event)? 
 Explicitly summing over helicities
Enter Configuration Number: 
Running Configuration Number:    1
 Not subdividing B.W.
 Attempting mappinvarients           1           4
 Completed mapping           4
 about to integrate            2        2000           9           3           2           1
 Using non-zero grid deformation.
  2 dimensions   2000 events  2 invarients  9 iterations  1 config(s),  (0.99)
 Using h-tuple random number sequence.
 Error opening grid
 Using Uniform Grid!
 Using uniform alpha   1.0000000000000000     
 Grid defined OK
 Set CM energy to          0.07
 Mapping Graph           1  to config           1
 Warning: No cutoff for shat integral found
          Minimum set to    204.08163265306121     
Setting grid   1    0.20408E+03   1
 Masses: 0.511E-03 0.511E-03 0.000E+00 0.000E+00
   1   1   2
 Got moffset          20
Using random seed offsets     1 :      1
  with seed                  267
 Ranmar initialization seeds       26466       12629
  Particle       3       4
      Et >     0.0     0.0
       E >     0.0     0.0
     Eta <    -1.0    -1.0
   xqcut:      0.0     0.0
d R # 3  >    -0.0     0.0
s min # 3>     0.0     0.0
xqcutij # 3>     0.0     0.0
 alpha_s for scale    91.188000000000002       is   0.11800000071525575     
 Added good helicity            1  6.12902141163116938E-003  in event            1
 Added good helicity            2  1.70626854448177850E-004  in event            1
 Added good helicity            3  1.70626854448177742E-004  in event            1
 Added good helicity            6   7.9125517686061544       in event            1
 Added good helicity            7  8.09779562559089922E-002  in event            1
 Added good helicity           10  8.09779562559089922E-002  in event            1
 Added good helicity           11   7.9125517686061544       in event            1
 Added good helicity           14  1.70626854448177742E-004  in event            1
 Added good helicity           15  1.70626854448177850E-004  in event            1
 Added good helicity           16  6.12902141163116938E-003  in event            1
 Iteration  1   Mean: 0.1894E+09 Abs mean: 0.1894E+09   Fluctuation:  0.391E+08   0.611E+11   100.0%
  1    0.1894E+09 0.1894E+09 +- 0.3906E+08      9.22
 Writing out events   10524.961472869660        9.2201101283385096     
 Relative summed weights:
  0.6202E+00  0.0000E+00
  0.3798E+00  0.0000E+00
 Relative number of events:
  0.5035E+00  0.0000E+00
  0.4965E+00  0.0000E+00
 Events:
        1007           0
         993           0
 Iteration  2   Mean: 0.9357E+08 Abs mean: 0.9357E+08   Fluctuation:  0.434E+07   0.308E+10   100.0%
  2    0.9357E+08 0.9357E+08 +- 0.4342E+07      2.93
 Relative summed weights:
  0.5175E+00  0.0000E+00
  0.4825E+00  0.0000E+00
 Relative number of events:
  0.4968E+00  0.0000E+00
  0.5032E+00  0.0000E+00
 Events:
        1987           0
        2013           0
 Iteration  3   Mean: 0.4254E+09 Abs mean: 0.4254E+09   Fluctuation:  0.173E+09   0.119E+13   100.0%
  3    0.4254E+09 0.4254E+09 +- 0.1735E+09     36.47
 Relative summed weights:
  0.5775E+00  0.0000E+00
  0.4225E+00  0.0000E+00
 Relative number of events:
  0.4975E+00  0.0000E+00
  0.5025E+00  0.0000E+00
 Events:
        3980           0
        4020           0
 Found          818  events.
 Wrote            2  events.
 Actual xsec    102176099.72667250     
 Correct abs xsec    102176099.72667250     
 Event xsec    102176099.72667249     
 Events wgts > 1:            0
 % Cross section > 1:    0.0000000000000000        0.0000000000000000     
 Checking number of events   1733.3153557632722                2  chi2:    6.1967868682690810     
 Found          818  events.
 Wrote            4  events.
 Actual xsec    102176099.72667250     
 Correct abs xsec    102176099.72667250     
 Event xsec    102176099.72667249     
 Events wgts > 1:            0
 % Cross section > 1:    0.0000000000000000        0.0000000000000000     
 Iteration  4   Mean: 0.2985E+09 Abs mean: 0.2985E+09   Fluctuation:  0.258E+08   0.192E+12   100.0%
  4    0.2985E+09 0.2985E+09 +- 0.2576E+08     10.92
 Relative summed weights:
  0.4459E+00  0.0000E+00
  0.5541E+00  0.0000E+00
 Relative number of events:
  0.5039E+00  0.0000E+00
  0.4961E+00  0.0000E+00
 Events:
        8062           0
        7938           0
 Found          684  events.
 Wrote           32  events.
 Actual xsec    142373010.12262473     
 Correct abs xsec    142373010.12262473     
 Event xsec    142373010.12262475     
 Events wgts > 1:            1
 % Cross section > 1:    925055.16480049398       0.64974054001088488     
 Checking number of events   2415.2157437202059               32  chi2:    82.878811643750510     
 Found          684  events.
 Wrote           31  events.
 Actual xsec    142373010.12262473     
 Correct abs xsec    142373010.12262473     
 Event xsec    142373010.12262481     
 Events wgts > 1:            1
 % Cross section > 1:    954695.55579213332       0.67055936723530751     
 Iteration  5   Mean: 0.2602E+09 Abs mean: 0.2602E+09   Fluctuation:  0.859E+07   0.754E+11   100.0%
  5    0.2602E+09 0.2602E+09 +- 0.8591E+07      5.91
 Relative summed weights:
  0.4813E+00  0.0000E+00
  0.5187E+00  0.0000E+00
 Relative number of events:
  0.4971E+00  0.0000E+00
  0.5029E+00  0.0000E+00
 Events:
       15907           0
       16093           0
 Found         2243  events.
 Wrote          148  events.
 Actual xsec    265986410.37810689     
 Correct abs xsec    265986410.37810689     
 Event xsec    265986410.37810689     
 Events wgts > 1:            8
 % Cross section > 1:    1591330.2365046958       0.59827501496883873     
 Checking number of events   4512.1934656542053              148  chi2:    1.4490629984383667     
 Found         2243  events.
 Wrote          137  events.
 Actual xsec    265986410.37810689     
 Correct abs xsec    265986410.37810689     
 Event xsec    265986410.37810701     
 Events wgts > 1:            8
 % Cross section > 1:    1718275.8747079002       0.64600137738816188     
 Iteration  6   Mean: 0.2802E+09 Abs mean: 0.2802E+09   Fluctuation:  0.204E+07   0.771E+10   100.0%
  6    0.2802E+09 0.2802E+09 +- 0.2038E+07      1.84
 Relative summed weights:
  0.5018E+00  0.0000E+00
  0.4982E+00  0.0000E+00
 Relative number of events:
  0.5001E+00  0.0000E+00
  0.4999E+00  0.0000E+00
 Events:
       32007           0
       31993           0
 Found         6336  events.
 Wrote         3570  events.
 Actual xsec    279444715.32588965     
 Correct abs xsec    279444715.32588965     
 Event xsec    279444715.32591033     
 Events wgts > 1:          247
 % Cross section > 1:    2708317.9421113152       0.96917844338285752     
 Checking number of events   4740.5001507883917             3570  chi2:    2.8664763618493110     
 Found         6336  events.
 Wrote         3474  events.
 Actual xsec    279444715.32588965     
 Correct abs xsec    279444715.32588965     
 Event xsec    279444715.32589519     
 Events wgts > 1:          247
 % Cross section > 1:    2782414.0080274558       0.99569390846505623     
 Iteration  7   Mean: 0.2810E+09 Abs mean: 0.2810E+09   Fluctuation:  0.718E+06   0.201E+10   100.0%
  7    0.2810E+09 0.2810E+09 +- 0.7179E+06      0.91
 Relative summed weights:
  0.5001E+00  0.0000E+00
  0.4999E+00  0.0000E+00
 Relative number of events:
  0.5020E+00  0.0000E+00
  0.4980E+00  0.0000E+00
 Events:
       64259           0
       63741           0
 Found        12867  events.
 Wrote        12863  events.
 Actual xsec    280814643.89964628     
 Correct abs xsec    280814643.89964628     
 Event xsec    280814643.89968717     
 Events wgts > 1:            0
 % Cross section > 1:    0.0000000000000000        0.0000000000000000     
 Checking number of events   4763.7396191135995            12863  chi2:    2.9612715301867270     

 -------------------------------------------------------------------------------
 Accumulated results:   Integral =  0.2803E+09
                        Std dev  =  0.6726E+06
                       Cross sec =  0.3608E+02
             Chi**2 per DoF.     =
-------------------------------------------------
---------------------------
 Results Last   3 iters: Integral =   0.2808E+09
                     Abs integral =   0.2808E+09
                          Std dev =   0.6751E+06
                  Chi**2 per DoF. =      2.9613
-------------------------------------------------
---------------------------
 Status -1.69639999999999989E-005           8           9
 We found enough events       12863   4763.7396191135995     

ls status:
events.lhe
ftn25
ftn26
input_sg.txt
moffset.dat
results.dat
run_01_ftn26.gz
run_01_log.txt
run_01_results.dat
run_12_ftn26.gz
run_12_log.txt
run_12_results.dat
run_13_ftn26.gz
run_13_log.txt
run_13_results.dat
run_14_ftn26.gz
run_14_log.txt
run_14_results.dat
run_15_ftn26.gz
run_15_log.txt
run_15_results.dat
run1_app.log
run_20_ftn26.gz
run_20_log.txt
run_20_results.dat
run_21_ftn26.gz
run_21_log.txt
run_21_results.dat
run_25_ftn26.gz
run_25_log.txt
run_25_results.dat
