 Process in group number            0
 No PDF is used, alpha_s(MZ) from param_card is used
 Value of alpha_s from param_card:   0.11800000071525575     
 The default order of alpha_s running is fixed to            2
 *****************************************************
 *               MadGraph/MadEvent                   *
 *        --------------------------------           *
 *          http://madgraph.hep.uiuc.edu             *
 *          http://madgraph.phys.ucl.ac.be           *
 *          http://madgraph.roma2.infn.it            *
 *        --------------------------------           *
 *                                                   *
 *          PARAMETER AND COUPLING VALUES            *
 *                                                   *
 *****************************************************

  External Params
  ---------------------------------
  
 aEWM1 =    132.50700378417969     
 mdl_Gf =   1.16639000000000003E-005
 aS =   0.11800000071525575     
 mdl_ymb =    4.6999998092651367     
 mdl_ymt =    173.00000000000000     
 mdl_yme =   5.10999991092830896E-004
 mdl_ymm =   0.10565999895334244     
 mdl_ymtau =    1.7769999504089355     
 mdl_MZ =    91.188003540039063     
 mdl_MT =    173.00000000000000     
 mdl_MB =    4.6999998092651367     
 mdl_MH =    125.00000000000000     
 mdl_Me =   5.10999991092830896E-004
 mdl_MM =   0.10565999895334244     
 mdl_MTA =    1.7769999504089355     
 mdl_WZ =    2.4414041042327881     
 mdl_WW =    2.0476000308990479     
 mdl_WT =    1.4915000200271606     
 mdl_WH =   6.38233916833996773E-003
 mdl_WTau =   2.26999999999999982E-012
  Internal Params
  ---------------------------------
  
 mdl_conjg__CKM3x3 =    1.0000000000000000     
 mdl_CKM3x3 =    1.0000000000000000     
 mdl_conjg__CKM1x1 =    1.0000000000000000     
 mdl_complexi =  (  0.0000000000000000     ,  1.0000000000000000     )
 mdl_MZ__exp__2 =    8315.2519896181766     
 mdl_MZ__exp__4 =    69143415.650849044     
 mdl_sqrt__2 =    1.4142135623730951     
 mdl_MH__exp__2 =    15625.000000000000     
 mdl_aEW =   7.54677089845565054E-003
 mdl_MW =    80.419007276179556     
 mdl_sqrt__aEW =   8.68721526063194194E-002
 mdl_ee =   0.30795376284704501     
 mdl_MW__exp__2 =    6467.2167312862202     
 mdl_sw2 =   0.22224645274001076     
 mdl_cw =   0.88190336616887299     
 mdl_sqrt__sw2 =   0.47143022043565552     
 mdl_sw =   0.47143022043565552     
 mdl_g1 =   0.34919218438279087     
 mdl_gw =   0.65323296958447097     
 mdl_vev =    246.21845810181631     
 mdl_vev__exp__2 =    60623.529110035874     
 mdl_lam =   0.12886910601690271     
 mdl_yb =   2.69955531549349904E-002
 mdl_ye =   2.93504850670934038E-006
 mdl_ym =   6.06883028478528356E-004
 mdl_yt =   0.99366614581500645     
 mdl_ytau =   1.02066167158167895E-002
 mdl_muH =    88.388347648318444     
 mdl_I1x33 =  ( 2.69955531549349904E-002,  0.0000000000000000     )
 mdl_I2x33 =  ( 0.99366614581500645     ,  0.0000000000000000     )
 mdl_I3x33 =  ( 0.99366614581500645     ,  0.0000000000000000     )
 mdl_I4x33 =  ( 2.69955531549349904E-002,  0.0000000000000000     )
 mdl_ee__exp__2 =   9.48355200516540348E-002
 mdl_sw__exp__2 =   0.22224645274001076     
 mdl_cw__exp__2 =   0.77775354725998924     
  Internal Params evaluated point by point
  ----------------------------------------
  
 mdl_sqrt__aS =   0.34351128178744839     
 mdl_G__exp__2 =    1.4828317414825511     
  Couplings of sm-lepton_masses
  ---------------------------------
  
         GC_3 =  -0.00000E+00  -0.30795E+00
        GC_50 =  -0.00000E+00  -0.28804E+00
        GC_59 =   0.00000E+00   0.82310E-01
        GC_89 =  -0.00000E+00  -0.20754E-05

 Collider parameters:
 --------------------

 Running at e e   machine @   7.14879999999999960E-002  GeV
 PDF set = none   
 alpha_s(Mz)= 0.1180 running at 2 loops.
 alpha_s(Mz)= 0.1180 running at 2 loops.
 Renormalization scale fixed @    91.188000000000002     
 Factorization scales  fixed @    91.188000000000002        91.188000000000002     


 getting user params
Enter number of events and max and min iterations: 
 Number of events and iterations         2000           9           3
Enter desired fractional accuracy: 
 Desired fractional accuracy:  -6.70389999999999983E-004
Enter 0 for fixed, 2 for adjustable grid: 
Suppress amplitude (0 no, 1 yes)? 
 Using suppressed amplitude.
Exact helicity sum (0 yes, n = number/event)? 
 Explicitly summing over helicities
Enter Configuration Number: 
Running Configuration Number:   10
 Not subdividing B.W.
 Attempting mappinvarients           1           5
 Completed mapping           5
 about to integrate            5        2000           9           3           5           1
 Using non-zero grid deformation.
  5 dimensions   2000 events  5 invarients  9 iterations  1 config(s),  (0.99)
 Using h-tuple random number sequence.
 Error opening grid
 Using Uniform Grid!
 Using uniform alpha   1.0000000000000000     
 Grid defined OK
 Set CM energy to          0.07
 Mapping Graph          10  to config          10
Setting grid   1    0.20438E-03   1
Setting grid   2    0.20438E-03   1
 Masses: 0.511E-03 0.511E-03 0.000E+00 0.511E-03 0.511E-03
  10   1   2   3   4   5
 Got moffset           4
Using random seed offsets    10 :      1
  with seed                   78
 Ranmar initialization seeds        6651       22083
  Particle       3       4       5
      Et >     0.0     0.0     0.0
       E >     0.0     0.0     0.0
     Eta <    -1.0    -1.0    -1.0
   xqcut:      0.0     0.0     0.0
d R # 3  >    -0.0     0.0     0.0
d R # 4  >    -0.0    -0.0     0.0
s min # 3>     0.0     0.0     0.0
s min # 4>     0.0     0.0     0.0
xqcutij # 3>     0.0     0.0     0.0
xqcutij # 4>     0.0     0.0     0.0
 alpha_s for scale    91.188000000000002       is   0.11800000071525575     
 Added good helicity            1  0.98070081533599718       in event            1
 Added good helicity            2  3.74637076573355919E-003  in event            1
 Added good helicity            3  4.07259712384368949E-003  in event            1
 Added good helicity            4  1.32050848927056701E-004  in event            1
 Added good helicity            5  1.25278291838434836E-004  in event            1
 Added good helicity            6  5.74901811336221463E-005  in event            1
 Added good helicity            7  6.64363984886217512E-005  in event            1
 Added good helicity            9  8.30766422109730017E-006  in event            1
 Added good helicity           10   3.7935290457789641       in event            1
 Added good helicity           11   3.3044269563185349       in event            1
 Added good helicity           12   7.8078818104212679       in event            1
 Added good helicity           13  5.40241496686923311E-002  in event            1
 Added good helicity           14  2.36916832074421137E-002  in event            1
 Added good helicity           15  2.75254080011819655E-002  in event            1
 Added good helicity           16  1.15980102299066314E-005  in event            1
 Added good helicity           17  1.15980103952730871E-005  in event            1
 Added good helicity           18  2.75254080111194989E-002  in event            1
 Added good helicity           19  2.36916832188048578E-002  in event            1
 Added good helicity           20  5.40241496629172910E-002  in event            1
 Added good helicity           21   7.8078818095015130       in event            1
 Added good helicity           22   3.3044269550936445       in event            1
 Added good helicity           23   3.7935290518229330       in event            1
 Added good helicity           24  8.30766436237807421E-006  in event            1
 Added good helicity           26  6.64363984790146899E-005  in event            1
 Added good helicity           27  5.74901811313367701E-005  in event            1
 Added good helicity           28  1.25278291838019614E-004  in event            1
 Added good helicity           29  1.32050848925986702E-004  in event            1
 Added good helicity           30  4.07259712951180911E-003  in event            1
 Added good helicity           31  3.74637076746085719E-003  in event            1
 Added good helicity           32  0.98070081537312637       in event            1
 Iteration  1   Mean: 0.1382E+07 Abs mean: 0.1382E+07   Fluctuation:  0.625E+05   0.542E+08    65.0%
  1    0.1382E+07 0.1382E+07 +- 0.6246E+05      2.02
 Writing out events   118.18369997878034        2.0214042620076054     
 Relative summed weights:
  0.1000E+01  0.0000E+00
 Relative number of events:
  0.1000E+01  0.0000E+00
 Events:
        2000           0
 Iteration  2   Mean: 0.1395E+07 Abs mean: 0.1395E+07   Fluctuation:  0.277E+05   0.416E+08    92.4%
  2    0.1395E+07 0.1395E+07 +- 0.2768E+05      1.25
 Relative summed weights:
  0.1000E+01  0.0000E+00
 Relative number of events:
  0.1000E+01  0.0000E+00
 Events:
        4000           0
Warning xbin not returning correct x   2  0.998603E+00  0.100000E+01  0.1504E-03
Warning xbin not returning correct x   2  0.998625E+00  0.100000E+01  0.1504E-03
 Iteration  3   Mean: 0.1438E+07 Abs mean: 0.1438E+07   Fluctuation:  0.183E+05   0.566E+08    91.9%
  3    0.1438E+07 0.1438E+07 +- 0.1831E+05      1.14
 Relative summed weights:
  0.1000E+01  0.0000E+00
 Relative number of events:
  0.1000E+01  0.0000E+00
 Events:
        8000           0
 Found          891  events.
 Wrote          621  events.
 Actual xsec    1422891.6629791148     
 Correct abs xsec    1422891.6629791148     
 Event xsec    1422891.6629791313     
 Events wgts > 1:            9
 % Cross section > 1:    10695.738797219556       0.75169031314904988     
 Checking number of events   953.89234194456878              621  chi2:    1.0329170184293617     
 Found          891  events.
 Wrote          587  events.
 Actual xsec    1422891.6629791148     
 Correct abs xsec    1422891.6629791148     
 Event xsec    1422891.6629791169     
 Events wgts > 1:            9
 % Cross section > 1:    11310.329061402708       0.79488336010924421     
Warning xbin not returning correct x   2  0.998345E+00  0.100000E+01  0.1897E-03
Warning xbin not returning correct x   2  0.998477E+00  0.100000E+01  0.1897E-03
Warning xbin not returning correct x   2  0.998486E+00  0.100000E+01  0.1897E-03
 Iteration  4   Mean: 0.1444E+07 Abs mean: 0.1444E+07   Fluctuation:  0.101E+05   0.193E+08    91.3%
  4    0.1444E+07 0.1444E+07 +- 0.1010E+05      0.88
 Relative summed weights:
  0.1000E+01  0.0000E+00
 Relative number of events:
  0.1000E+01  0.0000E+00
 Events:
       16000           0
 Found         1719  events.
 Wrote         1716  events.
 Actual xsec    1438268.9883354972     
 Correct abs xsec    1438268.9883354972     
 Event xsec    1438268.9883354707     
 Events wgts > 1:            7
 % Cross section > 1:    1703.1559507178818       0.11841706694162742     
 Checking number of events   964.20114709023392             1716  chi2:    1.3577153208190951     

 -------------------------------------------------------------------------------
 Accumulated results:   Integral =  0.1437E+07
                        Std dev  =  0.8350E+04
                       Cross sec =  0.1107E+01
             Chi**2 per DoF.     =
-------------------------------------------------
---------------------------
 Results Last   3 iters: Integral =   0.1438E+07
                     Abs integral =   0.1438E+07
                          Std dev =   0.8425E+04
                  Chi**2 per DoF. =      1.3577
-------------------------------------------------
---------------------------
 Status -6.70389999999999983E-004           5           9
 We found enough events        1716   964.20114709023392     

ls status:
events.lhe
ftn25
ftn26
input_sg.txt
moffset.dat
results.dat
run1_app.log
