 Process in group number            0
 No PDF is used, alpha_s(MZ) from param_card is used
 Value of alpha_s from param_card:   0.11800000071525575     
 The default order of alpha_s running is fixed to            2
 *****************************************************
 *               MadGraph/MadEvent                   *
 *        --------------------------------           *
 *          http://madgraph.hep.uiuc.edu             *
 *          http://madgraph.phys.ucl.ac.be           *
 *          http://madgraph.roma2.infn.it            *
 *        --------------------------------           *
 *                                                   *
 *          PARAMETER AND COUPLING VALUES            *
 *                                                   *
 *****************************************************

  External Params
  ---------------------------------
  
 aEWM1 =    132.50700378417969     
 mdl_Gf =   1.16639000000000003E-005
 aS =   0.11800000071525575     
 mdl_ymb =    4.6999998092651367     
 mdl_ymt =    173.00000000000000     
 mdl_yme =   5.10999991092830896E-004
 mdl_ymm =   0.10565999895334244     
 mdl_ymtau =    1.7769999504089355     
 mdl_MZ =    91.188003540039063     
 mdl_MT =    173.00000000000000     
 mdl_MB =    4.6999998092651367     
 mdl_MH =    125.00000000000000     
 mdl_Me =   5.10999991092830896E-004
 mdl_MM =   0.10565999895334244     
 mdl_MTA =    1.7769999504089355     
 mdl_WZ =    2.4414041042327881     
 mdl_WW =    2.0476000308990479     
 mdl_WT =    1.4915000200271606     
 mdl_WH =   6.38233916833996773E-003
 mdl_WTau =   2.26999999999999982E-012
  Internal Params
  ---------------------------------
  
 mdl_conjg__CKM3x3 =    1.0000000000000000     
 mdl_CKM3x3 =    1.0000000000000000     
 mdl_conjg__CKM1x1 =    1.0000000000000000     
 mdl_complexi =  (  0.0000000000000000     ,  1.0000000000000000     )
 mdl_MZ__exp__2 =    8315.2519896181766     
 mdl_MZ__exp__4 =    69143415.650849044     
 mdl_sqrt__2 =    1.4142135623730951     
 mdl_MH__exp__2 =    15625.000000000000     
 mdl_aEW =   7.54677089845565054E-003
 mdl_MW =    80.419007276179556     
 mdl_sqrt__aEW =   8.68721526063194194E-002
 mdl_ee =   0.30795376284704501     
 mdl_MW__exp__2 =    6467.2167312862202     
 mdl_sw2 =   0.22224645274001076     
 mdl_cw =   0.88190336616887299     
 mdl_sqrt__sw2 =   0.47143022043565552     
 mdl_sw =   0.47143022043565552     
 mdl_g1 =   0.34919218438279087     
 mdl_gw =   0.65323296958447097     
 mdl_vev =    246.21845810181631     
 mdl_vev__exp__2 =    60623.529110035874     
 mdl_lam =   0.12886910601690271     
 mdl_yb =   2.69955531549349904E-002
 mdl_ye =   2.93504850670934038E-006
 mdl_ym =   6.06883028478528356E-004
 mdl_yt =   0.99366614581500645     
 mdl_ytau =   1.02066167158167895E-002
 mdl_muH =    88.388347648318444     
 mdl_I1x33 =  ( 2.69955531549349904E-002,  0.0000000000000000     )
 mdl_I2x33 =  ( 0.99366614581500645     ,  0.0000000000000000     )
 mdl_I3x33 =  ( 0.99366614581500645     ,  0.0000000000000000     )
 mdl_I4x33 =  ( 2.69955531549349904E-002,  0.0000000000000000     )
 mdl_ee__exp__2 =   9.48355200516540348E-002
 mdl_sw__exp__2 =   0.22224645274001076     
 mdl_cw__exp__2 =   0.77775354725998924     
  Internal Params evaluated point by point
  ----------------------------------------
  
 mdl_sqrt__aS =   0.34351128178744839     
 mdl_G__exp__2 =    1.4828317414825511     
  Couplings of sm-lepton_masses
  ---------------------------------
  
         GC_3 =  -0.00000E+00  -0.30795E+00
        GC_50 =  -0.00000E+00  -0.28804E+00
        GC_59 =   0.00000E+00   0.82310E-01
        GC_89 =  -0.00000E+00  -0.20754E-05

 Collider parameters:
 --------------------

 Running at e e   machine @   7.14879999999999960E-002  GeV
 PDF set = none   
 alpha_s(Mz)= 0.1180 running at 2 loops.
 alpha_s(Mz)= 0.1180 running at 2 loops.
 Renormalization scale fixed @    91.188000000000002     
 Factorization scales  fixed @    91.188000000000002        91.188000000000002     


 getting user params
Enter number of events and max and min iterations: 
 Number of events and iterations         2000           9           3
Enter desired fractional accuracy: 
 Desired fractional accuracy:  -5.74259999999999987E-006
Enter 0 for fixed, 2 for adjustable grid: 
Suppress amplitude (0 no, 1 yes)? 
 Using suppressed amplitude.
Exact helicity sum (0 yes, n = number/event)? 
 Explicitly summing over helicities
Enter Configuration Number: 
Running Configuration Number:   13
 Not subdividing B.W.
 Attempting mappinvarients           1           5
 Completed mapping           5
 about to integrate            5        2000           9           3           5           1
 Using non-zero grid deformation.
  5 dimensions   2000 events  5 invarients  9 iterations  1 config(s),  (0.99)
 Using h-tuple random number sequence.
 Error opening grid
 Using Uniform Grid!
 Using uniform alpha   1.0000000000000000     
 Grid defined OK
 Set CM energy to          0.07
 Mapping Graph          13  to config          13
Setting grid   1    0.51095E-04   1
Setting grid   2    0.17611E-04   1
 Masses: 0.511E-03 0.511E-03 0.000E+00 0.511E-03 0.511E-03
  13   1   2   3   4   5
 Got moffset          10
Using random seed offsets    13 :      1
  with seed                   87
 Ranmar initialization seeds       17625       10953
  Particle       3       4       5
      Et >     0.0     0.0     0.0
       E >     0.0     0.0     0.0
     Eta <    -1.0    -1.0    -1.0
   xqcut:      0.0     0.0     0.0
d R # 3  >    -0.0     0.0     0.0
d R # 4  >    -0.0    -0.0     0.0
s min # 3>     0.0     0.0     0.0
s min # 4>     0.0     0.0     0.0
xqcutij # 3>     0.0     0.0     0.0
xqcutij # 4>     0.0     0.0     0.0
 alpha_s for scale    91.188000000000002       is   0.11800000071525575     
 Added good helicity            1   13.104303647250726       in event            1
 Added good helicity            2  1.32951147443512892E-002  in event            1
 Added good helicity            3  6.67365866102944266E-002  in event            1
 Added good helicity            5  5.60423694348721529E-004  in event            1
 Added good helicity            6  1.41312107233187456E-006  in event            1
 Added good helicity            7  7.41110621308678155E-006  in event            1
 Added good helicity            9  3.53959944456653762E-006  in event            1
 Added good helicity           10  1.39163737273502722E-006  in event            1
 Added good helicity           11  2.42413269444783486E-004  in event            1
 Added good helicity           13  0.31854269278482333       in event            1
 Added good helicity           14  0.16374089438860276       in event            1
 Added good helicity           15   2.3325644266454328       in event            1
 Added good helicity           18   2.3325644267973447       in event            1
 Added good helicity           19  0.16374089626447119       in event            1
 Added good helicity           20  0.31854269305826943       in event            1
 Added good helicity           22  2.42413269441691423E-004  in event            1
 Added good helicity           23  1.39163738799832927E-006  in event            1
 Added good helicity           24  3.53959943813059113E-006  in event            1
 Added good helicity           26  7.41110621853893612E-006  in event            1
 Added good helicity           27  1.41312107714429988E-006  in event            1
 Added good helicity           28  5.60423694338885105E-004  in event            1
 Added good helicity           30  6.67365865444381895E-002  in event            1
 Added good helicity           31  1.32951148011522229E-002  in event            1
 Added good helicity           32   13.104303646801062       in event            1
 Added good helicity           12  5.86129364339136279E-005  in event            5
 Added good helicity           16  5.02265551581461620E-005  in event            5
 Added good helicity           17  5.02265553374154066E-005  in event            5
 Added good helicity           21  5.86129369818662617E-005  in event            5
 Added good helicity            4  1.55122265200712702E-006  in event            7
 Added good helicity           29  1.55122265161076367E-006  in event            7
 Iteration  1   Mean: 0.7451E+09 Abs mean: 0.7451E+09   Fluctuation:  0.271E+09   0.459E+12    75.2%
  1    0.7451E+09 0.7451E+09 +- 0.2707E+09     16.25
 Writing out events   55011.515217634798        16.245985285292193     
 Relative summed weights:
  0.1000E+01  0.0000E+00
 Relative number of events:
  0.1000E+01  0.0000E+00
 Events:
        2000           0
 Iteration  2   Mean: 0.1483E+10 Abs mean: 0.1483E+10   Fluctuation:  0.379E+09   0.110E+13    83.6%
  2    0.1483E+10 0.1483E+10 +- 0.3787E+09     16.15
 Relative summed weights:
  0.1000E+01  0.0000E+00
 Relative number of events:
  0.1000E+01  0.0000E+00
 Events:
        4000           0
 Iteration  3   Mean: 0.1531E+10 Abs mean: 0.1531E+10   Fluctuation:  0.676E+08   0.172E+12    84.0%
  3    0.1531E+10 0.1531E+10 +- 0.6765E+08      3.95
 Relative summed weights:
  0.1000E+01  0.0000E+00
 Relative number of events:
  0.1000E+01  0.0000E+00
 Events:
        8000           0
 Found          744  events.
 Wrote           96  events.
 Actual xsec    1518163107.0839629     
 Correct abs xsec    1518163107.0839629     
 Event xsec    1518163107.0839617     
 Events wgts > 1:            4
 % Cross section > 1:    9163891.8649158422       0.60361708318136831     
 Checking number of events   8718.2034587403650               96  chi2:    4.1003171181681308     
 Found          744  events.
 Wrote          108  events.
 Actual xsec    1518163107.0839629     
 Correct abs xsec    1518163107.0839629     
 Event xsec    1518163107.0839617     
 Events wgts > 1:            4
 % Cross section > 1:    8151148.5160272140       0.53690861528598688     
 Iteration  4   Mean: 0.1644E+10 Abs mean: 0.1644E+10   Fluctuation:  0.258E+08   0.468E+11    81.6%
  4    0.1644E+10 0.1644E+10 +- 0.2582E+08      1.99
 Relative summed weights:
  0.1000E+01  0.0000E+00
 Relative number of events:
  0.1000E+01  0.0000E+00
 Events:
       16000           0
 Found         1960  events.
 Wrote          965  events.
 Actual xsec    1630406395.9522347     
 Correct abs xsec    1630406395.9522347     
 Event xsec    1630406395.9522228     
 Events wgts > 1:           43
 % Cross section > 1:    16172633.092409195       0.99193876646710089     
 Checking number of events   9362.7717693953036              965  chi2:    1.2927272262285456     
 Found         1960  events.
 Wrote         1007  events.
 Actual xsec    1630406395.9522347     
 Correct abs xsec    1630406395.9522347     
 Event xsec    1630406395.9521883     
 Events wgts > 1:           43
 % Cross section > 1:    15504518.707152404       0.95096037071772355     
 Iteration  5   Mean: 0.1642E+10 Abs mean: 0.1642E+10   Fluctuation:  0.117E+08   0.195E+11    80.6%
  5    0.1642E+10 0.1642E+10 +- 0.1167E+08      1.27
 Relative summed weights:
  0.1000E+01  0.0000E+00
 Relative number of events:
  0.1000E+01  0.0000E+00
 Events:
       32000           0
 Found         4043  events.
 Wrote         4039  events.
 Actual xsec    1640161743.0899808     
 Correct abs xsec    1640161743.0899808     
 Event xsec    1640161743.0900662     
 Events wgts > 1:           46
 % Cross section > 1:    2488953.2707953691       0.15175047712710205     
 Checking number of events   9418.7928258685242             4039  chi2:    1.3359198742374254     
 Found         4043  events.
 Wrote         4039  events.
 Actual xsec    1640161743.0899808     
 Correct abs xsec    1640161743.0899808     
 Event xsec    1640161743.0900662     
 Events wgts > 1:           46
 % Cross section > 1:    2488953.2707953691       0.15175047712710205     
 Iteration  6   Mean: 0.1648E+10 Abs mean: 0.1648E+10   Fluctuation:  0.690E+07   0.345E+11    79.2%
  6    0.1648E+10 0.1648E+10 +- 0.6897E+07      1.06
 Relative summed weights:
  0.1000E+01  0.0000E+00
 Relative number of events:
  0.1000E+01  0.0000E+00
 Events:
       64000           0
 Found         8073  events.
 Wrote         8068  events.
 Actual xsec    1646334390.4739523     
 Correct abs xsec    1646334390.4739523     
 Event xsec    1646334390.4739935     
 Events wgts > 1:           18
 % Cross section > 1:    1709872.3662582270       0.10385936029471754     
 Checking number of events   9454.2398707357188             8068  chi2:   9.25832664142371420E-002
 Found         8073  events.
 Wrote         8068  events.
 Actual xsec    1646334390.4739523     
 Correct abs xsec    1646334390.4739523     
 Event xsec    1646334390.4739935     
 Events wgts > 1:           18
 % Cross section > 1:    1709872.3662582270       0.10385936029471754     
 Iteration  7   Mean: 0.1654E+10 Abs mean: 0.1654E+10   Fluctuation:  0.440E+07   0.288E+11    78.5%
  7    0.1654E+10 0.1654E+10 +- 0.4401E+07      0.95
 Relative summed weights:
  0.1000E+01  0.0000E+00
 Relative number of events:
  0.1000E+01  0.0000E+00
 Events:
      128000           0
 Found        16351  events.
 Wrote        16347  events.
 Actual xsec    1651242654.1065135     
 Correct abs xsec    1651242654.1065135     
 Event xsec    1651242654.1067228     
 Events wgts > 1:           15
 % Cross section > 1:    406222.40232149319       2.46010119294821847E-002
 Checking number of events   9482.4260654720638            16347  chi2:   0.58306090032505498     

 -------------------------------------------------------------------------------
 Accumulated results:   Integral =  0.1651E+10
                        Std dev  =  0.3498E+07
                       Cross sec =  0.1068E+01
             Chi**2 per DoF.     =
-------------------------------------------------
---------------------------
 Results Last   3 iters: Integral =   0.1651E+10
                     Abs integral =   0.1651E+10
                          Std dev =   0.3536E+07
                  Chi**2 per DoF. =      0.5831
-------------------------------------------------
---------------------------
 Status -5.74259999999999987E-006           8           9
 We found enough events       16347   9482.4260654720638     

ls status:
events.lhe
ftn25
ftn26
input_sg.txt
moffset.dat
results.dat
run_01_ftn26.gz
run_01_log.txt
run_01_results.dat
run_02_ftn26.gz
run_02_log.txt
run_02_results.dat
run1_app.log
