 Process in group number            0
 No PDF is used, alpha_s(MZ) from param_card is used
 Value of alpha_s from param_card:   0.11800000071525575     
 The default order of alpha_s running is fixed to            2
<<<<<<< HEAD
=======
 Warning: pt or E min of a gamma should in general be >0
>>>>>>> 911b5ec345c81b054214c521136984e9d6306827
 *****************************************************
 *               MadGraph/MadEvent                   *
 *        --------------------------------           *
 *          http://madgraph.hep.uiuc.edu             *
 *          http://madgraph.phys.ucl.ac.be           *
 *          http://madgraph.roma2.infn.it            *
 *        --------------------------------           *
 *                                                   *
 *          PARAMETER AND COUPLING VALUES            *
 *                                                   *
 *****************************************************

  External Params
  ---------------------------------
  
 aEWM1 =    132.50700378417969     
 mdl_Gf =   1.16639000000000003E-005
 aS =   0.11800000071525575     
 mdl_ymb =    4.6999998092651367     
 mdl_ymt =    173.00000000000000     
 mdl_yme =   5.10999991092830896E-004
 mdl_ymm =   0.10565999895334244     
 mdl_ymtau =    1.7769999504089355     
 mdl_MZ =    91.188003540039063     
 mdl_MT =    173.00000000000000     
 mdl_MB =    4.6999998092651367     
 mdl_MH =    125.00000000000000     
 mdl_Me =   5.10999991092830896E-004
 mdl_MM =   0.10565999895334244     
 mdl_MTA =    1.7769999504089355     
 mdl_WZ =    2.4414041042327881     
 mdl_WW =    2.0476000308990479     
 mdl_WT =    1.4915000200271606     
 mdl_WH =   6.38233916833996773E-003
 mdl_WTau =   2.26999999999999982E-012
  Internal Params
  ---------------------------------
  
 mdl_conjg__CKM3x3 =    1.0000000000000000     
 mdl_CKM3x3 =    1.0000000000000000     
 mdl_conjg__CKM1x1 =    1.0000000000000000     
 mdl_complexi =  (  0.0000000000000000     ,  1.0000000000000000     )
 mdl_MZ__exp__2 =    8315.2519896181766     
 mdl_MZ__exp__4 =    69143415.650849044     
 mdl_sqrt__2 =    1.4142135623730951     
 mdl_MH__exp__2 =    15625.000000000000     
 mdl_aEW =   7.54677089845565054E-003
 mdl_MW =    80.419007276179556     
 mdl_sqrt__aEW =   8.68721526063194194E-002
 mdl_ee =   0.30795376284704501     
 mdl_MW__exp__2 =    6467.2167312862202     
 mdl_sw2 =   0.22224645274001076     
 mdl_cw =   0.88190336616887299     
 mdl_sqrt__sw2 =   0.47143022043565552     
 mdl_sw =   0.47143022043565552     
 mdl_g1 =   0.34919218438279087     
 mdl_gw =   0.65323296958447097     
 mdl_vev =    246.21845810181631     
 mdl_vev__exp__2 =    60623.529110035874     
 mdl_lam =   0.12886910601690271     
 mdl_yb =   2.69955531549349904E-002
 mdl_ye =   2.93504850670934038E-006
 mdl_ym =   6.06883028478528356E-004
 mdl_yt =   0.99366614581500645     
 mdl_ytau =   1.02066167158167895E-002
 mdl_muH =    88.388347648318444     
 mdl_I1x33 =  ( 2.69955531549349904E-002,  0.0000000000000000     )
 mdl_I2x33 =  ( 0.99366614581500645     ,  0.0000000000000000     )
 mdl_I3x33 =  ( 0.99366614581500645     ,  0.0000000000000000     )
 mdl_I4x33 =  ( 2.69955531549349904E-002,  0.0000000000000000     )
 mdl_ee__exp__2 =   9.48355200516540348E-002
 mdl_sw__exp__2 =   0.22224645274001076     
 mdl_cw__exp__2 =   0.77775354725998924     
  Internal Params evaluated point by point
  ----------------------------------------
  
 mdl_sqrt__aS =   0.34351128178744839     
 mdl_G__exp__2 =    1.4828317414825511     
  Couplings of sm-lepton_masses
  ---------------------------------
  
         GC_3 =  -0.00000E+00  -0.30795E+00
        GC_50 =  -0.00000E+00  -0.28804E+00
        GC_59 =   0.00000E+00   0.82310E-01
        GC_89 =  -0.00000E+00  -0.20754E-05

 Collider parameters:
 --------------------

<<<<<<< HEAD
 Running at e e   machine @   7.14879999999999960E-002  GeV
=======
 Running at e e   machine @   7.00000000000000067E-002  GeV
>>>>>>> 911b5ec345c81b054214c521136984e9d6306827
 PDF set = none   
 alpha_s(Mz)= 0.1180 running at 2 loops.
 alpha_s(Mz)= 0.1180 running at 2 loops.
 Renormalization scale fixed @    91.188000000000002     
 Factorization scales  fixed @    91.188000000000002        91.188000000000002     


 getting user params
Enter number of events and max and min iterations: 
 Number of events and iterations         1000           5           3
Enter desired fractional accuracy: 
 Desired fractional accuracy:   0.10000000000000001     
Enter 0 for fixed, 2 for adjustable grid: 
Suppress amplitude (0 no, 1 yes)? 
 Using suppressed amplitude.
Exact helicity sum (0 yes, n = number/event)? 
 Explicitly summing over helicities
Enter Configuration Number: 
Running Configuration Number:    3
 Using dconfig=           2
 BW Setting            2           0           0
 Attempting mappinvarients           1           5
 Completed mapping           5
 about to integrate            5        1000           5           3           5           1
 Using non-zero grid deformation.
  5 dimensions   1000 events  5 invarients  5 iterations  1 config(s),  (0.99)
 Using h-tuple random number sequence.
 Error opening grid
 Using Uniform Grid!
 Using uniform alpha   1.0000000000000000     
 Grid defined OK
 Set CM energy to          0.07
 Mapping Graph           3  to config           3
<<<<<<< HEAD
Setting grid   1    0.51095E-04   1
Setting grid   2    0.20438E-03   1
 Masses: 0.511E-03 0.511E-03 0.000E+00 0.511E-03 0.511E-03
   3   1   2   3   4   5
Using random seed offsets     3 :      1
  with seed                   84
 Ranmar initialization seeds       13958        9461
=======
Setting grid   1    0.53290E-04   1
Setting grid   2    0.21316E-03   1
 Masses: 0.511E-03 0.511E-03 0.000E+00 0.511E-03 0.511E-03
   3   1   2   3   4   5
Using random seed offsets     3 :      1
  with seed                   24
 Ranmar initialization seeds       31061        9398
>>>>>>> 911b5ec345c81b054214c521136984e9d6306827
  Particle       3       4       5
      Et >     0.0     0.0     0.0
       E >     0.0     0.0     0.0
     Eta <    -1.0    -1.0    -1.0
   xqcut:      0.0     0.0     0.0
d R # 3  >    -0.0     0.0     0.0
<<<<<<< HEAD
d R # 4  >    -0.0    -0.0     0.0
=======
d R # 4  >    -0.0    -0.0     0.4
>>>>>>> 911b5ec345c81b054214c521136984e9d6306827
s min # 3>     0.0     0.0     0.0
s min # 4>     0.0     0.0     0.0
xqcutij # 3>     0.0     0.0     0.0
xqcutij # 4>     0.0     0.0     0.0
 Excluding BW           -2           1
 alpha_s for scale    91.188000000000002       is   0.11800000071525575     
<<<<<<< HEAD
 Added good helicity            1   9.6237976892303170       in event            1
 Added good helicity            2  1.53124519233920989E-005  in event            1
 Added good helicity            3  1.46006724879009584E-004  in event            1
 Added good helicity            5  0.14463535631297686       in event            1
 Added good helicity            7  9.73942489592556695E-006  in event            1
 Added good helicity            9  3.66646855000810968E-005  in event            1
 Added good helicity           10  2.30054678530127038E-002  in event            1
 Added good helicity           11   3.1494964495159761       in event            1
 Added good helicity           12  2.36142457701803967E-003  in event            1
 Added good helicity           13  1.20107784704798974E-003  in event            1
 Added good helicity           14  2.04047161434547496E-003  in event            1
 Added good helicity           15   3.0531327628763933       in event            1
 Added good helicity           16  1.20112313533136280E-004  in event            1
 Added good helicity           17  1.20112326758267502E-004  in event            1
 Added good helicity           18   3.0531327619471842       in event            1
 Added good helicity           19  2.04047035411418108E-003  in event            1
 Added good helicity           20  1.20107782342916366E-003  in event            1
 Added good helicity           21  2.36142451221700274E-003  in event            1
 Added good helicity           22   3.1494964504689187       in event            1
 Added good helicity           23  2.30054531003338995E-002  in event            1
 Added good helicity           24  3.66646955932708221E-005  in event            1
 Added good helicity           26  9.73942804672461272E-006  in event            1
 Added good helicity           28  0.14463535631363753       in event            1
 Added good helicity           30  1.46006709144440392E-004  in event            1
 Added good helicity           31  1.53124575783551147E-005  in event            1
 Added good helicity           32   9.6237976892807939       in event            1
 Added good helicity            6  1.57436777866056474E-005  in event            2
 Added good helicity           27  1.57436737152373778E-005  in event            2
 Added good helicity            4  4.77672393431870646E-006  in event           10
 Added good helicity           29  4.77671951690967231E-006  in event           10
 Iteration  1   Mean: 0.1280E-06 Abs mean: 0.1280E-06   Fluctuation:  0.248E-07   0.166E-04    98.3%
  1    0.1280E-06 0.1280E-06 +- 0.2478E-07      6.12
 Writing out events  2.60306803134100207E-011   6.1227830093380433     
 Relative summed weights:
  0.5409E+00  0.0000E+00
  0.4591E+00  0.0000E+00
=======
 Added good helicity            1   12.529274616128367       in event            1
 Added good helicity            2  6.96211468201654797E-006  in event            1
 Added good helicity            3  2.16359316059370685E-002  in event            1
 Added good helicity            5  0.89919049614949009       in event            1
 Added good helicity            7  6.67577371057822118E-005  in event            1
 Added good helicity            9  3.98491512536901528E-006  in event            1
 Added good helicity           10   2.2603157122741875       in event            1
 Added good helicity           11  4.28633645125783003E-002  in event            1
 Added good helicity           12  4.87690657590533327E-003  in event            1
 Added good helicity           13  1.63177175281870534E-004  in event            1
 Added good helicity           14  9.16150670726473687E-002  in event            1
 Added good helicity           15  0.14997543941313898       in event            1
 Added good helicity           16  1.05368570158160547E-005  in event            1
 Added good helicity           17  1.05368611981034938E-005  in event            1
 Added good helicity           18  0.14997543941283450       in event            1
 Added good helicity           19  9.16150821598193804E-002  in event            1
 Added good helicity           20  1.63177170447089846E-004  in event            1
 Added good helicity           21  4.87690726519834569E-003  in event            1
 Added good helicity           22  4.28633645232375515E-002  in event            1
 Added good helicity           23   2.2603160842799488       in event            1
 Added good helicity           24  3.98491745022365835E-006  in event            1
 Added good helicity           26  6.67577277976663154E-005  in event            1
 Added good helicity           28  0.89919049610346347       in event            1
 Added good helicity           30  2.16359317389967845E-002  in event            1
 Added good helicity           31  6.96211796662361018E-006  in event            1
 Added good helicity           32   12.529274616193753       in event            1
 Added good helicity            6  1.10700059018631478E-005  in event            2
 Added good helicity           27  1.10700014221680583E-005  in event            2
 Added good helicity            4  5.63361333842737009E-006  in event            4
 Added good helicity           29  5.63361578884811952E-006  in event            4
 Iteration  1   Mean: 0.1570E-06 Abs mean: 0.1570E-06   Fluctuation:  0.296E-07   0.209E-04    99.8%
  1    0.1570E-06 0.1570E-06 +- 0.2955E-07      5.95
 Writing out events  3.14656820643677355E-011   5.9515650043927284     
 Relative summed weights:
  0.5089E+00  0.0000E+00
  0.4911E+00  0.0000E+00
>>>>>>> 911b5ec345c81b054214c521136984e9d6306827
 Relative number of events:
  0.5200E+00  0.0000E+00
  0.4800E+00  0.0000E+00
 Events:
         520           0
         480           0
<<<<<<< HEAD
 Iteration  2   Mean: 0.1423E-06 Abs mean: 0.1423E-06   Fluctuation:  0.155E-07   0.223E-04    98.3%
  2    0.1423E-06 0.1423E-06 +- 0.1555E-07      4.89
 Relative summed weights:
  0.4961E+00  0.0000E+00
  0.5039E+00  0.0000E+00
 Relative number of events:
  0.4810E+00  0.0000E+00
  0.5190E+00  0.0000E+00
 Events:
         962           0
        1038           0
 Iteration  3   Mean: 0.1381E-06 Abs mean: 0.1381E-06   Fluctuation:  0.753E-08   0.121E-04    98.0%
  3    0.1381E-06 0.1381E-06 +- 0.7534E-08      3.45
 Relative summed weights:
  0.4897E+00  0.0000E+00
  0.5103E+00  0.0000E+00
 Relative number of events:
  0.5082E+00  0.0000E+00
  0.4918E+00  0.0000E+00
 Events:
        2033           0
        1967           0
 Accuracy:    0.016   0.100   0.047   0.109
 Finished due to accuracy   1.56193865769778586E-002  0.10000000000000001     

 -------------------------------------------------------------------------------
 Accumulated results:   Integral =  0.1383E-06
                        Std dev  =  0.6545E-08
                       Cross sec =  0.1383E-06
             Chi**2 per DoF.     =      0.1089
 -------------------------------------------------------------------------------
 Found          326  events.
 Wrote           55  events.
 Actual xsec   1.38309169119399699E-007
 Correct abs xsec   1.38309169119399699E-007
 Event xsec   1.38309169119399646E-007
 Events wgts > 1:            2
 % Cross section > 1:   5.87600830342585219E-010  0.42484589711859289     
-------------------------------------------------
---------------------------
 Results Last   3 iters: Integral =   0.1383E-06
                     Abs integral =   0.1383E-06
                          Std dev =   0.6545E-08
                  Chi**2 per DoF. =      0.1196
-------------------------------------------------
---------------------------
 Status  0.10000000000000001                4           5
=======
 Iteration  2   Mean: 0.3990E-06 Abs mean: 0.3990E-06   Fluctuation:  0.133E-06   0.239E-03    99.9%
  2    0.3990E-06 0.3990E-06 +- 0.1329E-06     14.90
 Relative summed weights:
  0.4584E+00  0.0000E+00
  0.5416E+00  0.0000E+00
 Relative number of events:
  0.5030E+00  0.0000E+00
  0.4970E+00  0.0000E+00
 Events:
        1006           0
         994           0
 Iteration  3   Mean: 0.1137E-05 Abs mean: 0.1137E-05   Fluctuation:  0.499E-06   0.158E-02   100.0%
  3    0.1137E-05 0.1137E-05 +- 0.4985E-06     27.73
 Relative summed weights:
  0.4848E+00  0.0000E+00
  0.5152E+00  0.0000E+00
 Relative number of events:
  0.4940E+00  0.0000E+00
  0.5060E+00  0.0000E+00
 Events:
        1976           0
        2024           0
 Accuracy:    0.683   0.100   0.153  19.810
 Found          182  events.
 Wrote            1  events.
 Actual xsec   3.28477004428004291E-007
 Correct abs xsec   3.28477004428004291E-007
 Event xsec   3.28477004428004291E-007
 Events wgts > 1:            1
 % Cross section > 1:   3.75515488141954577E-014  1.14320175561714299E-005
 Iteration  4   Mean: 0.3445E-06 Abs mean: 0.3445E-06   Fluctuation:  0.360E-07   0.160E-03   100.0%
  4    0.3445E-06 0.3445E-06 +- 0.3604E-07      9.36
 Relative summed weights:
  0.4639E+00  0.0000E+00
  0.5361E+00  0.0000E+00
 Relative number of events:
  0.4930E+00  0.0000E+00
  0.5070E+00  0.0000E+00
 Events:
        3944           0
        4056           0
 Accuracy:    0.304   0.100   0.086  12.388
 Found          169  events.
 Wrote           19  events.
 Actual xsec   3.88230442000631984E-007
 Correct abs xsec   3.88230442000631984E-007
 Event xsec   3.88230442000632037E-007
 Events wgts > 1:            1
 % Cross section > 1:   3.06887761333665278E-015  7.90478355463855290E-007
 Iteration  5   Mean: 0.4851E-06 Abs mean: 0.4851E-06   Fluctuation:  0.795E-07   0.928E-03   100.0%
  5    0.4851E-06 0.4851E-06 +- 0.7950E-07     20.73
 Relative summed weights:
  0.6060E+00  0.0000E+00
  0.3940E+00  0.0000E+00
 Relative number of events:
  0.4969E+00  0.0000E+00
  0.5031E+00  0.0000E+00
 Events:
        7951           0
        8049           0
 Accuracy:    0.228   0.100   0.076   8.893
 Found         1035  events.
 Wrote           10  events.
 Actual xsec   4.14470678158595699E-007
 Correct abs xsec   4.14470678158595699E-007
 Event xsec   4.14470678158595805E-007
 Events wgts > 1:            0
 % Cross section > 1:    0.0000000000000000        0.0000000000000000     

 -------------------------------------------------------------------------------
 Accumulated results:   Integral =  0.3712E-06
                        Std dev  =  0.2838E-07
                       Cross sec =  0.3712E-06
             Chi**2 per DoF.     =      8.8933
 -------------------------------------------------------------------------------
-------------------------------------------------
---------------------------
 Results Last   3 iters: Integral =   0.4145E-06
                     Abs integral =   0.4145E-06
                          Std dev =   0.3583E-07
                  Chi**2 per DoF. =      3.3268
-------------------------------------------------
---------------------------
 Status  0.10000000000000001                6           5
>>>>>>> 911b5ec345c81b054214c521136984e9d6306827

ls status:
events.lhe
input_app.txt
<<<<<<< HEAD
multijob.dat
results.dat
run_01_log.txt
run_01_results.dat
run_02_log.txt
run_02_results.dat
run_03_log.txt
run_03_results.dat
=======
results.dat
>>>>>>> 911b5ec345c81b054214c521136984e9d6306827
run1_app.log
