 Process in group number            0
 No PDF is used, alpha_s(MZ) from param_card is used
 Value of alpha_s from param_card:   0.11800000071525575     
 The default order of alpha_s running is fixed to            2
 Warning: pt or E min of a gamma should in general be >0
 *****************************************************
 *               MadGraph/MadEvent                   *
 *        --------------------------------           *
 *          http://madgraph.hep.uiuc.edu             *
 *          http://madgraph.phys.ucl.ac.be           *
 *          http://madgraph.roma2.infn.it            *
 *        --------------------------------           *
 *                                                   *
 *          PARAMETER AND COUPLING VALUES            *
 *                                                   *
 *****************************************************

  External Params
  ---------------------------------
  
 aEWM1 =    132.50700378417969     
 mdl_Gf =   1.16639000000000003E-005
 aS =   0.11800000071525575     
 mdl_ymb =    4.6999998092651367     
 mdl_ymt =    173.00000000000000     
 mdl_yme =   5.10999991092830896E-004
 mdl_ymm =   0.10565999895334244     
 mdl_ymtau =    1.7769999504089355     
 mdl_MZ =    91.188003540039063     
 mdl_MT =    173.00000000000000     
 mdl_MB =    4.6999998092651367     
 mdl_MH =    125.00000000000000     
 mdl_Me =   5.10999991092830896E-004
 mdl_MM =   0.10565999895334244     
 mdl_MTA =    1.7769999504089355     
 mdl_WZ =    2.4414041042327881     
 mdl_WW =    2.0476000308990479     
 mdl_WT =    1.4915000200271606     
 mdl_WH =   6.38233916833996773E-003
 mdl_WTau =   2.26999999999999982E-012
  Internal Params
  ---------------------------------
  
 mdl_conjg__CKM3x3 =    1.0000000000000000     
 mdl_CKM3x3 =    1.0000000000000000     
 mdl_conjg__CKM1x1 =    1.0000000000000000     
 mdl_complexi =  (  0.0000000000000000     ,  1.0000000000000000     )
 mdl_MZ__exp__2 =    8315.2519896181766     
 mdl_MZ__exp__4 =    69143415.650849044     
 mdl_sqrt__2 =    1.4142135623730951     
 mdl_MH__exp__2 =    15625.000000000000     
 mdl_aEW =   7.54677089845565054E-003
 mdl_MW =    80.419007276179556     
 mdl_sqrt__aEW =   8.68721526063194194E-002
 mdl_ee =   0.30795376284704501     
 mdl_MW__exp__2 =    6467.2167312862202     
 mdl_sw2 =   0.22224645274001076     
 mdl_cw =   0.88190336616887299     
 mdl_sqrt__sw2 =   0.47143022043565552     
 mdl_sw =   0.47143022043565552     
 mdl_g1 =   0.34919218438279087     
 mdl_gw =   0.65323296958447097     
 mdl_vev =    246.21845810181631     
 mdl_vev__exp__2 =    60623.529110035874     
 mdl_lam =   0.12886910601690271     
 mdl_yb =   2.69955531549349904E-002
 mdl_ye =   2.93504850670934038E-006
 mdl_ym =   6.06883028478528356E-004
 mdl_yt =   0.99366614581500645     
 mdl_ytau =   1.02066167158167895E-002
 mdl_muH =    88.388347648318444     
 mdl_I1x33 =  ( 2.69955531549349904E-002,  0.0000000000000000     )
 mdl_I2x33 =  ( 0.99366614581500645     ,  0.0000000000000000     )
 mdl_I3x33 =  ( 0.99366614581500645     ,  0.0000000000000000     )
 mdl_I4x33 =  ( 2.69955531549349904E-002,  0.0000000000000000     )
 mdl_ee__exp__2 =   9.48355200516540348E-002
 mdl_sw__exp__2 =   0.22224645274001076     
 mdl_cw__exp__2 =   0.77775354725998924     
  Internal Params evaluated point by point
  ----------------------------------------
  
 mdl_sqrt__aS =   0.34351128178744839     
 mdl_G__exp__2 =    1.4828317414825511     
  Couplings of sm-lepton_masses
  ---------------------------------
  
         GC_3 =  -0.00000E+00  -0.30795E+00
        GC_50 =  -0.00000E+00  -0.28804E+00
        GC_59 =   0.00000E+00   0.82310E-01
        GC_89 =  -0.00000E+00  -0.20754E-05

 Collider parameters:
 --------------------

 Running at e e   machine @   7.00000000000000067E-002  GeV
 PDF set = none   
 alpha_s(Mz)= 0.1180 running at 2 loops.
 alpha_s(Mz)= 0.1180 running at 2 loops.
 Renormalization scale fixed @    91.188000000000002     
 Factorization scales  fixed @    91.188000000000002        91.188000000000002     


 getting user params
Enter number of events and max and min iterations: 
 Number of events and iterations         2000           9           3
Enter desired fractional accuracy: 
 Desired fractional accuracy:  -6.26620000000000013E-037
Enter 0 for fixed, 2 for adjustable grid: 
Suppress amplitude (0 no, 1 yes)? 
 Using suppressed amplitude.
Exact helicity sum (0 yes, n = number/event)? 
 Explicitly summing over helicities
Enter Configuration Number: 
Running Configuration Number:   16
 Not subdividing B.W.
 Attempting mappinvarients           1           5
 Completed mapping           5
 about to integrate            5        2000           9           3           5           1
 Keeping grid fixed.
  5 dimensions   2000 events  5 invarients  9 iterations  1 config(s),  (0.99)
 Using h-tuple random number sequence.
 Grid read from file
 Grid defined OK
 Set CM energy to          0.07
 Mapping Graph          16  to config          16
 No modification is setgrid, grid read from file
 No modification is setgrid, grid read from file
 Masses: 0.511E-03 0.511E-03 0.000E+00 0.511E-03 0.511E-03
  16   1   2   3   4   5
 Got moffset           4
Using random seed offsets    16 :      1
  with seed                   30
 Ranmar initialization seeds        8307       22033
  Particle       3       4       5
      Et >     0.0     0.0     0.0
       E >     0.0     0.0     0.0
     Eta <    -1.0    -1.0    -1.0
   xqcut:      0.0     0.0     0.0
d R # 3  >    -0.0     0.0     0.0
d R # 4  >    -0.0    -0.0     0.4
s min # 3>     0.0     0.0     0.0
s min # 4>     0.0     0.0     0.0
xqcutij # 3>     0.0     0.0     0.0
xqcutij # 4>     0.0     0.0     0.0
 alpha_s for scale    91.188000000000002       is   0.11800000071525575     
 Added good helicity            1   4.0214537304464502       in event            1
 Added good helicity            2  3.54488835452258803E-006  in event            1
 Added good helicity            5   3.9785427246576255       in event            1
 Added good helicity           10   3.9785427246575140       in event            1
 Added good helicity           13  3.54488835452248427E-006  in event            1
 Added good helicity           14   4.0214537304463391       in event            1
 Added good helicity           19   4.0214537304463391       in event            1
 Added good helicity           20  3.54488835452249019E-006  in event            1
 Added good helicity           23   3.9785427246575158       in event            1
 Added good helicity           28   3.9785427246576233       in event            1
 Added good helicity           31  3.54488835452258210E-006  in event            1
 Added good helicity           32   4.0214537304464502       in event            1
 Added good helicity            3   9.5556374998650728       in event           55
 Added good helicity            4  1.35101543425954341E-005  in event           55
 Added good helicity           11  3.24868129998878640E-005  in event           55
 Added good helicity           12   6.4316630888259176       in event           55
 Added good helicity           15  9.59103990928464964E-006  in event           55
 Added good helicity           18  9.59103990935498387E-006  in event           55
 Added good helicity           21   6.4316630888932078       in event           55
 Added good helicity           22  3.24868130002277681E-005  in event           55
 Added good helicity           29  1.35101543430081221E-005  in event           55
 Added good helicity           30   9.5556374999158784       in event           55
 Added good helicity            6  1.48856049992932346E-005  in event           58
 Added good helicity            7  1.46001112866763980E-005  in event           58
 Added good helicity            9  1.48972125019936372E-005  in event           58
 Added good helicity           16  1.49292101191478997E-005  in event           58
 Added good helicity           17  1.49292108160886890E-005  in event           58
 Added good helicity           24  1.48972131975870749E-005  in event           58
 Added good helicity           26  1.46001106059716023E-005  in event           58
 Added good helicity           27  1.48856056951957682E-005  in event           58
 Iteration  1   Mean: 0.6336E+35 Abs mean: 0.6336E+35   Fluctuation:  0.604E+35   0.121E+39    98.9%
  1    0.6336E+35 0.6336E+35 +- 0.6043E+35     42.65
 Writing out events  3.56071544980194432E+030   42.653443608746741     
 Relative summed weights:
  0.1000E+01  0.0000E+00
 Relative number of events:
  0.1000E+01  0.0000E+00
 Events:
        2000           0
 Iteration  2   Mean: 0.3137E+35 Abs mean: 0.3137E+35   Fluctuation:  0.285E+35   0.114E+39    98.8%
  2    0.3137E+35 0.3137E+35 +- 0.2850E+35     57.45
 Relative summed weights:
  0.1000E+01  0.0000E+00
 Relative number of events:
  0.1000E+01  0.0000E+00
 Events:
        4000           0
 Iteration  3   Mean: 0.4936E+34 Abs mean: 0.4936E+34   Fluctuation:  0.166E+34   0.950E+37    98.8%
  3    0.4936E+34 0.4936E+34 +- 0.1662E+34     30.12
 Relative summed weights:
  0.1000E+01  0.0000E+00
 Relative number of events:
  0.1000E+01  0.0000E+00
 Events:
        8000           0
 Found           34  events.
 Wrote            4  events.
 Actual xsec   1.35874523444719927E+034
 Correct abs xsec   1.35874523444719927E+034
 Event xsec   1.35874523444719927E+034
 Events wgts > 1:            0
 % Cross section > 1:    0.0000000000000000        0.0000000000000000     
 Checking number of events  8.51416938809304059E-003           4  chi2:    14.074816734150149     
 Found           34  events.
 Wrote            2  events.
 Actual xsec   1.35874523444719927E+034
 Correct abs xsec   1.35874523444719927E+034
 Event xsec   1.35874523444719927E+034
 Events wgts > 1:            0
 % Cross section > 1:    0.0000000000000000        0.0000000000000000     
 Iteration  4   Mean: 0.2037E+34 Abs mean: 0.2037E+34   Fluctuation:  0.952E+33   0.149E+38    98.9%
  4    0.2037E+34 0.2037E+34 +- 0.9523E+33     59.15
 Relative summed weights:
  0.1000E+01  0.0000E+00
 Relative number of events:
  0.1000E+01  0.0000E+00
 Events:
       16000           0
 Found          111  events.
 Wrote            2  events.
 Actual xsec   6.22186709596783665E+033
 Correct abs xsec   6.22186709596783665E+033
 Event xsec   6.22186709596783665E+033
 Events wgts > 1:            1
 % Cross section > 1:   3.13614783874218831E+026  5.04052528022434056E-006
 Checking number of events  3.89874635967536569E-003           2  chi2:    10.347122908401850     
 Found          111  events.
 Wrote            1  events.
 Actual xsec   6.22186709596783665E+033
 Correct abs xsec   6.22186709596783665E+033
 Event xsec   6.22186709596783665E+033
 Events wgts > 1:            1
 % Cross section > 1:   6.27229536619557039E+026  1.00810500601345440E-005
 Iteration  5   Mean: 0.1970E+35 Abs mean: 0.1970E+35   Fluctuation:  0.113E+35   0.317E+39    98.8%
  5    0.1970E+35 0.1970E+35 +- 0.1131E+35    102.69
 Relative summed weights:
  0.1000E+01  0.0000E+00
 Relative number of events:
  0.1000E+01  0.0000E+00
 Events:
       32000           0
 Found          366  events.
 Wrote            5  events.
 Actual xsec   6.85552370421672988E+033
 Correct abs xsec   6.85552370421672988E+033
 Event xsec   6.85552370421672988E+033
 Events wgts > 1:            1
 % Cross section > 1:   1.58413624595274730E+026  2.31074431991004384E-006
 Checking number of events  4.29580826353628733E-003           5  chi2:    14.115985976817161     
 Found          366  events.
 Wrote            2  events.
 Actual xsec   6.85552370421672988E+033
 Correct abs xsec   6.85552370421672988E+033
 Event xsec   6.85552370421673103E+033
 Events wgts > 1:            1
 % Cross section > 1:   3.96034047220783205E+026  5.77686059165966460E-006
 Iteration  6   Mean: 0.3377E+36 Abs mean: 0.3377E+36   Fluctuation:  0.275E+36   0.174E+41    98.9%
  6    0.3377E+36 0.3377E+36 +- 0.2752E+36    206.10
 Relative summed weights:
  0.1000E+01  0.0000E+00
 Relative number of events:
  0.1000E+01  0.0000E+00
 Events:
       64000           0
 Found          275  events.
 Wrote            1  events.
 Actual xsec   6.34070690288207676E+034
 Correct abs xsec   6.34070690288207676E+034
 Event xsec   6.34070690288207676E+034
 Events wgts > 1:            1
 % Cross section > 1:   7.97789676086970221E+026  1.25820304944918117E-006
 Checking number of events  3.97321375948396713E-002           1  chi2:    2084.6836784335055     
 Found          275  events.
 Wrote            1  events.
 Actual xsec   6.34070690288207676E+034
 Correct abs xsec   6.34070690288207676E+034
 Event xsec   6.34070690288207676E+034
 Events wgts > 1:            1
 % Cross section > 1:   7.97789676086970221E+026  1.25820304944918117E-006
 Iteration  7   Mean: 0.1409E+36 Abs mean: 0.1409E+36   Fluctuation:  0.582E+35   0.539E+40    98.9%
  7    0.1409E+36 0.1409E+36 +- 0.5824E+35    147.87
 Relative summed weights:
  0.1000E+01  0.0000E+00
 Relative number of events:
  0.1000E+01  0.0000E+00
 Events:
      128000           0
 Found          122  events.
 Wrote            3  events.
 Actual xsec   1.34062162579377793E+035
 Correct abs xsec   1.34062162579377793E+035
 Event xsec   1.34062162579377811E+035
 Events wgts > 1:            1
 % Cross section > 1:   9.38712401458139642E+027  7.00206817044541376E-006
 Checking number of events  8.40060323154897121E-002           3  chi2:    51.444849923445474     
 Found          122  events.
 Wrote            5  events.
 Actual xsec   1.34062162579377793E+035
 Correct abs xsec   1.34062162579377793E+035
 Event xsec   1.34062162579377793E+035
 Events wgts > 1:            1
 % Cross section > 1:   5.63227456554616248E+027  4.20124101922592014E-006
 Iteration  8   Mean: 0.2877E+36 Abs mean: 0.2877E+36   Fluctuation:  0.250E+36   0.640E+41    98.9%
  8    0.2877E+36 0.2877E+36 +- 0.2502E+36    440.00
 Relative summed weights:
  0.1000E+01  0.0000E+00
 Relative number of events:
  0.1000E+01  0.0000E+00
 Events:
      256000           0
 Found          393  events.
 Wrote            1  events.
 Actual xsec   1.97427347749252643E+035
 Correct abs xsec   1.97427347749252643E+035
 Event xsec   1.97427347749252643E+035
 Events wgts > 1:            0
 % Cross section > 1:    0.0000000000000000        0.0000000000000000     
 Checking number of events  0.12371192464663669                1  chi2:   0.66569442875414930     

 -------------------------------------------------------------------------------
 Accumulated results:   Integral =  0.7056E+35
                        Std dev  =  0.1347E+35
                       Cross sec =  0.7694E+01
             Chi**2 per DoF.     =
-------------------------------------------------
---------------------------
 Results Last   3 iters: Integral =   0.1974E+36
                     Abs integral =   0.1974E+36
                          Std dev =   0.6700E+35
                  Chi**2 per DoF. =      0.6657
-------------------------------------------------
---------------------------
 Status -6.26620000000000013E-037           9           9
 We found enough events           1  0.12371192464663669     

ls status:
events.lhe
ftn25
ftn26
input_sg.txt
log.txt
moffset.dat
results.dat
run1_app.log
