 Process in group number            0
 No PDF is used, alpha_s(MZ) from param_card is used
 Value of alpha_s from param_card:   0.11800000071525575     
 The default order of alpha_s running is fixed to            2
<<<<<<< HEAD
=======
 Warning: pt or E min of a gamma should in general be >0
>>>>>>> 911b5ec345c81b054214c521136984e9d6306827
 *****************************************************
 *               MadGraph/MadEvent                   *
 *        --------------------------------           *
 *          http://madgraph.hep.uiuc.edu             *
 *          http://madgraph.phys.ucl.ac.be           *
 *          http://madgraph.roma2.infn.it            *
 *        --------------------------------           *
 *                                                   *
 *          PARAMETER AND COUPLING VALUES            *
 *                                                   *
 *****************************************************

  External Params
  ---------------------------------
  
 aEWM1 =    132.50700378417969     
 mdl_Gf =   1.16639000000000003E-005
 aS =   0.11800000071525575     
 mdl_ymb =    4.6999998092651367     
 mdl_ymt =    173.00000000000000     
 mdl_yme =   5.10999991092830896E-004
 mdl_ymm =   0.10565999895334244     
 mdl_ymtau =    1.7769999504089355     
 mdl_MZ =    91.188003540039063     
 mdl_MT =    173.00000000000000     
 mdl_MB =    4.6999998092651367     
 mdl_MH =    125.00000000000000     
 mdl_Me =   5.10999991092830896E-004
 mdl_MM =   0.10565999895334244     
 mdl_MTA =    1.7769999504089355     
 mdl_WZ =    2.4414041042327881     
 mdl_WW =    2.0476000308990479     
 mdl_WT =    1.4915000200271606     
 mdl_WH =   6.38233916833996773E-003
 mdl_WTau =   2.26999999999999982E-012
  Internal Params
  ---------------------------------
  
 mdl_conjg__CKM3x3 =    1.0000000000000000     
 mdl_CKM3x3 =    1.0000000000000000     
 mdl_conjg__CKM1x1 =    1.0000000000000000     
 mdl_complexi =  (  0.0000000000000000     ,  1.0000000000000000     )
 mdl_MZ__exp__2 =    8315.2519896181766     
 mdl_MZ__exp__4 =    69143415.650849044     
 mdl_sqrt__2 =    1.4142135623730951     
 mdl_MH__exp__2 =    15625.000000000000     
 mdl_aEW =   7.54677089845565054E-003
 mdl_MW =    80.419007276179556     
 mdl_sqrt__aEW =   8.68721526063194194E-002
 mdl_ee =   0.30795376284704501     
 mdl_MW__exp__2 =    6467.2167312862202     
 mdl_sw2 =   0.22224645274001076     
 mdl_cw =   0.88190336616887299     
 mdl_sqrt__sw2 =   0.47143022043565552     
 mdl_sw =   0.47143022043565552     
 mdl_g1 =   0.34919218438279087     
 mdl_gw =   0.65323296958447097     
 mdl_vev =    246.21845810181631     
 mdl_vev__exp__2 =    60623.529110035874     
 mdl_lam =   0.12886910601690271     
 mdl_yb =   2.69955531549349904E-002
 mdl_ye =   2.93504850670934038E-006
 mdl_ym =   6.06883028478528356E-004
 mdl_yt =   0.99366614581500645     
 mdl_ytau =   1.02066167158167895E-002
 mdl_muH =    88.388347648318444     
 mdl_I1x33 =  ( 2.69955531549349904E-002,  0.0000000000000000     )
 mdl_I2x33 =  ( 0.99366614581500645     ,  0.0000000000000000     )
 mdl_I3x33 =  ( 0.99366614581500645     ,  0.0000000000000000     )
 mdl_I4x33 =  ( 2.69955531549349904E-002,  0.0000000000000000     )
 mdl_ee__exp__2 =   9.48355200516540348E-002
 mdl_sw__exp__2 =   0.22224645274001076     
 mdl_cw__exp__2 =   0.77775354725998924     
  Internal Params evaluated point by point
  ----------------------------------------
  
 mdl_sqrt__aS =   0.34351128178744839     
 mdl_G__exp__2 =    1.4828317414825511     
  Couplings of sm-lepton_masses
  ---------------------------------
  
         GC_3 =  -0.00000E+00  -0.30795E+00
        GC_50 =  -0.00000E+00  -0.28804E+00
        GC_59 =   0.00000E+00   0.82310E-01
        GC_89 =  -0.00000E+00  -0.20754E-05

 Collider parameters:
 --------------------

<<<<<<< HEAD
 Running at e e   machine @   7.14879999999999960E-002  GeV
=======
 Running at e e   machine @   7.00000000000000067E-002  GeV
>>>>>>> 911b5ec345c81b054214c521136984e9d6306827
 PDF set = none   
 alpha_s(Mz)= 0.1180 running at 2 loops.
 alpha_s(Mz)= 0.1180 running at 2 loops.
 Renormalization scale fixed @    91.188000000000002     
 Factorization scales  fixed @    91.188000000000002        91.188000000000002     


 getting user params
Enter number of events and max and min iterations: 
 Number of events and iterations         2000           9           3
Enter desired fractional accuracy: 
<<<<<<< HEAD
 Desired fractional accuracy:  -5.74259999999999987E-006
=======
 Desired fractional accuracy:  -6.26620000000000013E-037
>>>>>>> 911b5ec345c81b054214c521136984e9d6306827
Enter 0 for fixed, 2 for adjustable grid: 
Suppress amplitude (0 no, 1 yes)? 
 Using suppressed amplitude.
Exact helicity sum (0 yes, n = number/event)? 
 Explicitly summing over helicities
Enter Configuration Number: 
Running Configuration Number:   16
 Not subdividing B.W.
 Attempting mappinvarients           1           5
 Completed mapping           5
 about to integrate            5        2000           9           3           5           1
<<<<<<< HEAD
 Using non-zero grid deformation.
  5 dimensions   2000 events  5 invarients  9 iterations  1 config(s),  (0.99)
 Using h-tuple random number sequence.
 Error opening grid
 Using Uniform Grid!
 Using uniform alpha   1.0000000000000000     
 Grid defined OK
 Set CM energy to          0.07
 Mapping Graph          16  to config          16
Setting grid   1    0.51095E-04   1
Setting grid   2    0.51095E-04   1
=======
 Keeping grid fixed.
  5 dimensions   2000 events  5 invarients  9 iterations  1 config(s),  (0.99)
 Using h-tuple random number sequence.
 Grid read from file
 Grid defined OK
 Set CM energy to          0.07
 Mapping Graph          16  to config          16
 No modification is setgrid, grid read from file
 No modification is setgrid, grid read from file
>>>>>>> 911b5ec345c81b054214c521136984e9d6306827
 Masses: 0.511E-03 0.511E-03 0.000E+00 0.511E-03 0.511E-03
  16   1   2   3   4   5
 Got moffset           6
Using random seed offsets    16 :      1
<<<<<<< HEAD
  with seed                   87
 Ranmar initialization seeds       17628       28406
=======
  with seed                   30
 Ranmar initialization seeds        8307       28347
>>>>>>> 911b5ec345c81b054214c521136984e9d6306827
  Particle       3       4       5
      Et >     0.0     0.0     0.0
       E >     0.0     0.0     0.0
     Eta <    -1.0    -1.0    -1.0
   xqcut:      0.0     0.0     0.0
d R # 3  >    -0.0     0.0     0.0
<<<<<<< HEAD
d R # 4  >    -0.0    -0.0     0.0
=======
d R # 4  >    -0.0    -0.0     0.4
>>>>>>> 911b5ec345c81b054214c521136984e9d6306827
s min # 3>     0.0     0.0     0.0
s min # 4>     0.0     0.0     0.0
xqcutij # 3>     0.0     0.0     0.0
xqcutij # 4>     0.0     0.0     0.0
 alpha_s for scale    91.188000000000002       is   0.11800000071525575     
<<<<<<< HEAD
 Added good helicity            1   6.6356433402225603       in event            1
 Added good helicity            2  3.50146165402584406E-002  in event            1
 Added good helicity            3  2.46945154118676156E-006  in event            1
 Added good helicity            5   1.4785774303870505       in event            1
 Added good helicity            6  4.10144019497513073E-006  in event            1
 Added good helicity            9  4.04672806117263440E-006  in event            1
 Added good helicity           10   1.4229410419487525       in event            1
 Added good helicity           13  3.30556750339563235E-002  in event            1
 Added good helicity           14   6.3947535945511751       in event            1
 Added good helicity           16  2.47305667651743300E-006  in event            1
 Added good helicity           17  2.47305668425595354E-006  in event            1
 Added good helicity           19   6.3947536139588204       in event            1
 Added good helicity           20  3.30556751629003942E-002  in event            1
 Added good helicity           23   1.4229410462700982       in event            1
 Added good helicity           24  4.04672807336282934E-006  in event            1
 Added good helicity           27  4.10144020385912229E-006  in event            1
 Added good helicity           28   1.4785774303873713       in event            1
 Added good helicity           30  2.46945153216971679E-006  in event            1
 Added good helicity           31  3.50146165105691964E-002  in event            1
 Added good helicity           32   6.6356433402222290       in event            1
 Added good helicity            4  1.66031011991569829E-006  in event            5
 Added good helicity           11  1.67712885963314376E-006  in event            5
 Added good helicity           15  2.72506204586776474E-006  in event            5
 Added good helicity           18  2.72506205796583977E-006  in event            5
 Added good helicity           22  1.67712887063589189E-006  in event            5
 Added good helicity           29  1.66031010481010975E-006  in event            5
 Added good helicity            7  1.52558816415387910E-006  in event            8
 Added good helicity           12  2.08677980606586737E-005  in event            8
 Added good helicity           21  2.08677973323370043E-005  in event            8
 Added good helicity           26  1.52558797020644272E-006  in event            8
 Iteration  1   Mean: 0.2495E+10 Abs mean: 0.2495E+10   Fluctuation:  0.166E+09   0.117E+12    84.2%
  1    0.2495E+10 0.2495E+10 +- 0.1660E+09      2.98
 Writing out events   164632.24797618325        2.9752890673534584     
=======
 Added good helicity            1   4.8858948794563481       in event            1
 Added good helicity            2  0.18562868173125144       in event            1
 Added good helicity            5   2.9284764380690254       in event            1
 Added good helicity           10   2.9284764380679262       in event            1
 Added good helicity           13  0.18562868173118180       in event            1
 Added good helicity           14   4.8858948794545132       in event            1
 Added good helicity           19   4.8858948794545132       in event            1
 Added good helicity           20  0.18562868173118172       in event            1
 Added good helicity           23   2.9284764380679262       in event            1
 Added good helicity           28   2.9284764380690254       in event            1
 Added good helicity           31  0.18562868173125152       in event            1
 Added good helicity           32   4.8858948794563499       in event            1
 Added good helicity            3  1.55296607273140952E-005  in event           66
 Added good helicity            4  1.25234875742342309E-006  in event           66
 Added good helicity            6  1.59240656966646632E-005  in event           66
 Added good helicity            7  8.14032785316196873E-006  in event           66
 Added good helicity            9  1.53871468066476052E-005  in event           66
 Added good helicity           11   2.0452544874078180       in event           66
 Added good helicity           12  0.18554925440883738       in event           66
 Added good helicity           15   1.0820656531086781       in event           66
 Added good helicity           16  1.55558164967838391E-005  in event           66
 Added good helicity           17  1.55558066123034894E-005  in event           66
 Added good helicity           18   1.0820656523862227       in event           66
 Added good helicity           21  0.18554925519583365       in event           66
 Added good helicity           22   2.0452544872994798       in event           66
 Added good helicity           24  1.53871369167629549E-005  in event           66
 Added good helicity           26  8.14033310497677513E-006  in event           66
 Added good helicity           27  1.59240556975921161E-005  in event           66
 Added good helicity           29  1.25234959765942498E-006  in event           66
 Added good helicity           30  1.55296706029451257E-005  in event           66
 Iteration  1   Mean: 0.1039E+34 Abs mean: 0.1039E+34   Fluctuation:  0.677E+33   0.980E+36    99.5%
  1    0.1039E+34 0.1039E+34 +- 0.6769E+33     29.13
 Writing out events  5.80592917237386631E+028   29.125219881385455     
>>>>>>> 911b5ec345c81b054214c521136984e9d6306827
 Relative summed weights:
  0.1000E+01  0.0000E+00
 Relative number of events:
  0.1000E+01  0.0000E+00
 Events:
        2000           0
<<<<<<< HEAD
 Iteration  2   Mean: 0.2429E+10 Abs mean: 0.2429E+10   Fluctuation:  0.681E+08   0.574E+11    87.3%
  2    0.2429E+10 0.2429E+10 +- 0.6814E+08      1.77
=======
 Iteration  2   Mean: 0.2352E+34 Abs mean: 0.2352E+34   Fluctuation:  0.172E+34   0.620E+37    99.2%
  2    0.2352E+34 0.2352E+34 +- 0.1718E+34     46.20
>>>>>>> 911b5ec345c81b054214c521136984e9d6306827
 Relative summed weights:
  0.1000E+01  0.0000E+00
 Relative number of events:
  0.1000E+01  0.0000E+00
 Events:
        4000           0
<<<<<<< HEAD
 Iteration  3   Mean: 0.2434E+10 Abs mean: 0.2434E+10   Fluctuation:  0.371E+08   0.253E+11    80.9%
  3    0.2434E+10 0.2434E+10 +- 0.3712E+08      1.36
=======
 Iteration  3   Mean: 0.1992E+33 Abs mean: 0.1992E+33   Fluctuation:  0.993E+32   0.648E+36    99.2%
  3    0.1992E+33 0.1992E+33 +- 0.9930E+32     44.58
>>>>>>> 911b5ec345c81b054214c521136984e9d6306827
 Relative summed weights:
  0.1000E+01  0.0000E+00
 Relative number of events:
  0.1000E+01  0.0000E+00
 Events:
        8000           0
<<<<<<< HEAD
 Found         1024  events.
 Wrote         1019  events.
 Actual xsec    2435534268.8080330     
 Correct abs xsec    2435534268.8080330     
 Event xsec    2435534268.8080716     
 Events wgts > 1:            8
 % Cross section > 1:    2383985.8429981559       9.78834859164127852E-002
 Checking number of events   13986.299092057010             1019  chi2:   7.02389639626595369E-002
 Found         1024  events.
 Wrote         1019  events.
 Actual xsec    2435534268.8080330     
 Correct abs xsec    2435534268.8080330     
 Event xsec    2435534268.8080716     
 Events wgts > 1:            8
 % Cross section > 1:    2383985.8429981559       9.78834859164127852E-002
 Iteration  4   Mean: 0.2449E+10 Abs mean: 0.2449E+10   Fluctuation:  0.232E+08   0.469E+11    77.6%
  4    0.2449E+10 0.2449E+10 +- 0.2319E+08      1.20
=======
 Found           22  events.
 Wrote            2  events.
 Actual xsec   9.27703965163890133E+032
 Correct abs xsec   9.27703965163890133E+032
 Event xsec   9.27703965163890133E+032
 Events wgts > 1:            1
 % Cross section > 1:   3.30209700815542847E+025  3.55942965876196583E-006
 Checking number of events  5.81317858650996799E-004           2  chi2:    27.265692790095240     
 Found           22  events.
 Wrote            2  events.
 Actual xsec   9.27703965163890133E+032
 Correct abs xsec   9.27703965163890133E+032
 Event xsec   9.27703965163890133E+032
 Events wgts > 1:            1
 % Cross section > 1:   3.30209700815542847E+025  3.55942965876196583E-006
 Iteration  4   Mean: 0.3135E+33 Abs mean: 0.3135E+33   Fluctuation:  0.124E+33   0.141E+37    99.2%
  4    0.3135E+33 0.3135E+33 +- 0.1243E+33     50.17
>>>>>>> 911b5ec345c81b054214c521136984e9d6306827
 Relative summed weights:
  0.1000E+01  0.0000E+00
 Relative number of events:
  0.1000E+01  0.0000E+00
 Events:
       16000           0
<<<<<<< HEAD
 Found         2077  events.
 Wrote         2072  events.
 Actual xsec    2443419004.4479618     
 Correct abs xsec    2443419004.4479618     
 Event xsec    2443419004.4479241     
 Events wgts > 1:           10
 % Cross section > 1:    3930362.3460847996       0.16085502891358747     
 Checking number of events   14031.577974942866             2072  chi2:   7.70873017047089548E-002
 Found         2077  events.
 Wrote         2072  events.
 Actual xsec    2443419004.4479618     
 Correct abs xsec    2443419004.4479618     
 Event xsec    2443419004.4479241     
 Events wgts > 1:           10
 % Cross section > 1:    3930362.3460847996       0.16085502891358747     
 Iteration  5   Mean: 0.2431E+10 Abs mean: 0.2431E+10   Fluctuation:  0.152E+08   0.377E+11    74.6%
  5    0.2431E+10 0.2431E+10 +- 0.1520E+08      1.12
=======
 Found           97  events.
 Wrote            2  events.
 Actual xsec   5.87668657438859794E+032
 Correct abs xsec   5.87668657438859794E+032
 Event xsec   5.87668657438859722E+032
 Events wgts > 1:            1
 % Cross section > 1:   1.05994155579444244E+025  1.80363805756429575E-006
 Checking number of events  3.68244934124338313E-004           2  chi2:    10.608462605435218     
 Found           97  events.
 Wrote            5  events.
 Actual xsec   5.87668657438859794E+032
 Correct abs xsec   5.87668657438859794E+032
 Event xsec   5.87668657438859722E+032
 Events wgts > 1:            1
 % Cross section > 1:   4.23976627722096527E+024  7.21455232221920004E-007
 Iteration  5   Mean: 0.8354E+33 Abs mean: 0.8354E+33   Fluctuation:  0.531E+33   0.165E+38    99.2%
  5    0.8354E+33 0.8354E+33 +- 0.5308E+33    113.67
>>>>>>> 911b5ec345c81b054214c521136984e9d6306827
 Relative summed weights:
  0.1000E+01  0.0000E+00
 Relative number of events:
  0.1000E+01  0.0000E+00
 Events:
       32000           0
<<<<<<< HEAD
 Found         4241  events.
 Wrote         4236  events.
 Actual xsec    2436294133.5401373     
 Correct abs xsec    2436294133.5401373     
 Event xsec    2436294133.5401950     
 Events wgts > 1:           18
 % Cross section > 1:    3636560.6247401470       0.14926607484195009     
 Checking number of events   13990.662691267593             4236  chi2:   0.19609218293632566     
 Found         4241  events.
 Wrote         4236  events.
 Actual xsec    2436294133.5401373     
 Correct abs xsec    2436294133.5401373     
 Event xsec    2436294133.5401950     
 Events wgts > 1:           18
 % Cross section > 1:    3636560.6247401470       0.14926607484195009     
 Iteration  6   Mean: 0.2408E+10 Abs mean: 0.2408E+10   Fluctuation:  0.105E+08   0.606E+11    71.5%
  6    0.2408E+10 0.2408E+10 +- 0.1046E+08      1.10
 Relative summed weights:
  0.1000E+01  0.0000E+00
 Relative number of events:
  0.1000E+01  0.0000E+00
 Events:
       64000           0
 Found         8818  events.
 Wrote         8814  events.
 Actual xsec    2419867236.1214137     
 Correct abs xsec    2419867236.1214137     
 Event xsec    2419867236.1214647     
 Events wgts > 1:           39
 % Cross section > 1:    4325237.6022660388       0.17873863233912285     
 Checking number of events   13896.329590150830             8814  chi2:    1.6568092051316770     
 Found         8818  events.
 Wrote         8814  events.
 Actual xsec    2419867236.1214137     
 Correct abs xsec    2419867236.1214137     
 Event xsec    2419867236.1214647     
 Events wgts > 1:           39
 % Cross section > 1:    4325237.6022660388       0.17873863233912285     
 Iteration  7   Mean: 0.2418E+10 Abs mean: 0.2418E+10   Fluctuation:  0.737E+07   0.831E+11    69.8%
  7    0.2418E+10 0.2418E+10 +- 0.7365E+07      1.09
 Relative summed weights:
  0.1000E+01  0.0000E+00
 Relative number of events:
  0.1000E+01  0.0000E+00
 Events:
      128000           0
 Found        18542  events.
 Wrote        18538  events.
 Actual xsec    2417011166.8924794     
 Correct abs xsec    2417011166.8924794     
 Event xsec    2417011166.8924413     
 Events wgts > 1:          107
 % Cross section > 1:    5433631.2634473080       0.22480786757941812     
 Checking number of events   13879.928326996753            18538  chi2:   0.79255517941748610     

 -------------------------------------------------------------------------------
 Accumulated results:   Integral =  0.2419E+10
                        Std dev  =  0.5366E+07
                       Cross sec =  0.6328E+00
             Chi**2 per DoF.     =
-------------------------------------------------
---------------------------
 Results Last   3 iters: Integral =   0.2417E+10
                     Abs integral =   0.2417E+10
                          Std dev =   0.5599E+07
                  Chi**2 per DoF. =      0.7926
-------------------------------------------------
---------------------------
 Status -5.74259999999999987E-006           8           9
 We found enough events       18538   13879.928326996753     
=======
 Found          182  events.
 Wrote            2  events.
 Actual xsec   3.78250040782139889E+032
 Correct abs xsec   3.78250040782139889E+032
 Event xsec   3.78250040782139889E+032
 Events wgts > 1:            0
 % Cross section > 1:    0.0000000000000000        0.0000000000000000     
 Checking number of events  2.37019040554904502E-004           2  chi2:    2.1313523505531955     

 -------------------------------------------------------------------------------
 Accumulated results:   Integral =  0.6859E+33
                        Std dev  =  0.1659E+33
                       Cross sec =  0.3926E+01
             Chi**2 per DoF.     =
-------------------------------------------------
---------------------------
 Results Last   3 iters: Integral =   0.3783E+33
                     Abs integral =   0.3783E+33
                          Std dev =   0.1055E+33
                  Chi**2 per DoF. =      2.1314
-------------------------------------------------
---------------------------
 Status -6.26620000000000013E-037           6           9
 We found enough events           2  2.37019040554904502E-004
>>>>>>> 911b5ec345c81b054214c521136984e9d6306827

ls status:
events.lhe
ftn25
ftn26
input_sg.txt
<<<<<<< HEAD
moffset.dat
results.dat
run_01_ftn26.gz
run_01_log.txt
run_01_results.dat
run_02_ftn26.gz
run_02_log.txt
run_02_results.dat
run_03_ftn26.gz
run_03_log.txt
run_03_results.dat
=======
log.txt
moffset.dat
results.dat
>>>>>>> 911b5ec345c81b054214c521136984e9d6306827
run1_app.log
