 Process in group number            0
 No PDF is used, alpha_s(MZ) from param_card is used
 Value of alpha_s from param_card:   0.11800000071525575     
 The default order of alpha_s running is fixed to            2
 Warning: pt or E min of a gamma should in general be >0
 *****************************************************
 *               MadGraph/MadEvent                   *
 *        --------------------------------           *
 *          http://madgraph.hep.uiuc.edu             *
 *          http://madgraph.phys.ucl.ac.be           *
 *          http://madgraph.roma2.infn.it            *
 *        --------------------------------           *
 *                                                   *
 *          PARAMETER AND COUPLING VALUES            *
 *                                                   *
 *****************************************************

  External Params
  ---------------------------------
  
 aEWM1 =    132.50700378417969     
 mdl_Gf =   1.16639000000000003E-005
 aS =   0.11800000071525575     
 mdl_ymb =    4.6999998092651367     
 mdl_ymt =    173.00000000000000     
 mdl_yme =   5.10999991092830896E-004
 mdl_ymm =   0.10565999895334244     
 mdl_ymtau =    1.7769999504089355     
 mdl_MZ =    91.188003540039063     
 mdl_MT =    173.00000000000000     
 mdl_MB =    4.6999998092651367     
 mdl_MH =    125.00000000000000     
 mdl_Me =   5.10999991092830896E-004
 mdl_MM =   0.10565999895334244     
 mdl_MTA =    1.7769999504089355     
 mdl_WZ =    2.4414041042327881     
 mdl_WW =    2.0476000308990479     
 mdl_WT =    1.4915000200271606     
 mdl_WH =   6.38233916833996773E-003
 mdl_WTau =   2.26999999999999982E-012
  Internal Params
  ---------------------------------
  
 mdl_conjg__CKM3x3 =    1.0000000000000000     
 mdl_CKM3x3 =    1.0000000000000000     
 mdl_conjg__CKM1x1 =    1.0000000000000000     
 mdl_complexi =  (  0.0000000000000000     ,  1.0000000000000000     )
 mdl_MZ__exp__2 =    8315.2519896181766     
 mdl_MZ__exp__4 =    69143415.650849044     
 mdl_sqrt__2 =    1.4142135623730951     
 mdl_MH__exp__2 =    15625.000000000000     
 mdl_aEW =   7.54677089845565054E-003
 mdl_MW =    80.419007276179556     
 mdl_sqrt__aEW =   8.68721526063194194E-002
 mdl_ee =   0.30795376284704501     
 mdl_MW__exp__2 =    6467.2167312862202     
 mdl_sw2 =   0.22224645274001076     
 mdl_cw =   0.88190336616887299     
 mdl_sqrt__sw2 =   0.47143022043565552     
 mdl_sw =   0.47143022043565552     
 mdl_g1 =   0.34919218438279087     
 mdl_gw =   0.65323296958447097     
 mdl_vev =    246.21845810181631     
 mdl_vev__exp__2 =    60623.529110035874     
 mdl_lam =   0.12886910601690271     
 mdl_yb =   2.69955531549349904E-002
 mdl_ye =   2.93504850670934038E-006
 mdl_ym =   6.06883028478528356E-004
 mdl_yt =   0.99366614581500645     
 mdl_ytau =   1.02066167158167895E-002
 mdl_muH =    88.388347648318444     
 mdl_I1x33 =  ( 2.69955531549349904E-002,  0.0000000000000000     )
 mdl_I2x33 =  ( 0.99366614581500645     ,  0.0000000000000000     )
 mdl_I3x33 =  ( 0.99366614581500645     ,  0.0000000000000000     )
 mdl_I4x33 =  ( 2.69955531549349904E-002,  0.0000000000000000     )
 mdl_ee__exp__2 =   9.48355200516540348E-002
 mdl_sw__exp__2 =   0.22224645274001076     
 mdl_cw__exp__2 =   0.77775354725998924     
  Internal Params evaluated point by point
  ----------------------------------------
  
 mdl_sqrt__aS =   0.34351128178744839     
 mdl_G__exp__2 =    1.4828317414825511     
  Couplings of sm-lepton_masses
  ---------------------------------
  
         GC_3 =  -0.00000E+00  -0.30795E+00
        GC_50 =  -0.00000E+00  -0.28804E+00
        GC_59 =   0.00000E+00   0.82310E-01
        GC_89 =  -0.00000E+00  -0.20754E-05

 Collider parameters:
 --------------------

 Running at e e   machine @   7.00000000000000067E-002  GeV
 PDF set = none   
 alpha_s(Mz)= 0.1180 running at 2 loops.
 alpha_s(Mz)= 0.1180 running at 2 loops.
 Renormalization scale fixed @    91.188000000000002     
 Factorization scales  fixed @    91.188000000000002        91.188000000000002     


 getting user params
Enter number of events and max and min iterations: 
 Number of events and iterations         2000           9           3
Enter desired fractional accuracy: 
 Desired fractional accuracy:  -6.26620000000000013E-037
Enter 0 for fixed, 2 for adjustable grid: 
Suppress amplitude (0 no, 1 yes)? 
 Using suppressed amplitude.
Exact helicity sum (0 yes, n = number/event)? 
 Explicitly summing over helicities
Enter Configuration Number: 
Running Configuration Number:   16
 Not subdividing B.W.
 Attempting mappinvarients           1           5
 Completed mapping           5
 about to integrate            5        2000           9           3           5           1
 Keeping grid fixed.
  5 dimensions   2000 events  5 invarients  9 iterations  1 config(s),  (0.99)
 Using h-tuple random number sequence.
 Grid read from file
 Grid defined OK
 Set CM energy to          0.07
 Mapping Graph          16  to config          16
 No modification is setgrid, grid read from file
 No modification is setgrid, grid read from file
 Masses: 0.511E-03 0.511E-03 0.000E+00 0.511E-03 0.511E-03
  16   1   2   3   4   5
 Got moffset          13
Using random seed offsets    16 :      1
  with seed                   30
 Ranmar initialization seeds        8307       20365
  Particle       3       4       5
      Et >     0.0     0.0     0.0
       E >     0.0     0.0     0.0
     Eta <    -1.0    -1.0    -1.0
   xqcut:      0.0     0.0     0.0
d R # 3  >    -0.0     0.0     0.0
d R # 4  >    -0.0    -0.0     0.4
s min # 3>     0.0     0.0     0.0
s min # 4>     0.0     0.0     0.0
xqcutij # 3>     0.0     0.0     0.0
xqcutij # 4>     0.0     0.0     0.0
 alpha_s for scale    91.188000000000002       is   0.11800000071525575     
 Added good helicity            1   4.0441382278634821       in event            1
 Added good helicity            2  3.02996521806314592E-005  in event            1
 Added good helicity            5   3.9558314724681889       in event            1
 Added good helicity           10   3.9558314724682204       in event            1
 Added good helicity           13  3.02996521806314321E-005  in event            1
 Added good helicity           14   4.0441382278635105       in event            1
 Added good helicity           19   4.0441382278635132       in event            1
 Added good helicity           20  3.02996521806316794E-005  in event            1
 Added good helicity           23   3.9558314724682182       in event            1
 Added good helicity           28   3.9558314724681911       in event            1
 Added good helicity           31  3.02996521806312119E-005  in event            1
 Added good helicity           32   4.0441382278634794       in event            1
 Added good helicity            3  1.64614051515025508E-005  in event            8
 Added good helicity            6  1.63666660274922439E-005  in event            8
 Added good helicity            7  1.47625405188588469E-005  in event            8
 Added good helicity            9  1.64328680214822046E-005  in event            8
 Added good helicity           11  2.21002287787359364E-002  in event            8
 Added good helicity           12  9.05302964149807789E-005  in event            8
 Added good helicity           15  1.95634129956046114E-002  in event            8
 Added good helicity           16  1.64816593457484674E-005  in event            8
 Added good helicity           17  1.64816622921344141E-005  in event            8
 Added good helicity           18  1.95634129918345369E-002  in event            8
 Added good helicity           21  9.05303029056975158E-005  in event            8
 Added good helicity           22  2.21002287786597890E-002  in event            8
 Added good helicity           24  1.64328709617504727E-005  in event            8
 Added good helicity           26  1.47625378866918338E-005  in event            8
 Added good helicity           27  1.63666689634836936E-005  in event            8
 Added good helicity           30  1.64614022068047239E-005  in event            8
 Added good helicity            4  1.34161687483851731E-006  in event           55
 Added good helicity           29  1.34161743753633601E-006  in event           55
 Iteration  1   Mean: 0.3706E+36 Abs mean: 0.3706E+36   Fluctuation:  0.369E+36   0.738E+39    99.7%
  1    0.3706E+36 0.3706E+36 +- 0.3688E+36     44.50
 Writing out events  2.06632197827975625E+031   44.500308775029779     
 Relative summed weights:
  0.1000E+01  0.0000E+00
 Relative number of events:
  0.1000E+01  0.0000E+00
 Events:
        2000           0
 Iteration  2   Mean: 0.7862E+35 Abs mean: 0.7862E+35   Fluctuation:  0.608E+35   0.239E+39    99.3%
  2    0.7862E+35 0.7862E+35 +- 0.6077E+35     48.89
 Relative summed weights:
  0.1000E+01  0.0000E+00
 Relative number of events:
  0.1000E+01  0.0000E+00
 Events:
        4000           0
 Iteration  3   Mean: 0.9063E+36 Abs mean: 0.9063E+36   Fluctuation:  0.897E+36   0.718E+40    99.4%
  3    0.9063E+36 0.9063E+36 +- 0.8971E+36     88.53
 Relative summed weights:
  0.1000E+01  0.0000E+00
 Relative number of events:
  0.1000E+01  0.0000E+00
 Events:
        8000           0
 Found           20  events.
 Wrote            1  events.
 Actual xsec   3.86303453332197789E+035
 Correct abs xsec   3.86303453332197789E+035
 Event xsec   3.86303453332197789E+035
 Events wgts > 1:            1
 % Cross section > 1:   2.07958018275428672E+028  5.38328136809580191E-006
 Checking number of events  0.24206546992702177                1  chi2:    12.985216053285045     
 Found           20  events.
 Wrote            1  events.
 Actual xsec   3.86303453332197789E+035
 Correct abs xsec   3.86303453332197789E+035
 Event xsec   3.86303453332197789E+035
 Events wgts > 1:            1
 % Cross section > 1:   2.07958018275428672E+028  5.38328136809580191E-006
 Iteration  4   Mean: 0.1905E+36 Abs mean: 0.1905E+36   Fluctuation:  0.164E+36   0.262E+40    99.4%
  4    0.1905E+36 0.1905E+36 +- 0.1639E+36    108.80
 Relative summed weights:
  0.1000E+01  0.0000E+00
 Relative number of events:
  0.1000E+01  0.0000E+00
 Events:
       16000           0
 Found           18  events.
 Wrote            1  events.
 Actual xsec   3.24805742287926326E+035
 Correct abs xsec   3.24805742287926326E+035
 Event xsec   3.24805742287926326E+035
 Events wgts > 1:            0
 % Cross section > 1:    0.0000000000000000        0.0000000000000000     
 Checking number of events  0.20352977423246041                1  chi2:    8.7508625859228619     

 -------------------------------------------------------------------------------
 Accumulated results:   Integral =  0.3340E+36
                        Std dev  =  0.1485E+36
                       Cross sec =  0.1413E+01
             Chi**2 per DoF.     =
-------------------------------------------------
---------------------------
 Results Last   3 iters: Integral =   0.3248E+36
                     Abs integral =   0.3248E+36
                          Std dev =   0.1615E+36
                  Chi**2 per DoF. =      8.7509
-------------------------------------------------
---------------------------
 Status -6.26620000000000013E-037           5           9
 We found enough events           1  0.20352977423246041     

ls status:
events.lhe
ftn25
ftn26
input_sg.txt
log.txt
moffset.dat
results.dat
run1_app.log
