 Process in group number            0
 No PDF is used, alpha_s(MZ) from param_card is used
 Value of alpha_s from param_card:   0.11800000071525575     
 The default order of alpha_s running is fixed to            2
 Warning: pt or E min of a gamma should in general be >0
 Warning: pt or E min of a gamma should in general be >0
 Warning: pt or E min of a gamma should in general be >0
 *****************************************************
 *               MadGraph/MadEvent                   *
 *        --------------------------------           *
 *          http://madgraph.hep.uiuc.edu             *
 *          http://madgraph.phys.ucl.ac.be           *
 *          http://madgraph.roma2.infn.it            *
 *        --------------------------------           *
 *                                                   *
 *          PARAMETER AND COUPLING VALUES            *
 *                                                   *
 *****************************************************

  External Params
  ---------------------------------
  
 aEWM1 =    132.50700378417969     
 mdl_Gf =   1.16639000000000003E-005
 aS =   0.11800000071525575     
 mdl_ymb =    4.6999998092651367     
 mdl_ymt =    173.00000000000000     
 mdl_yme =   5.10999991092830896E-004
 mdl_ymm =   0.10565999895334244     
 mdl_ymtau =    1.7769999504089355     
 mdl_MZ =    91.188003540039063     
 mdl_MT =    173.00000000000000     
 mdl_MB =    4.6999998092651367     
 mdl_MH =    125.00000000000000     
 mdl_Me =   5.10999991092830896E-004
 mdl_MM =   0.10565999895334244     
 mdl_MTA =    1.7769999504089355     
 mdl_WZ =    2.4414041042327881     
 mdl_WW =    2.0476000308990479     
 mdl_WT =    1.4915000200271606     
 mdl_WH =   6.38233916833996773E-003
 mdl_WTau =   2.26999999999999982E-012
  Internal Params
  ---------------------------------
  
 mdl_conjg__CKM3x3 =    1.0000000000000000     
 mdl_CKM3x3 =    1.0000000000000000     
 mdl_conjg__CKM1x1 =    1.0000000000000000     
 mdl_complexi =  (  0.0000000000000000     ,  1.0000000000000000     )
 mdl_MZ__exp__2 =    8315.2519896181766     
 mdl_MZ__exp__4 =    69143415.650849044     
 mdl_sqrt__2 =    1.4142135623730951     
 mdl_MH__exp__2 =    15625.000000000000     
 mdl_aEW =   7.54677089845565054E-003
 mdl_MW =    80.419007276179556     
 mdl_sqrt__aEW =   8.68721526063194194E-002
 mdl_ee =   0.30795376284704501     
 mdl_MW__exp__2 =    6467.2167312862202     
 mdl_sw2 =   0.22224645274001076     
 mdl_cw =   0.88190336616887299     
 mdl_sqrt__sw2 =   0.47143022043565552     
 mdl_sw =   0.47143022043565552     
 mdl_g1 =   0.34919218438279087     
 mdl_gw =   0.65323296958447097     
 mdl_vev =    246.21845810181631     
 mdl_vev__exp__2 =    60623.529110035874     
 mdl_lam =   0.12886910601690271     
 mdl_yb =   2.69955531549349904E-002
 mdl_ye =   2.93504850670934038E-006
 mdl_ym =   6.06883028478528356E-004
 mdl_yt =   0.99366614581500645     
 mdl_ytau =   1.02066167158167895E-002
 mdl_muH =    88.388347648318444     
 mdl_I1x33 =  ( 2.69955531549349904E-002,  0.0000000000000000     )
 mdl_I2x33 =  ( 0.99366614581500645     ,  0.0000000000000000     )
 mdl_I3x33 =  ( 0.99366614581500645     ,  0.0000000000000000     )
 mdl_I4x33 =  ( 2.69955531549349904E-002,  0.0000000000000000     )
 mdl_ee__exp__2 =   9.48355200516540348E-002
 mdl_sw__exp__2 =   0.22224645274001076     
 mdl_cw__exp__2 =   0.77775354725998924     
  Internal Params evaluated point by point
  ----------------------------------------
  
 mdl_sqrt__aS =   0.34351128178744839     
 mdl_G__exp__2 =    1.4828317414825511     
  Couplings of sm-lepton_masses
  ---------------------------------
  
         GC_3 =  -0.00000E+00  -0.30795E+00

 Collider parameters:
 --------------------

 Running at e e   machine @   7.00000000000000067E-002  GeV
 PDF set = none   
 alpha_s(Mz)= 0.1180 running at 2 loops.
 alpha_s(Mz)= 0.1180 running at 2 loops.
 Renormalization scale fixed @    91.188000000000002     
 Factorization scales  fixed @    91.188000000000002        91.188000000000002     


 getting user params
Enter number of events and max and min iterations: 
 Number of events and iterations         1000           9           3
Enter desired fractional accuracy: 
 Desired fractional accuracy:  -4.19009999999999974E-005
Enter 0 for fixed, 2 for adjustable grid: 
Suppress amplitude (0 no, 1 yes)? 
 Using suppressed amplitude.
Exact helicity sum (0 yes, n = number/event)? 
 Explicitly summing over helicities
Enter Configuration Number: 
Running Configuration Number:    1
 Not subdividing B.W.
 Attempting mappinvarients           1           5
 Completed mapping           5
 about to integrate            5        1000           9           3           5           1
 Keeping grid fixed.
  5 dimensions   1000 events  5 invarients  9 iterations  1 config(s),  (0.99)
 Using h-tuple random number sequence.
 Grid read from file
 Grid defined OK
 Set CM energy to          0.07
 Mapping Graph           1  to config           1
 Warning: No cutoff for shat integral found
          Minimum set to    204.08163265306121     
 No modification is setgrid, grid read from file
 Warning: No cutoff for shat integral found
          Minimum set to    204.08163265306121     
 No modification is setgrid, grid read from file
 Masses: 0.511E-03 0.511E-03 0.000E+00 0.000E+00 0.000E+00
   1   1   2   3   4   5
 Got moffset          16
Using random seed offsets     1 :      1
  with seed                   30
 Ranmar initialization seeds        8292       29836
  Particle       3       4       5
      Et >     0.0     0.0     0.0
       E >     0.0     0.0     0.0
     Eta <    -1.0    -1.0    -1.0
   xqcut:      0.0     0.0     0.0
d R # 3  >    -0.0     0.0     0.0
d R # 4  >    -0.0    -0.0     0.0
s min # 3>     0.0     0.0     0.0
s min # 4>     0.0     0.0     0.0
xqcutij # 3>     0.0     0.0     0.0
xqcutij # 4>     0.0     0.0     0.0
 alpha_s for scale    91.188000000000002       is   0.11800000071525575     
 Added good helicity            1  1.68238645828784616E-002  in event            1
 Added good helicity            2  1.51825443345787823E-002  in event            1
 Added good helicity            3  1.47695527858358704E-002  in event            1
 Added good helicity            4  5.57346269554874976E-005  in event            1
 Added good helicity            5  3.13792293948047185E-005  in event            1
 Added good helicity            7  5.48075495884710722E-005  in event            1
 Added good helicity           10   7.4145806033962058       in event            1
 Added good helicity           11  1.66580476618079877E-005  in event            1
 Added good helicity           12   8.5215234865841740       in event            1
 Added good helicity           13  8.02215995633500170E-003  in event            1
 Added good helicity           15  8.93920880712889901E-003  in event            1
 Added good helicity           18  8.93920880712889901E-003  in event            1
 Added good helicity           20  8.02215995633500517E-003  in event            1
 Added good helicity           21   8.5215234865841740       in event            1
 Added good helicity           22  1.66580476618079877E-005  in event            1
 Added good helicity           23   7.4145806033962058       in event            1
 Added good helicity           26  5.48075495884710722E-005  in event            1
 Added good helicity           28  3.13792293948046981E-005  in event            1
 Added good helicity           29  5.57346269554874976E-005  in event            1
 Added good helicity           30  1.47695527858358704E-002  in event            1
 Added good helicity           31  1.51825443345787806E-002  in event            1
 Added good helicity           32  1.68238645828784616E-002  in event            1
 Added good helicity           14  5.63998490935666771E-002  in event            3
 Added good helicity           19  5.63998490935666910E-002  in event            3
 Added good helicity            6  2.16118058856494765E-005  in event            4
 Added good helicity           27  2.16118058856494697E-005  in event            4
 Iteration  1   Mean: 0.1236E+09 Abs mean: 0.1236E+09   Fluctuation:  0.158E+08   0.145E+11    99.4%
  1    0.1236E+09 0.1236E+09 +- 0.1578E+08      4.04
 Writing out events   13813.738422878991        4.0383282384556232     
 Relative summed weights:
  0.1535E+00  0.0000E+00
  0.1311E+00  0.0000E+00
  0.1209E+00  0.0000E+00
  0.2827E+00  0.0000E+00
  0.1818E+00  0.0000E+00
  0.1299E+00  0.0000E+00
 Relative number of events:
  0.1670E+00  0.0000E+00
  0.1650E+00  0.0000E+00
  0.1480E+00  0.0000E+00
  0.1650E+00  0.0000E+00
  0.2080E+00  0.0000E+00
  0.1470E+00  0.0000E+00
 Events:
         167           0
         165           0
         148           0
         165           0
         208           0
         147           0
 Iteration  2   Mean: 0.1225E+09 Abs mean: 0.1225E+09   Fluctuation:  0.989E+07   0.159E+11    99.5%
  2    0.1225E+09 0.1225E+09 +- 0.9890E+07      3.61
 Relative summed weights:
  0.1814E+00  0.0000E+00
  0.1455E+00  0.0000E+00
  0.2394E+00  0.0000E+00
  0.1531E+00  0.0000E+00
  0.1341E+00  0.0000E+00
  0.1464E+00  0.0000E+00
 Relative number of events:
  0.1715E+00  0.0000E+00
  0.1610E+00  0.0000E+00
  0.1650E+00  0.0000E+00
  0.1720E+00  0.0000E+00
  0.1635E+00  0.0000E+00
  0.1670E+00  0.0000E+00
 Events:
         343           0
         322           0
         330           0
         344           0
         327           0
         334           0
 Iteration  3   Mean: 0.1233E+09 Abs mean: 0.1233E+09   Fluctuation:  0.602E+07   0.158E+11    99.4%
  3    0.1233E+09 0.1233E+09 +- 0.6016E+07      3.09
 Relative summed weights:
  0.1646E+00  0.0000E+00
  0.1462E+00  0.0000E+00
  0.1588E+00  0.0000E+00
  0.1491E+00  0.0000E+00
  0.1763E+00  0.0000E+00
  0.2049E+00  0.0000E+00
 Relative number of events:
  0.1653E+00  0.0000E+00
  0.1752E+00  0.0000E+00
  0.1640E+00  0.0000E+00
  0.1595E+00  0.0000E+00
  0.1620E+00  0.0000E+00
  0.1740E+00  0.0000E+00
 Events:
         661           0
         701           0
         656           0
         638           0
         648           0
         696           0
 Found          355  events.
 Wrote           33  events.
 Actual xsec    123147047.42566229     
 Correct abs xsec    123147047.42566229     
 Event xsec    123147047.42566244     
 Events wgts > 1:            1
 % Cross section > 1:   0.58599414257332683       4.75849120887012320E-007
 Checking number of events   5159.9844341826756               33  chi2:   3.06500033105850181E-003
 Found          355  events.
 Wrote           37  events.
 Actual xsec    123147047.42566229     
 Correct abs xsec    123147047.42566229     
 Event xsec    123147047.42566235     
 Events wgts > 1:            1
 % Cross section > 1:   0.52264342457056046       4.24405972774989857E-007
 Iteration  4   Mean: 0.1175E+09 Abs mean: 0.1175E+09   Fluctuation:  0.434E+07   0.184E+11    99.4%
  4    0.1175E+09 0.1175E+09 +- 0.4341E+07      3.30
 Relative summed weights:
  0.1687E+00  0.0000E+00
  0.1666E+00  0.0000E+00
  0.1476E+00  0.0000E+00
  0.1903E+00  0.0000E+00
  0.1669E+00  0.0000E+00
  0.1599E+00  0.0000E+00
 Relative number of events:
  0.1624E+00  0.0000E+00
  0.1650E+00  0.0000E+00
  0.1703E+00  0.0000E+00
  0.1684E+00  0.0000E+00
  0.1674E+00  0.0000E+00
  0.1666E+00  0.0000E+00
 Events:
        1299           0
        1320           0
        1362           0
        1347           0
        1339           0
        1333           0
 Found          665  events.
 Wrote           67  events.
 Actual xsec    119967542.58984523     
 Correct abs xsec    119967542.58984523     
 Event xsec    119967542.58984526     
 Events wgts > 1:            2
 % Cross section > 1:    1354161.7315481282        1.1287734184718994     
 Checking number of events   5026.7600020571044               67  chi2:   0.34777520298842712     
 Found          665  events.
 Wrote           82  events.
 Actual xsec    119967542.58984523     
 Correct abs xsec    119967542.58984523     
 Event xsec    119967542.58984543     
 Events wgts > 1:            2
 % Cross section > 1:    1108738.5757142645       0.92419878892152363     
 Iteration  5   Mean: 0.1182E+09 Abs mean: 0.1182E+09   Fluctuation:  0.335E+07   0.257E+11    99.5%
  5    0.1182E+09 0.1182E+09 +- 0.3349E+07      3.58
 Relative summed weights:
  0.1488E+00  0.0000E+00
  0.1605E+00  0.0000E+00
  0.1784E+00  0.0000E+00
  0.1633E+00  0.0000E+00
  0.1799E+00  0.0000E+00
  0.1691E+00  0.0000E+00
 Relative number of events:
  0.1651E+00  0.0000E+00
  0.1690E+00  0.0000E+00
  0.1662E+00  0.0000E+00
  0.1694E+00  0.0000E+00
  0.1679E+00  0.0000E+00
  0.1624E+00  0.0000E+00
 Events:
        2641           0
        2704           0
        2659           0
        2711           0
        2686           0
        2599           0
 Found         1450  events.
 Wrote          127  events.
 Actual xsec    118898556.02225356     
 Correct abs xsec    118898556.02225356     
 Event xsec    118898556.02225368     
 Events wgts > 1:            4
 % Cross section > 1:    1086584.2241066496       0.91387503806461601     
 Checking number of events   4981.9683958884461              127  chi2:   0.34214709399433979     
 Found         1450  events.
 Wrote          132  events.
 Actual xsec    118898556.02225356     
 Correct abs xsec    118898556.02225356     
 Event xsec    118898556.02225319     
 Events wgts > 1:            4
 % Cross section > 1:    1045787.7456616531       0.87956303310018535     
 Iteration  6   Mean: 0.1255E+09 Abs mean: 0.1255E+09   Fluctuation:  0.557E+07   0.149E+12    99.5%
  6    0.1255E+09 0.1255E+09 +- 0.5566E+07      7.93
 Relative summed weights:
  0.1658E+00  0.0000E+00
  0.1721E+00  0.0000E+00
  0.1865E+00  0.0000E+00
  0.1520E+00  0.0000E+00
  0.1553E+00  0.0000E+00
  0.1684E+00  0.0000E+00
 Relative number of events:
  0.1671E+00  0.0000E+00
  0.1663E+00  0.0000E+00
  0.1694E+00  0.0000E+00
  0.1641E+00  0.0000E+00
  0.1682E+00  0.0000E+00
  0.1649E+00  0.0000E+00
 Events:
        5348           0
        5320           0
        5422           0
        5252           0
        5381           0
        5277           0
 Found         2791  events.
 Wrote           25  events.
 Actual xsec    119497534.51184483     
 Correct abs xsec    119497534.51184483     
 Event xsec    119497534.51184483     
 Events wgts > 1:            0
 % Cross section > 1:    0.0000000000000000        0.0000000000000000     
 Checking number of events   5007.0661935808102               25  chi2:   0.75674363396089928     
 Found         2791  events.
 Wrote           32  events.
 Actual xsec    119497534.51184483     
 Correct abs xsec    119497534.51184483     
 Event xsec    119497534.51184499     
 Events wgts > 1:            0
 % Cross section > 1:    0.0000000000000000        0.0000000000000000     
 Iteration  7   Mean: 0.1246E+09 Abs mean: 0.1246E+09   Fluctuation:  0.256E+07   0.787E+11    99.4%
  7    0.1246E+09 0.1246E+09 +- 0.2558E+07      5.19
 Relative summed weights:
  0.1657E+00  0.0000E+00
  0.1722E+00  0.0000E+00
  0.1738E+00  0.0000E+00
  0.1664E+00  0.0000E+00
  0.1503E+00  0.0000E+00
  0.1716E+00  0.0000E+00
 Relative number of events:
  0.1671E+00  0.0000E+00
  0.1660E+00  0.0000E+00
  0.1669E+00  0.0000E+00
  0.1678E+00  0.0000E+00
  0.1659E+00  0.0000E+00
  0.1662E+00  0.0000E+00
 Events:
       10696           0
       10622           0
       10684           0
       10739           0
       10620           0
       10639           0
 Found         5394  events.
 Wrote          237  events.
 Actual xsec    122792568.60417113     
 Correct abs xsec    122792568.60417113     
 Event xsec    122792568.60416982     
 Events wgts > 1:            7
 % Cross section > 1:    1243152.8604265773        1.0124007295864661     
 Checking number of events   5145.1314170833739              237  chi2:    1.3040172506890104     
 Found         5394  events.
 Wrote          252  events.
 Actual xsec    122792568.60417113     
 Correct abs xsec    122792568.60417113     
 Event xsec    122792568.60417044     
 Events wgts > 1:            7
 % Cross section > 1:    1169860.6471706545       0.95271290475384862     
 Iteration  8   Mean: 0.1220E+09 Abs mean: 0.1220E+09   Fluctuation:  0.188E+07   0.135E+12    99.5%
  8    0.1220E+09 0.1220E+09 +- 0.1881E+07      5.52
 Relative summed weights:
  0.1583E+00  0.0000E+00
  0.1744E+00  0.0000E+00
  0.1615E+00  0.0000E+00
  0.1734E+00  0.0000E+00
  0.1650E+00  0.0000E+00
  0.1674E+00  0.0000E+00
 Relative number of events:
  0.1662E+00  0.0000E+00
  0.1674E+00  0.0000E+00
  0.1653E+00  0.0000E+00
  0.1675E+00  0.0000E+00
  0.1677E+00  0.0000E+00
  0.1659E+00  0.0000E+00
 Events:
       21274           0
       21424           0
       21155           0
       21436           0
       21470           0
       21241           0
 Found        10917  events.
 Wrote          360  events.
 Actual xsec    123117118.44534220     
 Correct abs xsec    123117118.44534220     
 Event xsec    123117118.44534147     
 Events wgts > 1:            5
 % Cross section > 1:    1114542.9200129162       0.90527047260915527     
 Checking number of events   5158.7303799782831              360  chi2:   0.44380622631015459     
 Found        10917  events.
 Wrote          345  events.
 Actual xsec    123117118.44534220     
 Correct abs xsec    123117118.44534220     
 Event xsec    123117118.44534220     
 Events wgts > 1:            5
 % Cross section > 1:    1162543.7354409513       0.94425840217911061     
 Iteration  9   Mean: 0.1211E+09 Abs mean: 0.1211E+09   Fluctuation:  0.132E+07   0.225E+12    99.4%
  9    0.1211E+09 0.1211E+09 +- 0.1316E+07      5.50
 Relative summed weights:
  0.1625E+00  0.0000E+00
  0.1697E+00  0.0000E+00
  0.1636E+00  0.0000E+00
  0.1655E+00  0.0000E+00
  0.1680E+00  0.0000E+00
  0.1707E+00  0.0000E+00
 Relative number of events:
  0.1670E+00  0.0000E+00
  0.1675E+00  0.0000E+00
  0.1677E+00  0.0000E+00
  0.1654E+00  0.0000E+00
  0.1663E+00  0.0000E+00
  0.1660E+00  0.0000E+00
 Events:
       42759           0
       42885           0
       42935           0
       42353           0
       42562           0
       42506           0
 Found        22042  events.
 Wrote          889  events.
 Actual xsec    121899606.06591307     
 Correct abs xsec    121899606.06591307     
 Event xsec    121899606.06591097     
 Events wgts > 1:           11
 % Cross section > 1:    1165870.2200183349       0.95641836560813021     
 Checking number of events   5107.7153937678231              889  chi2:   0.75154655178810881     
 Found        22042  events.
 Wrote          897  events.
 Actual xsec    121899606.06591307     
 Correct abs xsec    121899606.06591307     
 Event xsec    121899606.06591019     
 Events wgts > 1:           11
 % Cross section > 1:    1155570.8387180967       0.94796929704045829     

 -------------------------------------------------------------------------------
 Accumulated results:   Integral =  0.1216E+09
                        Std dev  =  0.9023E+06
                       Cross sec =  0.1216E+09
             Chi**2 per DoF.     =      0.5083
 -------------------------------------------------------------------------------
-------------------------------------------------
---------------------------
 Results Last   3 iters: Integral =   0.1219E+09
                     Abs integral =   0.1219E+09
                          Std dev =   0.9938E+06
                  Chi**2 per DoF. =      0.7515
-------------------------------------------------
---------------------------
 Status -4.19009999999999974E-005          10           9
 Trying w/ fresh grid
 Starting w/ ncall =         4000
 Keeping grid fixed.
  5 dimensions   4000 events  5 invarients  8 iterations  1 config(s),  (0.99)
 Using h-tuple random number sequence.
 Error opening grid
 Using Uniform Grid!
 Using uniform alpha   1.0000000000000000     
 Grid defined OK
 Warning: No cutoff for shat integral found
          Minimum set to    204.08163265306121     
Setting grid   1    0.20408E+03   1
 Warning: No cutoff for shat integral found
          Minimum set to    204.08163265306121     
Setting grid   2    0.20408E+03   1
Warning xbin not returning correct x   2  0.999988E+00  0.996639E+00  0.2837E+03
Warning xbin not returning correct x   2  0.999978E+00  0.993812E+00  0.2837E+03
Warning xbin not returning correct x   2  0.999982E+00  0.994798E+00  0.2837E+03
Warning xbin not returning correct x   2  0.999971E+00  0.991680E+00  0.2837E+03
Warning xbin not returning correct x   2  0.999994E+00  0.998271E+00  0.2837E+03
Warning xbin still not working well. Last message this iteration.
 Iteration  1   Mean: 0.2564E+08 Abs mean: 0.2564E+08   Fluctuation:  0.851E+07   0.300E+11    99.0%
  1    0.2564E+08 0.2564E+08 +- 0.8506E+07     20.99
 Relative summed weights:
  0.6117E-01  0.0000E+00
  0.6598E-01  0.0000E+00
  0.1020E+00  0.0000E+00
  0.5164E+00  0.0000E+00
  0.1501E+00  0.0000E+00
  0.1044E+00  0.0000E+00
 Relative number of events:
  0.1703E+00  0.0000E+00
  0.1527E+00  0.0000E+00
  0.1668E+00  0.0000E+00
  0.1613E+00  0.0000E+00
  0.1698E+00  0.0000E+00
  0.1792E+00  0.0000E+00
 Events:
         681           0
         611           0
         667           0
         645           0
         679           0
         717           0
Warning xbin not returning correct x   1  0.985159E+00  0.999780E+00  0.1507E-01
Warning xbin not returning correct x   1  0.986628E+00  0.999801E+00  0.1507E-01
Warning xbin not returning correct x   1  0.998252E+00  0.999974E+00  0.1507E-01
Warning xbin not returning correct x   1  0.991686E+00  0.999877E+00  0.1507E-01
Warning xbin not returning correct x   1  0.991129E+00  0.999868E+00  0.1507E-01
Warning xbin still not working well. Last message this iteration.
 Iteration  2   Mean: 0.2814E+07 Abs mean: 0.2814E+07   Fluctuation:  0.292E+06   0.189E+10    91.8%
  2    0.2814E+07 0.2814E+07 +- 0.2919E+06      9.28
 Relative summed weights:
  0.1589E+00  0.0000E+00
  0.1217E+00  0.0000E+00
  0.1578E+00  0.0000E+00
  0.2011E+00  0.0000E+00
  0.1502E+00  0.0000E+00
  0.2102E+00  0.0000E+00
 Relative number of events:
  0.1595E+00  0.0000E+00
  0.1706E+00  0.0000E+00
  0.1665E+00  0.0000E+00
  0.1714E+00  0.0000E+00
  0.1649E+00  0.0000E+00
  0.1671E+00  0.0000E+00
 Events:
        1276           0
        1365           0
        1332           0
        1371           0
        1319           0
        1337           0
 Iteration  3   Mean: 0.5234E+08 Abs mean: 0.5234E+08   Fluctuation:  0.221E+08   0.293E+12   100.0%
  3    0.5234E+08 0.5234E+08 +- 0.2214E+08     53.51
 Relative summed weights:
  0.8166E-01  0.0000E+00
  0.7934E-01  0.0000E+00
  0.4442E-01  0.0000E+00
  0.1102E+00  0.0000E+00
  0.2664E+00  0.0000E+00
  0.4180E+00  0.0000E+00
 Relative number of events:
  0.1688E+00  0.0000E+00
  0.1673E+00  0.0000E+00
  0.1703E+00  0.0000E+00
  0.1656E+00  0.0000E+00
  0.1618E+00  0.0000E+00
  0.1663E+00  0.0000E+00
 Events:
        2700           0
        2676           0
        2724           0
        2650           0
        2589           0
        2661           0
 Found         1935  events.
 Wrote            4  events.
 Actual xsec    7311920.4038519999     
 Correct abs xsec    7311920.4038519999     
 Event xsec    7311920.4038520008     
 Events wgts > 1:            1
 % Cross section > 1:   0.40464739268645644       5.53407819474188606E-006
 Checking number of events   306.37677684180261                4  chi2:    123.15256713415860     
 Found         1935  events.
 Wrote            4  events.
 Actual xsec    7311920.4038519999     
 Correct abs xsec    7311920.4038519999     
 Event xsec    7311920.4038520008     
 Events wgts > 1:            1
 % Cross section > 1:   0.40464739268645644       5.53407819474188606E-006
 Iteration  4   Mean: 0.6354E+08 Abs mean: 0.6354E+08   Fluctuation:  0.121E+08   0.255E+12   100.0%
  4    0.6354E+08 0.6354E+08 +- 0.1210E+08     34.06
 Relative summed weights:
  0.1100E+00  0.0000E+00
  0.1428E+00  0.0000E+00
  0.2764E+00  0.0000E+00
  0.1261E+00  0.0000E+00
  0.7973E-01  0.0000E+00
  0.2650E+00  0.0000E+00
 Relative number of events:
  0.1655E+00  0.0000E+00
  0.1642E+00  0.0000E+00
  0.1681E+00  0.0000E+00
  0.1677E+00  0.0000E+00
  0.1687E+00  0.0000E+00
  0.1658E+00  0.0000E+00
 Events:
        5297           0
