 Process in group number            0
 No PDF is used, alpha_s(MZ) from param_card is used
 Value of alpha_s from param_card:   0.11800000071525575     
 The default order of alpha_s running is fixed to            2
 *****************************************************
 *               MadGraph/MadEvent                   *
 *        --------------------------------           *
 *          http://madgraph.hep.uiuc.edu             *
 *          http://madgraph.phys.ucl.ac.be           *
 *          http://madgraph.roma2.infn.it            *
 *        --------------------------------           *
 *                                                   *
 *          PARAMETER AND COUPLING VALUES            *
 *                                                   *
 *****************************************************

  External Params
  ---------------------------------
  
 aEWM1 =    132.50700378417969     
 mdl_Gf =   1.16639000000000003E-005
 aS =   0.11800000071525575     
 mdl_ymb =    4.6999998092651367     
 mdl_ymt =    173.00000000000000     
 mdl_yme =   5.10999991092830896E-004
 mdl_ymm =   0.10565999895334244     
 mdl_ymtau =    1.7769999504089355     
 mdl_MZ =    91.188003540039063     
 mdl_MT =    173.00000000000000     
 mdl_MB =    4.6999998092651367     
 mdl_MH =    125.00000000000000     
 mdl_Me =   5.10999991092830896E-004
 mdl_MM =   0.10565999895334244     
 mdl_MTA =    1.7769999504089355     
 mdl_WZ =    2.4414041042327881     
 mdl_WW =    2.0476000308990479     
 mdl_WT =    1.4915000200271606     
 mdl_WH =   6.38233916833996773E-003
 mdl_WTau =   2.26999999999999982E-012
  Internal Params
  ---------------------------------
  
 mdl_conjg__CKM3x3 =    1.0000000000000000     
 mdl_CKM3x3 =    1.0000000000000000     
 mdl_conjg__CKM1x1 =    1.0000000000000000     
 mdl_complexi =  (  0.0000000000000000     ,  1.0000000000000000     )
 mdl_MZ__exp__2 =    8315.2519896181766     
 mdl_MZ__exp__4 =    69143415.650849044     
 mdl_sqrt__2 =    1.4142135623730951     
 mdl_MH__exp__2 =    15625.000000000000     
 mdl_aEW =   7.54677089845565054E-003
 mdl_MW =    80.419007276179556     
 mdl_sqrt__aEW =   8.68721526063194194E-002
 mdl_ee =   0.30795376284704501     
 mdl_MW__exp__2 =    6467.2167312862202     
 mdl_sw2 =   0.22224645274001076     
 mdl_cw =   0.88190336616887299     
 mdl_sqrt__sw2 =   0.47143022043565552     
 mdl_sw =   0.47143022043565552     
 mdl_g1 =   0.34919218438279087     
 mdl_gw =   0.65323296958447097     
 mdl_vev =    246.21845810181631     
 mdl_vev__exp__2 =    60623.529110035874     
 mdl_lam =   0.12886910601690271     
 mdl_yb =   2.69955531549349904E-002
 mdl_ye =   2.93504850670934038E-006
 mdl_ym =   6.06883028478528356E-004
 mdl_yt =   0.99366614581500645     
 mdl_ytau =   1.02066167158167895E-002
 mdl_muH =    88.388347648318444     
 mdl_I1x33 =  ( 2.69955531549349904E-002,  0.0000000000000000     )
 mdl_I2x33 =  ( 0.99366614581500645     ,  0.0000000000000000     )
 mdl_I3x33 =  ( 0.99366614581500645     ,  0.0000000000000000     )
 mdl_I4x33 =  ( 2.69955531549349904E-002,  0.0000000000000000     )
 mdl_ee__exp__2 =   9.48355200516540348E-002
 mdl_sw__exp__2 =   0.22224645274001076     
 mdl_cw__exp__2 =   0.77775354725998924     
  Internal Params evaluated point by point
  ----------------------------------------
  
 mdl_sqrt__aS =   0.34351128178744839     
 mdl_G__exp__2 =    1.4828317414825511     
  Couplings of sm-lepton_masses
  ---------------------------------
  
         GC_3 =  -0.00000E+00  -0.30795E+00
        GC_50 =  -0.00000E+00  -0.28804E+00
        GC_59 =   0.00000E+00   0.82310E-01
        GC_89 =  -0.00000E+00  -0.20754E-05

 Collider parameters:
 --------------------

 Running at e e   machine @   7.00000000000000067E-002  GeV
 PDF set = none   
 alpha_s(Mz)= 0.1180 running at 2 loops.
 alpha_s(Mz)= 0.1180 running at 2 loops.
 Renormalization scale fixed @    91.188000000000002     
 Factorization scales  fixed @    91.188000000000002        91.188000000000002     


 getting user params
Enter number of events and max and min iterations: 
 Number of events and iterations         1000           9           3
Enter desired fractional accuracy: 
 Desired fractional accuracy:  -4.17719999999999991E-053
Enter 0 for fixed, 2 for adjustable grid: 
Suppress amplitude (0 no, 1 yes)? 
 Using suppressed amplitude.
Exact helicity sum (0 yes, n = number/event)? 
 Explicitly summing over helicities
Enter Configuration Number: 
Running Configuration Number:    4
 Not subdividing B.W.
 Attempting mappinvarients           1           4
 Completed mapping           4
 about to integrate            2        1000           9           3           2           1
 Keeping grid fixed.
  2 dimensions   1000 events  2 invarients  9 iterations  1 config(s),  (0.99)
 Using h-tuple random number sequence.
 Grid read from file
 Grid defined OK
 Set CM energy to          0.07
 Mapping Graph           4  to config           4
 No modification is setgrid, grid read from file
 Masses: 0.511E-03 0.511E-03 0.511E-03 0.511E-03
   4   1   2
 Got moffset          15
Using random seed offsets     4 :      1
  with seed                   30
 Ranmar initialization seeds        8295       26679
  Particle       3       4
      Et >     0.0     0.0
       E >     0.0     0.0
     Eta <    -1.0    -1.0
   xqcut:      0.0     0.0
d R # 3  >    -0.0     0.4
s min # 3>     0.0     0.0
xqcutij # 3>     0.0     0.0
 alpha_s for scale    91.188000000000002       is   0.11800000071525575     
 Added good helicity            1   4.0000000000027791       in event            1
 Added good helicity            6   3.9999999999972209       in event            1
 Added good helicity           11   3.9999999999972209       in event            1
 Added good helicity           16   4.0000000000027791       in event            1
 Error in matrix element
 Error in matrix element
 Iteration  1   Mean: 0.3484E+52 Abs mean: 0.3484E+52   Fluctuation:  0.211E+52   0.195E+55    99.8%
  1    0.3484E+52 0.3484E+52 +- 0.2109E+52     19.14
 Writing out events  3.87852029096172602E+047   19.142548406776669     
 Relative summed weights:
  0.1000E+01  0.0000E+00
 Relative number of events:
  0.1000E+01  0.0000E+00
 Events:
        1000           0
 Iteration  2   Mean: 0.1572E+56 Abs mean: 0.1572E+56   Fluctuation:  0.149E+56   0.297E+59   100.0%
  2    0.1572E+56 0.1572E+56 +- 0.1488E+56     42.35
 Relative summed weights:
  0.1000E+01  0.0000E+00
 Relative number of events:
  0.1000E+01  0.0000E+00
 Events:
        2000           0
 Iteration  3   Mean: 0.1443E+56 Abs mean: 0.1443E+56   Fluctuation:  0.143E+56   0.573E+59   100.0%
  3    0.1443E+56 0.1443E+56 +- 0.1433E+56     62.82
 Relative summed weights:
  0.1000E+01  0.0000E+00
 Relative number of events:
  0.1000E+01  0.0000E+00
 Events:
        4000           0
 Found            7  events.
 Wrote            1  events.
 Actual xsec   6.62059395526069342E+054
 Correct abs xsec   6.62059395526069342E+054
 Event xsec   6.62059395526069342E+054
 Events wgts > 1:            1
 % Cross section > 1:   4.38435729477967952E+047  6.62230205387522542E-006
 Checking number of events   276.55545069914967                1  chi2:    4922951.4892204171     
 Found            7  events.
 Wrote            1  events.
 Actual xsec   6.62059395526069342E+054
 Correct abs xsec   6.62059395526069342E+054
 Event xsec   6.62059395526069342E+054
 Events wgts > 1:            1
 % Cross section > 1:   4.38435729477967952E+047  6.62230205387522542E-006
 Iteration  4   Mean: 0.1384E+56 Abs mean: 0.1384E+56   Fluctuation:  0.130E+56   0.104E+60   100.0%
  4    0.1384E+56 0.1384E+56 +- 0.1302E+56     84.11
 Relative summed weights:
  0.1000E+01  0.0000E+00
 Relative number of events:
  0.1000E+01  0.0000E+00
 Events:
        8000           0
 Found           11  events.
 Wrote            1  events.
 Actual xsec   1.46671140321364071E+055
 Correct abs xsec   1.46671140321364071E+055
 Event xsec   1.46671140321364071E+055
 Events wgts > 1:            0
 % Cross section > 1:    0.0000000000000000        0.0000000000000000     
 Checking number of events   612.67468735040200                1  chi2:   4.62485185258412149E-003
 Found           11  events.
 Wrote            1  events.
 Actual xsec   1.46671140321364071E+055
 Correct abs xsec   1.46671140321364071E+055
 Event xsec   1.46671140321364071E+055
 Events wgts > 1:            0
 % Cross section > 1:    0.0000000000000000        0.0000000000000000     
 Error in matrix element
 Error in matrix element
 Iteration  5   Mean: 0.3457E+56 Abs mean: 0.3457E+56   Fluctuation:  0.229E+56   0.337E+60   100.0%
  5    0.3457E+56 0.3457E+56 +- 0.2293E+56     83.93
 Relative summed weights:
  0.1000E+01  0.0000E+00
 Relative number of events:
  0.1000E+01  0.0000E+00
 Events:
       16000           0
 Found           23  events.
 Wrote            1  events.
 Actual xsec   2.46376058990365587E+055
 Correct abs xsec   2.46376058990365587E+055
 Event xsec   2.46376058990365587E+055
 Events wgts > 1:            1
 % Cross section > 1:   2.09505180512119439E+048  8.50347153739933831E-006
 Checking number of events   1029.1620736145551                1  chi2:   0.69095051429204501     
 Found           23  events.
 Wrote            3  events.
 Actual xsec   2.46376058990365587E+055
 Correct abs xsec   2.46376058990365587E+055
 Event xsec   2.46376058990365587E+055
 Events wgts > 1:            1
 % Cross section > 1:   6.98350641179819360E+047  2.83449067267988092E-006
 Error in matrix element
 Error in matrix element
 Error in matrix element
 Error in matrix element
 Error in matrix element
 Iteration  6   Mean: 0.1717E+57 Abs mean: 0.1717E+57   Fluctuation:  0.945E+56   0.273E+61   100.0%
  6    0.1717E+57 0.1717E+57 +- 0.9447E+56     98.45
 Relative summed weights:
  0.1000E+01  0.0000E+00
 Relative number of events:
  0.1000E+01  0.0000E+00
 Events:
       32000           0
 Found           29  events.
 Wrote            3  events.
 Actual xsec   9.85876318437772972E+055
 Correct abs xsec   9.85876318437772972E+055
 Event xsec   9.85876318437772754E+055
 Events wgts > 1:            1
 % Cross section > 1:   9.08919992726980308E+047  9.21941196606955599E-007
 Checking number of events   4118.2025573782648                3  chi2:    25.381230938951468     
 Found           29  events.
 Wrote            3  events.
 Actual xsec   9.85876318437772972E+055
 Correct abs xsec   9.85876318437772972E+055
 Event xsec   9.85876318437772972E+055
 Events wgts > 1:            1
 % Cross section > 1:   9.08919992726980308E+047  9.21941196606955494E-007
 Error in matrix element
 Error in matrix element
 Error in matrix element
 Error in matrix element
 Error in matrix element
 Error in matrix element
 Iteration  7   Mean: 0.2975E+56 Abs mean: 0.2975E+56   Fluctuation:  0.150E+56   0.864E+60   100.0%
  7    0.2975E+56 0.2975E+56 +- 0.1496E+56    127.19
 Relative summed weights:
  0.1000E+01  0.0000E+00
 Relative number of events:
  0.1000E+01  0.0000E+00
 Events:
       64000           0
 Found           34  events.
 Wrote            1  events.
 Actual xsec   8.00666398919228199E+055
 Correct abs xsec   8.00666398919228199E+055
 Event xsec   8.00666398919228199E+055
 Events wgts > 1:            1
 % Cross section > 1:   1.09523010391279717E+045  1.36789817256123523E-009
 Checking number of events   3344.5436815653998                1  chi2:    8.0948783804732525     
 Found           34  events.
 Wrote            1  events.
 Actual xsec   8.00666398919228199E+055
 Correct abs xsec   8.00666398919228199E+055
 Event xsec   8.00666398919228199E+055
 Events wgts > 1:            1
 % Cross section > 1:   1.09523010391279717E+045  1.36789817256123523E-009
 Error in matrix element
 Error in matrix element
 Error in matrix element
 Error in matrix element
 Error in matrix element
 Error in matrix element
 Error in matrix element
 Error in matrix element
 Error in matrix element
 Error in matrix element
 Error in matrix element
 Iteration  8   Mean: 0.1479E+57 Abs mean: 0.1479E+57   Fluctuation:  0.471E+56   0.355E+61   100.0%
  8    0.1479E+57 0.1479E+57 +- 0.4706E+56    113.86
 Relative summed weights:
  0.1000E+01  0.0000E+00
 Relative number of events:
  0.1000E+01  0.0000E+00
 Events:
      128000           0
 Found          111  events.
 Wrote            6  events.
 Actual xsec   1.25172458970892165E+056
 Correct abs xsec   1.25172458970892165E+056
 Event xsec   1.25172458970892165E+056
 Events wgts > 1:            1
 % Cross section > 1:   1.30038572769891158E+048  1.03887527527225916E-006
 Checking number of events   5228.7039561321071                6  chi2:    20.582772695056910     
 Found          111  events.
 Wrote            4  events.
 Actual xsec   1.25172458970892165E+056
 Correct abs xsec   1.25172458970892165E+056
 Event xsec   1.25172458970892165E+056
 Events wgts > 1:            1
 % Cross section > 1:   1.95057858338159056E+048  1.55831290638396892E-006
 Error in matrix element
 Error in matrix element
 Error in matrix element
 Error in matrix element
 Error in matrix element
 Error in matrix element
 Error in matrix element
 Error in matrix element
 Error in matrix element
 Error in matrix element
 Error in matrix element
 Error in matrix element
 Error in matrix element
 Error in matrix element
 Error in matrix element
 Error in matrix element
 Error in matrix element
 Iteration  9   Mean: 0.1301E+57 Abs mean: 0.1301E+57   Fluctuation:  0.278E+56   0.355E+61   100.0%
  9    0.1301E+57 0.1301E+57 +- 0.2782E+56    108.21
 Relative summed weights:
  0.1000E+01  0.0000E+00
 Relative number of events:
  0.1000E+01  0.0000E+00
 Events:
      256000           0
 Found          154  events.
 Wrote            7  events.
 Actual xsec   1.23884975591324694E+056
 Correct abs xsec   1.23884975591324694E+056
 Event xsec   1.23884975591324694E+056
 Events wgts > 1:            1
 % Cross section > 1:   2.44758039269808929E+048  1.97568783544199705E-006
 Checking number of events   5174.9232004008154                7  chi2:    19.954820203654336     
 Found          154  events.
 Wrote            9  events.
 Actual xsec   1.23884975591324694E+056
 Correct abs xsec   1.23884975591324694E+056
 Event xsec   1.23884975591324694E+056
 Events wgts > 1:            1
 % Cross section > 1:   1.90367364814185023E+048  1.53664610180151581E-006

 -------------------------------------------------------------------------------
 Accumulated results:   Integral =   +Infinity
                        Std dev  =   +Infinity
                       Cross sec =   +Infinity
             Chi**2 per DoF.     =      1.4556
 -------------------------------------------------------------------------------
-------------------------------------------------
---------------------------
 Results Last   3 iters: Integral =   0.1239E+57
                     Abs integral =   0.1239E+57
                          Std dev =   0.2074E+56
                  Chi**2 per DoF. =     19.9548
-------------------------------------------------
---------------------------
 Status -4.17719999999999991E-053          10           9
 Trying w/ fresh grid
 Starting w/ ncall =         4000
 Keeping grid fixed.
  2 dimensions   4000 events  2 invarients  8 iterations  1 config(s),  (0.99)
 Using h-tuple random number sequence.
 Error opening grid
 Using Uniform Grid!
 Using uniform alpha   1.0000000000000000     
 Grid defined OK
Setting grid   1    0.53290E-04   1
 Iteration  1   Mean: 0.4745E+28 Abs mean: 0.4745E+28   Fluctuation:  0.324E+28   0.119E+32   100.0%
  1    0.4745E+28 0.4745E+28 +- 0.3240E+28     43.19
 Relative summed weights:
  0.1000E+01  0.0000E+00
 Relative number of events:
  0.1000E+01  0.0000E+00
 Events:
        4000           0
 Iteration  2   Mean: 0.1351E+35 Abs mean: 0.1351E+35   Fluctuation:  0.133E+35   0.107E+39   100.0%
  2    0.1351E+35 0.1351E+35 +- 0.1333E+35     88.25
 Relative summed weights:
  0.1000E+01  0.0000E+00
 Relative number of events:
  0.1000E+01  0.0000E+00
 Events:
        8000           0
 Iteration  3   Mean: 0.9480E+39 Abs mean: 0.9480E+39   Fluctuation:  0.931E+39   0.149E+44   100.0%
  3    0.9480E+39 0.9480E+39 +- 0.9310E+39    124.22
 Relative summed weights:
  0.1000E+01  0.0000E+00
 Relative number of events:
  0.1000E+01  0.0000E+00
 Events:
       16000           0
 Found           86  events.
 Wrote            1  events.
 Actual xsec   2.33538190768192396E+038
 Correct abs xsec   2.33538190768192396E+038
 Event xsec   2.33538190768192396E+038
 Events wgts > 1:            0
 % Cross section > 1:    0.0000000000000000        0.0000000000000000     
 Checking number of events  9.75535730476893289E-015           1  chi2:   2.59767017033727633E+021
 Found           86  events.
 Wrote            1  events.
 Actual xsec   2.33538190768192396E+038
 Correct abs xsec   2.33538190768192396E+038
 Event xsec   2.33538190768192396E+038
 Events wgts > 1:            0
 % Cross section > 1:    0.0000000000000000        0.0000000000000000     
 Iteration  4   Mean: 0.2936E+43 Abs mean: 0.2936E+43   Fluctuation:  0.251E+43   0.798E+47   100.0%
  4    0.2936E+43 0.2936E+43 +- 0.2507E+43    152.74
 Relative summed weights:
  0.1000E+01  0.0000E+00
 Relative number of events:
  0.1000E+01  0.0000E+00
 Events:
       32000           0
 Found           84  events.
 Wrote            1  events.
 Actual xsec   1.17242999479205141E+042
 Correct abs xsec   1.17242999479205141E+042
 Event xsec   1.17242999479205141E+042
 Events wgts > 1:            0
 % Cross section > 1:    0.0000000000000000        0.0000000000000000     
 Checking number of events  4.89747457424535677E-011           1  chi2:    3868637739446018.5     
 Found           84  events.
 Wrote            1  events.
 Actual xsec   1.17242999479205141E+042
 Correct abs xsec   1.17242999479205141E+042
 Event xsec   1.17242999479205141E+042
 Events wgts > 1:            0
 % Cross section > 1:    0.0000000000000000        0.0000000000000000     
 Iteration  5   Mean: 0.2995E+54 Abs mean: 0.2995E+54   Fluctuation:  0.299E+54   0.192E+59   100.0%
  5    0.2995E+54 0.2995E+54 +- 0.2992E+54    252.81
 Relative summed weights:
  0.1000E+01  0.0000E+00
 Relative number of events:
  0.1000E+01  0.0000E+00
 Events:
       64000           0
 Found          229  events.
 Wrote            1  events.
 Actual xsec   8.79393576304070515E+052
 Correct abs xsec   8.79393576304070515E+052
 Event xsec   8.79393576304070515E+052
 Events wgts > 1:            1
 % Cross section > 1:   5.29621409549521808E+044  6.02257537262693246E-007
 Checking number of events   3.6734028469373632                1  chi2:   4.46117672264112349E+027
 Found          229  events.
 Wrote            1  events.
 Actual xsec   8.79393576304070515E+052
 Correct abs xsec   8.79393576304070515E+052
 Event xsec   8.79393576304070515E+052
 Events wgts > 1:            1
 % Cross section > 1:   5.29621409549521808E+044  6.02257537262693246E-007
 Fixing grid
 Iteration  6   Mean: 0.1646E+56 Abs mean: 0.1646E+56   Fluctuation:  0.163E+56   0.209E+61   100.0%
  6    0.1646E+56 0.1646E+56 +- 0.1635E+56    355.24
 Relative summed weights:
  0.1000E+01  0.0000E+00
 Relative number of events:
  0.1000E+01  0.0000E+00
 Events:
      128000           0
 Found           12  events.
 Wrote            1  events.
 Actual xsec   5.01842113078859443E+054
 Correct abs xsec   5.01842113078859443E+054
 Event xsec   5.01842113078859375E+054
 Events wgts > 1:            0
 % Cross section > 1:    0.0000000000000000        0.0000000000000000     
 Checking number of events   209.62948747530118                1  chi2:   2.00368819159718254E+024
 Found           12  events.
 Wrote            1  events.
 Actual xsec   5.01842113078859443E+054
 Correct abs xsec   5.01842113078859443E+054
 Event xsec   5.01842113078859375E+054
 Events wgts > 1:            0
 % Cross section > 1:    0.0000000000000000        0.0000000000000000     
 Error in matrix element
 Error in matrix element
 Error in matrix element
 Error in matrix element
 Iteration  7   Mean: 0.8285E+55 Abs mean: 0.8285E+55   Fluctuation:  0.817E+55   0.209E+61   100.0%
  7    0.8285E+55 0.8285E+55 +- 0.8174E+55    499.18
 Relative summed weights:
  0.1000E+01  0.0000E+00
 Relative number of events:
  0.1000E+01  0.0000E+00
 Events:
      256000           0
 Found           10  events.
 Wrote            1  events.
 Actual xsec   8.38345412852180463E+054
 Correct abs xsec   8.38345412852180463E+054
 Event xsec   8.38345412852180463E+054
 Events wgts > 1:            1
 % Cross section > 1:   1.41078948685710436E+047  1.68282603474548831E-006
 Checking number of events   350.19364585661282                1  chi2:    365.01468822284204     
 Found           10  events.
 Wrote            1  events.
 Actual xsec   8.38345412852180463E+054
 Correct abs xsec   8.38345412852180463E+054
 Event xsec   8.38345412852180463E+054
 Events wgts > 1:            1
 % Cross section > 1:   1.41078948685710436E+047  1.68282603474548831E-006
 Iteration  8   Mean: 0.5268E+55 Abs mean: 0.5268E+55   Fluctuation:  0.422E+55   0.209E+61   100.0%
  8    0.5268E+55 0.5268E+55 +- 0.4217E+55    572.71
 Relative summed weights:
  0.1000E+01  0.0000E+00
 Relative number of events:
  0.1000E+01  0.0000E+00
 Events:
      512000           0
 Found           20  events.
 Wrote            1  events.
 Actual xsec   1.17003729655419850E+056
 Correct abs xsec   1.17003729655419850E+056
 Event xsec   1.17003729655419850E+056
 Events wgts > 1:            1
 % Cross section > 1:   1.73116512951039241E+049  1.47958115062548467E-005
 Checking number of events   387.67169606566205                1  chi2:   0.55669467506628600     
 Found           20  events.
 Wrote            1  events.
 Actual xsec   1.17003729655419850E+056
 Correct abs xsec   1.17003729655419850E+056
 Event xsec   1.17003729655419850E+056
 Events wgts > 1:            1
 % Cross section > 1:   1.73116512951039241E+049  1.47958115062548467E-005

 -------------------------------------------------------------------------------
 Accumulated results:   Integral =   +Infinity
                        Std dev  =   +Infinity
                       Cross sec =   +Infinity
             Chi**2 per DoF.     =      3.6085
 -------------------------------------------------------------------------------
-------------------------------------------------
---------------------------
 Results Last   3 iters: Integral =   0.9281E+55
                     Abs integral =   0.9281E+55
                         Std dev =   0.4890E+55
                 Chi**2 per DoF. =      0.5567
-------------------------------------------------
---------------------------

ls status:
events.lhe
ftn25
ftn26
input_sg.txt
log.txt
moffset.dat
results.dat
run1_app.log
