 Process in group number            0
 No PDF is used, alpha_s(MZ) from param_card is used
 Value of alpha_s from param_card:   0.11800000071525575     
 The default order of alpha_s running is fixed to            2
 *****************************************************
 *               MadGraph/MadEvent                   *
 *        --------------------------------           *
 *          http://madgraph.hep.uiuc.edu             *
 *          http://madgraph.phys.ucl.ac.be           *
 *          http://madgraph.roma2.infn.it            *
 *        --------------------------------           *
 *                                                   *
 *          PARAMETER AND COUPLING VALUES            *
 *                                                   *
 *****************************************************

  External Params
  ---------------------------------
  
 aEWM1 =    132.50700378417969     
 mdl_Gf =   1.16639000000000003E-005
 aS =   0.11800000071525575     
 mdl_ymb =    4.6999998092651367     
 mdl_ymt =    173.00000000000000     
 mdl_yme =   5.10999991092830896E-004
 mdl_ymm =   0.10565999895334244     
 mdl_ymtau =    1.7769999504089355     
 mdl_MZ =    91.188003540039063     
 mdl_MT =    173.00000000000000     
 mdl_MB =    4.6999998092651367     
 mdl_MH =    125.00000000000000     
 mdl_Me =   5.10999991092830896E-004
 mdl_MM =   0.10565999895334244     
 mdl_MTA =    1.7769999504089355     
 mdl_WZ =    2.4414041042327881     
 mdl_WW =    2.0476000308990479     
 mdl_WT =    1.4915000200271606     
 mdl_WH =   6.38233916833996773E-003
 mdl_WTau =   2.26999999999999982E-012
  Internal Params
  ---------------------------------
  
 mdl_conjg__CKM3x3 =    1.0000000000000000     
 mdl_CKM3x3 =    1.0000000000000000     
 mdl_conjg__CKM1x1 =    1.0000000000000000     
 mdl_complexi =  (  0.0000000000000000     ,  1.0000000000000000     )
 mdl_MZ__exp__2 =    8315.2519896181766     
 mdl_MZ__exp__4 =    69143415.650849044     
 mdl_sqrt__2 =    1.4142135623730951     
 mdl_MH__exp__2 =    15625.000000000000     
 mdl_aEW =   7.54677089845565054E-003
 mdl_MW =    80.419007276179556     
 mdl_sqrt__aEW =   8.68721526063194194E-002
 mdl_ee =   0.30795376284704501     
 mdl_MW__exp__2 =    6467.2167312862202     
 mdl_sw2 =   0.22224645274001076     
 mdl_cw =   0.88190336616887299     
 mdl_sqrt__sw2 =   0.47143022043565552     
 mdl_sw =   0.47143022043565552     
 mdl_g1 =   0.34919218438279087     
 mdl_gw =   0.65323296958447097     
 mdl_vev =    246.21845810181631     
 mdl_vev__exp__2 =    60623.529110035874     
 mdl_lam =   0.12886910601690271     
 mdl_yb =   2.69955531549349904E-002
 mdl_ye =   2.93504850670934038E-006
 mdl_ym =   6.06883028478528356E-004
 mdl_yt =   0.99366614581500645     
 mdl_ytau =   1.02066167158167895E-002
 mdl_muH =    88.388347648318444     
 mdl_I1x33 =  ( 2.69955531549349904E-002,  0.0000000000000000     )
 mdl_I2x33 =  ( 0.99366614581500645     ,  0.0000000000000000     )
 mdl_I3x33 =  ( 0.99366614581500645     ,  0.0000000000000000     )
 mdl_I4x33 =  ( 2.69955531549349904E-002,  0.0000000000000000     )
 mdl_ee__exp__2 =   9.48355200516540348E-002
 mdl_sw__exp__2 =   0.22224645274001076     
 mdl_cw__exp__2 =   0.77775354725998924     
  Internal Params evaluated point by point
  ----------------------------------------
  
 mdl_sqrt__aS =   0.34351128178744839     
 mdl_G__exp__2 =    1.4828317414825511     
  Couplings of sm-lepton_masses
  ---------------------------------
  
         GC_3 =  -0.00000E+00  -0.30795E+00
        GC_50 =  -0.00000E+00  -0.28804E+00
        GC_59 =   0.00000E+00   0.82310E-01
        GC_89 =  -0.00000E+00  -0.20754E-05

 Collider parameters:
 --------------------

 Running at e e   machine @   7.14879999999999960E-002  GeV
 PDF set = none   
 alpha_s(Mz)= 0.1180 running at 2 loops.
 alpha_s(Mz)= 0.1180 running at 2 loops.
 Renormalization scale fixed @    91.188000000000002     
 Factorization scales  fixed @    91.188000000000002        91.188000000000002     


 getting user params
Enter number of events and max and min iterations: 
 Number of events and iterations         2000           9           3
Enter desired fractional accuracy: 
 Desired fractional accuracy:  -1.48059999999999988E-004
Enter 0 for fixed, 2 for adjustable grid: 
Suppress amplitude (0 no, 1 yes)? 
 Using suppressed amplitude.
Exact helicity sum (0 yes, n = number/event)? 
 Explicitly summing over helicities
Enter Configuration Number: 
Running Configuration Number:    1
 Not subdividing B.W.
 Attempting mappinvarients           1           5
 Completed mapping           5
 about to integrate            5        2000           9           3           5           1
 Using non-zero grid deformation.
  5 dimensions   2000 events  5 invarients  9 iterations  1 config(s),  (0.99)
 Using h-tuple random number sequence.
 Error opening grid
 Using Uniform Grid!
 Using uniform alpha   1.0000000000000000     
 Grid defined OK
 Set CM energy to          0.07
 Mapping Graph           1  to config           1
Setting grid   1    0.51095E-04   1
Setting grid   2    0.20438E-03   1
 Masses: 0.511E-03 0.511E-03 0.000E+00 0.511E-03 0.511E-03
   1   1   2   3   4   5
 Got moffset           1
Using random seed offsets     1 :      1
  with seed                   69
 Ranmar initialization seeds       25752       12602
  Particle       3       4       5
      Et >     0.0     0.0     0.0
       E >     0.0     0.0     0.0
     Eta <    -1.0    -1.0    -1.0
   xqcut:      0.0     0.0     0.0
d R # 3  >    -0.0     0.0     0.0
d R # 4  >    -0.0    -0.0     0.0
s min # 3>     0.0     0.0     0.0
s min # 4>     0.0     0.0     0.0
xqcutij # 3>     0.0     0.0     0.0
xqcutij # 4>     0.0     0.0     0.0
 alpha_s for scale    91.188000000000002       is   0.11800000071525575     
 Added good helicity            1   6.3372079488578752       in event            1
 Added good helicity            2  1.68884492720430906E-006  in event            1
 Added good helicity            3  1.22999296752626121E-003  in event            1
 Added good helicity            5   2.3016938261543030       in event            1
 Added good helicity            6  1.39764902642431135E-006  in event            1
 Added good helicity            7  2.10216046886348449E-005  in event            1
 Added good helicity            9  4.00999083451803364E-006  in event            1
 Added good helicity           10   5.1944265045482210       in event            1
 Added good helicity           11  1.81645151268271746E-005  in event            1
 Added good helicity           12  1.65542779793474400E-003  in event            1
 Added good helicity           13  1.60103565442845061E-006  in event            1
 Added good helicity           14   2.1637162059467103       in event            1
 Added good helicity           15  1.49845494659865596E-006  in event            1
 Added good helicity           16  2.06896527513714499E-005  in event            1
 Added good helicity           17  2.06896528713069852E-005  in event            1
 Added good helicity           18  1.49845495294669145E-006  in event            1
 Added good helicity           19   2.1637162182499874       in event            1
 Added good helicity           20  1.60103563888819335E-006  in event            1
 Added good helicity           21  1.65542778811903109E-003  in event            1
 Added good helicity           22  1.81645150483117063E-005  in event            1
 Added good helicity           23   5.1944265334602138       in event            1
 Added good helicity           24  4.00999085736725476E-006  in event            1
 Added good helicity           26  2.10216046361070115E-005  in event            1
 Added good helicity           27  1.39764904382700199E-006  in event            1
 Added good helicity           28   2.3016938260802950       in event            1
 Added good helicity           30  1.22999295122547194E-003  in event            1
 Added good helicity           31  1.68884499782618079E-006  in event            1
 Added good helicity           32   6.3372079490613045       in event            1
 Added good helicity            4  1.50497337715836767E-005  in event            7
 Added good helicity           29  1.50497400368296705E-005  in event            7
 Iteration  1   Mean: 0.2138E+07 Abs mean: 0.2138E+07   Fluctuation:  0.200E+06   0.147E+09    98.5%
  1    0.2138E+07 0.2138E+07 +- 0.2005E+06      4.19
 Writing out events   120.58754320946937        4.1921959752927229     
 Relative summed weights:
  0.5144E+00  0.0000E+00
  0.4856E+00  0.0000E+00
 Relative number of events:
  0.5080E+00  0.0000E+00
  0.4920E+00  0.0000E+00
 Events:
        1016           0
         984           0
 Iteration  2   Mean: 0.2478E+07 Abs mean: 0.2478E+07   Fluctuation:  0.232E+06   0.832E+09    97.9%
  2    0.2478E+07 0.2478E+07 +- 0.2316E+06      5.91
 Relative summed weights:
  0.5118E+00  0.0000E+00
  0.4882E+00  0.0000E+00
 Relative number of events:
  0.5002E+00  0.0000E+00
  0.4998E+00  0.0000E+00
 Events:
        2001           0
        1999           0
 Iteration  3   Mean: 0.2520E+07 Abs mean: 0.2520E+07   Fluctuation:  0.929E+05   0.337E+09    97.4%
  3    0.2520E+07 0.2520E+07 +- 0.9292E+05      3.30
 Relative summed weights:
  0.4793E+00  0.0000E+00
  0.5207E+00  0.0000E+00
 Relative number of events:
  0.4996E+00  0.0000E+00
  0.5004E+00  0.0000E+00
 Events:
        3997           0
        4003           0
 Found          680  events.
 Wrote           71  events.
 Actual xsec    2469673.2586343489     
 Correct abs xsec    2469673.2586343489     
 Event xsec    2469673.2586343447     
 Events wgts > 1:            1
 % Cross section > 1:    15147.489987714980       0.61333983897493738     
 Checking number of events   365.65982267340166               71  chi2:    1.5098111116765658     
 Found          680  events.
 Wrote           96  events.
 Actual xsec    2469673.2586343489     
 Correct abs xsec    2469673.2586343489     
 Event xsec    2469673.2586343391     
 Events wgts > 1:            1
 % Cross section > 1:    11220.753363469215       0.45434161479620105     
 Iteration  4   Mean: 0.2528E+07 Abs mean: 0.2528E+07   Fluctuation:  0.569E+05   0.472E+09    97.1%
  4    0.2528E+07 0.2528E+07 +- 0.5690E+05      2.85
 Relative summed weights:
  0.4963E+00  0.0000E+00
  0.5037E+00  0.0000E+00
 Relative number of events:
  0.4954E+00  0.0000E+00
  0.5046E+00  0.0000E+00
 Events:
        7927           0
        8073           0
 Found         1500  events.
 Wrote          335  events.
 Actual xsec    2524068.3077752986     
 Correct abs xsec    2524068.3077752986     
 Event xsec    2524068.3077752767     
 Events wgts > 1:            4
 % Cross section > 1:    22911.647098452209       0.90772690374004272     
 Checking number of events   373.71355364921067              335  chi2:   2.38215577318550351E-002
 Found         1500  events.
 Wrote          331  events.
 Actual xsec    2524068.3077752986     
 Correct abs xsec    2524068.3077752986     
 Event xsec    2524068.3077752744     
 Events wgts > 1:            4
 % Cross section > 1:    23185.981620571678       0.91859564771477642     
 Iteration  5   Mean: 0.2504E+07 Abs mean: 0.2504E+07   Fluctuation:  0.351E+05   0.261E+09    96.5%
  5    0.2504E+07 0.2504E+07 +- 0.3507E+05      2.51
 Relative summed weights:
  0.5145E+00  0.0000E+00
  0.4855E+00  0.0000E+00
 Relative number of events:
  0.5017E+00  0.0000E+00
  0.4983E+00  0.0000E+00
 Events:
       16055           0
       15945           0
 Found         3026  events.
 Wrote          997  events.
 Actual xsec    2511494.7140380507     
 Correct abs xsec    2511494.7140380507     
 Event xsec    2511494.7140380768     
 Events wgts > 1:           28
 % Cross section > 1:    24834.821464086428       0.98884625658463188     
 Checking number of events   371.85190736047377              997  chi2:   7.21481938993258909E-002

 -------------------------------------------------------------------------------
 Accumulated results:   Integral =  0.2506E+07
                        Std dev  =  0.2795E+05
                       Cross sec =  0.6614E+00
             Chi**2 per DoF.     =
-------------------------------------------------
---------------------------
 Results Last   3 iters: Integral =   0.2511E+07
                     Abs integral =   0.2511E+07
                          Std dev =   0.2842E+05
                  Chi**2 per DoF. =      0.0721
-------------------------------------------------
---------------------------
 Status -1.48059999999999988E-004           6           9
 We found enough events         997   371.85190736047377     

ls status:
events.lhe
ftn25
ftn26
input_app.txt
input_sg.txt
log.txt
moffset.dat
multijob.dat
results.dat
run_01_log.txt
run_01_results.dat
run_02_log.txt
run_02_results.dat
run_03_log.txt
run_03_results.dat
run1_app.log
