 Process in group number            0
 No PDF is used, alpha_s(MZ) from param_card is used
 Value of alpha_s from param_card:   0.11800000071525575     
 The default order of alpha_s running is fixed to            2
 *****************************************************
 *               MadGraph/MadEvent                   *
 *        --------------------------------           *
 *          http://madgraph.hep.uiuc.edu             *
 *          http://madgraph.phys.ucl.ac.be           *
 *          http://madgraph.roma2.infn.it            *
 *        --------------------------------           *
 *                                                   *
 *          PARAMETER AND COUPLING VALUES            *
 *                                                   *
 *****************************************************

  External Params
  ---------------------------------
  
 aEWM1 =    132.50700378417969     
 mdl_Gf =   1.16639000000000003E-005
 aS =   0.11800000071525575     
 mdl_ymb =    4.6999998092651367     
 mdl_ymt =    173.00000000000000     
 mdl_yme =   5.10999991092830896E-004
 mdl_ymm =   0.10565999895334244     
 mdl_ymtau =    1.7769999504089355     
 mdl_MZ =    91.188003540039063     
 mdl_MT =    173.00000000000000     
 mdl_MB =    4.6999998092651367     
 mdl_MH =    125.00000000000000     
 mdl_Me =   5.10999991092830896E-004
 mdl_MM =   0.10565999895334244     
 mdl_MTA =    1.7769999504089355     
 mdl_WZ =    2.4414041042327881     
 mdl_WW =    2.0476000308990479     
 mdl_WT =    1.4915000200271606     
 mdl_WH =   6.38233916833996773E-003
 mdl_WTau =   2.26999999999999982E-012
  Internal Params
  ---------------------------------
  
 mdl_conjg__CKM3x3 =    1.0000000000000000     
 mdl_CKM3x3 =    1.0000000000000000     
 mdl_conjg__CKM1x1 =    1.0000000000000000     
 mdl_complexi =  (  0.0000000000000000     ,  1.0000000000000000     )
 mdl_MZ__exp__2 =    8315.2519896181766     
 mdl_MZ__exp__4 =    69143415.650849044     
 mdl_sqrt__2 =    1.4142135623730951     
 mdl_MH__exp__2 =    15625.000000000000     
 mdl_aEW =   7.54677089845565054E-003
 mdl_MW =    80.419007276179556     
 mdl_sqrt__aEW =   8.68721526063194194E-002
 mdl_ee =   0.30795376284704501     
 mdl_MW__exp__2 =    6467.2167312862202     
 mdl_sw2 =   0.22224645274001076     
 mdl_cw =   0.88190336616887299     
 mdl_sqrt__sw2 =   0.47143022043565552     
 mdl_sw =   0.47143022043565552     
 mdl_g1 =   0.34919218438279087     
 mdl_gw =   0.65323296958447097     
 mdl_vev =    246.21845810181631     
 mdl_vev__exp__2 =    60623.529110035874     
 mdl_lam =   0.12886910601690271     
 mdl_yb =   2.69955531549349904E-002
 mdl_ye =   2.93504850670934038E-006
 mdl_ym =   6.06883028478528356E-004
 mdl_yt =   0.99366614581500645     
 mdl_ytau =   1.02066167158167895E-002
 mdl_muH =    88.388347648318444     
 mdl_I1x33 =  ( 2.69955531549349904E-002,  0.0000000000000000     )
 mdl_I2x33 =  ( 0.99366614581500645     ,  0.0000000000000000     )
 mdl_I3x33 =  ( 0.99366614581500645     ,  0.0000000000000000     )
 mdl_I4x33 =  ( 2.69955531549349904E-002,  0.0000000000000000     )
 mdl_ee__exp__2 =   9.48355200516540348E-002
 mdl_sw__exp__2 =   0.22224645274001076     
 mdl_cw__exp__2 =   0.77775354725998924     
  Internal Params evaluated point by point
  ----------------------------------------
  
 mdl_sqrt__aS =   0.34351128178744839     
 mdl_G__exp__2 =    1.4828317414825511     
  Couplings of sm-lepton_masses
  ---------------------------------
  
         GC_3 =  -0.00000E+00  -0.30795E+00
        GC_50 =  -0.00000E+00  -0.28804E+00
        GC_59 =   0.00000E+00   0.82310E-01
        GC_89 =  -0.00000E+00  -0.20754E-05

 Collider parameters:
 --------------------

 Running at e e   machine @   7.14879999999999960E-002  GeV
 PDF set = none   
 alpha_s(Mz)= 0.1180 running at 2 loops.
 alpha_s(Mz)= 0.1180 running at 2 loops.
 Renormalization scale fixed @    91.188000000000002     
 Factorization scales  fixed @    91.188000000000002        91.188000000000002     


 getting user params
Enter number of events and max and min iterations: 
 Number of events and iterations         1000           5           3
Enter desired fractional accuracy: 
 Desired fractional accuracy:   0.10000000000000001     
Enter 0 for fixed, 2 for adjustable grid: 
Suppress amplitude (0 no, 1 yes)? 
 Using suppressed amplitude.
Exact helicity sum (0 yes, n = number/event)? 
 Explicitly summing over helicities
Enter Configuration Number: 
Running Configuration Number:    2
 Using dconfig=           2
 BW Setting            2           0           0
 Attempting mappinvarients           1           5
 Completed mapping           5
 about to integrate            5        1000           5           3           5           1
 Using non-zero grid deformation.
  5 dimensions   1000 events  5 invarients  5 iterations  1 config(s),  (0.99)
 Using h-tuple random number sequence.
 Error opening grid
 Using Uniform Grid!
 Using uniform alpha   1.0000000000000000     
 Grid defined OK
 Set CM energy to          0.07
 Mapping Graph           2  to config           2
Setting grid   1    0.51095E-04   1
Setting grid   2    0.20438E-03   1
 Masses: 0.511E-03 0.511E-03 0.000E+00 0.511E-03 0.511E-03
   2   1   2   3   4   5
Using random seed offsets     2 :      1
  with seed                   84
 Ranmar initialization seeds       13957        9461
  Particle       3       4       5
      Et >     0.0     0.0     0.0
       E >     0.0     0.0     0.0
     Eta <    -1.0    -1.0    -1.0
   xqcut:      0.0     0.0     0.0
d R # 3  >    -0.0     0.0     0.0
d R # 4  >    -0.0    -0.0     0.0
s min # 3>     0.0     0.0     0.0
s min # 4>     0.0     0.0     0.0
xqcutij # 3>     0.0     0.0     0.0
xqcutij # 4>     0.0     0.0     0.0
 Excluding BW           -2           1
 alpha_s for scale    91.188000000000002       is   0.11800000071525575     
 Added good helicity            1   6.0428860664669370       in event            1
 Added good helicity            2  1.77989476581235989E-005  in event            1
 Added good helicity            3  5.46759719647177487E-003  in event            1
 Added good helicity            5   3.4840886122253676       in event            1
 Added good helicity            6  1.07628940560476993E-005  in event            1
 Added good helicity            7  1.58862961131510078E-005  in event            1
 Added good helicity            9  1.80354343361074641E-005  in event            1
 Added good helicity           10   4.0633103630209959       in event            1
 Added good helicity           11  2.26075834716227920E-004  in event            1
 Added good helicity           12  3.56157178263819549E-003  in event            1
 Added good helicity           13  1.40950192811173146E-005  in event            1
 Added good helicity           14   2.3998996295494233       in event            1
 Added good helicity           15  4.66948189028344751E-004  in event            1
 Added good helicity           16  1.64015760004302859E-005  in event            1
 Added good helicity           17  1.64015767639800081E-005  in event            1
 Added good helicity           18  4.66948188349445811E-004  in event            1
 Added good helicity           19   2.3998997298533675       in event            1
 Added good helicity           20  1.40950197608779296E-005  in event            1
 Added good helicity           21  3.56157193870373836E-003  in event            1
 Added good helicity           22  2.26075835045449515E-004  in event            1
 Added good helicity           23   4.0633105330230412       in event            1
 Added good helicity           24  1.80354351730279594E-005  in event            1
 Added good helicity           26  1.58862953387429975E-005  in event            1
 Added good helicity           27  1.07628945300105381E-005  in event            1
 Added good helicity           28   3.4840886123051740       in event            1
 Added good helicity           30  5.46759719700939256E-003  in event            1
 Added good helicity           31  1.77989485001817150E-005  in event            1
 Added good helicity           32   6.0428860663403920       in event            1
 Added good helicity            4  1.99141551540032954E-006  in event            2
 Added good helicity           29  1.99141554539755540E-006  in event            2
 Iteration  1   Mean: 0.2486E-27 Abs mean: 0.2486E-27   Fluctuation:  0.352E-28   0.187E-25    99.3%
  1    0.2486E-27 0.2486E-27 +- 0.3522E-28      4.48
 Writing out events  5.00580805774035127E-032   4.4808413765031201     
 Relative summed weights:
  0.7219E+00  0.0000E+00
  0.2781E+00  0.0000E+00
 Relative number of events:
  0.5190E+00  0.0000E+00
  0.4810E+00  0.0000E+00
 Events:
         519           0
         481           0
 Iteration  2   Mean: 0.2711E-27 Abs mean: 0.2711E-27   Fluctuation:  0.202E-28   0.177E-25    98.2%
  2    0.2711E-27 0.2711E-27 +- 0.2017E-28      3.33
 Relative summed weights:
  0.4609E+00  0.0000E+00
  0.5391E+00  0.0000E+00
 Relative number of events:
  0.4895E+00  0.0000E+00
  0.5105E+00  0.0000E+00
 Events:
         979           0
        1021           0
 Iteration  3   Mean: 0.3236E-27 Abs mean: 0.3236E-27   Fluctuation:  0.186E-28   0.280E-25    97.5%
  3    0.3236E-27 0.3236E-27 +- 0.1859E-28      3.63
 Relative summed weights:
  0.4784E+00  0.0000E+00
  0.5216E+00  0.0000E+00
 Relative number of events:
  0.4938E+00  0.0000E+00
  0.5062E+00  0.0000E+00
 Events:
        1975           0
        2025           0
 Accuracy:    0.069   0.100   0.043   2.529
 Finished due to accuracy   6.88473865269986773E-002  0.10000000000000001     

 -------------------------------------------------------------------------------
 Accumulated results:   Integral =  0.2988E-27
                        Std dev  =  0.1294E-28
                       Cross sec =  0.2988E-27
             Chi**2 per DoF.     =      2.5290
 -------------------------------------------------------------------------------
 Found          369  events.
 Wrote           65  events.
 Actual xsec   2.98829374794765601E-028
 Correct abs xsec   2.98829374794765601E-028
 Event xsec   2.98829374794765108E-028
 Events wgts > 1:            3
 % Cross section > 1:   1.87401697980429118E-030  0.62711939918602677     
-------------------------------------------------
---------------------------
 Results Last   3 iters: Integral =   0.2988E-27
                     Abs integral =   0.2988E-27
                          Std dev =   0.1294E-28
                  Chi**2 per DoF. =      2.8572
-------------------------------------------------
---------------------------
 Status  0.10000000000000001                4           5

ls status:
events.lhe
input_app.txt
multijob.dat
results.dat
run_01_log.txt
run_01_results.dat
run_02_log.txt
run_02_results.dat
run_03_log.txt
run_03_results.dat
run1_app.log
