 Process in group number            0
 No PDF is used, alpha_s(MZ) from param_card is used
 Value of alpha_s from param_card:   0.11800000071525575     
 The default order of alpha_s running is fixed to            2
<<<<<<< HEAD
=======
 Warning: pt or E min of a gamma should in general be >0
>>>>>>> 911b5ec345c81b054214c521136984e9d6306827
 *****************************************************
 *               MadGraph/MadEvent                   *
 *        --------------------------------           *
 *          http://madgraph.hep.uiuc.edu             *
 *          http://madgraph.phys.ucl.ac.be           *
 *          http://madgraph.roma2.infn.it            *
 *        --------------------------------           *
 *                                                   *
 *          PARAMETER AND COUPLING VALUES            *
 *                                                   *
 *****************************************************

  External Params
  ---------------------------------
  
 aEWM1 =    132.50700378417969     
 mdl_Gf =   1.16639000000000003E-005
 aS =   0.11800000071525575     
 mdl_ymb =    4.6999998092651367     
 mdl_ymt =    173.00000000000000     
 mdl_yme =   5.10999991092830896E-004
 mdl_ymm =   0.10565999895334244     
 mdl_ymtau =    1.7769999504089355     
 mdl_MZ =    91.188003540039063     
 mdl_MT =    173.00000000000000     
 mdl_MB =    4.6999998092651367     
 mdl_MH =    125.00000000000000     
 mdl_Me =   5.10999991092830896E-004
 mdl_MM =   0.10565999895334244     
 mdl_MTA =    1.7769999504089355     
 mdl_WZ =    2.4414041042327881     
 mdl_WW =    2.0476000308990479     
 mdl_WT =    1.4915000200271606     
 mdl_WH =   6.38233916833996773E-003
 mdl_WTau =   2.26999999999999982E-012
  Internal Params
  ---------------------------------
  
 mdl_conjg__CKM3x3 =    1.0000000000000000     
 mdl_CKM3x3 =    1.0000000000000000     
 mdl_conjg__CKM1x1 =    1.0000000000000000     
 mdl_complexi =  (  0.0000000000000000     ,  1.0000000000000000     )
 mdl_MZ__exp__2 =    8315.2519896181766     
 mdl_MZ__exp__4 =    69143415.650849044     
 mdl_sqrt__2 =    1.4142135623730951     
 mdl_MH__exp__2 =    15625.000000000000     
 mdl_aEW =   7.54677089845565054E-003
 mdl_MW =    80.419007276179556     
 mdl_sqrt__aEW =   8.68721526063194194E-002
 mdl_ee =   0.30795376284704501     
 mdl_MW__exp__2 =    6467.2167312862202     
 mdl_sw2 =   0.22224645274001076     
 mdl_cw =   0.88190336616887299     
 mdl_sqrt__sw2 =   0.47143022043565552     
 mdl_sw =   0.47143022043565552     
 mdl_g1 =   0.34919218438279087     
 mdl_gw =   0.65323296958447097     
 mdl_vev =    246.21845810181631     
 mdl_vev__exp__2 =    60623.529110035874     
 mdl_lam =   0.12886910601690271     
 mdl_yb =   2.69955531549349904E-002
 mdl_ye =   2.93504850670934038E-006
 mdl_ym =   6.06883028478528356E-004
 mdl_yt =   0.99366614581500645     
 mdl_ytau =   1.02066167158167895E-002
 mdl_muH =    88.388347648318444     
 mdl_I1x33 =  ( 2.69955531549349904E-002,  0.0000000000000000     )
 mdl_I2x33 =  ( 0.99366614581500645     ,  0.0000000000000000     )
 mdl_I3x33 =  ( 0.99366614581500645     ,  0.0000000000000000     )
 mdl_I4x33 =  ( 2.69955531549349904E-002,  0.0000000000000000     )
 mdl_ee__exp__2 =   9.48355200516540348E-002
 mdl_sw__exp__2 =   0.22224645274001076     
 mdl_cw__exp__2 =   0.77775354725998924     
  Internal Params evaluated point by point
  ----------------------------------------
  
 mdl_sqrt__aS =   0.34351128178744839     
 mdl_G__exp__2 =    1.4828317414825511     
  Couplings of sm-lepton_masses
  ---------------------------------
  
         GC_3 =  -0.00000E+00  -0.30795E+00
        GC_50 =  -0.00000E+00  -0.28804E+00
        GC_59 =   0.00000E+00   0.82310E-01
        GC_89 =  -0.00000E+00  -0.20754E-05

 Collider parameters:
 --------------------

<<<<<<< HEAD
 Running at e e   machine @   7.14879999999999960E-002  GeV
=======
 Running at e e   machine @   7.00000000000000067E-002  GeV
>>>>>>> 911b5ec345c81b054214c521136984e9d6306827
 PDF set = none   
 alpha_s(Mz)= 0.1180 running at 2 loops.
 alpha_s(Mz)= 0.1180 running at 2 loops.
 Renormalization scale fixed @    91.188000000000002     
 Factorization scales  fixed @    91.188000000000002        91.188000000000002     


 getting user params
Enter number of events and max and min iterations: 
 Number of events and iterations         2000           9           3
Enter desired fractional accuracy: 
<<<<<<< HEAD
 Desired fractional accuracy:  -5.74259999999999987E-006
=======
 Desired fractional accuracy:  -6.26620000000000013E-037
>>>>>>> 911b5ec345c81b054214c521136984e9d6306827
Enter 0 for fixed, 2 for adjustable grid: 
Suppress amplitude (0 no, 1 yes)? 
 Using suppressed amplitude.
Exact helicity sum (0 yes, n = number/event)? 
 Explicitly summing over helicities
Enter Configuration Number: 
Running Configuration Number:   22
 Not subdividing B.W.
 Attempting mappinvarients           1           5
 Completed mapping           5
 about to integrate            5        2000           9           3           5           1
 Using non-zero grid deformation.
  5 dimensions   2000 events  5 invarients  9 iterations  1 config(s),  (0.99)
 Using h-tuple random number sequence.
 Error opening grid
 Using Uniform Grid!
 Using uniform alpha   1.0000000000000000     
 Grid defined OK
 Set CM energy to          0.07
 Mapping Graph          22  to config          22
<<<<<<< HEAD
Setting grid   1    0.51095E-04   1
Setting grid   2    0.51095E-04   1
=======
Setting grid   1    0.53290E-04   1
Setting grid   2    0.53290E-04   1
>>>>>>> 911b5ec345c81b054214c521136984e9d6306827
 Masses: 0.511E-03 0.511E-03 0.000E+00 0.511E-03 0.511E-03
  22   1   2   3   4   5
 Got moffset          25
Using random seed offsets    22 :      1
<<<<<<< HEAD
  with seed                   87
 Ranmar initialization seeds       17634       28227
=======
  with seed                   30
 Ranmar initialization seeds        8313       28168
>>>>>>> 911b5ec345c81b054214c521136984e9d6306827
  Particle       3       4       5
      Et >     0.0     0.0     0.0
       E >     0.0     0.0     0.0
     Eta <    -1.0    -1.0    -1.0
   xqcut:      0.0     0.0     0.0
d R # 3  >    -0.0     0.0     0.0
<<<<<<< HEAD
d R # 4  >    -0.0    -0.0     0.0
=======
d R # 4  >    -0.0    -0.0     0.4
>>>>>>> 911b5ec345c81b054214c521136984e9d6306827
s min # 3>     0.0     0.0     0.0
s min # 4>     0.0     0.0     0.0
xqcutij # 3>     0.0     0.0     0.0
xqcutij # 4>     0.0     0.0     0.0
 alpha_s for scale    91.188000000000002       is   0.11800000071525575     
<<<<<<< HEAD
 Added good helicity            1   5.5492936791842951       in event            1
 Added good helicity            3  2.91976391018791102E-002  in event            1
 Added good helicity            5   2.4667456055698289       in event            1
 Added good helicity           10   5.4773777130281793       in event            1
 Added good helicity           12  2.85728853879209307E-002  in event            1
 Added good helicity           14   2.4488085989980282       in event            1
 Added good helicity           19   2.4488086020737740       in event            1
 Added good helicity           21  2.85728854338629726E-002  in event            1
 Added good helicity           23   5.4773777199041991       in event            1
 Added good helicity           28   2.4667456055692747       in event            1
 Added good helicity           30  2.91976391120974087E-002  in event            1
 Added good helicity           32   5.5492936791855740       in event            1
 Added good helicity            7  9.46549112813073370E-005  in event            2
 Added good helicity            9  1.37900694924306114E-006  in event            2
 Added good helicity           11  1.62574812322674315E-005  in event            2
 Added good helicity           16  9.81498367212938253E-005  in event            2
 Added good helicity           17  9.81498367728518805E-005  in event            2
 Added good helicity           22  1.62574812182271895E-005  in event            2
 Added good helicity           24  1.37900694927811264E-006  in event            2
 Added good helicity           26  9.46549112802308598E-005  in event            2
 Added good helicity            2  2.09980253740605166E-005  in event            3
 Added good helicity            6  8.26689489370180364E-006  in event            3
 Added good helicity           13  5.13484117953453278E-006  in event            3
 Added good helicity           15  1.37077456557261517E-003  in event            3
 Added good helicity           18  1.37077456314442948E-003  in event            3
 Added good helicity           20  5.13484147689183977E-006  in event            3
 Added good helicity           27  8.26689542693648950E-006  in event            3
 Added good helicity           31  2.09980266427761044E-005  in event            3
 Added good helicity            4  4.69349105142649621E-006  in event            5
 Added good helicity           29  4.69349099749907636E-006  in event            5
 Iteration  1   Mean: 0.2514E+10 Abs mean: 0.2514E+10   Fluctuation:  0.171E+09   0.112E+12    83.3%
  1    0.2514E+10 0.2514E+10 +- 0.1706E+09      3.03
 Writing out events   167675.81224907635        3.0340654518219914     
=======
 Added good helicity            1   8.0673177309769599       in event            1
 Added good helicity            2  2.14004101358151230E-003  in event            1
 Added good helicity            3  0.82073941872386513       in event            1
 Added good helicity            5  3.93112545186883689E-005  in event            1
 Added good helicity            7  7.37953079265678609E-006  in event            1
 Added good helicity           10   6.1205387907699995       in event            1
 Added good helicity           11  1.34040957171233072E-004  in event            1
 Added good helicity           12  0.98902621337974383       in event            1
 Added good helicity           14  4.80105828680466097E-005  in event            1
 Added good helicity           16  8.84261401126951482E-006  in event            1
 Added good helicity           17  8.84261401160144501E-006  in event            1
 Added good helicity           19  4.80105828698453485E-005  in event            1
 Added good helicity           21  0.98902621342076835       in event            1
 Added good helicity           22  1.34040957155665745E-004  in event            1
 Added good helicity           23   6.1205387910212989       in event            1
 Added good helicity           26  7.37953079264131249E-006  in event            1
 Added good helicity           28  3.93112545186496832E-005  in event            1
 Added good helicity           30  0.82073941872349554       in event            1
 Added good helicity           31  2.14004101320450961E-003  in event            1
 Added good helicity           32   8.0673177310285809       in event            1
 Added good helicity            4  1.54186095261069795E-005  in event            2
 Added good helicity           13   1.2008504621365510       in event            2
 Added good helicity           15  2.47237520625643402E-006  in event            2
 Added good helicity           18  2.47237520621450378E-006  in event            2
 Added good helicity           20   1.2008504621161857       in event            2
 Added good helicity           29  1.54186095261891248E-005  in event            2
 Added good helicity            6  1.70722896365351712E-006  in event            3
 Added good helicity            9  5.66714084159465328E-006  in event            3
 Added good helicity           24  5.66714088862762050E-006  in event            3
 Added good helicity           27  1.70722899177884676E-006  in event            3
 Iteration  1   Mean: 0.7769E+25 Abs mean: 0.7769E+25   Fluctuation:  0.543E+25   0.872E+28    98.7%
  1    0.7769E+25 0.7769E+25 +- 0.5426E+25     31.23
 Writing out events  4.37456510294915613E+020   31.233464676132151     
>>>>>>> 911b5ec345c81b054214c521136984e9d6306827
 Relative summed weights:
  0.1000E+01  0.0000E+00
 Relative number of events:
  0.1000E+01  0.0000E+00
 Events:
        2000           0
<<<<<<< HEAD
 Iteration  2   Mean: 0.2504E+10 Abs mean: 0.2504E+10   Fluctuation:  0.688E+08   0.505E+11    85.7%
  2    0.2504E+10 0.2504E+10 +- 0.6878E+08      1.74
=======
 Iteration  2   Mean: 0.1104E+31 Abs mean: 0.1104E+31   Fluctuation:  0.996E+30   0.397E+34    98.4%
  2    0.1104E+31 0.1104E+31 +- 0.9955E+30     57.01
>>>>>>> 911b5ec345c81b054214c521136984e9d6306827
 Relative summed weights:
  0.1000E+01  0.0000E+00
 Relative number of events:
  0.1000E+01  0.0000E+00
 Events:
        4000           0
<<<<<<< HEAD
 Iteration  3   Mean: 0.2391E+10 Abs mean: 0.2391E+10   Fluctuation:  0.347E+08   0.232E+11    81.6%
  3    0.2391E+10 0.2391E+10 +- 0.3468E+08      1.30
=======
 Iteration  3   Mean: 0.3543E+35 Abs mean: 0.3543E+35   Fluctuation:  0.354E+35   0.283E+39    99.4%
  3    0.3543E+35 0.3543E+35 +- 0.3543E+35     89.44
>>>>>>> 911b5ec345c81b054214c521136984e9d6306827
 Relative summed weights:
  0.1000E+01  0.0000E+00
 Relative number of events:
  0.1000E+01  0.0000E+00
 Events:
        8000           0
<<<<<<< HEAD
 Found          928  events.
 Wrote          923  events.
 Actual xsec    2419152156.5765314     
 Correct abs xsec    2419152156.5765314     
 Event xsec    2419152156.5765667     
 Events wgts > 1:            4
 % Cross section > 1:    910870.01127967006       3.76524481440091152E-002
 Checking number of events   13892.223174356390              923  chi2:    1.2301608487491968     
 Found          928  events.
 Wrote          923  events.
 Actual xsec    2419152156.5765314     
 Correct abs xsec    2419152156.5765314     
 Event xsec    2419152156.5765667     
 Events wgts > 1:            4
 % Cross section > 1:    910870.01127967006       3.76524481440091152E-002
 Iteration  4   Mean: 0.2436E+10 Abs mean: 0.2436E+10   Fluctuation:  0.226E+08   0.387E+11    77.8%
  4    0.2436E+10 0.2436E+10 +- 0.2263E+08      1.18
=======
 Found           13  events.
 Wrote            1  events.
 Actual xsec   8.27539656007979712E+033
 Correct abs xsec   8.27539656007979712E+033
 Event xsec   8.27539656007979827E+033
 Events wgts > 1:            1
 % Cross section > 1:   7.52761724899524408E+026  9.09638250486772587E-006
 Checking number of events  5.18552899247720286E-003           1  chi2:   1.16297406767229798E+018
 Found           13  events.
 Wrote            1  events.
 Actual xsec   8.27539656007979712E+033
 Correct abs xsec   8.27539656007979712E+033
 Event xsec   8.27539656007979827E+033
 Events wgts > 1:            1
 % Cross section > 1:   7.52761724899524408E+026  9.09638250486772587E-006
 Iteration  4   Mean: 0.4441E+34 Abs mean: 0.4441E+34   Fluctuation:  0.438E+34   0.701E+38    99.5%
  4    0.4441E+34 0.4441E+34 +- 0.4380E+34    124.76
>>>>>>> 911b5ec345c81b054214c521136984e9d6306827
 Relative summed weights:
  0.1000E+01  0.0000E+00
 Relative number of events:
  0.1000E+01  0.0000E+00
 Events:
       16000           0
<<<<<<< HEAD
 Found         2078  events.
 Wrote         2073  events.
 Actual xsec    2428903027.8809223     
 Correct abs xsec    2428903027.8809223     
 Event xsec    2428903027.8808336     
 Events wgts > 1:            5
 % Cross section > 1:    2502569.3007615912       0.10303290300333767     
 Checking number of events   13948.218527908984             2073  chi2:    1.2231635369329408     
 Found         2078  events.
 Wrote         2073  events.
 Actual xsec    2428903027.8809223     
 Correct abs xsec    2428903027.8809223     
 Event xsec    2428903027.8808336     
 Events wgts > 1:            5
 % Cross section > 1:    2502569.3007615912       0.10303290300333767     
 Iteration  5   Mean: 0.2423E+10 Abs mean: 0.2423E+10   Fluctuation:  0.151E+08   0.480E+11    74.1%
  5    0.2423E+10 0.2423E+10 +- 0.1515E+08      1.12
=======
 Found            7  events.
 Wrote            1  events.
 Actual xsec   1.22717002209635309E+034
 Correct abs xsec   1.22717002209635309E+034
 Event xsec   1.22717002209635309E+034
 Events wgts > 1:            0
 % Cross section > 1:    0.0000000000000000        0.0000000000000000     
 Checking number of events  7.68969279246016751E-003           1  chi2:    75965088.382727221     
 Found            7  events.
 Wrote            1  events.
 Actual xsec   1.22717002209635309E+034
 Correct abs xsec   1.22717002209635309E+034
 Event xsec   1.22717002209635309E+034
 Events wgts > 1:            0
 % Cross section > 1:    0.0000000000000000        0.0000000000000000     
 Iteration  5   Mean: 0.1463E+35 Abs mean: 0.1463E+35   Fluctuation:  0.142E+35   0.453E+39    99.0%
  5    0.1463E+35 0.1463E+35 +- 0.1416E+35    173.21
>>>>>>> 911b5ec345c81b054214c521136984e9d6306827
 Relative summed weights:
  0.1000E+01  0.0000E+00
 Relative number of events:
  0.1000E+01  0.0000E+00
 Events:
       32000           0
<<<<<<< HEAD
 Found         4273  events.
 Wrote         4268  events.
 Actual xsec    2422698369.3535123     
 Correct abs xsec    2422698369.3535123     
 Event xsec    2422698369.3535295     
 Events wgts > 1:           12
 % Cross section > 1:    4119279.3652253905       0.17002856886078538     
 Checking number of events   13912.587655849480             4268  chi2:   0.57750502561374606     
 Found         4273  events.
 Wrote         4268  events.
 Actual xsec    2422698369.3535123     
 Correct abs xsec    2422698369.3535123     
 Event xsec    2422698369.3535295     
 Events wgts > 1:           12
 % Cross section > 1:    4119279.3652253905       0.17002856886078538     
 Iteration  6   Mean: 0.2425E+10 Abs mean: 0.2425E+10   Fluctuation:  0.105E+08   0.545E+11    71.7%
  6    0.2425E+10 0.2425E+10 +- 0.1050E+08      1.10
 Relative summed weights:
  0.1000E+01  0.0000E+00
 Relative number of events:
  0.1000E+01  0.0000E+00
 Events:
       64000           0
 Found         8834  events.
 Wrote         8829  events.
 Actual xsec    2425716610.8138452     
 Correct abs xsec    2425716610.8138452     
 Event xsec    2425716610.8137174     
 Events wgts > 1:           42
 % Cross section > 1:    4813184.8581165774       0.19842321385192532     
 Checking number of events   13929.920209259586             8829  chi2:   0.12263411939667027     
 Found         8834  events.
 Wrote         8829  events.
 Actual xsec    2425716610.8138452     
 Correct abs xsec    2425716610.8138452     
 Event xsec    2425716610.8137174     
 Events wgts > 1:           42
 % Cross section > 1:    4813184.8581165774       0.19842321385192532     
 Iteration  7   Mean: 0.2425E+10 Abs mean: 0.2425E+10   Fluctuation:  0.776E+07   0.235E+12    69.7%
  7    0.2425E+10 0.2425E+10 +- 0.7756E+07      1.14
 Relative summed weights:
  0.1000E+01  0.0000E+00
 Relative number of events:
  0.1000E+01  0.0000E+00
 Events:
      128000           0
 Found        18298  events.
 Wrote        18293  events.
 Actual xsec    2424800486.5891771     
 Correct abs xsec    2424800486.5891771     
 Event xsec    2424800486.5890040     
 Events wgts > 1:          120
 % Cross section > 1:    10411394.161381613       0.42937116760593558     
 Checking number of events   13924.659274287009            18293  chi2:   1.24940578620331005E-002

 -------------------------------------------------------------------------------
 Accumulated results:   Integral =  0.2425E+10
                        Std dev  =  0.5498E+07
                       Cross sec =  0.4757E+00
             Chi**2 per DoF.     =
-------------------------------------------------
---------------------------
 Results Last   3 iters: Integral =   0.2425E+10
                     Abs integral =   0.2425E+10
                          Std dev =   0.5768E+07
                  Chi**2 per DoF. =      0.0125
-------------------------------------------------
---------------------------
 Status -5.74259999999999987E-006           8           9
 We found enough events       18293   13924.659274287009     
=======
 Found           35  events.
 Wrote            1  events.
 Actual xsec   1.79647082225408851E+034
 Correct abs xsec   1.79647082225408851E+034
 Event xsec   1.79647082225408851E+034
 Events wgts > 1:            1
 % Cross section > 1:   7.18202778283411672E+027  3.99785384425147526E-005
 Checking number of events  1.12570454664085700E-002           1  chi2:    4.9169874870251782     

 -------------------------------------------------------------------------------
 Accumulated results:   Integral =  0.8720E+34
                        Std dev  =  0.3453E+34
                       Cross sec =  0.3350E+01
             Chi**2 per DoF.     =
-------------------------------------------------
---------------------------
 Results Last   3 iters: Integral =   0.1796E+35
                     Abs integral =   0.1796E+35
                          Std dev =   0.1021E+35
                  Chi**2 per DoF. =      4.9170
-------------------------------------------------
---------------------------
 Status -6.26620000000000013E-037           6           9
 We found enough events           1  1.12570454664085700E-002
>>>>>>> 911b5ec345c81b054214c521136984e9d6306827

ls status:
events.lhe
ftn25
ftn26
input_sg.txt
moffset.dat
results.dat
<<<<<<< HEAD
run_01_ftn26.gz
run_01_log.txt
run_01_results.dat
run_02_ftn26.gz
run_02_log.txt
run_02_results.dat
run_03_ftn26.gz
run_03_log.txt
run_03_results.dat
=======
>>>>>>> 911b5ec345c81b054214c521136984e9d6306827
run1_app.log
