 Process in group number            0
 No PDF is used, alpha_s(MZ) from param_card is used
 Value of alpha_s from param_card:   0.11800000071525575     
 The default order of alpha_s running is fixed to            2
 *****************************************************
 *               MadGraph/MadEvent                   *
 *        --------------------------------           *
 *          http://madgraph.hep.uiuc.edu             *
 *          http://madgraph.phys.ucl.ac.be           *
 *          http://madgraph.roma2.infn.it            *
 *        --------------------------------           *
 *                                                   *
 *          PARAMETER AND COUPLING VALUES            *
 *                                                   *
 *****************************************************

  External Params
  ---------------------------------
  
 aEWM1 =    132.50700378417969     
 mdl_Gf =   1.16639000000000003E-005
 aS =   0.11800000071525575     
 mdl_ymb =    4.6999998092651367     
 mdl_ymt =    173.00000000000000     
 mdl_yme =   5.10999991092830896E-004
 mdl_ymm =   0.10565999895334244     
 mdl_ymtau =    1.7769999504089355     
 mdl_MZ =    91.188003540039063     
 mdl_MT =    173.00000000000000     
 mdl_MB =    4.6999998092651367     
 mdl_MH =    125.00000000000000     
 mdl_Me =   5.10999991092830896E-004
 mdl_MM =   0.10565999895334244     
 mdl_MTA =    1.7769999504089355     
 mdl_WZ =    2.4414041042327881     
 mdl_WW =    2.0476000308990479     
 mdl_WT =    1.4915000200271606     
 mdl_WH =   6.38233916833996773E-003
 mdl_WTau =   2.26999999999999982E-012
  Internal Params
  ---------------------------------
  
 mdl_conjg__CKM3x3 =    1.0000000000000000     
 mdl_CKM3x3 =    1.0000000000000000     
 mdl_conjg__CKM1x1 =    1.0000000000000000     
 mdl_complexi =  (  0.0000000000000000     ,  1.0000000000000000     )
 mdl_MZ__exp__2 =    8315.2519896181766     
 mdl_MZ__exp__4 =    69143415.650849044     
 mdl_sqrt__2 =    1.4142135623730951     
 mdl_MH__exp__2 =    15625.000000000000     
 mdl_aEW =   7.54677089845565054E-003
 mdl_MW =    80.419007276179556     
 mdl_sqrt__aEW =   8.68721526063194194E-002
 mdl_ee =   0.30795376284704501     
 mdl_MW__exp__2 =    6467.2167312862202     
 mdl_sw2 =   0.22224645274001076     
 mdl_cw =   0.88190336616887299     
 mdl_sqrt__sw2 =   0.47143022043565552     
 mdl_sw =   0.47143022043565552     
 mdl_g1 =   0.34919218438279087     
 mdl_gw =   0.65323296958447097     
 mdl_vev =    246.21845810181631     
 mdl_vev__exp__2 =    60623.529110035874     
 mdl_lam =   0.12886910601690271     
 mdl_yb =   2.69955531549349904E-002
 mdl_ye =   2.93504850670934038E-006
 mdl_ym =   6.06883028478528356E-004
 mdl_yt =   0.99366614581500645     
 mdl_ytau =   1.02066167158167895E-002
 mdl_muH =    88.388347648318444     
 mdl_I1x33 =  ( 2.69955531549349904E-002,  0.0000000000000000     )
 mdl_I2x33 =  ( 0.99366614581500645     ,  0.0000000000000000     )
 mdl_I3x33 =  ( 0.99366614581500645     ,  0.0000000000000000     )
 mdl_I4x33 =  ( 2.69955531549349904E-002,  0.0000000000000000     )
 mdl_ee__exp__2 =   9.48355200516540348E-002
 mdl_sw__exp__2 =   0.22224645274001076     
 mdl_cw__exp__2 =   0.77775354725998924     
  Internal Params evaluated point by point
  ----------------------------------------
  
 mdl_sqrt__aS =   0.34351128178744839     
 mdl_G__exp__2 =    1.4828317414825511     
  Couplings of sm-lepton_masses
  ---------------------------------
  
         GC_3 =  -0.00000E+00  -0.30795E+00
        GC_50 =  -0.00000E+00  -0.28804E+00
        GC_59 =   0.00000E+00   0.82310E-01
        GC_89 =  -0.00000E+00  -0.20754E-05

 Collider parameters:
 --------------------

 Running at e e   machine @   7.14879999999999960E-002  GeV
 PDF set = none   
 alpha_s(Mz)= 0.1180 running at 2 loops.
 alpha_s(Mz)= 0.1180 running at 2 loops.
 Renormalization scale fixed @    91.188000000000002     
 Factorization scales  fixed @    91.188000000000002        91.188000000000002     


 getting user params
Enter number of events and max and min iterations: 
 Number of events and iterations         2000           9           3
Enter desired fractional accuracy: 
 Desired fractional accuracy:  -5.74259999999999987E-006
Enter 0 for fixed, 2 for adjustable grid: 
Suppress amplitude (0 no, 1 yes)? 
 Using suppressed amplitude.
Exact helicity sum (0 yes, n = number/event)? 
 Explicitly summing over helicities
Enter Configuration Number: 
Running Configuration Number:    7
 Not subdividing B.W.
 Attempting mappinvarients           1           5
 Completed mapping           5
 about to integrate            5        2000           9           3           5           1
 Using non-zero grid deformation.
  5 dimensions   2000 events  5 invarients  9 iterations  1 config(s),  (0.99)
 Using h-tuple random number sequence.
 Error opening grid
 Using Uniform Grid!
 Using uniform alpha   1.0000000000000000     
 Grid defined OK
 Set CM energy to          0.07
 Mapping Graph           7  to config           7
Setting grid   1    0.17611E-04   1
Setting grid   2    0.51095E-04   1
 Masses: 0.511E-03 0.511E-03 0.000E+00 0.511E-03 0.511E-03
   7   1   2   3   4   5
 Got moffset           6
Using random seed offsets     7 :      1
  with seed                   87
 Ranmar initialization seeds       17619       28406
  Particle       3       4       5
      Et >     0.0     0.0     0.0
       E >     0.0     0.0     0.0
     Eta <    -1.0    -1.0    -1.0
   xqcut:      0.0     0.0     0.0
d R # 3  >    -0.0     0.0     0.0
d R # 4  >    -0.0    -0.0     0.0
s min # 3>     0.0     0.0     0.0
s min # 4>     0.0     0.0     0.0
xqcutij # 3>     0.0     0.0     0.0
xqcutij # 4>     0.0     0.0     0.0
 alpha_s for scale    91.188000000000002       is   0.11800000071525575     
 Added good helicity            1   8.2124047446741901       in event            1
 Added good helicity            2  2.00786800652951299E-004  in event            1
 Added good helicity            3  3.62034637430404087E-003  in event            1
 Added good helicity            5   4.8904297423136827       in event            1
 Added good helicity            7  2.74366074265858229E-005  in event            1
 Added good helicity            9  8.54511533081412663E-006  in event            1
 Added good helicity           10   1.7072357889409426       in event            1
 Added good helicity           11  9.11946208241263823E-002  in event            1
 Added good helicity           12  1.77970963345810800E-002  in event            1
 Added good helicity           13  5.20954331843380079E-006  in event            1
 Added good helicity           14   1.0232718308683484       in event            1
 Added good helicity           15  5.37884278443874764E-002  in event            1
 Added good helicity           16  1.43449200190005704E-005  in event            1
 Added good helicity           17  1.43449237331233416E-005  in event            1
 Added good helicity           18  5.37884278246093042E-002  in event            1
 Added good helicity           19   1.0232719798465910       in event            1
 Added good helicity           20  5.20954489664553743E-006  in event            1
 Added good helicity           21  1.77970962952288189E-002  in event            1
 Added good helicity           22  9.11946208546513537E-002  in event            1
 Added good helicity           23   1.7072360375219626       in event            1
 Added good helicity           24  8.54511794198714353E-006  in event            1
 Added good helicity           26  2.74366031109221178E-005  in event            1
 Added good helicity           28   4.8904297425133283       in event            1
 Added good helicity           30  3.62034584531844986E-003  in event            1
 Added good helicity           31  2.00786799274261629E-004  in event            1
 Added good helicity           32   8.2124047443138668       in event            1
 Added good helicity            4  1.07832878860515797E-006  in event            3
 Added good helicity            6  2.55561060800595476E-004  in event            3
 Added good helicity           27  2.55561067927457348E-004  in event            3
 Added good helicity           29  1.07832891374665792E-006  in event            3
 Iteration  1   Mean: 0.1634E+10 Abs mean: 0.1634E+10   Fluctuation:  0.975E+08   0.823E+11    74.4%
  1    0.1634E+10 0.1634E+10 +- 0.9749E+08      2.67
 Writing out events   121935.70787066261        2.6686650923216462     
 Relative summed weights:
  0.1000E+01  0.0000E+00
 Relative number of events:
  0.1000E+01  0.0000E+00
 Events:
        2000           0
 Iteration  2   Mean: 0.1614E+10 Abs mean: 0.1614E+10   Fluctuation:  0.378E+08   0.322E+11    87.1%
  2    0.1614E+10 0.1614E+10 +- 0.3778E+08      1.48
 Relative summed weights:
  0.1000E+01  0.0000E+00
 Relative number of events:
  0.1000E+01  0.0000E+00
 Events:
        4000           0
 Iteration  3   Mean: 0.1694E+10 Abs mean: 0.1694E+10   Fluctuation:  0.213E+08   0.269E+11    84.7%
  3    0.1694E+10 0.1694E+10 +- 0.2129E+08      1.12
 Relative summed weights:
  0.1000E+01  0.0000E+00
 Relative number of events:
  0.1000E+01  0.0000E+00
 Events:
        8000           0
 Found          988  events.
 Wrote          983  events.
 Actual xsec    1674386596.7913792     
 Correct abs xsec    1674386596.7913792     
 Event xsec    1674386596.7913957     
 Events wgts > 1:            8
 % Cross section > 1:    4351237.2048544213       0.25987052292419432     
 Checking number of events   9615.3324707341744              983  chi2:    1.7630750020500012     
 Found          988  events.
 Wrote          983  events.
 Actual xsec    1674386596.7913792     
 Correct abs xsec    1674386596.7913792     
 Event xsec    1674386596.7913957     
 Events wgts > 1:            8
 % Cross section > 1:    4351237.2048544213       0.25987052292419432     
 Iteration  4   Mean: 0.1723E+10 Abs mean: 0.1723E+10   Fluctuation:  0.131E+08   0.192E+11    82.1%
  4    0.1723E+10 0.1723E+10 +- 0.1315E+08      0.97
 Relative summed weights:
  0.1000E+01  0.0000E+00
 Relative number of events:
  0.1000E+01  0.0000E+00
 Events:
       16000           0
 Found         1961  events.
 Wrote         1957  events.
 Actual xsec    1708105889.0618136     
 Correct abs xsec    1708105889.0618136     
 Event xsec    1708105889.0617883     
 Events wgts > 1:            3
 % Cross section > 1:    540100.35408632027       3.16198402888816996E-002
 Checking number of events   9808.9688785263697             1957  chi2:    4.0038740526457586     
 Found         1961  events.
 Wrote         1957  events.
 Actual xsec    1708105889.0618136     
 Correct abs xsec    1708105889.0618136     
 Event xsec    1708105889.0617883     
 Events wgts > 1:            3
 % Cross section > 1:    540100.35408632027       3.16198402888816996E-002
 Iteration  5   Mean: 0.1695E+10 Abs mean: 0.1695E+10   Fluctuation:  0.838E+07   0.177E+11    79.4%
  5    0.1695E+10 0.1695E+10 +- 0.8383E+07      0.88
 Relative summed weights:
  0.1000E+01  0.0000E+00
 Relative number of events:
  0.1000E+01  0.0000E+00
 Events:
       32000           0
 Found         3944  events.
 Wrote         3941  events.
 Actual xsec    1702759466.7771184     
 Correct abs xsec    1702759466.7771184     
 Event xsec    1702759466.7769971     
 Events wgts > 1:            1
 % Cross section > 1:    128539.34637221647       7.54888455358390924E-003
 Checking number of events   9778.2665139142809             3941  chi2:    1.7054527943210751     
 Found         3944  events.
 Wrote         3941  events.
 Actual xsec    1702759466.7771184     
 Correct abs xsec    1702759466.7771184     
 Event xsec    1702759466.7769971     
 Events wgts > 1:            1
 % Cross section > 1:    128539.34637221647       7.54888455358390924E-003
 Iteration  6   Mean: 0.1716E+10 Abs mean: 0.1716E+10   Fluctuation:  0.594E+07   0.247E+11    77.7%
  6    0.1716E+10 0.1716E+10 +- 0.5939E+07      0.88
 Relative summed weights:
  0.1000E+01  0.0000E+00
 Relative number of events:
  0.1000E+01  0.0000E+00
 Events:
       64000           0
 Found         8276  events.
 Wrote         8272  events.
 Actual xsec    1711037761.6757185     
 Correct abs xsec    1711037761.6757185     
 Event xsec    1711037761.6754827     
 Events wgts > 1:           22
 % Cross section > 1:    1439286.6100866282       8.41177583759022129E-002
 Checking number of events   9825.8054501989809             8272  chi2:    2.5267585125985188     
 Found         8276  events.
 Wrote         8272  events.
 Actual xsec    1711037761.6757185     
 Correct abs xsec    1711037761.6757185     
 Event xsec    1711037761.6754827     
 Events wgts > 1:           22
 % Cross section > 1:    1439286.6100866282       8.41177583759022129E-002
 Iteration  7   Mean: 0.1725E+10 Abs mean: 0.1725E+10   Fluctuation:  0.423E+07   0.284E+11    76.1%
  7    0.1725E+10 0.1725E+10 +- 0.4225E+07      0.88
 Relative summed weights:
  0.1000E+01  0.0000E+00
 Relative number of events:
  0.1000E+01  0.0000E+00
 Events:
      128000           0
 Found        16851  events.
 Wrote        16847  events.
 Actual xsec    1718300801.6824789     
 Correct abs xsec    1718300801.6824789     
 Event xsec    1718300801.6821885     
 Events wgts > 1:           49
 % Cross section > 1:    1735217.0219136847       0.10098447374376684     
 Checking number of events   9867.5141837418032            16847  chi2:    5.0258838651505933     

 -------------------------------------------------------------------------------
 Accumulated results:   Integral =  0.1717E+10
                        Std dev  =  0.3052E+07
                       Cross sec =  0.3110E+01
             Chi**2 per DoF.     =
-------------------------------------------------
---------------------------
 Results Last   3 iters: Integral =   0.1718E+10
                     Abs integral =   0.1718E+10
                          Std dev =   0.3185E+07
                  Chi**2 per DoF. =      5.0259
-------------------------------------------------
---------------------------
 Status -5.74259999999999987E-006           8           9
 We found enough events       16847   9867.5141837418032     

ls status:
events.lhe
ftn25
ftn26
input_sg.txt
moffset.dat
results.dat
run_01_ftn26.gz
run_01_log.txt
run_01_results.dat
run_02_ftn26.gz
run_02_log.txt
run_02_results.dat
run1_app.log
