 Process in group number            0
 No PDF is used, alpha_s(MZ) from param_card is used
 Value of alpha_s from param_card:   0.11800000071525575     
 The default order of alpha_s running is fixed to            2
 *****************************************************
 *               MadGraph/MadEvent                   *
 *        --------------------------------           *
 *          http://madgraph.hep.uiuc.edu             *
 *          http://madgraph.phys.ucl.ac.be           *
 *          http://madgraph.roma2.infn.it            *
 *        --------------------------------           *
 *                                                   *
 *          PARAMETER AND COUPLING VALUES            *
 *                                                   *
 *****************************************************

  External Params
  ---------------------------------
  
 aEWM1 =    132.50700378417969     
 mdl_Gf =   1.16639000000000003E-005
 aS =   0.11800000071525575     
 mdl_ymb =    4.6999998092651367     
 mdl_ymt =    173.00000000000000     
 mdl_yme =   5.10999991092830896E-004
 mdl_ymm =   0.10565999895334244     
 mdl_ymtau =    1.7769999504089355     
 mdl_MZ =    91.188003540039063     
 mdl_MT =    173.00000000000000     
 mdl_MB =    4.6999998092651367     
 mdl_MH =    125.00000000000000     
 mdl_Me =   5.10999991092830896E-004
 mdl_MM =   0.10565999895334244     
 mdl_MTA =    1.7769999504089355     
 mdl_WZ =    2.4414041042327881     
 mdl_WW =    2.0476000308990479     
 mdl_WT =    1.4915000200271606     
 mdl_WH =   6.38233916833996773E-003
 mdl_WTau =   2.26999999999999982E-012
  Internal Params
  ---------------------------------
  
 mdl_conjg__CKM3x3 =    1.0000000000000000     
 mdl_CKM3x3 =    1.0000000000000000     
 mdl_conjg__CKM1x1 =    1.0000000000000000     
 mdl_complexi =  (  0.0000000000000000     ,  1.0000000000000000     )
 mdl_MZ__exp__2 =    8315.2519896181766     
 mdl_MZ__exp__4 =    69143415.650849044     
 mdl_sqrt__2 =    1.4142135623730951     
 mdl_MH__exp__2 =    15625.000000000000     
 mdl_aEW =   7.54677089845565054E-003
 mdl_MW =    80.419007276179556     
 mdl_sqrt__aEW =   8.68721526063194194E-002
 mdl_ee =   0.30795376284704501     
 mdl_MW__exp__2 =    6467.2167312862202     
 mdl_sw2 =   0.22224645274001076     
 mdl_cw =   0.88190336616887299     
 mdl_sqrt__sw2 =   0.47143022043565552     
 mdl_sw =   0.47143022043565552     
 mdl_g1 =   0.34919218438279087     
 mdl_gw =   0.65323296958447097     
 mdl_vev =    246.21845810181631     
 mdl_vev__exp__2 =    60623.529110035874     
 mdl_lam =   0.12886910601690271     
 mdl_yb =   2.69955531549349904E-002
 mdl_ye =   2.93504850670934038E-006
 mdl_ym =   6.06883028478528356E-004
 mdl_yt =   0.99366614581500645     
 mdl_ytau =   1.02066167158167895E-002
 mdl_muH =    88.388347648318444     
 mdl_I1x33 =  ( 2.69955531549349904E-002,  0.0000000000000000     )
 mdl_I2x33 =  ( 0.99366614581500645     ,  0.0000000000000000     )
 mdl_I3x33 =  ( 0.99366614581500645     ,  0.0000000000000000     )
 mdl_I4x33 =  ( 2.69955531549349904E-002,  0.0000000000000000     )
 mdl_ee__exp__2 =   9.48355200516540348E-002
 mdl_sw__exp__2 =   0.22224645274001076     
 mdl_cw__exp__2 =   0.77775354725998924     
  Internal Params evaluated point by point
  ----------------------------------------
  
 mdl_sqrt__aS =   0.34351128178744839     
 mdl_G__exp__2 =    1.4828317414825511     
  Couplings of sm-lepton_masses
  ---------------------------------
  
         GC_3 =  -0.00000E+00  -0.30795E+00
        GC_50 =  -0.00000E+00  -0.28804E+00
        GC_59 =   0.00000E+00   0.82310E-01
        GC_89 =  -0.00000E+00  -0.20754E-05

 Collider parameters:
 --------------------

 Running at e e   machine @   7.14879999999999960E-002  GeV
 PDF set = none   
 alpha_s(Mz)= 0.1180 running at 2 loops.
 alpha_s(Mz)= 0.1180 running at 2 loops.
 Renormalization scale fixed @    91.188000000000002     
 Factorization scales  fixed @    91.188000000000002        91.188000000000002     


 getting user params
Enter number of events and max and min iterations: 
 Number of events and iterations         2000           9           3
Enter desired fractional accuracy: 
 Desired fractional accuracy:  -1.49309999999999992E-004
Enter 0 for fixed, 2 for adjustable grid: 
Suppress amplitude (0 no, 1 yes)? 
 Using suppressed amplitude.
Exact helicity sum (0 yes, n = number/event)? 
 Explicitly summing over helicities
Enter Configuration Number: 
Running Configuration Number:   10
 Not subdividing B.W.
 Attempting mappinvarients           1           5
 Completed mapping           5
 about to integrate            5        2000           9           3           5           1
 Using non-zero grid deformation.
  5 dimensions   2000 events  5 invarients  9 iterations  1 config(s),  (0.99)
 Using h-tuple random number sequence.
 Error opening grid
 Using Uniform Grid!
 Using uniform alpha   1.0000000000000000     
 Grid defined OK
 Set CM energy to          0.07
 Mapping Graph          10  to config          10
Setting grid   1    0.20438E-03   1
Setting grid   2    0.17611E-04   1
 Masses: 0.511E-03 0.511E-03 0.000E+00 0.511E-03 0.511E-03
  10   1   2   3   4   5
 Got moffset           1
Using random seed offsets    10 :      1
  with seed                   87
 Ranmar initialization seeds       17622       12621
  Particle       3       4       5
      Et >     0.0     0.0     0.0
       E >     0.0     0.0     0.0
     Eta <    -1.0    -1.0    -1.0
   xqcut:      0.0     0.0     0.0
d R # 3  >    -0.0     0.0     0.0
d R # 4  >    -0.0    -0.0     0.0
s min # 3>     0.0     0.0     0.0
s min # 4>     0.0     0.0     0.0
xqcutij # 3>     0.0     0.0     0.0
xqcutij # 4>     0.0     0.0     0.0
 alpha_s for scale    91.188000000000002       is   0.11800000071525575     
 Added good helicity            1   8.8645980163425957       in event            1
 Added good helicity            2  4.41262899790623372E-006  in event            1
 Added good helicity            3  4.35120462086173859E-002  in event            1
 Added good helicity            5  1.74890011836854333E-003  in event            1
 Added good helicity            7  1.07308465613484898E-004  in event            1
 Added good helicity            9  5.72804191420251821E-006  in event            1
 Added good helicity           10   7.0700314162205986       in event            1
 Added good helicity           11  1.79437263751969006E-004  in event            1
 Added good helicity           12  1.84923638095434162E-002  in event            1
 Added good helicity           14  1.23944570682940408E-003  in event            1
 Added good helicity           15  5.45346338031682347E-006  in event            1
 Added good helicity           16  7.52699036184305563E-005  in event            1
 Added good helicity           17  7.52699038199956800E-005  in event            1
 Added good helicity           18  5.45346337456657937E-006  in event            1
 Added good helicity           19  1.23944571023063129E-003  in event            1
 Added good helicity           21  1.84923638895540150E-002  in event            1
 Added good helicity           22  1.79437263940171297E-004  in event            1
 Added good helicity           23   7.0700314351840605       in event            1
 Added good helicity           24  5.72804192589061320E-006  in event            1
 Added good helicity           26  1.07308465589832770E-004  in event            1
 Added good helicity           28  1.74890011835593362E-003  in event            1
 Added good helicity           30  4.35120462401400523E-002  in event            1
 Added good helicity           31  4.41262902798381718E-006  in event            1
 Added good helicity           32   8.8645980164673208       in event            1
 Added good helicity            6  3.85564169770780523E-006  in event            2
 Added good helicity           13  3.73475226825180074E-006  in event            2
 Added good helicity           20  3.73475303747864436E-006  in event            2
 Added good helicity           27  3.85564211521789115E-006  in event            2
 Added good helicity            4  1.04652514502966035E-003  in event           13
 Added good helicity           29  1.04652514503852088E-003  in event           13
 Iteration  1   Mean: 0.2698E+07 Abs mean: 0.2698E+07   Fluctuation:  0.233E+06   0.274E+09    79.2%
  1    0.2698E+07 0.2698E+07 +- 0.2334E+06      3.87
 Writing out events   189.29577457530777        3.8696702465038944     
 Relative summed weights:
  0.1000E+01  0.0000E+00
 Relative number of events:
  0.1000E+01  0.0000E+00
 Events:
        2000           0
 Iteration  2   Mean: 0.2483E+07 Abs mean: 0.2483E+07   Fluctuation:  0.562E+05   0.725E+08    95.0%
  2    0.2483E+07 0.2483E+07 +- 0.5623E+05      1.43
 Relative summed weights:
  0.1000E+01  0.0000E+00
 Relative number of events:
  0.1000E+01  0.0000E+00
 Events:
        4000           0
 Iteration  3   Mean: 0.2675E+07 Abs mean: 0.2675E+07   Fluctuation:  0.613E+05   0.377E+09    93.4%
  3    0.2675E+07 0.2675E+07 +- 0.6132E+05      2.05
 Relative summed weights:
  0.1000E+01  0.0000E+00
 Relative number of events:
  0.1000E+01  0.0000E+00
 Events:
        8000           0
 Found          873  events.
 Wrote           49  events.
 Actual xsec    2581887.6021899912     
 Correct abs xsec    2581887.6021899912     
 Event xsec    2581887.6021899902     
 Events wgts > 1:            1
 % Cross section > 1:   1.80362985702231526E-003  6.98570245851311764E-008
 Checking number of events   385.50163788298755               49  chi2:    2.8115718402674728     
 Found          873  events.
 Wrote           61  events.
 Actual xsec    2581887.6021899912     
 Correct abs xsec    2581887.6021899912     
 Event xsec    2581887.6021899888     
 Events wgts > 1:            1
 % Cross section > 1:   1.44881742744473740E-003  5.61146591437920323E-008
 Iteration  4   Mean: 0.2608E+07 Abs mean: 0.2608E+07   Fluctuation:  0.203E+05   0.108E+09    92.5%
  4    0.2608E+07 0.2608E+07 +- 0.2028E+05      0.98
 Relative summed weights:
  0.1000E+01  0.0000E+00
 Relative number of events:
  0.1000E+01  0.0000E+00
 Events:
       16000           0
 Found         1645  events.
 Wrote         1640  events.
 Actual xsec    2602147.1538518271     
 Correct abs xsec    2602147.1538518271     
 Event xsec    2602147.1538518406     
 Events wgts > 1:           12
 % Cross section > 1:    15409.539813654572       0.59218556455750504     
 Checking number of events   388.52659154161631             1640  chi2:    2.9778453283638124     

 -------------------------------------------------------------------------------
 Accumulated results:   Integral =  0.2603E+07
                        Std dev  =  0.1817E+05
                       Cross sec =  0.1938E+01
             Chi**2 per DoF.     =
-------------------------------------------------
---------------------------
 Results Last   3 iters: Integral =   0.2602E+07
                     Abs integral =   0.2602E+07
                          Std dev =   0.1822E+05
                  Chi**2 per DoF. =      2.9778
-------------------------------------------------
---------------------------
 Status -1.49309999999999992E-004           5           9
 We found enough events        1640   388.52659154161631     

ls status:
events.lhe
ftn25
ftn26
input_app.txt
input_sg.txt
log.txt
moffset.dat
multijob.dat
results.dat
run_01_ftn26.gz
run_01_log.txt
run_01_results.dat
run_02_log.txt
run_02_results.dat
run_03_log.txt
run_03_results.dat
run1_app.log
