 Process in group number            0
 No PDF is used, alpha_s(MZ) from param_card is used
 Value of alpha_s from param_card:   0.11800000071525575     
 The default order of alpha_s running is fixed to            2
 *****************************************************
 *               MadGraph/MadEvent                   *
 *        --------------------------------           *
 *          http://madgraph.hep.uiuc.edu             *
 *          http://madgraph.phys.ucl.ac.be           *
 *          http://madgraph.roma2.infn.it            *
 *        --------------------------------           *
 *                                                   *
 *          PARAMETER AND COUPLING VALUES            *
 *                                                   *
 *****************************************************

  External Params
  ---------------------------------
  
 aEWM1 =    132.50700378417969     
 mdl_Gf =   1.16639000000000003E-005
 aS =   0.11800000071525575     
 mdl_ymb =    4.6999998092651367     
 mdl_ymt =    173.00000000000000     
 mdl_yme =   5.10999991092830896E-004
 mdl_ymm =   0.10565999895334244     
 mdl_ymtau =    1.7769999504089355     
 mdl_MZ =    91.188003540039063     
 mdl_MT =    173.00000000000000     
 mdl_MB =    4.6999998092651367     
 mdl_MH =    125.00000000000000     
 mdl_Me =   5.10999991092830896E-004
 mdl_MM =   0.10565999895334244     
 mdl_MTA =    1.7769999504089355     
 mdl_WZ =    2.4414041042327881     
 mdl_WW =    2.0476000308990479     
 mdl_WT =    1.4915000200271606     
 mdl_WH =   6.38233916833996773E-003
 mdl_WTau =   2.26999999999999982E-012
  Internal Params
  ---------------------------------
  
 mdl_conjg__CKM3x3 =    1.0000000000000000     
 mdl_CKM3x3 =    1.0000000000000000     
 mdl_conjg__CKM1x1 =    1.0000000000000000     
 mdl_complexi =  (  0.0000000000000000     ,  1.0000000000000000     )
 mdl_MZ__exp__2 =    8315.2519896181766     
 mdl_MZ__exp__4 =    69143415.650849044     
 mdl_sqrt__2 =    1.4142135623730951     
 mdl_MH__exp__2 =    15625.000000000000     
 mdl_aEW =   7.54677089845565054E-003
 mdl_MW =    80.419007276179556     
 mdl_sqrt__aEW =   8.68721526063194194E-002
 mdl_ee =   0.30795376284704501     
 mdl_MW__exp__2 =    6467.2167312862202     
 mdl_sw2 =   0.22224645274001076     
 mdl_cw =   0.88190336616887299     
 mdl_sqrt__sw2 =   0.47143022043565552     
 mdl_sw =   0.47143022043565552     
 mdl_g1 =   0.34919218438279087     
 mdl_gw =   0.65323296958447097     
 mdl_vev =    246.21845810181631     
 mdl_vev__exp__2 =    60623.529110035874     
 mdl_lam =   0.12886910601690271     
 mdl_yb =   2.69955531549349904E-002
 mdl_ye =   2.93504850670934038E-006
 mdl_ym =   6.06883028478528356E-004
 mdl_yt =   0.99366614581500645     
 mdl_ytau =   1.02066167158167895E-002
 mdl_muH =    88.388347648318444     
 mdl_I1x33 =  ( 2.69955531549349904E-002,  0.0000000000000000     )
 mdl_I2x33 =  ( 0.99366614581500645     ,  0.0000000000000000     )
 mdl_I3x33 =  ( 0.99366614581500645     ,  0.0000000000000000     )
 mdl_I4x33 =  ( 2.69955531549349904E-002,  0.0000000000000000     )
 mdl_ee__exp__2 =   9.48355200516540348E-002
 mdl_sw__exp__2 =   0.22224645274001076     
 mdl_cw__exp__2 =   0.77775354725998924     
  Internal Params evaluated point by point
  ----------------------------------------
  
 mdl_sqrt__aS =   0.34351128178744839     
 mdl_G__exp__2 =    1.4828317414825511     
  Couplings of sm-lepton_masses
  ---------------------------------
  
         GC_3 =  -0.00000E+00  -0.30795E+00
        GC_50 =  -0.00000E+00  -0.28804E+00
        GC_59 =   0.00000E+00   0.82310E-01
        GC_89 =  -0.00000E+00  -0.20754E-05

 Collider parameters:
 --------------------

 Running at e e   machine @   7.14879999999999960E-002  GeV
 PDF set = none   
 alpha_s(Mz)= 0.1180 running at 2 loops.
 alpha_s(Mz)= 0.1180 running at 2 loops.
 Renormalization scale fixed @    91.188000000000002     
 Factorization scales  fixed @    91.188000000000002        91.188000000000002     


 getting user params
Enter number of events and max and min iterations: 
 Number of events and iterations         2000           9           3
Enter desired fractional accuracy: 
 Desired fractional accuracy:  -5.74259999999999987E-006
Enter 0 for fixed, 2 for adjustable grid: 
Suppress amplitude (0 no, 1 yes)? 
 Using suppressed amplitude.
Exact helicity sum (0 yes, n = number/event)? 
 Explicitly summing over helicities
Enter Configuration Number: 
Running Configuration Number:   22
 Not subdividing B.W.
 Attempting mappinvarients           1           5
 Completed mapping           5
 about to integrate            5        2000           9           3           5           1
 Using non-zero grid deformation.
  5 dimensions   2000 events  5 invarients  9 iterations  1 config(s),  (0.99)
 Using h-tuple random number sequence.
 Error opening grid
 Using Uniform Grid!
 Using uniform alpha   1.0000000000000000     
 Grid defined OK
 Set CM energy to          0.07
 Mapping Graph          22  to config          22
Setting grid   1    0.51095E-04   1
Setting grid   2    0.51095E-04   1
 Masses: 0.511E-03 0.511E-03 0.000E+00 0.511E-03 0.511E-03
  22   1   2   3   4   5
 Got moffset          23
Using random seed offsets    22 :      1
  with seed                   87
 Ranmar initialization seeds       17634       21913
  Particle       3       4       5
      Et >     0.0     0.0     0.0
       E >     0.0     0.0     0.0
     Eta <    -1.0    -1.0    -1.0
   xqcut:      0.0     0.0     0.0
d R # 3  >    -0.0     0.0     0.0
d R # 4  >    -0.0    -0.0     0.0
s min # 3>     0.0     0.0     0.0
s min # 4>     0.0     0.0     0.0
xqcutij # 3>     0.0     0.0     0.0
xqcutij # 4>     0.0     0.0     0.0
 alpha_s for scale    91.188000000000002       is   0.11800000071525575     
 Added good helicity            1   7.4899008638334381       in event            1
 Added good helicity            3  0.42494599339584627       in event            1
 Added good helicity            5  0.10244239524352980       in event            1
 Added good helicity            7  5.79556230864313444E-006  in event            1
 Added good helicity           10   7.4456041089671556       in event            1
 Added good helicity           12  0.43547173889315860       in event            1
 Added good helicity           14  0.10162309308436938       in event            1
 Added good helicity           16  5.75283540408386081E-006  in event            1
 Added good helicity           17  5.75283540481496544E-006  in event            1
 Added good helicity           19  0.10162309309723337       in event            1
 Added good helicity           21  0.43547173883404272       in event            1
 Added good helicity           23   7.4456041099114048       in event            1
 Added good helicity           26  5.79556230854172088E-006  in event            1
 Added good helicity           28  0.10244239524352609       in event            1
 Added good helicity           30  0.42494599328260113       in event            1
 Added good helicity           32   7.4899008638365236       in event            1
 Added good helicity            2  1.09380611827891098E-006  in event            3
 Added good helicity            9  1.09371132126166234E-006  in event            3
 Added good helicity           24  1.09371132348607208E-006  in event            3
 Added good helicity           31  1.09380612050692739E-006  in event            3
 Added good helicity            6  5.53559141656306196E-006  in event            4
 Added good helicity           13  1.00893640996484272E-005  in event            4
 Added good helicity           15  1.45443871027975510E-006  in event            4
 Added good helicity           18  1.45443865777504292E-006  in event            4
 Added good helicity           20  1.00893639687322634E-005  in event            4
 Added good helicity           27  5.53559146529492570E-006  in event            4
 Added good helicity           11  6.45529289423290664E-006  in event            5
 Added good helicity           22  6.45529294168596578E-006  in event            5
 Added good helicity            4  1.13650699603482196E-006  in event           11
 Added good helicity           29  1.13650702245441740E-006  in event           11
 Iteration  1   Mean: 0.2547E+10 Abs mean: 0.2547E+10   Fluctuation:  0.174E+09   0.133E+12    84.2%
  1    0.2547E+10 0.2547E+10 +- 0.1739E+09      3.05
 Writing out events   167986.23551923138        3.0525283182542080     
 Relative summed weights:
  0.1000E+01  0.0000E+00
 Relative number of events:
  0.1000E+01  0.0000E+00
 Events:
        2000           0
 Iteration  2   Mean: 0.2440E+10 Abs mean: 0.2440E+10   Fluctuation:  0.676E+08   0.405E+11    84.5%
  2    0.2440E+10 0.2440E+10 +- 0.6760E+08      1.75
 Relative summed weights:
  0.1000E+01  0.0000E+00
 Relative number of events:
  0.1000E+01  0.0000E+00
 Events:
        4000           0
 Iteration  3   Mean: 0.2442E+10 Abs mean: 0.2442E+10   Fluctuation:  0.359E+08   0.269E+11    81.0%
  3    0.2442E+10 0.2442E+10 +- 0.3588E+08      1.31
 Relative summed weights:
  0.1000E+01  0.0000E+00
 Relative number of events:
  0.1000E+01  0.0000E+00
 Events:
        8000           0
 Found          968  events.
 Wrote          964  events.
 Actual xsec    2445322626.3735886     
 Correct abs xsec    2445322626.3735886     
 Event xsec    2445322626.3735962     
 Events wgts > 1:            3
 % Cross section > 1:    1591596.4428143846       6.50873805218379620E-002
 Checking number of events   14042.509714212969              964  chi2:   0.17926867104123162     
 Found          968  events.
 Wrote          964  events.
 Actual xsec    2445322626.3735886     
 Correct abs xsec    2445322626.3735886     
 Event xsec    2445322626.3735962     
 Events wgts > 1:            3
 % Cross section > 1:    1591596.4428143846       6.50873805218379620E-002
 Iteration  4   Mean: 0.2416E+10 Abs mean: 0.2416E+10   Fluctuation:  0.225E+08   0.421E+11    77.1%
  4    0.2416E+10 0.2416E+10 +- 0.2254E+08      1.18
 Relative summed weights:
  0.1000E+01  0.0000E+00
 Relative number of events:
  0.1000E+01  0.0000E+00
 Events:
       16000           0
 Found         2039  events.
 Wrote         2034  events.
 Actual xsec    2424944074.8052416     
 Correct abs xsec    2424944074.8052416     
 Event xsec    2424944074.8053541     
 Events wgts > 1:            5
 % Cross section > 1:    3049617.5896254838       0.12576032665290524     
 Checking number of events   13925.483843976581             2034  chi2:   0.21188464774100280     
 Found         2039  events.
 Wrote         2034  events.
 Actual xsec    2424944074.8052416     
 Correct abs xsec    2424944074.8052416     
 Event xsec    2424944074.8053541     
 Events wgts > 1:            5
 % Cross section > 1:    3049617.5896254838       0.12576032665290524     
 Iteration  5   Mean: 0.2413E+10 Abs mean: 0.2413E+10   Fluctuation:  0.151E+08   0.736E+11    73.6%
  5    0.2413E+10 0.2413E+10 +- 0.1513E+08      1.12
 Relative summed weights:
  0.1000E+01  0.0000E+00
 Relative number of events:
  0.1000E+01  0.0000E+00
 Events:
       32000           0
 Found         4289  events.
 Wrote         4285  events.
 Actual xsec    2417385735.2923765     
 Correct abs xsec    2417385735.2923765     
 Event xsec    2417385735.2924423     
 Events wgts > 1:           13
 % Cross section > 1:    4345703.7668148419       0.17976873543059613     
 Checking number of events   13882.079323490001             4285  chi2:   0.27048563770640466     
 Found         4289  events.
 Wrote         4285  events.
 Actual xsec    2417385735.2923765     
 Correct abs xsec    2417385735.2923765     
 Event xsec    2417385735.2924423     
 Events wgts > 1:           13
 % Cross section > 1:    4345703.7668148419       0.17976873543059613     
 Iteration  6   Mean: 0.2421E+10 Abs mean: 0.2421E+10   Fluctuation:  0.106E+08   0.105E+12    71.0%
  6    0.2421E+10 0.2421E+10 +- 0.1060E+08      1.11
 Relative summed weights:
  0.1000E+01  0.0000E+00
 Relative number of events:
  0.1000E+01  0.0000E+00
 Events:
       64000           0
 Found         9040  events.
 Wrote         9036  events.
 Actual xsec    2418022510.5493159     
 Correct abs xsec    2418022510.5493159     
 Event xsec    2418022510.5490847     
 Events wgts > 1:           48
 % Cross section > 1:    6943281.9275509212       0.28714711700406131     
 Checking number of events   13885.736069080502             9036  chi2:   8.05636407697184198E-002
 Found         9040  events.
 Wrote         9036  events.
 Actual xsec    2418022510.5493159     
 Correct abs xsec    2418022510.5493159     
 Event xsec    2418022510.5490847     
 Events wgts > 1:           48
 % Cross section > 1:    6943281.9275509212       0.28714711700406131     
 Iteration  7   Mean: 0.2418E+10 Abs mean: 0.2418E+10   Fluctuation:  0.774E+07   0.216E+12    68.8%
  7    0.2418E+10 0.2418E+10 +- 0.7742E+07      1.15
 Relative summed weights:
  0.1000E+01  0.0000E+00
 Relative number of events:
  0.1000E+01  0.0000E+00
 Events:
      128000           0
 Found        18503  events.
 Wrote        18498  events.
 Actual xsec    2417972433.5274467     
 Correct abs xsec    2417972433.5274467     
 Event xsec    2417972433.5272422     
 Events wgts > 1:          106
 % Cross section > 1:    9644557.2687372714       0.39886961220100320     
 Checking number of events   13885.448496774716            18498  chi2:   7.83877596329479176E-002

 -------------------------------------------------------------------------------
 Accumulated results:   Integral =  0.2419E+10
                        Std dev  =  0.5510E+07
                       Cross sec =  0.2208E+00
             Chi**2 per DoF.     =
-------------------------------------------------
---------------------------
 Results Last   3 iters: Integral =   0.2418E+10
                     Abs integral =   0.2418E+10
                          Std dev =   0.5779E+07
                  Chi**2 per DoF. =      0.0784
-------------------------------------------------
---------------------------
 Status -5.74259999999999987E-006           8           9
 We found enough events       18498   13885.448496774716     

ls status:
events.lhe
ftn25
ftn26
input_sg.txt
moffset.dat
results.dat
run_01_ftn26.gz
run_01_log.txt
run_01_results.dat
run_02_ftn26.gz
run_02_log.txt
run_02_results.dat
run_03_ftn26.gz
run_03_log.txt
run_03_results.dat
run1_app.log
