 Process in group number            1
 No PDF is used, alpha_s(MZ) from param_card is used
 Value of alpha_s from param_card:   0.11800000071525575     
 The default order of alpha_s running is fixed to            2
 Warning: pt or E min of a gamma should in general be >0
 Warning: pt or E min of a gamma should in general be >0
 *****************************************************
 *               MadGraph/MadEvent                   *
 *        --------------------------------           *
 *          http://madgraph.hep.uiuc.edu             *
 *          http://madgraph.phys.ucl.ac.be           *
 *          http://madgraph.roma2.infn.it            *
 *        --------------------------------           *
 *                                                   *
 *          PARAMETER AND COUPLING VALUES            *
 *                                                   *
 *****************************************************

  External Params
  ---------------------------------
  
 mdl_MB =    4.6999998092651367     
 mdl_MT =    173.00000000000000     
 mdl_Me =   5.10999991092830896E-004
 mdl_MM =   0.10565999895334244     
 mdl_MTA =    1.7769999504089355     
 mdl_MZ =    91.188003540039063     
 mdl_MH =    125.00000000000000     
 aEWM1 =    132.50700378417969     
 mdl_Gf =   1.16639000000000003E-005
 aS =   0.11800000071525575     
 mdl_ymb =    4.6999998092651367     
 mdl_ymt =    173.00000000000000     
 mdl_yme =   5.10999991092830896E-004
 mdl_ymm =   0.10565999895334244     
 mdl_ymtau =    1.7769999504089355     
 mdl_WT =    1.4915000200271606     
 mdl_WTau =   2.26999999999999982E-012
 mdl_WZ =    2.4414041042327881     
 mdl_WW =    2.0476000308990479     
 mdl_WH =   6.38233916833996773E-003
  Internal Params
  ---------------------------------
  
 mdl_conjg__CKM3x3 =    1.0000000000000000     
 mdl_CKM3x3 =    1.0000000000000000     
 mdl_conjg__CKM1x1 =    1.0000000000000000     
 mdl_complexi =  (  0.0000000000000000     ,  1.0000000000000000     )
 mdl_MZ__exp__2 =    8315.2519896181766     
 mdl_MZ__exp__4 =    69143415.650849044     
 mdl_sqrt__2 =    1.4142135623730951     
 mdl_MH__exp__2 =    15625.000000000000     
 mdl_aEW =   7.54677089845565054E-003
 mdl_MW =    80.419007276179556     
 mdl_sqrt__aEW =   8.68721526063194194E-002
 mdl_ee =   0.30795376284704501     
 mdl_MW__exp__2 =    6467.2167312862202     
 mdl_sw2 =   0.22224645274001076     
 mdl_cw =   0.88190336616887299     
 mdl_sqrt__sw2 =   0.47143022043565552     
 mdl_sw =   0.47143022043565552     
 mdl_g1 =   0.34919218438279087     
 mdl_gw =   0.65323296958447097     
 mdl_vev =    246.21845810181631     
 mdl_vev__exp__2 =    60623.529110035874     
 mdl_lam =   0.12886910601690271     
 mdl_yb =   2.69955531549349904E-002
 mdl_ye =   2.93504850670934038E-006
 mdl_ym =   6.06883028478528356E-004
 mdl_yt =   0.99366614581500645     
 mdl_ytau =   1.02066167158167895E-002
 mdl_muH =    88.388347648318444     
 mdl_I1x33 =  ( 2.69955531549349904E-002,  0.0000000000000000     )
 mdl_I2x33 =  ( 0.99366614581500645     ,  0.0000000000000000     )
 mdl_I3x33 =  ( 0.99366614581500645     ,  0.0000000000000000     )
 mdl_I4x33 =  ( 2.69955531549349904E-002,  0.0000000000000000     )
 mdl_ee__exp__2 =   9.48355200516540348E-002
 mdl_sw__exp__2 =   0.22224645274001076     
 mdl_cw__exp__2 =   0.77775354725998924     
  Internal Params evaluated point by point
  ----------------------------------------
  
 mdl_sqrt__aS =   0.34351128178744839     
 mdl_G__exp__2 =    1.4828317414825511     
  Couplings of sm-lepton_masses
  ---------------------------------
  
         GC_3 =  -0.00000E+00  -0.30795E+00

 Collider parameters:
 --------------------

 Running at e e   machine @   7.00000000000000067E-002  GeV
 PDF set = none   
 alpha_s(Mz)= 0.1180 running at 2 loops.
 alpha_s(Mz)= 0.1180 running at 2 loops.
 Renormalization scale fixed @    91.188000000000002     
 Factorization scales  fixed @    91.188000000000002        91.188000000000002     


 getting user params
Enter number of events and max and min iterations: 
 Number of events and iterations         2000           9           3
Enter desired fractional accuracy: 
 Desired fractional accuracy:  -1.69639999999999989E-005
Enter 0 for fixed, 2 for adjustable grid: 
Suppress amplitude (0 no, 1 yes)? 
 Using suppressed amplitude.
Exact helicity sum (0 yes, n = number/event)? 
 Explicitly summing over helicities
Enter Configuration Number: 
Running Configuration Number:    1
 Not subdividing B.W.
 Attempting mappinvarients           1           4
 Completed mapping           4
 about to integrate            2        2000           9           3           2           1
 Using non-zero grid deformation.
  2 dimensions   2000 events  2 invarients  9 iterations  1 config(s),  (0.99)
 Using h-tuple random number sequence.
 Error opening grid
 Using Uniform Grid!
 Using uniform alpha   1.0000000000000000     
 Grid defined OK
 Set CM energy to          0.07
 Mapping Graph           1  to config           1
 Warning: No cutoff for shat integral found
          Minimum set to    204.08163265306121     
Setting grid   1    0.20408E+03   1
 Masses: 0.511E-03 0.511E-03 0.000E+00 0.000E+00
   1   1   2
 Got moffset          19
Using random seed offsets     1 :      1
  with seed                  267
 Ranmar initialization seeds       26466        9472
  Particle       3       4
      Et >     0.0     0.0
       E >     0.0     0.0
     Eta <    -1.0    -1.0
   xqcut:      0.0     0.0
d R # 3  >    -0.0     0.0
s min # 3>     0.0     0.0
xqcutij # 3>     0.0     0.0
 alpha_s for scale    91.188000000000002       is   0.11800000071525575     
 Added good helicity            1  3.41542768257289140E-003  in event            1
 Added good helicity            2  7.80214111180656473E-004  in event            1
 Added good helicity            3  7.80214111180656473E-004  in event            1
 Added good helicity            6   5.6046324430185717       in event            1
 Added good helicity            7   2.3903917010667928       in event            1
 Added good helicity           10   2.3903917010667928       in event            1
 Added good helicity           11   5.6046324430185717       in event            1
 Added good helicity           14  7.80214111180656473E-004  in event            1
 Added good helicity           15  7.80214111180656473E-004  in event            1
 Added good helicity           16  3.41542768257289140E-003  in event            1
 Iteration  1   Mean: 0.1570E+09 Abs mean: 0.1570E+09   Fluctuation:  0.246E+08   0.407E+11   100.0%
  1    0.1570E+09 0.1570E+09 +- 0.2464E+08      7.02
 Writing out events   8723.4692233895930        7.0188638176192821     
 Relative summed weights:
  0.5924E+00  0.0000E+00
  0.4076E+00  0.0000E+00
 Relative number of events:
  0.4940E+00  0.0000E+00
  0.5060E+00  0.0000E+00
 Events:
         988           0
        1012           0
 Iteration  2   Mean: 0.8627E+08 Abs mean: 0.8627E+08   Fluctuation:  0.374E+07   0.287E+10   100.0%
  2    0.8627E+08 0.8627E+08 +- 0.3743E+07      2.74
 Relative summed weights:
  0.4970E+00  0.0000E+00
  0.5030E+00  0.0000E+00
 Relative number of events:
  0.4935E+00  0.0000E+00
  0.5065E+00  0.0000E+00
 Events:
        1974           0
        2026           0
 Iteration  3   Mean: 0.2176E+09 Abs mean: 0.2176E+09   Fluctuation:  0.288E+08   0.174E+12   100.0%
  3    0.2176E+09 0.2176E+09 +- 0.2880E+08     11.83
 Relative summed weights:
  0.4726E+00  0.0000E+00
  0.5274E+00  0.0000E+00
 Relative number of events:
  0.5099E+00  0.0000E+00
  0.4901E+00  0.0000E+00
 Events:
        4079           0
        3921           0
 Found          851  events.
 Wrote            4  events.
 Actual xsec    102767450.27912565     
 Correct abs xsec    102767450.27912565     
 Event xsec    102767450.27912565     
 Events wgts > 1:            1
 % Cross section > 1:    1.7508177980780602       1.70366958927430950E-006
 Checking number of events   1743.3470265350873                4  chi2:    20.091451624999578     
 Found          851  events.
 Wrote            7  events.
 Actual xsec    102767450.27912565     
 Correct abs xsec    102767450.27912565     
 Event xsec    102767450.27912563     
 Events wgts > 1:            1
 % Cross section > 1:    1.0004673190414906       9.73525485281702925E-007
 Iteration  4   Mean: 0.2389E+09 Abs mean: 0.2389E+09   Fluctuation:  0.196E+08   0.222E+12   100.0%
  4    0.2389E+09 0.2389E+09 +- 0.1961E+08     10.38
 Relative summed weights:
  0.4927E+00  0.0000E+00
  0.5073E+00  0.0000E+00
 Relative number of events:
  0.5088E+00  0.0000E+00
  0.4912E+00  0.0000E+00
 Events:
        8141           0
        7859           0
 Found         1138  events.
 Wrote           19  events.
 Actual xsec    127194058.27363132     
 Correct abs xsec    127194058.27363132     
 Event xsec    127194058.27363138     
 Events wgts > 1:            1
 % Cross section > 1:    3.1437147324904799       2.47158929839901489E-006
 Checking number of events   2157.7200045538816               19  chi2:    80.925450931627580     
 Found         1138  events.
 Wrote           10  events.
 Actual xsec    127194058.27363132     
 Correct abs xsec    127194058.27363132     
 Event xsec    127194058.27363132     
 Events wgts > 1:            1
 % Cross section > 1:    5.9730578586459160       4.69601956232588749E-006
 Iteration  5   Mean: 0.2826E+09 Abs mean: 0.2826E+09   Fluctuation:  0.487E+07   0.169E+11   100.0%
  5    0.2826E+09 0.2826E+09 +- 0.4871E+07      3.08
 Relative summed weights:
  0.5068E+00  0.0000E+00
  0.4932E+00  0.0000E+00
 Relative number of events:
  0.4989E+00  0.0000E+00
  0.5011E+00  0.0000E+00
 Events:
       15964           0
       16036           0
 Found         3139  events.
 Wrote          720  events.
 Actual xsec    279731792.23568678     
 Correct abs xsec    279731792.23568678     
 Event xsec    279731792.23568547     
 Events wgts > 1:           51
 % Cross section > 1:    2690249.6549345986       0.96172466970359716     
 Checking number of events   4745.3701234861901              720  chi2:    4.6670307311736678     
 Found         3139  events.
 Wrote          694  events.
 Actual xsec    279731792.23568678     
 Correct abs xsec    279731792.23568678     
 Event xsec    279731792.23568994     
 Events wgts > 1:           51
 % Cross section > 1:    2790031.8566452540       0.99739533870876329     
 Iteration  6   Mean: 0.2808E+09 Abs mean: 0.2808E+09   Fluctuation:  0.122E+07   0.192E+10   100.0%
  6    0.2808E+09 0.2808E+09 +- 0.1217E+07      1.10
 Relative summed weights:
  0.4977E+00  0.0000E+00
  0.5023E+00  0.0000E+00
 Relative number of events:
  0.4996E+00  0.0000E+00
  0.5004E+00  0.0000E+00
 Events:
       31972           0
       32028           0
 Found         6328  events.
 Wrote         6324  events.
 Actual xsec    280774116.21723491     
 Correct abs xsec    280774116.21723491     
 Event xsec    280774116.21727252     
 Events wgts > 1:            0
 % Cross section > 1:    0.0000000000000000        0.0000000000000000     
 Checking number of events   4763.0521075091729             6324  chi2:    2.3525817525036454     

 -------------------------------------------------------------------------------
 Accumulated results:   Integral =  0.2788E+09
                        Std dev  =  0.1164E+07
                       Cross sec =  0.5403E+02
             Chi**2 per DoF.     =
-------------------------------------------------
---------------------------
 Results Last   3 iters: Integral =   0.2808E+09
                     Abs integral =   0.2808E+09
                          Std dev =   0.1179E+07
                  Chi**2 per DoF. =      2.3526
-------------------------------------------------
---------------------------
 Status -1.69639999999999989E-005           7           9
 We found enough events        6324   4763.0521075091729     

ls status:
events.lhe
ftn25
ftn26
input_sg.txt
moffset.dat
results.dat
run_01_ftn26.gz
run_01_log.txt
run_01_results.dat
run_12_ftn26.gz
run_12_log.txt
run_12_results.dat
run_13_ftn26.gz
run_13_log.txt
run_13_results.dat
run_14_ftn26.gz
run_14_log.txt
run_14_results.dat
run_15_ftn26.gz
run_15_log.txt
run_15_results.dat
run1_app.log
run_20_ftn26.gz
run_20_log.txt
run_20_results.dat
run_21_ftn26.gz
run_21_log.txt
run_21_results.dat
run_25_ftn26.gz
run_25_log.txt
run_25_results.dat
