 Process in group number            0
 No PDF is used, alpha_s(MZ) from param_card is used
 Value of alpha_s from param_card:   0.11800000071525575     
 The default order of alpha_s running is fixed to            2
 Warning: pt or E min of a gamma should in general be >0
 *****************************************************
 *               MadGraph/MadEvent                   *
 *        --------------------------------           *
 *          http://madgraph.hep.uiuc.edu             *
 *          http://madgraph.phys.ucl.ac.be           *
 *          http://madgraph.roma2.infn.it            *
 *        --------------------------------           *
 *                                                   *
 *          PARAMETER AND COUPLING VALUES            *
 *                                                   *
 *****************************************************

  External Params
  ---------------------------------
  
 aEWM1 =    132.50700378417969     
 mdl_Gf =   1.16639000000000003E-005
 aS =   0.11800000071525575     
 mdl_ymb =    4.6999998092651367     
 mdl_ymt =    173.00000000000000     
 mdl_yme =   5.10999991092830896E-004
 mdl_ymm =   0.10565999895334244     
 mdl_ymtau =    1.7769999504089355     
 mdl_MZ =    91.188003540039063     
 mdl_MT =    173.00000000000000     
 mdl_MB =    4.6999998092651367     
 mdl_MH =    125.00000000000000     
 mdl_Me =   5.10999991092830896E-004
 mdl_MM =   0.10565999895334244     
 mdl_MTA =    1.7769999504089355     
 mdl_WZ =    2.4414041042327881     
 mdl_WW =    2.0476000308990479     
 mdl_WT =    1.4915000200271606     
 mdl_WH =   6.38233916833996773E-003
 mdl_WTau =   2.26999999999999982E-012
  Internal Params
  ---------------------------------
  
 mdl_conjg__CKM3x3 =    1.0000000000000000     
 mdl_CKM3x3 =    1.0000000000000000     
 mdl_conjg__CKM1x1 =    1.0000000000000000     
 mdl_complexi =  (  0.0000000000000000     ,  1.0000000000000000     )
 mdl_MZ__exp__2 =    8315.2519896181766     
 mdl_MZ__exp__4 =    69143415.650849044     
 mdl_sqrt__2 =    1.4142135623730951     
 mdl_MH__exp__2 =    15625.000000000000     
 mdl_aEW =   7.54677089845565054E-003
 mdl_MW =    80.419007276179556     
 mdl_sqrt__aEW =   8.68721526063194194E-002
 mdl_ee =   0.30795376284704501     
 mdl_MW__exp__2 =    6467.2167312862202     
 mdl_sw2 =   0.22224645274001076     
 mdl_cw =   0.88190336616887299     
 mdl_sqrt__sw2 =   0.47143022043565552     
 mdl_sw =   0.47143022043565552     
 mdl_g1 =   0.34919218438279087     
 mdl_gw =   0.65323296958447097     
 mdl_vev =    246.21845810181631     
 mdl_vev__exp__2 =    60623.529110035874     
 mdl_lam =   0.12886910601690271     
 mdl_yb =   2.69955531549349904E-002
 mdl_ye =   2.93504850670934038E-006
 mdl_ym =   6.06883028478528356E-004
 mdl_yt =   0.99366614581500645     
 mdl_ytau =   1.02066167158167895E-002
 mdl_muH =    88.388347648318444     
 mdl_I1x33 =  ( 2.69955531549349904E-002,  0.0000000000000000     )
 mdl_I2x33 =  ( 0.99366614581500645     ,  0.0000000000000000     )
 mdl_I3x33 =  ( 0.99366614581500645     ,  0.0000000000000000     )
 mdl_I4x33 =  ( 2.69955531549349904E-002,  0.0000000000000000     )
 mdl_ee__exp__2 =   9.48355200516540348E-002
 mdl_sw__exp__2 =   0.22224645274001076     
 mdl_cw__exp__2 =   0.77775354725998924     
  Internal Params evaluated point by point
  ----------------------------------------
  
 mdl_sqrt__aS =   0.34351128178744839     
 mdl_G__exp__2 =    1.4828317414825511     
  Couplings of sm-lepton_masses
  ---------------------------------
  
         GC_3 =  -0.00000E+00  -0.30795E+00
        GC_50 =  -0.00000E+00  -0.28804E+00
        GC_59 =   0.00000E+00   0.82310E-01
        GC_89 =  -0.00000E+00  -0.20754E-05

 Collider parameters:
 --------------------

 Running at e e   machine @   7.14879999999999960E-002  GeV
 PDF set = none   
 alpha_s(Mz)= 0.1180 running at 2 loops.
 alpha_s(Mz)= 0.1180 running at 2 loops.
 Renormalization scale fixed @    91.188000000000002     
 Factorization scales  fixed @    91.188000000000002        91.188000000000002     


 getting user params
Enter number of events and max and min iterations: 
 Number of events and iterations         2000           9           3
Enter desired fractional accuracy: 
 Desired fractional accuracy:  -1.09789999999999995E-035
Enter 0 for fixed, 2 for adjustable grid: 
Suppress amplitude (0 no, 1 yes)? 
 Using suppressed amplitude.
Exact helicity sum (0 yes, n = number/event)? 
 Explicitly summing over helicities
Enter Configuration Number: 
Running Configuration Number:   22
 Not subdividing B.W.
 Attempting mappinvarients           1           5
 Completed mapping           5
 about to integrate            5        2000           9           3           5           1
 Keeping grid fixed.
  5 dimensions   2000 events  5 invarients  9 iterations  1 config(s),  (0.99)
 Using h-tuple random number sequence.
 Grid read from file
 Grid defined OK
 Set CM energy to          0.07
 Mapping Graph          22  to config          22
 No modification is setgrid, grid read from file
 No modification is setgrid, grid read from file
 Masses: 0.511E-03 0.511E-03 0.000E+00 0.511E-03 0.511E-03
  22   1   2   3   4   5
 Got moffset           2
Using random seed offsets    22 :      1
  with seed                   57
 Ranmar initialization seeds       11145       15747
  Particle       3       4       5
      Et >     0.0     0.0     0.0
       E >     0.0     0.0     0.0
     Eta <    -1.0    -1.0    -1.0
   xqcut:      0.0     0.0     0.0
d R # 3  >    -0.0     0.0     0.0
d R # 4  >    -0.0    -0.0     0.4
s min # 3>     0.0     0.0     0.0
s min # 4>     0.0     0.0     0.0
xqcutij # 3>     0.0     0.0     0.0
xqcutij # 4>     0.0     0.0     0.0
 alpha_s for scale    91.188000000000002       is   0.11800000071525575     
 Added good helicity            1   4.0140610245466455       in event            1
 Added good helicity            3  1.83260753787829435E-006  in event            1
 Added good helicity            5   3.9859371428425097       in event            1
 Added good helicity           10   4.0140610245470612       in event            1
 Added good helicity           12  1.83260753787848324E-006  in event            1
 Added good helicity           14   3.9859371428429151       in event            1
 Added good helicity           19   3.9859371428429151       in event            1
 Added good helicity           21  1.83260753787850462E-006  in event            1
 Added good helicity           23   4.0140610245470612       in event            1
 Added good helicity           28   3.9859371428425097       in event            1
 Added good helicity           30  1.83260753787831574E-006  in event            1
 Added good helicity           32   4.0140610245466455       in event            1
 Added good helicity            2   11.631195389519636       in event            7
 Added good helicity            4  4.18733018396429647E-005  in event            7
 Added good helicity           11  7.04523096791726412E-005  in event            7
 Added good helicity           13   4.3648659446934497       in event            7
 Added good helicity           15  1.08981997268956589E-004  in event            7
 Added good helicity           18  1.08981997271292557E-004  in event            7
 Added good helicity           20   4.3648659447870068       in event            7
 Added good helicity           22  7.04523096801131865E-005  in event            7
 Added good helicity           29  4.18733018373613087E-005  in event            7
 Added good helicity           31   11.631195389434726       in event            7
 Added good helicity            6  2.48534710210504789E-006  in event           10
 Added good helicity            7  2.63480038678213760E-006  in event           10
 Added good helicity            9  2.66101297741817930E-006  in event           10
 Added good helicity           16  2.65734088957908630E-006  in event           10
 Added good helicity           17  2.65734341242422574E-006  in event           10
 Added good helicity           24  2.66101550186013170E-006  in event           10
 Added good helicity           26  2.63479787480941015E-006  in event           10
 Added good helicity           27  2.48534945240891233E-006  in event           10
 Iteration  1   Mean: 0.5173E+36 Abs mean: 0.5173E+36   Fluctuation:  0.397E+36   0.778E+39    99.8%
  1    0.5173E+36 0.5173E+36 +- 0.3968E+36     34.30
 Writing out events  2.88121606377076984E+031   34.299330385874420     
 Relative summed weights:
  0.1000E+01  0.0000E+00
 Relative number of events:
  0.1000E+01  0.0000E+00
 Events:
        2000           0
 Iteration  2   Mean: 0.2463E+35 Abs mean: 0.2463E+35   Fluctuation:  0.111E+35   0.342E+38    99.6%
  2    0.2463E+35 0.2463E+35 +- 0.1109E+35     28.48
 Relative summed weights:
  0.1000E+01  0.0000E+00
 Relative number of events:
  0.1000E+01  0.0000E+00
 Events:
        4000           0
 Iteration  3   Mean: 0.6786E+37 Abs mean: 0.6786E+37   Fluctuation:  0.592E+37   0.470E+41    99.6%
  3    0.6786E+37 0.6786E+37 +- 0.5920E+37     78.03
 Relative summed weights:
  0.1000E+01  0.0000E+00
 Relative number of events:
  0.1000E+01  0.0000E+00
 Events:
        8000           0
 Found          103  events.
 Wrote            1  events.
 Actual xsec   1.24797538885934836E+036
 Correct abs xsec   1.24797538885934836E+036
 Event xsec   1.24797538885934836E+036
 Events wgts > 1:            0
 % Cross section > 1:    0.0000000000000000        0.0000000000000000     
 Checking number of events   13.701521794286785                1  chi2:    6086.0503943226076     
 Found          103  events.
 Wrote            2  events.
 Actual xsec   1.24797538885934836E+036
 Correct abs xsec   1.24797538885934836E+036
 Event xsec   1.24797538885934836E+036
 Events wgts > 1:            0
 % Cross section > 1:    0.0000000000000000        0.0000000000000000     
 Iteration  4   Mean: 0.1768E+36 Abs mean: 0.1768E+36   Fluctuation:  0.711E+35   0.745E+39    99.6%
  4    0.1768E+36 0.1768E+36 +- 0.7110E+35     50.87
 Relative summed weights:
  0.1000E+01  0.0000E+00
 Relative number of events:
  0.1000E+01  0.0000E+00
 Events:
       16000           0
 Found           15  events.
 Wrote            4  events.
 Actual xsec   8.15088460060476524E+035
 Correct abs xsec   8.15088460060476524E+035
 Event xsec   8.15088460060476671E+035
 Events wgts > 1:            1
 % Cross section > 1:   4.26786689251433422E+033  0.52360781702119463     
 Checking number of events   8.9488562030039720                4  chi2:    2580.8641065245301     
 Found           15  events.
 Wrote            2  events.
 Actual xsec   8.15088460060476524E+035
 Correct abs xsec   8.15088460060476524E+035
 Event xsec   8.15088460060476671E+035
 Events wgts > 1:            1
 % Cross section > 1:   8.49127281679536185E+033   1.0417608925742048     
 Iteration  5   Mean: 0.4831E+36 Abs mean: 0.4831E+36   Fluctuation:  0.254E+36   0.772E+40    99.7%
  5    0.4831E+36 0.4831E+36 +- 0.2539E+36     94.02
 Relative summed weights:
  0.1000E+01  0.0000E+00
 Relative number of events:
  0.1000E+01  0.0000E+00
 Events:
       32000           0
 Found          184  events.
 Wrote            3  events.
 Actual xsec   1.05771647165112793E+036
 Correct abs xsec   1.05771647165112793E+036
 Event xsec   1.05771647165112793E+036
 Events wgts > 1:            0
 % Cross section > 1:    0.0000000000000000        0.0000000000000000     
 Checking number of events   11.612669142257733                3  chi2:    79.788429022274585     
 Found          184  events.
 Wrote            1  events.
 Actual xsec   1.05771647165112793E+036
 Correct abs xsec   1.05771647165112793E+036
 Event xsec   1.05771647165112793E+036
 Events wgts > 1:            0
 % Cross section > 1:    0.0000000000000000        0.0000000000000000     
 Iteration  6   Mean: 0.6732E+37 Abs mean: 0.6732E+37   Fluctuation:  0.604E+37   0.386E+42    99.6%
  6    0.6732E+37 0.6732E+37 +- 0.6042E+37    227.04
 Relative summed weights:
  0.1000E+01  0.0000E+00
 Relative number of events:
  0.1000E+01  0.0000E+00
 Events:
       64000           0
 Found          227  events.
 Wrote            1  events.
 Actual xsec   1.01415971369923078E+036
 Correct abs xsec   1.01415971369923078E+036
 Event xsec   1.01415971369923078E+036
 Events wgts > 1:            1
 % Cross section > 1:   9.27360960451721122E+027  9.14413132295598484E-007
 Checking number of events   11.134459496703855                1  chi2:    71.991777022226188     
 Found          227  events.
 Wrote            1  events.
 Actual xsec   1.01415971369923078E+036
 Correct abs xsec   1.01415971369923078E+036
 Event xsec   1.01415971369923078E+036
 Events wgts > 1:            1
 % Cross section > 1:   9.27360960451721122E+027  9.14413132295598484E-007
 Iteration  7   Mean: 0.3113E+37 Abs mean: 0.3113E+37   Fluctuation:  0.148E+37   0.161E+42    99.6%
  7    0.3113E+37 0.3113E+37 +- 0.1485E+37    170.62
 Relative summed weights:
  0.1000E+01  0.0000E+00
 Relative number of events:
  0.1000E+01  0.0000E+00
 Events:
      128000           0
 Found          125  events.
 Wrote            1  events.
 Actual xsec   2.57004298747003544E+036
 Correct abs xsec   2.57004298747003544E+036
 Event xsec   2.57004298747003544E+036
 Events wgts > 1:            0
 % Cross section > 1:    0.0000000000000000        0.0000000000000000     
 Checking number of events   28.216501959433518                1  chi2:    34.076260754582165     
 Found          125  events.
 Wrote            1  events.
 Actual xsec   2.57004298747003544E+036
 Correct abs xsec   2.57004298747003544E+036
 Event xsec   2.57004298747003544E+036
 Events wgts > 1:            0
 % Cross section > 1:    0.0000000000000000        0.0000000000000000     
 Iteration  8   Mean: 0.1299E+38 Abs mean: 0.1299E+38   Fluctuation:  0.114E+38   0.291E+43    99.6%
  8    0.1299E+38 0.1299E+38 +- 0.1138E+38    443.39
 Relative summed weights:
  0.1000E+01  0.0000E+00
 Relative number of events:
  0.1000E+01  0.0000E+00
 Events:
      256000           0
 Found          382  events.
 Wrote            1  events.
 Actual xsec   5.61294148828213417E+036
 Correct abs xsec   5.61294148828213417E+036
 Event xsec   5.61294148828213417E+036
 Events wgts > 1:            0
 % Cross section > 1:    0.0000000000000000        0.0000000000000000     
 Checking number of events   61.624484599849545                1  chi2:    1.6448762441184486     
 Found          382  events.
 Wrote            1  events.
 Actual xsec   5.61294148828213417E+036
 Correct abs xsec   5.61294148828213417E+036
 Event xsec   5.61294148828213417E+036
 Events wgts > 1:            0
 % Cross section > 1:    0.0000000000000000        0.0000000000000000     
 Iteration  9   Mean: 0.3549E+37 Abs mean: 0.3549E+37   Fluctuation:  0.121E+37   0.467E+42    99.6%
  9    0.3549E+37 0.3549E+37 +- 0.1212E+37    244.31
 Relative summed weights:
  0.1000E+01  0.0000E+00
 Relative number of events:
  0.1000E+01  0.0000E+00
 Events:
      512000           0
 Found          376  events.
 Wrote            5  events.
 Actual xsec   4.27538259846984589E+036
 Correct abs xsec   4.27538259846984589E+036
 Event xsec   4.27538259846984589E+036
 Events wgts > 1:            0
 % Cross section > 1:    0.0000000000000000        0.0000000000000000     
 Checking number of events   46.939425548600433                5  chi2:   0.77936834767461416     
 Found          376  events.
 Wrote            3  events.
 Actual xsec   4.27538259846984589E+036
 Correct abs xsec   4.27538259846984589E+036
 Event xsec   4.27538259846984648E+036
 Events wgts > 1:            0
 % Cross section > 1:    0.0000000000000000        0.0000000000000000     

 -------------------------------------------------------------------------------
 Accumulated results:   Integral =  0.2470E+37
                        Std dev  =  0.4282E+36
                       Cross sec =  0.2470E+37
             Chi**2 per DoF.     =      5.8544
 -------------------------------------------------------------------------------
-------------------------------------------------
---------------------------
 Results Last   3 iters: Integral =   0.4275E+37
                     Abs integral =   0.4275E+37
                          Std dev =   0.1131E+37
                  Chi**2 per DoF. =      0.7794
-------------------------------------------------
---------------------------
 Status -1.09789999999999995E-035          10           9
 Trying w/ fresh grid
 Starting w/ ncall =         8000
 Keeping grid fixed.
  5 dimensions   8000 events  5 invarients  8 iterations  1 config(s),  (0.99)
 Using h-tuple random number sequence.
 Error opening grid
 Using Uniform Grid!
 Using uniform alpha   1.0000000000000000     
 Grid defined OK
Setting grid   1    0.51095E-04   1
Setting grid   2    0.51095E-04   1
 Iteration  1   Mean: 0.6702E+25 Abs mean: 0.6702E+25   Fluctuation:  0.666E+25   0.533E+29    98.3%
  1    0.6702E+25 0.6702E+25 +- 0.6664E+25     88.93
 Relative summed weights:
  0.1000E+01  0.0000E+00
 Relative number of events:
  0.1000E+01  0.0000E+00
 Events:
        8000           0
 Iteration  2   Mean: 0.4716E+32 Abs mean: 0.4716E+32   Fluctuation:  0.459E+32   0.734E+36    98.9%
  2    0.4716E+32 0.4716E+32 +- 0.4591E+32    123.14
 Relative summed weights:
  0.1000E+01  0.0000E+00
 Relative number of events:
  0.1000E+01  0.0000E+00
 Events:
       16000           0
 Iteration  3   Mean: 0.1692E+36 Abs mean: 0.1692E+36   Fluctuation:  0.168E+36   0.538E+40    99.6%
  3    0.1692E+36 0.1692E+36 +- 0.1682E+36    177.89
 Relative summed weights:
  0.1000E+01  0.0000E+00
 Relative number of events:
  0.1000E+01  0.0000E+00
 Events:
       32000           0
 Found           42  events.
 Wrote            1  events.
 Actual xsec   5.55918313560700646E+034
 Correct abs xsec   5.55918313560700646E+034
 Event xsec   5.55918313560700646E+034
 Events wgts > 1:            1
 % Cross section > 1:   2.15004624889844162E+028  3.86755787037708083E-005
 Checking number of events  0.61034271645829319                1  chi2:   3.48004155669823324E+019
 Found           42  events.
 Wrote            1  events.
 Actual xsec   5.55918313560700646E+034
 Correct abs xsec   5.55918313560700646E+034
 Event xsec   5.55918313560700646E+034
 Events wgts > 1:            1
 % Cross section > 1:   2.15004624889844162E+028  3.86755787037708083E-005
 Iteration  4   Mean: 0.1734E+35 Abs mean: 0.1734E+35   Fluctuation:  0.832E+34   0.332E+39    99.5%
  4    0.1734E+35 0.1734E+35 +- 0.8324E+34    121.46
 Relative summed weights:
  0.1000E+01  0.0000E+00
 Relative number of events:
  0.1000E+01  0.0000E+00
 Events:
       64000           0
 Found           21  events.
 Wrote            4  events.
 Actual xsec   3.84593710266065533E+034
 Correct abs xsec   3.84593710266065533E+034
 Event xsec   3.84593710266065533E+034
 Events wgts > 1:            0
 % Cross section > 1:    0.0000000000000000        0.0000000000000000     
 Checking number of events  0.42224543450111335                4  chi2:    350048.60559246084     
 Found           21  events.
 Wrote            4  events.
 Actual xsec   3.84593710266065533E+034
 Correct abs xsec   3.84593710266065533E+034
 Event xsec   3.84593710266065533E+034
 Events wgts > 1:            0
 % Cross section > 1:    0.0000000000000000        0.0000000000000000     
 Iteration  5   Mean: 0.4467E+35 Abs mean: 0.4467E+35   Fluctuation:  0.374E+35   0.477E+40    99.1%
  5    0.4467E+35 0.4467E+35 +- 0.3738E+35    299.37
 Relative summed weights:
  0.1000E+01  0.0000E+00
 Relative number of events:
  0.1000E+01  0.0000E+00
 Events:
      128000           0
 Found          170  events.
 Wrote            1  events.
 Actual xsec   4.57477212517405550E+034
 Correct abs xsec   4.57477212517405550E+034
 Event xsec   4.57477212517405550E+034
 Events wgts > 1:            1
 % Cross section > 1:   2.21573605086289232E+027  4.84338015148369962E-006
 Checking number of events  0.50226423162285949                1  chi2:    6.0945709834142523     

 -------------------------------------------------------------------------------
 Accumulated results:   Integral =  0.3506E+35
                        Std dev  =  0.1179E+35
                       Cross sec =  0.4517E+01
             Chi**2 per DoF.     =
-------------------------------------------------
---------------------------
 Results Last   3 iters: Integral =   0.4575E+35
                     Abs integral =   0.4575E+35
                         Std dev =   0.1757E+35
                 Chi**2 per DoF. =      6.0946
-------------------------------------------------
---------------------------

ls status:
events.lhe
ftn25
ftn26
input_sg.txt
log.txt
moffset.dat
results.dat
run_01_ftn26.gz
run_01_log.txt
run_01_results.dat
run_02_ftn26.gz
run_02_log.txt
run_02_results.dat
run_03_ftn26.gz
run_03_log.txt
run_03_results.dat
run1_app.log
