 Process in group number            0
 No PDF is used, alpha_s(MZ) from param_card is used
 Value of alpha_s from param_card:   0.11800000071525575     
 The default order of alpha_s running is fixed to            2
 Warning: pt or E min of a gamma should in general be >0
 *****************************************************
 *               MadGraph/MadEvent                   *
 *        --------------------------------           *
 *          http://madgraph.hep.uiuc.edu             *
 *          http://madgraph.phys.ucl.ac.be           *
 *          http://madgraph.roma2.infn.it            *
 *        --------------------------------           *
 *                                                   *
 *          PARAMETER AND COUPLING VALUES            *
 *                                                   *
 *****************************************************

  External Params
  ---------------------------------
  
 aEWM1 =    132.50700378417969     
 mdl_Gf =   1.16639000000000003E-005
 aS =   0.11800000071525575     
 mdl_ymb =    4.6999998092651367     
 mdl_ymt =    173.00000000000000     
 mdl_yme =   5.10999991092830896E-004
 mdl_ymm =   0.10565999895334244     
 mdl_ymtau =    1.7769999504089355     
 mdl_MZ =    91.188003540039063     
 mdl_MT =    173.00000000000000     
 mdl_MB =    4.6999998092651367     
 mdl_MH =    125.00000000000000     
 mdl_Me =   5.10999991092830896E-004
 mdl_MM =   0.10565999895334244     
 mdl_MTA =    1.7769999504089355     
 mdl_WZ =    2.4414041042327881     
 mdl_WW =    2.0476000308990479     
 mdl_WT =    1.4915000200271606     
 mdl_WH =   6.38233916833996773E-003
 mdl_WTau =   2.26999999999999982E-012
  Internal Params
  ---------------------------------
  
 mdl_conjg__CKM3x3 =    1.0000000000000000     
 mdl_CKM3x3 =    1.0000000000000000     
 mdl_conjg__CKM1x1 =    1.0000000000000000     
 mdl_complexi =  (  0.0000000000000000     ,  1.0000000000000000     )
 mdl_MZ__exp__2 =    8315.2519896181766     
 mdl_MZ__exp__4 =    69143415.650849044     
 mdl_sqrt__2 =    1.4142135623730951     
 mdl_MH__exp__2 =    15625.000000000000     
 mdl_aEW =   7.54677089845565054E-003
 mdl_MW =    80.419007276179556     
 mdl_sqrt__aEW =   8.68721526063194194E-002
 mdl_ee =   0.30795376284704501     
 mdl_MW__exp__2 =    6467.2167312862202     
 mdl_sw2 =   0.22224645274001076     
 mdl_cw =   0.88190336616887299     
 mdl_sqrt__sw2 =   0.47143022043565552     
 mdl_sw =   0.47143022043565552     
 mdl_g1 =   0.34919218438279087     
 mdl_gw =   0.65323296958447097     
 mdl_vev =    246.21845810181631     
 mdl_vev__exp__2 =    60623.529110035874     
 mdl_lam =   0.12886910601690271     
 mdl_yb =   2.69955531549349904E-002
 mdl_ye =   2.93504850670934038E-006
 mdl_ym =   6.06883028478528356E-004
 mdl_yt =   0.99366614581500645     
 mdl_ytau =   1.02066167158167895E-002
 mdl_muH =    88.388347648318444     
 mdl_I1x33 =  ( 2.69955531549349904E-002,  0.0000000000000000     )
 mdl_I2x33 =  ( 0.99366614581500645     ,  0.0000000000000000     )
 mdl_I3x33 =  ( 0.99366614581500645     ,  0.0000000000000000     )
 mdl_I4x33 =  ( 2.69955531549349904E-002,  0.0000000000000000     )
 mdl_ee__exp__2 =   9.48355200516540348E-002
 mdl_sw__exp__2 =   0.22224645274001076     
 mdl_cw__exp__2 =   0.77775354725998924     
  Internal Params evaluated point by point
  ----------------------------------------
  
 mdl_sqrt__aS =   0.34351128178744839     
 mdl_G__exp__2 =    1.4828317414825511     
  Couplings of sm-lepton_masses
  ---------------------------------
  
         GC_3 =  -0.00000E+00  -0.30795E+00
        GC_50 =  -0.00000E+00  -0.28804E+00
        GC_59 =   0.00000E+00   0.82310E-01
        GC_89 =  -0.00000E+00  -0.20754E-05

 Collider parameters:
 --------------------

 Running at e e   machine @   7.00000000000000067E-002  GeV
 PDF set = none   
 alpha_s(Mz)= 0.1180 running at 2 loops.
 alpha_s(Mz)= 0.1180 running at 2 loops.
 Renormalization scale fixed @    91.188000000000002     
 Factorization scales  fixed @    91.188000000000002        91.188000000000002     


 getting user params
Enter number of events and max and min iterations: 
 Number of events and iterations         2000           9           3
Enter desired fractional accuracy: 
 Desired fractional accuracy:  -6.26620000000000013E-037
Enter 0 for fixed, 2 for adjustable grid: 
Suppress amplitude (0 no, 1 yes)? 
 Using suppressed amplitude.
Exact helicity sum (0 yes, n = number/event)? 
 Explicitly summing over helicities
Enter Configuration Number: 
Running Configuration Number:   22
 Not subdividing B.W.
 Attempting mappinvarients           1           5
 Completed mapping           5
 about to integrate            5        2000           9           3           5           1
 Keeping grid fixed.
  5 dimensions   2000 events  5 invarients  9 iterations  1 config(s),  (0.99)
 Using h-tuple random number sequence.
 Grid read from file
 Grid defined OK
 Set CM energy to          0.07
 Mapping Graph          22  to config          22
 No modification is setgrid, grid read from file
 No modification is setgrid, grid read from file
 Masses: 0.511E-03 0.511E-03 0.000E+00 0.511E-03 0.511E-03
  22   1   2   3   4   5
 Got moffset           1
Using random seed offsets    22 :      1
  with seed                   30
 Ranmar initialization seeds        8313       12562
  Particle       3       4       5
      Et >     0.0     0.0     0.0
       E >     0.0     0.0     0.0
     Eta <    -1.0    -1.0    -1.0
   xqcut:      0.0     0.0     0.0
d R # 3  >    -0.0     0.0     0.0
d R # 4  >    -0.0    -0.0     0.4
s min # 3>     0.0     0.0     0.0
s min # 4>     0.0     0.0     0.0
xqcutij # 3>     0.0     0.0     0.0
xqcutij # 4>     0.0     0.0     0.0
 alpha_s for scale    91.188000000000002       is   0.11800000071525575     
 Added good helicity            1   4.0190324986765971       in event            1
 Added good helicity            3  1.23951643782523113E-006  in event            1
 Added good helicity            5   3.9809662617233847       in event            1
 Added good helicity           10   4.0190324987560286       in event            1
 Added good helicity           12  1.23951643784957761E-006  in event            1
 Added good helicity           14   3.9809662617900812       in event            1
 Added good helicity           19   3.9809662617900812       in event            1
 Added good helicity           21  1.23951643784959794E-006  in event            1
 Added good helicity           23   4.0190324987560286       in event            1
 Added good helicity           28   3.9809662617233847       in event            1
 Added good helicity           30  1.23951643782525104E-006  in event            1
 Added good helicity           32   4.0190324986765971       in event            1
 Added good helicity            2  0.16689257001707281       in event           30
 Added good helicity           13  0.16154476949755772       in event           30
 Added good helicity           20  0.16154476949401411       in event           30
 Added good helicity           31  0.16689257002047328       in event           30
 Added good helicity            6  1.15221014840775777E-006  in event           53
 Added good helicity            7  1.21332248853298208E-006  in event           53
 Added good helicity            9  1.22771727828472770E-006  in event           53
 Added good helicity           16  1.21361219147885269E-006  in event           53
 Added good helicity           17  1.21361219411478619E-006  in event           53
 Added good helicity           24  1.22771728094855336E-006  in event           53
 Added good helicity           26  1.21332248588105977E-006  in event           53
 Added good helicity           27  1.15221015089144366E-006  in event           53
 Added good helicity            4  1.39965522512262667E-006  in event           64
 Added good helicity           15  1.44391075698142161E-006  in event           64
 Added good helicity           18  1.44391075731124883E-006  in event           64
 Added good helicity           29  1.39965522456223200E-006  in event           64
 Added good helicity           11  1.52150103566967230E-006  in event           77
 Added good helicity           22  1.52150103565342071E-006  in event           77
 Iteration  1   Mean: 0.6136E+33 Abs mean: 0.6136E+33   Fluctuation:  0.250E+33   0.317E+36    99.3%
  1    0.6136E+33 0.6136E+33 +- 0.2501E+33     18.23
 Writing out events  3.43431691373867068E+028   18.228367560056185     
 Relative summed weights:
  0.1000E+01  0.0000E+00
 Relative number of events:
  0.1000E+01  0.0000E+00
 Events:
        2000           0
 Iteration  2   Mean: 0.1311E+34 Abs mean: 0.1311E+34   Fluctuation:  0.500E+33   0.145E+37    99.5%
  2    0.1311E+34 0.1311E+34 +- 0.5000E+33     24.12
 Relative summed weights:
  0.1000E+01  0.0000E+00
 Relative number of events:
  0.1000E+01  0.0000E+00
 Events:
        4000           0
 Iteration  3   Mean: 0.1845E+35 Abs mean: 0.1845E+35   Fluctuation:  0.173E+35   0.138E+39    99.6%
  3    0.1845E+35 0.1845E+35 +- 0.1730E+35     83.85
 Relative summed weights:
  0.1000E+01  0.0000E+00
 Relative number of events:
  0.1000E+01  0.0000E+00
 Events:
        8000           0
 Found           64  events.
 Wrote            1  events.
 Actual xsec   2.40197846977515675E+033
 Correct abs xsec   2.40197846977515675E+033
 Event xsec   2.40197846977515675E+033
 Events wgts > 1:            1
 % Cross section > 1:   3.73630028921488791E+026  1.55550948363189696E-005
 Checking number of events  1.50512774873050878E-003           1  chi2:    28.379179182887214     
 Found           64  events.
 Wrote            1  events.
 Actual xsec   2.40197846977515675E+033
 Correct abs xsec   2.40197846977515675E+033
 Event xsec   2.40197846977515675E+033
 Events wgts > 1:            1
 % Cross section > 1:   3.73630028921488791E+026  1.55550948363189696E-005
 Iteration  4   Mean: 0.4080E+36 Abs mean: 0.4080E+36   Fluctuation:  0.394E+36   0.630E+40    99.5%
  4    0.4080E+36 0.4080E+36 +- 0.3938E+36    122.08
 Relative summed weights:
  0.1000E+01  0.0000E+00
 Relative number of events:
  0.1000E+01  0.0000E+00
 Events:
       16000           0
 Found           47  events.
 Wrote            1  events.
 Actual xsec   5.15143849137736349E+034
 Correct abs xsec   5.15143849137736349E+034
 Event xsec   5.15143849137736349E+034
 Events wgts > 1:            1
 % Cross section > 1:   2.20571035613929562E+027  4.28173676116153158E-006
 Checking number of events  3.22799438746688358E-002           1  chi2:    5042.8697116513804     
 Found           47  events.
 Wrote            1  events.
 Actual xsec   5.15143849137736349E+034
 Correct abs xsec   5.15143849137736349E+034
 Event xsec   5.15143849137736349E+034
 Events wgts > 1:            1
 % Cross section > 1:   2.20571035613929562E+027  4.28173676116153158E-006
 Iteration  5   Mean: 0.6741E+34 Abs mean: 0.6741E+34   Fluctuation:  0.428E+34   0.133E+39    99.4%
  5    0.6741E+34 0.6741E+34 +- 0.4279E+34    113.55
 Relative summed weights:
  0.1000E+01  0.0000E+00
 Relative number of events:
  0.1000E+01  0.0000E+00
 Events:
       32000           0
 Found           16  events.
 Wrote            1  events.
 Actual xsec   1.01372433237819924E+035
 Correct abs xsec   1.01372433237819924E+035
 Event xsec   1.01372433237819924E+035
 Events wgts > 1:            1
 % Cross section > 1:   9.03576564280586565E+027  8.91343470231985146E-006
 Checking number of events  6.35219941154827189E-002           1  chi2:    256.31723922528789     
 Found           16  events.
 Wrote            2  events.
 Actual xsec   1.01372433237819924E+035
 Correct abs xsec   1.01372433237819924E+035
 Event xsec   1.01372433237819924E+035
 Events wgts > 1:            1
 % Cross section > 1:   4.51788302431711764E+027  4.45671755132695288E-006
 Iteration  6   Mean: 0.4277E+35 Abs mean: 0.4277E+35   Fluctuation:  0.179E+35   0.894E+39    99.5%
  6    0.4277E+35 0.4277E+35 +- 0.1795E+35    106.16
 Relative summed weights:
  0.1000E+01  0.0000E+00
 Relative number of events:
  0.1000E+01  0.0000E+00
 Events:
       64000           0
 Found          239  events.
 Wrote            4  events.
 Actual xsec   7.55524422661389524E+034
 Correct abs xsec   7.55524422661389524E+034
 Event xsec   7.55524422661389617E+034
 Events wgts > 1:            1
 % Cross section > 1:   4.65363992808957145E+027  6.15948311994572957E-006
 Checking number of events  4.73426713728079887E-002           4  chi2:    131.31714675601424     
 Found          239  events.
 Wrote            1  events.
 Actual xsec   7.55524422661389524E+034
 Correct abs xsec   7.55524422661389524E+034
 Event xsec   7.55524422661389432E+034
 Events wgts > 1:            1
 % Cross section > 1:   1.86145562812638881E+028  2.46379279384414401E-005
 Iteration  7   Mean: 0.1109E+36 Abs mean: 0.1109E+36   Fluctuation:  0.749E+35   0.931E+40    99.5%
  7    0.1109E+36 0.1109E+36 +- 0.7494E+35    241.82
 Relative summed weights:
  0.1000E+01  0.0000E+00
 Relative number of events:
  0.1000E+01  0.0000E+00
 Events:
      128000           0
 Found          210  events.
 Wrote            3  events.
 Actual xsec   4.85352647132948778E+034
 Correct abs xsec   4.85352647132948778E+034
 Event xsec   4.85352647132948686E+034
 Events wgts > 1:            1
 % Cross section > 1:   2.43465374538833225E+027  5.01625727142975175E-006
 Checking number of events  3.04131675746448366E-002           3  chi2:    48.093878407753721     
 Found          210  events.
 Wrote            2  events.
 Actual xsec   4.85352647132948778E+034
 Correct abs xsec   4.85352647132948778E+034
 Event xsec   4.85352647132948778E+034
 Events wgts > 1:            1
 % Cross section > 1:   3.65198052584877801E+027  7.52438571711018297E-006
 Iteration  8   Mean: 0.3842E+37 Abs mean: 0.3842E+37   Fluctuation:  0.380E+37   0.972E+42    99.5%
  8    0.3842E+37 0.3842E+37 +- 0.3798E+37    500.19
 Relative summed weights:
  0.1000E+01  0.0000E+00
 Relative number of events:
  0.1000E+01  0.0000E+00
 Events:
      256000           0
 Found          247  events.
 Wrote            1  events.
 Actual xsec   4.96764386046853306E+035
 Correct abs xsec   4.96764386046853306E+035
 Event xsec   4.96764386046853306E+035
 Events wgts > 1:            1
 % Cross section > 1:   4.16702946613990801E+027  8.38834180384840655E-007
 Checking number of events  0.31128249958467924                1  chi2:    333.52702186615204     
 Found          247  events.
 Wrote            1  events.
 Actual xsec   4.96764386046853306E+035
 Correct abs xsec   4.96764386046853306E+035
 Event xsec   4.96764386046853306E+035
 Events wgts > 1:            1
 % Cross section > 1:   4.16702946613990801E+027  8.38834180384840655E-007
 Iteration  9   Mean: 0.5727E+36 Abs mean: 0.5727E+36   Fluctuation:  0.427E+36   0.210E+42    99.5%
  9    0.5727E+36 0.5727E+36 +- 0.4268E+36    533.31
 Relative summed weights:
  0.1000E+01  0.0000E+00
 Relative number of events:
  0.1000E+01  0.0000E+00
 Events:
      512000           0
 Found           99  events.
 Wrote            1  events.
 Actual xsec   1.03842145695594849E+036
 Correct abs xsec   1.03842145695594849E+036
 Event xsec   1.03842145695594849E+036
 Events wgts > 1:            0
 % Cross section > 1:    0.0000000000000000        0.0000000000000000     
 Checking number of events  0.65069565335773649                1  chi2:    77.471672309974622     
 Found           99  events.
 Wrote            1  events.
 Actual xsec   1.03842145695594849E+036
 Correct abs xsec   1.03842145695594849E+036
 Event xsec   1.03842145695594849E+036
 Events wgts > 1:            0
 % Cross section > 1:    0.0000000000000000        0.0000000000000000     

 -------------------------------------------------------------------------------
 Accumulated results:   Integral =  0.2099E+36
                        Std dev  =  0.3948E+35
                       Cross sec =  0.2099E+36
             Chi**2 per DoF.     =     41.5976
 -------------------------------------------------------------------------------
-------------------------------------------------
---------------------------
 Results Last   3 iters: Integral =   0.1038E+37
                     Abs integral =   0.1038E+37
                          Std dev =   0.4638E+36
                  Chi**2 per DoF. =     77.4717
-------------------------------------------------
---------------------------
 Status -6.26620000000000013E-037          10           9
 Trying w/ fresh grid
 Starting w/ ncall =         8000
 Keeping grid fixed.
  5 dimensions   8000 events  5 invarients  8 iterations  1 config(s),  (0.99)
 Using h-tuple random number sequence.
 Error opening grid
 Using Uniform Grid!
 Using uniform alpha   1.0000000000000000     
 Grid defined OK
Setting grid   1    0.53290E-04   1
Setting grid   2    0.53290E-04   1
 Iteration  1   Mean: 0.9262E+26 Abs mean: 0.9262E+26   Fluctuation:  0.866E+26   0.692E+30    98.9%
  1    0.9262E+26 0.9262E+26 +- 0.8661E+26     83.64
 Relative summed weights:
  0.1000E+01  0.0000E+00
 Relative number of events:
  0.1000E+01  0.0000E+00
 Events:
        8000           0
 Iteration  2   Mean: 0.2022E+36 Abs mean: 0.2022E+36   Fluctuation:  0.202E+36   0.323E+40    98.7%
  2    0.2022E+36 0.2022E+36 +- 0.2022E+36    126.46
 Relative summed weights:
  0.1000E+01  0.0000E+00
 Relative number of events:
  0.1000E+01  0.0000E+00
 Events:
       16000           0
 Iteration  3   Mean: 0.2168E+34 Abs mean: 0.2168E+34   Fluctuation:  0.125E+34   0.348E+38    99.4%
  3    0.2168E+34 0.2168E+34 +- 0.1246E+34    102.82
 Relative summed weights:
  0.1000E+01  0.0000E+00
 Relative number of events:
  0.1000E+01  0.0000E+00
 Events:
       32000           0
 Found           11  events.
 Wrote            3  events.
 Actual xsec   4.03924189201176416E+034
 Correct abs xsec   4.03924189201176416E+034
 Event xsec   4.03924189201176416E+034
 Events wgts > 1:            0
 % Cross section > 1:    0.0000000000000000        0.0000000000000000     
 Checking number of events  2.53106975437241179E-002           3  chi2:   1.08759128387696624E+017
 Found           11  events.
 Wrote            1  events.
 Actual xsec   4.03924189201176416E+034
 Correct abs xsec   4.03924189201176416E+034
 Event xsec   4.03924189201176416E+034
 Events wgts > 1:            0
 % Cross section > 1:    0.0000000000000000        0.0000000000000000     
 Iteration  4   Mean: 0.1675E+35 Abs mean: 0.1675E+35   Fluctuation:  0.833E+34   0.349E+39    99.5%
  4    0.1675E+35 0.1675E+35 +- 0.8334E+34    125.86
 Relative summed weights:
  0.1000E+01  0.0000E+00
 Relative number of events:
  0.1000E+01  0.0000E+00
 Events:
       64000           0
 Found           67  events.
 Wrote            2  events.
 Actual xsec   3.42783966436104930E+034
 Correct abs xsec   3.42783966436104930E+034
 Event xsec   3.42783966436104930E+034
 Events wgts > 1:            0
 % Cross section > 1:    0.0000000000000000        0.0000000000000000     
 Checking number of events  2.14795289048192069E-002           2  chi2:    334.61352180348712     
 Found           67  events.
 Wrote            2  events.
 Actual xsec   3.42783966436104930E+034
 Correct abs xsec   3.42783966436104930E+034
 Event xsec   3.42783966436104930E+034
 Events wgts > 1:            0
 % Cross section > 1:    0.0000000000000000        0.0000000000000000     
 Iteration  5   Mean: 0.1297E+36 Abs mean: 0.1297E+36   Fluctuation:  0.821E+35   0.761E+40    99.3%
  5    0.1297E+36 0.1297E+36 +- 0.8214E+35    226.58
 Relative summed weights:
  0.1000E+01  0.0000E+00
 Relative number of events:
  0.1000E+01  0.0000E+00
 Events:
      128000           0
 Found          109  events.
 Wrote            3  events.
 Actual xsec   4.15885557382036787E+034
 Correct abs xsec   4.15885557382036787E+034
 Event xsec   4.15885557382036787E+034
 Events wgts > 1:            0
 % Cross section > 1:    0.0000000000000000        0.0000000000000000     
 Checking number of events  2.60602207966731912E-002           3  chi2:    505.47199301917954     
 Found          109  events.
 Wrote            2  events.
 Actual xsec   4.15885557382036787E+034
 Correct abs xsec   4.15885557382036787E+034
 Event xsec   4.15885557382036787E+034
 Events wgts > 1:            0
 % Cross section > 1:    0.0000000000000000        0.0000000000000000     
 Fixing grid
 Iteration  6   Mean: 0.7041E+35 Abs mean: 0.7041E+35   Fluctuation:  0.532E+35   0.135E+41    99.5%
  6    0.7041E+35 0.7041E+35 +- 0.5324E+35    382.57
 Relative summed weights:
  0.1000E+01  0.0000E+00
 Relative number of events:
  0.1000E+01  0.0000E+00
 Events:
      256000           0
 Found          124  events.
 Wrote            1  events.
 Actual xsec   6.20801075288296900E+034
 Correct abs xsec   6.20801075288296900E+034
 Event xsec   6.20801075288296900E+034
 Events wgts > 1:            1
 % Cross section > 1:   2.26704241365358642E+027  3.65180168639492689E-006
 Checking number of events  3.89006369797152626E-002           1  chi2:    15.143483561100041     
 Found          124  events.
 Wrote            2  events.
 Actual xsec   6.20801075288296900E+034
 Correct abs xsec   6.20801075288296900E+034
 Event xsec   6.20801075288296808E+034
 Events wgts > 1:            1
 % Cross section > 1:   1.13352122988522330E+027  1.82590088034048880E-006
 Iteration  7   Mean: 0.6886E+35 Abs mean: 0.6886E+35   Fluctuation:  0.488E+35   0.245E+41    99.5%
  7    0.6886E+35 0.6886E+35 +- 0.4879E+35    506.98
 Relative summed weights:
  0.1000E+01  0.0000E+00
 Relative number of events:
  0.1000E+01  0.0000E+00
 Events:
      512000           0
 Found          349  events.
 Wrote            1  events.
 Actual xsec   9.36236713695399537E+034
 Correct abs xsec   9.36236713695399537E+034
 Event xsec   9.36236713695399537E+034
 Events wgts > 1:            1
 % Cross section > 1:   8.20957417895139149E+027  8.76869498798819790E-006
 Checking number of events  5.86664649535811253E-002           1  chi2:   0.32027853887805730     

 -------------------------------------------------------------------------------
 Accumulated results:   Integral =  0.5569E+35
                        Std dev  =  0.1417E+35
                       Cross sec =  0.2912E+01
             Chi**2 per DoF.     =
-------------------------------------------------
---------------------------
 Results Last   3 iters: Integral =   0.9362E+35
                     Abs integral =   0.9362E+35
                         Std dev =   0.3750E+35
                 Chi**2 per DoF. =      0.3203
-------------------------------------------------
---------------------------

ls status:
events.lhe
ftn25
ftn26
input_sg.txt
log.txt
moffset.dat
results.dat
run1_app.log
