 Process in group number            0
 No PDF is used, alpha_s(MZ) from param_card is used
 Value of alpha_s from param_card:   0.11800000071525575     
 The default order of alpha_s running is fixed to            2
<<<<<<< HEAD
=======
 Warning: pt or E min of a gamma should in general be >0
>>>>>>> 911b5ec345c81b054214c521136984e9d6306827
 *****************************************************
 *               MadGraph/MadEvent                   *
 *        --------------------------------           *
 *          http://madgraph.hep.uiuc.edu             *
 *          http://madgraph.phys.ucl.ac.be           *
 *          http://madgraph.roma2.infn.it            *
 *        --------------------------------           *
 *                                                   *
 *          PARAMETER AND COUPLING VALUES            *
 *                                                   *
 *****************************************************

  External Params
  ---------------------------------
  
 aEWM1 =    132.50700378417969     
 mdl_Gf =   1.16639000000000003E-005
 aS =   0.11800000071525575     
 mdl_ymb =    4.6999998092651367     
 mdl_ymt =    173.00000000000000     
 mdl_yme =   5.10999991092830896E-004
 mdl_ymm =   0.10565999895334244     
 mdl_ymtau =    1.7769999504089355     
 mdl_MZ =    91.188003540039063     
 mdl_MT =    173.00000000000000     
 mdl_MB =    4.6999998092651367     
 mdl_MH =    125.00000000000000     
 mdl_Me =   5.10999991092830896E-004
 mdl_MM =   0.10565999895334244     
 mdl_MTA =    1.7769999504089355     
 mdl_WZ =    2.4414041042327881     
 mdl_WW =    2.0476000308990479     
 mdl_WT =    1.4915000200271606     
 mdl_WH =   6.38233916833996773E-003
 mdl_WTau =   2.26999999999999982E-012
  Internal Params
  ---------------------------------
  
 mdl_conjg__CKM3x3 =    1.0000000000000000     
 mdl_CKM3x3 =    1.0000000000000000     
 mdl_conjg__CKM1x1 =    1.0000000000000000     
 mdl_complexi =  (  0.0000000000000000     ,  1.0000000000000000     )
 mdl_MZ__exp__2 =    8315.2519896181766     
 mdl_MZ__exp__4 =    69143415.650849044     
 mdl_sqrt__2 =    1.4142135623730951     
 mdl_MH__exp__2 =    15625.000000000000     
 mdl_aEW =   7.54677089845565054E-003
 mdl_MW =    80.419007276179556     
 mdl_sqrt__aEW =   8.68721526063194194E-002
 mdl_ee =   0.30795376284704501     
 mdl_MW__exp__2 =    6467.2167312862202     
 mdl_sw2 =   0.22224645274001076     
 mdl_cw =   0.88190336616887299     
 mdl_sqrt__sw2 =   0.47143022043565552     
 mdl_sw =   0.47143022043565552     
 mdl_g1 =   0.34919218438279087     
 mdl_gw =   0.65323296958447097     
 mdl_vev =    246.21845810181631     
 mdl_vev__exp__2 =    60623.529110035874     
 mdl_lam =   0.12886910601690271     
 mdl_yb =   2.69955531549349904E-002
 mdl_ye =   2.93504850670934038E-006
 mdl_ym =   6.06883028478528356E-004
 mdl_yt =   0.99366614581500645     
 mdl_ytau =   1.02066167158167895E-002
 mdl_muH =    88.388347648318444     
 mdl_I1x33 =  ( 2.69955531549349904E-002,  0.0000000000000000     )
 mdl_I2x33 =  ( 0.99366614581500645     ,  0.0000000000000000     )
 mdl_I3x33 =  ( 0.99366614581500645     ,  0.0000000000000000     )
 mdl_I4x33 =  ( 2.69955531549349904E-002,  0.0000000000000000     )
 mdl_ee__exp__2 =   9.48355200516540348E-002
 mdl_sw__exp__2 =   0.22224645274001076     
 mdl_cw__exp__2 =   0.77775354725998924     
  Internal Params evaluated point by point
  ----------------------------------------
  
 mdl_sqrt__aS =   0.34351128178744839     
 mdl_G__exp__2 =    1.4828317414825511     
  Couplings of sm-lepton_masses
  ---------------------------------
  
         GC_3 =  -0.00000E+00  -0.30795E+00
        GC_50 =  -0.00000E+00  -0.28804E+00
        GC_59 =   0.00000E+00   0.82310E-01
        GC_89 =  -0.00000E+00  -0.20754E-05

 Collider parameters:
 --------------------

<<<<<<< HEAD
 Running at e e   machine @   7.14879999999999960E-002  GeV
=======
 Running at e e   machine @   7.00000000000000067E-002  GeV
>>>>>>> 911b5ec345c81b054214c521136984e9d6306827
 PDF set = none   
 alpha_s(Mz)= 0.1180 running at 2 loops.
 alpha_s(Mz)= 0.1180 running at 2 loops.
 Renormalization scale fixed @    91.188000000000002     
 Factorization scales  fixed @    91.188000000000002        91.188000000000002     


 getting user params
Enter number of events and max and min iterations: 
 Number of events and iterations         2000           9           3
Enter desired fractional accuracy: 
<<<<<<< HEAD
 Desired fractional accuracy:  -5.74259999999999987E-006
=======
 Desired fractional accuracy:  -6.26620000000000013E-037
>>>>>>> 911b5ec345c81b054214c521136984e9d6306827
Enter 0 for fixed, 2 for adjustable grid: 
Suppress amplitude (0 no, 1 yes)? 
 Using suppressed amplitude.
Exact helicity sum (0 yes, n = number/event)? 
 Explicitly summing over helicities
Enter Configuration Number: 
Running Configuration Number:   16
 Not subdividing B.W.
 Attempting mappinvarients           1           5
 Completed mapping           5
 about to integrate            5        2000           9           3           5           1
<<<<<<< HEAD
 Using non-zero grid deformation.
  5 dimensions   2000 events  5 invarients  9 iterations  1 config(s),  (0.99)
 Using h-tuple random number sequence.
 Error opening grid
 Using Uniform Grid!
 Using uniform alpha   1.0000000000000000     
 Grid defined OK
 Set CM energy to          0.07
 Mapping Graph          16  to config          16
Setting grid   1    0.51095E-04   1
Setting grid   2    0.51095E-04   1
=======
 Keeping grid fixed.
  5 dimensions   2000 events  5 invarients  9 iterations  1 config(s),  (0.99)
 Using h-tuple random number sequence.
 Grid read from file
 Grid defined OK
 Set CM energy to          0.07
 Mapping Graph          16  to config          16
 No modification is setgrid, grid read from file
 No modification is setgrid, grid read from file
>>>>>>> 911b5ec345c81b054214c521136984e9d6306827
 Masses: 0.511E-03 0.511E-03 0.000E+00 0.511E-03 0.511E-03
  16   1   2   3   4   5
 Got moffset          25
Using random seed offsets    16 :      1
<<<<<<< HEAD
  with seed                   87
 Ranmar initialization seeds       17628       28227
=======
  with seed                   30
 Ranmar initialization seeds        8307       28168
>>>>>>> 911b5ec345c81b054214c521136984e9d6306827
  Particle       3       4       5
      Et >     0.0     0.0     0.0
       E >     0.0     0.0     0.0
     Eta <    -1.0    -1.0    -1.0
   xqcut:      0.0     0.0     0.0
d R # 3  >    -0.0     0.0     0.0
<<<<<<< HEAD
d R # 4  >    -0.0    -0.0     0.0
=======
d R # 4  >    -0.0    -0.0     0.4
>>>>>>> 911b5ec345c81b054214c521136984e9d6306827
s min # 3>     0.0     0.0     0.0
s min # 4>     0.0     0.0     0.0
xqcutij # 3>     0.0     0.0     0.0
xqcutij # 4>     0.0     0.0     0.0
 alpha_s for scale    91.188000000000002       is   0.11800000071525575     
<<<<<<< HEAD
 Added good helicity            1   7.7958595602266776       in event            1
 Added good helicity            2  7.13155849153342125E-003  in event            1
 Added good helicity            3  1.71493298398300921E-005  in event            1
 Added good helicity            5   4.5873812365201800       in event            1
 Added good helicity            6  1.43769357743565618E-005  in event            1
 Added good helicity            7  1.16061563569545837E-005  in event            1
 Added good helicity            9  1.62380597799639713E-005  in event            1
 Added good helicity           10   1.3539640233347674       in event            1
 Added good helicity           11  4.22615923786375941E-002  in event            1
 Added good helicity           12  9.28296174097275256E-005  in event            1
 Added good helicity           13  1.99027259318784299E-003  in event            1
 Added good helicity           14   2.1890836251177759       in event            1
 Added good helicity           15  2.21580124616798449E-002  in event            1
 Added good helicity           16  1.76043316137864451E-005  in event            1
 Added good helicity           17  1.76043357395461968E-005  in event            1
 Added good helicity           18  2.21580124705627601E-002  in event            1
 Added good helicity           19   2.1890839548154566       in event            1
 Added good helicity           20  1.99027290882239838E-003  in event            1
 Added good helicity           21  9.28296239076618505E-005  in event            1
 Added good helicity           22  4.22615923549404388E-002  in event            1
 Added good helicity           23   1.3539642270458936       in event            1
 Added good helicity           24  1.62380636689365029E-005  in event            1
 Added good helicity           26  1.16061538240885363E-005  in event            1
 Added good helicity           27  1.43769394770083266E-005  in event            1
 Added good helicity           28   4.5873812361919803       in event            1
 Added good helicity           30  1.71493257442104458E-005  in event            1
 Added good helicity           31  7.13155853934467534E-003  in event            1
 Added good helicity           32   7.7958595606913681       in event            1
 Added good helicity            4  2.83259021902937720E-006  in event           11
 Added good helicity           29  2.83258953384848501E-006  in event           11
 Iteration  1   Mean: 0.2738E+10 Abs mean: 0.2738E+10   Fluctuation:  0.180E+09   0.804E+11    84.3%
  1    0.2738E+10 0.2738E+10 +- 0.1802E+09      2.94
 Writing out events   180505.89841004057        2.9435530009097475     
=======
 Added good helicity            1   4.0517911469261998       in event            1
 Added good helicity            2  1.65330512972791067E-005  in event            1
 Added good helicity            5   3.9481923198916440       in event            1
 Added good helicity           10   3.9481923199862536       in event            1
 Added good helicity           13  1.65330512976969175E-005  in event            1
 Added good helicity           14   4.0517911470247663       in event            1
 Added good helicity           19   4.0517911470247663       in event            1
 Added good helicity           20  1.65330512976968498E-005  in event            1
 Added good helicity           23   3.9481923199862523       in event            1
 Added good helicity           28   3.9481923198916453       in event            1
 Added good helicity           31  1.65330512972791710E-005  in event            1
 Added good helicity           32   4.0517911469261998       in event            1
 Added good helicity            3   8.2680132108755178       in event           11
 Added good helicity            4  6.50461228091258146E-006  in event           11
 Added good helicity           11  9.50143536023374863E-006  in event           11
 Added good helicity           12   7.1283090779964455       in event           11
 Added good helicity           21   7.1283090777775193       in event           11
 Added good helicity           22  9.50143535994198136E-006  in event           11
 Added good helicity           29  6.50461228040422532E-006  in event           11
 Added good helicity           30   8.2680132107400279       in event           11
 Iteration  1   Mean: 0.2959E+34 Abs mean: 0.2959E+34   Fluctuation:  0.275E+34   0.549E+37    98.3%
  1    0.2959E+34 0.2959E+34 +- 0.2749E+34     41.56
 Writing out events  1.67245522520433901E+029   41.556828581361415     
>>>>>>> 911b5ec345c81b054214c521136984e9d6306827
 Relative summed weights:
  0.1000E+01  0.0000E+00
 Relative number of events:
  0.1000E+01  0.0000E+00
 Events:
        2000           0
<<<<<<< HEAD
 Iteration  2   Mean: 0.2391E+10 Abs mean: 0.2391E+10   Fluctuation:  0.646E+08   0.419E+11    86.2%
  2    0.2391E+10 0.2391E+10 +- 0.6461E+08      1.71
=======
 Iteration  2   Mean: 0.8222E+32 Abs mean: 0.8222E+32   Fluctuation:  0.336E+32   0.951E+35    98.8%
  2    0.8222E+32 0.8222E+32 +- 0.3357E+32     25.83
>>>>>>> 911b5ec345c81b054214c521136984e9d6306827
 Relative summed weights:
  0.1000E+01  0.0000E+00
 Relative number of events:
  0.1000E+01  0.0000E+00
 Events:
        4000           0
<<<<<<< HEAD
 Iteration  3   Mean: 0.2439E+10 Abs mean: 0.2439E+10   Fluctuation:  0.360E+08   0.344E+11    81.4%
  3    0.2439E+10 0.2439E+10 +- 0.3597E+08      1.32
=======
 Iteration  3   Mean: 0.3441E+33 Abs mean: 0.3441E+33   Fluctuation:  0.144E+33   0.840E+36    98.5%
  3    0.3441E+33 0.3441E+33 +- 0.1444E+33     37.54
>>>>>>> 911b5ec345c81b054214c521136984e9d6306827
 Relative summed weights:
  0.1000E+01  0.0000E+00
 Relative number of events:
  0.1000E+01  0.0000E+00
 Events:
        8000           0
<<<<<<< HEAD
 Found          996  events.
 Wrote          993  events.
 Actual xsec    2439852270.7871270     
 Correct abs xsec    2439852270.7871270     
 Event xsec    2439852270.7871718     
 Events wgts > 1:            6
 % Cross section > 1:    2612953.7178228884       0.10709475114982550     
 Checking number of events   14011.095650222156              993  chi2:    1.6594767366387242     
 Found          996  events.
 Wrote          993  events.
 Actual xsec    2439852270.7871270     
 Correct abs xsec    2439852270.7871270     
 Event xsec    2439852270.7871718     
 Events wgts > 1:            6
 % Cross section > 1:    2612953.7178228884       0.10709475114982550     
 Iteration  4   Mean: 0.2434E+10 Abs mean: 0.2434E+10   Fluctuation:  0.227E+08   0.343E+11    77.3%
  4    0.2434E+10 0.2434E+10 +- 0.2272E+08      1.18
=======
 Found           97  events.
 Wrote            3  events.
 Actual xsec   4.57659514250280042E+032
 Correct abs xsec   4.57659514250280042E+032
 Event xsec   4.57659514250279970E+032
 Events wgts > 1:            1
 % Cross section > 1:   7.02852222024002392E+025  1.53575354633539669E-005
 Checking number of events  2.86778604819510512E-004           3  chi2:    63.248455522286704     
 Found           97  events.
 Wrote            3  events.
 Actual xsec   4.57659514250280042E+032
 Correct abs xsec   4.57659514250280042E+032
 Event xsec   4.57659514250279970E+032
 Events wgts > 1:            1
 % Cross section > 1:   7.02852222024002392E+025  1.53575354633539669E-005
 Iteration  4   Mean: 0.1797E+34 Abs mean: 0.1797E+34   Fluctuation:  0.110E+34   0.160E+38    98.6%
  4    0.1797E+34 0.1797E+34 +- 0.1101E+34     77.49
>>>>>>> 911b5ec345c81b054214c521136984e9d6306827
 Relative summed weights:
  0.1000E+01  0.0000E+00
 Relative number of events:
  0.1000E+01  0.0000E+00
 Events:
       16000           0
<<<<<<< HEAD
 Found         2115  events.
 Wrote         2111  events.
 Actual xsec    2432249200.9887428     
 Correct abs xsec    2432249200.9887428     
 Event xsec    2432249200.9887524     
 Events wgts > 1:            8
 % Cross section > 1:    3517552.4107048204       0.14462138210487943     
 Checking number of events   13967.434261597955             2111  chi2:   0.22948004799716268     
 Found         2115  events.
 Wrote         2111  events.
 Actual xsec    2432249200.9887428     
 Correct abs xsec    2432249200.9887428     
 Event xsec    2432249200.9887524     
 Events wgts > 1:            8
 % Cross section > 1:    3517552.4107048204       0.14462138210487943     
 Iteration  5   Mean: 0.2415E+10 Abs mean: 0.2415E+10   Fluctuation:  0.150E+08   0.359E+11    74.2%
  5    0.2415E+10 0.2415E+10 +- 0.1497E+08      1.11
=======
 Found          102  events.
 Wrote            1  events.
 Actual xsec   5.04600616764983703E+032
 Correct abs xsec   5.04600616764983703E+032
 Event xsec   5.04600616764983703E+032
 Events wgts > 1:            0
 % Cross section > 1:    0.0000000000000000        0.0000000000000000     
 Checking number of events  3.16192838477274073E-004           1  chi2:    80.444798146365784     
 Found          102  events.
 Wrote            1  events.
 Actual xsec   5.04600616764983703E+032
 Correct abs xsec   5.04600616764983703E+032
 Event xsec   5.04600616764983703E+032
 Events wgts > 1:            0
 % Cross section > 1:    0.0000000000000000        0.0000000000000000     
 Iteration  5   Mean: 0.8568E+34 Abs mean: 0.8568E+34   Fluctuation:  0.533E+34   0.159E+39    98.5%
  5    0.8568E+34 0.8568E+34 +- 0.5325E+34    111.18
>>>>>>> 911b5ec345c81b054214c521136984e9d6306827
 Relative summed weights:
  0.1000E+01  0.0000E+00
 Relative number of events:
  0.1000E+01  0.0000E+00
 Events:
       32000           0
<<<<<<< HEAD
 Found         4240  events.
 Wrote         4236  events.
 Actual xsec    2423202086.8009777     
 Correct abs xsec    2423202086.8009777     
 Event xsec    2423202086.8010831     
 Events wgts > 1:           11
 % Cross section > 1:    2140798.8674540427       8.83458659562378346E-002
 Checking number of events   13915.480303663295             4236  chi2:   0.35592273084663717     
 Found         4240  events.
 Wrote         4236  events.
 Actual xsec    2423202086.8009777     
 Correct abs xsec    2423202086.8009777     
 Event xsec    2423202086.8010831     
 Events wgts > 1:           11
 % Cross section > 1:    2140798.8674540427       8.83458659562378346E-002
 Iteration  6   Mean: 0.2421E+10 Abs mean: 0.2421E+10   Fluctuation:  0.106E+08   0.125E+12    71.5%
  6    0.2421E+10 0.2421E+10 +- 0.1058E+08      1.11
=======
 Found          101  events.
 Wrote            2  events.
 Actual xsec   2.64605552433599954E+033
 Correct abs xsec   2.64605552433599954E+033
 Event xsec   2.64605552433599954E+033
 Events wgts > 1:            0
 % Cross section > 1:    0.0000000000000000        0.0000000000000000     
 Checking number of events  1.65807131265942407E-003           2  chi2:    127.98109453772912     
 Found          101  events.
 Wrote            2  events.
 Actual xsec   2.64605552433599954E+033
 Correct abs xsec   2.64605552433599954E+033
 Event xsec   2.64605552433599954E+033
 Events wgts > 1:            0
 % Cross section > 1:    0.0000000000000000        0.0000000000000000     
 Iteration  6   Mean: 0.3014E+36 Abs mean: 0.3014E+36   Fluctuation:  0.290E+36   0.186E+41    98.6%
  6    0.3014E+36 0.3014E+36 +- 0.2904E+36    243.82
>>>>>>> 911b5ec345c81b054214c521136984e9d6306827
 Relative summed weights:
  0.1000E+01  0.0000E+00
 Relative number of events:
  0.1000E+01  0.0000E+00
 Events:
       64000           0
<<<<<<< HEAD
 Found         8951  events.
 Wrote         8947  events.
 Actual xsec    2421271560.2446384     
 Correct abs xsec    2421271560.2446384     
 Event xsec    2421271560.2442651     
 Events wgts > 1:           34
 % Cross section > 1:    4908888.7055767719       0.20274011334282341     
 Checking number of events   13904.394061860861             8947  chi2:   0.24037392545574351     
 Found         8951  events.
 Wrote         8947  events.
 Actual xsec    2421271560.2446384     
 Correct abs xsec    2421271560.2446384     
 Event xsec    2421271560.2442651     
 Events wgts > 1:           34
 % Cross section > 1:    4908888.7055767719       0.20274011334282341     
 Iteration  7   Mean: 0.2418E+10 Abs mean: 0.2418E+10   Fluctuation:  0.764E+07   0.174E+12    69.1%
  7    0.2418E+10 0.2418E+10 +- 0.7643E+07      1.13
=======
 Found           96  events.
 Wrote            1  events.
 Actual xsec   5.55112442640024934E+034
 Correct abs xsec   5.55112442640024934E+034
 Event xsec   5.55112442640024934E+034
 Events wgts > 1:            1
 % Cross section > 1:   9.93286380833550901E+027  1.78934267102650698E-005
 Checking number of events  3.47844558807092405E-002           1  chi2:    1229.3639540291042     
 Found           96  events.
 Wrote            1  events.
 Actual xsec   5.55112442640024934E+034
 Correct abs xsec   5.55112442640024934E+034
 Event xsec   5.55112442640024934E+034
 Events wgts > 1:            1
 % Cross section > 1:   9.93286380833550901E+027  1.78934267102650698E-005
 Iteration  7   Mean: 0.5442E+34 Abs mean: 0.5442E+34   Fluctuation:  0.233E+34   0.262E+39    98.6%
  7    0.5442E+34 0.5442E+34 +- 0.2331E+34    153.23
>>>>>>> 911b5ec345c81b054214c521136984e9d6306827
 Relative summed weights:
  0.1000E+01  0.0000E+00
 Relative number of events:
  0.1000E+01  0.0000E+00
 Events:
      128000           0
<<<<<<< HEAD
 Found        18538  events.
 Wrote        18534  events.
 Actual xsec    2418740154.7415533     
 Correct abs xsec    2418740154.7415533     
 Event xsec    2418740154.7413292     
 Events wgts > 1:          133
 % Cross section > 1:    9664588.1721489392       0.39957116324397035     
 Checking number of events   13889.857212618843            18534  chi2:   5.60040616306358499E-002

 -------------------------------------------------------------------------------
 Accumulated results:   Integral =  0.2420E+10
                        Std dev  =  0.5463E+07
                       Cross sec =  0.8414E+00
             Chi**2 per DoF.     =
-------------------------------------------------
---------------------------
 Results Last   3 iters: Integral =   0.2419E+10
                     Abs integral =   0.2419E+10
                          Std dev =   0.5724E+07
                  Chi**2 per DoF. =      0.0560
-------------------------------------------------
---------------------------
 Status -5.74259999999999987E-006           8           9
 We found enough events       18534   13889.857212618843     
=======
 Found           42  events.
 Wrote            1  events.
 Actual xsec   4.12717699180359627E+034
 Correct abs xsec   4.12717699180359627E+034
 Event xsec   4.12717699180359627E+034
 Events wgts > 1:            1
 % Cross section > 1:   1.50715012980832871E+027  3.65177004233515260E-006
 Checking number of events  2.58617164660396963E-002           1  chi2:    137.43080953966012     
 Found           42  events.
 Wrote            1  events.
 Actual xsec   4.12717699180359627E+034
 Correct abs xsec   4.12717699180359627E+034
 Event xsec   4.12717699180359627E+034
 Events wgts > 1:            1
 % Cross section > 1:   1.50715012980832871E+027  3.65177004233515260E-006
 Iteration  8   Mean: 0.2657E+35 Abs mean: 0.2657E+35   Fluctuation:  0.221E+35   0.564E+40    98.6%
  8    0.2657E+35 0.2657E+35 +- 0.2212E+35    421.18
 Relative summed weights:
  0.1000E+01  0.0000E+00
 Relative number of events:
  0.1000E+01  0.0000E+00
 Events:
      256000           0
 Found          461  events.
 Wrote            1  events.
 Actual xsec   4.92322684917966253E+034
 Correct abs xsec   4.92322684917966253E+034
 Event xsec   4.92322684917966253E+034
 Events wgts > 1:            0
 % Cross section > 1:    0.0000000000000000        0.0000000000000000     
 Checking number of events  3.08499240823296023E-002           1  chi2:    177.41479714066159     
 Found          461  events.
 Wrote            2  events.
 Actual xsec   4.92322684917966253E+034
 Correct abs xsec   4.92322684917966253E+034
 Event xsec   4.92322684917966253E+034
 Events wgts > 1:            0
 % Cross section > 1:    0.0000000000000000        0.0000000000000000     
 Iteration  9   Mean: 0.6014E+35 Abs mean: 0.6014E+35   Fluctuation:  0.366E+35   0.181E+41    98.6%
  9    0.6014E+35 0.6014E+35 +- 0.3661E+35    435.64
 Relative summed weights:
  0.1000E+01  0.0000E+00
 Relative number of events:
  0.1000E+01  0.0000E+00
 Events:
      512000           0
 Found          428  events.
 Wrote            1  events.
 Actual xsec   2.40044978517630565E+034
 Correct abs xsec   2.40044978517630565E+034
 Event xsec   2.40044978517630565E+034
 Events wgts > 1:            0
 % Cross section > 1:    0.0000000000000000        0.0000000000000000     
 Checking number of events  1.50416984438717666E-002           1  chi2:    32.211627866122988     
 Found          428  events.
 Wrote            1  events.
 Actual xsec   2.40044978517630565E+034
 Correct abs xsec   2.40044978517630565E+034
 Event xsec   2.40044978517630565E+034
 Events wgts > 1:            0
 % Cross section > 1:    0.0000000000000000        0.0000000000000000     

 -------------------------------------------------------------------------------
 Accumulated results:   Integral =  0.2043E+35
                        Std dev  =  0.3810E+34
                       Cross sec =  0.2043E+35
             Chi**2 per DoF.     =     29.0166
 -------------------------------------------------------------------------------
-------------------------------------------------
---------------------------
 Results Last   3 iters: Integral =   0.2400E+35
                     Abs integral =   0.2400E+35
                          Std dev =   0.7750E+34
                  Chi**2 per DoF. =     32.2116
-------------------------------------------------
---------------------------
 Status -6.26620000000000013E-037          10           9
 Trying w/ fresh grid
 Starting w/ ncall =         8000
 Keeping grid fixed.
  5 dimensions   8000 events  5 invarients  8 iterations  1 config(s),  (0.99)
 Using h-tuple random number sequence.
 Error opening grid
 Using Uniform Grid!
 Using uniform alpha   1.0000000000000000     
 Grid defined OK
Setting grid   1    0.53290E-04   1
Setting grid   2    0.53290E-04   1
 Iteration  1   Mean: 0.2205E+27 Abs mean: 0.2205E+27   Fluctuation:  0.220E+27   0.176E+31    98.0%
  1    0.2205E+27 0.2205E+27 +- 0.2203E+27     89.36
 Relative summed weights:
  0.1000E+01  0.0000E+00
 Relative number of events:
  0.1000E+01  0.0000E+00
 Events:
        8000           0
 Iteration  2   Mean: 0.7797E+31 Abs mean: 0.7797E+31   Fluctuation:  0.751E+31   0.120E+36    97.8%
  2    0.7797E+31 0.7797E+31 +- 0.7511E+31    121.86
 Relative summed weights:
  0.1000E+01  0.0000E+00
 Relative number of events:
  0.1000E+01  0.0000E+00
 Events:
       16000           0
 Iteration  3   Mean: 0.3648E+33 Abs mean: 0.3648E+33   Fluctuation:  0.355E+33   0.114E+38    99.3%
  3    0.3648E+33 0.3648E+33 +- 0.3555E+33    174.33
 Relative summed weights:
  0.1000E+01  0.0000E+00
 Relative number of events:
  0.1000E+01  0.0000E+00
 Events:
       32000           0
 Found           36  events.
 Wrote            1  events.
 Actual xsec   1.25304894718906375E+032
 Correct abs xsec   1.25304894718906375E+032
 Event xsec   1.25304894718906375E+032
 Events wgts > 1:            0
 % Cross section > 1:    0.0000000000000000        0.0000000000000000     
 Checking number of events  7.85185531287611193E-005           1  chi2:    161815812203.78168     
 Found           36  events.
 Wrote            1  events.
 Actual xsec   1.25304894718906375E+032
 Correct abs xsec   1.25304894718906375E+032
 Event xsec   1.25304894718906375E+032
 Events wgts > 1:            0
 % Cross section > 1:    0.0000000000000000        0.0000000000000000     
 Iteration  4   Mean: 0.4388E+33 Abs mean: 0.4388E+33   Fluctuation:  0.303E+33   0.182E+38    99.3%
  4    0.4388E+33 0.4388E+33 +- 0.3034E+33    174.87
 Relative summed weights:
  0.1000E+01  0.0000E+00
 Relative number of events:
  0.1000E+01  0.0000E+00
 Events:
       64000           0
 Found           46  events.
 Wrote            1  events.
 Actual xsec   3.10403529528806352E+032
 Correct abs xsec   3.10403529528806352E+032
 Event xsec   3.10403529528806352E+032
 Events wgts > 1:            1
 % Cross section > 1:   1.92294705896664693E+025  6.19499095865851603E-006
 Checking number of events  1.94505059673340632E-004           1  chi2:    811.65069214352877     
 Found           46  events.
 Wrote            1  events.
 Actual xsec   3.10403529528806352E+032
 Correct abs xsec   3.10403529528806352E+032
 Event xsec   3.10403529528806352E+032
 Events wgts > 1:            1
 % Cross section > 1:   1.92294705896664693E+025  6.19499095865851603E-006
 Iteration  5   Mean: 0.3186E+34 Abs mean: 0.3186E+34   Fluctuation:  0.184E+34   0.217E+39    99.2%
  5    0.3186E+34 0.3186E+34 +- 0.1838E+34    206.37
 Relative summed weights:
  0.1000E+01  0.0000E+00
 Relative number of events:
  0.1000E+01  0.0000E+00
 Events:
      128000           0
 Found          203  events.
 Wrote            1  events.
 Actual xsec   1.76857969791440408E+033
 Correct abs xsec   1.76857969791440408E+033
 Event xsec   1.76857969791440408E+033
 Events wgts > 1:            0
 % Cross section > 1:    0.0000000000000000        0.0000000000000000     
 Checking number of events  1.10822741030712382E-003           1  chi2:    17.701789447516202     
 Found          203  events.
 Wrote            3  events.
 Actual xsec   1.76857969791440408E+033
 Correct abs xsec   1.76857969791440408E+033
 Event xsec   1.76857969791440408E+033
 Events wgts > 1:            0
 % Cross section > 1:    0.0000000000000000        0.0000000000000000     
 Fixing grid
 Iteration  6   Mean: 0.6126E+34 Abs mean: 0.6126E+34   Fluctuation:  0.361E+34   0.892E+39    99.3%
  6    0.6126E+34 0.6126E+34 +- 0.3605E+34    297.80
 Relative summed weights:
  0.1000E+01  0.0000E+00
 Relative number of events:
  0.1000E+01  0.0000E+00
 Events:
      256000           0
 Found          297  events.
 Wrote            2  events.
 Actual xsec   3.52885589453524086E+033
 Correct abs xsec   3.52885589453524086E+033
 Event xsec   3.52885589453524086E+033
 Events wgts > 1:            0
 % Cross section > 1:    0.0000000000000000        0.0000000000000000     
 Checking number of events  2.21125168063367270E-003           2  chi2:    52.156318783722220     
 Found          297  events.
 Wrote            2  events.
 Actual xsec   3.52885589453524086E+033
 Correct abs xsec   3.52885589453524086E+033
 Event xsec   3.52885589453524086E+033
 Events wgts > 1:            0
 % Cross section > 1:    0.0000000000000000        0.0000000000000000     
 Iteration  7   Mean: 0.9199E+34 Abs mean: 0.9199E+34   Fluctuation:  0.492E+34   0.204E+40    99.2%
  7    0.9199E+34 0.9199E+34 +- 0.4915E+34    382.34
 Relative summed weights:
  0.1000E+01  0.0000E+00
 Relative number of events:
  0.1000E+01  0.0000E+00
 Events:
      512000           0
 Found          475  events.
 Wrote            2  events.
 Actual xsec   6.33110097968269879E+033
 Correct abs xsec   6.33110097968269879E+033
 Event xsec   6.33110097968269879E+033
 Events wgts > 1:            1
 % Cross section > 1:   3.97312366809299368E+025  6.27556515184838842E-007
 Checking number of events  3.96719449588877303E-003           2  chi2:    1.6356108789711854     

 -------------------------------------------------------------------------------
 Accumulated results:   Integral =  0.4158E+34
                        Std dev  =  0.1087E+34
                       Cross sec =  0.1764E+01
             Chi**2 per DoF.     =
-------------------------------------------------
---------------------------
 Results Last   3 iters: Integral =   0.6331E+34
                     Abs integral =   0.6331E+34
                         Std dev =   0.2066E+34
                 Chi**2 per DoF. =      1.6356
-------------------------------------------------
---------------------------
>>>>>>> 911b5ec345c81b054214c521136984e9d6306827

ls status:
events.lhe
ftn25
ftn26
input_sg.txt
<<<<<<< HEAD
moffset.dat
results.dat
run_01_ftn26.gz
run_01_log.txt
run_01_results.dat
run_02_ftn26.gz
run_02_log.txt
run_02_results.dat
run_03_ftn26.gz
run_03_log.txt
run_03_results.dat
=======
log.txt
moffset.dat
results.dat
>>>>>>> 911b5ec345c81b054214c521136984e9d6306827
run1_app.log
