 Process in group number            0
 No PDF is used, alpha_s(MZ) from param_card is used
 Value of alpha_s from param_card:   0.11800000071525575     
 The default order of alpha_s running is fixed to            2
 *****************************************************
 *               MadGraph/MadEvent                   *
 *        --------------------------------           *
 *          http://madgraph.hep.uiuc.edu             *
 *          http://madgraph.phys.ucl.ac.be           *
 *          http://madgraph.roma2.infn.it            *
 *        --------------------------------           *
 *                                                   *
 *          PARAMETER AND COUPLING VALUES            *
 *                                                   *
 *****************************************************

  External Params
  ---------------------------------
  
 aEWM1 =    132.50700378417969     
 mdl_Gf =   1.16639000000000003E-005
 aS =   0.11800000071525575     
 mdl_ymb =    4.6999998092651367     
 mdl_ymt =    173.00000000000000     
 mdl_yme =   5.10999991092830896E-004
 mdl_ymm =   0.10565999895334244     
 mdl_ymtau =    1.7769999504089355     
 mdl_MZ =    91.188003540039063     
 mdl_MT =    173.00000000000000     
 mdl_MB =    4.6999998092651367     
 mdl_MH =    125.00000000000000     
 mdl_Me =   5.10999991092830896E-004
 mdl_MM =   0.10565999895334244     
 mdl_MTA =    1.7769999504089355     
 mdl_WZ =    2.4414041042327881     
 mdl_WW =    2.0476000308990479     
 mdl_WT =    1.4915000200271606     
 mdl_WH =   6.38233916833996773E-003
 mdl_WTau =   2.26999999999999982E-012
  Internal Params
  ---------------------------------
  
 mdl_conjg__CKM3x3 =    1.0000000000000000     
 mdl_CKM3x3 =    1.0000000000000000     
 mdl_conjg__CKM1x1 =    1.0000000000000000     
 mdl_complexi =  (  0.0000000000000000     ,  1.0000000000000000     )
 mdl_MZ__exp__2 =    8315.2519896181766     
 mdl_MZ__exp__4 =    69143415.650849044     
 mdl_sqrt__2 =    1.4142135623730951     
 mdl_MH__exp__2 =    15625.000000000000     
 mdl_aEW =   7.54677089845565054E-003
 mdl_MW =    80.419007276179556     
 mdl_sqrt__aEW =   8.68721526063194194E-002
 mdl_ee =   0.30795376284704501     
 mdl_MW__exp__2 =    6467.2167312862202     
 mdl_sw2 =   0.22224645274001076     
 mdl_cw =   0.88190336616887299     
 mdl_sqrt__sw2 =   0.47143022043565552     
 mdl_sw =   0.47143022043565552     
 mdl_g1 =   0.34919218438279087     
 mdl_gw =   0.65323296958447097     
 mdl_vev =    246.21845810181631     
 mdl_vev__exp__2 =    60623.529110035874     
 mdl_lam =   0.12886910601690271     
 mdl_yb =   2.69955531549349904E-002
 mdl_ye =   2.93504850670934038E-006
 mdl_ym =   6.06883028478528356E-004
 mdl_yt =   0.99366614581500645     
 mdl_ytau =   1.02066167158167895E-002
 mdl_muH =    88.388347648318444     
 mdl_I1x33 =  ( 2.69955531549349904E-002,  0.0000000000000000     )
 mdl_I2x33 =  ( 0.99366614581500645     ,  0.0000000000000000     )
 mdl_I3x33 =  ( 0.99366614581500645     ,  0.0000000000000000     )
 mdl_I4x33 =  ( 2.69955531549349904E-002,  0.0000000000000000     )
 mdl_ee__exp__2 =   9.48355200516540348E-002
 mdl_sw__exp__2 =   0.22224645274001076     
 mdl_cw__exp__2 =   0.77775354725998924     
  Internal Params evaluated point by point
  ----------------------------------------
  
 mdl_sqrt__aS =   0.34351128178744839     
 mdl_G__exp__2 =    1.4828317414825511     
  Couplings of sm-lepton_masses
  ---------------------------------
  
         GC_3 =  -0.00000E+00  -0.30795E+00
        GC_50 =  -0.00000E+00  -0.28804E+00
        GC_59 =   0.00000E+00   0.82310E-01
        GC_89 =  -0.00000E+00  -0.20754E-05

 Collider parameters:
 --------------------

 Running at e e   machine @   7.14879999999999960E-002  GeV
 PDF set = none   
 alpha_s(Mz)= 0.1180 running at 2 loops.
 alpha_s(Mz)= 0.1180 running at 2 loops.
 Renormalization scale fixed @    91.188000000000002     
 Factorization scales  fixed @    91.188000000000002        91.188000000000002     


 getting user params
Enter number of events and max and min iterations: 
 Number of events and iterations         2000           9           3
Enter desired fractional accuracy: 
 Desired fractional accuracy:  -5.69459999999999965E-006
Enter 0 for fixed, 2 for adjustable grid: 
Suppress amplitude (0 no, 1 yes)? 
 Using suppressed amplitude.
Exact helicity sum (0 yes, n = number/event)? 
 Explicitly summing over helicities
Enter Configuration Number: 
Running Configuration Number:    7
 Not subdividing B.W.
 Attempting mappinvarients           1           5
 Completed mapping           5
 about to integrate            5        2000           9           3           5           1
 Using non-zero grid deformation.
  5 dimensions   2000 events  5 invarients  9 iterations  1 config(s),  (0.99)
 Using h-tuple random number sequence.
 Error opening grid
 Using Uniform Grid!
 Using uniform alpha   1.0000000000000000     
 Grid defined OK
 Set CM energy to          0.07
 Mapping Graph           7  to config           7
Setting grid   1    0.17611E-04   1
Setting grid   2    0.51095E-04   1
 Masses: 0.511E-03 0.511E-03 0.000E+00 0.511E-03 0.511E-03
   7   1   2   3   4   5
 Got moffset          22
Using random seed offsets     7 :      1
  with seed                   69
 Ranmar initialization seeds       25758       18737
  Particle       3       4       5
      Et >     0.0     0.0     0.0
       E >     0.0     0.0     0.0
     Eta <    -1.0    -1.0    -1.0
   xqcut:      0.0     0.0     0.0
d R # 3  >    -0.0     0.0     0.0
d R # 4  >    -0.0    -0.0     0.0
s min # 3>     0.0     0.0     0.0
s min # 4>     0.0     0.0     0.0
xqcutij # 3>     0.0     0.0     0.0
xqcutij # 4>     0.0     0.0     0.0
 alpha_s for scale    91.188000000000002       is   0.11800000071525575     
 Added good helicity            1   5.0637725488958729       in event            1
 Added good helicity            2  1.56154371397658734E-006  in event            1
 Added good helicity            3  3.22746441593523611E-003  in event            1
 Added good helicity            5   3.0856129313078924       in event            1
 Added good helicity            7  3.30106344014605895E-006  in event            1
 Added good helicity            9  1.61299173451546670E-006  in event            1
 Added good helicity           10   4.8569143277796156       in event            1
 Added good helicity           12  3.42291903355093283E-003  in event            1
 Added good helicity           14   2.9870380010346644       in event            1
 Added good helicity           16  3.27690453271891736E-006  in event            1
 Added good helicity           17  3.27690454121883962E-006  in event            1
 Added good helicity           19   2.9870380087785580       in event            1
 Added good helicity           21  3.42291902981375819E-003  in event            1
 Added good helicity           23   4.8569143403823558       in event            1
 Added good helicity           24  1.61299173880935581E-006  in event            1
 Added good helicity           26  3.30106343428008517E-006  in event            1
 Added good helicity           28   3.0856129313102478       in event            1
 Added good helicity           30  3.22746440409610574E-003  in event            1
 Added good helicity           31  1.56154372149361956E-006  in event            1
 Added good helicity           32   5.0637725488918237       in event            1
 Added good helicity            4  1.58682366256169324E-005  in event            3
 Added good helicity            6  1.46501073634441412E-005  in event            3
 Added good helicity           11  9.41164557689707915E-002  in event            3
 Added good helicity           13  0.14746163575820811       in event            3
 Added good helicity           15  2.85453103300881534E-005  in event            3
 Added good helicity           18  2.85453103883432001E-005  in event            3
 Added good helicity           20  0.14746163605567328       in event            3
 Added good helicity           22  9.41164557351782255E-002  in event            3
 Added good helicity           27  1.46501081409099607E-005  in event            3
 Added good helicity           29  1.58682365727325218E-005  in event            3
 Iteration  1   Mean: 0.1798E+10 Abs mean: 0.1798E+10   Fluctuation:  0.141E+09   0.152E+12    72.9%
  1    0.1798E+10 0.1798E+10 +- 0.1407E+09      3.50
 Writing out events   136986.38618108665        3.5004913057336555     
 Relative summed weights:
  0.1000E+01  0.0000E+00
 Relative number of events:
  0.1000E+01  0.0000E+00
 Events:
        2000           0
 Iteration  2   Mean: 0.1749E+10 Abs mean: 0.1749E+10   Fluctuation:  0.426E+08   0.383E+11    81.6%
  2    0.1749E+10 0.1749E+10 +- 0.4259E+08      1.54
 Relative summed weights:
  0.1000E+01  0.0000E+00
 Relative number of events:
  0.1000E+01  0.0000E+00
 Events:
        4000           0
 Iteration  3   Mean: 0.1713E+10 Abs mean: 0.1713E+10   Fluctuation:  0.218E+08   0.203E+11    78.9%
  3    0.1713E+10 0.1713E+10 +- 0.2181E+08      1.14
 Relative summed weights:
  0.1000E+01  0.0000E+00
 Relative number of events:
  0.1000E+01  0.0000E+00
 Events:
        8000           0
 Found          990  events.
 Wrote          985  events.
 Actual xsec    1722071677.8280704     
 Correct abs xsec    1722071677.8280704     
 Event xsec    1722071677.8280952     
 Events wgts > 1:            6
 % Cross section > 1:    1568208.3451131918       9.10652190210248097E-002
 Checking number of events   9806.5093765597285              985  chi2:   0.43606920827015971     
 Found          990  events.
 Wrote          985  events.
 Actual xsec    1722071677.8280704     
 Correct abs xsec    1722071677.8280704     
 Event xsec    1722071677.8280952     
 Events wgts > 1:            6
 % Cross section > 1:    1568208.3451131918       9.10652190210248097E-002
 Iteration  4   Mean: 0.1728E+10 Abs mean: 0.1728E+10   Fluctuation:  0.133E+08   0.130E+11    76.8%
  4    0.1728E+10 0.1728E+10 +- 0.1327E+08      0.97
 Relative summed weights:
  0.1000E+01  0.0000E+00
 Relative number of events:
  0.1000E+01  0.0000E+00
 Events:
       16000           0
 Found         2145  events.
 Wrote         2141  events.
 Actual xsec    1725379977.4714313     
 Correct abs xsec    1725379977.4714313     
 Event xsec    1725379977.4713833     
 Events wgts > 1:            0
 % Cross section > 1:    0.0000000000000000        0.0000000000000000     
 Checking number of events   9825.3488197088118             2141  chi2:   0.33618805198278728     
 Found         2145  events.
 Wrote         2141  events.
 Actual xsec    1725379977.4714313     
 Correct abs xsec    1725379977.4714313     
 Event xsec    1725379977.4713833     
 Events wgts > 1:            0
 % Cross section > 1:    0.0000000000000000        0.0000000000000000     
 Iteration  5   Mean: 0.1718E+10 Abs mean: 0.1718E+10   Fluctuation:  0.869E+07   0.162E+11    75.6%
  5    0.1718E+10 0.1718E+10 +- 0.8687E+07      0.90
 Relative summed weights:
  0.1000E+01  0.0000E+00
 Relative number of events:
  0.1000E+01  0.0000E+00
 Events:
       32000           0
 Found         4207  events.
 Wrote         4202  events.
 Actual xsec    1719865379.9659202     
 Correct abs xsec    1719865379.9659202     
 Event xsec    1719865379.9658387     
 Events wgts > 1:            2
 % Cross section > 1:    146898.41817571141       8.54127421174261971E-003
 Checking number of events   9793.9453927539289             4202  chi2:   0.25872544025771366     
 Found         4207  events.
 Wrote         4202  events.
 Actual xsec    1719865379.9659202     
 Correct abs xsec    1719865379.9659202     
 Event xsec    1719865379.9658387     
 Events wgts > 1:            2
 % Cross section > 1:    146898.41817571141       8.54127421174261971E-003
 Iteration  6   Mean: 0.1729E+10 Abs mean: 0.1729E+10   Fluctuation:  0.608E+07   0.233E+11    74.1%
  6    0.1729E+10 0.1729E+10 +- 0.6077E+07      0.89
 Relative summed weights:
  0.1000E+01  0.0000E+00
 Relative number of events:
  0.1000E+01  0.0000E+00
 Events:
       64000           0
 Found         8626  events.
 Wrote         8622  events.
 Actual xsec    1725534874.0219982     
 Correct abs xsec    1725534874.0219982     
 Event xsec    1725534874.0222125     
 Events wgts > 1:            9
 % Cross section > 1:    515399.88596793090       2.98689927237770908E-002
 Checking number of events   9826.2308936056706             8622  chi2:   0.58217625786763205     
 Found         8626  events.
 Wrote         8622  events.
 Actual xsec    1725534874.0219982     
 Correct abs xsec    1725534874.0219982     
 Event xsec    1725534874.0222125     
 Events wgts > 1:            9
 % Cross section > 1:    515399.88596793090       2.98689927237770908E-002
 Iteration  7   Mean: 0.1735E+10 Abs mean: 0.1735E+10   Fluctuation:  0.436E+07   0.464E+11    73.3%
  7    0.1735E+10 0.1735E+10 +- 0.4357E+07      0.90
 Relative summed weights:
  0.1000E+01  0.0000E+00
 Relative number of events:
  0.1000E+01  0.0000E+00
 Events:
      128000           0
 Found        17619  events.
 Wrote        17615  events.
 Actual xsec    1730752879.8940763     
 Correct abs xsec    1730752879.8940763     
 Event xsec    1730752879.8937168     
 Events wgts > 1:           48
 % Cross section > 1:    2498249.7091242434       0.14434468017627436     
 Checking number of events   9855.9453498448074            17615  chi2:    1.6471921843482640     

 -------------------------------------------------------------------------------
 Accumulated results:   Integral =  0.1730E+10
                        Std dev  =  0.3141E+07
                       Cross sec =  0.7343E+00
             Chi**2 per DoF.     =
-------------------------------------------------
---------------------------
 Results Last   3 iters: Integral =   0.1731E+10
                     Abs integral =   0.1731E+10
                          Std dev =   0.3279E+07
                  Chi**2 per DoF. =      1.6472
-------------------------------------------------
---------------------------
 Status -5.69459999999999965E-006           8           9
 We found enough events       17615   9855.9453498448074     

ls status:
events.lhe
ftn25
ftn26
input_sg.txt
moffset.dat
results.dat
run1_app.log
