 Process in group number            0
 No PDF is used, alpha_s(MZ) from param_card is used
 Value of alpha_s from param_card:   0.11800000071525575     
 The default order of alpha_s running is fixed to            2
 *****************************************************
 *               MadGraph/MadEvent                   *
 *        --------------------------------           *
 *          http://madgraph.hep.uiuc.edu             *
 *          http://madgraph.phys.ucl.ac.be           *
 *          http://madgraph.roma2.infn.it            *
 *        --------------------------------           *
 *                                                   *
 *          PARAMETER AND COUPLING VALUES            *
 *                                                   *
 *****************************************************

  External Params
  ---------------------------------
  
 aEWM1 =    132.50700378417969     
 mdl_Gf =   1.16639000000000003E-005
 aS =   0.11800000071525575     
 mdl_ymb =    4.6999998092651367     
 mdl_ymt =    173.00000000000000     
 mdl_yme =   5.10999991092830896E-004
 mdl_ymm =   0.10565999895334244     
 mdl_ymtau =    1.7769999504089355     
 mdl_MZ =    91.188003540039063     
 mdl_MT =    173.00000000000000     
 mdl_MB =    4.6999998092651367     
 mdl_MH =    125.00000000000000     
 mdl_Me =   5.10999991092830896E-004
 mdl_MM =   0.10565999895334244     
 mdl_MTA =    1.7769999504089355     
 mdl_WZ =    2.4414041042327881     
 mdl_WW =    2.0476000308990479     
 mdl_WT =    1.4915000200271606     
 mdl_WH =   6.38233916833996773E-003
 mdl_WTau =   2.26999999999999982E-012
  Internal Params
  ---------------------------------
  
 mdl_conjg__CKM3x3 =    1.0000000000000000     
 mdl_CKM3x3 =    1.0000000000000000     
 mdl_conjg__CKM1x1 =    1.0000000000000000     
 mdl_complexi =  (  0.0000000000000000     ,  1.0000000000000000     )
 mdl_MZ__exp__2 =    8315.2519896181766     
 mdl_MZ__exp__4 =    69143415.650849044     
 mdl_sqrt__2 =    1.4142135623730951     
 mdl_MH__exp__2 =    15625.000000000000     
 mdl_aEW =   7.54677089845565054E-003
 mdl_MW =    80.419007276179556     
 mdl_sqrt__aEW =   8.68721526063194194E-002
 mdl_ee =   0.30795376284704501     
 mdl_MW__exp__2 =    6467.2167312862202     
 mdl_sw2 =   0.22224645274001076     
 mdl_cw =   0.88190336616887299     
 mdl_sqrt__sw2 =   0.47143022043565552     
 mdl_sw =   0.47143022043565552     
 mdl_g1 =   0.34919218438279087     
 mdl_gw =   0.65323296958447097     
 mdl_vev =    246.21845810181631     
 mdl_vev__exp__2 =    60623.529110035874     
 mdl_lam =   0.12886910601690271     
 mdl_yb =   2.69955531549349904E-002
 mdl_ye =   2.93504850670934038E-006
 mdl_ym =   6.06883028478528356E-004
 mdl_yt =   0.99366614581500645     
 mdl_ytau =   1.02066167158167895E-002
 mdl_muH =    88.388347648318444     
 mdl_I1x33 =  ( 2.69955531549349904E-002,  0.0000000000000000     )
 mdl_I2x33 =  ( 0.99366614581500645     ,  0.0000000000000000     )
 mdl_I3x33 =  ( 0.99366614581500645     ,  0.0000000000000000     )
 mdl_I4x33 =  ( 2.69955531549349904E-002,  0.0000000000000000     )
 mdl_ee__exp__2 =   9.48355200516540348E-002
 mdl_sw__exp__2 =   0.22224645274001076     
 mdl_cw__exp__2 =   0.77775354725998924     
  Internal Params evaluated point by point
  ----------------------------------------
  
 mdl_sqrt__aS =   0.34351128178744839     
 mdl_G__exp__2 =    1.4828317414825511     
  Couplings of sm-lepton_masses
  ---------------------------------
  
         GC_3 =  -0.00000E+00  -0.30795E+00
        GC_50 =  -0.00000E+00  -0.28804E+00
        GC_59 =   0.00000E+00   0.82310E-01
        GC_89 =  -0.00000E+00  -0.20754E-05

 Collider parameters:
 --------------------

 Running at e e   machine @   7.14879999999999960E-002  GeV
 PDF set = none   
 alpha_s(Mz)= 0.1180 running at 2 loops.
 alpha_s(Mz)= 0.1180 running at 2 loops.
 Renormalization scale fixed @    91.188000000000002     
 Factorization scales  fixed @    91.188000000000002        91.188000000000002     


 getting user params
Enter number of events and max and min iterations: 
 Number of events and iterations         2000           9           3
Enter desired fractional accuracy: 
 Desired fractional accuracy:  -5.74259999999999987E-006
Enter 0 for fixed, 2 for adjustable grid: 
Suppress amplitude (0 no, 1 yes)? 
 Using suppressed amplitude.
Exact helicity sum (0 yes, n = number/event)? 
 Explicitly summing over helicities
Enter Configuration Number: 
Running Configuration Number:   13
 Not subdividing B.W.
 Attempting mappinvarients           1           5
 Completed mapping           5
 about to integrate            5        2000           9           3           5           1
 Using non-zero grid deformation.
  5 dimensions   2000 events  5 invarients  9 iterations  1 config(s),  (0.99)
 Using h-tuple random number sequence.
 Error opening grid
 Using Uniform Grid!
 Using uniform alpha   1.0000000000000000     
 Grid defined OK
 Set CM energy to          0.07
 Mapping Graph          13  to config          13
Setting grid   1    0.51095E-04   1
Setting grid   2    0.17611E-04   1
 Masses: 0.511E-03 0.511E-03 0.000E+00 0.511E-03 0.511E-03
  13   1   2   3   4   5
 Got moffset          15
Using random seed offsets    13 :      1
  with seed                   87
 Ranmar initialization seeds       17625       26738
  Particle       3       4       5
      Et >     0.0     0.0     0.0
       E >     0.0     0.0     0.0
     Eta <    -1.0    -1.0    -1.0
   xqcut:      0.0     0.0     0.0
d R # 3  >    -0.0     0.0     0.0
d R # 4  >    -0.0    -0.0     0.0
s min # 3>     0.0     0.0     0.0
s min # 4>     0.0     0.0     0.0
xqcutij # 3>     0.0     0.0     0.0
xqcutij # 4>     0.0     0.0     0.0
 alpha_s for scale    91.188000000000002       is   0.11800000071525575     
 Added good helicity            1   8.4189274062742374       in event            1
 Added good helicity            2  2.03436186563880975E-002  in event            1
 Added good helicity            3  3.13464013244282128E-005  in event            1
 Added good helicity            5   1.6167997361883175       in event            1
 Added good helicity            6  6.87044003073774813E-005  in event            1
 Added good helicity            9  4.96419439493890532E-005  in event            1
 Added good helicity           10  0.91790485083848983       in event            1
 Added good helicity           11  5.16354359871854657E-004  in event            1
 Added good helicity           12  1.78936992459532073E-006  in event            1
 Added good helicity           13  3.65400859305723621E-002  in event            1
 Added good helicity           14   4.9869510965596104       in event            1
 Added good helicity           15  1.85318881612108063E-003  in event            1
 Added good helicity           16  1.13022424700205034E-005  in event            1
 Added good helicity           17  1.13022428853793653E-005  in event            1
 Added good helicity           18  1.85318881495442575E-003  in event            1
 Added good helicity           19   4.9869512363408655       in event            1
 Added good helicity           20  3.65400859615332904E-002  in event            1
 Added good helicity           21  1.78937000395056780E-006  in event            1
 Added good helicity           22  5.16354360343701936E-004  in event            1
 Added good helicity           23  0.91790487653257102       in event            1
 Added good helicity           24  4.96419454679690537E-005  in event            1
 Added good helicity           27  6.87044012903719153E-005  in event            1
 Added good helicity           28   1.6167997362023416       in event            1
 Added good helicity           30  3.13464001408776408E-005  in event            1
 Added good helicity           31  2.03436192478452169E-002  in event            1
 Added good helicity           32   8.4189274061124237       in event            1
 Added good helicity            7  1.55023918305998236E-006  in event            2
 Added good helicity           26  1.55023918473768019E-006  in event            2
 Added good helicity            4  2.48317608026422736E-005  in event           10
 Added good helicity           29  2.48317608385612987E-005  in event           10
 Iteration  1   Mean: 0.1831E+10 Abs mean: 0.1831E+10   Fluctuation:  0.794E+09   0.137E+13    75.2%
  1    0.1831E+10 0.1831E+10 +- 0.7942E+09     19.40
 Writing out events   135325.11488525817        19.399157169828769     
 Relative summed weights:
  0.1000E+01  0.0000E+00
 Relative number of events:
  0.1000E+01  0.0000E+00
 Events:
        2000           0
 Iteration  2   Mean: 0.2199E+10 Abs mean: 0.2199E+10   Fluctuation:  0.996E+09   0.388E+13    82.4%
  2    0.2199E+10 0.2199E+10 +- 0.9961E+09     28.65
 Relative summed weights:
  0.1000E+01  0.0000E+00
 Relative number of events:
  0.1000E+01  0.0000E+00
 Events:
        4000           0
 Iteration  3   Mean: 0.1661E+10 Abs mean: 0.1661E+10   Fluctuation:  0.708E+08   0.127E+12    82.1%
  3    0.1661E+10 0.1661E+10 +- 0.7076E+08      3.81
 Relative summed weights:
  0.1000E+01  0.0000E+00
 Relative number of events:
  0.1000E+01  0.0000E+00
 Events:
        8000           0
 Found          582  events.
 Wrote          126  events.
 Actual xsec    1667566707.1610541     
 Correct abs xsec    1667566707.1610541     
 Event xsec    1667566707.1610582     
 Events wgts > 1:           10
 % Cross section > 1:    17600244.249984268        1.0554446892231213     
 Checking number of events   9576.1685725430689              126  chi2:   0.16740930010948549     
 Found          582  events.
 Wrote          154  events.
 Actual xsec    1667566707.1610541     
 Correct abs xsec    1667566707.1610541     
 Event xsec    1667566707.1610570     
 Events wgts > 1:           10
 % Cross section > 1:    14427886.816381816       0.86520597673387956     
 Iteration  4   Mean: 0.1634E+10 Abs mean: 0.1634E+10   Fluctuation:  0.249E+08   0.705E+11    82.8%
  4    0.1634E+10 0.1634E+10 +- 0.2488E+08      1.93
 Relative summed weights:
  0.1000E+01  0.0000E+00
 Relative number of events:
  0.1000E+01  0.0000E+00
 Events:
       16000           0
 Found         1806  events.
 Wrote          879  events.
 Actual xsec    1637298732.0872881     
 Correct abs xsec    1637298732.0872881     
 Event xsec    1637298732.0872865     
 Events wgts > 1:           18
 % Cross section > 1:    16320221.174519777       0.99677724380291799     
 Checking number of events   9402.3516988844603              879  chi2:   0.22759990502164612     
 Found         1806  events.
 Wrote          898  events.
 Actual xsec    1637298732.0872881     
 Correct abs xsec    1637298732.0872881     
 Event xsec    1637298732.0872636     
 Events wgts > 1:           18
 % Cross section > 1:    15978285.637852404       0.97589311740826568     
 Iteration  5   Mean: 0.1654E+10 Abs mean: 0.1654E+10   Fluctuation:  0.121E+08   0.323E+11    81.7%
  5    0.1654E+10 0.1654E+10 +- 0.1208E+08      1.31
 Relative summed weights:
  0.1000E+01  0.0000E+00
 Relative number of events:
  0.1000E+01  0.0000E+00
 Events:
       32000           0
 Found         4007  events.
 Wrote         4002  events.
 Actual xsec    1650278052.0520341     
 Correct abs xsec    1650278052.0520341     
 Event xsec    1650278052.0519457     
 Events wgts > 1:           71
 % Cross section > 1:    7275348.9858874800       0.44085595011345846     
 Checking number of events   9476.8867417140118             4002  chi2:   0.27915384975560409     
 Found         4007  events.
 Wrote         4002  events.
 Actual xsec    1650278052.0520341     
 Correct abs xsec    1650278052.0520341     
 Event xsec    1650278052.0519457     
 Events wgts > 1:           71
 % Cross section > 1:    7275348.9858874800       0.44085595011345846     
 Iteration  6   Mean: 0.1659E+10 Abs mean: 0.1659E+10   Fluctuation:  0.696E+07   0.358E+11    80.4%
  6    0.1659E+10 0.1659E+10 +- 0.6963E+07      1.06
 Relative summed weights:
  0.1000E+01  0.0000E+00
 Relative number of events:
  0.1000E+01  0.0000E+00
 Events:
       64000           0
 Found         7879  events.
 Wrote         7875  events.
 Actual xsec    1656095258.9564407     
 Correct abs xsec    1656095258.9564407     
 Event xsec    1656095258.9565432     
 Events wgts > 1:           17
 % Cross section > 1:    1343297.1741260628       8.11123132477557379E-002
 Checking number of events   9510.2926340832564             7875  chi2:   0.49006886797245591     
 Found         7879  events.
 Wrote         7875  events.
 Actual xsec    1656095258.9564407     
 Correct abs xsec    1656095258.9564407     
 Event xsec    1656095258.9565432     
 Events wgts > 1:           17
 % Cross section > 1:    1343297.1741260628       8.11123132477557379E-002
 Iteration  7   Mean: 0.1655E+10 Abs mean: 0.1655E+10   Fluctuation:  0.458E+07   0.997E+11    79.2%
  7    0.1655E+10 0.1655E+10 +- 0.4576E+07      0.99
 Relative summed weights:
  0.1000E+01  0.0000E+00
 Relative number of events:
  0.1000E+01  0.0000E+00
 Events:
      128000           0
 Found        16187  events.
 Wrote        16183  events.
 Actual xsec    1655683738.9666021     
 Correct abs xsec    1655683738.9666021     
 Event xsec    1655683738.9661961     
 Events wgts > 1:           34
 % Cross section > 1:    2364787.5693507162       0.14282845894393351     
 Checking number of events   9507.9294393896089            16183  chi2:   0.12091258368252991     

 -------------------------------------------------------------------------------
 Accumulated results:   Integral =  0.1655E+10
                        Std dev  =  0.3603E+07
                       Cross sec =  0.2646E+00
             Chi**2 per DoF.     =
-------------------------------------------------
---------------------------
 Results Last   3 iters: Integral =   0.1656E+10
                     Abs integral =   0.1656E+10
                          Std dev =   0.3646E+07
                  Chi**2 per DoF. =      0.1209
-------------------------------------------------
---------------------------
 Status -5.74259999999999987E-006           8           9
 We found enough events       16183   9507.9294393896089     

ls status:
events.lhe
ftn25
ftn26
input_sg.txt
moffset.dat
results.dat
run_01_ftn26.gz
run_01_log.txt
run_01_results.dat
run_02_ftn26.gz
run_02_log.txt
run_02_results.dat
run1_app.log
