 Process in group number            0
 No PDF is used, alpha_s(MZ) from param_card is used
 Value of alpha_s from param_card:   0.11800000071525575     
 The default order of alpha_s running is fixed to            2
 Warning: pt or E min of a gamma should in general be >0
 Warning: pt or E min of a gamma should in general be >0
 Warning: pt or E min of a gamma should in general be >0
 *****************************************************
 *               MadGraph/MadEvent                   *
 *        --------------------------------           *
 *          http://madgraph.hep.uiuc.edu             *
 *          http://madgraph.phys.ucl.ac.be           *
 *          http://madgraph.roma2.infn.it            *
 *        --------------------------------           *
 *                                                   *
 *          PARAMETER AND COUPLING VALUES            *
 *                                                   *
 *****************************************************

  External Params
  ---------------------------------
  
 aEWM1 =    132.50700378417969     
 mdl_Gf =   1.16639000000000003E-005
 aS =   0.11800000071525575     
 mdl_ymb =    4.6999998092651367     
 mdl_ymt =    173.00000000000000     
 mdl_yme =   5.10999991092830896E-004
 mdl_ymm =   0.10565999895334244     
 mdl_ymtau =    1.7769999504089355     
 mdl_MZ =    91.188003540039063     
 mdl_MT =    173.00000000000000     
 mdl_MB =    4.6999998092651367     
 mdl_MH =    125.00000000000000     
 mdl_Me =   5.10999991092830896E-004
 mdl_MM =   0.10565999895334244     
 mdl_MTA =    1.7769999504089355     
 mdl_WZ =    2.4414041042327881     
 mdl_WW =    2.0476000308990479     
 mdl_WT =    1.4915000200271606     
 mdl_WH =   6.38233916833996773E-003
 mdl_WTau =   2.26999999999999982E-012
  Internal Params
  ---------------------------------
  
 mdl_conjg__CKM3x3 =    1.0000000000000000     
 mdl_CKM3x3 =    1.0000000000000000     
 mdl_conjg__CKM1x1 =    1.0000000000000000     
 mdl_complexi =  (  0.0000000000000000     ,  1.0000000000000000     )
 mdl_MZ__exp__2 =    8315.2519896181766     
 mdl_MZ__exp__4 =    69143415.650849044     
 mdl_sqrt__2 =    1.4142135623730951     
 mdl_MH__exp__2 =    15625.000000000000     
 mdl_aEW =   7.54677089845565054E-003
 mdl_MW =    80.419007276179556     
 mdl_sqrt__aEW =   8.68721526063194194E-002
 mdl_ee =   0.30795376284704501     
 mdl_MW__exp__2 =    6467.2167312862202     
 mdl_sw2 =   0.22224645274001076     
 mdl_cw =   0.88190336616887299     
 mdl_sqrt__sw2 =   0.47143022043565552     
 mdl_sw =   0.47143022043565552     
 mdl_g1 =   0.34919218438279087     
 mdl_gw =   0.65323296958447097     
 mdl_vev =    246.21845810181631     
 mdl_vev__exp__2 =    60623.529110035874     
 mdl_lam =   0.12886910601690271     
 mdl_yb =   2.69955531549349904E-002
 mdl_ye =   2.93504850670934038E-006
 mdl_ym =   6.06883028478528356E-004
 mdl_yt =   0.99366614581500645     
 mdl_ytau =   1.02066167158167895E-002
 mdl_muH =    88.388347648318444     
 mdl_I1x33 =  ( 2.69955531549349904E-002,  0.0000000000000000     )
 mdl_I2x33 =  ( 0.99366614581500645     ,  0.0000000000000000     )
 mdl_I3x33 =  ( 0.99366614581500645     ,  0.0000000000000000     )
 mdl_I4x33 =  ( 2.69955531549349904E-002,  0.0000000000000000     )
 mdl_ee__exp__2 =   9.48355200516540348E-002
 mdl_sw__exp__2 =   0.22224645274001076     
 mdl_cw__exp__2 =   0.77775354725998924     
  Internal Params evaluated point by point
  ----------------------------------------
  
 mdl_sqrt__aS =   0.34351128178744839     
 mdl_G__exp__2 =    1.4828317414825511     
  Couplings of sm-lepton_masses
  ---------------------------------
  
         GC_3 =  -0.00000E+00  -0.30795E+00

 Collider parameters:
 --------------------

 Running at e e   machine @   7.00000000000000067E-002  GeV
 PDF set = none   
 alpha_s(Mz)= 0.1180 running at 2 loops.
 alpha_s(Mz)= 0.1180 running at 2 loops.
 Renormalization scale fixed @    91.188000000000002     
 Factorization scales  fixed @    91.188000000000002        91.188000000000002     


 getting user params
Enter number of events and max and min iterations: 
 Number of events and iterations         1000           9           3
Enter desired fractional accuracy: 
 Desired fractional accuracy:  -4.19009999999999974E-005
Enter 0 for fixed, 2 for adjustable grid: 
Suppress amplitude (0 no, 1 yes)? 
 Using suppressed amplitude.
Exact helicity sum (0 yes, n = number/event)? 
 Explicitly summing over helicities
Enter Configuration Number: 
Running Configuration Number:    1
 Not subdividing B.W.
 Attempting mappinvarients           1           5
 Completed mapping           5
 about to integrate            5        1000           9           3           5           1
 Keeping grid fixed.
  5 dimensions   1000 events  5 invarients  9 iterations  1 config(s),  (0.99)
 Using h-tuple random number sequence.
 Grid read from file
 Grid defined OK
 Set CM energy to          0.07
 Mapping Graph           1  to config           1
 Warning: No cutoff for shat integral found
          Minimum set to    204.08163265306121     
 No modification is setgrid, grid read from file
 Warning: No cutoff for shat integral found
          Minimum set to    204.08163265306121     
 No modification is setgrid, grid read from file
 Masses: 0.511E-03 0.511E-03 0.000E+00 0.000E+00 0.000E+00
   1   1   2   3   4   5
 Got moffset           3
Using random seed offsets     1 :      1
  with seed                   30
 Ranmar initialization seeds        8292       18876
  Particle       3       4       5
      Et >     0.0     0.0     0.0
       E >     0.0     0.0     0.0
     Eta <    -1.0    -1.0    -1.0
   xqcut:      0.0     0.0     0.0
d R # 3  >    -0.0     0.0     0.0
d R # 4  >    -0.0    -0.0     0.0
s min # 3>     0.0     0.0     0.0
s min # 4>     0.0     0.0     0.0
xqcutij # 3>     0.0     0.0     0.0
xqcutij # 4>     0.0     0.0     0.0
 alpha_s for scale    91.188000000000002       is   0.11800000071525575     
 Added good helicity            1  5.57930656158163712E-003  in event            1
 Added good helicity            2  1.97417894735299330E-004  in event            1
 Added good helicity            3  1.97415066714437976E-004  in event            1
 Added good helicity            5  5.57912461884566089E-003  in event            1
 Added good helicity            6  1.97421825110280643E-004  in event            1
 Added good helicity            7  1.97404258803690022E-004  in event            1
 Added good helicity           10   7.8850876436386743       in event            1
 Added good helicity           11  0.10878131274006986       in event            1
 Added good helicity           14   7.8854164614635822       in event            1
 Added good helicity           15  0.10876649190019309       in event            1
 Added good helicity           18  0.10876649190019309       in event            1
 Added good helicity           19   7.8854164614635822       in event            1
 Added good helicity           22  0.10878131274006987       in event            1
 Added good helicity           23   7.8850876436386743       in event            1
 Added good helicity           26  1.97404258803690022E-004  in event            1
 Added good helicity           27  1.97421825110280643E-004  in event            1
 Added good helicity           28  5.57912461884566089E-003  in event            1
 Added good helicity           30  1.97415066714437976E-004  in event            1
 Added good helicity           31  1.97417894735299330E-004  in event            1
 Added good helicity           32  5.57930656158163712E-003  in event            1
 Added good helicity            4  3.33377649432160586E-005  in event            2
 Added good helicity           12   7.9734641657428664       in event            2
 Added good helicity           13  3.06771153892810861E-003  in event            2
 Added good helicity           20  3.06771153892810861E-003  in event            2
 Added good helicity           21   7.9734641657428664       in event            2
 Added good helicity           29  3.33377649432160518E-005  in event            2
 Iteration  1   Mean: 0.1326E+09 Abs mean: 0.1326E+09   Fluctuation:  0.162E+08   0.112E+11    99.5%
  1    0.1326E+09 0.1326E+09 +- 0.1618E+08      3.86
 Writing out events   14812.140179295615        3.8566286550897684     
 Relative summed weights:
  0.1177E+00  0.0000E+00
  0.1217E+00  0.0000E+00
  0.2578E+00  0.0000E+00
  0.1213E+00  0.0000E+00
  0.1520E+00  0.0000E+00
  0.2297E+00  0.0000E+00
 Relative number of events:
  0.1610E+00  0.0000E+00
  0.1610E+00  0.0000E+00
  0.1710E+00  0.0000E+00
  0.1660E+00  0.0000E+00
  0.1500E+00  0.0000E+00
  0.1910E+00  0.0000E+00
 Events:
         161           0
         161           0
         171           0
         166           0
         150           0
         191           0
 Iteration  2   Mean: 0.1510E+09 Abs mean: 0.1510E+09   Fluctuation:  0.291E+08   0.457E+11    99.2%
  2    0.1510E+09 0.1510E+09 +- 0.2914E+08      8.63
 Relative summed weights:
  0.1326E+00  0.0000E+00
  0.1264E+00  0.0000E+00
  0.1134E+00  0.0000E+00
  0.1262E+00  0.0000E+00
  0.3995E+00  0.0000E+00
  0.1020E+00  0.0000E+00
 Relative number of events:
  0.1650E+00  0.0000E+00
  0.1750E+00  0.0000E+00
  0.1695E+00  0.0000E+00
  0.1675E+00  0.0000E+00
  0.1685E+00  0.0000E+00
  0.1545E+00  0.0000E+00
 Events:
         330           0
         350           0
         339           0
         335           0
         337           0
         309           0
 Iteration  3   Mean: 0.1107E+09 Abs mean: 0.1107E+09   Fluctuation:  0.385E+07   0.847E+10    99.3%
  3    0.1107E+09 0.1107E+09 +- 0.3849E+07      2.20
 Relative summed weights:
  0.1610E+00  0.0000E+00
  0.1560E+00  0.0000E+00
  0.1660E+00  0.0000E+00
  0.1889E+00  0.0000E+00
  0.1428E+00  0.0000E+00
  0.1852E+00  0.0000E+00
 Relative number of events:
  0.1705E+00  0.0000E+00
  0.1735E+00  0.0000E+00
  0.1655E+00  0.0000E+00
  0.1680E+00  0.0000E+00
  0.1570E+00  0.0000E+00
  0.1655E+00  0.0000E+00
 Events:
         682           0
         694           0
         662           0
         672           0
         628           0
         662           0
 Found          265  events.
 Wrote           47  events.
 Actual xsec    113506831.05390723     
 Correct abs xsec    113506831.05390723     
 Event xsec    113506831.05390722     
 Events wgts > 1:            0
 % Cross section > 1:    0.0000000000000000        0.0000000000000000     
 Checking number of events   4756.0497279897663               47  chi2:    1.7878343621761910     
 Found          265  events.
 Wrote           55  events.
 Actual xsec    113506831.05390723     
 Correct abs xsec    113506831.05390723     
 Event xsec    113506831.05390735     
 Events wgts > 1:            0
 % Cross section > 1:    0.0000000000000000        0.0000000000000000     
 Iteration  4   Mean: 0.1210E+09 Abs mean: 0.1210E+09   Fluctuation:  0.541E+07   0.233E+11    99.4%
  4    0.1210E+09 0.1210E+09 +- 0.5412E+07      4.00
 Relative summed weights:
  0.1958E+00  0.0000E+00
  0.1803E+00  0.0000E+00
  0.1696E+00  0.0000E+00
  0.1440E+00  0.0000E+00
  0.1627E+00  0.0000E+00
  0.1477E+00  0.0000E+00
 Relative number of events:
  0.1658E+00  0.0000E+00
  0.1654E+00  0.0000E+00
  0.1630E+00  0.0000E+00
  0.1770E+00  0.0000E+00
  0.1624E+00  0.0000E+00
  0.1665E+00  0.0000E+00
 Events:
        1326           0
        1323           0
        1304           0
        1416           0
        1299           0
        1332           0
 Found          775  events.
 Wrote           46  events.
 Actual xsec    115339574.68794338     
 Correct abs xsec    115339574.68794338     
 Event xsec    115339574.68794337     
 Events wgts > 1:            2
 % Cross section > 1:    698076.06544468086       0.60523551203770121     
 Checking number of events   4832.8435189995153               46  chi2:    2.0206882034886977     
 Found          775  events.
 Wrote           57  events.
 Actual xsec    115339574.68794338     
 Correct abs xsec    115339574.68794338     
 Event xsec    115339574.68794343     
 Events wgts > 1:            2
 % Cross section > 1:    564018.40433170507       0.48900683556158675     
 Iteration  5   Mean: 0.1243E+09 Abs mean: 0.1243E+09   Fluctuation:  0.736E+07   0.101E+12    99.4%
  5    0.1243E+09 0.1243E+09 +- 0.7363E+07      7.49
 Relative summed weights:
  0.1533E+00  0.0000E+00
  0.1546E+00  0.0000E+00
  0.2121E+00  0.0000E+00
  0.1598E+00  0.0000E+00
  0.1671E+00  0.0000E+00
  0.1531E+00  0.0000E+00
 Relative number of events:
  0.1672E+00  0.0000E+00
  0.1685E+00  0.0000E+00
  0.1611E+00  0.0000E+00
  0.1719E+00  0.0000E+00
  0.1696E+00  0.0000E+00
  0.1618E+00  0.0000E+00
 Events:
        2675           0
        2696           0
        2577           0
        2750           0
        2713           0
        2589           0
 Found         1393  events.
 Wrote           16  events.
 Actual xsec    116324618.83328368     
 Correct abs xsec    116324618.83328368     
 Event xsec    116324618.83328366     
 Events wgts > 1:            0
 % Cross section > 1:    0.0000000000000000        0.0000000000000000     
 Checking number of events   4874.1178537334190               16  chi2:    2.0183237244865357     
 Found         1393  events.
 Wrote           23  events.
 Actual xsec    116324618.83328368     
 Correct abs xsec    116324618.83328368     
 Event xsec    116324618.83328365     
 Events wgts > 1:            0
 % Cross section > 1:    0.0000000000000000        0.0000000000000000     
 Iteration  6   Mean: 0.1293E+09 Abs mean: 0.1293E+09   Fluctuation:  0.683E+07   0.192E+12    99.3%
  6    0.1293E+09 0.1293E+09 +- 0.6830E+07      9.45
 Relative summed weights:
  0.1697E+00  0.0000E+00
  0.1435E+00  0.0000E+00
  0.1999E+00  0.0000E+00
  0.1615E+00  0.0000E+00
  0.1597E+00  0.0000E+00
  0.1657E+00  0.0000E+00
 Relative number of events:
  0.1683E+00  0.0000E+00
  0.1660E+00  0.0000E+00
  0.1629E+00  0.0000E+00
  0.1681E+00  0.0000E+00
  0.1719E+00  0.0000E+00
  0.1629E+00  0.0000E+00
 Events:
        5385           0
        5311           0
        5212           0
        5378           0
        5500           0
        5214           0
 Found         2768  events.
 Wrote           22  events.
 Actual xsec    124433760.78244974     
 Correct abs xsec    124433760.78244974     
 Event xsec    124433760.78244975     
 Events wgts > 1:            1
 % Cross section > 1:    1.1320770252496004       9.09782858069230361E-007
 Checking number of events   5213.8990105454259               22  chi2:   0.44899880451148372     
 Found         2768  events.
 Wrote           26  events.
 Actual xsec    124433760.78244974     
 Correct abs xsec    124433760.78244974     
 Event xsec    124433760.78244975     
 Events wgts > 1:            1
 % Cross section > 1:   0.95791133027523756       7.69816265498858305E-007
 Iteration  7   Mean: 0.1206E+09 Abs mean: 0.1206E+09   Fluctuation:  0.241E+07   0.730E+11    99.3%
  7    0.1206E+09 0.1206E+09 +- 0.2407E+07      5.05
 Relative summed weights:
  0.1734E+00  0.0000E+00
  0.1598E+00  0.0000E+00
  0.1662E+00  0.0000E+00
  0.1608E+00  0.0000E+00
  0.1557E+00  0.0000E+00
  0.1841E+00  0.0000E+00
 Relative number of events:
  0.1689E+00  0.0000E+00
  0.1648E+00  0.0000E+00
  0.1659E+00  0.0000E+00
  0.1665E+00  0.0000E+00
  0.1646E+00  0.0000E+00
  0.1693E+00  0.0000E+00
 Events:
       10809           0
       10545           0
       10618           0
       10658           0
       10533           0
       10837           0
 Found         5189  events.
 Wrote          184  events.
 Actual xsec    121919674.42810670     
 Correct abs xsec    121919674.42810670     
 Event xsec    121919674.42810646     
 Events wgts > 1:            3
 % Cross section > 1:    1003388.4172499438       0.82299138507101366     
 Checking number of events   5108.5562782120987              184  chi2:   0.78374056975767814     
 Found         5189  events.
 Wrote          200  events.
 Actual xsec    121919674.42810670     
 Correct abs xsec    121919674.42810670     
 Event xsec    121919674.42810655     
 Events wgts > 1:            3
 % Cross section > 1:    923725.51838498923       0.75765090640041910     
 Iteration  8   Mean: 0.1218E+09 Abs mean: 0.1218E+09   Fluctuation:  0.186E+07   0.128E+12    99.3%
  8    0.1218E+09 0.1218E+09 +- 0.1857E+07      5.46
 Relative summed weights:
  0.1663E+00  0.0000E+00
  0.1581E+00  0.0000E+00
  0.1677E+00  0.0000E+00
  0.1723E+00  0.0000E+00
  0.1688E+00  0.0000E+00
  0.1668E+00  0.0000E+00
 Relative number of events:
  0.1655E+00  0.0000E+00
  0.1646E+00  0.0000E+00
  0.1685E+00  0.0000E+00
  0.1670E+00  0.0000E+00
  0.1658E+00  0.0000E+00
  0.1685E+00  0.0000E+00
 Events:
       21190           0
       21072           0
       21566           0
       21379           0
       21220           0
       21573           0
 Found        11115  events.
 Wrote          384  events.
 Actual xsec    121750742.58454874     
 Correct abs xsec    121750742.58454874     
 Event xsec    121750742.58455011     
 Events wgts > 1:            8
 % Cross section > 1:    992364.57808650786       0.81507887099526943     
 Checking number of events   5101.4778650351764              384  chi2:   0.72362763516894146     
 Found        11115  events.
 Wrote          370  events.
 Actual xsec    121750742.58454874     
 Correct abs xsec    121750742.58454874     
 Event xsec    121750742.58454956     
 Events wgts > 1:            8
 % Cross section > 1:    1029595.9722055516       0.84565888498836106     
 Iteration  9   Mean: 0.1270E+09 Abs mean: 0.1270E+09   Fluctuation:  0.602E+07   0.150E+13    99.4%
  9    0.1270E+09 0.1270E+09 +- 0.6015E+07     23.96
 Relative summed weights:
  0.1587E+00  0.0000E+00
  0.1609E+00  0.0000E+00
  0.1566E+00  0.0000E+00
  0.2033E+00  0.0000E+00
  0.1575E+00  0.0000E+00
  0.1630E+00  0.0000E+00
 Relative number of events:
  0.1658E+00  0.0000E+00
  0.1674E+00  0.0000E+00
  0.1667E+00  0.0000E+00
  0.1668E+00  0.0000E+00
  0.1666E+00  0.0000E+00
  0.1666E+00  0.0000E+00
 Events:
       42446           0
       42865           0
       42685           0
       42709           0
       42653           0
       42642           0
 Found        22267  events.
 Wrote           19  events.
 Actual xsec    121703817.60740671     
 Correct abs xsec    121703817.60740671     
 Event xsec    121703817.60740662     
 Events wgts > 1:            0
 % Cross section > 1:    0.0000000000000000        0.0000000000000000     
 Checking number of events   5099.5116615679481               19  chi2:   0.50035270702392487     
 Found        22267  events.
 Wrote           18  events.
 Actual xsec    121703817.60740671     
 Correct abs xsec    121703817.60740671     
 Event xsec    121703817.60740669     
 Events wgts > 1:            0
 % Cross section > 1:    0.0000000000000000        0.0000000000000000     

 -------------------------------------------------------------------------------
 Accumulated results:   Integral =  0.1212E+09
                        Std dev  =  0.1256E+07
                       Cross sec =  0.1212E+09
             Chi**2 per DoF.     =      1.4218
 -------------------------------------------------------------------------------
-------------------------------------------------
---------------------------
 Results Last   3 iters: Integral =   0.1217E+09
                     Abs integral =   0.1217E+09
                          Std dev =   0.1429E+07
                  Chi**2 per DoF. =      0.5004
-------------------------------------------------
---------------------------
 Status -4.19009999999999974E-005          10           9
 Trying w/ fresh grid
 Starting w/ ncall =         4000
 Keeping grid fixed.
  5 dimensions   4000 events  5 invarients  8 iterations  1 config(s),  (0.99)
 Using h-tuple random number sequence.
 Error opening grid
 Using Uniform Grid!
 Using uniform alpha   1.0000000000000000     
 Grid defined OK
 Warning: No cutoff for shat integral found
          Minimum set to    204.08163265306121     
Setting grid   1    0.20408E+03   1
 Warning: No cutoff for shat integral found
          Minimum set to    204.08163265306121     
Setting grid   2    0.20408E+03   1
Warning xbin not returning correct x   2  0.999976E+00  0.993314E+00  0.2837E+03
Warning xbin not returning correct x   2  0.999993E+00  0.998068E+00  0.2837E+03
Warning xbin not returning correct x   2  0.999995E+00  0.998524E+00  0.2837E+03
Warning xbin not returning correct x   2  0.999975E+00  0.993021E+00  0.2837E+03
Warning xbin not returning correct x   2  0.999995E+00  0.998450E+00  0.2837E+03
Warning xbin still not working well. Last message this iteration.
 Iteration  1   Mean: 0.4163E+08 Abs mean: 0.4163E+08   Fluctuation:  0.114E+08   0.339E+11    98.9%
  1    0.4163E+08 0.4163E+08 +- 0.1136E+08     17.26
 Relative summed weights:
  0.8926E-01  0.0000E+00
  0.1859E+00  0.0000E+00
  0.2822E+00  0.0000E+00
  0.2943E+00  0.0000E+00
  0.5976E-01  0.0000E+00
  0.8862E-01  0.0000E+00
 Relative number of events:
  0.1703E+00  0.0000E+00
  0.1708E+00  0.0000E+00
  0.1600E+00  0.0000E+00
  0.1610E+00  0.0000E+00
  0.1745E+00  0.0000E+00
  0.1635E+00  0.0000E+00
 Events:
         681           0
         683           0
         640           0
         644           0
         698           0
         654           0
Warning xbin not returning correct x   1  0.984963E+00  0.999771E+00  0.1547E-01
Warning xbin not returning correct x   1  0.986803E+00  0.999799E+00  0.1547E-01
Warning xbin not returning correct x   1  0.985244E+00  0.999775E+00  0.1547E-01
Warning xbin not returning correct x   1  0.996144E+00  0.999941E+00  0.1547E-01
Warning xbin not returning correct x   1  0.985582E+00  0.999780E+00  0.1547E-01
Warning xbin still not working well. Last message this iteration.
 Iteration  2   Mean: 0.2322E+07 Abs mean: 0.2322E+07   Fluctuation:  0.105E+06   0.389E+09    92.5%
  2    0.2322E+07 0.2322E+07 +- 0.1050E+06      4.05
 Relative summed weights:
  0.1698E+00  0.0000E+00
  0.1712E+00  0.0000E+00
  0.1649E+00  0.0000E+00
  0.1926E+00  0.0000E+00
  0.1586E+00  0.0000E+00
  0.1430E+00  0.0000E+00
 Relative number of events:
  0.1688E+00  0.0000E+00
  0.1646E+00  0.0000E+00
  0.1713E+00  0.0000E+00
  0.1609E+00  0.0000E+00
  0.1606E+00  0.0000E+00
  0.1739E+00  0.0000E+00
 Events:
        1350           0
        1317           0
        1370           0
        1287           0
        1285           0
        1391           0
 Iteration  3   Mean: 0.3431E+08 Abs mean: 0.3431E+08   Fluctuation:  0.990E+07   0.129E+12   100.0%
  3    0.3431E+08 0.3431E+08 +- 0.9902E+07     36.51
 Relative summed weights:
  0.4448E+00  0.0000E+00
  0.2199E+00  0.0000E+00
  0.8711E-01  0.0000E+00
  0.8178E-01  0.0000E+00
  0.8388E-01  0.0000E+00
  0.8252E-01  0.0000E+00
 Relative number of events:
  0.1680E+00  0.0000E+00
  0.1693E+00  0.0000E+00
  0.1626E+00  0.0000E+00
  0.1659E+00  0.0000E+00
  0.1690E+00  0.0000E+00
  0.1653E+00  0.0000E+00
 Events:
        2688           0
        2709           0
        2601           0
        2654           0
        2704           0
        2644           0
 Found         2160  events.
 Wrote            6  events.
 Actual xsec    4094285.8442442552     
 Correct abs xsec    4094285.8442442552     
 Event xsec    4094285.8442442543     
 Events wgts > 1:            1
 % Cross section > 1:   4.11179041257128119E-002  1.00427536547103456E-006
 Checking number of events   171.55467115967852                6  chi2:    152.57377009150483     
 Found         2160  events.
 Wrote            4  events.
 Actual xsec    4094285.8442442552     
 Correct abs xsec    4094285.8442442552     
 Event xsec    4094285.8442442548     
 Events wgts > 1:            1
 % Cross section > 1:   6.16768560139462352E-002  1.50641304394151002E-006
 Iteration  4   Mean: 0.8574E+08 Abs mean: 0.8574E+08   Fluctuation:  0.258E+08   0.704E+12    99.8%
  4    0.8574E+08 0.8574E+08 +- 0.2584E+08     53.91
 Relative summed weights:
  0.3489E+00  0.0000E+00
  0.7775E-01  0.0000E+00
  0.9917E-01  0.0000E+00
  0.7707E-01  0.0000E+00
  0.3078E+00  0.0000E+00
  0.8926E-01  0.0000E+00
 Relative number of events:
  0.1682E+00  0.0000E+00
  0.1674E+00  0.0000E+00
  0.1644E+00  0.0000E+00
  0.1646E+00  0.0000E+00
  0.1703E+00  0.0000E+00
  0.1651E+00  0.0000E+00
 Events:
        5383           0
        5357           0
        5262           0
        5267           0
        5448           0
        5283           0
 Found         1345  events.
 Wrote            4  events.
 Actual xsec    4866746.7275083140     
 Correct abs xsec    4866746.7275083140     
 Event xsec    4866746.7275083140     
 Events wgts > 1:            0
 % Cross section > 1:    0.0000000000000000        0.0000000000000000     
 Checking number of events   203.92155462932584                4  chi2:    302.99769313155559     
 Found         1345  events.
 Wrote            4  events.
 Actual xsec    4866746.7275083140     
 Correct abs xsec    4866746.7275083140     
 Event xsec    4866746.7275083140     
 Events wgts > 1:            0
 % Cross section > 1:    0.0000000000000000        0.0000000000000000     
 Iteration  5   Mean: 0.7256E+08 Abs mean: 0.7256E+08   Fluctuation:  0.579E+07   0.323E+12    99.1%
  5    0.7256E+08 0.7256E+08 +- 0.5794E+07     20.20
 Relative summed weights:
  0.1467E+00  0.0000E+00
  0.1636E+00  0.0000E+00
  0.1832E+00  0.0000E+00
  0.1388E+00  0.0000E+00
  0.2113E+00  0.0000E+00
  0.1564E+00  0.0000E+00
 Relative number of events:
  0.1677E+00  0.0000E+00
  0.1678E+00  0.0000E+00
  0.1656E+00  0.0000E+00
  0.1671E+00  0.0000E+00
  0.1677E+00  0.0000E+00
  0.1641E+00  0.0000E+00
 Events:
       10732           0
       10742           0
       10601           0
       10692           0
       10731           0
       10502           0
 Found         3032  events.
 Wrote           18  events.
 Actual xsec    70815104.490423530     
 Correct abs xsec    70815104.490423530     
 Event xsec    70815104.490423575     
 Events wgts > 1:            0
 % Cross section > 1:    0.0000000000000000        0.0000000000000000     
 Checking number of events   2967.2236932532360               18  chi2:    7.0083032040033748     
 Found         3032  events.
 Wrote           21  events.
 Actual xsec    70815104.490423530     
 Correct abs xsec    70815104.490423530     
 Event xsec    70815104.490423590     
 Events wgts > 1:            0
 % Cross section > 1:    0.0000000000000000        0.0000000000000000     
 Fixing grid
 Iteration  6   Mean: 0.9370E+08 Abs mean: 0.9370E+08   Fluctuation:  0.841E+07   0.778E+12    99.0%
  6    0.9370E+08 0.9370E+08 +- 0.8414E+07     32.13
 Relative summed weights:
  0.1641E+00  0.0000E+00
  0.1365E+00  0.0000E+00
  0.1256E+00  0.0000E+00
  0.2089E+00  0.0000E+00
  0.2192E+00  0.0000E+00
  0.1457E+00  0.0000E+00
 Relative number of events:
  0.1682E+00  0.0000E+00
  0.1680E+00  0.0000E+00
  0.1679E+00  0.0000E+00
  0.1659E+00  0.0000E+00
  0.1652E+00  0.0000E+00
  0.1650E+00  0.0000E+00
 Events:
       21527           0
       21498           0
       21485           0
       21236           0
       21140           0
       21114           0
 Found         9080  events.
 Wrote           22  events.
 Actual xsec    82039542.236454695     
 Correct abs xsec    82039542.236454695     
 Event xsec    82039542.236454725     
 Events wgts > 1:            1
 % Cross section > 1:   0.80027496907860041       9.75474688500874826E-007
 Checking number of events   3437.5388592496879               22  chi2:    2.3087307795150185     
 Found         9080  events.
 Wrote            9  events.
 Actual xsec    82039542.236454695     
 Correct abs xsec    82039542.236454695     
 Event xsec    82039542.236454695     
 Events wgts > 1:            1
 % Cross section > 1:    1.9562276750802994       2.38449364995486229E-006
 Iteration  7   Mean: 0.1060E+09 Abs mean: 0.1060E+09   Fluctuation:  0.215E+08   0.545E+13    99.0%
  7    0.1060E+09 0.1060E+09 +- 0.2154E+08    102.76
 Relative summed weights:
  0.3408E+00  0.0000E+00
  0.1302E+00  0.0000E+00
  0.1183E+00  0.0000E+00
  0.1516E+00  0.0000E+00
  0.1257E+00  0.0000E+00
  0.1334E+00  0.0000E+00
 Relative number of events:
  0.1669E+00  0.0000E+00
  0.1660E+00  0.0000E+00
  0.1670E+00  0.0000E+00
  0.1664E+00  0.0000E+00
  0.1662E+00  0.0000E+00
  0.1675E+00  0.0000E+00
 Events:
       42727           0
       42496           0
       42758           0
       42601           0
       42545           0
       42873           0
 Found        14782  events.
 Wrote            5  events.
 Actual xsec    83812237.626322061     
 Correct abs xsec    83812237.626322061     
 Event xsec    83812237.626322061     
 Events wgts > 1:            1
 % Cross section > 1:   0.27753427810966969       3.31138132055440198E-007
 Checking number of events   3511.8165687805204                5  chi2:    3.1083771328233705     
 Found        14782  events.
 Wrote            5  events.
 Actual xsec    83812237.626322061     
 Correct abs xsec    83812237.626322061     
 Event xsec    83812237.626322061     
 Events wgts > 1:            1
 % Cross section > 1:   0.27753427810966969       3.31138132055440198E-007
 Iteration  8   Mean: 0.9473E+08 Abs mean: 0.9473E+08   Fluctuation:  0.452E+07   0.179E+13    99.0%
  8    0.9473E+08 0.9473E+08 +- 0.4524E+07     34.17
 Relative summed weights:
  0.1672E+00  0.0000E+00
  0.1457E+00  0.0000E+00
  0.1504E+00  0.0000E+00
  0.1660E+00  0.0000E+00
  0.2086E+00  0.0000E+00
  0.1621E+00  0.0000E+00
 Relative number of events:
  0.1664E+00  0.0000E+00
  0.1659E+00  0.0000E+00
  0.1669E+00  0.0000E+00
  0.1667E+00  0.0000E+00
  0.1671E+00  0.0000E+00
  0.1670E+00  0.0000E+00
 Events:
       85215           0
       84941           0
       85445           0
       85359           0
       85547           0
       85493           0
 Found        26630  events.
 Wrote           28  events.
 Actual xsec    110890218.42620216     
 Correct abs xsec    110890218.42620216     
 Event xsec    110890218.42620225     
 Events wgts > 1:            1
 % Cross section > 1:   0.15883371932432055       1.43235103671497255E-007
 Checking number of events   3979.6334709892380               28  chi2:   0.14481455189313239     
 Found        26630  events.
 Wrote           27  events.
 Actual xsec    110890218.42620216     
 Correct abs xsec    110890218.42620216     
 Event xsec    110890218.42620224     
 Events wgts > 1:            1
 % Cross section > 1:   0.16471644956618547       1.48540107417864590E-007

 -------------------------------------------------------------------------------
 Accumulated results:   Integral =  0.5530E+08
                        Std dev  =  0.1552E+07
                       Cross sec =  0.5530E+08
             Chi**2 per DoF.     =    110.4227
 -------------------------------------------------------------------------------
-------------------------------------------------
---------------------------
 Results Last   3 iters: Integral =   0.9498E+08
                     Abs integral =   0.9498E+08
                         Std dev =   0.3921E+07
                 Chi**2 per DoF. =      0.1448
-------------------------------------------------
---------------------------

ls status:
events.lhe
ftn25
ftn26
input_sg.txt
log.txt
moffset.dat
results.dat
run1_app.log
