 Process in group number            0
 No PDF is used, alpha_s(MZ) from param_card is used
 Value of alpha_s from param_card:   0.11800000071525575     
 The default order of alpha_s running is fixed to            2
 Warning: pt or E min of a gamma should in general be >0
 Warning: pt or E min of a gamma should in general be >0
 Warning: pt or E min of a gamma should in general be >0
 *****************************************************
 *               MadGraph/MadEvent                   *
 *        --------------------------------           *
 *          http://madgraph.hep.uiuc.edu             *
 *          http://madgraph.phys.ucl.ac.be           *
 *          http://madgraph.roma2.infn.it            *
 *        --------------------------------           *
 *                                                   *
 *          PARAMETER AND COUPLING VALUES            *
 *                                                   *
 *****************************************************

  External Params
  ---------------------------------
  
 aEWM1 =    132.50700378417969     
 mdl_Gf =   1.16639000000000003E-005
 aS =   0.11800000071525575     
 mdl_ymb =    4.6999998092651367     
 mdl_ymt =    173.00000000000000     
 mdl_yme =   5.10999991092830896E-004
 mdl_ymm =   0.10565999895334244     
 mdl_ymtau =    1.7769999504089355     
 mdl_MZ =    91.188003540039063     
 mdl_MT =    173.00000000000000     
 mdl_MB =    4.6999998092651367     
 mdl_MH =    125.00000000000000     
 mdl_Me =   5.10999991092830896E-004
 mdl_MM =   0.10565999895334244     
 mdl_MTA =    1.7769999504089355     
 mdl_WZ =    2.4414041042327881     
 mdl_WW =    2.0476000308990479     
 mdl_WT =    1.4915000200271606     
 mdl_WH =   6.38233916833996773E-003
 mdl_WTau =   2.26999999999999982E-012
  Internal Params
  ---------------------------------
  
 mdl_conjg__CKM3x3 =    1.0000000000000000     
 mdl_CKM3x3 =    1.0000000000000000     
 mdl_conjg__CKM1x1 =    1.0000000000000000     
 mdl_complexi =  (  0.0000000000000000     ,  1.0000000000000000     )
 mdl_MZ__exp__2 =    8315.2519896181766     
 mdl_MZ__exp__4 =    69143415.650849044     
 mdl_sqrt__2 =    1.4142135623730951     
 mdl_MH__exp__2 =    15625.000000000000     
 mdl_aEW =   7.54677089845565054E-003
 mdl_MW =    80.419007276179556     
 mdl_sqrt__aEW =   8.68721526063194194E-002
 mdl_ee =   0.30795376284704501     
 mdl_MW__exp__2 =    6467.2167312862202     
 mdl_sw2 =   0.22224645274001076     
 mdl_cw =   0.88190336616887299     
 mdl_sqrt__sw2 =   0.47143022043565552     
 mdl_sw =   0.47143022043565552     
 mdl_g1 =   0.34919218438279087     
 mdl_gw =   0.65323296958447097     
 mdl_vev =    246.21845810181631     
 mdl_vev__exp__2 =    60623.529110035874     
 mdl_lam =   0.12886910601690271     
 mdl_yb =   2.69955531549349904E-002
 mdl_ye =   2.93504850670934038E-006
 mdl_ym =   6.06883028478528356E-004
 mdl_yt =   0.99366614581500645     
 mdl_ytau =   1.02066167158167895E-002
 mdl_muH =    88.388347648318444     
 mdl_I1x33 =  ( 2.69955531549349904E-002,  0.0000000000000000     )
 mdl_I2x33 =  ( 0.99366614581500645     ,  0.0000000000000000     )
 mdl_I3x33 =  ( 0.99366614581500645     ,  0.0000000000000000     )
 mdl_I4x33 =  ( 2.69955531549349904E-002,  0.0000000000000000     )
 mdl_ee__exp__2 =   9.48355200516540348E-002
 mdl_sw__exp__2 =   0.22224645274001076     
 mdl_cw__exp__2 =   0.77775354725998924     
  Internal Params evaluated point by point
  ----------------------------------------
  
 mdl_sqrt__aS =   0.34351128178744839     
 mdl_G__exp__2 =    1.4828317414825511     
  Couplings of sm-lepton_masses
  ---------------------------------
  
         GC_3 =  -0.00000E+00  -0.30795E+00

 Collider parameters:
 --------------------

 Running at e e   machine @   7.00000000000000067E-002  GeV
 PDF set = none   
 alpha_s(Mz)= 0.1180 running at 2 loops.
 alpha_s(Mz)= 0.1180 running at 2 loops.
 Renormalization scale fixed @    91.188000000000002     
 Factorization scales  fixed @    91.188000000000002        91.188000000000002     


 getting user params
Enter number of events and max and min iterations: 
 Number of events and iterations         1000           9           3
Enter desired fractional accuracy: 
 Desired fractional accuracy:  -4.19009999999999974E-005
Enter 0 for fixed, 2 for adjustable grid: 
Suppress amplitude (0 no, 1 yes)? 
 Using suppressed amplitude.
Exact helicity sum (0 yes, n = number/event)? 
 Explicitly summing over helicities
Enter Configuration Number: 
Running Configuration Number:    1
 Not subdividing B.W.
 Attempting mappinvarients           1           5
 Completed mapping           5
 about to integrate            5        1000           9           3           5           1
 Keeping grid fixed.
  5 dimensions   1000 events  5 invarients  9 iterations  1 config(s),  (0.99)
 Using h-tuple random number sequence.
 Grid read from file
 Grid defined OK
 Set CM energy to          0.07
 Mapping Graph           1  to config           1
 Warning: No cutoff for shat integral found
          Minimum set to    204.08163265306121     
 No modification is setgrid, grid read from file
 Warning: No cutoff for shat integral found
          Minimum set to    204.08163265306121     
 No modification is setgrid, grid read from file
 Masses: 0.511E-03 0.511E-03 0.000E+00 0.000E+00 0.000E+00
   1   1   2   3   4   5
 Got moffset          14
Using random seed offsets     1 :      1
  with seed                   30
 Ranmar initialization seeds        8292       23522
  Particle       3       4       5
      Et >     0.0     0.0     0.0
       E >     0.0     0.0     0.0
     Eta <    -1.0    -1.0    -1.0
   xqcut:      0.0     0.0     0.0
d R # 3  >    -0.0     0.0     0.0
d R # 4  >    -0.0    -0.0     0.0
s min # 3>     0.0     0.0     0.0
s min # 4>     0.0     0.0     0.0
xqcutij # 3>     0.0     0.0     0.0
xqcutij # 4>     0.0     0.0     0.0
 alpha_s for scale    91.188000000000002       is   0.11800000071525575     
 Added good helicity            1   1.0246642700256317       in event            1
 Added good helicity            2   1.0195761045990046       in event            1
 Added good helicity            3  1.22855249354788030E-006  in event            1
 Added good helicity           13   7.1346769513002846       in event            1
 Added good helicity           14   6.8210779289102410       in event            1
 Added good helicity           19   6.8210779289102401       in event            1
 Added good helicity           20   7.1346769513002846       in event            1
 Added good helicity           30  1.22855249354788030E-006  in event            1
 Added good helicity           31   1.0195761045990046       in event            1
 Added good helicity           32   1.0246642700256321       in event            1
 Added good helicity            4  2.13854193425954401E-004  in event            2
 Added good helicity            5  2.70922553467096094E-004  in event            2
 Added good helicity            6  2.30333710709920079E-004  in event            2
 Added good helicity           10  1.13206679053830879E-004  in event            2
 Added good helicity           11  0.14013813175203457       in event            2
 Added good helicity           12  0.13640153521235857       in event            2
 Added good helicity           15  5.32799644171655829E-006  in event            2
 Added good helicity           18  5.32799644171656337E-006  in event            2
 Added good helicity           21  0.13640153521235857       in event            2
 Added good helicity           22  0.14013813175203457       in event            2
 Added good helicity           23  1.13206679053831381E-004  in event            2
 Added good helicity           27  2.30333710709920079E-004  in event            2
 Added good helicity           28  2.70922553467096094E-004  in event            2
 Added good helicity           29  2.13854193425954401E-004  in event            2
 Added good helicity            7  5.72500172938093314E-005  in event            3
 Added good helicity           26  5.72500172938093110E-005  in event            3
 Iteration  1   Mean: 0.1155E+09 Abs mean: 0.1155E+09   Fluctuation:  0.235E+08   0.221E+11    99.5%
  1    0.1155E+09 0.1155E+09 +- 0.2355E+08      6.44
 Writing out events   12902.682047846332        6.4438321227668709     
 Relative summed weights:
  0.3309E+00  0.0000E+00
  0.1376E+00  0.0000E+00
  0.1064E+00  0.0000E+00
  0.1346E+00  0.0000E+00
  0.1228E+00  0.0000E+00
  0.1678E+00  0.0000E+00
 Relative number of events:
  0.1800E+00  0.0000E+00
  0.1730E+00  0.0000E+00
  0.1560E+00  0.0000E+00
  0.1560E+00  0.0000E+00
  0.1740E+00  0.0000E+00
  0.1610E+00  0.0000E+00
 Events:
         180           0
         173           0
         156           0
         156           0
         174           0
         161           0
 Iteration  2   Mean: 0.1556E+10 Abs mean: 0.1556E+10   Fluctuation:  0.146E+10   0.291E+13    99.4%
  2    0.1556E+10 0.1556E+10 +- 0.1457E+10     41.88
 Relative summed weights:
  0.1313E-01  0.0000E+00
  0.8291E-02  0.0000E+00
  0.1063E-01  0.0000E+00
  0.9467E+00  0.0000E+00
  0.1155E-01  0.0000E+00
  0.9675E-02  0.0000E+00
 Relative number of events:
  0.1680E+00  0.0000E+00
  0.1540E+00  0.0000E+00
  0.1700E+00  0.0000E+00
  0.1735E+00  0.0000E+00
  0.1735E+00  0.0000E+00
  0.1610E+00  0.0000E+00
 Events:
         336           0
         308           0
         340           0
         347           0
         347           0
         322           0
 Iteration  3   Mean: 0.1233E+09 Abs mean: 0.1233E+09   Fluctuation:  0.109E+08   0.234E+11    99.6%
  3    0.1233E+09 0.1233E+09 +- 0.1092E+08      5.60
 Relative summed weights:
  0.1235E+00  0.0000E+00
  0.1241E+00  0.0000E+00
  0.1919E+00  0.0000E+00
  0.2092E+00  0.0000E+00
  0.2144E+00  0.0000E+00
  0.1369E+00  0.0000E+00
 Relative number of events:
  0.1628E+00  0.0000E+00
  0.1693E+00  0.0000E+00
  0.1678E+00  0.0000E+00
  0.1695E+00  0.0000E+00
  0.1653E+00  0.0000E+00
  0.1655E+00  0.0000E+00
 Events:
         651           0
         677           0
         671           0
         678           0
         661           0
         662           0
 Found           33  events.
 Wrote           19  events.
 Actual xsec    132752521.52904996     
 Correct abs xsec    132752521.52904996     
 Event xsec    132752521.52905001     
 Events wgts > 1:            0
 % Cross section > 1:    0.0000000000000000        0.0000000000000000     
 Checking number of events   5562.4634045887224               19  chi2:    1.1205432528433126     
 Found           33  events.
 Wrote           18  events.
 Actual xsec    132752521.52904996     
 Correct abs xsec    132752521.52904996     
 Event xsec    132752521.52905005     
 Events wgts > 1:            0
 % Cross section > 1:    0.0000000000000000        0.0000000000000000     
 Iteration  4   Mean: 0.1301E+09 Abs mean: 0.1301E+09   Fluctuation:  0.134E+08   0.934E+11    99.6%
  4    0.1301E+09 0.1301E+09 +- 0.1342E+08      9.23
 Relative summed weights:
  0.1934E+00  0.0000E+00
  0.2432E+00  0.0000E+00
  0.1366E+00  0.0000E+00
  0.1294E+00  0.0000E+00
  0.1583E+00  0.0000E+00
  0.1392E+00  0.0000E+00
 Relative number of events:
  0.1694E+00  0.0000E+00
  0.1666E+00  0.0000E+00
  0.1708E+00  0.0000E+00
  0.1584E+00  0.0000E+00
  0.1715E+00  0.0000E+00
  0.1634E+00  0.0000E+00
 Events:
        1355           0
        1333           0
        1366           0
        1267           0
        1372           0
        1307           0
 Found          622  events.
 Wrote            4  events.
 Actual xsec    133482270.47055848     
 Correct abs xsec    133482270.47055848     
 Event xsec    133482270.47055848     
 Events wgts > 1:            0
 % Cross section > 1:    0.0000000000000000        0.0000000000000000     
 Checking number of events   5593.0406149868704                4  chi2:   0.94561248952812915     
 Found          622  events.
 Wrote           15  events.
 Actual xsec    133482270.47055848     
 Correct abs xsec    133482270.47055848     
 Event xsec    133482270.47055848     
 Events wgts > 1:            0
 % Cross section > 1:    0.0000000000000000        0.0000000000000000     
 Iteration  5   Mean: 0.1417E+09 Abs mean: 0.1417E+09   Fluctuation:  0.304E+08   0.480E+12    99.6%
  5    0.1417E+09 0.1417E+09 +- 0.3037E+08     27.10
 Relative summed weights:
  0.1264E+00  0.0000E+00
  0.1348E+00  0.0000E+00
  0.1397E+00  0.0000E+00
  0.1335E+00  0.0000E+00
  0.3270E+00  0.0000E+00
  0.1387E+00  0.0000E+00
 Relative number of events:
  0.1681E+00  0.0000E+00
  0.1663E+00  0.0000E+00
  0.1642E+00  0.0000E+00
  0.1674E+00  0.0000E+00
  0.1683E+00  0.0000E+00
  0.1659E+00  0.0000E+00
 Events:
        2689           0
        2660           0
        2627           0
        2678           0
        2692           0
        2654           0
 Found         1173  events.
 Wrote            4  events.
 Actual xsec    127552861.57644810     
 Correct abs xsec    127552861.57644810     
 Event xsec    127552861.57644811     
 Events wgts > 1:            1
 % Cross section > 1:    2.5206377655267715       1.97615148290188786E-006
 Checking number of events   5344.5924529147514                4  chi2:   0.20337128602208110     
 Found         1173  events.
 Wrote            3  events.
 Actual xsec    127552861.57644810     
 Correct abs xsec    127552861.57644810     
 Event xsec    127552861.57644808     
 Events wgts > 1:            1
 % Cross section > 1:    3.3608503341674805       2.63486862829272874E-006
 Iteration  6   Mean: 0.1218E+09 Abs mean: 0.1218E+09   Fluctuation:  0.493E+07   0.698E+11    99.6%
  6    0.1218E+09 0.1218E+09 +- 0.4934E+07      7.25
 Relative summed weights:
  0.1461E+00  0.0000E+00
  0.1800E+00  0.0000E+00
  0.1818E+00  0.0000E+00
  0.1741E+00  0.0000E+00
  0.1579E+00  0.0000E+00
  0.1601E+00  0.0000E+00
 Relative number of events:
  0.1661E+00  0.0000E+00
  0.1666E+00  0.0000E+00
  0.1711E+00  0.0000E+00
  0.1698E+00  0.0000E+00
  0.1640E+00  0.0000E+00
  0.1625E+00  0.0000E+00
 Events:
        5315           0
        5332           0
        5475           0
        5432           0
        5247           0
        5199           0
 Found         2137  events.
 Wrote           59  events.
 Actual xsec    123479222.84804429     
 Correct abs xsec    123479222.84804429     
 Event xsec    123479222.84804444     
 Events wgts > 1:            3
 % Cross section > 1:    525327.67750166007       0.42543811451432356     
 Checking number of events   5173.9029165559032               59  chi2:   0.35833507117082214     
 Found         2137  events.
 Wrote           63  events.
 Actual xsec    123479222.84804429     
 Correct abs xsec    123479222.84804429     
 Event xsec    123479222.84804426     
 Events wgts > 1:            3
 % Cross section > 1:    492106.46676972182       0.39853382246770119     
 Iteration  7   Mean: 0.1154E+09 Abs mean: 0.1154E+09   Fluctuation:  0.256E+07   0.646E+11    99.6%
  7    0.1154E+09 0.1154E+09 +- 0.2563E+07      5.62
 Relative summed weights:
  0.1798E+00  0.0000E+00
  0.1620E+00  0.0000E+00
  0.1525E+00  0.0000E+00
  0.1704E+00  0.0000E+00
  0.1756E+00  0.0000E+00
  0.1596E+00  0.0000E+00
 Relative number of events:
  0.1688E+00  0.0000E+00
  0.1629E+00  0.0000E+00
  0.1663E+00  0.0000E+00
  0.1673E+00  0.0000E+00
  0.1686E+00  0.0000E+00
  0.1660E+00  0.0000E+00
 Events:
       10803           0
       10428           0
       10646           0
       10708           0
       10793           0
       10622           0
 Found         4834  events.
 Wrote          155  events.
 Actual xsec    117054646.07525332     
 Correct abs xsec    117054646.07525332     
 Event xsec    117054646.07525378     
 Events wgts > 1:            2
 % Cross section > 1:    721334.84218549530       0.61623768587686234     
 Checking number of events   4904.7067251991893              155  chi2:    1.0140645785555358     
 Found         4834  events.
 Wrote          171  events.
 Actual xsec    117054646.07525332     
 Correct abs xsec    117054646.07525332     
 Event xsec    117054646.07525386     
 Events wgts > 1:            2
 % Cross section > 1:    654218.74396447884       0.55890027939931985     
 Iteration  8   Mean: 0.1244E+09 Abs mean: 0.1244E+09   Fluctuation:  0.348E+07   0.290E+12    99.6%
  8    0.1244E+09 0.1244E+09 +- 0.3480E+07     10.01
 Relative summed weights:
  0.1755E+00  0.0000E+00
  0.1692E+00  0.0000E+00
  0.1550E+00  0.0000E+00
  0.1683E+00  0.0000E+00
  0.1723E+00  0.0000E+00
  0.1596E+00  0.0000E+00
 Relative number of events:
  0.1672E+00  0.0000E+00
  0.1666E+00  0.0000E+00
  0.1671E+00  0.0000E+00
  0.1663E+00  0.0000E+00
  0.1665E+00  0.0000E+00
  0.1662E+00  0.0000E+00
 Events:
       21407           0
       21327           0
       21390           0
       21289           0
       21310           0
       21277           0
 Found        10186  events.
 Wrote          113  events.
 Actual xsec    119307665.05791073     
 Correct abs xsec    119307665.05791073     
 Event xsec    119307665.05791056     
 Events wgts > 1:            2
 % Cross section > 1:    1140632.6180945795       0.95604303172049310     
 Checking number of events   4999.1104735915169              113  chi2:    2.3766635872359001     
 Found        10186  events.
 Wrote          104  events.
 Actual xsec    119307665.05791073     
 Correct abs xsec    119307665.05791073     
 Event xsec    119307665.05791044     
 Events wgts > 1:            2
 % Cross section > 1:    1238316.6950041207        1.0379188079852684     
 Iteration  9   Mean: 0.1194E+09 Abs mean: 0.1194E+09   Fluctuation:  0.191E+07   0.188E+12    99.6%
  9    0.1194E+09 0.1194E+09 +- 0.1909E+07      8.09
 Relative summed weights:
  0.1640E+00  0.0000E+00
  0.1781E+00  0.0000E+00
  0.1661E+00  0.0000E+00
  0.1661E+00  0.0000E+00
  0.1636E+00  0.0000E+00
  0.1622E+00  0.0000E+00
 Relative number of events:
  0.1651E+00  0.0000E+00
  0.1671E+00  0.0000E+00
  0.1671E+00  0.0000E+00
  0.1667E+00  0.0000E+00
  0.1675E+00  0.0000E+00
  0.1665E+00  0.0000E+00
 Events:
       42267           0
       42788           0
       42776           0
       42677           0
       42875           0
       42617           0
 Found        19049  events.
 Wrote          392  events.
 Actual xsec    119142496.61430669     
 Correct abs xsec    119142496.61430669     
 Event xsec    119142496.61430655     
 Events wgts > 1:            8
 % Cross section > 1:    1045864.7684594274       0.87782680250955947     
 Checking number of events   4992.1897506360647              392  chi2:    2.2295660306586740     
 Found        19049  events.
 Wrote          384  events.
 Actual xsec    119142496.61430669     
 Correct abs xsec    119142496.61430669     
 Event xsec    119142496.61430676     
 Events wgts > 1:            8
 % Cross section > 1:    1067458.4003868266       0.89595100885156798     

 -------------------------------------------------------------------------------
 Accumulated results:   Integral =  0.1198E+09
                        Std dev  =  0.1332E+07
                       Cross sec =  0.1198E+09
             Chi**2 per DoF.     =     21.2788
 -------------------------------------------------------------------------------
-------------------------------------------------
---------------------------
 Results Last   3 iters: Integral =   0.1191E+09
                     Abs integral =   0.1191E+09
                          Std dev =   0.1403E+07
                  Chi**2 per DoF. =      2.2296
-------------------------------------------------
---------------------------
 Status -4.19009999999999974E-005          10           9
 Trying w/ fresh grid
 Starting w/ ncall =         4000
 Keeping grid fixed.
  5 dimensions   4000 events  5 invarients  8 iterations  1 config(s),  (0.99)
 Using h-tuple random number sequence.
 Error opening grid
 Using Uniform Grid!
 Using uniform alpha   1.0000000000000000     
 Grid defined OK
 Warning: No cutoff for shat integral found
          Minimum set to    204.08163265306121     
Setting grid   1    0.20408E+03   1
 Warning: No cutoff for shat integral found
          Minimum set to    204.08163265306121     
Setting grid   2    0.20408E+03   1
Warning xbin not returning correct x   2  0.999991E+00  0.997337E+00  0.2837E+03
Warning xbin not returning correct x   2  0.999985E+00  0.995822E+00  0.2837E+03
Warning xbin not returning correct x   2  0.999956E+00  0.987560E+00  0.2837E+03
Warning xbin not returning correct x   2  0.999978E+00  0.993746E+00  0.2837E+03
Warning xbin not returning correct x   2  0.999990E+00  0.997070E+00  0.2837E+03
Warning xbin still not working well. Last message this iteration.
 Iteration  1   Mean: 0.1692E+08 Abs mean: 0.1692E+08   Fluctuation:  0.257E+07   0.601E+10    99.1%
  1    0.1692E+08 0.1692E+08 +- 0.2572E+07      9.61
 Relative summed weights:
  0.1994E+00  0.0000E+00
  0.1573E+00  0.0000E+00
  0.1331E+00  0.0000E+00
  0.1963E+00  0.0000E+00
  0.1844E+00  0.0000E+00
  0.1295E+00  0.0000E+00
 Relative number of events:
  0.1603E+00  0.0000E+00
  0.1655E+00  0.0000E+00
  0.1742E+00  0.0000E+00
  0.1693E+00  0.0000E+00
  0.1658E+00  0.0000E+00
  0.1650E+00  0.0000E+00
 Events:
         641           0
         662           0
         697           0
         677           0
         663           0
         660           0
Warning xbin not returning correct x   1  0.985513E+00  0.999779E+00  0.1551E-01
Warning xbin not returning correct x   1  0.984806E+00  0.999768E+00  0.1551E-01
Warning xbin not returning correct x   1  0.985116E+00  0.999773E+00  0.1551E-01
Warning xbin not returning correct x   1  0.985026E+00  0.999771E+00  0.1551E-01
Warning xbin not returning correct x   1  0.990835E+00  0.999860E+00  0.1551E-01
Warning xbin still not working well. Last message this iteration.
 Iteration  2   Mean: 0.2430E+07 Abs mean: 0.2430E+07   Fluctuation:  0.105E+06   0.394E+09    94.9%
  2    0.2430E+07 0.2430E+07 +- 0.1053E+06      3.88
 Relative summed weights:
  0.1971E+00  0.0000E+00
  0.1549E+00  0.0000E+00
  0.1484E+00  0.0000E+00
  0.1522E+00  0.0000E+00
  0.1835E+00  0.0000E+00
  0.1638E+00  0.0000E+00
 Relative number of events:
  0.1781E+00  0.0000E+00
  0.1631E+00  0.0000E+00
  0.1711E+00  0.0000E+00
  0.1603E+00  0.0000E+00
  0.1613E+00  0.0000E+00
  0.1661E+00  0.0000E+00
 Events:
        1425           0
        1305           0
        1369           0
        1282           0
        1290           0
        1329           0
 Iteration  3   Mean: 0.5834E+08 Abs mean: 0.5834E+08   Fluctuation:  0.184E+08   0.176E+12   100.0%
  3    0.5834E+08 0.5834E+08 +- 0.1839E+08     39.87
 Relative summed weights:
  0.1025E+00  0.0000E+00
  0.4563E-01  0.0000E+00
  0.9720E-01  0.0000E+00
  0.8108E-01  0.0000E+00
  0.4061E+00  0.0000E+00
  0.2675E+00  0.0000E+00
 Relative number of events:
  0.1619E+00  0.0000E+00
  0.1649E+00  0.0000E+00
  0.1711E+00  0.0000E+00
  0.1644E+00  0.0000E+00
  0.1734E+00  0.0000E+00
  0.1642E+00  0.0000E+00
 Events:
        2591           0
        2638           0
        2738           0
        2631           0
        2775           0
        2627           0
 Found         2079  events.
 Wrote            6  events.
 Actual xsec    4461226.4545098105     
 Correct abs xsec    4461226.4545098105     
 Event xsec    4461226.4545098115     
 Events wgts > 1:            1
 % Cross section > 1:    10939.558486062102       0.24521414901508545     
 Checking number of events   186.92984967041556                6  chi2:    202.09225832150628     
 Found         2079  events.
 Wrote            3  events.
 Actual xsec    4461226.4545098105     
 Correct abs xsec    4461226.4545098105     
 Event xsec    4461226.4545098105     
 Events wgts > 1:            1
 % Cross section > 1:    21825.597518900875       0.48922864018340945     
 Iteration  4   Mean: 0.1295E+09 Abs mean: 0.1295E+09   Fluctuation:  0.443E+08   0.133E+13    99.7%
  4    0.1295E+09 0.1295E+09 +- 0.4427E+08     61.14
 Relative summed weights:
  0.2234E+00  0.0000E+00
  0.5113E-01  0.0000E+00
  0.3816E+00  0.0000E+00
  0.1261E+00  0.0000E+00
  0.1513E+00  0.0000E+00
  0.6639E-01  0.0000E+00
 Relative number of events:
  0.1644E+00  0.0000E+00
  0.1674E+00  0.0000E+00
  0.1667E+00  0.0000E+00
  0.1677E+00  0.0000E+00
  0.1645E+00  0.0000E+00
  0.1693E+00  0.0000E+00
 Events:
        5261           0
        5358           0
        5335           0
        5366           0
        5263           0
        5417           0
 Found         1047  events.
 Wrote            4  events.
 Actual xsec    5425475.2382108439     
 Correct abs xsec    5425475.2382108439     
 Event xsec    5425475.2382108439     
 Events wgts > 1:            1
 % Cross section > 1:   2.72403704002499580E-002  5.02082660121641258E-007
 Checking number of events   227.33283795627256                4  chi2:    412.68302928543721     
 Found         1047  events.
 Wrote            6  events.
 Actual xsec    5425475.2382108439     
 Correct abs xsec    5425475.2382108439     
 Event xsec    5425475.2382108429     
 Events wgts > 1:            1
 % Cross section > 1:   1.81602470111101866E-002  3.34721774844905305E-007
 Iteration  5   Mean: 0.9388E+08 Abs mean: 0.9388E+08   Fluctuation:  0.118E+08   0.500E+12    99.5%
  5    0.9388E+08 0.9388E+08 +- 0.1177E+08     31.71
 Relative summed weights:
  0.9910E-01  0.0000E+00
  0.1894E+00  0.0000E+00
  0.2389E+00  0.0000E+00
  0.2279E+00  0.0000E+00
  0.1113E+00  0.0000E+00
  0.1334E+00  0.0000E+00
 Relative number of events:
  0.1663E+00  0.0000E+00
  0.1668E+00  0.0000E+00
  0.1669E+00  0.0000E+00
  0.1670E+00  0.0000E+00
  0.1656E+00  0.0000E+00
  0.1673E+00  0.0000E+00
 Events:
       10646           0
       10678           0
       10683           0
       10688           0
       10600           0
       10705           0
 Found         2045  events.
 Wrote           10  events.
 Actual xsec    93240662.626294225     
 Correct abs xsec    93240662.626294225     
 Event xsec    93240662.626294211     
 Events wgts > 1:            0
 % Cross section > 1:    0.0000000000000000        0.0000000000000000     
 Checking number of events   3906.8770047043540               10  chi2:    2.1381492248627674     
 Found         2045  events.
 Wrote           15  events.
 Actual xsec    93240662.626294225     
 Correct abs xsec    93240662.626294225     
 Event xsec    93240662.626294255     
 Events wgts > 1:            0
 % Cross section > 1:    0.0000000000000000        0.0000000000000000     
 Fixing grid
 Iteration  6   Mean: 0.9501E+08 Abs mean: 0.9501E+08   Fluctuation:  0.599E+07   0.568E+12    99.5%
  6    0.9501E+08 0.9501E+08 +- 0.5986E+07     22.54
 Relative summed weights:
  0.2037E+00  0.0000E+00
  0.1594E+00  0.0000E+00
  0.1429E+00  0.0000E+00
  0.1760E+00  0.0000E+00
  0.1571E+00  0.0000E+00
  0.1610E+00  0.0000E+00
 Relative number of events:
  0.1689E+00  0.0000E+00
  0.1669E+00  0.0000E+00
  0.1656E+00  0.0000E+00
  0.1662E+00  0.0000E+00
  0.1661E+00  0.0000E+00
  0.1663E+00  0.0000E+00
 Events:
       21617           0
       21365           0
       21200           0
       21272           0
       21256           0
       21290           0
 Found         7758  events.
 Wrote           24  events.
 Actual xsec    95700021.976123944     
 Correct abs xsec    95700021.976123944     
 Event xsec    95700021.976123929     
 Events wgts > 1:            1
 % Cross section > 1:   0.19682392803952098       2.05667589176339293E-007
 Checking number of events   4009.9266208215690               24  chi2:   0.31034668317509900     
 Found         7758  events.
 Wrote           21  events.
 Actual xsec    95700021.976123944     
 Correct abs xsec    95700021.976123944     
 Event xsec    95700021.976123959     
 Events wgts > 1:            1
 % Cross section > 1:   0.22494163271039724       2.35048674039508116E-007
 Iteration  7   Mean: 0.1678E+09 Abs mean: 0.1678E+09   Fluctuation:  0.675E+08   0.172E+14    99.5%
  7    0.1678E+09 0.1678E+09 +- 0.6752E+08    203.58
 Relative summed weights:
  0.1372E+00  0.0000E+00
  0.8880E-01  0.0000E+00
  0.4943E+00  0.0000E+00
  0.8706E-01  0.0000E+00
  0.1084E+00  0.0000E+00
  0.8421E-01  0.0000E+00
 Relative number of events:
  0.1665E+00  0.0000E+00
  0.1672E+00  0.0000E+00
  0.1664E+00  0.0000E+00
  0.1663E+00  0.0000E+00
  0.1673E+00  0.0000E+00
  0.1662E+00  0.0000E+00
 Events:
       42634           0
       42804           0
       42610           0
       42575           0
       42820           0
       42557           0
 Found        15072  events.
 Wrote            3  events.
 Actual xsec    96184980.465251520     
 Correct abs xsec    96184980.465251520     
 Event xsec    96184980.465251520     
 Events wgts > 1:            1
 % Cross section > 1:    4.0997967422008514       4.26240845750545561E-006
 Checking number of events   4030.2468664745038                3  chi2:   0.60120826522768589     
 Found        15072  events.
 Wrote            2  events.
 Actual xsec    96184980.465251520     
 Correct abs xsec    96184980.465251520     
 Event xsec    96184980.465251520     
 Events wgts > 1:            1
 % Cross section > 1:    6.1496949791908264       6.39361254682846139E-006
 Iteration  8   Mean: 0.1837E+09 Abs mean: 0.1837E+09   Fluctuation:  0.436E+08   0.168E+14    99.5%
  8    0.1837E+09 0.1837E+09 +- 0.4362E+08    169.96
 Relative summed weights:
  0.2123E+00  0.0000E+00
  0.1107E+00  0.0000E+00
  0.1519E+00  0.0000E+00
  0.1603E+00  0.0000E+00
  0.1004E+00  0.0000E+00
  0.2643E+00  0.0000E+00
 Relative number of events:
  0.1664E+00  0.0000E+00
  0.1669E+00  0.0000E+00
  0.1667E+00  0.0000E+00
  0.1663E+00  0.0000E+00
  0.1669E+00  0.0000E+00
  0.1668E+00  0.0000E+00
 Events:
       85193           0
       85447           0
       85347           0
       85159           0
       85438           0
       85416           0
 Found        18418  events.
 Wrote            6  events.
 Actual xsec    119758660.28386843     
 Correct abs xsec    119758660.28386843     
 Event xsec    119758660.28386846     
 Events wgts > 1:            0
 % Cross section > 1:    0.0000000000000000        0.0000000000000000     
 Checking number of events   4288.0484098713268                6  chi2:    2.9571310126647106     
 Found        18418  events.
 Wrote            5  events.
 Actual xsec    119758660.28386843     
 Correct abs xsec    119758660.28386843     
 Event xsec    119758660.28386845     
 Events wgts > 1:            0
 % Cross section > 1:    0.0000000000000000        0.0000000000000000     

 -------------------------------------------------------------------------------
 Accumulated results:   Integral =  0.4062E+08
                        Std dev  =  0.1329E+07
                       Cross sec =  0.4062E+08
             Chi**2 per DoF.     =    195.6668
 -------------------------------------------------------------------------------
-------------------------------------------------
---------------------------
 Results Last   3 iters: Integral =   0.1023E+09
                     Abs integral =   0.1023E+09
                         Std dev =   0.6161E+07
                 Chi**2 per DoF. =      2.9571
-------------------------------------------------
---------------------------

ls status:
events.lhe
ftn25
ftn26
input_sg.txt
log.txt
moffset.dat
results.dat
run1_app.log
