 Process in group number            0
 No PDF is used, alpha_s(MZ) from param_card is used
 Value of alpha_s from param_card:   0.11800000071525575     
 The default order of alpha_s running is fixed to            2
 Warning: pt or E min of a gamma should in general be >0
 *****************************************************
 *               MadGraph/MadEvent                   *
 *        --------------------------------           *
 *          http://madgraph.hep.uiuc.edu             *
 *          http://madgraph.phys.ucl.ac.be           *
 *          http://madgraph.roma2.infn.it            *
 *        --------------------------------           *
 *                                                   *
 *          PARAMETER AND COUPLING VALUES            *
 *                                                   *
 *****************************************************

  External Params
  ---------------------------------
  
 aEWM1 =    132.50700378417969     
 mdl_Gf =   1.16639000000000003E-005
 aS =   0.11800000071525575     
 mdl_ymb =    4.6999998092651367     
 mdl_ymt =    173.00000000000000     
 mdl_yme =   5.10999991092830896E-004
 mdl_ymm =   0.10565999895334244     
 mdl_ymtau =    1.7769999504089355     
 mdl_MZ =    91.188003540039063     
 mdl_MT =    173.00000000000000     
 mdl_MB =    4.6999998092651367     
 mdl_MH =    125.00000000000000     
 mdl_Me =   5.10999991092830896E-004
 mdl_MM =   0.10565999895334244     
 mdl_MTA =    1.7769999504089355     
 mdl_WZ =    2.4414041042327881     
 mdl_WW =    2.0476000308990479     
 mdl_WT =    1.4915000200271606     
 mdl_WH =   6.38233916833996773E-003
 mdl_WTau =   2.26999999999999982E-012
  Internal Params
  ---------------------------------
  
 mdl_conjg__CKM3x3 =    1.0000000000000000     
 mdl_CKM3x3 =    1.0000000000000000     
 mdl_conjg__CKM1x1 =    1.0000000000000000     
 mdl_complexi =  (  0.0000000000000000     ,  1.0000000000000000     )
 mdl_MZ__exp__2 =    8315.2519896181766     
 mdl_MZ__exp__4 =    69143415.650849044     
 mdl_sqrt__2 =    1.4142135623730951     
 mdl_MH__exp__2 =    15625.000000000000     
 mdl_aEW =   7.54677089845565054E-003
 mdl_MW =    80.419007276179556     
 mdl_sqrt__aEW =   8.68721526063194194E-002
 mdl_ee =   0.30795376284704501     
 mdl_MW__exp__2 =    6467.2167312862202     
 mdl_sw2 =   0.22224645274001076     
 mdl_cw =   0.88190336616887299     
 mdl_sqrt__sw2 =   0.47143022043565552     
 mdl_sw =   0.47143022043565552     
 mdl_g1 =   0.34919218438279087     
 mdl_gw =   0.65323296958447097     
 mdl_vev =    246.21845810181631     
 mdl_vev__exp__2 =    60623.529110035874     
 mdl_lam =   0.12886910601690271     
 mdl_yb =   2.69955531549349904E-002
 mdl_ye =   2.93504850670934038E-006
 mdl_ym =   6.06883028478528356E-004
 mdl_yt =   0.99366614581500645     
 mdl_ytau =   1.02066167158167895E-002
 mdl_muH =    88.388347648318444     
 mdl_I1x33 =  ( 2.69955531549349904E-002,  0.0000000000000000     )
 mdl_I2x33 =  ( 0.99366614581500645     ,  0.0000000000000000     )
 mdl_I3x33 =  ( 0.99366614581500645     ,  0.0000000000000000     )
 mdl_I4x33 =  ( 2.69955531549349904E-002,  0.0000000000000000     )
 mdl_ee__exp__2 =   9.48355200516540348E-002
 mdl_sw__exp__2 =   0.22224645274001076     
 mdl_cw__exp__2 =   0.77775354725998924     
  Internal Params evaluated point by point
  ----------------------------------------
  
 mdl_sqrt__aS =   0.34351128178744839     
 mdl_G__exp__2 =    1.4828317414825511     
  Couplings of sm-lepton_masses
  ---------------------------------
  
         GC_3 =  -0.00000E+00  -0.30795E+00
        GC_50 =  -0.00000E+00  -0.28804E+00
        GC_59 =   0.00000E+00   0.82310E-01
        GC_89 =  -0.00000E+00  -0.20754E-05

 Collider parameters:
 --------------------

 Running at e e   machine @   7.14879999999999960E-002  GeV
 PDF set = none   
 alpha_s(Mz)= 0.1180 running at 2 loops.
 alpha_s(Mz)= 0.1180 running at 2 loops.
 Renormalization scale fixed @    91.188000000000002     
 Factorization scales  fixed @    91.188000000000002        91.188000000000002     


 getting user params
Enter number of events and max and min iterations: 
 Number of events and iterations         2000           9           3
Enter desired fractional accuracy: 
 Desired fractional accuracy:  -1.09789999999999995E-035
Enter 0 for fixed, 2 for adjustable grid: 
Suppress amplitude (0 no, 1 yes)? 
 Using suppressed amplitude.
Exact helicity sum (0 yes, n = number/event)? 
 Explicitly summing over helicities
Enter Configuration Number: 
Running Configuration Number:   22
 Not subdividing B.W.
 Attempting mappinvarients           1           5
 Completed mapping           5
 about to integrate            5        2000           9           3           5           1
 Keeping grid fixed.
  5 dimensions   2000 events  5 invarients  9 iterations  1 config(s),  (0.99)
 Using h-tuple random number sequence.
 Grid read from file
 Grid defined OK
 Set CM energy to          0.07
 Mapping Graph          22  to config          22
 No modification is setgrid, grid read from file
 No modification is setgrid, grid read from file
 Masses: 0.511E-03 0.511E-03 0.000E+00 0.511E-03 0.511E-03
  22   1   2   3   4   5
 Got moffset          10
Using random seed offsets    22 :      1
  with seed                   57
 Ranmar initialization seeds       11145       10922
  Particle       3       4       5
      Et >     0.0     0.0     0.0
       E >     0.0     0.0     0.0
     Eta <    -1.0    -1.0    -1.0
   xqcut:      0.0     0.0     0.0
d R # 3  >    -0.0     0.0     0.0
d R # 4  >    -0.0    -0.0     0.4
s min # 3>     0.0     0.0     0.0
s min # 4>     0.0     0.0     0.0
xqcutij # 3>     0.0     0.0     0.0
xqcutij # 4>     0.0     0.0     0.0
 alpha_s for scale    91.188000000000002       is   0.11800000071525575     
 Added good helicity            1   4.1129284365714112       in event            1
 Added good helicity            3  1.97557746854455868E-003  in event            1
 Added good helicity            5   3.8850959859473164       in event            1
 Added good helicity           10   4.1129284365713659       in event            1
 Added good helicity           12  1.97557746854453656E-003  in event            1
 Added good helicity           14   3.8850959859472729       in event            1
 Added good helicity           19   3.8850959859472729       in event            1
 Added good helicity           21  1.97557746854453830E-003  in event            1
 Added good helicity           23   4.1129284365713659       in event            1
 Added good helicity           28   3.8850959859473164       in event            1
 Added good helicity           30  1.97557746854456042E-003  in event            1
 Added good helicity           32   4.1129284365714112       in event            1
 Added good helicity            2  9.16182958692711362E-006  in event           26
 Added good helicity            6  8.83223598038336582E-006  in event           26
 Added good helicity            7  9.13507509786443840E-006  in event           26
 Added good helicity            9  9.16708097369524653E-006  in event           26
 Added good helicity           11  7.20999312153758481E-002  in event           26
 Added good helicity           13  3.89368587107281631E-005  in event           26
 Added good helicity           15  7.51436096302631751E-002  in event           26
 Added good helicity           16  9.15773335015197768E-006  in event           26
 Added good helicity           17  9.15773671875307413E-006  in event           26
 Added good helicity           18  7.51436096302774553E-002  in event           26
 Added good helicity           20  3.89368655192510519E-005  in event           26
 Added good helicity           22  7.20999312118040248E-002  in event           26
 Added good helicity           24  9.16708434441540087E-006  in event           26
 Added good helicity           26  9.13507173304370929E-006  in event           26
 Added good helicity           27  8.83223922394248720E-006  in event           26
 Added good helicity           31  9.16183295673019556E-006  in event           26
 Iteration  1   Mean: 0.2547E+36 Abs mean: 0.2547E+36   Fluctuation:  0.245E+36   0.490E+39    99.7%
  1    0.2547E+36 0.2547E+36 +- 0.2449E+36     43.01
 Writing out events  1.41914130230983035E+031   43.008824439246332     
 Relative summed weights:
  0.1000E+01  0.0000E+00
 Relative number of events:
  0.1000E+01  0.0000E+00
 Events:
        2000           0
 Iteration  2   Mean: 0.1871E+38 Abs mean: 0.1871E+38   Fluctuation:  0.185E+38   0.740E+41    99.7%
  2    0.1871E+38 0.1871E+38 +- 0.1850E+38     62.53
 Relative summed weights:
  0.1000E+01  0.0000E+00
 Relative number of events:
  0.1000E+01  0.0000E+00
 Events:
        4000           0
 Iteration  3   Mean: 0.1083E+36 Abs mean: 0.1083E+36   Fluctuation:  0.618E+35   0.475E+39    99.5%
  3    0.1083E+36 0.1083E+36 +- 0.6178E+35     51.04
 Relative summed weights:
  0.1000E+01  0.0000E+00
 Relative number of events:
  0.1000E+01  0.0000E+00
 Events:
        8000           0
 Found            8  events.
 Wrote            2  events.
 Actual xsec   3.81650708601047658E+036
 Correct abs xsec   3.81650708601047658E+036
 Event xsec   3.81650708601047658E+036
 Events wgts > 1:            0
 % Cross section > 1:    0.0000000000000000        0.0000000000000000     
 Checking number of events   41.901431297309017                2  chi2:    1907.3035819475426     
 Found            8  events.
 Wrote            3  events.
 Actual xsec   3.81650708601047658E+036
 Correct abs xsec   3.81650708601047658E+036
 Event xsec   3.81650708601047717E+036
 Events wgts > 1:            0
 % Cross section > 1:    0.0000000000000000        0.0000000000000000     
 Iteration  4   Mean: 0.6168E+36 Abs mean: 0.6168E+36   Fluctuation:  0.267E+36   0.319E+40    99.6%
  4    0.6168E+36 0.6168E+36 +- 0.2666E+36     54.67
 Relative summed weights:
  0.1000E+01  0.0000E+00
 Relative number of events:
  0.1000E+01  0.0000E+00
 Events:
       16000           0
 Found          107  events.
 Wrote            2  events.
 Actual xsec   2.41084416538979653E+036
 Correct abs xsec   2.41084416538979653E+036
 Event xsec   2.41084416538979624E+036
 Events wgts > 1:            1
 % Cross section > 1:   1.22870647726709918E+029  5.09658191477687816E-006
 Checking number of events   26.468658091814575                2  chi2:    717.52609654063906     
 Found          107  events.
 Wrote            3  events.
 Actual xsec   2.41084416538979653E+036
 Correct abs xsec   2.41084416538979653E+036
 Event xsec   2.41084416538979624E+036
 Events wgts > 1:            1
 % Cross section > 1:   8.19137667252621064E+028  3.39772134181132025E-006
 Iteration  5   Mean: 0.2508E+36 Abs mean: 0.2508E+36   Fluctuation:  0.705E+35   0.125E+40    99.5%
  5    0.2508E+36 0.2508E+36 +- 0.7052E+35     50.31
 Relative summed weights:
  0.1000E+01  0.0000E+00
 Relative number of events:
  0.1000E+01  0.0000E+00
 Events:
       32000           0
 Found          113  events.
 Wrote            5  events.
 Actual xsec   3.23014317014346617E+035
 Correct abs xsec   3.23014317014346617E+035
 Event xsec   3.23014317014346617E+035
 Events wgts > 1:            0
 % Cross section > 1:    0.0000000000000000        0.0000000000000000     
 Checking number of events   3.5463741865005112                5  chi2:    7.1730683404662283     

 -------------------------------------------------------------------------------
 Accumulated results:   Integral =  0.1132E+37
                        Std dev  =  0.2351E+36
                       Cross sec =  0.6470E+02
             Chi**2 per DoF.     =
-------------------------------------------------
---------------------------
 Results Last   3 iters: Integral =   0.3230E+36
                     Abs integral =   0.3230E+36
                          Std dev =   0.7037E+35
                  Chi**2 per DoF. =      7.1731
-------------------------------------------------
---------------------------
 Status -1.09789999999999995E-035           6           9
 We found enough events           5   3.5463741865005112     

ls status:
events.lhe
ftn25
ftn26
input_sg.txt
log.txt
moffset.dat
results.dat
run_01_ftn26.gz
run_01_log.txt
run_01_results.dat
run_03_ftn26.gz
run_03_log.txt
run_03_results.dat
run1_app.log
