 No PDF is used, alpha_s(MZ) from param_card is used
 Value of alpha_s from param_card:   0.11800000071525575     
 The default order of alpha_s running is fixed to            2
 Results.dat xsec =    105200000.00000000       abs xsec =    105200000.00000000     
 Found            1  subprocesses
 SubProcess/Channel     kept   read   xsec 
P0_epem_aaa/G1/     728     728 0.105E+09
 Iteration            1  too large truncation   0.99293203883496728              728
 Iteration            2  too large truncation   0.99081165048543285              728
 Iteration            3  too large truncation   0.98805514563107089              728
 Iteration            4  too large truncation   0.98447168932038653              728
 Iteration            5  too large truncation   0.97981319611651496              728
 Iteration            6  too large truncation   0.97375715495147142              728
 Iteration            7  too large truncation   0.96588430143688930              728
 Iteration            8  too large truncation   0.95564959186797171              728
 Iteration            9  too large truncation   0.94234446942834593              728
 Iteration           10  too large truncation   0.92504781025686178              728
 Iteration           11  too large truncation   0.90256215333391576              728
 Iteration           12  too large truncation   0.87333079933409530              728
 Iteration           13  too large truncation   0.83533003913431036              728
 Iteration           14  too large truncation   0.78592905087460385              728
 Iteration           15  too large truncation   0.72170776613698906              728
 Iteration           16  too large truncation   0.63822009597808926              728
 Iteration           17  too large truncation   0.52968612477151034              728
 Iteration           18  too large truncation   0.38859196220296327              728
 Iteration           19  too large truncation   0.20516955086385164              728
 Iteration           20  too few events    0.0000000000000000              703
 Unable to get       100000  events. Writing          703
 Unweighting selected          703  events.
Truncated  0.00% of cross section
