 Process in group number            0
 No PDF is used, alpha_s(MZ) from param_card is used
 Value of alpha_s from param_card:   0.11800000071525575     
 The default order of alpha_s running is fixed to            2
 *****************************************************
 *               MadGraph/MadEvent                   *
 *        --------------------------------           *
 *          http://madgraph.hep.uiuc.edu             *
 *          http://madgraph.phys.ucl.ac.be           *
 *          http://madgraph.roma2.infn.it            *
 *        --------------------------------           *
 *                                                   *
 *          PARAMETER AND COUPLING VALUES            *
 *                                                   *
 *****************************************************

  External Params
  ---------------------------------
  
 aEWM1 =    132.50700378417969     
 mdl_Gf =   1.16639000000000003E-005
 aS =   0.11800000071525575     
 mdl_ymb =    4.6999998092651367     
 mdl_ymt =    173.00000000000000     
 mdl_yme =   5.10999991092830896E-004
 mdl_ymm =   0.10565999895334244     
 mdl_ymtau =    1.7769999504089355     
 mdl_MZ =    91.188003540039063     
 mdl_MT =    173.00000000000000     
 mdl_MB =    4.6999998092651367     
 mdl_MH =    125.00000000000000     
 mdl_Me =   5.10999991092830896E-004
 mdl_MM =   0.10565999895334244     
 mdl_MTA =    1.7769999504089355     
 mdl_WZ =    2.4414041042327881     
 mdl_WW =    2.0476000308990479     
 mdl_WT =    1.4915000200271606     
 mdl_WH =   6.38233916833996773E-003
 mdl_WTau =   2.26999999999999982E-012
  Internal Params
  ---------------------------------
  
 mdl_conjg__CKM3x3 =    1.0000000000000000     
 mdl_CKM3x3 =    1.0000000000000000     
 mdl_conjg__CKM1x1 =    1.0000000000000000     
 mdl_complexi =  (  0.0000000000000000     ,  1.0000000000000000     )
 mdl_MZ__exp__2 =    8315.2519896181766     
 mdl_MZ__exp__4 =    69143415.650849044     
 mdl_sqrt__2 =    1.4142135623730951     
 mdl_MH__exp__2 =    15625.000000000000     
 mdl_aEW =   7.54677089845565054E-003
 mdl_MW =    80.419007276179556     
 mdl_sqrt__aEW =   8.68721526063194194E-002
 mdl_ee =   0.30795376284704501     
 mdl_MW__exp__2 =    6467.2167312862202     
 mdl_sw2 =   0.22224645274001076     
 mdl_cw =   0.88190336616887299     
 mdl_sqrt__sw2 =   0.47143022043565552     
 mdl_sw =   0.47143022043565552     
 mdl_g1 =   0.34919218438279087     
 mdl_gw =   0.65323296958447097     
 mdl_vev =    246.21845810181631     
 mdl_vev__exp__2 =    60623.529110035874     
 mdl_lam =   0.12886910601690271     
 mdl_yb =   2.69955531549349904E-002
 mdl_ye =   2.93504850670934038E-006
 mdl_ym =   6.06883028478528356E-004
 mdl_yt =   0.99366614581500645     
 mdl_ytau =   1.02066167158167895E-002
 mdl_muH =    88.388347648318444     
 mdl_I1x33 =  ( 2.69955531549349904E-002,  0.0000000000000000     )
 mdl_I2x33 =  ( 0.99366614581500645     ,  0.0000000000000000     )
 mdl_I3x33 =  ( 0.99366614581500645     ,  0.0000000000000000     )
 mdl_I4x33 =  ( 2.69955531549349904E-002,  0.0000000000000000     )
 mdl_ee__exp__2 =   9.48355200516540348E-002
 mdl_sw__exp__2 =   0.22224645274001076     
 mdl_cw__exp__2 =   0.77775354725998924     
  Internal Params evaluated point by point
  ----------------------------------------
  
 mdl_sqrt__aS =   0.34351128178744839     
 mdl_G__exp__2 =    1.4828317414825511     
  Couplings of sm-lepton_masses
  ---------------------------------
  
         GC_3 =  -0.00000E+00  -0.30795E+00
        GC_50 =  -0.00000E+00  -0.28804E+00
        GC_59 =   0.00000E+00   0.82310E-01
        GC_89 =  -0.00000E+00  -0.20754E-05

 Collider parameters:
 --------------------

 Running at e e   machine @   7.14879999999999960E-002  GeV
 PDF set = none   
 alpha_s(Mz)= 0.1180 running at 2 loops.
 alpha_s(Mz)= 0.1180 running at 2 loops.
 Renormalization scale fixed @    91.188000000000002     
 Factorization scales  fixed @    91.188000000000002        91.188000000000002     


 getting user params
Enter number of events and max and min iterations: 
 Number of events and iterations         2000           9           3
Enter desired fractional accuracy: 
 Desired fractional accuracy:  -5.74259999999999987E-006
Enter 0 for fixed, 2 for adjustable grid: 
Suppress amplitude (0 no, 1 yes)? 
 Using suppressed amplitude.
Exact helicity sum (0 yes, n = number/event)? 
 Explicitly summing over helicities
Enter Configuration Number: 
Running Configuration Number:   13
 Not subdividing B.W.
 Attempting mappinvarients           1           5
 Completed mapping           5
 about to integrate            5        2000           9           3           5           1
 Using non-zero grid deformation.
  5 dimensions   2000 events  5 invarients  9 iterations  1 config(s),  (0.99)
 Using h-tuple random number sequence.
 Error opening grid
 Using Uniform Grid!
 Using uniform alpha   1.0000000000000000     
 Grid defined OK
 Set CM energy to          0.07
 Mapping Graph          13  to config          13
Setting grid   1    0.51095E-04   1
Setting grid   2    0.17611E-04   1
 Masses: 0.511E-03 0.511E-03 0.000E+00 0.511E-03 0.511E-03
  13   1   2   3   4   5
 Got moffset          21
Using random seed offsets    13 :      1
  with seed                   87
 Ranmar initialization seeds       17625       15599
  Particle       3       4       5
      Et >     0.0     0.0     0.0
       E >     0.0     0.0     0.0
     Eta <    -1.0    -1.0    -1.0
   xqcut:      0.0     0.0     0.0
d R # 3  >    -0.0     0.0     0.0
d R # 4  >    -0.0    -0.0     0.0
s min # 3>     0.0     0.0     0.0
s min # 4>     0.0     0.0     0.0
xqcutij # 3>     0.0     0.0     0.0
xqcutij # 4>     0.0     0.0     0.0
 alpha_s for scale    91.188000000000002       is   0.11800000071525575     
 Added good helicity            1   12.730736340121000       in event            1
 Added good helicity            2  4.33995874955732455E-002  in event            1
 Added good helicity            3  0.21752323460003570       in event            1
 Added good helicity            5  6.98145979458135695E-005  in event            1
 Added good helicity            6  2.66043031632983997E-006  in event            1
 Added good helicity            7  2.34212444331114171E-006  in event            1
 Added good helicity            9  5.79036759351841311E-006  in event            1
 Added good helicity           10  1.65233601345937870E-004  in event            1
 Added good helicity           11  1.12598705376440154E-006  in event            1
 Added good helicity           13  0.27645338967026478       in event            1
 Added good helicity           14   2.1756828849471033       in event            1
 Added good helicity           15  0.55595366434662852       in event            1
 Added good helicity           16  3.20498479777956765E-006  in event            1
 Added good helicity           17  3.20498479916065403E-006  in event            1
 Added good helicity           18  0.55595366439175087       in event            1
 Added good helicity           19   2.1756828865647972       in event            1
 Added good helicity           20  0.27645338961504629       in event            1
 Added good helicity           22  1.12598705350063908E-006  in event            1
 Added good helicity           23  1.65233601456135935E-004  in event            1
 Added good helicity           24  5.79036759662823868E-006  in event            1
 Added good helicity           26  2.34212444265628486E-006  in event            1
 Added good helicity           27  2.66043031677889660E-006  in event            1
 Added good helicity           28  6.98145979438367302E-005  in event            1
 Added good helicity           30  0.21752323465362883       in event            1
 Added good helicity           31  4.33995874730791972E-002  in event            1
 Added good helicity           32   12.730736340408392       in event            1
 Added good helicity           12  4.79466355681098123E-003  in event            2
 Added good helicity           21  4.79466357475854914E-003  in event            2
 Added good helicity            4  1.00387863370912723E-006  in event           10
 Added good helicity           29  1.00387863363371779E-006  in event           10
 Iteration  1   Mean: 0.2579E+10 Abs mean: 0.2579E+10   Fluctuation:  0.116E+10   0.212E+13    75.7%
  1    0.2579E+10 0.2579E+10 +- 0.1156E+10     20.04
 Writing out events   189228.66989161543        20.035708139011877     
 Relative summed weights:
  0.1000E+01  0.0000E+00
 Relative number of events:
  0.1000E+01  0.0000E+00
 Events:
        2000           0
 Iteration  2   Mean: 0.1838E+10 Abs mean: 0.1838E+10   Fluctuation:  0.783E+09   0.265E+13    87.2%
  2    0.1838E+10 0.1838E+10 +- 0.7828E+09     26.93
 Relative summed weights:
  0.1000E+01  0.0000E+00
 Relative number of events:
  0.1000E+01  0.0000E+00
 Events:
        4000           0
 Iteration  3   Mean: 0.1727E+10 Abs mean: 0.1727E+10   Fluctuation:  0.148E+09   0.690E+12    79.6%
  3    0.1727E+10 0.1727E+10 +- 0.1481E+09      7.67
 Relative summed weights:
  0.1000E+01  0.0000E+00
 Relative number of events:
  0.1000E+01  0.0000E+00
 Events:
        8000           0
 Found          637  events.
 Wrote           15  events.
 Actual xsec    1760104116.2935064     
 Correct abs xsec    1760104116.2935064     
 Event xsec    1760104116.2935069     
 Events wgts > 1:            1
 % Cross section > 1:    3174303.5668806881       0.18034748839547377     
 Checking number of events   10107.573898227089               15  chi2:   0.28146667662975577     
 Found          637  events.
 Wrote           21  events.
 Actual xsec    1760104116.2935064     
 Correct abs xsec    1760104116.2935064     
 Event xsec    1760104116.2935064     
 Events wgts > 1:            1
 % Cross section > 1:    2268528.6147376895       0.12888604678198484     
 Iteration  4   Mean: 0.1623E+10 Abs mean: 0.1623E+10   Fluctuation:  0.268E+08   0.752E+11    77.9%
  4    0.1623E+10 0.1623E+10 +- 0.2677E+08      2.09
 Relative summed weights:
  0.1000E+01  0.0000E+00
 Relative number of events:
  0.1000E+01  0.0000E+00
 Events:
       16000           0
 Found         1804  events.
 Wrote          711  events.
 Actual xsec    1627294636.5207365     
 Correct abs xsec    1627294636.5207365     
 Event xsec    1627294636.5207186     
 Events wgts > 1:           17
 % Cross section > 1:    15042014.288672775       0.92435714781397926     
 Checking number of events   9344.9021796839806              711  chi2:   0.27350947308134010     
 Found         1804  events.
 Wrote          720  events.
 Actual xsec    1627294636.5207365     
 Correct abs xsec    1627294636.5207365     
 Event xsec    1627294636.5207007     
 Events wgts > 1:           17
 % Cross section > 1:    14855705.607272366       0.91290816511478046     
 Iteration  5   Mean: 0.1648E+10 Abs mean: 0.1648E+10   Fluctuation:  0.120E+08   0.398E+11    77.7%
  5    0.1648E+10 0.1648E+10 +- 0.1202E+08      1.31
 Relative summed weights:
  0.1000E+01  0.0000E+00
 Relative number of events:
  0.1000E+01  0.0000E+00
 Events:
       32000           0
 Found         4170  events.
 Wrote         4166  events.
 Actual xsec    1644357435.4363136     
 Correct abs xsec    1644357435.4363136     
 Event xsec    1644357435.4362731     
 Events wgts > 1:           82
 % Cross section > 1:    7577311.7120634727       0.46080685067435456     
 Checking number of events   9442.8870087365740             4166  chi2:   0.50764439426588470     
 Found         4170  events.
 Wrote         4166  events.
 Actual xsec    1644357435.4363136     
 Correct abs xsec    1644357435.4363136     
 Event xsec    1644357435.4362731     
 Events wgts > 1:           82
 % Cross section > 1:    7577311.7120634727       0.46080685067435456     
 Iteration  6   Mean: 0.1643E+10 Abs mean: 0.1643E+10   Fluctuation:  0.694E+07   0.377E+11    77.2%
  6    0.1643E+10 0.1643E+10 +- 0.6944E+07      1.07
 Relative summed weights:
  0.1000E+01  0.0000E+00
 Relative number of events:
  0.1000E+01  0.0000E+00
 Events:
       64000           0
 Found         8254  events.
 Wrote         8250  events.
 Actual xsec    1643588329.0873864     
 Correct abs xsec    1643588329.0873864     
 Event xsec    1643588329.0871837     
 Events wgts > 1:            9
 % Cross section > 1:    921168.12074705644       5.60461585449840011E-002
 Checking number of events   9438.4703386172241             8250  chi2:   0.35118066319916941     
 Found         8254  events.
 Wrote         8250  events.
 Actual xsec    1643588329.0873864     
 Correct abs xsec    1643588329.0873864     
 Event xsec    1643588329.0871837     
 Events wgts > 1:            9
 % Cross section > 1:    921168.12074705644       5.60461585449840011E-002
 Iteration  7   Mean: 0.1649E+10 Abs mean: 0.1649E+10   Fluctuation:  0.444E+07   0.343E+11    77.2%
  7    0.1649E+10 0.1649E+10 +- 0.4443E+07      0.96
 Relative summed weights:
  0.1000E+01  0.0000E+00
 Relative number of events:
  0.1000E+01  0.0000E+00
 Events:
      128000           0
 Found        16717  events.
 Wrote        16716  events.
 Actual xsec    1647338629.8998446     
 Correct abs xsec    1647338629.8998446     
 Event xsec    1647338629.8993933     
 Events wgts > 1:           27
 % Cross section > 1:    1097694.3698163696       6.66344095799785985E-002
 Checking number of events   9460.0068160628471            16716  chi2:   0.21200213009661567     

 -------------------------------------------------------------------------------
 Accumulated results:   Integral =  0.1647E+10
                        Std dev  =  0.3541E+07
                       Cross sec =  0.5307E+00
             Chi**2 per DoF.     =
-------------------------------------------------
---------------------------
 Results Last   3 iters: Integral =   0.1647E+10
                     Abs integral =   0.1647E+10
                          Std dev =   0.3573E+07
                  Chi**2 per DoF. =      0.2120
-------------------------------------------------
---------------------------
 Status -5.74259999999999987E-006           8           9
 We found enough events       16716   9460.0068160628471     

ls status:
events.lhe
ftn25
ftn26
input_sg.txt
moffset.dat
results.dat
run_01_ftn26.gz
run_01_log.txt
run_01_results.dat
run_02_ftn26.gz
run_02_log.txt
run_02_results.dat
run1_app.log
