 Process in group number            1
 No PDF is used, alpha_s(MZ) from param_card is used
 Value of alpha_s from param_card:   0.11800000071525575     
 The default order of alpha_s running is fixed to            2
 Warning: pt or E min of a gamma should in general be >0
 Warning: pt or E min of a gamma should in general be >0
 *****************************************************
 *               MadGraph/MadEvent                   *
 *        --------------------------------           *
 *          http://madgraph.hep.uiuc.edu             *
 *          http://madgraph.phys.ucl.ac.be           *
 *          http://madgraph.roma2.infn.it            *
 *        --------------------------------           *
 *                                                   *
 *          PARAMETER AND COUPLING VALUES            *
 *                                                   *
 *****************************************************

  External Params
  ---------------------------------
  
 mdl_MB =    4.6999998092651367     
 mdl_MT =    173.00000000000000     
 mdl_Me =   5.10999991092830896E-004
 mdl_MM =   0.10565999895334244     
 mdl_MTA =    1.7769999504089355     
 mdl_MZ =    91.188003540039063     
 mdl_MH =    125.00000000000000     
 aEWM1 =    132.50700378417969     
 mdl_Gf =   1.16639000000000003E-005
 aS =   0.11800000071525575     
 mdl_ymb =    4.6999998092651367     
 mdl_ymt =    173.00000000000000     
 mdl_yme =   5.10999991092830896E-004
 mdl_ymm =   0.10565999895334244     
 mdl_ymtau =    1.7769999504089355     
 mdl_WT =    1.4915000200271606     
 mdl_WTau =   2.26999999999999982E-012
 mdl_WZ =    2.4414041042327881     
 mdl_WW =    2.0476000308990479     
 mdl_WH =   6.38233916833996773E-003
  Internal Params
  ---------------------------------
  
 mdl_conjg__CKM3x3 =    1.0000000000000000     
 mdl_CKM3x3 =    1.0000000000000000     
 mdl_conjg__CKM1x1 =    1.0000000000000000     
 mdl_complexi =  (  0.0000000000000000     ,  1.0000000000000000     )
 mdl_MZ__exp__2 =    8315.2519896181766     
 mdl_MZ__exp__4 =    69143415.650849044     
 mdl_sqrt__2 =    1.4142135623730951     
 mdl_MH__exp__2 =    15625.000000000000     
 mdl_aEW =   7.54677089845565054E-003
 mdl_MW =    80.419007276179556     
 mdl_sqrt__aEW =   8.68721526063194194E-002
 mdl_ee =   0.30795376284704501     
 mdl_MW__exp__2 =    6467.2167312862202     
 mdl_sw2 =   0.22224645274001076     
 mdl_cw =   0.88190336616887299     
 mdl_sqrt__sw2 =   0.47143022043565552     
 mdl_sw =   0.47143022043565552     
 mdl_g1 =   0.34919218438279087     
 mdl_gw =   0.65323296958447097     
 mdl_vev =    246.21845810181631     
 mdl_vev__exp__2 =    60623.529110035874     
 mdl_lam =   0.12886910601690271     
 mdl_yb =   2.69955531549349904E-002
 mdl_ye =   2.93504850670934038E-006
 mdl_ym =   6.06883028478528356E-004
 mdl_yt =   0.99366614581500645     
 mdl_ytau =   1.02066167158167895E-002
 mdl_muH =    88.388347648318444     
 mdl_I1x33 =  ( 2.69955531549349904E-002,  0.0000000000000000     )
 mdl_I2x33 =  ( 0.99366614581500645     ,  0.0000000000000000     )
 mdl_I3x33 =  ( 0.99366614581500645     ,  0.0000000000000000     )
 mdl_I4x33 =  ( 2.69955531549349904E-002,  0.0000000000000000     )
 mdl_ee__exp__2 =   9.48355200516540348E-002
 mdl_sw__exp__2 =   0.22224645274001076     
 mdl_cw__exp__2 =   0.77775354725998924     
  Internal Params evaluated point by point
  ----------------------------------------
  
 mdl_sqrt__aS =   0.34351128178744839     
 mdl_G__exp__2 =    1.4828317414825511     
  Couplings of sm-lepton_masses
  ---------------------------------
  
         GC_3 =  -0.00000E+00  -0.30795E+00

 Collider parameters:
 --------------------

 Running at e e   machine @   7.00000000000000067E-002  GeV
 PDF set = none   
 alpha_s(Mz)= 0.1180 running at 2 loops.
 alpha_s(Mz)= 0.1180 running at 2 loops.
 Renormalization scale fixed @    91.188000000000002     
 Factorization scales  fixed @    91.188000000000002        91.188000000000002     


 getting user params
Enter number of events and max and min iterations: 
 Number of events and iterations         2000           9           3
Enter desired fractional accuracy: 
 Desired fractional accuracy:  -1.69639999999999989E-005
Enter 0 for fixed, 2 for adjustable grid: 
Suppress amplitude (0 no, 1 yes)? 
 Using suppressed amplitude.
Exact helicity sum (0 yes, n = number/event)? 
 Explicitly summing over helicities
Enter Configuration Number: 
Running Configuration Number:    1
 Not subdividing B.W.
 Attempting mappinvarients           1           4
 Completed mapping           4
 about to integrate            2        2000           9           3           2           1
 Using non-zero grid deformation.
  2 dimensions   2000 events  2 invarients  9 iterations  1 config(s),  (0.99)
 Using h-tuple random number sequence.
 Error opening grid
 Using Uniform Grid!
 Using uniform alpha   1.0000000000000000     
 Grid defined OK
 Set CM energy to          0.07
 Mapping Graph           1  to config           1
 Warning: No cutoff for shat integral found
          Minimum set to    204.08163265306121     
Setting grid   1    0.20408E+03   1
 Masses: 0.511E-03 0.511E-03 0.000E+00 0.000E+00
   1   1   2
 Got moffset          22
Using random seed offsets     1 :      1
  with seed                  267
 Ranmar initialization seeds       26466       18943
  Particle       3       4
      Et >     0.0     0.0
       E >     0.0     0.0
     Eta <    -1.0    -1.0
   xqcut:      0.0     0.0
d R # 3  >    -0.0     0.0
s min # 3>     0.0     0.0
xqcutij # 3>     0.0     0.0
 alpha_s for scale    91.188000000000002       is   0.11800000071525575     
 Added good helicity            1  3.40874369703830305E-003  in event            1
 Added good helicity            2  8.51886515291886033E-004  in event            1
 Added good helicity            3  8.51886515291886033E-004  in event            1
 Added good helicity            6   3.9090044300747104       in event            1
 Added good helicity            7   4.0858830531879855       in event            1
 Added good helicity           10   4.0858830531879855       in event            1
 Added good helicity           11   3.9090044300747104       in event            1
 Added good helicity           14  8.51886515291886033E-004  in event            1
 Added good helicity           15  8.51886515291886033E-004  in event            1
 Added good helicity           16  3.40874369703830305E-003  in event            1
 Iteration  1   Mean: 0.2216E+09 Abs mean: 0.2216E+09   Fluctuation:  0.413E+08   0.693E+11   100.0%
  1    0.2216E+09 0.2216E+09 +- 0.4125E+08      8.32
 Writing out events   12313.165662937303        8.3234704279539979     
 Relative summed weights:
  0.3606E+00  0.0000E+00
  0.6394E+00  0.0000E+00
 Relative number of events:
  0.4930E+00  0.0000E+00
  0.5070E+00  0.0000E+00
 Events:
         986           0
        1014           0
 Iteration  2   Mean: 0.9029E+08 Abs mean: 0.9029E+08   Fluctuation:  0.390E+07   0.271E+10   100.0%
  2    0.9029E+08 0.9029E+08 +- 0.3897E+07      2.73
 Relative summed weights:
  0.5087E+00  0.0000E+00
  0.4913E+00  0.0000E+00
 Relative number of events:
  0.5035E+00  0.0000E+00
  0.4965E+00  0.0000E+00
 Events:
        2014           0
        1986           0
 Iteration  3   Mean: 0.2383E+09 Abs mean: 0.2383E+09   Fluctuation:  0.459E+08   0.339E+12   100.0%
  3    0.2383E+09 0.2383E+09 +- 0.4593E+08     17.23
 Relative summed weights:
  0.3911E+00  0.0000E+00
  0.6089E+00  0.0000E+00
 Relative number of events:
  0.5004E+00  0.0000E+00
  0.4996E+00  0.0000E+00
 Events:
        4003           0
        3997           0
 Found          837  events.
 Wrote            6  events.
 Actual xsec    103416631.59073605     
 Correct abs xsec    103416631.59073605     
 Event xsec    103416631.59073603     
 Events wgts > 1:            1
 % Cross section > 1:   0.15930465608835220       1.54041621389090539E-007
 Checking number of events   1754.3597383052461                6  chi2:    14.095241459942002     
 Found          837  events.
 Wrote            3  events.
 Actual xsec    103416631.59073605     
 Correct abs xsec    103416631.59073605     
 Event xsec    103416631.59073603     
 Events wgts > 1:            1
 % Cross section > 1:   0.31860931217670441       3.08083242778181078E-007
 Iteration  4   Mean: 0.2292E+09 Abs mean: 0.2292E+09   Fluctuation:  0.180E+08   0.151E+12   100.0%
  4    0.2292E+09 0.2292E+09 +- 0.1795E+08      9.91
 Relative summed weights:
  0.5420E+00  0.0000E+00
  0.4580E+00  0.0000E+00
 Relative number of events:
  0.5012E+00  0.0000E+00
  0.4988E+00  0.0000E+00
 Events:
        8020           0
        7980           0
 Found         1035  events.
 Wrote           31  events.
 Actual xsec    126930070.34670898     
 Correct abs xsec    126930070.34670898     
 Event xsec    126930070.34670903     
 Events wgts > 1:            2
 % Cross section > 1:    104243.42128878227       8.21266552551666723E-002
 Checking number of events   2153.2417133615709               31  chi2:    63.371378744874789     
 Found         1035  events.
 Wrote           25  events.
 Actual xsec    126930070.34670898     
 Correct abs xsec    126930070.34670898     
 Event xsec    126930070.34670898     
 Events wgts > 1:            2
 % Cross section > 1:    129236.36939627584       0.10181698398438385     
 Iteration  5   Mean: 0.2781E+09 Abs mean: 0.2781E+09   Fluctuation:  0.378E+07   0.116E+11   100.0%
  5    0.2781E+09 0.2781E+09 +- 0.3779E+07      2.43
 Relative summed weights:
  0.5070E+00  0.0000E+00
  0.4930E+00  0.0000E+00
 Relative number of events:
  0.5001E+00  0.0000E+00
  0.4999E+00  0.0000E+00
 Events:
       16004           0
       15996           0
 Found         3370  events.
 Wrote         1094  events.
 Actual xsec    276441419.06754768     
 Correct abs xsec    276441419.06754768     
 Event xsec    276441419.06754744     
 Events wgts > 1:           74
 % Cross section > 1:    2558901.0544433421       0.92565761783261724     
 Checking number of events   4689.5522330618787             1094  chi2:    3.8988891575823983     
 Found         3370  events.
 Wrote         1073  events.
 Actual xsec    276441419.06754768     
 Correct abs xsec    276441419.06754768     
 Event xsec    276441419.06754279     
 Events wgts > 1:           74
 % Cross section > 1:    2608509.4970705644       0.94360299041629103     
 Iteration  6   Mean: 0.2815E+09 Abs mean: 0.2815E+09   Fluctuation:  0.127E+07   0.310E+10   100.0%
  6    0.2815E+09 0.2815E+09 +- 0.1271E+07      1.14
 Relative summed weights:
  0.5033E+00  0.0000E+00
  0.4967E+00  0.0000E+00
 Relative number of events:
  0.5008E+00  0.0000E+00
  0.4992E+00  0.0000E+00
 Events:
       32050           0
       31950           0
 Found         6404  events.
 Wrote         6400  events.
 Actual xsec    281017124.36551434     
 Correct abs xsec    281017124.36551434     
 Event xsec    281017124.36552978     
 Events wgts > 1:            9
 % Cross section > 1:    23387.635571289524       8.32249480315239674E-003
 Checking number of events   4767.1744977365852             6400  chi2:    4.5520550528704540     

 -------------------------------------------------------------------------------
 Accumulated results:   Integral =  0.2791E+09
                        Std dev  =  0.1188E+07
                       Cross sec =  0.5129E+02
             Chi**2 per DoF.     =
-------------------------------------------------
---------------------------
 Results Last   3 iters: Integral =   0.2810E+09
                     Abs integral =   0.2810E+09
                          Std dev =   0.1202E+07
                  Chi**2 per DoF. =      4.5521
-------------------------------------------------
---------------------------
 Status -1.69639999999999989E-005           7           9
 We found enough events        6400   4767.1744977365852     

ls status:
events.lhe
ftn25
ftn26
input_sg.txt
moffset.dat
results.dat
run_01_ftn26.gz
run_01_log.txt
run_01_results.dat
run_12_ftn26.gz
run_12_log.txt
run_12_results.dat
run_13_ftn26.gz
run_13_log.txt
run_13_results.dat
run_14_ftn26.gz
run_14_log.txt
run_14_results.dat
run_15_ftn26.gz
run_15_log.txt
run_15_results.dat
run1_app.log
run_20_ftn26.gz
run_20_log.txt
run_20_results.dat
run_21_ftn26.gz
run_21_log.txt
run_21_results.dat
run_25_ftn26.gz
run_25_log.txt
run_25_results.dat
