 Process in group number            0
 No PDF is used, alpha_s(MZ) from param_card is used
 Value of alpha_s from param_card:   0.11800000071525575     
 The default order of alpha_s running is fixed to            2
 Warning: pt or E min of a gamma should in general be >0
 *****************************************************
 *               MadGraph/MadEvent                   *
 *        --------------------------------           *
 *          http://madgraph.hep.uiuc.edu             *
 *          http://madgraph.phys.ucl.ac.be           *
 *          http://madgraph.roma2.infn.it            *
 *        --------------------------------           *
 *                                                   *
 *          PARAMETER AND COUPLING VALUES            *
 *                                                   *
 *****************************************************

  External Params
  ---------------------------------
  
 aEWM1 =    132.50700378417969     
 mdl_Gf =   1.16639000000000003E-005
 aS =   0.11800000071525575     
 mdl_ymb =    4.6999998092651367     
 mdl_ymt =    173.00000000000000     
 mdl_yme =   5.10999991092830896E-004
 mdl_ymm =   0.10565999895334244     
 mdl_ymtau =    1.7769999504089355     
 mdl_MZ =    91.188003540039063     
 mdl_MT =    173.00000000000000     
 mdl_MB =    4.6999998092651367     
 mdl_MH =    125.00000000000000     
 mdl_Me =   5.10999991092830896E-004
 mdl_MM =   0.10565999895334244     
 mdl_MTA =    1.7769999504089355     
 mdl_WZ =    2.4414041042327881     
 mdl_WW =    2.0476000308990479     
 mdl_WT =    1.4915000200271606     
 mdl_WH =   6.38233916833996773E-003
 mdl_WTau =   2.26999999999999982E-012
  Internal Params
  ---------------------------------
  
 mdl_conjg__CKM3x3 =    1.0000000000000000     
 mdl_CKM3x3 =    1.0000000000000000     
 mdl_conjg__CKM1x1 =    1.0000000000000000     
 mdl_complexi =  (  0.0000000000000000     ,  1.0000000000000000     )
 mdl_MZ__exp__2 =    8315.2519896181766     
 mdl_MZ__exp__4 =    69143415.650849044     
 mdl_sqrt__2 =    1.4142135623730951     
 mdl_MH__exp__2 =    15625.000000000000     
 mdl_aEW =   7.54677089845565054E-003
 mdl_MW =    80.419007276179556     
 mdl_sqrt__aEW =   8.68721526063194194E-002
 mdl_ee =   0.30795376284704501     
 mdl_MW__exp__2 =    6467.2167312862202     
 mdl_sw2 =   0.22224645274001076     
 mdl_cw =   0.88190336616887299     
 mdl_sqrt__sw2 =   0.47143022043565552     
 mdl_sw =   0.47143022043565552     
 mdl_g1 =   0.34919218438279087     
 mdl_gw =   0.65323296958447097     
 mdl_vev =    246.21845810181631     
 mdl_vev__exp__2 =    60623.529110035874     
 mdl_lam =   0.12886910601690271     
 mdl_yb =   2.69955531549349904E-002
 mdl_ye =   2.93504850670934038E-006
 mdl_ym =   6.06883028478528356E-004
 mdl_yt =   0.99366614581500645     
 mdl_ytau =   1.02066167158167895E-002
 mdl_muH =    88.388347648318444     
 mdl_I1x33 =  ( 2.69955531549349904E-002,  0.0000000000000000     )
 mdl_I2x33 =  ( 0.99366614581500645     ,  0.0000000000000000     )
 mdl_I3x33 =  ( 0.99366614581500645     ,  0.0000000000000000     )
 mdl_I4x33 =  ( 2.69955531549349904E-002,  0.0000000000000000     )
 mdl_ee__exp__2 =   9.48355200516540348E-002
 mdl_sw__exp__2 =   0.22224645274001076     
 mdl_cw__exp__2 =   0.77775354725998924     
  Internal Params evaluated point by point
  ----------------------------------------
  
 mdl_sqrt__aS =   0.34351128178744839     
 mdl_G__exp__2 =    1.4828317414825511     
  Couplings of sm-lepton_masses
  ---------------------------------
  
         GC_3 =  -0.00000E+00  -0.30795E+00
        GC_50 =  -0.00000E+00  -0.28804E+00
        GC_59 =   0.00000E+00   0.82310E-01
        GC_89 =  -0.00000E+00  -0.20754E-05

 Collider parameters:
 --------------------

 Running at e e   machine @   7.14879999999999960E-002  GeV
 PDF set = none   
 alpha_s(Mz)= 0.1180 running at 2 loops.
 alpha_s(Mz)= 0.1180 running at 2 loops.
 Renormalization scale fixed @    91.188000000000002     
 Factorization scales  fixed @    91.188000000000002        91.188000000000002     


 getting user params
Enter number of events and max and min iterations: 
 Number of events and iterations         1000           5           3
Enter desired fractional accuracy: 
 Desired fractional accuracy:   0.10000000000000001     
Enter 0 for fixed, 2 for adjustable grid: 
Suppress amplitude (0 no, 1 yes)? 
 Using suppressed amplitude.
Exact helicity sum (0 yes, n = number/event)? 
 Explicitly summing over helicities
Enter Configuration Number: 
Running Configuration Number:    8
 Not subdividing B.W.
 Attempting mappinvarients           1           5
 Completed mapping           5
 about to integrate            5        1000           5           3           5           1
 Using non-zero grid deformation.
  5 dimensions   1000 events  5 invarients  5 iterations  1 config(s),  (0.99)
 Using h-tuple random number sequence.
 Error opening grid
 Using Uniform Grid!
 Using uniform alpha   1.0000000000000000     
 Grid defined OK
 Set CM energy to          0.07
 Mapping Graph           8  to config           8
 Warning: No cutoff for shat integral found
          Minimum set to    195.67426257665173     
Setting grid   1    0.19567E+03   1
Setting grid   2    0.51095E-04   1
 Masses: 0.511E-03 0.511E-03 0.000E+00 0.511E-03 0.511E-03
   8   1   2   3   4   5
Using random seed offsets     8 :      1
  with seed                   51
 Ranmar initialization seeds        3817        9427
  Particle       3       4       5
      Et >     0.0     0.0     0.0
       E >     0.0     0.0     0.0
     Eta <    -1.0    -1.0    -1.0
   xqcut:      0.0     0.0     0.0
d R # 3  >    -0.0     0.0     0.0
d R # 4  >    -0.0    -0.0     0.4
s min # 3>     0.0     0.0     0.0
s min # 4>     0.0     0.0     0.0
xqcutij # 3>     0.0     0.0     0.0
xqcutij # 4>     0.0     0.0     0.0
 No cut BW           -2           1
 alpha_s for scale    91.188000000000002       is   0.11800000071525575     
 Added good helicity            1   9.2867343863913376       in event            1
 Added good helicity            2  4.83866567559539221E-006  in event            1
 Added good helicity            3  2.11849924237634814E-005  in event            1
 Added good helicity            5   4.2421450488848880       in event            1
 Added good helicity            6  3.69758157650618017E-005  in event            1
 Added good helicity            7  1.62756334944141926E-005  in event            1
 Added good helicity            9  2.12178870482968056E-005  in event            1
 Added good helicity           10  0.88968935079416722       in event            1
 Added good helicity           11  8.65066560600463441E-002  in event            1
 Added good helicity           12  1.24891689878382442E-005  in event            1
 Added good helicity           13  1.38727803035208373E-004  in event            1
 Added good helicity           14   1.3472901453632065       in event            1
 Added good helicity           15  0.14736524764104267       in event            1
 Added good helicity           16  1.72129175550121238E-005  in event            1
 Added good helicity           17  1.72129210590331989E-005  in event            1
 Added good helicity           18  0.14736524831288700       in event            1
 Added good helicity           19   1.3472903769684748       in event            1
 Added good helicity           20  1.38727805288873808E-004  in event            1
 Added good helicity           21  1.24891702793163466E-005  in event            1
 Added good helicity           22  8.65066556671652970E-002  in event            1
 Added good helicity           23  0.88968950661803547       in event            1
 Added good helicity           24  2.12178918171558499E-005  in event            1
 Added good helicity           26  1.62756325988901812E-005  in event            1
 Added good helicity           27  3.69758198434836602E-005  in event            1
 Added good helicity           28   4.2421450476985898       in event            1
 Added good helicity           30  2.11849928661458792E-005  in event            1
 Added good helicity           31  4.83866962575115324E-006  in event            1
 Added good helicity           32   9.2867343889751588       in event            1
 Added good helicity            4  1.14192643232437061E-006  in event           10
 Added good helicity           29  1.14192642966959423E-006  in event           10
 Iteration  1   Mean: 0.9778E-28 Abs mean: 0.9778E-28   Fluctuation:  0.849E-28   0.849E-25    94.0%
  1    0.9778E-28 0.9778E-28 +- 0.8493E-28     27.47
 Writing out events  2.08079956180256660E-032   27.466288161035145     
 Relative summed weights:
  0.1000E+01  0.0000E+00
 Relative number of events:
  0.1000E+01  0.0000E+00
 Events:
        1000           0
Warning xbin not returning correct x   1  0.985393E+00  0.999783E+00  0.1506E-01
Warning xbin not returning correct x   1  0.986351E+00  0.999798E+00  0.1506E-01
Warning xbin not returning correct x   1  0.988559E+00  0.999830E+00  0.1506E-01
Warning xbin not returning correct x   1  0.987646E+00  0.999817E+00  0.1506E-01
Warning xbin not returning correct x   1  0.990115E+00  0.999853E+00  0.1506E-01
Warning xbin still not working well. Last message this iteration.
 Iteration  2   Mean: 0.8317E-29 Abs mean: 0.8317E-29   Fluctuation:  0.105E-29   0.104E-26    81.4%
  2    0.8317E-29 0.8317E-29 +- 0.1052E-29      5.66
 Relative summed weights:
  0.1000E+01  0.0000E+00
 Relative number of events:
  0.1000E+01  0.0000E+00
 Events:
        2000           0
 Iteration  3   Mean: 0.7299E-28 Abs mean: 0.7299E-28   Fluctuation:  0.179E-28   0.475E-25    99.9%
  3    0.7299E-28 0.7299E-28 +- 0.1793E-28     15.54
 Relative summed weights:
  0.1000E+01  0.0000E+00
 Relative number of events:
  0.1000E+01  0.0000E+00
 Events:
        4000           0
 Accuracy:    0.851   0.100   0.112  58.308
 Found          554  events.
 Wrote            4  events.
 Actual xsec   2.31105134261721971E-029
 Correct abs xsec   2.31105134261721971E-029
 Event xsec   2.31105134261721971E-029
 Events wgts > 1:            0
 % Cross section > 1:    0.0000000000000000        0.0000000000000000     
 Iteration  4   Mean: 0.1191E-27 Abs mean: 0.1191E-27   Fluctuation:  0.131E-28   0.536E-25   100.0%
  4    0.1191E-27 0.1191E-27 +- 0.1313E-28      9.86
 Relative summed weights:
  0.1000E+01  0.0000E+00
 Relative number of events:
  0.1000E+01  0.0000E+00
 Events:
        8000           0
 Accuracy:    0.418   0.100   0.078  28.369
 Found          489  events.
 Wrote           18  events.
 Actual xsec   7.14416444669435732E-029
 Correct abs xsec   7.14416444669435732E-029
 Event xsec   7.14416444669435732E-029
 Events wgts > 1:            0
 % Cross section > 1:    0.0000000000000000        0.0000000000000000     
 Iteration  5   Mean: 0.2436E-27 Abs mean: 0.2436E-27   Fluctuation:  0.521E-28   0.681E-24   100.0%
  5    0.2436E-27 0.2436E-27 +- 0.5205E-28     27.03
 Relative summed weights:
  0.1000E+01  0.0000E+00
 Relative number of events:
  0.1000E+01  0.0000E+00
 Events:
       16000           0
 Accuracy:    0.401   0.100   0.074  29.734
 Found         1241  events.
 Wrote            6  events.
 Actual xsec   1.35352730178265755E-028
 Correct abs xsec   1.35352730178265755E-028
 Event xsec   1.35352730178265777E-028
 Events wgts > 1:            1
 % Cross section > 1:   3.23592059290264376E-037  2.39073167467016522E-007

 -------------------------------------------------------------------------------
 Accumulated results:   Integral =  0.9206E-28
                        Std dev  =  0.6775E-29
                       Cross sec =  0.9206E-28
             Chi**2 per DoF.     =     29.7338
 -------------------------------------------------------------------------------
-------------------------------------------------
---------------------------
 Results Last   3 iters: Integral =   0.1354E-27
                     Abs integral =   0.1354E-27
                          Std dev =   0.1232E-28
                  Chi**2 per DoF. =      8.9768
-------------------------------------------------
---------------------------
 Status  0.10000000000000001                6           5

ls status:
events.lhe
input_app.txt
multijob.dat
results.dat
run_01_log.txt
run_01_results.dat
run_02_log.txt
run_02_results.dat
run_03_log.txt
run_03_results.dat
run1_app.log
