 Process in group number            1
 No PDF is used, alpha_s(MZ) from param_card is used
 Value of alpha_s from param_card:   0.11800000071525575     
 The default order of alpha_s running is fixed to            2
 Warning: pt or E min of a gamma should in general be >0
 Warning: pt or E min of a gamma should in general be >0
 *****************************************************
 *               MadGraph/MadEvent                   *
 *        --------------------------------           *
 *          http://madgraph.hep.uiuc.edu             *
 *          http://madgraph.phys.ucl.ac.be           *
 *          http://madgraph.roma2.infn.it            *
 *        --------------------------------           *
 *                                                   *
 *          PARAMETER AND COUPLING VALUES            *
 *                                                   *
 *****************************************************

  External Params
  ---------------------------------
  
 mdl_MB =    4.6999998092651367     
 mdl_MT =    173.00000000000000     
 mdl_Me =   5.10999991092830896E-004
 mdl_MM =   0.10565999895334244     
 mdl_MTA =    1.7769999504089355     
 mdl_MZ =    91.188003540039063     
 mdl_MH =    125.00000000000000     
 aEWM1 =    132.50700378417969     
 mdl_Gf =   1.16639000000000003E-005
 aS =   0.11800000071525575     
 mdl_ymb =    4.6999998092651367     
 mdl_ymt =    173.00000000000000     
 mdl_yme =   5.10999991092830896E-004
 mdl_ymm =   0.10565999895334244     
 mdl_ymtau =    1.7769999504089355     
 mdl_WT =    1.4915000200271606     
 mdl_WTau =   2.26999999999999982E-012
 mdl_WZ =    2.4414041042327881     
 mdl_WW =    2.0476000308990479     
 mdl_WH =   6.38233916833996773E-003
  Internal Params
  ---------------------------------
  
 mdl_conjg__CKM3x3 =    1.0000000000000000     
 mdl_CKM3x3 =    1.0000000000000000     
 mdl_conjg__CKM1x1 =    1.0000000000000000     
 mdl_complexi =  (  0.0000000000000000     ,  1.0000000000000000     )
 mdl_MZ__exp__2 =    8315.2519896181766     
 mdl_MZ__exp__4 =    69143415.650849044     
 mdl_sqrt__2 =    1.4142135623730951     
 mdl_MH__exp__2 =    15625.000000000000     
 mdl_aEW =   7.54677089845565054E-003
 mdl_MW =    80.419007276179556     
 mdl_sqrt__aEW =   8.68721526063194194E-002
 mdl_ee =   0.30795376284704501     
 mdl_MW__exp__2 =    6467.2167312862202     
 mdl_sw2 =   0.22224645274001076     
 mdl_cw =   0.88190336616887299     
 mdl_sqrt__sw2 =   0.47143022043565552     
 mdl_sw =   0.47143022043565552     
 mdl_g1 =   0.34919218438279087     
 mdl_gw =   0.65323296958447097     
 mdl_vev =    246.21845810181631     
 mdl_vev__exp__2 =    60623.529110035874     
 mdl_lam =   0.12886910601690271     
 mdl_yb =   2.69955531549349904E-002
 mdl_ye =   2.93504850670934038E-006
 mdl_ym =   6.06883028478528356E-004
 mdl_yt =   0.99366614581500645     
 mdl_ytau =   1.02066167158167895E-002
 mdl_muH =    88.388347648318444     
 mdl_I1x33 =  ( 2.69955531549349904E-002,  0.0000000000000000     )
 mdl_I2x33 =  ( 0.99366614581500645     ,  0.0000000000000000     )
 mdl_I3x33 =  ( 0.99366614581500645     ,  0.0000000000000000     )
 mdl_I4x33 =  ( 2.69955531549349904E-002,  0.0000000000000000     )
 mdl_ee__exp__2 =   9.48355200516540348E-002
 mdl_sw__exp__2 =   0.22224645274001076     
 mdl_cw__exp__2 =   0.77775354725998924     
  Internal Params evaluated point by point
  ----------------------------------------
  
 mdl_sqrt__aS =   0.34351128178744839     
 mdl_G__exp__2 =    1.4828317414825511     
  Couplings of sm-lepton_masses
  ---------------------------------
  
         GC_3 =  -0.00000E+00  -0.30795E+00

 Collider parameters:
 --------------------

 Running at e e   machine @   7.00000000000000067E-002  GeV
 PDF set = none   
 alpha_s(Mz)= 0.1180 running at 2 loops.
 alpha_s(Mz)= 0.1180 running at 2 loops.
 Renormalization scale fixed @    91.188000000000002     
 Factorization scales  fixed @    91.188000000000002        91.188000000000002     


 getting user params
Enter number of events and max and min iterations: 
 Number of events and iterations         2000           9           3
Enter desired fractional accuracy: 
 Desired fractional accuracy:  -1.69639999999999989E-005
Enter 0 for fixed, 2 for adjustable grid: 
Suppress amplitude (0 no, 1 yes)? 
 Using suppressed amplitude.
Exact helicity sum (0 yes, n = number/event)? 
 Explicitly summing over helicities
Enter Configuration Number: 
Running Configuration Number:    1
 Not subdividing B.W.
 Attempting mappinvarients           1           4
 Completed mapping           4
 about to integrate            2        2000           9           3           2           1
 Using non-zero grid deformation.
  2 dimensions   2000 events  2 invarients  9 iterations  1 config(s),  (0.99)
 Using h-tuple random number sequence.
 Error opening grid
 Using Uniform Grid!
 Using uniform alpha   1.0000000000000000     
 Grid defined OK
 Set CM energy to          0.07
 Mapping Graph           1  to config           1
 Warning: No cutoff for shat integral found
          Minimum set to    204.08163265306121     
Setting grid   1    0.20408E+03   1
 Masses: 0.511E-03 0.511E-03 0.000E+00 0.000E+00
   1   1   2
 Got moffset          13
Using random seed offsets     1 :      1
  with seed                  267
 Ranmar initialization seeds       26466       20611
  Particle       3       4
      Et >     0.0     0.0
       E >     0.0     0.0
     Eta <    -1.0    -1.0
   xqcut:      0.0     0.0
d R # 3  >    -0.0     0.0
s min # 3>     0.0     0.0
xqcutij # 3>     0.0     0.0
 alpha_s for scale    91.188000000000002       is   0.11800000071525575     
 Added good helicity            1  3.47059859407917006E-003  in event            1
 Added good helicity            2  6.51613936452079831E-004  in event            1
 Added good helicity            3  6.51613936452079940E-004  in event            1
 Added good helicity            6   6.5736808113475913       in event            1
 Added good helicity            7   1.4215453621755660       in event            1
 Added good helicity           10   1.4215453621755660       in event            1
 Added good helicity           11   6.5736808113475913       in event            1
 Added good helicity           14  6.51613936452079940E-004  in event            1
 Added good helicity           15  6.51613936452079831E-004  in event            1
 Added good helicity           16  3.47059859407917006E-003  in event            1
 Iteration  1   Mean: 0.4489E+09 Abs mean: 0.4489E+09   Fluctuation:  0.268E+09   0.534E+12   100.0%
  1    0.4489E+09 0.4489E+09 +- 0.2683E+09     26.73
 Writing out events   24940.151142759347        26.729801536389388     
 Relative summed weights:
  0.2565E+00  0.0000E+00
  0.7435E+00  0.0000E+00
 Relative number of events:
  0.5030E+00  0.0000E+00
  0.4970E+00  0.0000E+00
 Events:
        1006           0
         994           0
 Iteration  2   Mean: 0.9120E+08 Abs mean: 0.9120E+08   Fluctuation:  0.434E+07   0.355E+10   100.0%
  2    0.9120E+08 0.9120E+08 +- 0.4344E+07      3.01
 Relative summed weights:
  0.4665E+00  0.0000E+00
  0.5335E+00  0.0000E+00
 Relative number of events:
  0.4893E+00  0.0000E+00
  0.5108E+00  0.0000E+00
 Events:
        1957           0
        2043           0
 Iteration  3   Mean: 0.2436E+09 Abs mean: 0.2436E+09   Fluctuation:  0.702E+08   0.508E+12   100.0%
  3    0.2436E+09 0.2436E+09 +- 0.7018E+08     25.77
 Relative summed weights:
  0.6271E+00  0.0000E+00
  0.3729E+00  0.0000E+00
 Relative number of events:
  0.4951E+00  0.0000E+00
  0.5049E+00  0.0000E+00
 Events:
        3961           0
        4039           0
 Found          823  events.
 Wrote            5  events.
 Actual xsec    97428079.069028050     
 Correct abs xsec    97428079.069028050     
 Event xsec    97428079.069028035     
 Events wgts > 1:            1
 % Cross section > 1:    1.3413662202656269       1.37677580537666719E-006
 Checking number of events   1652.7699333269918                5  chi2:    4.0536933035262432     
 Found          823  events.
 Wrote            2  events.
 Actual xsec    97428079.069028050     
 Correct abs xsec    97428079.069028050     
 Event xsec    97428079.069028020     
 Events wgts > 1:            1
 % Cross section > 1:    3.3534154817461967       3.44193944270449399E-006
 Iteration  4   Mean: 0.3053E+09 Abs mean: 0.3053E+09   Fluctuation:  0.254E+08   0.205E+12   100.0%
  4    0.3053E+09 0.3053E+09 +- 0.2538E+08     10.51
 Relative summed weights:
  0.4542E+00  0.0000E+00
  0.5458E+00  0.0000E+00
 Relative number of events:
  0.4968E+00  0.0000E+00
  0.5032E+00  0.0000E+00
 Events:
        7948           0
        8052           0
 Found         1065  events.
 Wrote           41  events.
 Actual xsec    146139777.65869725     
 Correct abs xsec    146139777.65869725     
 Event xsec    146139777.65869725     
 Events wgts > 1:            2
 % Cross section > 1:    1047056.6206698488       0.71647612815944028     
 Checking number of events   2479.1151882021400               41  chi2:    100.62409634164096     
 Found         1065  events.
 Wrote           28  events.
 Actual xsec    146139777.65869725     
 Correct abs xsec    146139777.65869725     
 Event xsec    146139777.65869725     
 Events wgts > 1:            2
 % Cross section > 1:    1528106.8100313330        1.0456474168177239     
 Iteration  5   Mean: 0.2782E+09 Abs mean: 0.2782E+09   Fluctuation:  0.106E+08   0.789E+11   100.0%
  5    0.2782E+09 0.2782E+09 +- 0.1056E+08      6.79
 Relative summed weights:
  0.4772E+00  0.0000E+00
  0.5228E+00  0.0000E+00
 Relative number of events:
  0.5022E+00  0.0000E+00
  0.4978E+00  0.0000E+00
 Events:
       16071           0
       15929           0
 Found         2119  events.
 Wrote          151  events.
 Actual xsec    282348077.94514555     
 Correct abs xsec    282348077.94514555     
 Event xsec    282348077.94514430     
 Events wgts > 1:           12
 % Cross section > 1:    2202764.6873514382       0.78015926418999748     
 Checking number of events   4789.7527942614488              151  chi2:   0.63853225327956897     
 Found         2119  events.
 Wrote          137  events.
 Actual xsec    282348077.94514555     
 Correct abs xsec    282348077.94514555     
 Event xsec    282348077.94514567     
 Events wgts > 1:           12
 % Cross section > 1:    2425930.6720418716       0.85919857846993353     
 Iteration  6   Mean: 0.2806E+09 Abs mean: 0.2806E+09   Fluctuation:  0.198E+07   0.670E+10   100.0%
  6    0.2806E+09 0.2806E+09 +- 0.1977E+07      1.78
 Relative summed weights:
  0.4985E+00  0.0000E+00
  0.5015E+00  0.0000E+00
 Relative number of events:
  0.4984E+00  0.0000E+00
  0.5016E+00  0.0000E+00
 Events:
       31898           0
       32102           0
 Found         6059  events.
 Wrote         3822  events.
 Actual xsec    280668381.37306172     
 Correct abs xsec    280668381.37306172     
 Event xsec    280668381.37305248     
 Events wgts > 1:          281
 % Cross section > 1:    2718013.8188019213       0.96840755823836555     
 Checking number of events   4761.2584216126188             3822  chi2:   0.49990431823887849     
 Found         6059  events.
 Wrote         3716  events.
 Actual xsec    280668381.37306172     
 Correct abs xsec    280668381.37306172     
 Event xsec    280668381.37305123     
 Events wgts > 1:          281
 % Cross section > 1:    2794773.9360725340       0.99575660158094248     
 Iteration  7   Mean: 0.2811E+09 Abs mean: 0.2811E+09   Fluctuation:  0.698E+06   0.189E+10   100.0%
  7    0.2811E+09 0.2811E+09 +- 0.6984E+06      0.89
 Relative summed weights:
  0.5024E+00  0.0000E+00
  0.4976E+00  0.0000E+00
 Relative number of events:
  0.5003E+00  0.0000E+00
  0.4997E+00  0.0000E+00
 Events:
       64041           0
       63959           0
 Found        12855  events.
 Wrote        12851  events.
 Actual xsec    280993637.66435200     
 Correct abs xsec    280993637.66435200     
 Event xsec    280993637.66440004     
 Events wgts > 1:            0
 % Cross section > 1:    0.0000000000000000        0.0000000000000000     
 Checking number of events   4766.7760693380669            12851  chi2:   6.08406016420528981E-002

 -------------------------------------------------------------------------------
 Accumulated results:   Integral =  0.2806E+09
                        Std dev  =  0.6551E+06
                       Cross sec =  0.3396E+02
             Chi**2 per DoF.     =
-------------------------------------------------
---------------------------
 Results Last   3 iters: Integral =   0.2810E+09
                     Abs integral =   0.2810E+09
                          Std dev =   0.6572E+06
                  Chi**2 per DoF. =      0.0608
-------------------------------------------------
---------------------------
 Status -1.69639999999999989E-005           8           9
 We found enough events       12851   4766.7760693380669     

ls status:
events.lhe
ftn25
ftn26
input_sg.txt
moffset.dat
results.dat
run_01_ftn26.gz
run_01_log.txt
run_01_results.dat
run_12_ftn26.gz
run_12_log.txt
run_12_results.dat
run_13_ftn26.gz
run_13_log.txt
run_13_results.dat
run_14_ftn26.gz
run_14_log.txt
run_14_results.dat
run_15_ftn26.gz
run_15_log.txt
run_15_results.dat
run1_app.log
run_20_ftn26.gz
run_20_log.txt
run_20_results.dat
run_21_ftn26.gz
run_21_log.txt
run_21_results.dat
run_25_ftn26.gz
run_25_log.txt
run_25_results.dat
