 Process in group number            0
 No PDF is used, alpha_s(MZ) from param_card is used
 Value of alpha_s from param_card:   0.11800000071525575     
 The default order of alpha_s running is fixed to            2
 Warning: pt or E min of a gamma should in general be >0
 *****************************************************
 *               MadGraph/MadEvent                   *
 *        --------------------------------           *
 *          http://madgraph.hep.uiuc.edu             *
 *          http://madgraph.phys.ucl.ac.be           *
 *          http://madgraph.roma2.infn.it            *
 *        --------------------------------           *
 *                                                   *
 *          PARAMETER AND COUPLING VALUES            *
 *                                                   *
 *****************************************************

  External Params
  ---------------------------------
  
 aEWM1 =    132.50700378417969     
 mdl_Gf =   1.16639000000000003E-005
 aS =   0.11800000071525575     
 mdl_ymb =    4.6999998092651367     
 mdl_ymt =    173.00000000000000     
 mdl_yme =   5.10999991092830896E-004
 mdl_ymm =   0.10565999895334244     
 mdl_ymtau =    1.7769999504089355     
 mdl_MZ =    91.188003540039063     
 mdl_MT =    173.00000000000000     
 mdl_MB =    4.6999998092651367     
 mdl_MH =    125.00000000000000     
 mdl_Me =   5.10999991092830896E-004
 mdl_MM =   0.10565999895334244     
 mdl_MTA =    1.7769999504089355     
 mdl_WZ =    2.4414041042327881     
 mdl_WW =    2.0476000308990479     
 mdl_WT =    1.4915000200271606     
 mdl_WH =   6.38233916833996773E-003
 mdl_WTau =   2.26999999999999982E-012
  Internal Params
  ---------------------------------
  
 mdl_conjg__CKM3x3 =    1.0000000000000000     
 mdl_CKM3x3 =    1.0000000000000000     
 mdl_conjg__CKM1x1 =    1.0000000000000000     
 mdl_complexi =  (  0.0000000000000000     ,  1.0000000000000000     )
 mdl_MZ__exp__2 =    8315.2519896181766     
 mdl_MZ__exp__4 =    69143415.650849044     
 mdl_sqrt__2 =    1.4142135623730951     
 mdl_MH__exp__2 =    15625.000000000000     
 mdl_aEW =   7.54677089845565054E-003
 mdl_MW =    80.419007276179556     
 mdl_sqrt__aEW =   8.68721526063194194E-002
 mdl_ee =   0.30795376284704501     
 mdl_MW__exp__2 =    6467.2167312862202     
 mdl_sw2 =   0.22224645274001076     
 mdl_cw =   0.88190336616887299     
 mdl_sqrt__sw2 =   0.47143022043565552     
 mdl_sw =   0.47143022043565552     
 mdl_g1 =   0.34919218438279087     
 mdl_gw =   0.65323296958447097     
 mdl_vev =    246.21845810181631     
 mdl_vev__exp__2 =    60623.529110035874     
 mdl_lam =   0.12886910601690271     
 mdl_yb =   2.69955531549349904E-002
 mdl_ye =   2.93504850670934038E-006
 mdl_ym =   6.06883028478528356E-004
 mdl_yt =   0.99366614581500645     
 mdl_ytau =   1.02066167158167895E-002
 mdl_muH =    88.388347648318444     
 mdl_I1x33 =  ( 2.69955531549349904E-002,  0.0000000000000000     )
 mdl_I2x33 =  ( 0.99366614581500645     ,  0.0000000000000000     )
 mdl_I3x33 =  ( 0.99366614581500645     ,  0.0000000000000000     )
 mdl_I4x33 =  ( 2.69955531549349904E-002,  0.0000000000000000     )
 mdl_ee__exp__2 =   9.48355200516540348E-002
 mdl_sw__exp__2 =   0.22224645274001076     
 mdl_cw__exp__2 =   0.77775354725998924     
  Internal Params evaluated point by point
  ----------------------------------------
  
 mdl_sqrt__aS =   0.34351128178744839     
 mdl_G__exp__2 =    1.4828317414825511     
  Couplings of sm-lepton_masses
  ---------------------------------
  
         GC_3 =  -0.00000E+00  -0.30795E+00
        GC_50 =  -0.00000E+00  -0.28804E+00
        GC_59 =   0.00000E+00   0.82310E-01
        GC_89 =  -0.00000E+00  -0.20754E-05

 Collider parameters:
 --------------------

 Running at e e   machine @   7.00000000000000067E-002  GeV
 PDF set = none   
 alpha_s(Mz)= 0.1180 running at 2 loops.
 alpha_s(Mz)= 0.1180 running at 2 loops.
 Renormalization scale fixed @    91.188000000000002     
 Factorization scales  fixed @    91.188000000000002        91.188000000000002     


 getting user params
Enter number of events and max and min iterations: 
 Number of events and iterations         2000           9           3
Enter desired fractional accuracy: 
 Desired fractional accuracy:  -6.26620000000000013E-037
Enter 0 for fixed, 2 for adjustable grid: 
Suppress amplitude (0 no, 1 yes)? 
 Using suppressed amplitude.
Exact helicity sum (0 yes, n = number/event)? 
 Explicitly summing over helicities
Enter Configuration Number: 
Running Configuration Number:   16
 Not subdividing B.W.
 Attempting mappinvarients           1           5
 Completed mapping           5
 about to integrate            5        2000           9           3           5           1
 Keeping grid fixed.
  5 dimensions   2000 events  5 invarients  9 iterations  1 config(s),  (0.99)
 Using h-tuple random number sequence.
 Grid read from file
 Grid defined OK
 Set CM energy to          0.07
 Mapping Graph          16  to config          16
 No modification is setgrid, grid read from file
 No modification is setgrid, grid read from file
 Masses: 0.511E-03 0.511E-03 0.000E+00 0.511E-03 0.511E-03
  16   1   2   3   4   5
 Got moffset          21
Using random seed offsets    16 :      1
  with seed                   30
 Ranmar initialization seeds        8307       15540
  Particle       3       4       5
      Et >     0.0     0.0     0.0
       E >     0.0     0.0     0.0
     Eta <    -1.0    -1.0    -1.0
   xqcut:      0.0     0.0     0.0
d R # 3  >    -0.0     0.0     0.0
d R # 4  >    -0.0    -0.0     0.4
s min # 3>     0.0     0.0     0.0
s min # 4>     0.0     0.0     0.0
xqcutij # 3>     0.0     0.0     0.0
xqcutij # 4>     0.0     0.0     0.0
 alpha_s for scale    91.188000000000002       is   0.11800000071525575     
 Added good helicity            1   4.1118106462905599       in event            1
 Added good helicity            2  7.04433878331758205E-004  in event            1
 Added good helicity            5   3.8874849197992583       in event            1
 Added good helicity           10   3.8874849197992418       in event            1
 Added good helicity           13  7.04433878331752242E-004  in event            1
 Added good helicity           14   4.1118106462905448       in event            1
 Added good helicity           19   4.1118106462905439       in event            1
 Added good helicity           20  7.04433878331755712E-004  in event            1
 Added good helicity           23   3.8874849197992432       in event            1
 Added good helicity           28   3.8874849197992569       in event            1
 Added good helicity           31  7.04433878331754628E-004  in event            1
 Added good helicity           32   4.1118106462905608       in event            1
 Iteration  1   Mean: 0.5390E+34 Abs mean: 0.5390E+34   Fluctuation:  0.446E+34   0.889E+37    99.2%
  1    0.5390E+34 0.5390E+34 +- 0.4460E+34     37.00
 Writing out events  3.01860484851441538E+029   36.998727505600677     
 Relative summed weights:
  0.1000E+01  0.0000E+00
 Relative number of events:
  0.1000E+01  0.0000E+00
 Events:
        2000           0
 Iteration  2   Mean: 0.1643E+36 Abs mean: 0.1643E+36   Fluctuation:  0.156E+36   0.624E+39    99.2%
  2    0.1643E+36 0.1643E+36 +- 0.1561E+36     60.08
 Relative summed weights:
  0.1000E+01  0.0000E+00
 Relative number of events:
  0.1000E+01  0.0000E+00
 Events:
        4000           0
 Iteration  3   Mean: 0.8101E+34 Abs mean: 0.8101E+34   Fluctuation:  0.321E+34   0.223E+38    98.9%
  3    0.8101E+34 0.8101E+34 +- 0.3208E+34     35.42
 Relative summed weights:
  0.1000E+01  0.0000E+00
 Relative number of events:
  0.1000E+01  0.0000E+00
 Events:
        8000           0
 Found           19  events.
 Wrote            3  events.
 Actual xsec   2.70042480215188066E+034
 Correct abs xsec   2.70042480215188066E+034
 Event xsec   2.70042480215188112E+034
 Events wgts > 1:            1
 % Cross section > 1:   1.33087074220863704E+026  4.92837549539653704E-007
 Checking number of events  1.69214018952441141E-002           3  chi2:    29.496421806624873     
 Found           19  events.
 Wrote            1  events.
 Actual xsec   2.70042480215188066E+034
 Correct abs xsec   2.70042480215188066E+034
 Event xsec   2.70042480215188066E+034
 Events wgts > 1:            1
 % Cross section > 1:   3.99261222662591111E+026  1.47851264861896111E-006
 Iteration  4   Mean: 0.3180E+36 Abs mean: 0.3180E+36   Fluctuation:  0.264E+36   0.419E+40    99.0%
  4    0.3180E+36 0.3180E+36 +- 0.2643E+36    105.14
 Relative summed weights:
  0.1000E+01  0.0000E+00
 Relative number of events:
  0.1000E+01  0.0000E+00
 Events:
       16000           0
 Found          129  events.
 Wrote            1  events.
 Actual xsec   7.76861536674472812E+034
 Correct abs xsec   7.76861536674472812E+034
 Event xsec   7.76861536674472719E+034
 Events wgts > 1:            0
 % Cross section > 1:    0.0000000000000000        0.0000000000000000     
 Checking number of events  4.86796976110958138E-002           1  chi2:    235.86226035000820     
 Found          129  events.
 Wrote            1  events.
 Actual xsec   7.76861536674472812E+034
 Correct abs xsec   7.76861536674472812E+034
 Event xsec   7.76861536674472719E+034
 Events wgts > 1:            0
 % Cross section > 1:    0.0000000000000000        0.0000000000000000     
 Iteration  5   Mean: 0.1205E+36 Abs mean: 0.1205E+36   Fluctuation:  0.530E+35   0.103E+40    99.0%
  5    0.1205E+36 0.1205E+36 +- 0.5303E+35     78.73
 Relative summed weights:
  0.1000E+01  0.0000E+00
 Relative number of events:
  0.1000E+01  0.0000E+00
 Events:
       32000           0
 Found           56  events.
 Wrote            4  events.
 Actual xsec   8.73110753503518214E+034
 Correct abs xsec   8.73110753503518214E+034
 Event xsec   8.73110753503518214E+034
 Events wgts > 1:            0
 % Cross section > 1:    0.0000000000000000        0.0000000000000000     
 Checking number of events  5.47108660360374616E-002           4  chi2:    305.46429732722328     
 Found           56  events.
 Wrote            6  events.
 Actual xsec   8.73110753503518214E+034
 Correct abs xsec   8.73110753503518214E+034
 Event xsec   8.73110753503518214E+034
 Events wgts > 1:            0
 % Cross section > 1:    0.0000000000000000        0.0000000000000000     
 Iteration  6   Mean: 0.3965E+37 Abs mean: 0.3965E+37   Fluctuation:  0.382E+37   0.244E+42    99.1%
  6    0.3965E+37 0.3965E+37 +- 0.3819E+37    243.66
 Relative summed weights:
  0.1000E+01  0.0000E+00
 Relative number of events:
  0.1000E+01  0.0000E+00
 Events:
       64000           0
 Found          136  events.
 Wrote            1  events.
 Actual xsec   6.96739995206735338E+035
 Correct abs xsec   6.96739995206735338E+035
 Event xsec   6.96739995206735338E+035
 Events wgts > 1:            0
 % Cross section > 1:    0.0000000000000000        0.0000000000000000     
 Checking number of events  0.43659121579644450                1  chi2:    60.434522182548747     
 Found          136  events.
 Wrote            1  events.
 Actual xsec   6.96739995206735338E+035
 Correct abs xsec   6.96739995206735338E+035
 Event xsec   6.96739995206735338E+035
 Events wgts > 1:            0
 % Cross section > 1:    0.0000000000000000        0.0000000000000000     
 Iteration  7   Mean: 0.8616E+37 Abs mean: 0.8616E+37   Fluctuation:  0.840E+37   0.107E+43    99.0%
  7    0.8616E+37 0.8616E+37 +- 0.8398E+37    348.70
 Relative summed weights:
  0.1000E+01  0.0000E+00
 Relative number of events:
  0.1000E+01  0.0000E+00
 Events:
      128000           0
 Found           63  events.
 Wrote            1  events.
 Actual xsec   1.91493306980738274E+036
 Correct abs xsec   1.91493306980738274E+036
 Event xsec   1.91493306980738274E+036
 Events wgts > 1:            0
 % Cross section > 1:    0.0000000000000000        0.0000000000000000     
 Checking number of events   1.1999353602027021                1  chi2:    572.99075134320378     
 Found           63  events.
 Wrote            1  events.
 Actual xsec   1.91493306980738274E+036
 Correct abs xsec   1.91493306980738274E+036
 Event xsec   1.91493306980738274E+036
 Events wgts > 1:            0
 % Cross section > 1:    0.0000000000000000        0.0000000000000000     
 Iteration  8   Mean: 0.9261E+36 Abs mean: 0.9261E+36   Fluctuation:  0.758E+36   0.193E+42    99.0%
  8    0.9261E+36 0.9261E+36 +- 0.7577E+36    413.98
 Relative summed weights:
  0.1000E+01  0.0000E+00
 Relative number of events:
  0.1000E+01  0.0000E+00
 Events:
      256000           0
 Found           77  events.
 Wrote            1  events.
 Actual xsec   4.06339137007555882E+036
 Correct abs xsec   4.06339137007555882E+036
 Event xsec   4.06339137007555882E+036
 Events wgts > 1:            1
 % Cross section > 1:   1.17796326959220813E+028  2.89896582019443493E-007
 Checking number of events   2.5462023003167467                1  chi2:    8.7196654063913535     
 Found           77  events.
 Wrote            1  events.
 Actual xsec   4.06339137007555882E+036
 Correct abs xsec   4.06339137007555882E+036
 Event xsec   4.06339137007555882E+036
 Events wgts > 1:            1
 % Cross section > 1:   1.17796326959220813E+028  2.89896582019443493E-007
 Iteration  9   Mean: 0.1235E+37 Abs mean: 0.1235E+37   Fluctuation:  0.576E+36   0.218E+42    99.0%
  9    0.1235E+37 0.1235E+37 +- 0.5761E+36    333.88
 Relative summed weights:
  0.1000E+01  0.0000E+00
 Relative number of events:
  0.1000E+01  0.0000E+00
 Events:
      512000           0
 Found          484  events.
 Wrote            4  events.
 Actual xsec   2.25847657053760554E+036
 Correct abs xsec   2.25847657053760554E+036
 Event xsec   2.25847657053760554E+036
 Events wgts > 1:            0
 % Cross section > 1:    0.0000000000000000        0.0000000000000000     
 Checking number of events   1.4152065886302745                4  chi2:    3.4117312265096285     

 -------------------------------------------------------------------------------
 Accumulated results:   Integral =  0.9137E+36
                        Std dev  =  0.1874E+36
                       Cross sec =  0.1254E+02
             Chi**2 per DoF.     =
-------------------------------------------------
---------------------------
 Results Last   3 iters: Integral =   0.2258E+37
                     Abs integral =   0.2258E+37
                          Std dev =   0.8453E+36
                  Chi**2 per DoF. =      3.4117
-------------------------------------------------
---------------------------
 Status -6.26620000000000013E-037          10           9
 We found enough events           4   1.4152065886302745     

ls status:
events.lhe
ftn25
ftn26
input_sg.txt
log.txt
moffset.dat
results.dat
run1_app.log
