 Process in group number            0
 No PDF is used, alpha_s(MZ) from param_card is used
 Value of alpha_s from param_card:   0.11800000071525575     
 The default order of alpha_s running is fixed to            2
 Warning: pt or E min of a gamma should in general be >0
 *****************************************************
 *               MadGraph/MadEvent                   *
 *        --------------------------------           *
 *          http://madgraph.hep.uiuc.edu             *
 *          http://madgraph.phys.ucl.ac.be           *
 *          http://madgraph.roma2.infn.it            *
 *        --------------------------------           *
 *                                                   *
 *          PARAMETER AND COUPLING VALUES            *
 *                                                   *
 *****************************************************

  External Params
  ---------------------------------
  
 aEWM1 =    132.50700378417969     
 mdl_Gf =   1.16639000000000003E-005
 aS =   0.11800000071525575     
 mdl_ymb =    4.6999998092651367     
 mdl_ymt =    173.00000000000000     
 mdl_yme =   5.10999991092830896E-004
 mdl_ymm =   0.10565999895334244     
 mdl_ymtau =    1.7769999504089355     
 mdl_MZ =    91.188003540039063     
 mdl_MT =    173.00000000000000     
 mdl_MB =    4.6999998092651367     
 mdl_MH =    125.00000000000000     
 mdl_Me =   5.10999991092830896E-004
 mdl_MM =   0.10565999895334244     
 mdl_MTA =    1.7769999504089355     
 mdl_WZ =    2.4414041042327881     
 mdl_WW =    2.0476000308990479     
 mdl_WT =    1.4915000200271606     
 mdl_WH =   6.38233916833996773E-003
 mdl_WTau =   2.26999999999999982E-012
  Internal Params
  ---------------------------------
  
 mdl_conjg__CKM3x3 =    1.0000000000000000     
 mdl_CKM3x3 =    1.0000000000000000     
 mdl_conjg__CKM1x1 =    1.0000000000000000     
 mdl_complexi =  (  0.0000000000000000     ,  1.0000000000000000     )
 mdl_MZ__exp__2 =    8315.2519896181766     
 mdl_MZ__exp__4 =    69143415.650849044     
 mdl_sqrt__2 =    1.4142135623730951     
 mdl_MH__exp__2 =    15625.000000000000     
 mdl_aEW =   7.54677089845565054E-003
 mdl_MW =    80.419007276179556     
 mdl_sqrt__aEW =   8.68721526063194194E-002
 mdl_ee =   0.30795376284704501     
 mdl_MW__exp__2 =    6467.2167312862202     
 mdl_sw2 =   0.22224645274001076     
 mdl_cw =   0.88190336616887299     
 mdl_sqrt__sw2 =   0.47143022043565552     
 mdl_sw =   0.47143022043565552     
 mdl_g1 =   0.34919218438279087     
 mdl_gw =   0.65323296958447097     
 mdl_vev =    246.21845810181631     
 mdl_vev__exp__2 =    60623.529110035874     
 mdl_lam =   0.12886910601690271     
 mdl_yb =   2.69955531549349904E-002
 mdl_ye =   2.93504850670934038E-006
 mdl_ym =   6.06883028478528356E-004
 mdl_yt =   0.99366614581500645     
 mdl_ytau =   1.02066167158167895E-002
 mdl_muH =    88.388347648318444     
 mdl_I1x33 =  ( 2.69955531549349904E-002,  0.0000000000000000     )
 mdl_I2x33 =  ( 0.99366614581500645     ,  0.0000000000000000     )
 mdl_I3x33 =  ( 0.99366614581500645     ,  0.0000000000000000     )
 mdl_I4x33 =  ( 2.69955531549349904E-002,  0.0000000000000000     )
 mdl_ee__exp__2 =   9.48355200516540348E-002
 mdl_sw__exp__2 =   0.22224645274001076     
 mdl_cw__exp__2 =   0.77775354725998924     
  Internal Params evaluated point by point
  ----------------------------------------
  
 mdl_sqrt__aS =   0.34351128178744839     
 mdl_G__exp__2 =    1.4828317414825511     
  Couplings of sm-lepton_masses
  ---------------------------------
  
         GC_3 =  -0.00000E+00  -0.30795E+00
        GC_50 =  -0.00000E+00  -0.28804E+00
        GC_59 =   0.00000E+00   0.82310E-01
        GC_89 =  -0.00000E+00  -0.20754E-05

 Collider parameters:
 --------------------

 Running at e e   machine @   7.00000000000000067E-002  GeV
 PDF set = none   
 alpha_s(Mz)= 0.1180 running at 2 loops.
 alpha_s(Mz)= 0.1180 running at 2 loops.
 Renormalization scale fixed @    91.188000000000002     
 Factorization scales  fixed @    91.188000000000002        91.188000000000002     


 getting user params
Enter number of events and max and min iterations: 
 Number of events and iterations         2000           9           3
Enter desired fractional accuracy: 
 Desired fractional accuracy:  -6.26620000000000013E-037
Enter 0 for fixed, 2 for adjustable grid: 
Suppress amplitude (0 no, 1 yes)? 
 Using suppressed amplitude.
Exact helicity sum (0 yes, n = number/event)? 
 Explicitly summing over helicities
Enter Configuration Number: 
Running Configuration Number:   22
 Not subdividing B.W.
 Attempting mappinvarients           1           5
 Completed mapping           5
 about to integrate            5        2000           9           3           5           1
 Keeping grid fixed.
  5 dimensions   2000 events  5 invarients  9 iterations  1 config(s),  (0.99)
 Using h-tuple random number sequence.
 Grid read from file
 Grid defined OK
 Set CM energy to          0.07
 Mapping Graph          22  to config          22
 No modification is setgrid, grid read from file
 No modification is setgrid, grid read from file
 Masses: 0.511E-03 0.511E-03 0.000E+00 0.511E-03 0.511E-03
  22   1   2   3   4   5
 Got moffset          13
Using random seed offsets    22 :      1
  with seed                   30
 Ranmar initialization seeds        8313       20365
  Particle       3       4       5
      Et >     0.0     0.0     0.0
       E >     0.0     0.0     0.0
     Eta <    -1.0    -1.0    -1.0
   xqcut:      0.0     0.0     0.0
d R # 3  >    -0.0     0.0     0.0
d R # 4  >    -0.0    -0.0     0.4
s min # 3>     0.0     0.0     0.0
s min # 4>     0.0     0.0     0.0
xqcutij # 3>     0.0     0.0     0.0
xqcutij # 4>     0.0     0.0     0.0
 alpha_s for scale    91.188000000000002       is   0.11800000071525575     
 Added good helicity            1   4.0616146182505570       in event            1
 Added good helicity            3  1.37817376219739191E-003  in event            1
 Added good helicity            5   3.9370072079885046       in event            1
 Added good helicity           10   4.0616146182473463       in event            1
 Added good helicity           12  1.37817376219662429E-003  in event            1
 Added good helicity           14   3.9370072079854315       in event            1
 Added good helicity           19   3.9370072079854315       in event            1
 Added good helicity           21  1.37817376219661475E-003  in event            1
 Added good helicity           23   4.0616146182473463       in event            1
 Added good helicity           28   3.9370072079885046       in event            1
 Added good helicity           30  1.37817376219738280E-003  in event            1
 Added good helicity           32   4.0616146182505570       in event            1
 Added good helicity            2  0.79119086144648487       in event            6
 Added good helicity           13  0.77015503889895331       in event            6
 Added good helicity           16  1.10830590622109304E-006  in event            6
 Added good helicity           17  1.10830590794878615E-006  in event            6
 Added good helicity           20  0.77015503907331295       in event            6
 Added good helicity           31  0.79119086136553129       in event            6
 Added good helicity            6  1.27510959301857942E-005  in event           60
 Added good helicity            7  1.29787685404757784E-005  in event           60
 Added good helicity            9  1.29688377938390713E-005  in event           60
 Added good helicity           11   1.6552806205790052       in event           60
 Added good helicity           15   1.6822718728389343       in event           60
 Added good helicity           18   1.6822718728384123       in event           60
 Added good helicity           22   1.6552806205655837       in event           60
 Added good helicity           24  1.29688297052254826E-005  in event           60
 Added good helicity           26  1.29787766321672747E-005  in event           60
 Added good helicity           27  1.27510879721543114E-005  in event           60
 Iteration  1   Mean: 0.1527E+37 Abs mean: 0.1527E+37   Fluctuation:  0.897E+36   0.154E+40    99.4%
  1    0.1527E+37 0.1527E+37 +- 0.8972E+36     26.27
 Writing out events  8.53465977443012893E+031   26.274821417324237     
 Relative summed weights:
  0.1000E+01  0.0000E+00
 Relative number of events:
  0.1000E+01  0.0000E+00
 Events:
        2000           0
 Iteration  2   Mean: 0.9243E+36 Abs mean: 0.9243E+36   Fluctuation:  0.477E+36   0.167E+40    99.6%
  2    0.9243E+36 0.9243E+36 +- 0.4773E+36     32.66
 Relative summed weights:
  0.1000E+01  0.0000E+00
 Relative number of events:
  0.1000E+01  0.0000E+00
 Events:
        4000           0
 Iteration  3   Mean: 0.3714E+37 Abs mean: 0.3714E+37   Fluctuation:  0.190E+37   0.107E+41    99.7%
  3    0.3714E+37 0.3714E+37 +- 0.1900E+37     45.76
 Relative summed weights:
  0.1000E+01  0.0000E+00
 Relative number of events:
  0.1000E+01  0.0000E+00
 Events:
        8000           0
 Found           55  events.
 Wrote            3  events.
 Actual xsec   2.10914238689079396E+036
 Correct abs xsec   2.10914238689079396E+036
 Event xsec   2.10914238689079396E+036
 Events wgts > 1:            1
 % Cross section > 1:   2.54692697254941089E+029  1.20756521151897188E-005
 Checking number of events   1.3216308024735093                3  chi2:    3.6482505851281672     

 -------------------------------------------------------------------------------
 Accumulated results:   Integral =  0.2109E+37
                        Std dev  =  0.6519E+36
                       Cross sec =  0.1807E+01
             Chi**2 per DoF.     =
-------------------------------------------------
---------------------------
 Results Last   3 iters: Integral =   0.2109E+37
                     Abs integral =   0.2109E+37
                          Std dev =   0.6519E+36
                  Chi**2 per DoF. =      3.6483
-------------------------------------------------
---------------------------
 Status -6.26620000000000013E-037           4           9
 We found enough events           3   1.3216308024735093     

ls status:
events.lhe
ftn25
ftn26
input_sg.txt
log.txt
moffset.dat
results.dat
run1_app.log
