 Process in group number            0
 No PDF is used, alpha_s(MZ) from param_card is used
 Value of alpha_s from param_card:   0.11800000071525575     
 The default order of alpha_s running is fixed to            2
 Warning: pt or E min of a gamma should in general be >0
 *****************************************************
 *               MadGraph/MadEvent                   *
 *        --------------------------------           *
 *          http://madgraph.hep.uiuc.edu             *
 *          http://madgraph.phys.ucl.ac.be           *
 *          http://madgraph.roma2.infn.it            *
 *        --------------------------------           *
 *                                                   *
 *          PARAMETER AND COUPLING VALUES            *
 *                                                   *
 *****************************************************

  External Params
  ---------------------------------
  
 aEWM1 =    132.50700378417969     
 mdl_Gf =   1.16639000000000003E-005
 aS =   0.11800000071525575     
 mdl_ymb =    4.6999998092651367     
 mdl_ymt =    173.00000000000000     
 mdl_yme =   5.10999991092830896E-004
 mdl_ymm =   0.10565999895334244     
 mdl_ymtau =    1.7769999504089355     
 mdl_MZ =    91.188003540039063     
 mdl_MT =    173.00000000000000     
 mdl_MB =    4.6999998092651367     
 mdl_MH =    125.00000000000000     
 mdl_Me =   5.10999991092830896E-004
 mdl_MM =   0.10565999895334244     
 mdl_MTA =    1.7769999504089355     
 mdl_WZ =    2.4414041042327881     
 mdl_WW =    2.0476000308990479     
 mdl_WT =    1.4915000200271606     
 mdl_WH =   6.38233916833996773E-003
 mdl_WTau =   2.26999999999999982E-012
  Internal Params
  ---------------------------------
  
 mdl_conjg__CKM3x3 =    1.0000000000000000     
 mdl_CKM3x3 =    1.0000000000000000     
 mdl_conjg__CKM1x1 =    1.0000000000000000     
 mdl_complexi =  (  0.0000000000000000     ,  1.0000000000000000     )
 mdl_MZ__exp__2 =    8315.2519896181766     
 mdl_MZ__exp__4 =    69143415.650849044     
 mdl_sqrt__2 =    1.4142135623730951     
 mdl_MH__exp__2 =    15625.000000000000     
 mdl_aEW =   7.54677089845565054E-003
 mdl_MW =    80.419007276179556     
 mdl_sqrt__aEW =   8.68721526063194194E-002
 mdl_ee =   0.30795376284704501     
 mdl_MW__exp__2 =    6467.2167312862202     
 mdl_sw2 =   0.22224645274001076     
 mdl_cw =   0.88190336616887299     
 mdl_sqrt__sw2 =   0.47143022043565552     
 mdl_sw =   0.47143022043565552     
 mdl_g1 =   0.34919218438279087     
 mdl_gw =   0.65323296958447097     
 mdl_vev =    246.21845810181631     
 mdl_vev__exp__2 =    60623.529110035874     
 mdl_lam =   0.12886910601690271     
 mdl_yb =   2.69955531549349904E-002
 mdl_ye =   2.93504850670934038E-006
 mdl_ym =   6.06883028478528356E-004
 mdl_yt =   0.99366614581500645     
 mdl_ytau =   1.02066167158167895E-002
 mdl_muH =    88.388347648318444     
 mdl_I1x33 =  ( 2.69955531549349904E-002,  0.0000000000000000     )
 mdl_I2x33 =  ( 0.99366614581500645     ,  0.0000000000000000     )
 mdl_I3x33 =  ( 0.99366614581500645     ,  0.0000000000000000     )
 mdl_I4x33 =  ( 2.69955531549349904E-002,  0.0000000000000000     )
 mdl_ee__exp__2 =   9.48355200516540348E-002
 mdl_sw__exp__2 =   0.22224645274001076     
 mdl_cw__exp__2 =   0.77775354725998924     
  Internal Params evaluated point by point
  ----------------------------------------
  
 mdl_sqrt__aS =   0.34351128178744839     
 mdl_G__exp__2 =    1.4828317414825511     
  Couplings of sm-lepton_masses
  ---------------------------------
  
         GC_3 =  -0.00000E+00  -0.30795E+00
        GC_50 =  -0.00000E+00  -0.28804E+00
        GC_59 =   0.00000E+00   0.82310E-01
        GC_89 =  -0.00000E+00  -0.20754E-05

 Collider parameters:
 --------------------

 Running at e e   machine @   7.00000000000000067E-002  GeV
 PDF set = none   
 alpha_s(Mz)= 0.1180 running at 2 loops.
 alpha_s(Mz)= 0.1180 running at 2 loops.
 Renormalization scale fixed @    91.188000000000002     
 Factorization scales  fixed @    91.188000000000002        91.188000000000002     


 getting user params
Enter number of events and max and min iterations: 
 Number of events and iterations         2000           9           3
Enter desired fractional accuracy: 
 Desired fractional accuracy:  -6.26620000000000013E-037
Enter 0 for fixed, 2 for adjustable grid: 
Suppress amplitude (0 no, 1 yes)? 
 Using suppressed amplitude.
Exact helicity sum (0 yes, n = number/event)? 
 Explicitly summing over helicities
Enter Configuration Number: 
Running Configuration Number:   16
 Not subdividing B.W.
 Attempting mappinvarients           1           5
 Completed mapping           5
 about to integrate            5        2000           9           3           5           1
 Keeping grid fixed.
  5 dimensions   2000 events  5 invarients  9 iterations  1 config(s),  (0.99)
 Using h-tuple random number sequence.
 Grid read from file
 Grid defined OK
 Set CM energy to          0.07
 Mapping Graph          16  to config          16
 No modification is setgrid, grid read from file
 No modification is setgrid, grid read from file
 Masses: 0.511E-03 0.511E-03 0.000E+00 0.511E-03 0.511E-03
  16   1   2   3   4   5
 Got moffset           7
Using random seed offsets    16 :      1
  with seed                   30
 Ranmar initialization seeds        8307        1423
  Particle       3       4       5
      Et >     0.0     0.0     0.0
       E >     0.0     0.0     0.0
     Eta <    -1.0    -1.0    -1.0
   xqcut:      0.0     0.0     0.0
d R # 3  >    -0.0     0.0     0.0
d R # 4  >    -0.0    -0.0     0.4
s min # 3>     0.0     0.0     0.0
s min # 4>     0.0     0.0     0.0
xqcutij # 3>     0.0     0.0     0.0
xqcutij # 4>     0.0     0.0     0.0
 alpha_s for scale    91.188000000000002       is   0.11800000071525575     
 Added good helicity            1   4.0008621507366291       in event            1
 Added good helicity            5   3.9991378483057449       in event            1
 Added good helicity           10   3.9991378483046360       in event            1
 Added good helicity           14   4.0008621507382145       in event            1
 Added good helicity           19   4.0008621507382136       in event            1
 Added good helicity           23   3.9991378483046360       in event            1
 Added good helicity           28   3.9991378483057449       in event            1
 Added good helicity           32   4.0008621507366300       in event            1
 Added good helicity            2  2.47934995339097386E-004  in event            6
 Added good helicity           13  2.47934995339113486E-004  in event            6
 Added good helicity           20  2.47934995339113052E-004  in event            6
 Added good helicity           31  2.47934995339097765E-004  in event            6
 Iteration  1   Mean: 0.7282E+36 Abs mean: 0.7282E+36   Fluctuation:  0.398E+36   0.561E+39    99.5%
  1    0.7282E+36 0.7282E+36 +- 0.3983E+36     24.46
 Writing out events  4.06592737178071702E+031   24.457135959790488     
 Relative summed weights:
  0.1000E+01  0.0000E+00
 Relative number of events:
  0.1000E+01  0.0000E+00
 Events:
        2000           0
 Iteration  2   Mean: 0.9722E+37 Abs mean: 0.9722E+37   Fluctuation:  0.865E+37   0.345E+41    99.4%
  2    0.9722E+37 0.9722E+37 +- 0.8647E+37     56.25
 Relative summed weights:
  0.1000E+01  0.0000E+00
 Relative number of events:
  0.1000E+01  0.0000E+00
 Events:
        4000           0
 Iteration  3   Mean: 0.1299E+39 Abs mean: 0.1299E+39   Fluctuation:  0.128E+39   0.102E+43    99.5%
  3    0.1299E+39 0.1299E+39 +- 0.1277E+39     87.93
 Relative summed weights:
  0.1000E+01  0.0000E+00
 Relative number of events:
  0.1000E+01  0.0000E+00
 Events:
        8000           0
 Found           30  events.
 Wrote            1  events.
 Actual xsec   2.64286721833733201E+037
 Correct abs xsec   2.64286721833733201E+037
 Event xsec   2.64286721833733201E+037
 Events wgts > 1:            0
 % Cross section > 1:    0.0000000000000000        0.0000000000000000     
 Checking number of events   16.560734563545392                1  chi2:    2084.4695351263954     
 Found           30  events.
 Wrote            1  events.
 Actual xsec   2.64286721833733201E+037
 Correct abs xsec   2.64286721833733201E+037
 Event xsec   2.64286721833733201E+037
 Events wgts > 1:            0
 % Cross section > 1:    0.0000000000000000        0.0000000000000000     
 Iteration  4   Mean: 0.5718E+37 Abs mean: 0.5718E+37   Fluctuation:  0.512E+37   0.818E+41    99.5%
  4    0.5718E+37 0.5718E+37 +- 0.5117E+37    113.21
 Relative summed weights:
  0.1000E+01  0.0000E+00
 Relative number of events:
  0.1000E+01  0.0000E+00
 Events:
       16000           0
 Found           14  events.
 Wrote            1  events.
 Actual xsec   4.33645787248519353E+037
 Correct abs xsec   4.33645787248519353E+037
 Event xsec   4.33645787248519353E+037
 Events wgts > 1:            0
 % Cross section > 1:    0.0000000000000000        0.0000000000000000     
 Checking number of events   27.173112320566720                1  chi2:    34.859890276446940     
 Found           14  events.
 Wrote            1  events.
 Actual xsec   4.33645787248519353E+037
 Correct abs xsec   4.33645787248519353E+037
 Event xsec   4.33645787248519353E+037
 Events wgts > 1:            0
 % Cross section > 1:    0.0000000000000000        0.0000000000000000     
 Iteration  5   Mean: 0.1870E+37 Abs mean: 0.1870E+37   Fluctuation:  0.583E+36   0.120E+41    99.5%
  5    0.1870E+37 0.1870E+37 +- 0.5832E+36     55.79
 Relative summed weights:
  0.1000E+01  0.0000E+00
 Relative number of events:
  0.1000E+01  0.0000E+00
 Events:
       32000           0
 Found          101  events.
 Wrote            3  events.
 Actual xsec   1.27962697495119257E+037
 Correct abs xsec   1.27962697495119257E+037
 Event xsec   1.27962697495119257E+037
 Events wgts > 1:            0
 % Cross section > 1:    0.0000000000000000        0.0000000000000000     
 Checking number of events   8.0183985504391639                3  chi2:    176.86161494620214     
 Found          101  events.
 Wrote            2  events.
 Actual xsec   1.27962697495119257E+037
 Correct abs xsec   1.27962697495119257E+037
 Event xsec   1.27962697495119257E+037
 Events wgts > 1:            0
 % Cross section > 1:    0.0000000000000000        0.0000000000000000     
 Iteration  6   Mean: 0.9310E+38 Abs mean: 0.9310E+38   Fluctuation:  0.620E+38   0.316E+43    99.5%
  6    0.9310E+38 0.9310E+38 +- 0.6196E+38    168.37
 Relative summed weights:
  0.1000E+01  0.0000E+00
 Relative number of events:
  0.1000E+01  0.0000E+00
 Events:
       64000           0
 Found          309  events.
 Wrote            1  events.
 Actual xsec   1.71570303378899326E+037
 Correct abs xsec   1.71570303378899326E+037
 Event xsec   1.71570303378899326E+037
 Events wgts > 1:            0
 % Cross section > 1:    0.0000000000000000        0.0000000000000000     
 Checking number of events   10.750938350328589                1  chi2:    346.76046209942939     
 Found          309  events.
 Wrote            2  events.
 Actual xsec   1.71570303378899326E+037
 Correct abs xsec   1.71570303378899326E+037
 Event xsec   1.71570303378899326E+037
 Events wgts > 1:            0
 % Cross section > 1:    0.0000000000000000        0.0000000000000000     
 Iteration  7   Mean: 0.1042E+39 Abs mean: 0.1042E+39   Fluctuation:  0.871E+38   0.111E+44    99.5%
  7    0.1042E+39 0.1042E+39 +- 0.8708E+38    299.06
 Relative summed weights:
  0.1000E+01  0.0000E+00
 Relative number of events:
  0.1000E+01  0.0000E+00
 Events:
      128000           0
 Found          115  events.
 Wrote            2  events.
 Actual xsec   2.70950131123564866E+037
 Correct abs xsec   2.70950131123564866E+037
 Event xsec   2.70950131123564866E+037
 Events wgts > 1:            1
 % Cross section > 1:   5.25863917152059290E+030  1.94081440363740902E-005
 Checking number of events   16.978277116464820                2  chi2:    936.27101350110047     
 Found          115  events.
 Wrote            1  events.
 Actual xsec   2.70950131123564866E+037
 Correct abs xsec   2.70950131123564866E+037
 Event xsec   2.70950131123564866E+037
 Events wgts > 1:            1
 % Cross section > 1:   1.05172763029788652E+031  3.88162805434574113E-005
 Iteration  8   Mean: 0.6710E+38 Abs mean: 0.6710E+38   Fluctuation:  0.310E+38   0.496E+43    99.5%
  8    0.6710E+38 0.6710E+38 +- 0.3104E+38    234.06
 Relative summed weights:
  0.1000E+01  0.0000E+00
 Relative number of events:
  0.1000E+01  0.0000E+00
 Events:
      256000           0
 Found          211  events.
 Wrote            2  events.
 Actual xsec   8.04630866205909530E+037
 Correct abs xsec   8.04630866205909530E+037
 Event xsec   8.04630866205909530E+037
 Events wgts > 1:            2
 % Cross section > 1:   5.26728399531321642E+035  0.65462117059343450     
 Checking number of events   50.419779338194701                2  chi2:   0.15057006653777960     
 Found          211  events.
 Wrote            3  events.
 Actual xsec   8.04630866205909530E+037
 Correct abs xsec   8.04630866205909530E+037
 Event xsec   8.04630866205909435E+037
 Events wgts > 1:            2
 % Cross section > 1:   3.51920181023743081E+035  0.43736848262254552     
 Iteration  9   Mean: 0.2210E+39 Abs mean: 0.2210E+39   Fluctuation:  0.884E+38   0.292E+44    99.5%
  9    0.2210E+39 0.2210E+39 +- 0.8840E+38    286.17
 Relative summed weights:
  0.1000E+01  0.0000E+00
 Relative number of events:
  0.1000E+01  0.0000E+00
 Events:
      512000           0
 Found          571  events.
 Wrote            4  events.
 Actual xsec   1.49282944807604761E+038
 Correct abs xsec   1.49282944807604761E+038
 Event xsec   1.49282944807604780E+038
 Events wgts > 1:            1
 % Cross section > 1:   1.13347376995449651E+030  7.59278812067455254E-007
 Checking number of events   93.543678875341300                4  chi2:    3.9689972410917029     
 Found          571  events.
 Wrote            5  events.
 Actual xsec   1.49282944807604761E+038
 Correct abs xsec   1.49282944807604761E+038
 Event xsec   1.49282944807604761E+038
 Events wgts > 1:            1
 % Cross section > 1:   9.06779017852543802E+029  6.07423050919310873E-007

 -------------------------------------------------------------------------------
 Accumulated results:   Integral =  0.7017E+38
                        Std dev  =  0.1245E+38
                       Cross sec =  0.7017E+38
             Chi**2 per DoF.     =      5.6557
 -------------------------------------------------------------------------------
-------------------------------------------------
---------------------------
 Results Last   3 iters: Integral =   0.1493E+39
                     Abs integral =   0.1493E+39
                          Std dev =   0.4247E+38
                  Chi**2 per DoF. =      3.9690
-------------------------------------------------
---------------------------
 Status -6.26620000000000013E-037          10           9
 Trying w/ fresh grid
 Starting w/ ncall =         8000
 Keeping grid fixed.
  5 dimensions   8000 events  5 invarients  8 iterations  1 config(s),  (0.99)
 Using h-tuple random number sequence.
 Error opening grid
 Using Uniform Grid!
 Using uniform alpha   1.0000000000000000     
 Grid defined OK
Setting grid   1    0.53290E-04   1
Setting grid   2    0.53290E-04   1
 Iteration  1   Mean: 0.8427E+24 Abs mean: 0.8427E+24   Fluctuation:  0.542E+24   0.409E+28    97.9%
  1    0.8427E+24 0.8427E+24 +- 0.5418E+24     57.50
 Relative summed weights:
  0.1000E+01  0.0000E+00
 Relative number of events:
  0.1000E+01  0.0000E+00
 Events:
        8000           0
 Iteration  2   Mean: 0.3678E+32 Abs mean: 0.3678E+32   Fluctuation:  0.351E+32   0.561E+36    98.1%
  2    0.3678E+32 0.3678E+32 +- 0.3506E+32    120.58
 Relative summed weights:
  0.1000E+01  0.0000E+00
 Relative number of events:
  0.1000E+01  0.0000E+00
 Events:
       16000           0
 Iteration  3   Mean: 0.1036E+35 Abs mean: 0.1036E+35   Fluctuation:  0.993E+34   0.318E+39    99.4%
  3    0.1036E+35 0.1036E+35 +- 0.9933E+34    171.54
 Relative summed weights:
  0.1000E+01  0.0000E+00
 Relative number of events:
  0.1000E+01  0.0000E+00
 Events:
       32000           0
 Found           58  events.
 Wrote            1  events.
 Actual xsec   2.45362406854963734E+033
 Correct abs xsec   2.45362406854963734E+033
 Event xsec   2.45362406854963734E+033
 Events wgts > 1:            0
 % Cross section > 1:    0.0000000000000000        0.0000000000000000     
 Checking number of events  1.53748991383457372E-003           1  chi2:   1.02545819381154038E+019
 Found           58  events.
 Wrote            1  events.
 Actual xsec   2.45362406854963734E+033
 Correct abs xsec   2.45362406854963734E+033
 Event xsec   2.45362406854963734E+033
 Events wgts > 1:            0
 % Cross section > 1:    0.0000000000000000        0.0000000000000000     
 Iteration  4   Mean: 0.2050E+36 Abs mean: 0.2050E+36   Fluctuation:  0.156E+36   0.984E+40    99.4%
  4    0.2050E+36 0.2050E+36 +- 0.1558E+36    192.20
 Relative summed weights:
  0.1000E+01  0.0000E+00
 Relative number of events:
  0.1000E+01  0.0000E+00
 Events:
       64000           0
 Found           37  events.
 Wrote            1  events.
 Actual xsec   9.34852102158521925E+034
 Correct abs xsec   9.34852102158521925E+034
 Event xsec   9.34852102158521925E+034
 Events wgts > 1:            0
 % Cross section > 1:    0.0000000000000000        0.0000000000000000     
 Checking number of events  5.85797024254572987E-002           1  chi2:    3552037.3827884556     
 Found           37  events.
 Wrote            1  events.
 Actual xsec   9.34852102158521925E+034
 Correct abs xsec   9.34852102158521925E+034
 Event xsec   9.34852102158521925E+034
 Events wgts > 1:            0
 % Cross section > 1:    0.0000000000000000        0.0000000000000000     
 Iteration  5   Mean: 0.8883E+37 Abs mean: 0.8883E+37   Fluctuation:  0.858E+37   0.110E+43    99.2%
  5    0.8883E+37 0.8883E+37 +- 0.8577E+37    345.45
 Relative summed weights:
  0.1000E+01  0.0000E+00
 Relative number of events:
  0.1000E+01  0.0000E+00
 Events:
      128000           0
 Found           76  events.
 Wrote            1  events.
 Actual xsec   2.54187739756589830E+036
 Correct abs xsec   2.54187739756589830E+036
 Event xsec   2.54187739756589830E+036
 Events wgts > 1:            1
 % Cross section > 1:   1.61951923115471884E+029  6.37135069026370101E-006
 Checking number of events   1.5927912148627432                1  chi2:    32590.995755244570     
 Found           76  events.
 Wrote            1  events.
 Actual xsec   2.54187739756589830E+036
 Correct abs xsec   2.54187739756589830E+036
 Event xsec   2.54187739756589830E+036
 Events wgts > 1:            1
 % Cross section > 1:   1.61951923115471884E+029  6.37135069026370101E-006
 Fixing grid
 Iteration  6   Mean: 0.4436E+39 Abs mean: 0.4436E+39   Fluctuation:  0.358E+39   0.897E+44    99.5%
  6    0.4436E+39 0.4436E+39 +- 0.3576E+39    407.83
 Relative summed weights:
  0.1000E+01  0.0000E+00
 Relative number of events:
  0.1000E+01  0.0000E+00
 Events:
      256000           0
 Found          164  events.
 Wrote            1  events.
 Actual xsec   1.59431987359327527E+038
 Correct abs xsec   1.59431987359327527E+038
 Event xsec   1.59431987359327527E+038
 Events wgts > 1:            0
 % Cross section > 1:    0.0000000000000000        0.0000000000000000     
 Checking number of events   99.903271919101812                1  chi2:    522676.15737718489     
 Found          164  events.
 Wrote            1  events.
 Actual xsec   1.59431987359327527E+038
 Correct abs xsec   1.59431987359327527E+038
 Event xsec   1.59431987359327527E+038
 Events wgts > 1:            0
 % Cross section > 1:    0.0000000000000000        0.0000000000000000     
 Iteration  7   Mean: 0.3122E+41 Abs mean: 0.3122E+41   Fluctuation:  0.312E+41   0.160E+47    99.5%
  7    0.3122E+41 0.3122E+41 +- 0.3116E+41    714.08
 Relative summed weights:
  0.1000E+01  0.0000E+00
 Relative number of events:
  0.1000E+01  0.0000E+00
 Events:
      512000           0
 Found           59  events.
 Wrote            1  events.
 Actual xsec   8.86228632316452843E+039
 Correct abs xsec   8.86228632316452843E+039
 Event xsec   8.86228632316452843E+039
 Events wgts > 1:            0
 % Cross section > 1:    0.0000000000000000        0.0000000000000000     
 Checking number of events   5553.2858558213566                1  chi2:    533040.88662027253     
 Found           59  events.
 Wrote            1  events.
 Actual xsec   8.86228632316452843E+039
 Correct abs xsec   8.86228632316452843E+039
 Event xsec   8.86228632316452843E+039
 Events wgts > 1:            0
 % Cross section > 1:    0.0000000000000000        0.0000000000000000     
 Iteration  8   Mean: 0.2225E+40 Abs mean: 0.2225E+40   Fluctuation:  0.207E+40   0.211E+46    99.5%
  8    0.2225E+40 0.2225E+40 +- 0.2066E+40    939.60
 Relative summed weights:
  0.1000E+01  0.0000E+00
 Relative number of events:
  0.1000E+01  0.0000E+00
 Events:
     1024000           0
 Found           24  events.
 Wrote            1  events.
 Actual xsec   4.19607081322869511E+039
 Correct abs xsec   4.19607081322869511E+039
 Event xsec   4.19607081322869511E+039
 Events wgts > 1:            1
 % Cross section > 1:   1.61340443640347641E+032  3.84503624513913163E-006
 Checking number of events   5857.4679625392455                1  chi2:    316.27513133980455     
 Found           24  events.
 Wrote            1  events.
 Actual xsec   4.19607081322869511E+039
 Correct abs xsec   4.19607081322869511E+039
 Event xsec   4.19607081322869511E+039
 Events wgts > 1:            1
 % Cross section > 1:   1.61340443640347641E+032  3.84503624513913163E-006

 -------------------------------------------------------------------------------
 Accumulated results:   Integral =   +Infinity
                        Std dev  =   +Infinity
                       Cross sec =   +Infinity
             Chi**2 per DoF.     =     12.9135
 -------------------------------------------------------------------------------
-------------------------------------------------
---------------------------
 Results Last   3 iters: Integral =   0.9348E+40
                     Abs integral =   0.9348E+40
                         Std dev =   0.4858E+40
                 Chi**2 per DoF. =    316.2751
-------------------------------------------------
---------------------------

ls status:
events.lhe
ftn25
ftn26
input_sg.txt
log.txt
moffset.dat
results.dat
run1_app.log
