 Process in group number            0
 No PDF is used, alpha_s(MZ) from param_card is used
 Value of alpha_s from param_card:   0.11800000071525575     
 The default order of alpha_s running is fixed to            2
 *****************************************************
 *               MadGraph/MadEvent                   *
 *        --------------------------------           *
 *          http://madgraph.hep.uiuc.edu             *
 *          http://madgraph.phys.ucl.ac.be           *
 *          http://madgraph.roma2.infn.it            *
 *        --------------------------------           *
 *                                                   *
 *          PARAMETER AND COUPLING VALUES            *
 *                                                   *
 *****************************************************

  External Params
  ---------------------------------
  
 aEWM1 =    132.50700378417969     
 mdl_Gf =   1.16639000000000003E-005
 aS =   0.11800000071525575     
 mdl_ymb =    4.6999998092651367     
 mdl_ymt =    173.00000000000000     
 mdl_yme =   5.10999991092830896E-004
 mdl_ymm =   0.10565999895334244     
 mdl_ymtau =    1.7769999504089355     
 mdl_MZ =    91.188003540039063     
 mdl_MT =    173.00000000000000     
 mdl_MB =    4.6999998092651367     
 mdl_MH =    125.00000000000000     
 mdl_Me =   5.10999991092830896E-004
 mdl_MM =   0.10565999895334244     
 mdl_MTA =    1.7769999504089355     
 mdl_WZ =    2.4414041042327881     
 mdl_WW =    2.0476000308990479     
 mdl_WT =    1.4915000200271606     
 mdl_WH =   6.38233916833996773E-003
 mdl_WTau =   2.26999999999999982E-012
  Internal Params
  ---------------------------------
  
 mdl_conjg__CKM3x3 =    1.0000000000000000     
 mdl_CKM3x3 =    1.0000000000000000     
 mdl_conjg__CKM1x1 =    1.0000000000000000     
 mdl_complexi =  (  0.0000000000000000     ,  1.0000000000000000     )
 mdl_MZ__exp__2 =    8315.2519896181766     
 mdl_MZ__exp__4 =    69143415.650849044     
 mdl_sqrt__2 =    1.4142135623730951     
 mdl_MH__exp__2 =    15625.000000000000     
 mdl_aEW =   7.54677089845565054E-003
 mdl_MW =    80.419007276179556     
 mdl_sqrt__aEW =   8.68721526063194194E-002
 mdl_ee =   0.30795376284704501     
 mdl_MW__exp__2 =    6467.2167312862202     
 mdl_sw2 =   0.22224645274001076     
 mdl_cw =   0.88190336616887299     
 mdl_sqrt__sw2 =   0.47143022043565552     
 mdl_sw =   0.47143022043565552     
 mdl_g1 =   0.34919218438279087     
 mdl_gw =   0.65323296958447097     
 mdl_vev =    246.21845810181631     
 mdl_vev__exp__2 =    60623.529110035874     
 mdl_lam =   0.12886910601690271     
 mdl_yb =   2.69955531549349904E-002
 mdl_ye =   2.93504850670934038E-006
 mdl_ym =   6.06883028478528356E-004
 mdl_yt =   0.99366614581500645     
 mdl_ytau =   1.02066167158167895E-002
 mdl_muH =    88.388347648318444     
 mdl_I1x33 =  ( 2.69955531549349904E-002,  0.0000000000000000     )
 mdl_I2x33 =  ( 0.99366614581500645     ,  0.0000000000000000     )
 mdl_I3x33 =  ( 0.99366614581500645     ,  0.0000000000000000     )
 mdl_I4x33 =  ( 2.69955531549349904E-002,  0.0000000000000000     )
 mdl_ee__exp__2 =   9.48355200516540348E-002
 mdl_sw__exp__2 =   0.22224645274001076     
 mdl_cw__exp__2 =   0.77775354725998924     
  Internal Params evaluated point by point
  ----------------------------------------
  
 mdl_sqrt__aS =   0.34351128178744839     
 mdl_G__exp__2 =    1.4828317414825511     
  Couplings of sm-lepton_masses
  ---------------------------------
  
         GC_3 =  -0.00000E+00  -0.30795E+00
        GC_50 =  -0.00000E+00  -0.28804E+00
        GC_59 =   0.00000E+00   0.82310E-01
        GC_89 =  -0.00000E+00  -0.20754E-05

 Collider parameters:
 --------------------

 Running at e e   machine @   7.00000000000000067E-002  GeV
 PDF set = none   
 alpha_s(Mz)= 0.1180 running at 2 loops.
 alpha_s(Mz)= 0.1180 running at 2 loops.
 Renormalization scale fixed @    91.188000000000002     
 Factorization scales  fixed @    91.188000000000002        91.188000000000002     


 getting user params
Enter number of events and max and min iterations: 
 Number of events and iterations         1000           9           3
Enter desired fractional accuracy: 
 Desired fractional accuracy:  -4.17719999999999991E-053
Enter 0 for fixed, 2 for adjustable grid: 
Suppress amplitude (0 no, 1 yes)? 
 Using suppressed amplitude.
Exact helicity sum (0 yes, n = number/event)? 
 Explicitly summing over helicities
Enter Configuration Number: 
Running Configuration Number:    4
 Not subdividing B.W.
 Attempting mappinvarients           1           4
 Completed mapping           4
 about to integrate            2        1000           9           3           2           1
 Keeping grid fixed.
  2 dimensions   1000 events  2 invarients  9 iterations  1 config(s),  (0.99)
 Using h-tuple random number sequence.
 Grid read from file
 Grid defined OK
 Set CM energy to          0.07
 Mapping Graph           4  to config           4
 No modification is setgrid, grid read from file
 Masses: 0.511E-03 0.511E-03 0.511E-03 0.511E-03
   4   1   2
 Got moffset           9
Using random seed offsets     4 :      1
  with seed                   30
 Ranmar initialization seeds        8295        7737
  Particle       3       4
      Et >     0.0     0.0
       E >     0.0     0.0
     Eta <    -1.0    -1.0
   xqcut:      0.0     0.0
d R # 3  >    -0.0     0.4
s min # 3>     0.0     0.0
xqcutij # 3>     0.0     0.0
 alpha_s for scale    91.188000000000002       is   0.11800000071525575     
 Added good helicity            1   4.0000000000007399       in event            1
 Added good helicity            6   3.9999999999992606       in event            1
 Added good helicity           11   3.9999999999992606       in event            1
 Added good helicity           16   4.0000000000007399       in event            1
 Iteration  1   Mean: 0.5323E+55 Abs mean: 0.5323E+55   Fluctuation:  0.449E+55   0.443E+58   100.0%
  1    0.5323E+55 0.5323E+55 +- 0.4492E+55     26.69
 Writing out events  5.91401514568749386E+050   26.688299987715638     
 Relative summed weights:
  0.1000E+01  0.0000E+00
 Relative number of events:
  0.1000E+01  0.0000E+00
 Events:
        1000           0
 Error in matrix element
 Error in matrix element
 Iteration  2   Mean: 0.2418E+56 Abs mean: 0.2418E+56   Fluctuation:  0.241E+56   0.482E+59    99.9%
  2    0.2418E+56 0.2418E+56 +- 0.2412E+56     44.61
 Relative summed weights:
  0.1000E+01  0.0000E+00
 Relative number of events:
  0.1000E+01  0.0000E+00
 Events:
        2000           0
 Iteration  3   Mean: 0.2272E+56 Abs mean: 0.2272E+56   Fluctuation:  0.184E+56   0.713E+59   100.0%
  3    0.2272E+56 0.2272E+56 +- 0.1844E+56     51.31
 Relative summed weights:
  0.1000E+01  0.0000E+00
 Relative number of events:
  0.1000E+01  0.0000E+00
 Events:
        4000           0
 Found            8  events.
 Wrote            1  events.
 Actual xsec   1.68781762451906040E+055
 Correct abs xsec   1.68781762451906040E+055
 Event xsec   1.68781762451906040E+055
 Events wgts > 1:            1
 % Cross section > 1:   1.60585538729261028E+048  9.51438925606784639E-006
 Checking number of events   705.03517811410188                1  chi2:    3.4048508711393048     
 Found            8  events.
 Wrote            1  events.
 Actual xsec   1.68781762451906040E+055
 Correct abs xsec   1.68781762451906040E+055
 Event xsec   1.68781762451906040E+055
 Events wgts > 1:            1
 % Cross section > 1:   1.60585538729261028E+048  9.51438925606784639E-006
 Error in matrix element
 Iteration  4   Mean: 0.2107E+57 Abs mean: 0.2107E+57   Fluctuation:  0.152E+57   0.104E+61   100.0%
  4    0.2107E+57 0.2107E+57 +- 0.1525E+57     64.72
 Relative summed weights:
  0.1000E+01  0.0000E+00
 Relative number of events:
  0.1000E+01  0.0000E+00
 Events:
        8000           0
 Found           12  events.
 Wrote            1  events.
 Actual xsec   1.04018741007386589E+056
 Correct abs xsec   1.04018741007386589E+056
 Event xsec   1.04018741007386589E+056
 Events wgts > 1:            0
 % Cross section > 1:    0.0000000000000000        0.0000000000000000     
 Checking number of events   4345.0708493605525                1  chi2:    15.444467874070044     
 Found           12  events.
 Wrote            2  events.
 Actual xsec   1.04018741007386589E+056
 Correct abs xsec   1.04018741007386589E+056
 Event xsec   1.04018741007386589E+056
 Events wgts > 1:            0
 % Cross section > 1:    0.0000000000000000        0.0000000000000000     
 Error in matrix element
 Error in matrix element
 Error in matrix element
 Error in matrix element
 Iteration  5   Mean: 0.4873E+56 Abs mean: 0.4873E+56   Fluctuation:  0.383E+56   0.602E+60   100.0%
  5    0.4873E+56 0.4873E+56 +- 0.3830E+56     99.42
 Relative summed weights:
  0.1000E+01  0.0000E+00
 Relative number of events:
  0.1000E+01  0.0000E+00
 Events:
       16000           0
 Found           11  events.
 Wrote            2  events.
 Actual xsec   1.02186540227710914E+056
 Correct abs xsec   1.02186540227710914E+056
 Event xsec   1.02186540227710914E+056
 Events wgts > 1:            0
 % Cross section > 1:    0.0000000000000000        0.0000000000000000     
 Checking number of events   4268.5361583919403                2  chi2:    10.516347227716951     
 Found           11  events.
 Wrote            1  events.
 Actual xsec   1.02186540227710914E+056
 Correct abs xsec   1.02186540227710914E+056
 Event xsec   1.02186540227710914E+056
 Events wgts > 1:            0
 % Cross section > 1:    0.0000000000000000        0.0000000000000000     
 Error in matrix element
 Error in matrix element
 Error in matrix element
 Iteration  6   Mean: 0.1124E+57 Abs mean: 0.1124E+57   Fluctuation:  0.524E+56   0.892E+60   100.0%
  6    0.1124E+57 0.1124E+57 +- 0.5236E+56     83.36
 Relative summed weights:
  0.1000E+01  0.0000E+00
 Relative number of events:
  0.1000E+01  0.0000E+00
 Events:
       32000           0
 Found           29  events.
 Wrote            4  events.
 Actual xsec   1.22791696288935197E+056
 Correct abs xsec   1.22791696288935197E+056
 Event xsec   1.22791696288935197E+056
 Events wgts > 1:            1
 % Cross section > 1:   1.01883134457866489E+054  0.82972332443498642     
 Checking number of events   5129.2547373814014                4  chi2:    2.0555818257442602     
 Found           29  events.
 Wrote            4  events.
 Actual xsec   1.22791696288935197E+056
 Correct abs xsec   1.22791696288935197E+056
 Event xsec   1.22791696288935197E+056
 Events wgts > 1:            1
 % Cross section > 1:   1.01883134457866489E+054  0.82972332443498642     
 Error in matrix element
 Error in matrix element
 Error in matrix element
 Error in matrix element
 Error in matrix element
 Iteration  7   Mean: 0.8846E+56 Abs mean: 0.8846E+56   Fluctuation:  0.288E+56   0.118E+61   100.0%
  7    0.8846E+56 0.8846E+56 +- 0.2879E+56     82.34
 Relative summed weights:
  0.1000E+01  0.0000E+00
 Relative number of events:
  0.1000E+01  0.0000E+00
 Events:
       64000           0
 Found           55  events.
 Wrote            4  events.
 Actual xsec   9.13830142368371361E+055
 Correct abs xsec   9.13830142368371361E+055
 Event xsec   9.13830142368371470E+055
 Events wgts > 1:            1
 % Cross section > 1:   1.08236961723378848E+049  1.18443194971509008E-005
 Checking number of events   3817.2512707011606                4  chi2:   0.70549468636947676     
 Found           55  events.
 Wrote            2  events.
 Actual xsec   9.13830142368371361E+055
 Correct abs xsec   9.13830142368371361E+055
 Event xsec   9.13830142368371470E+055
 Events wgts > 1:            1
 % Cross section > 1:   2.16473897803078524E+049  2.36886361881261233E-005
 Error in matrix element
 Error in matrix element
 Error in matrix element
 Error in matrix element
 Error in matrix element
 Error in matrix element
 Error in matrix element
 Error in matrix element
 Iteration  8   Mean: 0.1009E+57 Abs mean: 0.1009E+57   Fluctuation:  0.246E+56   0.126E+61   100.0%
  8    0.1009E+57 0.1009E+57 +- 0.2461E+56     87.25
 Relative summed weights:
  0.1000E+01  0.0000E+00
 Relative number of events:
  0.1000E+01  0.0000E+00
 Events:
      128000           0
 Found           83  events.
 Wrote            9  events.
 Actual xsec   9.88063939960747433E+055
 Correct abs xsec   9.88063939960747433E+055
 Event xsec   9.88063939960747433E+055
 Events wgts > 1:            2
 % Cross section > 1:   6.97659326089676783E+053  0.70608722560747694     
 Checking number of events   4127.3406900040345                9  chi2:   0.10169053320289340     
 Found           83  events.
 Wrote           10  events.
 Actual xsec   9.88063939960747433E+055
 Correct abs xsec   9.88063939960747433E+055
 Event xsec   9.88063939960747215E+055
 Events wgts > 1:            2
 % Cross section > 1:   6.28337054248088806E+053  0.63592752334737634     
 Error in matrix element
 Error in matrix element
 Error in matrix element
 Error in matrix element
 Error in matrix element
 Error in matrix element
 Error in matrix element
 Error in matrix element
 Error in matrix element
 Error in matrix element
 Error in matrix element
 Error in matrix element
 Error in matrix element
 Error in matrix element
 Error in matrix element
 Error in matrix element
 Error in matrix element
 Error in matrix element
 Error in matrix element
 Iteration  9   Mean: 0.1214E+57 Abs mean: 0.1214E+57   Fluctuation:  0.234E+56   0.284E+61   100.0%
  9    0.1214E+57 0.1214E+57 +- 0.2338E+56     97.47
 Relative summed weights:
  0.1000E+01  0.0000E+00
 Relative number of events:
  0.1000E+01  0.0000E+00
 Events:
      256000           0
 Found          174  events.
 Wrote           12  events.
 Actual xsec   1.09057189946940935E+056
 Correct abs xsec   1.09057189946940935E+056
 Event xsec   1.09057189946940913E+056
 Events wgts > 1:            0
 % Cross section > 1:    0.0000000000000000        0.0000000000000000     
 Checking number of events   4555.5369384636169               12  chi2:   0.44929344867621729     
 Found          174  events.
 Wrote           14  events.
 Actual xsec   1.09057189946940935E+056
 Correct abs xsec   1.09057189946940935E+056
 Event xsec   1.09057189946940891E+056
 Events wgts > 1:            0
 % Cross section > 1:    0.0000000000000000        0.0000000000000000     

 -------------------------------------------------------------------------------
 Accumulated results:   Integral =   +Infinity
                        Std dev  =   +Infinity
                       Cross sec =   +Infinity
             Chi**2 per DoF.     =      0.7631
 -------------------------------------------------------------------------------
-------------------------------------------------
---------------------------
 Results Last   3 iters: Integral =   0.1091E+57
                     Abs integral =   0.1091E+57
                          Std dev =   0.1495E+56
                  Chi**2 per DoF. =      0.4493
-------------------------------------------------
---------------------------
 Status -4.17719999999999991E-053          10           9
 Trying w/ fresh grid
 Starting w/ ncall =         4000
 Keeping grid fixed.
  2 dimensions   4000 events  2 invarients  8 iterations  1 config(s),  (0.99)
 Using h-tuple random number sequence.
 Error opening grid
 Using Uniform Grid!
 Using uniform alpha   1.0000000000000000     
 Grid defined OK
Setting grid   1    0.53290E-04   1
 Iteration  1   Mean: 0.4960E+27 Abs mean: 0.4960E+27   Fluctuation:  0.336E+27   0.123E+31   100.0%
  1    0.4960E+27 0.4960E+27 +- 0.3360E+27     42.84
 Relative summed weights:
  0.1000E+01  0.0000E+00
 Relative number of events:
  0.1000E+01  0.0000E+00
 Events:
        4000           0
 Iteration  2   Mean: 0.2037E+35 Abs mean: 0.2037E+35   Fluctuation:  0.199E+35   0.159E+39   100.0%
  2    0.2037E+35 0.2037E+35 +- 0.1993E+35     87.51
 Relative summed weights:
  0.1000E+01  0.0000E+00
 Relative number of events:
  0.1000E+01  0.0000E+00
 Events:
        8000           0
 Iteration  3   Mean: 0.1285E+43 Abs mean: 0.1285E+43   Fluctuation:  0.117E+43   0.186E+47   100.0%
  3    0.1285E+43 0.1285E+43 +- 0.1170E+43    115.21
 Relative summed weights:
  0.1000E+01  0.0000E+00
 Relative number of events:
  0.1000E+01  0.0000E+00
 Events:
       16000           0
 Found           55  events.
 Wrote            1  events.
 Actual xsec   3.49702799284157925E+041
 Correct abs xsec   3.49702799284157925E+041
 Event xsec   3.49702799284157925E+041
 Events wgts > 1:            1
 % Cross section > 1:   1.29348780153065948E+034  3.69882026731965117E-006
 Checking number of events  1.46077853316978450E-011           1  chi2:   5.41639637629394748E+029
 Found           55  events.
 Wrote            2  events.
 Actual xsec   3.49702799284157925E+041
 Correct abs xsec   3.49702799284157925E+041
 Event xsec   3.49702799284157925E+041
 Events wgts > 1:            1
 % Cross section > 1:   6.46743916239580233E+033  1.84941017790954440E-006
 Iteration  4   Mean: 0.2222E+46 Abs mean: 0.2222E+46   Fluctuation:  0.222E+46   0.710E+50   100.0%
  4    0.2222E+46 0.2222E+46 +- 0.2219E+46    178.62
 Relative summed weights:
  0.1000E+01  0.0000E+00
 Relative number of events:
  0.1000E+01  0.0000E+00
 Events:
       32000           0
 Found           21  events.
 Wrote            1  events.
 Actual xsec   6.85547218888217891E+044
 Correct abs xsec   6.85547218888217891E+044
 Event xsec   6.85547218888217891E+044
 Events wgts > 1:            0
 % Cross section > 1:    0.0000000000000000        0.0000000000000000     
 Checking number of events  2.86366784273986376E-008           1  chi2:   5.91704139693898990E+020
 Found           21  events.
 Wrote            1  events.
 Actual xsec   6.85547218888217891E+044
 Correct abs xsec   6.85547218888217891E+044
 Event xsec   6.85547218888217891E+044
 Events wgts > 1:            0
 % Cross section > 1:    0.0000000000000000        0.0000000000000000     
 Iteration  5   Mean: 0.1797E+48 Abs mean: 0.1797E+48   Fluctuation:  0.143E+48   0.870E+52   100.0%
  5    0.1797E+48 0.1797E+48 +- 0.1426E+48    200.70
 Relative summed weights:
  0.1000E+01  0.0000E+00
 Relative number of events:
  0.1000E+01  0.0000E+00
 Events:
       64000           0
 Found           43  events.
 Wrote            1  events.
 Actual xsec   7.57903775787635969E+046
 Correct abs xsec   7.57903775787635969E+046
 Event xsec   7.57903775787635969E+046
 Events wgts > 1:            1
 % Cross section > 1:   2.89969557986795282E+039  3.82594159377884560E-006
 Checking number of events  3.16591565222011302E-006           1  chi2:    2096792641.2695394     
 Found           43  events.
 Wrote            1  events.
 Actual xsec   7.57903775787635969E+046
 Correct abs xsec   7.57903775787635969E+046
 Event xsec   7.57903775787635969E+046
 Events wgts > 1:            1
 % Cross section > 1:   2.89969557986795282E+039  3.82594159377884560E-006
 Fixing grid
 Iteration  6   Mean: 0.2917E+55 Abs mean: 0.2917E+55   Fluctuation:  0.292E+55   0.373E+60   100.0%
  6    0.2917E+55 0.2917E+55 +- 0.2917E+55    357.72
 Relative summed weights:
  0.1000E+01  0.0000E+00
 Relative number of events:
  0.1000E+01  0.0000E+00
 Events:
      128000           0
 Found          287  events.
 Wrote            1  events.
 Actual xsec   8.12396705256940740E+053
 Correct abs xsec   8.12396705256940740E+053
 Event xsec   8.12396705256940740E+053
 Events wgts > 1:            0
 % Cross section > 1:    0.0000000000000000        0.0000000000000000     
 Checking number of events   33.935435171992928                1  chi2:    67045233909040744.     
 Found          287  events.
 Wrote            1  events.
 Actual xsec   8.12396705256940740E+053
 Correct abs xsec   8.12396705256940740E+053
 Event xsec   8.12396705256940740E+053
 Events wgts > 1:            0
 % Cross section > 1:    0.0000000000000000        0.0000000000000000     
 Iteration  7   Mean: 0.2521E+56 Abs mean: 0.2521E+56   Fluctuation:  0.234E+56   0.597E+61   100.0%
  7    0.2521E+56 0.2521E+56 +- 0.2338E+56    469.29
 Relative summed weights:
  0.1000E+01  0.0000E+00
 Relative number of events:
  0.1000E+01  0.0000E+00
 Events:
      256000           0
 Found           14  events.
 Wrote            1  events.
 Actual xsec   8.58936338921357485E+054
 Correct abs xsec   8.58936338921357485E+054
 Event xsec   8.58936338921357485E+054
 Events wgts > 1:            1
 % Cross section > 1:   1.03425269202659029E+048  1.20410866924712140E-005
 Checking number of events   358.79488749422944                1  chi2:    1814283641290935.5     
 Found           14  events.
 Wrote            1  events.
 Actual xsec   8.58936338921357485E+054
 Correct abs xsec   8.58936338921357485E+054
 Event xsec   8.58936338921357485E+054
 Events wgts > 1:            1
 % Cross section > 1:   1.03425269202659029E+048  1.20410866924712140E-005
 Iteration  8   Mean: 0.2737E+57 Abs mean: 0.2737E+57   Fluctuation:  0.271E+57   0.139E+63   100.0%
  8    0.2737E+57 0.2737E+57 +- 0.2708E+57    707.87
 Relative summed weights:
  0.1000E+01  0.0000E+00
 Relative number of events:
  0.1000E+01  0.0000E+00
 Events:
      512000           0
 Found           14  events.
 Wrote            1  events.
 Actual xsec   1.22868972060232138E+056
 Correct abs xsec   1.22868972060232138E+056
 Event xsec   1.22868972060232138E+056
 Events wgts > 1:            1
 % Cross section > 1:   5.13195622299678132E+048  4.17677151273066965E-006
 Checking number of events   4091.3031522353954                1  chi2:    535.71945630521327     
 Found           14  events.
 Wrote            1  events.
 Actual xsec   1.22868972060232138E+056
 Correct abs xsec   1.22868972060232138E+056
 Event xsec   1.22868972060232138E+056
 Events wgts > 1:            1
 % Cross section > 1:   5.13195622299678132E+048  4.17677151273066965E-006

 -------------------------------------------------------------------------------
 Accumulated results:   Integral =   +Infinity
                        Std dev  =   +Infinity
                       Cross sec =   +Infinity
             Chi**2 per DoF.     =     10.3651
 -------------------------------------------------------------------------------
-------------------------------------------------
---------------------------
 Results Last   3 iters: Integral =   0.9794E+56
                     Abs integral =   0.9794E+56
                         Std dev =   0.5489E+56
                 Chi**2 per DoF. =    535.7195
-------------------------------------------------
---------------------------

ls status:
events.lhe
ftn25
ftn26
input_sg.txt
log.txt
moffset.dat
results.dat
run1_app.log
