 Process in group number            0
 No PDF is used, alpha_s(MZ) from param_card is used
 Value of alpha_s from param_card:   0.11800000071525575     
 The default order of alpha_s running is fixed to            2
 *****************************************************
 *               MadGraph/MadEvent                   *
 *        --------------------------------           *
 *          http://madgraph.hep.uiuc.edu             *
 *          http://madgraph.phys.ucl.ac.be           *
 *          http://madgraph.roma2.infn.it            *
 *        --------------------------------           *
 *                                                   *
 *          PARAMETER AND COUPLING VALUES            *
 *                                                   *
 *****************************************************

  External Params
  ---------------------------------
  
 aEWM1 =    132.50700378417969     
 mdl_Gf =   1.16639000000000003E-005
 aS =   0.11800000071525575     
 mdl_ymb =    4.6999998092651367     
 mdl_ymt =    173.00000000000000     
 mdl_yme =   5.10999991092830896E-004
 mdl_ymm =   0.10565999895334244     
 mdl_ymtau =    1.7769999504089355     
 mdl_MZ =    91.188003540039063     
 mdl_MT =    173.00000000000000     
 mdl_MB =    4.6999998092651367     
 mdl_MH =    125.00000000000000     
 mdl_Me =   5.10999991092830896E-004
 mdl_MM =   0.10565999895334244     
 mdl_MTA =    1.7769999504089355     
 mdl_WZ =    2.4414041042327881     
 mdl_WW =    2.0476000308990479     
 mdl_WT =    1.4915000200271606     
 mdl_WH =   6.38233916833996773E-003
 mdl_WTau =   2.26999999999999982E-012
  Internal Params
  ---------------------------------
  
 mdl_conjg__CKM3x3 =    1.0000000000000000     
 mdl_CKM3x3 =    1.0000000000000000     
 mdl_conjg__CKM1x1 =    1.0000000000000000     
 mdl_complexi =  (  0.0000000000000000     ,  1.0000000000000000     )
 mdl_MZ__exp__2 =    8315.2519896181766     
 mdl_MZ__exp__4 =    69143415.650849044     
 mdl_sqrt__2 =    1.4142135623730951     
 mdl_MH__exp__2 =    15625.000000000000     
 mdl_aEW =   7.54677089845565054E-003
 mdl_MW =    80.419007276179556     
 mdl_sqrt__aEW =   8.68721526063194194E-002
 mdl_ee =   0.30795376284704501     
 mdl_MW__exp__2 =    6467.2167312862202     
 mdl_sw2 =   0.22224645274001076     
 mdl_cw =   0.88190336616887299     
 mdl_sqrt__sw2 =   0.47143022043565552     
 mdl_sw =   0.47143022043565552     
 mdl_g1 =   0.34919218438279087     
 mdl_gw =   0.65323296958447097     
 mdl_vev =    246.21845810181631     
 mdl_vev__exp__2 =    60623.529110035874     
 mdl_lam =   0.12886910601690271     
 mdl_yb =   2.69955531549349904E-002
 mdl_ye =   2.93504850670934038E-006
 mdl_ym =   6.06883028478528356E-004
 mdl_yt =   0.99366614581500645     
 mdl_ytau =   1.02066167158167895E-002
 mdl_muH =    88.388347648318444     
 mdl_I1x33 =  ( 2.69955531549349904E-002,  0.0000000000000000     )
 mdl_I2x33 =  ( 0.99366614581500645     ,  0.0000000000000000     )
 mdl_I3x33 =  ( 0.99366614581500645     ,  0.0000000000000000     )
 mdl_I4x33 =  ( 2.69955531549349904E-002,  0.0000000000000000     )
 mdl_ee__exp__2 =   9.48355200516540348E-002
 mdl_sw__exp__2 =   0.22224645274001076     
 mdl_cw__exp__2 =   0.77775354725998924     
  Internal Params evaluated point by point
  ----------------------------------------
  
 mdl_sqrt__aS =   0.34351128178744839     
 mdl_G__exp__2 =    1.4828317414825511     
  Couplings of sm-lepton_masses
  ---------------------------------
  
         GC_3 =  -0.00000E+00  -0.30795E+00
        GC_50 =  -0.00000E+00  -0.28804E+00
        GC_59 =   0.00000E+00   0.82310E-01
        GC_89 =  -0.00000E+00  -0.20754E-05

 Collider parameters:
 --------------------

 Running at e e   machine @   7.14879999999999960E-002  GeV
 PDF set = none   
 alpha_s(Mz)= 0.1180 running at 2 loops.
 alpha_s(Mz)= 0.1180 running at 2 loops.
 Renormalization scale fixed @    91.188000000000002     
 Factorization scales  fixed @    91.188000000000002        91.188000000000002     


 getting user params
Enter number of events and max and min iterations: 
 Number of events and iterations         2000           9           3
Enter desired fractional accuracy: 
 Desired fractional accuracy:  -5.74259999999999987E-006
Enter 0 for fixed, 2 for adjustable grid: 
Suppress amplitude (0 no, 1 yes)? 
 Using suppressed amplitude.
Exact helicity sum (0 yes, n = number/event)? 
 Explicitly summing over helicities
Enter Configuration Number: 
Running Configuration Number:   13
 Not subdividing B.W.
 Attempting mappinvarients           1           5
 Completed mapping           5
 about to integrate            5        2000           9           3           5           1
 Using non-zero grid deformation.
  5 dimensions   2000 events  5 invarients  9 iterations  1 config(s),  (0.99)
 Using h-tuple random number sequence.
 Error opening grid
 Using Uniform Grid!
 Using uniform alpha   1.0000000000000000     
 Grid defined OK
 Set CM energy to          0.07
 Mapping Graph          13  to config          13
Setting grid   1    0.51095E-04   1
Setting grid   2    0.17611E-04   1
 Masses: 0.511E-03 0.511E-03 0.000E+00 0.511E-03 0.511E-03
  13   1   2   3   4   5
 Got moffset           2
Using random seed offsets    13 :      1
  with seed                   87
 Ranmar initialization seeds       17625       15778
  Particle       3       4       5
      Et >     0.0     0.0     0.0
       E >     0.0     0.0     0.0
     Eta <    -1.0    -1.0    -1.0
   xqcut:      0.0     0.0     0.0
d R # 3  >    -0.0     0.0     0.0
d R # 4  >    -0.0    -0.0     0.0
s min # 3>     0.0     0.0     0.0
s min # 4>     0.0     0.0     0.0
xqcutij # 3>     0.0     0.0     0.0
xqcutij # 4>     0.0     0.0     0.0
 alpha_s for scale    91.188000000000002       is   0.11800000071525575     
 Added good helicity            1   8.0953768568752995       in event            1
 Added good helicity            2  0.48966493528086874       in event            1
 Added good helicity            3  6.32158940848475911E-005  in event            1
 Added good helicity            5  2.31481344010620380E-004  in event            1
 Added good helicity            6  2.88757516134018378E-005  in event            1
 Added good helicity            9  3.05413611890154008E-005  in event            1
 Added good helicity           10  2.48556792317018997E-004  in event            1
 Added good helicity           13  0.51912814059334811       in event            1
 Added good helicity           14   6.8951282844471349       in event            1
 Added good helicity           15  9.86199801511326325E-005  in event            1
 Added good helicity           18  9.86199801248354986E-005  in event            1
 Added good helicity           19   6.8951282853857094       in event            1
 Added good helicity           20  0.51912814066280843       in event            1
 Added good helicity           23  2.48556792348994938E-004  in event            1
 Added good helicity           24  3.05413611929462097E-005  in event            1
 Added good helicity           27  2.88757516135342562E-005  in event            1
 Added good helicity           28  2.31481344010946101E-004  in event            1
 Added good helicity           30  6.32158941482910229E-005  in event            1
 Added good helicity           31  0.48966493528909910       in event            1
 Added good helicity           32   8.0953768567909101       in event            1
 Added good helicity            7  8.48626282507431751E-006  in event            2
 Added good helicity           11  1.57388723618126009E-004  in event            2
 Added good helicity           22  1.57388723626329489E-004  in event            2
 Added good helicity           26  8.48626283227529357E-006  in event            2
 Added good helicity           12  1.01390428889247935E-005  in event            3
 Added good helicity           16  7.59161140799027369E-006  in event            3
 Added good helicity           17  7.59161337410764338E-006  in event            3
 Added good helicity           21  1.01390465131296167E-005  in event            3
 Added good helicity            4  1.48902800995085453E-006  in event           17
 Added good helicity           29  1.48902809362571764E-006  in event           17
 Iteration  1   Mean: 0.1783E+10 Abs mean: 0.1783E+10   Fluctuation:  0.123E+10   0.242E+13    74.3%
  1    0.1783E+10 0.1783E+10 +- 0.1234E+10     30.96
 Writing out events   133302.57769587252        30.964355750406536     
 Relative summed weights:
  0.1000E+01  0.0000E+00
 Relative number of events:
  0.1000E+01  0.0000E+00
 Events:
        2000           0
 Iteration  2   Mean: 0.2433E+10 Abs mean: 0.2433E+10   Fluctuation:  0.968E+09   0.292E+13    85.9%
  2    0.2433E+10 0.2433E+10 +- 0.9685E+09     25.18
 Relative summed weights:
  0.1000E+01  0.0000E+00
 Relative number of events:
  0.1000E+01  0.0000E+00
 Events:
        4000           0
 Iteration  3   Mean: 0.1553E+10 Abs mean: 0.1553E+10   Fluctuation:  0.809E+08   0.252E+12    84.5%
  3    0.1553E+10 0.1553E+10 +- 0.8093E+08      4.66
 Relative summed weights:
  0.1000E+01  0.0000E+00
 Relative number of events:
  0.1000E+01  0.0000E+00
 Events:
        8000           0
 Found          480  events.
 Wrote           45  events.
 Actual xsec    1569045729.7445624     
 Correct abs xsec    1569045729.7445624     
 Event xsec    1569045729.7445602     
 Events wgts > 1:            2
 % Cross section > 1:    14625255.384186961       0.93211148068756067     
 Checking number of events   9010.4020076311244               45  chi2:   0.43236814512227240     
 Found          480  events.
 Wrote           75  events.
 Actual xsec    1569045729.7445624     
 Correct abs xsec    1569045729.7445624     
 Event xsec    1569045729.7445607     
 Events wgts > 1:            2
 % Cross section > 1:    8807993.3574333005       0.56135988839963480     
 Iteration  4   Mean: 0.1590E+10 Abs mean: 0.1590E+10   Fluctuation:  0.261E+08   0.666E+11    79.6%
  4    0.1590E+10 0.1590E+10 +- 0.2609E+08      2.08
 Relative summed weights:
  0.1000E+01  0.0000E+00
 Relative number of events:
  0.1000E+01  0.0000E+00
 Events:
       16000           0
 Found         1885  events.
 Wrote          768  events.
 Actual xsec    1588145107.4375100     
 Correct abs xsec    1588145107.4375100     
 Event xsec    1588145107.4375253     
 Events wgts > 1:           23
 % Cross section > 1:    15422637.549231263       0.97111010051944902     
 Checking number of events   9120.0820939706446              768  chi2:   0.47761891022868436     
 Found         1885  events.
 Wrote          789  events.
 Actual xsec    1588145107.4375100     
 Correct abs xsec    1588145107.4375100     
 Event xsec    1588145107.4375484     
 Events wgts > 1:           23
 % Cross section > 1:    15016030.296241563       0.94550744928275055     
 Iteration  5   Mean: 0.1665E+10 Abs mean: 0.1665E+10   Fluctuation:  0.129E+08   0.470E+11    79.5%
  5    0.1665E+10 0.1665E+10 +- 0.1292E+08      1.39
 Relative summed weights:
  0.1000E+01  0.0000E+00
 Relative number of events:
  0.1000E+01  0.0000E+00
 Events:
       32000           0
 Found         4186  events.
 Wrote         4037  events.
 Actual xsec    1649365419.5930951     
 Correct abs xsec    1649365419.5930951     
 Event xsec    1649365419.5932024     
 Events wgts > 1:          137
 % Cross section > 1:    16452728.373505719       0.99751869282936712     
 Checking number of events   9471.6458585553082             4037  chi2:    3.9892243209083698     
 Found         4186  events.
 Wrote         4037  events.
 Actual xsec    1649365419.5930951     
 Correct abs xsec    1649365419.5930951     
 Event xsec    1649365419.5932024     
 Events wgts > 1:          137
 % Cross section > 1:    16452728.373505719       0.99751869282936712     
 Iteration  6   Mean: 0.1647E+10 Abs mean: 0.1647E+10   Fluctuation:  0.730E+07   0.287E+11    78.1%
  6    0.1647E+10 0.1647E+10 +- 0.7298E+07      1.12
 Relative summed weights:
  0.1000E+01  0.0000E+00
 Relative number of events:
  0.1000E+01  0.0000E+00
 Events:
       64000           0
 Found         8040  events.
 Wrote         8036  events.
 Actual xsec    1648272183.7771502     
 Correct abs xsec    1648272183.7771502     
 Event xsec    1648272183.7773058     
 Events wgts > 1:           58
 % Cross section > 1:    2639093.7589836456       0.16011274017472635     
 Checking number of events   9465.3678425586622             8036  chi2:    3.3029079130686272     
 Found         8040  events.
 Wrote         8036  events.
 Actual xsec    1648272183.7771502     
 Correct abs xsec    1648272183.7771502     
 Event xsec    1648272183.7773058     
 Events wgts > 1:           58
 % Cross section > 1:    2639093.7589836456       0.16011274017472635     
 Iteration  7   Mean: 0.1654E+10 Abs mean: 0.1654E+10   Fluctuation:  0.458E+07   0.287E+11    77.5%
  7    0.1654E+10 0.1654E+10 +- 0.4581E+07      0.99
 Relative summed weights:
  0.1000E+01  0.0000E+00
 Relative number of events:
  0.1000E+01  0.0000E+00
 Events:
      128000           0
 Found        16643  events.
 Wrote        16639  events.
 Actual xsec    1653363062.4766963     
 Correct abs xsec    1653363062.4766963     
 Event xsec    1653363062.4767842     
 Events wgts > 1:           39
 % Cross section > 1:    1434133.6310122665       8.67403937804134967E-002
 Checking number of events   9494.6027225786765            16639  chi2:   0.77488014828531004     

 -------------------------------------------------------------------------------
 Accumulated results:   Integral =  0.1652E+10
                        Std dev  =  0.3676E+07
                       Cross sec =  0.1606E+01
             Chi**2 per DoF.     =
-------------------------------------------------
---------------------------
 Results Last   3 iters: Integral =   0.1653E+10
                     Abs integral =   0.1653E+10
                          Std dev =   0.3716E+07
                  Chi**2 per DoF. =      0.7749
-------------------------------------------------
---------------------------
 Status -5.74259999999999987E-006           8           9
 We found enough events       16639   9494.6027225786765     

ls status:
events.lhe
ftn25
ftn26
input_sg.txt
moffset.dat
results.dat
run_01_ftn26.gz
run_01_log.txt
run_01_results.dat
run_02_ftn26.gz
run_02_log.txt
run_02_results.dat
run1_app.log
