 Process in group number            0
 No PDF is used, alpha_s(MZ) from param_card is used
 Value of alpha_s from param_card:   0.11800000071525575     
 The default order of alpha_s running is fixed to            2
 Warning: pt or E min of a gamma should in general be >0
 Warning: pt or E min of a gamma should in general be >0
 Warning: pt or E min of a gamma should in general be >0
 *****************************************************
 *               MadGraph/MadEvent                   *
 *        --------------------------------           *
 *          http://madgraph.hep.uiuc.edu             *
 *          http://madgraph.phys.ucl.ac.be           *
 *          http://madgraph.roma2.infn.it            *
 *        --------------------------------           *
 *                                                   *
 *          PARAMETER AND COUPLING VALUES            *
 *                                                   *
 *****************************************************

  External Params
  ---------------------------------
  
 aEWM1 =    132.50700378417969     
 mdl_Gf =   1.16639000000000003E-005
 aS =   0.11800000071525575     
 mdl_ymb =    4.6999998092651367     
 mdl_ymt =    173.00000000000000     
 mdl_yme =   5.10999991092830896E-004
 mdl_ymm =   0.10565999895334244     
 mdl_ymtau =    1.7769999504089355     
 mdl_MZ =    91.188003540039063     
 mdl_MT =    173.00000000000000     
 mdl_MB =    4.6999998092651367     
 mdl_MH =    125.00000000000000     
 mdl_Me =   5.10999991092830896E-004
 mdl_MM =   0.10565999895334244     
 mdl_MTA =    1.7769999504089355     
 mdl_WZ =    2.4414041042327881     
 mdl_WW =    2.0476000308990479     
 mdl_WT =    1.4915000200271606     
 mdl_WH =   6.38233916833996773E-003
 mdl_WTau =   2.26999999999999982E-012
  Internal Params
  ---------------------------------
  
 mdl_conjg__CKM3x3 =    1.0000000000000000     
 mdl_CKM3x3 =    1.0000000000000000     
 mdl_conjg__CKM1x1 =    1.0000000000000000     
 mdl_complexi =  (  0.0000000000000000     ,  1.0000000000000000     )
 mdl_MZ__exp__2 =    8315.2519896181766     
 mdl_MZ__exp__4 =    69143415.650849044     
 mdl_sqrt__2 =    1.4142135623730951     
 mdl_MH__exp__2 =    15625.000000000000     
 mdl_aEW =   7.54677089845565054E-003
 mdl_MW =    80.419007276179556     
 mdl_sqrt__aEW =   8.68721526063194194E-002
 mdl_ee =   0.30795376284704501     
 mdl_MW__exp__2 =    6467.2167312862202     
 mdl_sw2 =   0.22224645274001076     
 mdl_cw =   0.88190336616887299     
 mdl_sqrt__sw2 =   0.47143022043565552     
 mdl_sw =   0.47143022043565552     
 mdl_g1 =   0.34919218438279087     
 mdl_gw =   0.65323296958447097     
 mdl_vev =    246.21845810181631     
 mdl_vev__exp__2 =    60623.529110035874     
 mdl_lam =   0.12886910601690271     
 mdl_yb =   2.69955531549349904E-002
 mdl_ye =   2.93504850670934038E-006
 mdl_ym =   6.06883028478528356E-004
 mdl_yt =   0.99366614581500645     
 mdl_ytau =   1.02066167158167895E-002
 mdl_muH =    88.388347648318444     
 mdl_I1x33 =  ( 2.69955531549349904E-002,  0.0000000000000000     )
 mdl_I2x33 =  ( 0.99366614581500645     ,  0.0000000000000000     )
 mdl_I3x33 =  ( 0.99366614581500645     ,  0.0000000000000000     )
 mdl_I4x33 =  ( 2.69955531549349904E-002,  0.0000000000000000     )
 mdl_ee__exp__2 =   9.48355200516540348E-002
 mdl_sw__exp__2 =   0.22224645274001076     
 mdl_cw__exp__2 =   0.77775354725998924     
  Internal Params evaluated point by point
  ----------------------------------------
  
 mdl_sqrt__aS =   0.34351128178744839     
 mdl_G__exp__2 =    1.4828317414825511     
  Couplings of sm-lepton_masses
  ---------------------------------
  
         GC_3 =  -0.00000E+00  -0.30795E+00

 Collider parameters:
 --------------------

 Running at e e   machine @   7.00000000000000067E-002  GeV
 PDF set = none   
 alpha_s(Mz)= 0.1180 running at 2 loops.
 alpha_s(Mz)= 0.1180 running at 2 loops.
 Renormalization scale fixed @    91.188000000000002     
 Factorization scales  fixed @    91.188000000000002        91.188000000000002     


 getting user params
Enter number of events and max and min iterations: 
 Number of events and iterations         1000           9           3
Enter desired fractional accuracy: 
 Desired fractional accuracy:  -4.19009999999999974E-005
Enter 0 for fixed, 2 for adjustable grid: 
Suppress amplitude (0 no, 1 yes)? 
 Using suppressed amplitude.
Exact helicity sum (0 yes, n = number/event)? 
 Explicitly summing over helicities
Enter Configuration Number: 
Running Configuration Number:    1
 Not subdividing B.W.
 Attempting mappinvarients           1           5
 Completed mapping           5
 about to integrate            5        1000           9           3           5           1
 Keeping grid fixed.
  5 dimensions   1000 events  5 invarients  9 iterations  1 config(s),  (0.99)
 Using h-tuple random number sequence.
 Grid read from file
 Grid defined OK
 Set CM energy to          0.07
 Mapping Graph           1  to config           1
 Warning: No cutoff for shat integral found
          Minimum set to    204.08163265306121     
 No modification is setgrid, grid read from file
 Warning: No cutoff for shat integral found
          Minimum set to    204.08163265306121     
 No modification is setgrid, grid read from file
 Masses: 0.511E-03 0.511E-03 0.000E+00 0.000E+00 0.000E+00
   1   1   2   3   4   5
 Got moffset          19
Using random seed offsets     1 :      1
  with seed                   30
 Ranmar initialization seeds        8292        9226
  Particle       3       4       5
      Et >     0.0     0.0     0.0
       E >     0.0     0.0     0.0
     Eta <    -1.0    -1.0    -1.0
   xqcut:      0.0     0.0     0.0
d R # 3  >    -0.0     0.0     0.0
d R # 4  >    -0.0    -0.0     0.0
s min # 3>     0.0     0.0     0.0
s min # 4>     0.0     0.0     0.0
xqcutij # 3>     0.0     0.0     0.0
xqcutij # 4>     0.0     0.0     0.0
 alpha_s for scale    91.188000000000002       is   0.11800000071525575     
 Added good helicity            1  0.27155158713554933       in event            1
 Added good helicity            2  1.41275849236482294E-002  in event            1
 Added good helicity            3   11.471362908686693       in event            1
 Added good helicity            5  6.55163569398703590E-004  in event            1
 Added good helicity            6  2.99249355562242073E-006  in event            1
 Added good helicity           11  5.47608020313506945E-004  in event            1
 Added good helicity           12  2.59263530416220185E-006  in event            1
 Added good helicity           13   3.9716048447701366       in event            1
 Added good helicity           14  0.23282791643331394       in event            1
 Added good helicity           15  3.73161185052489283E-002  in event            1
 Added good helicity           18  3.73161185052489283E-002  in event            1
 Added good helicity           19  0.23282791643331383       in event            1
 Added good helicity           20   3.9716048447701366       in event            1
 Added good helicity           21  2.59263530416220185E-006  in event            1
 Added good helicity           22  5.47608020313506945E-004  in event            1
 Added good helicity           27  2.99249355562241988E-006  in event            1
 Added good helicity           28  6.55163569398703590E-004  in event            1
 Added good helicity           30   11.471362908686697       in event            1
 Added good helicity           31  1.41275849236482294E-002  in event            1
 Added good helicity           32  0.27155158713554933       in event            1
 Added good helicity            4  7.27962363252174401E-004  in event            2
 Added good helicity            7  7.42419663870802970E-004  in event            2
 Added good helicity           10   1.9989771597966686       in event            2
 Added good helicity           23   1.9989771597966686       in event            2
 Added good helicity           26  7.42419663870802970E-004  in event            2
 Added good helicity           29  7.27962363252174509E-004  in event            2
 Iteration  1   Mean: 0.1149E+09 Abs mean: 0.1149E+09   Fluctuation:  0.760E+07   0.535E+10    98.7%
  1    0.1149E+09 0.1149E+09 +- 0.7604E+07      2.09
 Writing out events   12935.421259984036        2.0921959920298030     
 Relative summed weights:
  0.1546E+00  0.0000E+00
  0.2036E+00  0.0000E+00
  0.2042E+00  0.0000E+00
  0.1575E+00  0.0000E+00
  0.1402E+00  0.0000E+00
  0.1399E+00  0.0000E+00
 Relative number of events:
  0.1680E+00  0.0000E+00
  0.1830E+00  0.0000E+00
  0.1610E+00  0.0000E+00
  0.1740E+00  0.0000E+00
  0.1630E+00  0.0000E+00
  0.1510E+00  0.0000E+00
 Events:
         168           0
         183           0
         161           0
         174           0
         163           0
         151           0
 Iteration  2   Mean: 0.1305E+09 Abs mean: 0.1305E+09   Fluctuation:  0.106E+08   0.143E+11    99.2%
  2    0.1305E+09 0.1305E+09 +- 0.1064E+08      3.65
 Relative summed weights:
  0.1744E+00  0.0000E+00
  0.1336E+00  0.0000E+00
  0.1421E+00  0.0000E+00
  0.1391E+00  0.0000E+00
  0.1930E+00  0.0000E+00
  0.2179E+00  0.0000E+00
 Relative number of events:
  0.1650E+00  0.0000E+00
  0.1600E+00  0.0000E+00
  0.1740E+00  0.0000E+00
  0.1610E+00  0.0000E+00
  0.1825E+00  0.0000E+00
  0.1575E+00  0.0000E+00
 Events:
         330           0
         320           0
         348           0
         322           0
         365           0
         315           0
 Iteration  3   Mean: 0.1151E+09 Abs mean: 0.1151E+09   Fluctuation:  0.627E+07   0.223E+11    99.4%
  3    0.1151E+09 0.1151E+09 +- 0.6267E+07      3.44
 Relative summed weights:
  0.1855E+00  0.0000E+00
  0.1438E+00  0.0000E+00
  0.1636E+00  0.0000E+00
  0.1596E+00  0.0000E+00
  0.1803E+00  0.0000E+00
  0.1672E+00  0.0000E+00
 Relative number of events:
  0.1593E+00  0.0000E+00
  0.1598E+00  0.0000E+00
  0.1655E+00  0.0000E+00
  0.1732E+00  0.0000E+00
  0.1645E+00  0.0000E+00
  0.1777E+00  0.0000E+00
 Events:
         637           0
         639           0
         662           0
         693           0
         658           0
         711           0
 Found          310  events.
 Wrote           20  events.
 Actual xsec    118277183.07608037     
 Correct abs xsec    118277183.07608037     
 Event xsec    118277183.07608040     
 Events wgts > 1:            1
 % Cross section > 1:    1.3177308728918433       1.11410403817634769E-006
 Checking number of events   4955.9322480708433               20  chi2:   0.88861688592259447     
 Found          310  events.
 Wrote           25  events.
 Actual xsec    118277183.07608037     
 Correct abs xsec    118277183.07608037     
 Event xsec    118277183.07608040     
 Events wgts > 1:            1
 % Cross section > 1:    1.0541847012937069       8.91283233060779801E-007
 Iteration  4   Mean: 0.1318E+09 Abs mean: 0.1318E+09   Fluctuation:  0.148E+08   0.116E+12    99.1%
  4    0.1318E+09 0.1318E+09 +- 0.1482E+08     10.05
 Relative summed weights:
  0.1439E+00  0.0000E+00
  0.1610E+00  0.0000E+00
  0.2657E+00  0.0000E+00
  0.1451E+00  0.0000E+00
  0.1364E+00  0.0000E+00
  0.1479E+00  0.0000E+00
 Relative number of events:
  0.1696E+00  0.0000E+00
  0.1675E+00  0.0000E+00
  0.1661E+00  0.0000E+00
  0.1629E+00  0.0000E+00
  0.1648E+00  0.0000E+00
  0.1691E+00  0.0000E+00
 Events:
        1357           0
        1340           0
        1329           0
        1303           0
        1318           0
        1353           0
 Found          760  events.
 Wrote            8  events.
 Actual xsec    121524164.85241997     
 Correct abs xsec    121524164.85241997     
 Event xsec    121524164.85241999     
 Events wgts > 1:            0
 % Cross section > 1:    0.0000000000000000        0.0000000000000000     
 Checking number of events   5091.9840314812491                8  chi2:    1.1275445866118672     
 Found          760  events.
 Wrote           10  events.
 Actual xsec    121524164.85241997     
 Correct abs xsec    121524164.85241997     
 Event xsec    121524164.85241997     
 Events wgts > 1:            0
 % Cross section > 1:    0.0000000000000000        0.0000000000000000     
 Iteration  5   Mean: 0.1179E+09 Abs mean: 0.1179E+09   Fluctuation:  0.250E+07   0.175E+11    99.1%
  5    0.1179E+09 0.1179E+09 +- 0.2501E+07      2.68
 Relative summed weights:
  0.1675E+00  0.0000E+00
  0.1578E+00  0.0000E+00
  0.1687E+00  0.0000E+00
  0.1802E+00  0.0000E+00
  0.1608E+00  0.0000E+00
  0.1650E+00  0.0000E+00
 Relative number of events:
  0.1664E+00  0.0000E+00
  0.1627E+00  0.0000E+00
  0.1657E+00  0.0000E+00
  0.1659E+00  0.0000E+00
  0.1711E+00  0.0000E+00
  0.1683E+00  0.0000E+00
 Events:
        2663           0
        2603           0
        2651           0
        2654           0
        2737           0
        2692           0
 Found         1306  events.
 Wrote          214  events.
 Actual xsec    117923249.63282852     
 Correct abs xsec    117923249.63282852     
 Event xsec    117923249.63282779     
 Events wgts > 1:            6
 % Cross section > 1:    1069517.5089843762       0.90696068189647405     
 Checking number of events   4941.1020828651472              214  chi2:   0.54423027058191409     
 Found         1306  events.
 Wrote          211  events.
 Actual xsec    117923249.63282852     
 Correct abs xsec    117923249.63282852     
 Event xsec    117923249.63282792     
 Events wgts > 1:            6
 % Cross section > 1:    1084584.0600459543       0.91973725573453302     
 Iteration  6   Mean: 0.1202E+09 Abs mean: 0.1202E+09   Fluctuation:  0.279E+07   0.689E+11    99.2%
  6    0.1202E+09 0.1202E+09 +- 0.2786E+07      4.15
 Relative summed weights:
  0.1622E+00  0.0000E+00
  0.1748E+00  0.0000E+00
  0.1779E+00  0.0000E+00
  0.1545E+00  0.0000E+00
  0.1609E+00  0.0000E+00
  0.1697E+00  0.0000E+00
 Relative number of events:
  0.1651E+00  0.0000E+00
  0.1636E+00  0.0000E+00
  0.1707E+00  0.0000E+00
  0.1665E+00  0.0000E+00
  0.1668E+00  0.0000E+00
  0.1673E+00  0.0000E+00
 Events:
        5283           0
        5236           0
        5461           0
        5329           0
        5336           0
        5355           0
 Found         2943  events.
 Wrote           48  events.
 Actual xsec    119153478.28434834     
 Correct abs xsec    119153478.28434834     
 Event xsec    119153478.28434828     
 Events wgts > 1:            1
 % Cross section > 1:   0.10135943721979856       8.50662848279712385E-008
 Checking number of events   4992.6498935924792               48  chi2:   0.56664065318425905     
 Found         2943  events.
 Wrote           53  events.
 Actual xsec    119153478.28434834     
 Correct abs xsec    119153478.28434834     
 Event xsec    119153478.28434812     
 Events wgts > 1:            1
 % Cross section > 1:   9.17972261086106300E-002  7.70411635735429663E-008
 Iteration  7   Mean: 0.1315E+09 Abs mean: 0.1315E+09   Fluctuation:  0.122E+08   0.776E+12    99.2%
  7    0.1315E+09 0.1315E+09 +- 0.1221E+08     23.49
 Relative summed weights:
  0.1542E+00  0.0000E+00
  0.1509E+00  0.0000E+00
  0.1487E+00  0.0000E+00
  0.1509E+00  0.0000E+00
  0.1542E+00  0.0000E+00
  0.2411E+00  0.0000E+00
 Relative number of events:
  0.1676E+00  0.0000E+00
  0.1646E+00  0.0000E+00
  0.1678E+00  0.0000E+00
  0.1653E+00  0.0000E+00
  0.1672E+00  0.0000E+00
  0.1674E+00  0.0000E+00
 Events:
       10728           0
       10534           0
       10740           0
       10580           0
       10702           0
       10716           0
 Found         5811  events.
 Wrote            9  events.
 Actual xsec    119253880.29897021     
 Correct abs xsec    119253880.29897021     
 Event xsec    119253880.29897019     
 Events wgts > 1:            0
 % Cross section > 1:    0.0000000000000000        0.0000000000000000     
 Checking number of events   4996.8568384071505                9  chi2:   0.70846629738675393     
 Found         5811  events.
 Wrote           12  events.
 Actual xsec    119253880.29897021     
 Correct abs xsec    119253880.29897021     
 Event xsec    119253880.29897021     
 Events wgts > 1:            0
 % Cross section > 1:    0.0000000000000000        0.0000000000000000     
 Iteration  8   Mean: 0.1202E+09 Abs mean: 0.1202E+09   Fluctuation:  0.190E+07   0.208E+12    99.2%
  8    0.1202E+09 0.1202E+09 +- 0.1896E+07      5.64
 Relative summed weights:
  0.1610E+00  0.0000E+00
  0.1636E+00  0.0000E+00
  0.1790E+00  0.0000E+00
  0.1662E+00  0.0000E+00
  0.1640E+00  0.0000E+00
  0.1663E+00  0.0000E+00
 Relative number of events:
  0.1665E+00  0.0000E+00
  0.1675E+00  0.0000E+00
  0.1670E+00  0.0000E+00
  0.1660E+00  0.0000E+00
  0.1670E+00  0.0000E+00
  0.1661E+00  0.0000E+00
 Events:
       21307           0
       21434           0
       21378           0
       21242           0
       21376           0
       21263           0
 Found        10693  events.
 Wrote           66  events.
 Actual xsec    120394213.71831273     
 Correct abs xsec    120394213.71831273     
 Event xsec    120394213.71831287     
 Events wgts > 1:            0
 % Cross section > 1:    0.0000000000000000        0.0000000000000000     
 Checking number of events   5044.6379490110212               66  chi2:   0.42023260241424115     
 Found        10693  events.
 Wrote           71  events.
 Actual xsec    120394213.71831273     
 Correct abs xsec    120394213.71831273     
 Event xsec    120394213.71831253     
 Events wgts > 1:            0
 % Cross section > 1:    0.0000000000000000        0.0000000000000000     
 Iteration  9   Mean: 0.1245E+09 Abs mean: 0.1245E+09   Fluctuation:  0.205E+07   0.416E+12    99.2%
  9    0.1245E+09 0.1245E+09 +- 0.2053E+07      8.34
 Relative summed weights:
  0.1607E+00  0.0000E+00
  0.1693E+00  0.0000E+00
  0.1628E+00  0.0000E+00
  0.1729E+00  0.0000E+00
  0.1753E+00  0.0000E+00
  0.1590E+00  0.0000E+00
 Relative number of events:
  0.1666E+00  0.0000E+00
  0.1670E+00  0.0000E+00
  0.1662E+00  0.0000E+00
  0.1671E+00  0.0000E+00
  0.1677E+00  0.0000E+00
  0.1654E+00  0.0000E+00
 Events:
       42658           0
       42744           0
       42545           0
       42773           0
       42931           0
       42349           0
 Found        23355  events.
 Wrote          278  events.
 Actual xsec    122402046.36138934     
 Correct abs xsec    122402046.36138934     
 Event xsec    122402046.36138970     
 Events wgts > 1:            2
 % Cross section > 1:    1085049.1935288985       0.88646327882894349     
 Checking number of events   5128.7681445885746              278  chi2:    1.5019370656225530     
 Found        23355  events.
 Wrote          273  events.
 Actual xsec    122402046.36138934     
 Correct abs xsec    122402046.36138934     
 Event xsec    122402046.36138929     
 Events wgts > 1:            2
 % Cross section > 1:    1104742.5279005738       0.90255233530887735     

 -------------------------------------------------------------------------------
 Accumulated results:   Integral =  0.1211E+09
                        Std dev  =  0.1075E+07
                       Cross sec =  0.1211E+09
             Chi**2 per DoF.     =      1.0888
 -------------------------------------------------------------------------------
-------------------------------------------------
---------------------------
 Results Last   3 iters: Integral =   0.1224E+09
                     Abs integral =   0.1224E+09
                          Std dev =   0.1385E+07
                  Chi**2 per DoF. =      1.5019
-------------------------------------------------
---------------------------
 Status -4.19009999999999974E-005          10           9
 Trying w/ fresh grid
 Starting w/ ncall =         4000
 Keeping grid fixed.
  5 dimensions   4000 events  5 invarients  8 iterations  1 config(s),  (0.99)
 Using h-tuple random number sequence.
 Error opening grid
 Using Uniform Grid!
 Using uniform alpha   1.0000000000000000     
 Grid defined OK
 Warning: No cutoff for shat integral found
          Minimum set to    204.08163265306121     
Setting grid   1    0.20408E+03   1
 Warning: No cutoff for shat integral found
          Minimum set to    204.08163265306121     
Setting grid   2    0.20408E+03   1
Warning xbin not returning correct x   2  0.999985E+00  0.995700E+00  0.2837E+03
Warning xbin not returning correct x   2  0.999987E+00  0.996219E+00  0.2837E+03
Warning xbin not returning correct x   2  0.999986E+00  0.996069E+00  0.2837E+03
Warning xbin not returning correct x   2  0.999967E+00  0.990745E+00  0.2837E+03
Warning xbin not returning correct x   2  0.999964E+00  0.989807E+00  0.2837E+03
Warning xbin still not working well. Last message this iteration.
 Iteration  1   Mean: 0.2226E+08 Abs mean: 0.2226E+08   Fluctuation:  0.485E+07   0.156E+11    98.8%
  1    0.2226E+08 0.2226E+08 +- 0.4853E+07     13.79
 Relative summed weights:
  0.1490E+00  0.0000E+00
  0.1120E+00  0.0000E+00
  0.8648E-01  0.0000E+00
  0.1656E+00  0.0000E+00
  0.4098E+00  0.0000E+00
  0.7721E-01  0.0000E+00
 Relative number of events:
  0.1635E+00  0.0000E+00
  0.1635E+00  0.0000E+00
  0.1787E+00  0.0000E+00
  0.1557E+00  0.0000E+00
  0.1722E+00  0.0000E+00
  0.1663E+00  0.0000E+00
 Events:
         654           0
         654           0
         715           0
         623           0
         689           0
         665           0
Warning xbin not returning correct x   1  0.986204E+00  0.999790E+00  0.1544E-01
Warning xbin not returning correct x   1  0.990360E+00  0.999853E+00  0.1544E-01
Warning xbin not returning correct x   1  0.996668E+00  0.999949E+00  0.1544E-01
Warning xbin not returning correct x   1  0.986514E+00  0.999795E+00  0.1544E-01
Warning xbin not returning correct x   1  0.992622E+00  0.999888E+00  0.1544E-01
Warning xbin still not working well. Last message this iteration.
 Iteration  2   Mean: 0.3004E+07 Abs mean: 0.3004E+07   Fluctuation:  0.211E+06   0.117E+10    95.9%
  2    0.3004E+07 0.3004E+07 +- 0.2106E+06      6.27
 Relative summed weights:
  0.2125E+00  0.0000E+00
  0.1589E+00  0.0000E+00
  0.1385E+00  0.0000E+00
  0.1533E+00  0.0000E+00
  0.1880E+00  0.0000E+00
  0.1489E+00  0.0000E+00
 Relative number of events:
  0.1685E+00  0.0000E+00
  0.1664E+00  0.0000E+00
  0.1624E+00  0.0000E+00
  0.1722E+00  0.0000E+00
  0.1619E+00  0.0000E+00
  0.1686E+00  0.0000E+00
 Events:
        1348           0
        1331           0
        1299           0
        1378           0
        1295           0
        1349           0
 Iteration  3   Mean: 0.3323E+08 Abs mean: 0.3323E+08   Fluctuation:  0.471E+07   0.404E+11   100.0%
  3    0.3323E+08 0.3323E+08 +- 0.4708E+07     17.92
 Relative summed weights:
  0.2779E+00  0.0000E+00
  0.8278E-01  0.0000E+00
  0.1307E+00  0.0000E+00
  0.2149E+00  0.0000E+00
  0.1390E+00  0.0000E+00
  0.1549E+00  0.0000E+00
 Relative number of events:
  0.1662E+00  0.0000E+00
  0.1624E+00  0.0000E+00
  0.1706E+00  0.0000E+00
  0.1690E+00  0.0000E+00
  0.1624E+00  0.0000E+00
  0.1694E+00  0.0000E+00
 Events:
        2659           0
        2599           0
        2730           0
        2704           0
        2598           0
        2710           0
 Found         1874  events.
 Wrote           13  events.
 Actual xsec    9974215.3540611379     
 Correct abs xsec    9974215.3540611379     
 Event xsec    9974215.3540611379     
 Events wgts > 1:            0
 % Cross section > 1:    0.0000000000000000        0.0000000000000000     
 Checking number of events   417.92959755051572               13  chi2:    562.95222486930004     
 Found         1874  events.
 Wrote           12  events.
 Actual xsec    9974215.3540611379     
 Correct abs xsec    9974215.3540611379     
 Event xsec    9974215.3540611397     
 Events wgts > 1:            0
 % Cross section > 1:    0.0000000000000000        0.0000000000000000     
 Iteration  4   Mean: 0.7276E+10 Abs mean: 0.7276E+10   Fluctuation:  0.715E+10   0.229E+15    99.9%
  4    0.7276E+10 0.7276E+10 +- 0.7153E+10    175.87
 Relative summed weights:
  0.1137E-01  0.0000E+00
  0.7874E-03  0.0000E+00
  0.9850E+00  0.0000E+00
  0.8110E-03  0.0000E+00
  0.1006E-02  0.0000E+00
  0.1004E-02  0.0000E+00
 Relative number of events:
  0.1677E+00  0.0000E+00
  0.1640E+00  0.0000E+00
  0.1648E+00  0.0000E+00
  0.1708E+00  0.0000E+00
  0.1680E+00  0.0000E+00
  0.1647E+00  0.0000E+00
 Events:
        5367           0
        5248           0
        5273           0
        5466           0
        5376           0
        5270           0
 Found         1435  events.
 Wrote            1  events.
 Actual xsec    38531790.864644982     
 Correct abs xsec    38531790.864644982     
 Event xsec    38531790.864644982     
 Events wgts > 1:            1
 % Cross section > 1:   0.54984606057405472       1.42699326513413749E-006
 Checking number of events   1614.5205690194894                1  chi2:    14225.050197662877     
 Found         1435  events.
 Wrote            2  events.
 Actual xsec    38531790.864644982     
 Correct abs xsec    38531790.864644982     
 Event xsec    38531790.864644989     
 Events wgts > 1:            1
 % Cross section > 1:   0.27492303028702736       7.13496632567068535E-007
 Iteration  5   Mean: 0.1070E+09 Abs mean: 0.1070E+09   Fluctuation:  0.176E+08   0.919E+12    99.8%
  5    0.1070E+09 0.1070E+09 +- 0.1760E+08     41.62
 Relative summed weights:
  0.2716E+00  0.0000E+00
  0.1315E+00  0.0000E+00
  0.1415E+00  0.0000E+00
  0.2270E+00  0.0000E+00
  0.1244E+00  0.0000E+00
  0.1040E+00  0.0000E+00
 Relative number of events:
  0.1680E+00  0.0000E+00
  0.1680E+00  0.0000E+00
  0.1653E+00  0.0000E+00
  0.1662E+00  0.0000E+00
  0.1667E+00  0.0000E+00
  0.1658E+00  0.0000E+00
 Events:
       10753           0
       10750           0
       10577           0
       10639           0
       10670           0
       10611           0
 Found           71  events.
 Wrote            5  events.
 Actual xsec    149608184.97578138     
 Correct abs xsec    149608184.97578138     
 Event xsec    149608184.97578138     
 Events wgts > 1:            0
 % Cross section > 1:    0.0000000000000000        0.0000000000000000     
 Checking number of events   6268.7325586702154                5  chi2:    309.01177523289749     
 Found           71  events.
 Wrote            9  events.
 Actual xsec    149608184.97578138     
 Correct abs xsec    149608184.97578138     
 Event xsec    149608184.97578141     
 Events wgts > 1:            0
 % Cross section > 1:    0.0000000000000000        0.0000000000000000     
 Fixing grid
 Iteration  6   Mean: 0.1010E+09 Abs mean: 0.1010E+09   Fluctuation:  0.433E+07   0.258E+12    99.3%
  6    0.1010E+09 0.1010E+09 +- 0.4325E+07     15.32
 Relative summed weights:
  0.1571E+00  0.0000E+00
  0.1791E+00  0.0000E+00
  0.1626E+00  0.0000E+00
  0.1472E+00  0.0000E+00
  0.1727E+00  0.0000E+00
  0.1813E+00  0.0000E+00
 Relative number of events:
  0.1668E+00  0.0000E+00
  0.1669E+00  0.0000E+00
  0.1664E+00  0.0000E+00
  0.1665E+00  0.0000E+00
  0.1670E+00  0.0000E+00
  0.1664E+00  0.0000E+00
 Events:
       21345           0
       21368           0
       21299           0
       21308           0
       21375           0
       21305           0
 Found         7231  events.
 Wrote           71  events.
 Actual xsec    114110683.24384169     
 Correct abs xsec    114110683.24384169     
 Event xsec    114110683.24384177     
 Events wgts > 1:            2
 % Cross section > 1:    1034164.3136606428       0.90628176456603060     
 Checking number of events   4781.3517386002104               71  chi2:    5.1732084208933244     
 Found         7231  events.
 Wrote           72  events.
 Actual xsec    114110683.24384169     
 Correct abs xsec    114110683.24384169     
 Event xsec    114110683.24384198     
 Events wgts > 1:            2
 % Cross section > 1:    1019929.3014330002       0.89380702353128816     
 Iteration  7   Mean: 0.1118E+09 Abs mean: 0.1118E+09   Fluctuation:  0.583E+07   0.839E+12    99.3%
  7    0.1118E+09 0.1118E+09 +- 0.5826E+07     26.36
 Relative summed weights:
  0.1956E+00  0.0000E+00
  0.1681E+00  0.0000E+00
  0.1451E+00  0.0000E+00
  0.1953E+00  0.0000E+00
  0.1525E+00  0.0000E+00
  0.1434E+00  0.0000E+00
 Relative number of events:
  0.1672E+00  0.0000E+00
  0.1662E+00  0.0000E+00
  0.1665E+00  0.0000E+00
  0.1661E+00  0.0000E+00
  0.1671E+00  0.0000E+00
  0.1670E+00  0.0000E+00
 Events:
       42796           0
       42541           0
       42617           0
       42514           0
       42772           0
       42760           0
 Found        15029  events.
 Wrote           24  events.
 Actual xsec    105437601.81302221     
 Correct abs xsec    105437601.81302221     
 Event xsec    105437601.81302226     
 Events wgts > 1:            1
 % Cross section > 1:   8.70277630165219307E-002  8.25395888374363660E-008
 Checking number of events   4417.9409535674431               24  chi2:    1.1329563477951274     
 Found        15029  events.
 Wrote           35  events.
 Actual xsec    105437601.81302221     
 Correct abs xsec    105437601.81302221     
 Event xsec    105437601.81302220     
 Events wgts > 1:            1
 % Cross section > 1:   5.96761805936694145E-002  5.65985754299459463E-008
 Iteration  8   Mean: 0.1145E+09 Abs mean: 0.1145E+09   Fluctuation:  0.812E+07   0.329E+13    99.3%
  8    0.1145E+09 0.1145E+09 +- 0.8121E+07     50.77
 Relative summed weights:
  0.1411E+00  0.0000E+00
  0.2013E+00  0.0000E+00
  0.2002E+00  0.0000E+00
  0.1460E+00  0.0000E+00
  0.1344E+00  0.0000E+00
  0.1770E+00  0.0000E+00
 Relative number of events:
  0.1664E+00  0.0000E+00
  0.1664E+00  0.0000E+00
  0.1666E+00  0.0000E+00
  0.1668E+00  0.0000E+00
  0.1667E+00  0.0000E+00
  0.1670E+00  0.0000E+00
 Events:
       85212           0
       85176           0
       85322           0
       85404           0
       85370           0
       85516           0
 Found        27250  events.
 Wrote           24  events.
 Actual xsec    122966726.18608215     
 Correct abs xsec    122966726.18608215     
 Event xsec    122966726.18608215     
 Events wgts > 1:            0
 % Cross section > 1:    0.0000000000000000        0.0000000000000000     
 Checking number of events   4483.3376429785931               24  chi2:    1.7283153966791840     
 Found        27250  events.
 Wrote           12  events.
 Actual xsec    122966726.18608215     
 Correct abs xsec    122966726.18608215     
 Event xsec    122966726.18608211     
 Events wgts > 1:            0
 % Cross section > 1:    0.0000000000000000        0.0000000000000000     

 -------------------------------------------------------------------------------
 Accumulated results:   Integral =  0.9353E+08
                        Std dev  =  0.2478E+07
                       Cross sec =  0.9353E+08
             Chi**2 per DoF.     =    907.4978
 -------------------------------------------------------------------------------
-------------------------------------------------
---------------------------
 Results Last   3 iters: Integral =   0.1070E+09
                     Abs integral =   0.1070E+09
                         Std dev =   0.3208E+07
                 Chi**2 per DoF. =      1.7283
-------------------------------------------------
---------------------------

ls status:
events.lhe
ftn25
ftn26
input_sg.txt
log.txt
moffset.dat
results.dat
run1_app.log
