 Process in group number            0
 No PDF is used, alpha_s(MZ) from param_card is used
 Value of alpha_s from param_card:   0.11800000071525575     
 The default order of alpha_s running is fixed to            2
 Warning: pt or E min of a gamma should in general be >0
 *****************************************************
 *               MadGraph/MadEvent                   *
 *        --------------------------------           *
 *          http://madgraph.hep.uiuc.edu             *
 *          http://madgraph.phys.ucl.ac.be           *
 *          http://madgraph.roma2.infn.it            *
 *        --------------------------------           *
 *                                                   *
 *          PARAMETER AND COUPLING VALUES            *
 *                                                   *
 *****************************************************

  External Params
  ---------------------------------
  
 aEWM1 =    132.50700378417969     
 mdl_Gf =   1.16639000000000003E-005
 aS =   0.11800000071525575     
 mdl_ymb =    4.6999998092651367     
 mdl_ymt =    173.00000000000000     
 mdl_yme =   5.10999991092830896E-004
 mdl_ymm =   0.10565999895334244     
 mdl_ymtau =    1.7769999504089355     
 mdl_MZ =    91.188003540039063     
 mdl_MT =    173.00000000000000     
 mdl_MB =    4.6999998092651367     
 mdl_MH =    125.00000000000000     
 mdl_Me =   5.10999991092830896E-004
 mdl_MM =   0.10565999895334244     
 mdl_MTA =    1.7769999504089355     
 mdl_WZ =    2.4414041042327881     
 mdl_WW =    2.0476000308990479     
 mdl_WT =    1.4915000200271606     
 mdl_WH =   6.38233916833996773E-003
 mdl_WTau =   2.26999999999999982E-012
  Internal Params
  ---------------------------------
  
 mdl_conjg__CKM3x3 =    1.0000000000000000     
 mdl_CKM3x3 =    1.0000000000000000     
 mdl_conjg__CKM1x1 =    1.0000000000000000     
 mdl_complexi =  (  0.0000000000000000     ,  1.0000000000000000     )
 mdl_MZ__exp__2 =    8315.2519896181766     
 mdl_MZ__exp__4 =    69143415.650849044     
 mdl_sqrt__2 =    1.4142135623730951     
 mdl_MH__exp__2 =    15625.000000000000     
 mdl_aEW =   7.54677089845565054E-003
 mdl_MW =    80.419007276179556     
 mdl_sqrt__aEW =   8.68721526063194194E-002
 mdl_ee =   0.30795376284704501     
 mdl_MW__exp__2 =    6467.2167312862202     
 mdl_sw2 =   0.22224645274001076     
 mdl_cw =   0.88190336616887299     
 mdl_sqrt__sw2 =   0.47143022043565552     
 mdl_sw =   0.47143022043565552     
 mdl_g1 =   0.34919218438279087     
 mdl_gw =   0.65323296958447097     
 mdl_vev =    246.21845810181631     
 mdl_vev__exp__2 =    60623.529110035874     
 mdl_lam =   0.12886910601690271     
 mdl_yb =   2.69955531549349904E-002
 mdl_ye =   2.93504850670934038E-006
 mdl_ym =   6.06883028478528356E-004
 mdl_yt =   0.99366614581500645     
 mdl_ytau =   1.02066167158167895E-002
 mdl_muH =    88.388347648318444     
 mdl_I1x33 =  ( 2.69955531549349904E-002,  0.0000000000000000     )
 mdl_I2x33 =  ( 0.99366614581500645     ,  0.0000000000000000     )
 mdl_I3x33 =  ( 0.99366614581500645     ,  0.0000000000000000     )
 mdl_I4x33 =  ( 2.69955531549349904E-002,  0.0000000000000000     )
 mdl_ee__exp__2 =   9.48355200516540348E-002
 mdl_sw__exp__2 =   0.22224645274001076     
 mdl_cw__exp__2 =   0.77775354725998924     
  Internal Params evaluated point by point
  ----------------------------------------
  
 mdl_sqrt__aS =   0.34351128178744839     
 mdl_G__exp__2 =    1.4828317414825511     
  Couplings of sm-lepton_masses
  ---------------------------------
  
         GC_3 =  -0.00000E+00  -0.30795E+00
        GC_50 =  -0.00000E+00  -0.28804E+00
        GC_59 =   0.00000E+00   0.82310E-01
        GC_89 =  -0.00000E+00  -0.20754E-05

 Collider parameters:
 --------------------

 Running at e e   machine @   7.14879999999999960E-002  GeV
 PDF set = none   
 alpha_s(Mz)= 0.1180 running at 2 loops.
 alpha_s(Mz)= 0.1180 running at 2 loops.
 Renormalization scale fixed @    91.188000000000002     
 Factorization scales  fixed @    91.188000000000002        91.188000000000002     


 getting user params
Enter number of events and max and min iterations: 
 Number of events and iterations         2000           9           3
Enter desired fractional accuracy: 
 Desired fractional accuracy:  -1.09789999999999995E-035
Enter 0 for fixed, 2 for adjustable grid: 
Suppress amplitude (0 no, 1 yes)? 
 Using suppressed amplitude.
Exact helicity sum (0 yes, n = number/event)? 
 Explicitly summing over helicities
Enter Configuration Number: 
Running Configuration Number:   22
 Not subdividing B.W.
 Attempting mappinvarients           1           5
 Completed mapping           5
 about to integrate            5        2000           9           3           5           1
 Keeping grid fixed.
  5 dimensions   2000 events  5 invarients  9 iterations  1 config(s),  (0.99)
 Using h-tuple random number sequence.
 Grid read from file
 Grid defined OK
 Set CM energy to          0.07
 Mapping Graph          22  to config          22
 No modification is setgrid, grid read from file
 No modification is setgrid, grid read from file
 Masses: 0.511E-03 0.511E-03 0.000E+00 0.511E-03 0.511E-03
  22   1   2   3   4   5
 Got moffset          26
Using random seed offsets    22 :      1
  with seed                   57
 Ranmar initialization seeds       11145        1272
  Particle       3       4       5
      Et >     0.0     0.0     0.0
       E >     0.0     0.0     0.0
     Eta <    -1.0    -1.0    -1.0
   xqcut:      0.0     0.0     0.0
d R # 3  >    -0.0     0.0     0.0
d R # 4  >    -0.0    -0.0     0.4
s min # 3>     0.0     0.0     0.0
s min # 4>     0.0     0.0     0.0
xqcutij # 3>     0.0     0.0     0.0
xqcutij # 4>     0.0     0.0     0.0
 alpha_s for scale    91.188000000000002       is   0.11800000071525575     
 Added good helicity            1   4.0446216902019563       in event            1
 Added good helicity            3  4.21621985380450881E-005  in event            1
 Added good helicity            5   3.9553361475874307       in event            1
 Added good helicity           10   4.0446216902019989       in event            1
 Added good helicity           12  4.21621985380455286E-005  in event            1
 Added good helicity           14   3.9553361475874724       in event            1
 Added good helicity           19   3.9553361475874724       in event            1
 Added good helicity           21  4.21621985380453524E-005  in event            1
 Added good helicity           23   4.0446216902019989       in event            1
 Added good helicity           28   3.9553361475874307       in event            1
 Added good helicity           30  4.21621985380449119E-005  in event            1
 Added good helicity           32   4.0446216902019563       in event            1
 Added good helicity            2   6.8665372637483166       in event           37
 Added good helicity            4  4.33417700576827864E-006  in event           37
 Added good helicity           13   6.3732422133734490       in event           37
 Added good helicity           15  4.90424029340808262E-006  in event           37
 Added good helicity           18  4.90424029381844298E-006  in event           37
 Added good helicity           20   6.3732422139066784       in event           37
 Added good helicity           29  4.33417700500696627E-006  in event           37
 Added good helicity           31   6.8665372635218933       in event           37
 Iteration  1   Mean: 0.6962E+34 Abs mean: 0.6962E+34   Fluctuation:  0.394E+34   0.612E+37    99.6%
  1    0.6962E+34 0.6962E+34 +- 0.3945E+34     25.34
 Writing out events  3.88313891797640628E+029   25.339836567941191     
 Relative summed weights:
  0.1000E+01  0.0000E+00
 Relative number of events:
  0.1000E+01  0.0000E+00
 Events:
        2000           0
 Iteration  2   Mean: 0.3790E+36 Abs mean: 0.3790E+36   Fluctuation:  0.340E+36   0.136E+40    99.4%
  2    0.3790E+36 0.3790E+36 +- 0.3403E+36     56.79
 Relative summed weights:
  0.1000E+01  0.0000E+00
 Relative number of events:
  0.1000E+01  0.0000E+00
 Events:
        4000           0
 Iteration  3   Mean: 0.1215E+35 Abs mean: 0.1215E+35   Fluctuation:  0.424E+34   0.236E+38    99.7%
  3    0.1215E+35 0.1215E+35 +- 0.4236E+34     31.18
 Relative summed weights:
  0.1000E+01  0.0000E+00
 Relative number of events:
  0.1000E+01  0.0000E+00
 Events:
        8000           0
 Found           16  events.
 Wrote            6  events.
 Actual xsec   4.70148156973097343E+034
 Correct abs xsec   4.70148156973097343E+034
 Event xsec   4.70148156973097343E+034
 Events wgts > 1:            0
 % Cross section > 1:    0.0000000000000000        0.0000000000000000     
 Checking number of events  0.51617566154076355                6  chi2:    85.887046361557537     
 Found           16  events.
 Wrote            3  events.
 Actual xsec   4.70148156973097343E+034
 Correct abs xsec   4.70148156973097343E+034
 Event xsec   4.70148156973097251E+034
 Events wgts > 1:            0
 % Cross section > 1:    0.0000000000000000        0.0000000000000000     
 Iteration  4   Mean: 0.1483E+38 Abs mean: 0.1483E+38   Fluctuation:  0.118E+38   0.180E+42    99.6%
  4    0.1483E+38 0.1483E+38 +- 0.1178E+38    100.42
 Relative summed weights:
  0.1000E+01  0.0000E+00
 Relative number of events:
  0.1000E+01  0.0000E+00
 Events:
       16000           0
 Found          182  events.
 Wrote            1  events.
 Actual xsec   2.17990219390037568E+036
 Correct abs xsec   2.17990219390037568E+036
 Event xsec   2.17990219390037568E+036
 Events wgts > 1:            1
 % Cross section > 1:   1.81847808281011341E+028  8.34201684781285257E-007
 Checking number of events   23.933146186832225                1  chi2:    130945.24335635557     
 Found          182  events.
 Wrote            1  events.
 Actual xsec   2.17990219390037568E+036
 Correct abs xsec   2.17990219390037568E+036
 Event xsec   2.17990219390037568E+036
 Events wgts > 1:            1
 % Cross section > 1:   1.81847808281011341E+028  8.34201684781285257E-007
 Iteration  5   Mean: 0.5988E+35 Abs mean: 0.5988E+35   Fluctuation:  0.223E+35   0.463E+39    99.6%
  5    0.5988E+35 0.5988E+35 +- 0.2226E+35     66.48
 Relative summed weights:
  0.1000E+01  0.0000E+00
 Relative number of events:
  0.1000E+01  0.0000E+00
 Events:
       32000           0
 Found           10  events.
 Wrote            2  events.
 Actual xsec   1.41095896865926829E+036
 Correct abs xsec   1.41095896865926829E+036
 Event xsec   1.41095896865926829E+036
 Events wgts > 1:            0
 % Cross section > 1:    0.0000000000000000        0.0000000000000000     
 Checking number of events   15.490918516910106                2  chi2:    56361.135238624876     
 Found           10  events.
 Wrote            3  events.
 Actual xsec   1.41095896865926829E+036
 Correct abs xsec   1.41095896865926829E+036
 Event xsec   1.41095896865926829E+036
 Events wgts > 1:            0
 % Cross section > 1:    0.0000000000000000        0.0000000000000000     
 Iteration  6   Mean: 0.4499E+36 Abs mean: 0.4499E+36   Fluctuation:  0.232E+36   0.106E+41    99.5%
  6    0.4499E+36 0.4499E+36 +- 0.2317E+36    130.25
 Relative summed weights:
  0.1000E+01  0.0000E+00
 Relative number of events:
  0.1000E+01  0.0000E+00
 Events:
       64000           0
 Found          266  events.
 Wrote            2  events.
 Actual xsec   2.03699618966392747E+036
 Correct abs xsec   2.03699618966392747E+036
 Event xsec   2.03699618966392747E+036
 Events wgts > 1:            0
 % Cross section > 1:    0.0000000000000000        0.0000000000000000     
 Checking number of events   22.364181166320257                2  chi2:    3970.0702243601309     
 Found          266  events.
 Wrote            2  events.
 Actual xsec   2.03699618966392747E+036
 Correct abs xsec   2.03699618966392747E+036
 Event xsec   2.03699618966392747E+036
 Events wgts > 1:            0
 % Cross section > 1:    0.0000000000000000        0.0000000000000000     
 Iteration  7   Mean: 0.2094E+37 Abs mean: 0.2094E+37   Fluctuation:  0.190E+37   0.243E+42    99.6%
  7    0.2094E+37 0.2094E+37 +- 0.1899E+37    324.61
 Relative summed weights:
  0.1000E+01  0.0000E+00
 Relative number of events:
  0.1000E+01  0.0000E+00
 Events:
      128000           0
 Found          209  events.
 Wrote            2  events.
 Actual xsec   3.82254871260133839E+035
 Correct abs xsec   3.82254871260133839E+035
 Event xsec   3.82254871260133839E+035
 Events wgts > 1:            1
 % Cross section > 1:   8.49798813710012479E+027  2.22312095306616389E-006
 Checking number of events   4.1967762315650088                2  chi2:    105.35583907045077     
 Found          209  events.
 Wrote            1  events.
 Actual xsec   3.82254871260133839E+035
 Correct abs xsec   3.82254871260133839E+035
 Event xsec   3.82254871260133839E+035
 Events wgts > 1:            1
 % Cross section > 1:   1.69959759052653681E+028  4.44624180961691128E-006
 Iteration  8   Mean: 0.2365E+38 Abs mean: 0.2365E+38   Fluctuation:  0.218E+38   0.557E+43    99.6%
  8    0.2365E+38 0.2365E+38 +- 0.2181E+38    466.56
 Relative summed weights:
  0.1000E+01  0.0000E+00
 Relative number of events:
  0.1000E+01  0.0000E+00
 Events:
      256000           0
 Found          180  events.
 Wrote            1  events.
 Actual xsec   5.20091473717839882E+036
 Correct abs xsec   5.20091473717839882E+036
 Event xsec   5.20091473717839882E+036
 Events wgts > 1:            0
 % Cross section > 1:    0.0000000000000000        0.0000000000000000     
 Checking number of events   57.100842899481641                1  chi2:    212.00128516114671     
 Found          180  events.
 Wrote            1  events.
 Actual xsec   5.20091473717839882E+036
 Correct abs xsec   5.20091473717839882E+036
 Event xsec   5.20091473717839882E+036
 Events wgts > 1:            0
 % Cross section > 1:    0.0000000000000000        0.0000000000000000     
 Iteration  9   Mean: 0.1283E+37 Abs mean: 0.1283E+37   Fluctuation:  0.523E+36   0.238E+42    99.6%
  9    0.1283E+37 0.1283E+37 +- 0.5234E+36    291.89
 Relative summed weights:
  0.1000E+01  0.0000E+00
 Relative number of events:
  0.1000E+01  0.0000E+00
 Events:
      512000           0
 Found          113  events.
 Wrote            2  events.
 Actual xsec   4.53182458277708054E+036
 Correct abs xsec   4.53182458277708054E+036
 Event xsec   4.53182458277707995E+036
 Events wgts > 1:            1
 % Cross section > 1:   1.04517416544389962E+030  2.30629881265929769E-005
 Checking number of events   49.754902094309564                2  chi2:    20.467855378327386     
 Found          113  events.
 Wrote            4  events.
 Actual xsec   4.53182458277708054E+036
 Correct abs xsec   4.53182458277708054E+036
 Event xsec   4.53182458277708054E+036
 Events wgts > 1:            1
 % Cross section > 1:   5.22587143079696417E+029  1.15314953951606288E-005

 -------------------------------------------------------------------------------
 Accumulated results:   Integral =  0.1915E+37
                        Std dev  =  0.3305E+36
                       Cross sec =  0.1915E+37
             Chi**2 per DoF.     =     30.6653
 -------------------------------------------------------------------------------
-------------------------------------------------
---------------------------
 Results Last   3 iters: Integral =   0.4532E+37
                     Abs integral =   0.4532E+37
                          Std dev =   0.1564E+37
                  Chi**2 per DoF. =     20.4679
-------------------------------------------------
---------------------------
 Status -1.09789999999999995E-035          10           9
 Trying w/ fresh grid
 Starting w/ ncall =         8000
 Keeping grid fixed.
  5 dimensions   8000 events  5 invarients  8 iterations  1 config(s),  (0.99)
 Using h-tuple random number sequence.
 Error opening grid
 Using Uniform Grid!
 Using uniform alpha   1.0000000000000000     
 Grid defined OK
Setting grid   1    0.51095E-04   1
Setting grid   2    0.51095E-04   1
 Iteration  1   Mean: 0.4093E+25 Abs mean: 0.4093E+25   Fluctuation:  0.357E+25   0.283E+29    98.7%
  1    0.4093E+25 0.4093E+25 +- 0.3569E+25     78.00
 Relative summed weights:
  0.1000E+01  0.0000E+00
 Relative number of events:
  0.1000E+01  0.0000E+00
 Events:
        8000           0
 Iteration  2   Mean: 0.3532E+33 Abs mean: 0.3532E+33   Fluctuation:  0.237E+33   0.317E+37    98.8%
  2    0.3532E+33 0.3532E+33 +- 0.2367E+33     84.77
 Relative summed weights:
  0.1000E+01  0.0000E+00
 Relative number of events:
  0.1000E+01  0.0000E+00
 Events:
       16000           0
 Iteration  3   Mean: 0.2201E+33 Abs mean: 0.2201E+33   Fluctuation:  0.184E+33   0.583E+37    99.3%
  3    0.2201E+33 0.2201E+33 +- 0.1843E+33    149.73
 Relative summed weights:
  0.1000E+01  0.0000E+00
 Relative number of events:
  0.1000E+01  0.0000E+00
 Events:
       32000           0
 Found           11  events.
 Wrote            1  events.
 Actual xsec   2.21523099673744314E+032
 Correct abs xsec   2.21523099673744314E+032
 Event xsec   2.21523099673744314E+032
 Events wgts > 1:            0
 % Cross section > 1:    0.0000000000000000        0.0000000000000000     
 Checking number of events  2.43210211131803878E-003           1  chi2:    1926269230801339.5     
 Found           11  events.
 Wrote            2  events.
 Actual xsec   2.21523099673744314E+032
 Correct abs xsec   2.21523099673744314E+032
 Event xsec   2.21523099673744314E+032
 Events wgts > 1:            0
 % Cross section > 1:    0.0000000000000000        0.0000000000000000     
 Iteration  4   Mean: 0.1431E+39 Abs mean: 0.1431E+39   Fluctuation:  0.103E+39   0.553E+43    99.5%
  4    0.1431E+39 0.1431E+39 +- 0.1033E+39    182.74
 Relative summed weights:
  0.1000E+01  0.0000E+00
 Relative number of events:
  0.1000E+01  0.0000E+00
 Events:
       64000           0
 Found           40  events.
 Wrote            1  events.
 Actual xsec   4.92230613454679311E+037
 Correct abs xsec   4.92230613454679311E+037
 Event xsec   4.92230613454679311E+037
 Events wgts > 1:            1
 % Cross section > 1:   9.14136958792388818E+030  1.85713146197184908E-005
 Checking number of events   540.41999051189237                1  chi2:    57304084584.491684     
 Found           40  events.
 Wrote            2  events.
 Actual xsec   4.92230613454679311E+037
 Correct abs xsec   4.92230613454679311E+037
 Event xsec   4.92230613454679311E+037
 Events wgts > 1:            1
 % Cross section > 1:   4.57068521897492755E+030  9.28565817330205500E-006
 Iteration  5   Mean: 0.4083E+39 Abs mean: 0.4083E+39   Fluctuation:  0.330E+39   0.406E+44    99.5%
  5    0.4083E+39 0.4083E+39 +- 0.3300E+39    289.18
 Relative summed weights:
  0.1000E+01  0.0000E+00
 Relative number of events:
  0.1000E+01  0.0000E+00
 Events:
      128000           0
 Found           13  events.
 Wrote            1  events.
 Actual xsec   1.84464025900324786E+038
 Correct abs xsec   1.84464025900324786E+038
 Event xsec   1.84464025900324786E+038
 Events wgts > 1:            0
 % Cross section > 1:    0.0000000000000000        0.0000000000000000     
 Checking number of events   2025.2305403596658                1  chi2:    501159960281.59009     
 Found           13  events.
 Wrote            1  events.
 Actual xsec   1.84464025900324786E+038
 Correct abs xsec   1.84464025900324786E+038
 Event xsec   1.84464025900324786E+038
 Events wgts > 1:            0
 % Cross section > 1:    0.0000000000000000        0.0000000000000000     
 Fixing grid
 Iteration  6   Mean: 0.5593E+37 Abs mean: 0.5593E+37   Fluctuation:  0.487E+37   0.124E+43    99.6%
  6    0.5593E+37 0.5593E+37 +- 0.4869E+37    440.48
 Relative summed weights:
  0.1000E+01  0.0000E+00
 Relative number of events:
  0.1000E+01  0.0000E+00
 Events:
      256000           0
 Found           17  events.
 Wrote            1  events.
 Actual xsec   1.90185214032141108E+038
 Correct abs xsec   1.90185214032141108E+038
 Event xsec   1.90185214032141108E+038
 Events wgts > 1:            0
 % Cross section > 1:    0.0000000000000000        0.0000000000000000     
 Checking number of events   2088.0434648588771                1  chi2:    719.07246496128255     
 Found           17  events.
 Wrote            1  events.
 Actual xsec   1.90185214032141108E+038
 Correct abs xsec   1.90185214032141108E+038
 Event xsec   1.90185214032141108E+038
 Events wgts > 1:            0
 % Cross section > 1:    0.0000000000000000        0.0000000000000000     
 Iteration  7   Mean: 0.5305E+39 Abs mean: 0.5305E+39   Fluctuation:  0.530E+39   0.271E+45    99.6%
  7    0.5305E+39 0.5305E+39 +- 0.5297E+39    714.57
 Relative summed weights:
  0.1000E+01  0.0000E+00
 Relative number of events:
  0.1000E+01  0.0000E+00
 Events:
      512000           0
 Found          143  events.
 Wrote            1  events.
 Actual xsec   3.02179716398071731E+038
 Correct abs xsec   3.02179716398071731E+038
 Event xsec   3.02179716398071731E+038
 Events wgts > 1:            1
 % Cross section > 1:   1.26563116520442689E+031  4.18833924490539759E-006
 Checking number of events   3317.6311063344292                1  chi2:    1855.6136047517748     
 Found          143  events.
 Wrote            1  events.
 Actual xsec   3.02179716398071731E+038
 Correct abs xsec   3.02179716398071731E+038
 Event xsec   3.02179716398071731E+038
 Events wgts > 1:            1
 % Cross section > 1:   1.26563116520442689E+031  4.18833924490539759E-006
 Iteration  8   Mean: 0.2994E+37 Abs mean: 0.2994E+37   Fluctuation:  0.138E+37   0.109E+43    99.6%
  8    0.2994E+37 0.2994E+37 +- 0.1378E+37    465.80
 Relative summed weights:
  0.1000E+01  0.0000E+00
 Relative number of events:
  0.1000E+01  0.0000E+00
 Events:
     1024000           0
 Found           51  events.
 Wrote            3  events.
 Actual xsec   4.71996020520172814E+037
 Correct abs xsec   4.71996020520172814E+037
 Event xsec   4.71996020520172814E+037
 Events wgts > 1:            0
 % Cross section > 1:    0.0000000000000000        0.0000000000000000     
 Checking number of events   862.83570740843493                3  chi2:    1617.5430425782956     
 Found           51  events.
 Wrote            2  events.
 Actual xsec   4.71996020520172814E+037
 Correct abs xsec   4.71996020520172814E+037
 Event xsec   4.71996020520172814E+037
 Events wgts > 1:            0
 % Cross section > 1:    0.0000000000000000        0.0000000000000000     

 -------------------------------------------------------------------------------
 Accumulated results:   Integral =  0.9397E+38
                        Std dev  =  0.2390E+38
                       Cross sec =  0.9397E+38
             Chi**2 per DoF.     =      7.1207
 -------------------------------------------------------------------------------
-------------------------------------------------
---------------------------
 Results Last   3 iters: Integral =   0.7859E+38
                     Abs integral =   0.7859E+38
                         Std dev =   0.2962E+38
                 Chi**2 per DoF. =   1617.5430
-------------------------------------------------
---------------------------

ls status:
events.lhe
ftn25
ftn26
input_sg.txt
log.txt
moffset.dat
results.dat
run_01_ftn26.gz
run_01_log.txt
run_01_results.dat
run_03_ftn26.gz
run_03_log.txt
run_03_results.dat
run1_app.log
