 Process in group number            0
 No PDF is used, alpha_s(MZ) from param_card is used
 Value of alpha_s from param_card:   0.11800000071525575     
 The default order of alpha_s running is fixed to            2
 Warning: pt or E min of a gamma should in general be >0
 Warning: pt or E min of a gamma should in general be >0
 Warning: pt or E min of a gamma should in general be >0
 *****************************************************
 *               MadGraph/MadEvent                   *
 *        --------------------------------           *
 *          http://madgraph.hep.uiuc.edu             *
 *          http://madgraph.phys.ucl.ac.be           *
 *          http://madgraph.roma2.infn.it            *
 *        --------------------------------           *
 *                                                   *
 *          PARAMETER AND COUPLING VALUES            *
 *                                                   *
 *****************************************************

  External Params
  ---------------------------------
  
 aEWM1 =    132.50700378417969     
 mdl_Gf =   1.16639000000000003E-005
 aS =   0.11800000071525575     
 mdl_ymb =    4.6999998092651367     
 mdl_ymt =    173.00000000000000     
 mdl_yme =   5.10999991092830896E-004
 mdl_ymm =   0.10565999895334244     
 mdl_ymtau =    1.7769999504089355     
 mdl_MZ =    91.188003540039063     
 mdl_MT =    173.00000000000000     
 mdl_MB =    4.6999998092651367     
 mdl_MH =    125.00000000000000     
 mdl_Me =   5.10999991092830896E-004
 mdl_MM =   0.10565999895334244     
 mdl_MTA =    1.7769999504089355     
 mdl_WZ =    2.4414041042327881     
 mdl_WW =    2.0476000308990479     
 mdl_WT =    1.4915000200271606     
 mdl_WH =   6.38233916833996773E-003
 mdl_WTau =   2.26999999999999982E-012
  Internal Params
  ---------------------------------
  
 mdl_conjg__CKM3x3 =    1.0000000000000000     
 mdl_CKM3x3 =    1.0000000000000000     
 mdl_conjg__CKM1x1 =    1.0000000000000000     
 mdl_complexi =  (  0.0000000000000000     ,  1.0000000000000000     )
 mdl_MZ__exp__2 =    8315.2519896181766     
 mdl_MZ__exp__4 =    69143415.650849044     
 mdl_sqrt__2 =    1.4142135623730951     
 mdl_MH__exp__2 =    15625.000000000000     
 mdl_aEW =   7.54677089845565054E-003
 mdl_MW =    80.419007276179556     
 mdl_sqrt__aEW =   8.68721526063194194E-002
 mdl_ee =   0.30795376284704501     
 mdl_MW__exp__2 =    6467.2167312862202     
 mdl_sw2 =   0.22224645274001076     
 mdl_cw =   0.88190336616887299     
 mdl_sqrt__sw2 =   0.47143022043565552     
 mdl_sw =   0.47143022043565552     
 mdl_g1 =   0.34919218438279087     
 mdl_gw =   0.65323296958447097     
 mdl_vev =    246.21845810181631     
 mdl_vev__exp__2 =    60623.529110035874     
 mdl_lam =   0.12886910601690271     
 mdl_yb =   2.69955531549349904E-002
 mdl_ye =   2.93504850670934038E-006
 mdl_ym =   6.06883028478528356E-004
 mdl_yt =   0.99366614581500645     
 mdl_ytau =   1.02066167158167895E-002
 mdl_muH =    88.388347648318444     
 mdl_I1x33 =  ( 2.69955531549349904E-002,  0.0000000000000000     )
 mdl_I2x33 =  ( 0.99366614581500645     ,  0.0000000000000000     )
 mdl_I3x33 =  ( 0.99366614581500645     ,  0.0000000000000000     )
 mdl_I4x33 =  ( 2.69955531549349904E-002,  0.0000000000000000     )
 mdl_ee__exp__2 =   9.48355200516540348E-002
 mdl_sw__exp__2 =   0.22224645274001076     
 mdl_cw__exp__2 =   0.77775354725998924     
  Internal Params evaluated point by point
  ----------------------------------------
  
 mdl_sqrt__aS =   0.34351128178744839     
 mdl_G__exp__2 =    1.4828317414825511     
  Couplings of sm-lepton_masses
  ---------------------------------
  
         GC_3 =  -0.00000E+00  -0.30795E+00

 Collider parameters:
 --------------------

 Running at e e   machine @   7.00000000000000067E-002  GeV
 PDF set = none   
 alpha_s(Mz)= 0.1180 running at 2 loops.
 alpha_s(Mz)= 0.1180 running at 2 loops.
 Renormalization scale fixed @    91.188000000000002     
 Factorization scales  fixed @    91.188000000000002        91.188000000000002     


 getting user params
Enter number of events and max and min iterations: 
 Number of events and iterations         1000           9           3
Enter desired fractional accuracy: 
 Desired fractional accuracy:  -4.19009999999999974E-005
Enter 0 for fixed, 2 for adjustable grid: 
Suppress amplitude (0 no, 1 yes)? 
 Using suppressed amplitude.
Exact helicity sum (0 yes, n = number/event)? 
 Explicitly summing over helicities
Enter Configuration Number: 
Running Configuration Number:    1
 Not subdividing B.W.
 Attempting mappinvarients           1           5
 Completed mapping           5
 about to integrate            5        1000           9           3           5           1
 Keeping grid fixed.
  5 dimensions   1000 events  5 invarients  9 iterations  1 config(s),  (0.99)
 Using h-tuple random number sequence.
 Grid read from file
 Grid defined OK
 Set CM energy to          0.07
 Mapping Graph           1  to config           1
 Warning: No cutoff for shat integral found
          Minimum set to    204.08163265306121     
 No modification is setgrid, grid read from file
 Warning: No cutoff for shat integral found
          Minimum set to    204.08163265306121     
 No modification is setgrid, grid read from file
 Masses: 0.511E-03 0.511E-03 0.000E+00 0.000E+00 0.000E+00
   1   1   2   3   4   5
 Got moffset          10
Using random seed offsets     1 :      1
  with seed                   30
 Ranmar initialization seeds        8292       10894
  Particle       3       4       5
      Et >     0.0     0.0     0.0
       E >     0.0     0.0     0.0
     Eta <    -1.0    -1.0    -1.0
   xqcut:      0.0     0.0     0.0
d R # 3  >    -0.0     0.0     0.0
d R # 4  >    -0.0    -0.0     0.0
s min # 3>     0.0     0.0     0.0
s min # 4>     0.0     0.0     0.0
xqcutij # 3>     0.0     0.0     0.0
xqcutij # 4>     0.0     0.0     0.0
 alpha_s for scale    91.188000000000002       is   0.11800000071525575     
 Added good helicity            1   3.4843094735902889       in event            1
 Added good helicity            2   3.7587426566073434       in event            1
 Added good helicity            3  1.96705412750338565E-002  in event            1
 Added good helicity           10  4.30026428786945813E-003  in event            1
 Added good helicity           11   4.4252485570347799       in event            1
 Added good helicity           12   4.3077280519483558       in event            1
 Added good helicity           21   4.3077280519483558       in event            1
 Added good helicity           22   4.4252485570347799       in event            1
 Added good helicity           23  4.30026428786945813E-003  in event            1
 Added good helicity           30  1.96705412750338669E-002  in event            1
 Added good helicity           31   3.7587426566073434       in event            1
 Added good helicity           32   3.4843094735902889       in event            1
 Added good helicity            5  5.19990059536067604E-003  in event            2
 Added good helicity            6  2.13724820826848998E-004  in event            2
 Added good helicity            7  2.35101238746342450E-004  in event            2
 Added good helicity           13  1.55570823790832543E-006  in event            2
 Added good helicity           14  0.12387576082887147       in event            2
 Added good helicity           15   7.5878355199166299       in event            2
 Added good helicity           18   7.5878355199166299       in event            2
 Added good helicity           19  0.12387576082887147       in event            2
 Added good helicity           20  1.55570823790831971E-006  in event            2
 Added good helicity           26  2.35101238746342450E-004  in event            2
 Added good helicity           27  2.13724820826848998E-004  in event            2
 Added good helicity           28  5.19990059536067604E-003  in event            2
 Added good helicity            4  8.25270213988306043E-004  in event            3
 Added good helicity           29  8.25270213988306043E-004  in event            3
 Iteration  1   Mean: 0.1109E+09 Abs mean: 0.1109E+09   Fluctuation:  0.704E+07   0.443E+10    99.4%
  1    0.1109E+09 0.1109E+09 +- 0.7036E+07      2.01
 Writing out events   12400.333329822011        2.0057015993466396     
 Relative summed weights:
  0.1547E+00  0.0000E+00
  0.1822E+00  0.0000E+00
  0.2059E+00  0.0000E+00
  0.1739E+00  0.0000E+00
  0.1170E+00  0.0000E+00
  0.1663E+00  0.0000E+00
 Relative number of events:
  0.1620E+00  0.0000E+00
  0.1770E+00  0.0000E+00
  0.1900E+00  0.0000E+00
  0.1520E+00  0.0000E+00
  0.1430E+00  0.0000E+00
  0.1760E+00  0.0000E+00
 Events:
         162           0
         177           0
         190           0
         152           0
         143           0
         176           0
 Iteration  2   Mean: 0.1228E+09 Abs mean: 0.1228E+09   Fluctuation:  0.832E+07   0.970E+10    99.5%
  2    0.1228E+09 0.1228E+09 +- 0.8321E+07      3.03
 Relative summed weights:
  0.2041E+00  0.0000E+00
  0.1824E+00  0.0000E+00
  0.1655E+00  0.0000E+00
  0.1403E+00  0.0000E+00
  0.1494E+00  0.0000E+00
  0.1585E+00  0.0000E+00
 Relative number of events:
  0.1760E+00  0.0000E+00
  0.1635E+00  0.0000E+00
  0.1645E+00  0.0000E+00
  0.1715E+00  0.0000E+00
  0.1650E+00  0.0000E+00
  0.1595E+00  0.0000E+00
 Events:
         352           0
         327           0
         329           0
         343           0
         330           0
         319           0
 Iteration  3   Mean: 0.1144E+09 Abs mean: 0.1144E+09   Fluctuation:  0.476E+07   0.855E+10    99.4%
  3    0.1144E+09 0.1144E+09 +- 0.4760E+07      2.63
 Relative summed weights:
  0.1810E+00  0.0000E+00
  0.1551E+00  0.0000E+00
  0.1757E+00  0.0000E+00
  0.1919E+00  0.0000E+00
  0.1659E+00  0.0000E+00
  0.1303E+00  0.0000E+00
 Relative number of events:
  0.1630E+00  0.0000E+00
  0.1695E+00  0.0000E+00
  0.1620E+00  0.0000E+00
  0.1655E+00  0.0000E+00
  0.1730E+00  0.0000E+00
  0.1670E+00  0.0000E+00
 Events:
         652           0
         678           0
         648           0
         662           0
         692           0
         668           0
 Found          332  events.
 Wrote           71  events.
 Actual xsec    115343939.89802313     
 Correct abs xsec    115343939.89802313     
 Event xsec    115343939.89802288     
 Events wgts > 1:            3
 % Cross section > 1:    539543.51502696821       0.46776927812938057     
 Checking number of events   4833.0264256670671               71  chi2:   0.61634556028425003     
 Found          332  events.
 Wrote           67  events.
 Actual xsec    115343939.89802313     
 Correct abs xsec    115343939.89802313     
 Event xsec    115343939.89802313     
 Events wgts > 1:            3
 % Cross section > 1:    571595.44142438914       0.49555741023736755     
 Iteration  4   Mean: 0.1194E+09 Abs mean: 0.1194E+09   Fluctuation:  0.405E+07   0.125E+11    99.4%
  4    0.1194E+09 0.1194E+09 +- 0.4052E+07      3.03
 Relative summed weights:
  0.1514E+00  0.0000E+00
  0.1795E+00  0.0000E+00
  0.1521E+00  0.0000E+00
  0.1981E+00  0.0000E+00
  0.1665E+00  0.0000E+00
  0.1524E+00  0.0000E+00
 Relative number of events:
  0.1639E+00  0.0000E+00
  0.1651E+00  0.0000E+00
  0.1646E+00  0.0000E+00
  0.1624E+00  0.0000E+00
  0.1726E+00  0.0000E+00
  0.1714E+00  0.0000E+00
 Events:
        1311           0
        1321           0
        1317           0
        1299           0
        1381           0
        1371           0
 Found          706  events.
 Wrote           93  events.
 Actual xsec    118143450.70278759     
 Correct abs xsec    118143450.70278759     
 Event xsec    118143450.70278774     
 Events wgts > 1:            2
 % Cross section > 1:    967830.21844657953       0.81919921306627486     
 Checking number of events   4950.3287278975031               93  chi2:   0.51305502033258565     
 Found          706  events.
 Wrote          112  events.
 Actual xsec    118143450.70278759     
 Correct abs xsec    118143450.70278759     
 Event xsec    118143450.70278729     
 Events wgts > 1:            2
 % Cross section > 1:    804763.12469677336       0.68117455509346059     
 Iteration  5   Mean: 0.1202E+09 Abs mean: 0.1202E+09   Fluctuation:  0.474E+07   0.352E+11    99.3%
  5    0.1202E+09 0.1202E+09 +- 0.4741E+07      4.99
 Relative summed weights:
  0.1814E+00  0.0000E+00
  0.1504E+00  0.0000E+00
  0.1703E+00  0.0000E+00
  0.1593E+00  0.0000E+00
  0.1616E+00  0.0000E+00
  0.1771E+00  0.0000E+00
 Relative number of events:
  0.1676E+00  0.0000E+00
  0.1663E+00  0.0000E+00
  0.1622E+00  0.0000E+00
  0.1670E+00  0.0000E+00
  0.1637E+00  0.0000E+00
  0.1732E+00  0.0000E+00
 Events:
        2682           0
        2660           0
        2595           0
        2672           0
        2619           0
        2772           0
 Found         1369  events.
 Wrote           60  events.
 Actual xsec    118293837.33797529     
 Correct abs xsec    118293837.33797529     
 Event xsec    118293837.33797510     
 Events wgts > 1:            3
 % Cross section > 1:    426571.74679529620       0.36060352457461164     
 Checking number of events   4956.6300782985027               60  chi2:   0.45193300057424868     
 Found         1369  events.
 Wrote           66  events.
 Actual xsec    118293837.33797529     
 Correct abs xsec    118293837.33797529     
 Event xsec    118293837.33797528     
 Events wgts > 1:            3
 % Cross section > 1:    387919.66544900788       0.32792888807951115     
 Iteration  6   Mean: 0.1191E+09 Abs mean: 0.1191E+09   Fluctuation:  0.434E+07   0.105E+12    99.4%
  6    0.1191E+09 0.1191E+09 +- 0.4339E+07      6.52
 Relative summed weights:
  0.1589E+00  0.0000E+00
  0.1578E+00  0.0000E+00
  0.2120E+00  0.0000E+00
  0.1507E+00  0.0000E+00
  0.1525E+00  0.0000E+00
  0.1680E+00  0.0000E+00
 Relative number of events:
  0.1656E+00  0.0000E+00
  0.1680E+00  0.0000E+00
  0.1648E+00  0.0000E+00
  0.1646E+00  0.0000E+00
  0.1692E+00  0.0000E+00
  0.1678E+00  0.0000E+00
 Events:
        5298           0
        5377           0
        5275           0
        5267           0
        5415           0
        5368           0
 Found         2752  events.
 Wrote           31  events.
 Actual xsec    119561823.52906257     
 Correct abs xsec    119561823.52906257     
 Event xsec    119561823.52906269     
 Events wgts > 1:            1
 % Cross section > 1:   5.34751033410429955E-003  4.47259014312745488E-009
 Checking number of events   5009.7599676912505               31  chi2:   1.44699959606877267E-002
 Found         2752  events.
 Wrote           43  events.
 Actual xsec    119561823.52906257     
 Correct abs xsec    119561823.52906257     
 Event xsec    119561823.52906272     
 Events wgts > 1:            1
 % Cross section > 1:   3.85518185794353485E-003  3.22442544296460100E-009
 Iteration  7   Mean: 0.1386E+09 Abs mean: 0.1386E+09   Fluctuation:  0.164E+08   0.103E+13    99.4%
  7    0.1386E+09 0.1386E+09 +- 0.1641E+08     29.96
 Relative summed weights:
  0.1377E+00  0.0000E+00
  0.1474E+00  0.0000E+00
  0.1566E+00  0.0000E+00
  0.2526E+00  0.0000E+00
  0.1477E+00  0.0000E+00
  0.1580E+00  0.0000E+00
 Relative number of events:
  0.1654E+00  0.0000E+00
  0.1664E+00  0.0000E+00
  0.1665E+00  0.0000E+00
  0.1681E+00  0.0000E+00
  0.1646E+00  0.0000E+00
  0.1690E+00  0.0000E+00
 Events:
       10585           0
       10652           0
       10653           0
       10757           0
       10534           0
       10819           0
 Found         5455  events.
 Wrote            8  events.
 Actual xsec    120552793.94234143     
 Correct abs xsec    120552793.94234143     
 Event xsec    120552793.94234143     
 Events wgts > 1:            0
 % Cross section > 1:    0.0000000000000000        0.0000000000000000     
 Checking number of events   5051.2826189780480                8  chi2:   0.65779317275229021     
 Found         5455  events.
 Wrote            7  events.
 Actual xsec    120552793.94234143     
 Correct abs xsec    120552793.94234143     
 Event xsec    120552793.94234142     
 Events wgts > 1:            0
 % Cross section > 1:    0.0000000000000000        0.0000000000000000     
 Iteration  8   Mean: 0.1190E+09 Abs mean: 0.1190E+09   Fluctuation:  0.180E+07   0.971E+11    99.4%
  8    0.1190E+09 0.1190E+09 +- 0.1795E+07      5.40
 Relative summed weights:
  0.1792E+00  0.0000E+00
  0.1562E+00  0.0000E+00
  0.1618E+00  0.0000E+00
  0.1718E+00  0.0000E+00
  0.1546E+00  0.0000E+00
  0.1762E+00  0.0000E+00
 Relative number of events:
  0.1675E+00  0.0000E+00
  0.1641E+00  0.0000E+00
  0.1675E+00  0.0000E+00
  0.1687E+00  0.0000E+00
  0.1649E+00  0.0000E+00
  0.1673E+00  0.0000E+00
 Events:
       21439           0
       21001           0
       21440           0
       21599           0
       21102           0
       21419           0
 Found         9562  events.
 Wrote          346  events.
 Actual xsec    119261081.35308202     
 Correct abs xsec    119261081.35308202     
 Event xsec    119261081.35308175     
 Events wgts > 1:            6
 % Cross section > 1:    959173.76619940647       0.80426385147364010     
 Checking number of events   4997.1585697754890              346  chi2:   0.70544684408395075     
 Found         9562  events.
 Wrote          335  events.
 Actual xsec    119261081.35308202     
 Correct abs xsec    119261081.35308202     
 Event xsec    119261081.35308078     
 Events wgts > 1:            6
 % Cross section > 1:    990407.47081499698       0.83045320365897601     
 Iteration  9   Mean: 0.1224E+09 Abs mean: 0.1224E+09   Fluctuation:  0.154E+07   0.157E+12    99.4%
  9    0.1224E+09 0.1224E+09 +- 0.1542E+07      6.37
 Relative summed weights:
  0.1654E+00  0.0000E+00
  0.1654E+00  0.0000E+00
  0.1768E+00  0.0000E+00
  0.1630E+00  0.0000E+00
  0.1620E+00  0.0000E+00
  0.1674E+00  0.0000E+00
 Relative number of events:
  0.1662E+00  0.0000E+00
  0.1660E+00  0.0000E+00
  0.1678E+00  0.0000E+00
  0.1667E+00  0.0000E+00
  0.1665E+00  0.0000E+00
  0.1667E+00  0.0000E+00
 Events:
       42558           0
       42502           0
       42957           0
       42667           0
       42635           0
       42681           0
 Found        22160  events.
 Wrote          504  events.
 Actual xsec    121115100.43406178     
 Correct abs xsec    121115100.43406178     
 Event xsec    121115100.43406112     
 Events wgts > 1:            7
 % Cross section > 1:    1106161.3195111377       0.91331412478443741     
 Checking number of events   5074.8438232876224              504  chi2:    1.6346086038584431     
 Found        22160  events.
 Wrote          509  events.
 Actual xsec    121115100.43406178     
 Correct abs xsec    121115100.43406178     
 Event xsec    121115100.43406108     
 Events wgts > 1:            7
 % Cross section > 1:    1095393.5696553662       0.90442361499896828     

 -------------------------------------------------------------------------------
 Accumulated results:   Integral =  0.1204E+09
                        Std dev  =  0.1015E+07
                       Cross sec =  0.1204E+09
             Chi**2 per DoF.     =      0.8978
 -------------------------------------------------------------------------------
-------------------------------------------------
---------------------------
 Results Last   3 iters: Integral =   0.1211E+09
                     Abs integral =   0.1211E+09
                          Std dev =   0.1167E+07
                  Chi**2 per DoF. =      1.6346
-------------------------------------------------
---------------------------
 Status -4.19009999999999974E-005          10           9
 Trying w/ fresh grid
 Starting w/ ncall =         4000
 Keeping grid fixed.
  5 dimensions   4000 events  5 invarients  8 iterations  1 config(s),  (0.99)
 Using h-tuple random number sequence.
 Error opening grid
 Using Uniform Grid!
 Using uniform alpha   1.0000000000000000     
 Grid defined OK
 Warning: No cutoff for shat integral found
          Minimum set to    204.08163265306121     
Setting grid   1    0.20408E+03   1
 Warning: No cutoff for shat integral found
          Minimum set to    204.08163265306121     
Setting grid   2    0.20408E+03   1
Warning xbin not returning correct x   2  0.999988E+00  0.996534E+00  0.2837E+03
Warning xbin not returning correct x   2  0.999995E+00  0.998504E+00  0.2837E+03
Warning xbin not returning correct x   2  0.999987E+00  0.996330E+00  0.2837E+03
Warning xbin not returning correct x   2  0.999995E+00  0.998604E+00  0.2837E+03
Warning xbin not returning correct x   2  0.999992E+00  0.997598E+00  0.2837E+03
Warning xbin still not working well. Last message this iteration.
 Iteration  1   Mean: 0.2446E+08 Abs mean: 0.2446E+08   Fluctuation:  0.735E+07   0.271E+11    99.0%
  1    0.2446E+08 0.2446E+08 +- 0.7354E+07     19.02
 Relative summed weights:
  0.1401E+00  0.0000E+00
  0.1896E+00  0.0000E+00
  0.1009E+00  0.0000E+00
  0.1137E+00  0.0000E+00
  0.7386E-01  0.0000E+00
  0.3818E+00  0.0000E+00
 Relative number of events:
  0.1742E+00  0.0000E+00
  0.1598E+00  0.0000E+00
  0.1680E+00  0.0000E+00
  0.1688E+00  0.0000E+00
  0.1628E+00  0.0000E+00
  0.1665E+00  0.0000E+00
 Events:
         697           0
         639           0
         672           0
         675           0
         651           0
         666           0
Warning xbin not returning correct x   1  0.998427E+00  0.999976E+00  0.1525E-01
Warning xbin not returning correct x   1  0.990886E+00  0.999863E+00  0.1525E-01
Warning xbin not returning correct x   1  0.987510E+00  0.999812E+00  0.1525E-01
Warning xbin not returning correct x   1  0.988548E+00  0.999828E+00  0.1525E-01
Warning xbin not returning correct x   1  0.988190E+00  0.999823E+00  0.1525E-01
Warning xbin still not working well. Last message this iteration.
 Iteration  2   Mean: 0.2822E+07 Abs mean: 0.2822E+07   Fluctuation:  0.195E+06   0.100E+10    92.4%
  2    0.2822E+07 0.2822E+07 +- 0.1951E+06      6.18
 Relative summed weights:
  0.2124E+00  0.0000E+00
  0.1359E+00  0.0000E+00
  0.1575E+00  0.0000E+00
  0.1541E+00  0.0000E+00
  0.1796E+00  0.0000E+00
  0.1605E+00  0.0000E+00
 Relative number of events:
  0.1624E+00  0.0000E+00
  0.1623E+00  0.0000E+00
  0.1718E+00  0.0000E+00
  0.1701E+00  0.0000E+00
  0.1714E+00  0.0000E+00
  0.1621E+00  0.0000E+00
 Events:
        1299           0
        1298           0
        1374           0
        1361           0
        1371           0
        1297           0
 Iteration  3   Mean: 0.8488E+08 Abs mean: 0.8488E+08   Fluctuation:  0.355E+08   0.502E+12    99.9%
  3    0.8488E+08 0.8488E+08 +- 0.3554E+08     52.96
 Relative summed weights:
  0.4255E+00  0.0000E+00
  0.2397E+00  0.0000E+00
  0.4243E-01  0.0000E+00
  0.1746E+00  0.0000E+00
  0.9586E-01  0.0000E+00
  0.2188E-01  0.0000E+00
 Relative number of events:
  0.1638E+00  0.0000E+00
  0.1628E+00  0.0000E+00
  0.1700E+00  0.0000E+00
  0.1670E+00  0.0000E+00
  0.1716E+00  0.0000E+00
  0.1649E+00  0.0000E+00
 Events:
        2620           0
        2604           0
        2720           0
        2672           0
        2746           0
        2638           0
 Found         1942  events.
 Wrote            2  events.
 Actual xsec    5951657.6110709775     
 Correct abs xsec    5951657.6110709775     
 Event xsec    5951657.6110709775     
 Events wgts > 1:            0
 % Cross section > 1:    0.0000000000000000        0.0000000000000000     
 Checking number of events   249.38040556148502                2  chi2:    134.28766235936001     
 Found         1942  events.
 Wrote            2  events.
 Actual xsec    5951657.6110709775     
 Correct abs xsec    5951657.6110709775     
 Event xsec    5951657.6110709775     
 Events wgts > 1:            0
 % Cross section > 1:    0.0000000000000000        0.0000000000000000     
 Iteration  4   Mean: 0.7045E+08 Abs mean: 0.7045E+08   Fluctuation:  0.224E+08   0.701E+12    99.7%
  4    0.7045E+08 0.7045E+08 +- 0.2245E+08     57.00
 Relative summed weights:
  0.7777E-01  0.0000E+00
  0.3937E+00  0.0000E+00
  0.1200E+00  0.0000E+00
  0.1228E+00  0.0000E+00
  0.1347E+00  0.0000E+00
  0.1511E+00  0.0000E+00
 Relative number of events:
  0.1662E+00  0.0000E+00
  0.1683E+00  0.0000E+00
  0.1673E+00  0.0000E+00
  0.1642E+00  0.0000E+00
  0.1658E+00  0.0000E+00
  0.1682E+00  0.0000E+00
 Events:
        5318           0
        5385           0
        5354           0
        5255           0
        5305           0
        5383           0
 Found          841  events.
 Wrote            3  events.
 Actual xsec    7866833.1586099975     
 Correct abs xsec    7866833.1586099975     
 Event xsec    7866833.1586099956     
 Events wgts > 1:            0
 % Cross section > 1:    0.0000000000000000        0.0000000000000000     
 Checking number of events   329.62817617891750                3  chi2:    340.54965364466875     
 Found          841  events.
 Wrote            3  events.
 Actual xsec    7866833.1586099975     
 Correct abs xsec    7866833.1586099975     
 Event xsec    7866833.1586099956     
 Events wgts > 1:            0
 % Cross section > 1:    0.0000000000000000        0.0000000000000000     
 Iteration  5   Mean: 0.9159E+08 Abs mean: 0.9159E+08   Fluctuation:  0.110E+08   0.358E+12    99.5%
  5    0.9159E+08 0.9159E+08 +- 0.1096E+08     30.28
 Relative summed weights:
  0.1932E+00  0.0000E+00
  0.2293E+00  0.0000E+00
  0.1558E+00  0.0000E+00
  0.1765E+00  0.0000E+00
  0.1418E+00  0.0000E+00
  0.1034E+00  0.0000E+00
 Relative number of events:
  0.1687E+00  0.0000E+00
  0.1665E+00  0.0000E+00
  0.1649E+00  0.0000E+00
  0.1665E+00  0.0000E+00
  0.1699E+00  0.0000E+00
  0.1635E+00  0.0000E+00
 Events:
       10797           0
       10653           0
       10554           0
       10655           0
       10874           0
       10467           0
 Found         3417  events.
 Wrote           18  events.
 Actual xsec    88699022.684369013     
 Correct abs xsec    88699022.684369013     
 Event xsec    88699022.684369028     
 Events wgts > 1:            2
 % Cross section > 1:    736192.59658083692       0.82998952446245200     
 Checking number of events   3716.5777494977456               18  chi2:   0.37114705303820805     
 Found         3417  events.
 Wrote           19  events.
 Actual xsec    88699022.684369013     
 Correct abs xsec    88699022.684369013     
 Event xsec    88699022.684368998     
 Events wgts > 1:            2
 % Cross section > 1:    697750.42072915938       0.78664950256787958     
 Fixing grid
 Iteration  6   Mean: 0.1046E+09 Abs mean: 0.1046E+09   Fluctuation:  0.150E+08   0.186E+13    99.5%
  6    0.1046E+09 0.1046E+09 +- 0.1499E+08     51.27
 Relative summed weights:
  0.1446E+00  0.0000E+00
  0.1440E+00  0.0000E+00
  0.1291E+00  0.0000E+00
  0.1530E+00  0.0000E+00
  0.1372E+00  0.0000E+00
  0.2922E+00  0.0000E+00
 Relative number of events:
  0.1655E+00  0.0000E+00
  0.1675E+00  0.0000E+00
  0.1668E+00  0.0000E+00
  0.1670E+00  0.0000E+00
  0.1665E+00  0.0000E+00
  0.1667E+00  0.0000E+00
 Events:
       21180           0
       21438           0
       21351           0
       21375           0
       21318           0
       21338           0
 Found         7825  events.
 Wrote            6  events.
 Actual xsec    94908547.256093994     
 Correct abs xsec    94908547.256093994     
 Event xsec    94908547.256093979     
 Events wgts > 1:            1
 % Cross section > 1:    1.6990962512791157       1.79024576858647294E-006
 Checking number of events   3976.7630385775942                6  chi2:   0.84948243024365433     
 Found         7825  events.
 Wrote            9  events.
 Actual xsec    94908547.256093994     
 Correct abs xsec    94908547.256093994     
 Event xsec    94908547.256093994     
 Events wgts > 1:            1
 % Cross section > 1:    1.1327308397740126       1.19349718494535361E-006
 Iteration  7   Mean: 0.1024E+09 Abs mean: 0.1024E+09   Fluctuation:  0.692E+07   0.137E+13    99.4%
  7    0.1024E+09 0.1024E+09 +- 0.6922E+07     34.20
 Relative summed weights:
  0.1414E+00  0.0000E+00
  0.1575E+00  0.0000E+00
  0.1515E+00  0.0000E+00
  0.1929E+00  0.0000E+00
  0.2066E+00  0.0000E+00
  0.1502E+00  0.0000E+00
 Relative number of events:
  0.1652E+00  0.0000E+00
  0.1679E+00  0.0000E+00
  0.1662E+00  0.0000E+00
  0.1663E+00  0.0000E+00
  0.1671E+00  0.0000E+00
  0.1674E+00  0.0000E+00
 Events:
       42293           0
       42978           0
       42552           0
       42562           0
       42770           0
       42845           0
 Found        14237  events.
 Wrote           17  events.
 Actual xsec    100482833.00371338     
 Correct abs xsec    100482833.00371338     
 Event xsec    100482833.00371335     
 Events wgts > 1:            0
 % Cross section > 1:    0.0000000000000000        0.0000000000000000     
 Checking number of events   4210.3311856885939               17  chi2:   0.40555028508455243     
 Found        14237  events.
 Wrote           20  events.
 Actual xsec    100482833.00371338     
 Correct abs xsec    100482833.00371338     
 Event xsec    100482833.00371341     
 Events wgts > 1:            0
 % Cross section > 1:    0.0000000000000000        0.0000000000000000     
 Iteration  8   Mean: 0.1033E+09 Abs mean: 0.1033E+09   Fluctuation:  0.513E+07   0.178E+13    99.5%
  8    0.1033E+09 0.1033E+09 +- 0.5132E+07     35.56
 Relative summed weights:
  0.1595E+00  0.0000E+00
  0.1437E+00  0.0000E+00
  0.1543E+00  0.0000E+00
  0.2045E+00  0.0000E+00
  0.1788E+00  0.0000E+00
  0.1591E+00  0.0000E+00
 Relative number of events:
  0.1674E+00  0.0000E+00
  0.1666E+00  0.0000E+00
  0.1675E+00  0.0000E+00
  0.1673E+00  0.0000E+00
  0.1660E+00  0.0000E+00
  0.1651E+00  0.0000E+00
 Events:
       85732           0
       85278           0
       85764           0
       85658           0
       85016           0
       84552           0
 Found        28831  events.
 Wrote           35  events.
 Actual xsec    120661123.91535981     
 Correct abs xsec    120661123.91535981     
 Event xsec    120661123.91535980     
 Events wgts > 1:            1
 % Cross section > 1:   0.26918326783925295       2.23090303740314110E-007
 Checking number of events   4318.8472540456560               35  chi2:   1.06200479399929971E-002
 Found        28831  events.
 Wrote           25  events.
 Actual xsec    120661123.91535981     
 Correct abs xsec    120661123.91535981     
 Event xsec    120661123.91535974     
 Events wgts > 1:            1
 % Cross section > 1:   0.37685657478868961       3.12326425082069969E-007

 -------------------------------------------------------------------------------
 Accumulated results:   Integral =  0.7948E+08
                        Std dev  =  0.2541E+07
                       Cross sec =  0.7948E+08
             Chi**2 per DoF.     =     37.2933
 -------------------------------------------------------------------------------
-------------------------------------------------
---------------------------
 Results Last   3 iters: Integral =   0.1031E+09
                     Abs integral =   0.1031E+09
                         Std dev =   0.3975E+07
                 Chi**2 per DoF. =      0.0106
-------------------------------------------------
---------------------------

ls status:
events.lhe
ftn25
ftn26
input_sg.txt
log.txt
moffset.dat
results.dat
run1_app.log
