 Process in group number            0
 No PDF is used, alpha_s(MZ) from param_card is used
 Value of alpha_s from param_card:   0.11800000071525575     
 The default order of alpha_s running is fixed to            2
 Warning: pt or E min of a gamma should in general be >0
 Warning: pt or E min of a gamma should in general be >0
 Warning: pt or E min of a gamma should in general be >0
 *****************************************************
 *               MadGraph/MadEvent                   *
 *        --------------------------------           *
 *          http://madgraph.hep.uiuc.edu             *
 *          http://madgraph.phys.ucl.ac.be           *
 *          http://madgraph.roma2.infn.it            *
 *        --------------------------------           *
 *                                                   *
 *          PARAMETER AND COUPLING VALUES            *
 *                                                   *
 *****************************************************

  External Params
  ---------------------------------
  
 aEWM1 =    132.50700378417969     
 mdl_Gf =   1.16639000000000003E-005
 aS =   0.11800000071525575     
 mdl_ymb =    4.6999998092651367     
 mdl_ymt =    173.00000000000000     
 mdl_yme =   5.10999991092830896E-004
 mdl_ymm =   0.10565999895334244     
 mdl_ymtau =    1.7769999504089355     
 mdl_MZ =    91.188003540039063     
 mdl_MT =    173.00000000000000     
 mdl_MB =    4.6999998092651367     
 mdl_MH =    125.00000000000000     
 mdl_Me =   5.10999991092830896E-004
 mdl_MM =   0.10565999895334244     
 mdl_MTA =    1.7769999504089355     
 mdl_WZ =    2.4414041042327881     
 mdl_WW =    2.0476000308990479     
 mdl_WT =    1.4915000200271606     
 mdl_WH =   6.38233916833996773E-003
 mdl_WTau =   2.26999999999999982E-012
  Internal Params
  ---------------------------------
  
 mdl_conjg__CKM3x3 =    1.0000000000000000     
 mdl_CKM3x3 =    1.0000000000000000     
 mdl_conjg__CKM1x1 =    1.0000000000000000     
 mdl_complexi =  (  0.0000000000000000     ,  1.0000000000000000     )
 mdl_MZ__exp__2 =    8315.2519896181766     
 mdl_MZ__exp__4 =    69143415.650849044     
 mdl_sqrt__2 =    1.4142135623730951     
 mdl_MH__exp__2 =    15625.000000000000     
 mdl_aEW =   7.54677089845565054E-003
 mdl_MW =    80.419007276179556     
 mdl_sqrt__aEW =   8.68721526063194194E-002
 mdl_ee =   0.30795376284704501     
 mdl_MW__exp__2 =    6467.2167312862202     
 mdl_sw2 =   0.22224645274001076     
 mdl_cw =   0.88190336616887299     
 mdl_sqrt__sw2 =   0.47143022043565552     
 mdl_sw =   0.47143022043565552     
 mdl_g1 =   0.34919218438279087     
 mdl_gw =   0.65323296958447097     
 mdl_vev =    246.21845810181631     
 mdl_vev__exp__2 =    60623.529110035874     
 mdl_lam =   0.12886910601690271     
 mdl_yb =   2.69955531549349904E-002
 mdl_ye =   2.93504850670934038E-006
 mdl_ym =   6.06883028478528356E-004
 mdl_yt =   0.99366614581500645     
 mdl_ytau =   1.02066167158167895E-002
 mdl_muH =    88.388347648318444     
 mdl_I1x33 =  ( 2.69955531549349904E-002,  0.0000000000000000     )
 mdl_I2x33 =  ( 0.99366614581500645     ,  0.0000000000000000     )
 mdl_I3x33 =  ( 0.99366614581500645     ,  0.0000000000000000     )
 mdl_I4x33 =  ( 2.69955531549349904E-002,  0.0000000000000000     )
 mdl_ee__exp__2 =   9.48355200516540348E-002
 mdl_sw__exp__2 =   0.22224645274001076     
 mdl_cw__exp__2 =   0.77775354725998924     
  Internal Params evaluated point by point
  ----------------------------------------
  
 mdl_sqrt__aS =   0.34351128178744839     
 mdl_G__exp__2 =    1.4828317414825511     
  Couplings of sm-lepton_masses
  ---------------------------------
  
         GC_3 =  -0.00000E+00  -0.30795E+00

 Collider parameters:
 --------------------

 Running at e e   machine @   7.00000000000000067E-002  GeV
 PDF set = none   
 alpha_s(Mz)= 0.1180 running at 2 loops.
 alpha_s(Mz)= 0.1180 running at 2 loops.
 Renormalization scale fixed @    91.188000000000002     
 Factorization scales  fixed @    91.188000000000002        91.188000000000002     


 getting user params
Enter number of events and max and min iterations: 
 Number of events and iterations         1000           9           3
Enter desired fractional accuracy: 
 Desired fractional accuracy:  -4.19009999999999974E-005
Enter 0 for fixed, 2 for adjustable grid: 
Suppress amplitude (0 no, 1 yes)? 
 Using suppressed amplitude.
Exact helicity sum (0 yes, n = number/event)? 
 Explicitly summing over helicities
Enter Configuration Number: 
Running Configuration Number:    1
 Not subdividing B.W.
 Attempting mappinvarients           1           5
 Completed mapping           5
 about to integrate            5        1000           9           3           5           1
 Keeping grid fixed.
  5 dimensions   1000 events  5 invarients  9 iterations  1 config(s),  (0.99)
 Using h-tuple random number sequence.
 Grid read from file
 Grid defined OK
 Set CM energy to          0.07
 Mapping Graph           1  to config           1
 Warning: No cutoff for shat integral found
          Minimum set to    204.08163265306121     
 No modification is setgrid, grid read from file
 Warning: No cutoff for shat integral found
          Minimum set to    204.08163265306121     
 No modification is setgrid, grid read from file
 Masses: 0.511E-03 0.511E-03 0.000E+00 0.000E+00 0.000E+00
   1   1   2   3   4   5
 Got moffset          25
Using random seed offsets     1 :      1
  with seed                   30
 Ranmar initialization seeds        8292       28168
  Particle       3       4       5
      Et >     0.0     0.0     0.0
       E >     0.0     0.0     0.0
     Eta <    -1.0    -1.0    -1.0
   xqcut:      0.0     0.0     0.0
d R # 3  >    -0.0     0.0     0.0
d R # 4  >    -0.0    -0.0     0.0
s min # 3>     0.0     0.0     0.0
s min # 4>     0.0     0.0     0.0
xqcutij # 3>     0.0     0.0     0.0
xqcutij # 4>     0.0     0.0     0.0
 alpha_s for scale    91.188000000000002       is   0.11800000071525575     
 Added good helicity            1  3.47160742737582118E-003  in event            1
 Added good helicity            2  6.50217727924356018E-004  in event            1
 Added good helicity            3  6.50211866928665180E-004  in event            1
 Added good helicity            5  3.47160013899265596E-003  in event            1
 Added good helicity            6  6.50212794041527789E-004  in event            1
 Added good helicity            7  6.50211735827751743E-004  in event            1
 Added good helicity           10   6.5814553302023651       in event            1
 Added good helicity           11   1.4137619024297821       in event            1
 Added good helicity           14   6.5814767929796592       in event            1
 Added good helicity           15   1.4137619126773768       in event            1
 Added good helicity           18   1.4137619126773768       in event            1
 Added good helicity           19   6.5814767929796592       in event            1
 Added good helicity           22   1.4137619024297821       in event            1
 Added good helicity           23   6.5814553302023651       in event            1
 Added good helicity           26  6.50211735827751743E-004  in event            1
 Added good helicity           27  6.50212794041527789E-004  in event            1
 Added good helicity           28  3.47160013899265596E-003  in event            1
 Added good helicity           30  6.50211866928665180E-004  in event            1
 Added good helicity           31  6.50217727924356018E-004  in event            1
 Added good helicity           32  3.47160742737582205E-003  in event            1
 Added good helicity           12   7.2834258468565354       in event            3
 Added good helicity           13  1.40008064509123914E-006  in event            3
 Added good helicity           20  1.40008064509123914E-006  in event            3
 Added good helicity           21   7.2834258468565354       in event            3
 Added good helicity            4  1.90990179703444819E-004  in event            4
 Added good helicity           29  1.90990179703444765E-004  in event            4
 Iteration  1   Mean: 0.2843E+09 Abs mean: 0.2843E+09   Fluctuation:  0.174E+09   0.174E+12    99.5%
  1    0.2843E+09 0.2843E+09 +- 0.1741E+09     19.37
 Writing out events   31750.878443935260        19.366371678634888     
 Relative summed weights:
  0.6624E-01  0.0000E+00
  0.6798E-01  0.0000E+00
  0.8959E-01  0.0000E+00
  0.6549E-01  0.0000E+00
  0.4528E-01  0.0000E+00
  0.6654E+00  0.0000E+00
 Relative number of events:
  0.1700E+00  0.0000E+00
  0.1700E+00  0.0000E+00
  0.1760E+00  0.0000E+00
  0.1700E+00  0.0000E+00
  0.1500E+00  0.0000E+00
  0.1640E+00  0.0000E+00
 Events:
         170           0
         170           0
         176           0
         170           0
         150           0
         164           0
 Iteration  2   Mean: 0.1128E+09 Abs mean: 0.1128E+09   Fluctuation:  0.619E+07   0.814E+10    99.6%
  2    0.1128E+09 0.1128E+09 +- 0.6187E+07      2.45
 Relative summed weights:
  0.1642E+00  0.0000E+00
  0.1853E+00  0.0000E+00
  0.1787E+00  0.0000E+00
  0.1588E+00  0.0000E+00
  0.1250E+00  0.0000E+00
  0.1880E+00  0.0000E+00
 Relative number of events:
  0.1800E+00  0.0000E+00
  0.1655E+00  0.0000E+00
  0.1740E+00  0.0000E+00
  0.1615E+00  0.0000E+00
  0.1510E+00  0.0000E+00
  0.1680E+00  0.0000E+00
 Events:
         360           0
         331           0
         348           0
         323           0
         302           0
         336           0
 Iteration  3   Mean: 0.1395E+09 Abs mean: 0.1395E+09   Fluctuation:  0.223E+08   0.829E+11    99.4%
  3    0.1395E+09 0.1395E+09 +- 0.2229E+08     10.11
 Relative summed weights:
  0.1586E+00  0.0000E+00
  0.1649E+00  0.0000E+00
  0.1237E+00  0.0000E+00
  0.2879E+00  0.0000E+00
  0.1365E+00  0.0000E+00
  0.1284E+00  0.0000E+00
 Relative number of events:
  0.1633E+00  0.0000E+00
  0.1655E+00  0.0000E+00
  0.1683E+00  0.0000E+00
  0.1625E+00  0.0000E+00
  0.1690E+00  0.0000E+00
  0.1715E+00  0.0000E+00
 Events:
         653           0
         662           0
         673           0
         650           0
         676           0
         686           0
 Found          334  events.
 Wrote            9  events.
 Actual xsec    116777036.50637998     
 Correct abs xsec    116777036.50637998     
 Event xsec    116777036.50637999     
 Events wgts > 1:            0
 % Cross section > 1:    0.0000000000000000        0.0000000000000000     
 Checking number of events   4893.0746066538268                9  chi2:    1.1923276308224275     
 Found          334  events.
 Wrote            6  events.
 Actual xsec    116777036.50637998     
 Correct abs xsec    116777036.50637998     
 Event xsec    116777036.50638001     
 Events wgts > 1:            0
 % Cross section > 1:    0.0000000000000000        0.0000000000000000     
 Iteration  4   Mean: 0.1122E+09 Abs mean: 0.1122E+09   Fluctuation:  0.534E+07   0.339E+11    99.6%
  4    0.1122E+09 0.1122E+09 +- 0.5336E+07      4.25
 Relative summed weights:
  0.1555E+00  0.0000E+00
  0.1715E+00  0.0000E+00
  0.1920E+00  0.0000E+00
  0.1541E+00  0.0000E+00
  0.1421E+00  0.0000E+00
  0.1847E+00  0.0000E+00
 Relative number of events:
  0.1714E+00  0.0000E+00
  0.1706E+00  0.0000E+00
  0.1638E+00  0.0000E+00
  0.1635E+00  0.0000E+00
  0.1646E+00  0.0000E+00
  0.1661E+00  0.0000E+00
 Events:
        1371           0
        1365           0
        1310           0
        1308           0
        1317           0
        1329           0
 Found          602  events.
 Wrote           25  events.
 Actual xsec    113732136.84716411     
 Correct abs xsec    113732136.84716411     
 Event xsec    113732136.84716411     
 Events wgts > 1:            0
 % Cross section > 1:    0.0000000000000000        0.0000000000000000     
 Checking number of events   4765.4902660330226               25  chi2:   0.72114956030408817     
 Found          602  events.
 Wrote           26  events.
 Actual xsec    113732136.84716411     
 Correct abs xsec    113732136.84716411     
 Event xsec    113732136.84716417     
 Events wgts > 1:            0
 % Cross section > 1:    0.0000000000000000        0.0000000000000000     
 Iteration  5   Mean: 0.1202E+09 Abs mean: 0.1202E+09   Fluctuation:  0.386E+07   0.259E+11    99.6%
  5    0.1202E+09 0.1202E+09 +- 0.3855E+07      4.06
 Relative summed weights:
  0.1742E+00  0.0000E+00
  0.1623E+00  0.0000E+00
  0.1971E+00  0.0000E+00
  0.1634E+00  0.0000E+00
  0.1540E+00  0.0000E+00
  0.1490E+00  0.0000E+00
 Relative number of events:
  0.1660E+00  0.0000E+00
  0.1662E+00  0.0000E+00
  0.1651E+00  0.0000E+00
  0.1663E+00  0.0000E+00
  0.1679E+00  0.0000E+00
  0.1685E+00  0.0000E+00
 Events:
        2656           0
        2659           0
        2642           0
        2660           0
        2687           0
        2696           0
 Found         1459  events.
 Wrote           89  events.
 Actual xsec    118287018.66782820     
 Correct abs xsec    118287018.66782820     
 Event xsec    118287018.66782820     
 Events wgts > 1:            4
 % Cross section > 1:    603568.08884933009       0.51025725024337687     
 Checking number of events   4956.3443692006695               89  chi2:    1.2298006277664464     
 Found         1459  events.
 Wrote          100  events.
 Actual xsec    118287018.66782820     
 Correct abs xsec    118287018.66782820     
 Event xsec    118287018.66782810     
 Events wgts > 1:            4
 % Cross section > 1:    537477.27592047048       0.45438399071482766     
 Iteration  6   Mean: 0.1224E+09 Abs mean: 0.1224E+09   Fluctuation:  0.457E+07   0.125E+12    99.5%
  6    0.1224E+09 0.1224E+09 +- 0.4566E+07      6.67
 Relative summed weights:
  0.1521E+00  0.0000E+00
  0.1952E+00  0.0000E+00
  0.1582E+00  0.0000E+00
  0.1630E+00  0.0000E+00
  0.1734E+00  0.0000E+00
  0.1582E+00  0.0000E+00
 Relative number of events:
  0.1663E+00  0.0000E+00
  0.1643E+00  0.0000E+00
  0.1651E+00  0.0000E+00
  0.1652E+00  0.0000E+00
  0.1708E+00  0.0000E+00
  0.1683E+00  0.0000E+00
 Events:
        5321           0
        5259           0
        5284           0
        5286           0
        5465           0
        5385           0
 Found         2766  events.
 Wrote           28  events.
 Actual xsec    119288505.51109980     
 Correct abs xsec    119288505.51109980     
 Event xsec    119288505.51109979     
 Events wgts > 1:            0
 % Cross section > 1:    0.0000000000000000        0.0000000000000000     
 Checking number of events   4998.3076694205920               28  chi2:    1.1488545045384442     
 Found         2766  events.
 Wrote           38  events.
 Actual xsec    119288505.51109980     
 Correct abs xsec    119288505.51109980     
 Event xsec    119288505.51109977     
 Events wgts > 1:            0
 % Cross section > 1:    0.0000000000000000        0.0000000000000000     
 Iteration  7   Mean: 0.1239E+09 Abs mean: 0.1239E+09   Fluctuation:  0.326E+07   0.110E+12    99.6%
  7    0.1239E+09 0.1239E+09 +- 0.3263E+07      6.66
 Relative summed weights:
  0.1692E+00  0.0000E+00
  0.1586E+00  0.0000E+00
  0.1556E+00  0.0000E+00
  0.1638E+00  0.0000E+00
  0.1673E+00  0.0000E+00
  0.1855E+00  0.0000E+00
 Relative number of events:
  0.1679E+00  0.0000E+00
  0.1651E+00  0.0000E+00
  0.1650E+00  0.0000E+00
  0.1669E+00  0.0000E+00
  0.1691E+00  0.0000E+00
  0.1659E+00  0.0000E+00
 Events:
       10747           0
       10566           0
       10561           0
       10682           0
       10825           0
       10619           0
 Found         5391  events.
 Wrote           81  events.
 Actual xsec    122397086.00341728     
 Correct abs xsec    122397086.00341728     
 Event xsec    122397086.00341776     
 Events wgts > 1:            2
 % Cross section > 1:    456134.07178957621       0.37266742753731846     
 Checking number of events   5128.5603006291876               81  chi2:   0.26229451511031010     
 Found         5391  events.
 Wrote           91  events.
 Actual xsec    122397086.00341728     
 Correct abs xsec    122397086.00341728     
 Event xsec    122397086.00341761     
 Events wgts > 1:            2
 % Cross section > 1:    406175.78751144698       0.33185086408029812     
 Iteration  8   Mean: 0.1236E+09 Abs mean: 0.1236E+09   Fluctuation:  0.262E+07   0.207E+12    99.5%
  8    0.1236E+09 0.1236E+09 +- 0.2622E+07      7.59
 Relative summed weights:
  0.1809E+00  0.0000E+00
  0.1545E+00  0.0000E+00
  0.1630E+00  0.0000E+00
  0.1740E+00  0.0000E+00
  0.1632E+00  0.0000E+00
  0.1644E+00  0.0000E+00
 Relative number of events:
  0.1675E+00  0.0000E+00
  0.1652E+00  0.0000E+00
  0.1667E+00  0.0000E+00
  0.1674E+00  0.0000E+00
  0.1657E+00  0.0000E+00
  0.1676E+00  0.0000E+00
 Events:
       21440           0
       21147           0
       21333           0
       21421           0
       21208           0
       21451           0
 Found        10678  events.
 Wrote          133  events.
 Actual xsec    123470986.69699855     
 Correct abs xsec    123470986.69699855     
 Event xsec    123470986.69699860     
 Events wgts > 1:            3
 % Cross section > 1:    772427.68805150909       0.62559448880656399     
 Checking number of events   5173.5578135909363              133  chi2:   3.46781357051670278E-002
 Found        10678  events.
 Wrote          128  events.
 Actual xsec    123470986.69699855     
 Correct abs xsec    123470986.69699855     
 Event xsec    123470986.69699870     
 Events wgts > 1:            3
 % Cross section > 1:    802404.55872940610       0.64987296221948043     
 Iteration  9   Mean: 0.1205E+09 Abs mean: 0.1205E+09   Fluctuation:  0.177E+07   0.331E+12    99.5%
  9    0.1205E+09 0.1205E+09 +- 0.1775E+07      7.45
 Relative summed weights:
  0.1678E+00  0.0000E+00
  0.1680E+00  0.0000E+00
  0.1683E+00  0.0000E+00
  0.1703E+00  0.0000E+00
  0.1681E+00  0.0000E+00
  0.1574E+00  0.0000E+00
 Relative number of events:
  0.1668E+00  0.0000E+00
  0.1679E+00  0.0000E+00
  0.1670E+00  0.0000E+00
  0.1662E+00  0.0000E+00
  0.1662E+00  0.0000E+00
  0.1659E+00  0.0000E+00
 Events:
       42710           0
       42986           0
       42741           0
       42542           0
       42543           0
       42478           0
 Found        21245  events.
 Wrote          436  events.
 Actual xsec    121929245.27299041     
 Correct abs xsec    121929245.27299041     
 Event xsec    121929245.27298956     
 Events wgts > 1:            4
 % Cross section > 1:    1069805.8733613396       0.87739891357986532     
 Checking number of events   5108.9573061835708              436  chi2:   0.67498708770712257     
 Found        21245  events.
 Wrote          423  events.
 Actual xsec    121929245.27299041     
 Correct abs xsec    121929245.27299041     
 Event xsec    121929245.27299082     
 Events wgts > 1:            4
 % Cross section > 1:    1102386.8096854680       0.90412009622244693     

 -------------------------------------------------------------------------------
 Accumulated results:   Integral =  0.1212E+09
                        Std dev  =  0.1168E+07
                       Cross sec =  0.1212E+09
             Chi**2 per DoF.     =      1.4478
 -------------------------------------------------------------------------------
-------------------------------------------------
---------------------------
 Results Last   3 iters: Integral =   0.1219E+09
                     Abs integral =   0.1219E+09
                          Std dev =   0.1340E+07
                  Chi**2 per DoF. =      0.6750
-------------------------------------------------
---------------------------
 Status -4.19009999999999974E-005          10           9
 Trying w/ fresh grid
 Starting w/ ncall =         4000
 Keeping grid fixed.
  5 dimensions   4000 events  5 invarients  8 iterations  1 config(s),  (0.99)
 Using h-tuple random number sequence.
 Error opening grid
 Using Uniform Grid!
 Using uniform alpha   1.0000000000000000     
 Grid defined OK
 Warning: No cutoff for shat integral found
          Minimum set to    204.08163265306121     
Setting grid   1    0.20408E+03   1
 Warning: No cutoff for shat integral found
          Minimum set to    204.08163265306121     
Setting grid   2    0.20408E+03   1
Warning xbin not returning correct x   2  0.999981E+00  0.994638E+00  0.2837E+03
Warning xbin not returning correct x   2  0.999995E+00  0.998567E+00  0.2837E+03
Warning xbin not returning correct x   2  0.999991E+00  0.997345E+00  0.2837E+03
Warning xbin not returning correct x   2  0.999994E+00  0.998366E+00  0.2837E+03
Warning xbin not returning correct x   2  0.999987E+00  0.996254E+00  0.2837E+03
Warning xbin still not working well. Last message this iteration.
 Iteration  1   Mean: 0.3364E+08 Abs mean: 0.3364E+08   Fluctuation:  0.723E+07   0.158E+11    98.9%
  1    0.3364E+08 0.3364E+08 +- 0.7230E+07     13.59
 Relative summed weights:
  0.3212E+00  0.0000E+00
  0.8793E-01  0.0000E+00
  0.1763E+00  0.0000E+00
  0.8449E-01  0.0000E+00
  0.1037E+00  0.0000E+00
  0.2263E+00  0.0000E+00
 Relative number of events:
  0.1703E+00  0.0000E+00
  0.1785E+00  0.0000E+00
  0.1575E+00  0.0000E+00
  0.1668E+00  0.0000E+00
  0.1618E+00  0.0000E+00
  0.1653E+00  0.0000E+00
 Events:
         681           0
         714           0
         630           0
         667           0
         647           0
         661           0
Warning xbin not returning correct x   1  0.984942E+00  0.999768E+00  0.1568E-01
Warning xbin not returning correct x   1  0.987935E+00  0.999814E+00  0.1568E-01
Warning xbin not returning correct x   1  0.995124E+00  0.999925E+00  0.1568E-01
Warning xbin not returning correct x   1  0.994197E+00  0.999910E+00  0.1568E-01
Warning xbin not returning correct x   1  0.984678E+00  0.999764E+00  0.1568E-01
Warning xbin still not working well. Last message this iteration.
 Iteration  2   Mean: 0.2801E+07 Abs mean: 0.2801E+07   Fluctuation:  0.172E+06   0.648E+09    91.3%
  2    0.2801E+07 0.2801E+07 +- 0.1716E+06      5.48
 Relative summed weights:
  0.2248E+00  0.0000E+00
  0.1591E+00  0.0000E+00
  0.1577E+00  0.0000E+00
  0.1507E+00  0.0000E+00
  0.1669E+00  0.0000E+00
  0.1408E+00  0.0000E+00
 Relative number of events:
  0.1742E+00  0.0000E+00
  0.1583E+00  0.0000E+00
  0.1681E+00  0.0000E+00
  0.1694E+00  0.0000E+00
  0.1630E+00  0.0000E+00
  0.1670E+00  0.0000E+00
 Events:
        1394           0
        1266           0
        1345           0
        1355           0
        1304           0
        1336           0
 Iteration  3   Mean: 0.3137E+08 Abs mean: 0.3137E+08   Fluctuation:  0.643E+07   0.771E+11    99.9%
  3    0.3137E+08 0.3137E+08 +- 0.6430E+07     25.93
 Relative summed weights:
  0.6760E-01  0.0000E+00
  0.1639E+00  0.0000E+00
  0.1043E+00  0.0000E+00
  0.1316E+00  0.0000E+00
  0.2054E+00  0.0000E+00
  0.3271E+00  0.0000E+00
 Relative number of events:
  0.1655E+00  0.0000E+00
  0.1706E+00  0.0000E+00
  0.1677E+00  0.0000E+00
  0.1619E+00  0.0000E+00
  0.1718E+00  0.0000E+00
  0.1625E+00  0.0000E+00
 Events:
        2648           0
        2730           0
        2683           0
        2591           0
        2748           0
        2600           0
 Found         1922  events.
 Wrote            6  events.
 Actual xsec    7121370.3130579283     
 Correct abs xsec    7121370.3130579283     
 Event xsec    7121370.3130579274     
 Events wgts > 1:            1
 % Cross section > 1:   0.20287522231228650       2.84882281630951379E-006
 Checking number of events   298.39253748744022                6  chi2:    330.99865549265371     
 Found         1922  events.
 Wrote            6  events.
 Actual xsec    7121370.3130579283     
 Correct abs xsec    7121370.3130579283     
 Event xsec    7121370.3130579274     
 Events wgts > 1:            1
 % Cross section > 1:   0.20287522231228650       2.84882281630951379E-006
 Iteration  4   Mean: 0.6418E+08 Abs mean: 0.6418E+08   Fluctuation:  0.134E+08   0.258E+12    99.9%
  4    0.6418E+08 0.6418E+08 +- 0.1339E+08     37.33
 Relative summed weights:
  0.1116E+00  0.0000E+00
  0.1035E+00  0.0000E+00
  0.1956E+00  0.0000E+00
  0.2123E+00  0.0000E+00
  0.1175E+00  0.0000E+00
  0.2595E+00  0.0000E+00
 Relative number of events:
  0.1651E+00  0.0000E+00
  0.1673E+00  0.0000E+00
  0.1666E+00  0.0000E+00
  0.1669E+00  0.0000E+00
  0.1670E+00  0.0000E+00
  0.1671E+00  0.0000E+00
 Events:
        5283           0
        5353           0
        5330           0
        5342           0
        5345           0
        5347           0
 Found         1383  events.
 Wrote            8  events.
 Actual xsec    9470683.6900129132     
 Correct abs xsec    9470683.6900129132     
 Event xsec    9470683.6900129113     
 Events wgts > 1:            2
 % Cross section > 1:    93713.155556491343       0.98950781827202572     
 Checking number of events   396.83111729523102                8  chi2:    769.95376183228382     
 Found         1383  events.
 Wrote            5  events.
 Actual xsec    9470683.6900129132     
 Correct abs xsec    9470683.6900129132     
 Event xsec    9470683.6900129132     
 Events wgts > 1:            2
 % Cross section > 1:    149056.09585711570        1.5738683788404768     
 Iteration  5   Mean: 0.1013E+09 Abs mean: 0.1013E+09   Fluctuation:  0.226E+08   0.136E+13    99.8%
  5    0.1013E+09 0.1013E+09 +- 0.2259E+08     56.42
 Relative summed weights:
  0.1956E+00  0.0000E+00
  0.9852E-01  0.0000E+00
  0.1060E+00  0.0000E+00
  0.1494E+00  0.0000E+00
  0.3512E+00  0.0000E+00
  0.9924E-01  0.0000E+00
 Relative number of events:
  0.1667E+00  0.0000E+00
  0.1645E+00  0.0000E+00
  0.1668E+00  0.0000E+00
  0.1667E+00  0.0000E+00
  0.1676E+00  0.0000E+00
  0.1678E+00  0.0000E+00
 Events:
       10668           0
       10525           0
       10674           0
       10669           0
       10727           0
       10737           0
 Found         3555  events.
 Wrote            5  events.
 Actual xsec    63651780.093483292     
 Correct abs xsec    63651780.093483292     
 Event xsec    63651780.093483292     
 Events wgts > 1:            0
 % Cross section > 1:    0.0000000000000000        0.0000000000000000     
 Checking number of events   2667.0732376970432                5  chi2:    13.987104297686081     
 Found         3555  events.
 Wrote            5  events.
 Actual xsec    63651780.093483292     
 Correct abs xsec    63651780.093483292     
 Event xsec    63651780.093483292     
 Events wgts > 1:            0
 % Cross section > 1:    0.0000000000000000        0.0000000000000000     
 Fixing grid
 Iteration  6   Mean: 0.1009E+09 Abs mean: 0.1009E+09   Fluctuation:  0.994E+07   0.104E+13    99.1%
  6    0.1009E+09 0.1009E+09 +- 0.9942E+07     35.26
 Relative summed weights:
  0.2315E+00  0.0000E+00
  0.1300E+00  0.0000E+00
  0.1329E+00  0.0000E+00
  0.1320E+00  0.0000E+00
  0.1498E+00  0.0000E+00
  0.2238E+00  0.0000E+00
 Relative number of events:
  0.1661E+00  0.0000E+00
  0.1679E+00  0.0000E+00
  0.1672E+00  0.0000E+00
  0.1657E+00  0.0000E+00
  0.1665E+00  0.0000E+00
  0.1666E+00  0.0000E+00
 Events:
       21259           0
       21486           0
       21399           0
       21210           0
       21316           0
       21330           0
 Found         6872  events.
 Wrote           14  events.
 Actual xsec    95162811.700184718     
 Correct abs xsec    95162811.700184718     
 Event xsec    95162811.700184658     
 Events wgts > 1:            1
 % Cross section > 1:    2.2925922321155667       2.40912620293155785E-006
 Checking number of events   3987.4169730494395               14  chi2:    2.8767656209945742     
 Found         6872  events.
 Wrote           13  events.
 Actual xsec    95162811.700184718     
 Correct abs xsec    95162811.700184718     
 Event xsec    95162811.700184688     
 Events wgts > 1:            1
 % Cross section > 1:    2.4689454762265086       2.59444359841431310E-006
 Iteration  7   Mean: 0.9786E+08 Abs mean: 0.9786E+08   Fluctuation:  0.484E+07   0.622E+12    99.0%
  7    0.9786E+08 0.9786E+08 +- 0.4837E+07     25.01
 Relative summed weights:
  0.1822E+00  0.0000E+00
  0.1606E+00  0.0000E+00
  0.1379E+00  0.0000E+00
  0.1778E+00  0.0000E+00
  0.1416E+00  0.0000E+00
  0.2000E+00  0.0000E+00
 Relative number of events:
  0.1670E+00  0.0000E+00
  0.1668E+00  0.0000E+00
  0.1674E+00  0.0000E+00
  0.1658E+00  0.0000E+00
  0.1658E+00  0.0000E+00
  0.1671E+00  0.0000E+00
 Events:
       42751           0
       42703           0
       42867           0
       42440           0
       42452           0
       42787           0
 Found        13635  events.
 Wrote           43  events.
 Actual xsec    98571113.678932071     
 Correct abs xsec    98571113.678932071     
 Event xsec    98571113.678932071     
 Events wgts > 1:            3
 % Cross section > 1:    1028898.0183332311        1.0438129183409448     
 Checking number of events   4130.2282342609324               43  chi2:   4.49449392502804246E-002
 Found        13635  events.
 Wrote           45  events.
 Actual xsec    98571113.678932071     
 Correct abs xsec    98571113.678932071     
 Event xsec    98571113.678932026     
 Events wgts > 1:            3
 % Cross section > 1:    983625.53798213368       0.99788416836398963     
 Iteration  8   Mean: 0.1032E+09 Abs mean: 0.1032E+09   Fluctuation:  0.457E+07   0.114E+13    99.1%
  8    0.1032E+09 0.1032E+09 +- 0.4574E+07     31.71
 Relative summed weights:
  0.1542E+00  0.0000E+00
  0.1634E+00  0.0000E+00
  0.1796E+00  0.0000E+00
  0.1588E+00  0.0000E+00
  0.1741E+00  0.0000E+00
  0.1698E+00  0.0000E+00
 Relative number of events:
  0.1665E+00  0.0000E+00
  0.1665E+00  0.0000E+00
  0.1672E+00  0.0000E+00
  0.1663E+00  0.0000E+00
  0.1673E+00  0.0000E+00
  0.1662E+00  0.0000E+00
 Events:
       85238           0
       85269           0
       85587           0
       85131           0
       85662           0
       85113           0
 Found        27979  events.
 Wrote           49  events.
 Actual xsec    117265724.92439045     
 Correct abs xsec    117265724.92439045     
 Event xsec    117265724.92439032     
 Events wgts > 1:            1
 % Cross section > 1:    60815.490349342581       5.18612666988198939E-002
 Checking number of events   4224.6340452738295               49  chi2:   0.32269702125227118     
 Found        27979  events.
 Wrote           39  events.
 Actual xsec    117265724.92439045     
 Correct abs xsec    117265724.92439045     
 Event xsec    117265724.92439042     
 Events wgts > 1:            1
 % Cross section > 1:    76399.046461163554       6.51503638513499794E-002

 -------------------------------------------------------------------------------
 Accumulated results:   Integral =  0.7898E+08
                        Std dev  =  0.2129E+07
                       Cross sec =  0.7898E+08
             Chi**2 per DoF.     =     49.3204
 -------------------------------------------------------------------------------
-------------------------------------------------
---------------------------
 Results Last   3 iters: Integral =   0.1008E+09
                     Abs integral =   0.1008E+09
                         Std dev =   0.3155E+07
                 Chi**2 per DoF. =      0.3227
-------------------------------------------------
---------------------------

ls status:
events.lhe
ftn25
ftn26
input_sg.txt
log.txt
moffset.dat
results.dat
run1_app.log
