 Process in group number            0
 No PDF is used, alpha_s(MZ) from param_card is used
 Value of alpha_s from param_card:   0.11800000071525575     
 The default order of alpha_s running is fixed to            2
 Warning: pt or E min of a gamma should in general be >0
 *****************************************************
 *               MadGraph/MadEvent                   *
 *        --------------------------------           *
 *          http://madgraph.hep.uiuc.edu             *
 *          http://madgraph.phys.ucl.ac.be           *
 *          http://madgraph.roma2.infn.it            *
 *        --------------------------------           *
 *                                                   *
 *          PARAMETER AND COUPLING VALUES            *
 *                                                   *
 *****************************************************

  External Params
  ---------------------------------
  
 aEWM1 =    132.50700378417969     
 mdl_Gf =   1.16639000000000003E-005
 aS =   0.11800000071525575     
 mdl_ymb =    4.6999998092651367     
 mdl_ymt =    173.00000000000000     
 mdl_yme =   5.10999991092830896E-004
 mdl_ymm =   0.10565999895334244     
 mdl_ymtau =    1.7769999504089355     
 mdl_MZ =    91.188003540039063     
 mdl_MT =    173.00000000000000     
 mdl_MB =    4.6999998092651367     
 mdl_MH =    125.00000000000000     
 mdl_Me =   5.10999991092830896E-004
 mdl_MM =   0.10565999895334244     
 mdl_MTA =    1.7769999504089355     
 mdl_WZ =    2.4414041042327881     
 mdl_WW =    2.0476000308990479     
 mdl_WT =    1.4915000200271606     
 mdl_WH =   6.38233916833996773E-003
 mdl_WTau =   2.26999999999999982E-012
  Internal Params
  ---------------------------------
  
 mdl_conjg__CKM3x3 =    1.0000000000000000     
 mdl_CKM3x3 =    1.0000000000000000     
 mdl_conjg__CKM1x1 =    1.0000000000000000     
 mdl_complexi =  (  0.0000000000000000     ,  1.0000000000000000     )
 mdl_MZ__exp__2 =    8315.2519896181766     
 mdl_MZ__exp__4 =    69143415.650849044     
 mdl_sqrt__2 =    1.4142135623730951     
 mdl_MH__exp__2 =    15625.000000000000     
 mdl_aEW =   7.54677089845565054E-003
 mdl_MW =    80.419007276179556     
 mdl_sqrt__aEW =   8.68721526063194194E-002
 mdl_ee =   0.30795376284704501     
 mdl_MW__exp__2 =    6467.2167312862202     
 mdl_sw2 =   0.22224645274001076     
 mdl_cw =   0.88190336616887299     
 mdl_sqrt__sw2 =   0.47143022043565552     
 mdl_sw =   0.47143022043565552     
 mdl_g1 =   0.34919218438279087     
 mdl_gw =   0.65323296958447097     
 mdl_vev =    246.21845810181631     
 mdl_vev__exp__2 =    60623.529110035874     
 mdl_lam =   0.12886910601690271     
 mdl_yb =   2.69955531549349904E-002
 mdl_ye =   2.93504850670934038E-006
 mdl_ym =   6.06883028478528356E-004
 mdl_yt =   0.99366614581500645     
 mdl_ytau =   1.02066167158167895E-002
 mdl_muH =    88.388347648318444     
 mdl_I1x33 =  ( 2.69955531549349904E-002,  0.0000000000000000     )
 mdl_I2x33 =  ( 0.99366614581500645     ,  0.0000000000000000     )
 mdl_I3x33 =  ( 0.99366614581500645     ,  0.0000000000000000     )
 mdl_I4x33 =  ( 2.69955531549349904E-002,  0.0000000000000000     )
 mdl_ee__exp__2 =   9.48355200516540348E-002
 mdl_sw__exp__2 =   0.22224645274001076     
 mdl_cw__exp__2 =   0.77775354725998924     
  Internal Params evaluated point by point
  ----------------------------------------
  
 mdl_sqrt__aS =   0.34351128178744839     
 mdl_G__exp__2 =    1.4828317414825511     
  Couplings of sm-lepton_masses
  ---------------------------------
  
         GC_3 =  -0.00000E+00  -0.30795E+00
        GC_50 =  -0.00000E+00  -0.28804E+00
        GC_59 =   0.00000E+00   0.82310E-01
        GC_89 =  -0.00000E+00  -0.20754E-05

 Collider parameters:
 --------------------

 Running at e e   machine @   7.14879999999999960E-002  GeV
 PDF set = none   
 alpha_s(Mz)= 0.1180 running at 2 loops.
 alpha_s(Mz)= 0.1180 running at 2 loops.
 Renormalization scale fixed @    91.188000000000002     
 Factorization scales  fixed @    91.188000000000002        91.188000000000002     


 getting user params
Enter number of events and max and min iterations: 
 Number of events and iterations         2000           9           3
Enter desired fractional accuracy: 
 Desired fractional accuracy:  -1.09789999999999995E-035
Enter 0 for fixed, 2 for adjustable grid: 
Suppress amplitude (0 no, 1 yes)? 
 Using suppressed amplitude.
Exact helicity sum (0 yes, n = number/event)? 
 Explicitly summing over helicities
Enter Configuration Number: 
Running Configuration Number:   22
 Not subdividing B.W.
 Attempting mappinvarients           1           5
 Completed mapping           5
 about to integrate            5        2000           9           3           5           1
 Keeping grid fixed.
  5 dimensions   2000 events  5 invarients  9 iterations  1 config(s),  (0.99)
 Using h-tuple random number sequence.
 Grid read from file
 Grid defined OK
 Set CM energy to          0.07
 Mapping Graph          22  to config          22
 No modification is setgrid, grid read from file
 No modification is setgrid, grid read from file
 Masses: 0.511E-03 0.511E-03 0.000E+00 0.511E-03 0.511E-03
  22   1   2   3   4   5
 Got moffset          22
Using random seed offsets    22 :      1
  with seed                   57
 Ranmar initialization seeds       11145       18725
  Particle       3       4       5
      Et >     0.0     0.0     0.0
       E >     0.0     0.0     0.0
     Eta <    -1.0    -1.0    -1.0
   xqcut:      0.0     0.0     0.0
d R # 3  >    -0.0     0.0     0.0
d R # 4  >    -0.0    -0.0     0.4
s min # 3>     0.0     0.0     0.0
s min # 4>     0.0     0.0     0.0
xqcutij # 3>     0.0     0.0     0.0
xqcutij # 4>     0.0     0.0     0.0
 alpha_s for scale    91.188000000000002       is   0.11800000071525575     
 Added good helicity            1   4.4439125276834570       in event            1
 Added good helicity            3  7.15676823593348801E-003  in event            1
 Added good helicity            5   3.5489307037071187       in event            1
 Added good helicity           10   4.4439125276912010       in event            1
 Added good helicity           12  7.15676823594597715E-003  in event            1
 Added good helicity           14   3.5489307037133040       in event            1
 Added good helicity           19   3.5489307037133040       in event            1
 Added good helicity           21  7.15676823594597888E-003  in event            1
 Added good helicity           23   4.4439125276912010       in event            1
 Added good helicity           28   3.5489307037071187       in event            1
 Added good helicity           30  7.15676823593348974E-003  in event            1
 Added good helicity           32   4.4439125276834570       in event            1
 Iteration  1   Mean: 0.1133E+32 Abs mean: 0.1133E+32   Fluctuation:  0.487E+31   0.645E+34    99.0%
  1    0.1133E+32 0.1133E+32 +- 0.4868E+31     19.21
 Writing out events  6.35995126141846848E+026   19.205878837545814     
 Relative summed weights:
  0.1000E+01  0.0000E+00
 Relative number of events:
  0.1000E+01  0.0000E+00
 Events:
        2000           0
 Iteration  2   Mean: 0.1749E+34 Abs mean: 0.1749E+34   Fluctuation:  0.172E+34   0.688E+37    99.2%
  2    0.1749E+34 0.1749E+34 +- 0.1721E+34     62.23
 Relative summed weights:
  0.1000E+01  0.0000E+00
 Relative number of events:
  0.1000E+01  0.0000E+00
 Events:
        4000           0
 Iteration  3   Mean: 0.4488E+35 Abs mean: 0.4488E+35   Fluctuation:  0.443E+35   0.354E+39    99.2%
  3    0.4488E+35 0.4488E+35 +- 0.4427E+35     88.23
 Relative summed weights:
  0.1000E+01  0.0000E+00
 Relative number of events:
  0.1000E+01  0.0000E+00
 Events:
        8000           0
 Found           18  events.
 Wrote            1  events.
 Actual xsec   6.41308025161916582E+033
 Correct abs xsec   6.41308025161916582E+033
 Event xsec   6.41308025161916582E+033
 Events wgts > 1:            0
 % Cross section > 1:    0.0000000000000000        0.0000000000000000     
 Checking number of events  7.04092080825268196E-002           1  chi2:    864809.91788863682     
 Found           18  events.
 Wrote            1  events.
 Actual xsec   6.41308025161916582E+033
 Correct abs xsec   6.41308025161916582E+033
 Event xsec   6.41308025161916582E+033
 Events wgts > 1:            0
 % Cross section > 1:    0.0000000000000000        0.0000000000000000     
 Iteration  4   Mean: 0.2151E+33 Abs mean: 0.2151E+33   Fluctuation:  0.707E+32   0.803E+36    99.2%
  4    0.2151E+33 0.2151E+33 +- 0.7073E+32     41.59
 Relative summed weights:
  0.1000E+01  0.0000E+00
 Relative number of events:
  0.1000E+01  0.0000E+00
 Events:
       16000           0
 Found           13  events.
 Wrote            7  events.
 Actual xsec   4.41336892838451553E+033
 Correct abs xsec   4.41336892838451553E+033
 Event xsec   4.41336892838451496E+033
 Events wgts > 1:            1
 % Cross section > 1:   1.16762366988171237E+026  2.64565162991962590E-006
 Checking number of events  4.84543774647335918E-002           7  chi2:    1763.3715659493589     
 Found           13  events.
 Wrote            4  events.
 Actual xsec   4.41336892838451553E+033
 Correct abs xsec   4.41336892838451553E+033
 Event xsec   4.41336892838451553E+033
 Events wgts > 1:            1
 % Cross section > 1:   2.04334138067973608E+026  4.62989025807023973E-006
 Iteration  5   Mean: 0.6509E+33 Abs mean: 0.6509E+33   Fluctuation:  0.346E+33   0.102E+38    99.2%
  5    0.6509E+33 0.6509E+33 +- 0.3460E+33     95.08
 Relative summed weights:
  0.1000E+01  0.0000E+00
 Relative number of events:
  0.1000E+01  0.0000E+00
 Events:
       32000           0
 Found          162  events.
 Wrote            1  events.
 Actual xsec   3.64864245907360489E+033
 Correct abs xsec   3.64864245907360489E+033
 Event xsec   3.64864245907360489E+033
 Events wgts > 1:            1
 % Cross section > 1:   5.93928642961291734E+025  1.62780719027232674E-006
 Checking number of events  4.00584455581691062E-002           1  chi2:    1216.3624838099195     
 Found          162  events.
 Wrote            4  events.
 Actual xsec   3.64864245907360489E+033
 Correct abs xsec   3.64864245907360489E+033
 Event xsec   3.64864245907360489E+033
 Events wgts > 1:            1
 % Cross section > 1:   1.48482162181474814E+025  4.06951801517912045E-007
 Iteration  6   Mean: 0.3724E+34 Abs mean: 0.3724E+34   Fluctuation:  0.287E+34   0.181E+39    99.1%
  6    0.3724E+34 0.3724E+34 +- 0.2870E+34    194.94
 Relative summed weights:
  0.1000E+01  0.0000E+00
 Relative number of events:
  0.1000E+01  0.0000E+00
 Events:
       64000           0
 Found          173  events.
 Wrote            1  events.
 Actual xsec   7.30033370570765882E+032
 Correct abs xsec   7.30033370570765882E+032
 Event xsec   7.30033370570765882E+032
 Events wgts > 1:            0
 % Cross section > 1:    0.0000000000000000        0.0000000000000000     
 Checking number of events  8.01503637549643745E-003           1  chi2:    27.074434974853990     
 Found          173  events.
 Wrote            1  events.
 Actual xsec   7.30033370570765882E+032
 Correct abs xsec   7.30033370570765882E+032
 Event xsec   7.30033370570765882E+032
 Events wgts > 1:            0
 % Cross section > 1:    0.0000000000000000        0.0000000000000000     
 Iteration  7   Mean: 0.3115E+34 Abs mean: 0.3115E+34   Fluctuation:  0.126E+34   0.969E+38    99.2%
  7    0.3115E+34 0.3115E+34 +- 0.1264E+34    145.18
 Relative summed weights:
  0.1000E+01  0.0000E+00
 Relative number of events:
  0.1000E+01  0.0000E+00
 Events:
      128000           0
 Found          146  events.
 Wrote            3  events.
 Actual xsec   2.43395387436857658E+033
 Correct abs xsec   2.43395387436857658E+033
 Event xsec   2.43395387436857658E+033
 Events wgts > 1:            1
 % Cross section > 1:   1.38842142386946144E+030  5.70438675313701127E-002
 Checking number of events  2.67223795866926017E-002           3  chi2:    13.525942270108988     
 Found          146  events.
 Wrote            6  events.
 Actual xsec   2.43395387436857658E+033
 Correct abs xsec   2.43395387436857658E+033
 Event xsec   2.43395387436857658E+033
 Events wgts > 1:            1
 % Cross section > 1:   6.94408770744323724E+029  2.85300710936631542E-002
 Iteration  8   Mean: 0.9425E+35 Abs mean: 0.9425E+35   Fluctuation:  0.913E+35   0.234E+41    99.2%
  8    0.9425E+35 0.9425E+35 +- 0.9126E+35    489.94
 Relative summed weights:
  0.1000E+01  0.0000E+00
 Relative number of events:
  0.1000E+01  0.0000E+00
 Events:
      256000           0
 Found          397  events.
 Wrote            1  events.
 Actual xsec   1.42459765927771082E+034
 Correct abs xsec   1.42459765927771082E+034
 Event xsec   1.42459765927771082E+034
 Events wgts > 1:            0
 % Cross section > 1:    0.0000000000000000        0.0000000000000000     
 Checking number of events  0.15640657701209987                1  chi2:    45.867600007012967     
 Found          397  events.
 Wrote            1  events.
 Actual xsec   1.42459765927771082E+034
 Correct abs xsec   1.42459765927771082E+034
 Event xsec   1.42459765927771082E+034
 Events wgts > 1:            0
 % Cross section > 1:    0.0000000000000000        0.0000000000000000     
 Iteration  9   Mean: 0.6240E+34 Abs mean: 0.6240E+34   Fluctuation:  0.320E+34   0.158E+40    99.2%
  9    0.6240E+34 0.6240E+34 +- 0.3201E+34    367.05
 Relative summed weights:
  0.1000E+01  0.0000E+00
 Relative number of events:
  0.1000E+01  0.0000E+00
 Events:
      512000           0
 Found          141  events.
 Wrote            1  events.
 Actual xsec   1.30848160642972442E+034
 Correct abs xsec   1.30848160642972442E+034
 Event xsec   1.30848160642972442E+034
 Events wgts > 1:            1
 % Cross section > 1:   6.20475624447242237E+026  4.74195144508182722E-006
 Checking number of events  0.14365819556991943                1  chi2:    33.777672245753600     
 Found          141  events.
 Wrote            1  events.
 Actual xsec   1.30848160642972442E+034
 Correct abs xsec   1.30848160642972442E+034
 Event xsec   1.30848160642972442E+034
 Events wgts > 1:            1
 % Cross section > 1:   6.20475624447242237E+026  4.74195144508182722E-006

 -------------------------------------------------------------------------------
 Accumulated results:   Integral =  0.6131E+34
                        Std dev  =  0.1069E+34
                       Cross sec =  0.6131E+34
             Chi**2 per DoF.     =     35.0477
 -------------------------------------------------------------------------------
-------------------------------------------------
---------------------------
 Results Last   3 iters: Integral =   0.1308E+35
                     Abs integral =   0.1308E+35
                          Std dev =   0.3956E+34
                  Chi**2 per DoF. =     33.7777
-------------------------------------------------
---------------------------
 Status -1.09789999999999995E-035          10           9
 Trying w/ fresh grid
 Starting w/ ncall =         8000
 Keeping grid fixed.
  5 dimensions   8000 events  5 invarients  8 iterations  1 config(s),  (0.99)
 Using h-tuple random number sequence.
 Error opening grid
 Using Uniform Grid!
 Using uniform alpha   1.0000000000000000     
 Grid defined OK
Setting grid   1    0.51095E-04   1
Setting grid   2    0.51095E-04   1
 Iteration  1   Mean: 0.1213E+24 Abs mean: 0.1213E+24   Fluctuation:  0.103E+24   0.817E+27    98.5%
  1    0.1213E+24 0.1213E+24 +- 0.1025E+24     75.58
 Relative summed weights:
  0.1000E+01  0.0000E+00
 Relative number of events:
  0.1000E+01  0.0000E+00
 Events:
        8000           0
 Iteration  2   Mean: 0.1662E+36 Abs mean: 0.1662E+36   Fluctuation:  0.162E+36   0.260E+40    98.8%
  2    0.1662E+36 0.1662E+36 +- 0.1622E+36    123.46
 Relative summed weights:
  0.1000E+01  0.0000E+00
 Relative number of events:
  0.1000E+01  0.0000E+00
 Events:
       16000           0
 Iteration  3   Mean: 0.3192E+40 Abs mean: 0.3192E+40   Fluctuation:  0.319E+40   0.102E+45    99.4%
  3    0.3192E+40 0.3192E+40 +- 0.3192E+40    178.89
 Relative summed weights:
  0.1000E+01  0.0000E+00
 Relative number of events:
  0.1000E+01  0.0000E+00
 Events:
       32000           0
 Found           11  events.
 Wrote            1  events.
 Actual xsec   9.25172910497860111E+038
 Correct abs xsec   9.25172910497860111E+038
 Event xsec   9.25172910497860111E+038
 Events wgts > 1:            0
 % Cross section > 1:    0.0000000000000000        0.0000000000000000     
 Checking number of events   10157.473384356006                1  chi2:   4.07190560276480411E+031
 Found           11  events.
 Wrote            1  events.
 Actual xsec   9.25172910497860111E+038
 Correct abs xsec   9.25172910497860111E+038
 Event xsec   9.25172910497860111E+038
 Events wgts > 1:            0
 % Cross section > 1:    0.0000000000000000        0.0000000000000000     
 Iteration  4   Mean: 0.3495E+41 Abs mean: 0.3495E+41   Fluctuation:  0.349E+41   0.223E+46    99.6%
  4    0.3495E+41 0.3495E+41 +- 0.3489E+41    252.59
 Relative summed weights:
  0.1000E+01  0.0000E+00
 Relative number of events:
  0.1000E+01  0.0000E+00
 Events:
       64000           0
 Found           16  events.
 Wrote            1  events.
 Actual xsec   1.25291088188788763E+040
 Correct abs xsec   1.25291088188788763E+040
 Event xsec   1.25291088188788763E+040
 Events wgts > 1:            1
 % Cross section > 1:   8.16001264725881556E+032  6.51284362297444426E-006
 Checking number of events   137557.08572247118                1  chi2:    2981967619.5787902     
 Found           16  events.
 Wrote            1  events.
 Actual xsec   1.25291088188788763E+040
 Correct abs xsec   1.25291088188788763E+040
 Event xsec   1.25291088188788763E+040
 Events wgts > 1:            1
 % Cross section > 1:   8.16001264725881556E+032  6.51284362297444426E-006
 Iteration  5   Mean: 0.5099E+48 Abs mean: 0.5099E+48   Fluctuation:  0.510E+48   0.653E+53    99.4%
  5    0.5099E+48 0.5099E+48 +- 0.5099E+48    357.77
 Relative summed weights:
  0.1000E+01  0.0000E+00
 Relative number of events:
  0.1000E+01  0.0000E+00
 Events:
      128000           0
 Found           37  events.
 Wrote            1  events.
 Actual xsec   1.69777937614158409E+047
 Correct abs xsec   1.69777937614158409E+047
 Event xsec   1.69777937614158409E+047
 Events wgts > 1:            1
 % Cross section > 1:   2.71854541479548840E+040  1.60123597506156685E-005
 Checking number of events   1863991977065.8450                1  chi2:    1426556953319734.3     
 Found           37  events.
 Wrote            1  events.
 Actual xsec   1.69777937614158409E+047
 Correct abs xsec   1.69777937614158409E+047
 Event xsec   1.69777937614158409E+047
 Events wgts > 1:            1
 % Cross section > 1:   2.71854541479548840E+040  1.60123597506156685E-005
 Fixing grid
 Iteration  6   Mean: 0.6489E+41 Abs mean: 0.6489E+41   Fluctuation:  0.631E+41   0.162E+47    99.6%
  6    0.6489E+41 0.6489E+41 +- 0.6311E+41    492.05
 Relative summed weights:
  0.1000E+01  0.0000E+00
 Relative number of events:
  0.1000E+01  0.0000E+00
 Events:
      256000           0
 Found            5  events.
 Wrote            1  events.
 Actual xsec   1.66596536964131864E+047
 Correct abs xsec   1.66596536964131864E+047
 Event xsec   1.66596536964131864E+047
 Events wgts > 1:            1
 % Cross section > 1:   1.58178690278789569E+040  9.49471658662660929E-006
 Checking number of events   1829063379329.2036                1  chi2:    14881066199456.715     
 Found            5  events.
 Wrote            1  events.
 Actual xsec   1.66596536964131864E+047
 Correct abs xsec   1.66596536964131864E+047
 Event xsec   1.66596536964131864E+047
 Events wgts > 1:            1
 % Cross section > 1:   1.58178690278789569E+040  9.49471658662660929E-006
 Iteration  7   Mean: 0.4739E+40 Abs mean: 0.4739E+40   Fluctuation:  0.321E+40   0.159E+46    99.6%
  7    0.4739E+40 0.4739E+40 +- 0.3209E+40    484.48
 Relative summed weights:
  0.1000E+01  0.0000E+00
 Relative number of events:
  0.1000E+01  0.0000E+00
 Events:
      512000           0
 Found           45  events.
 Wrote            4  events.
 Actual xsec   1.20288814177518324E+047
 Correct abs xsec   1.20288814177518324E+047
 Event xsec   1.20288814177518324E+047
 Events wgts > 1:            0
 % Cross section > 1:    0.0000000000000000        0.0000000000000000     
 Checking number of events   1320650890854.9736                4  chi2:    704447729136718.25     
 Found           45  events.
 Wrote            1  events.
 Actual xsec   1.20288814177518324E+047
 Correct abs xsec   1.20288814177518324E+047
 Event xsec   1.20288814177518324E+047
 Events wgts > 1:            0
 % Cross section > 1:    0.0000000000000000        0.0000000000000000     
 Iteration  8   Mean: 0.2281E+40 Abs mean: 0.2281E+40   Fluctuation:  0.140E+40   0.130E+46    99.6%
  8    0.2281E+40 0.2281E+40 +- 0.1396E+40    619.65
 Relative summed weights:
  0.1000E+01  0.0000E+00
 Relative number of events:
  0.1000E+01  0.0000E+00
 Events:
     1024000           0
 Found          295  events.
 Wrote            1  events.
 Actual xsec   1.89855569808482970E+039
 Correct abs xsec   1.89855569808482970E+039
 Event xsec   1.89855569808482970E+039
 Events wgts > 1:            0
 % Cross section > 1:    0.0000000000000000        0.0000000000000000     
 Checking number of events   158089.00884062058                1  chi2:    42.505496710434770     
 Found          295  events.
 Wrote            1  events.
 Actual xsec   1.89855569808482970E+039
 Correct abs xsec   1.89855569808482970E+039
 Event xsec   1.89855569808482970E+039
 Events wgts > 1:            0
 % Cross section > 1:    0.0000000000000000        0.0000000000000000     

 -------------------------------------------------------------------------------
 Accumulated results:   Integral =   +Infinity
                        Std dev  =   +Infinity
                       Cross sec =   +Infinity
             Chi**2 per DoF.     =     16.8090
 -------------------------------------------------------------------------------
-------------------------------------------------
---------------------------
 Results Last   3 iters: Integral =   0.1440E+41
                     Abs integral =   0.1440E+41
                         Std dev =   0.5925E+40
                 Chi**2 per DoF. =     42.5055
-------------------------------------------------
---------------------------

ls status:
events.lhe
ftn25
ftn26
input_sg.txt
log.txt
moffset.dat
results.dat
run_01_ftn26.gz
run_01_log.txt
run_01_results.dat
run_03_ftn26.gz
run_03_log.txt
run_03_results.dat
run1_app.log
