 Process in group number            0
 No PDF is used, alpha_s(MZ) from param_card is used
 Value of alpha_s from param_card:   0.11800000071525575     
 The default order of alpha_s running is fixed to            2
 Warning: pt or E min of a gamma should in general be >0
 Warning: pt or E min of a gamma should in general be >0
 Warning: pt or E min of a gamma should in general be >0
 *****************************************************
 *               MadGraph/MadEvent                   *
 *        --------------------------------           *
 *          http://madgraph.hep.uiuc.edu             *
 *          http://madgraph.phys.ucl.ac.be           *
 *          http://madgraph.roma2.infn.it            *
 *        --------------------------------           *
 *                                                   *
 *          PARAMETER AND COUPLING VALUES            *
 *                                                   *
 *****************************************************

  External Params
  ---------------------------------
  
 aEWM1 =    132.50700378417969     
 mdl_Gf =   1.16639000000000003E-005
 aS =   0.11800000071525575     
 mdl_ymb =    4.6999998092651367     
 mdl_ymt =    173.00000000000000     
 mdl_yme =   5.10999991092830896E-004
 mdl_ymm =   0.10565999895334244     
 mdl_ymtau =    1.7769999504089355     
 mdl_MZ =    91.188003540039063     
 mdl_MT =    173.00000000000000     
 mdl_MB =    4.6999998092651367     
 mdl_MH =    125.00000000000000     
 mdl_Me =   5.10999991092830896E-004
 mdl_MM =   0.10565999895334244     
 mdl_MTA =    1.7769999504089355     
 mdl_WZ =    2.4414041042327881     
 mdl_WW =    2.0476000308990479     
 mdl_WT =    1.4915000200271606     
 mdl_WH =   6.38233916833996773E-003
 mdl_WTau =   2.26999999999999982E-012
  Internal Params
  ---------------------------------
  
 mdl_conjg__CKM3x3 =    1.0000000000000000     
 mdl_CKM3x3 =    1.0000000000000000     
 mdl_conjg__CKM1x1 =    1.0000000000000000     
 mdl_complexi =  (  0.0000000000000000     ,  1.0000000000000000     )
 mdl_MZ__exp__2 =    8315.2519896181766     
 mdl_MZ__exp__4 =    69143415.650849044     
 mdl_sqrt__2 =    1.4142135623730951     
 mdl_MH__exp__2 =    15625.000000000000     
 mdl_aEW =   7.54677089845565054E-003
 mdl_MW =    80.419007276179556     
 mdl_sqrt__aEW =   8.68721526063194194E-002
 mdl_ee =   0.30795376284704501     
 mdl_MW__exp__2 =    6467.2167312862202     
 mdl_sw2 =   0.22224645274001076     
 mdl_cw =   0.88190336616887299     
 mdl_sqrt__sw2 =   0.47143022043565552     
 mdl_sw =   0.47143022043565552     
 mdl_g1 =   0.34919218438279087     
 mdl_gw =   0.65323296958447097     
 mdl_vev =    246.21845810181631     
 mdl_vev__exp__2 =    60623.529110035874     
 mdl_lam =   0.12886910601690271     
 mdl_yb =   2.69955531549349904E-002
 mdl_ye =   2.93504850670934038E-006
 mdl_ym =   6.06883028478528356E-004
 mdl_yt =   0.99366614581500645     
 mdl_ytau =   1.02066167158167895E-002
 mdl_muH =    88.388347648318444     
 mdl_I1x33 =  ( 2.69955531549349904E-002,  0.0000000000000000     )
 mdl_I2x33 =  ( 0.99366614581500645     ,  0.0000000000000000     )
 mdl_I3x33 =  ( 0.99366614581500645     ,  0.0000000000000000     )
 mdl_I4x33 =  ( 2.69955531549349904E-002,  0.0000000000000000     )
 mdl_ee__exp__2 =   9.48355200516540348E-002
 mdl_sw__exp__2 =   0.22224645274001076     
 mdl_cw__exp__2 =   0.77775354725998924     
  Internal Params evaluated point by point
  ----------------------------------------
  
 mdl_sqrt__aS =   0.34351128178744839     
 mdl_G__exp__2 =    1.4828317414825511     
  Couplings of sm-lepton_masses
  ---------------------------------
  
         GC_3 =  -0.00000E+00  -0.30795E+00

 Collider parameters:
 --------------------

 Running at e e   machine @   7.00000000000000067E-002  GeV
 PDF set = none   
 alpha_s(Mz)= 0.1180 running at 2 loops.
 alpha_s(Mz)= 0.1180 running at 2 loops.
 Renormalization scale fixed @    91.188000000000002     
 Factorization scales  fixed @    91.188000000000002        91.188000000000002     


 getting user params
Enter number of events and max and min iterations: 
 Number of events and iterations         1000           9           3
Enter desired fractional accuracy: 
 Desired fractional accuracy:  -4.19009999999999974E-005
Enter 0 for fixed, 2 for adjustable grid: 
Suppress amplitude (0 no, 1 yes)? 
 Using suppressed amplitude.
Exact helicity sum (0 yes, n = number/event)? 
 Explicitly summing over helicities
Enter Configuration Number: 
Running Configuration Number:    1
 Not subdividing B.W.
 Attempting mappinvarients           1           5
 Completed mapping           5
 about to integrate            5        1000           9           3           5           1
 Keeping grid fixed.
  5 dimensions   1000 events  5 invarients  9 iterations  1 config(s),  (0.99)
 Using h-tuple random number sequence.
 Grid read from file
 Grid defined OK
 Set CM energy to          0.07
 Mapping Graph           1  to config           1
 Warning: No cutoff for shat integral found
          Minimum set to    204.08163265306121     
 No modification is setgrid, grid read from file
 Warning: No cutoff for shat integral found
          Minimum set to    204.08163265306121     
 No modification is setgrid, grid read from file
 Masses: 0.511E-03 0.511E-03 0.000E+00 0.000E+00 0.000E+00
   1   1   2   3   4   5
 Got moffset          21
Using random seed offsets     1 :      1
  with seed                   30
 Ranmar initialization seeds        8292       15540
  Particle       3       4       5
      Et >     0.0     0.0     0.0
       E >     0.0     0.0     0.0
     Eta <    -1.0    -1.0    -1.0
   xqcut:      0.0     0.0     0.0
d R # 3  >    -0.0     0.0     0.0
d R # 4  >    -0.0    -0.0     0.0
s min # 3>     0.0     0.0     0.0
s min # 4>     0.0     0.0     0.0
xqcutij # 3>     0.0     0.0     0.0
xqcutij # 4>     0.0     0.0     0.0
 alpha_s for scale    91.188000000000002       is   0.11800000071525575     
 Added good helicity            1  0.48989209709264747       in event            1
 Added good helicity            2  4.37889735861447041E-002  in event            1
 Added good helicity            3   4.0081626790143288       in event            1
 Added good helicity            4  2.58917296030039587E-006  in event            1
 Added good helicity            5  5.22481755259943115E-005  in event            1
 Added good helicity            6  2.28761725883884177E-006  in event            1
 Added good helicity           10  7.21996909114474422E-002  in event            1
 Added good helicity           11  0.89718857678717556       in event            1
 Added good helicity           12   10.488569133854602       in event            1
 Added good helicity           13  1.40670776913518321E-005  in event            1
 Added good helicity           14  1.27654386628078749E-004  in event            1
 Added good helicity           19  1.27654386628078749E-004  in event            1
 Added good helicity           20  1.40670776913518321E-005  in event            1
 Added good helicity           21   10.488569133854604       in event            1
 Added good helicity           22  0.89718857678717578       in event            1
 Added good helicity           23  7.21996909114474422E-002  in event            1
 Added good helicity           27  2.28761725883884177E-006  in event            1
 Added good helicity           28  5.22481755259943115E-005  in event            1
 Added good helicity           29  2.58917296030039842E-006  in event            1
 Added good helicity           30   4.0081626790143288       in event            1
 Added good helicity           31  4.37889735861447041E-002  in event            1
 Added good helicity           32  0.48989209709264747       in event            1
 Added good helicity            7  4.47167964360583288E-005  in event            2
 Added good helicity           15   7.9827267469457501       in event            2
 Added good helicity           18   7.9827267469457519       in event            2
 Added good helicity           26  4.47167964360583288E-005  in event            2
 Iteration  1   Mean: 0.1135E+09 Abs mean: 0.1135E+09   Fluctuation:  0.104E+08   0.703E+10    99.5%
  1    0.1135E+09 0.1135E+09 +- 0.1042E+08      2.90
 Writing out events   12673.960802276802        2.9019984234443581     
 Relative summed weights:
  0.1683E+00  0.0000E+00
  0.1553E+00  0.0000E+00
  0.1784E+00  0.0000E+00
  0.2024E+00  0.0000E+00
  0.1353E+00  0.0000E+00
  0.1604E+00  0.0000E+00
 Relative number of events:
  0.1560E+00  0.0000E+00
  0.1780E+00  0.0000E+00
  0.1800E+00  0.0000E+00
  0.1650E+00  0.0000E+00
  0.1510E+00  0.0000E+00
  0.1700E+00  0.0000E+00
 Events:
         156           0
         178           0
         180           0
         165           0
         151           0
         170           0
 Iteration  2   Mean: 0.1138E+09 Abs mean: 0.1138E+09   Fluctuation:  0.525E+07   0.553E+10    99.3%
  2    0.1138E+09 0.1138E+09 +- 0.5248E+07      2.06
 Relative summed weights:
  0.1415E+00  0.0000E+00
  0.1908E+00  0.0000E+00
  0.1783E+00  0.0000E+00
  0.1558E+00  0.0000E+00
  0.1766E+00  0.0000E+00
  0.1569E+00  0.0000E+00
 Relative number of events:
  0.1590E+00  0.0000E+00
  0.1695E+00  0.0000E+00
  0.1765E+00  0.0000E+00
  0.1625E+00  0.0000E+00
  0.1750E+00  0.0000E+00
  0.1575E+00  0.0000E+00
 Events:
         318           0
         339           0
         353           0
         325           0
         350           0
         315           0
 Iteration  3   Mean: 0.1245E+09 Abs mean: 0.1245E+09   Fluctuation:  0.670E+07   0.166E+11    99.2%
  3    0.1245E+09 0.1245E+09 +- 0.6704E+07      3.41
 Relative summed weights:
  0.1967E+00  0.0000E+00
  0.1497E+00  0.0000E+00
  0.1595E+00  0.0000E+00
  0.1568E+00  0.0000E+00
  0.1632E+00  0.0000E+00
  0.1741E+00  0.0000E+00
 Relative number of events:
  0.1640E+00  0.0000E+00
  0.1580E+00  0.0000E+00
  0.1767E+00  0.0000E+00
  0.1625E+00  0.0000E+00
  0.1648E+00  0.0000E+00
  0.1740E+00  0.0000E+00
 Events:
         656           0
         632           0
         707           0
         650           0
         659           0
         696           0
 Found          350  events.
 Wrote           31  events.
 Actual xsec    117711718.64788176     
 Correct abs xsec    117711718.64788176     
 Event xsec    117711718.64788167     
 Events wgts > 1:            1
 % Cross section > 1:   0.30240128049626946       2.56899894054610719E-007
 Checking number of events   4932.2387230648937               31  chi2:   0.86326437469473594     
 Found          350  events.
 Wrote           33  events.
 Actual xsec    117711718.64788176     
 Correct abs xsec    117711718.64788176     
 Event xsec    117711718.64788175     
 Events wgts > 1:            1
 % Cross section > 1:   0.28407393023371696       2.41330203565784868E-007
 Iteration  4   Mean: 0.1259E+09 Abs mean: 0.1259E+09   Fluctuation:  0.858E+07   0.483E+11    99.5%
  4    0.1259E+09 0.1259E+09 +- 0.8581E+07      6.10
 Relative summed weights:
  0.2225E+00  0.0000E+00
  0.1565E+00  0.0000E+00
  0.1487E+00  0.0000E+00
  0.1928E+00  0.0000E+00
  0.1424E+00  0.0000E+00
  0.1372E+00  0.0000E+00
 Relative number of events:
  0.1661E+00  0.0000E+00
  0.1663E+00  0.0000E+00
  0.1641E+00  0.0000E+00
  0.1732E+00  0.0000E+00
  0.1648E+00  0.0000E+00
  0.1655E+00  0.0000E+00
 Events:
        1329           0
        1330           0
        1313           0
        1386           0
        1318           0
        1324           0
 Found          691  events.
 Wrote           26  events.
 Actual xsec    119910286.55273800     
 Correct abs xsec    119910286.55273800     
 Event xsec    119910286.55273800     
 Events wgts > 1:            0
 % Cross section > 1:    0.0000000000000000        0.0000000000000000     
 Checking number of events   5024.3609168462744               26  chi2:    1.1471309057200532     
 Found          691  events.
 Wrote           21  events.
 Actual xsec    119910286.55273800     
 Correct abs xsec    119910286.55273800     
 Event xsec    119910286.55273794     
 Events wgts > 1:            0
 % Cross section > 1:    0.0000000000000000        0.0000000000000000     
 Iteration  5   Mean: 0.1202E+09 Abs mean: 0.1202E+09   Fluctuation:  0.578E+07   0.622E+11    99.4%
  5    0.1202E+09 0.1202E+09 +- 0.5784E+07      6.09
 Relative summed weights:
  0.1643E+00  0.0000E+00
  0.1630E+00  0.0000E+00
  0.1642E+00  0.0000E+00
  0.1408E+00  0.0000E+00
  0.1526E+00  0.0000E+00
  0.2152E+00  0.0000E+00
 Relative number of events:
  0.1709E+00  0.0000E+00
  0.1658E+00  0.0000E+00
  0.1668E+00  0.0000E+00
  0.1626E+00  0.0000E+00
  0.1646E+00  0.0000E+00
  0.1693E+00  0.0000E+00
 Events:
        2735           0
        2653           0
        2669           0
        2602           0
        2633           0
        2708           0
 Found         1336  events.
 Wrote           30  events.
 Actual xsec    122913864.24411629     
 Correct abs xsec    122913864.24411629     
 Event xsec    122913864.24411641     
 Events wgts > 1:            1
 % Cross section > 1:    385453.09099524049       0.31359610517955971     
 Checking number of events   5150.2138256927165               30  chi2:   0.19933342952280467     
 Found         1336  events.
 Wrote           32  events.
 Actual xsec    122913864.24411629     
 Correct abs xsec    122913864.24411629     
 Event xsec    122913864.24411638     
 Events wgts > 1:            1
 % Cross section > 1:    361433.11281832727       0.29405398247059689     
 Iteration  6   Mean: 0.1217E+09 Abs mean: 0.1217E+09   Fluctuation:  0.398E+07   0.969E+11    99.3%
  6    0.1217E+09 0.1217E+09 +- 0.3980E+07      5.85
 Relative summed weights:
  0.1874E+00  0.0000E+00
  0.1464E+00  0.0000E+00
  0.1661E+00  0.0000E+00
  0.1596E+00  0.0000E+00
  0.1583E+00  0.0000E+00
  0.1821E+00  0.0000E+00
 Relative number of events:
  0.1665E+00  0.0000E+00
  0.1663E+00  0.0000E+00
  0.1624E+00  0.0000E+00
  0.1668E+00  0.0000E+00
  0.1692E+00  0.0000E+00
  0.1687E+00  0.0000E+00
 Events:
        5328           0
        5323           0
        5197           0
        5339           0
        5415           0
        5398           0
 Found         2818  events.
 Wrote           34  events.
 Actual xsec    121846036.20001957     
 Correct abs xsec    121846036.20001957     
 Event xsec    121846036.20001973     
 Events wgts > 1:            0
 % Cross section > 1:    0.0000000000000000        0.0000000000000000     
 Checking number of events   5105.4707628170199               34  chi2:   0.15444387498690876     
 Found         2818  events.
 Wrote           41  events.
 Actual xsec    121846036.20001957     
 Correct abs xsec    121846036.20001957     
 Event xsec    121846036.20001972     
 Events wgts > 1:            0
 % Cross section > 1:    0.0000000000000000        0.0000000000000000     
 Iteration  7   Mean: 0.1205E+09 Abs mean: 0.1205E+09   Fluctuation:  0.227E+07   0.907E+11    99.4%
  7    0.1205E+09 0.1205E+09 +- 0.2274E+07      4.77
 Relative summed weights:
  0.1738E+00  0.0000E+00
  0.1696E+00  0.0000E+00
  0.1642E+00  0.0000E+00
  0.1571E+00  0.0000E+00
  0.1699E+00  0.0000E+00
  0.1654E+00  0.0000E+00
 Relative number of events:
  0.1685E+00  0.0000E+00
  0.1655E+00  0.0000E+00
  0.1674E+00  0.0000E+00
  0.1658E+00  0.0000E+00
  0.1671E+00  0.0000E+00
  0.1657E+00  0.0000E+00
 Events:
       10783           0
       10591           0
       10715           0
       10612           0
       10693           0
       10606           0
 Found         5460  events.
 Wrote          267  events.
 Actual xsec    120734022.89083993     
 Correct abs xsec    120734022.89083993     
 Event xsec    120734022.89083995     
 Events wgts > 1:            2
 % Cross section > 1:    1121232.8296682721       0.92868008770155852     
 Checking number of events   5058.8762931490837              267  chi2:   3.78436616831637138E-002
 Found         5460  events.
 Wrote          269  events.
 Actual xsec    120734022.89083993     
 Correct abs xsec    120734022.89083993     
 Event xsec    120734022.89083998     
 Events wgts > 1:            2
 % Cross section > 1:    1112973.3734038258       0.92183905311438652     
 Iteration  8   Mean: 0.1213E+09 Abs mean: 0.1213E+09   Fluctuation:  0.165E+07   0.751E+11    99.4%
  8    0.1213E+09 0.1213E+09 +- 0.1649E+07      4.86
 Relative summed weights:
  0.1680E+00  0.0000E+00
  0.1618E+00  0.0000E+00
  0.1756E+00  0.0000E+00
  0.1603E+00  0.0000E+00
  0.1697E+00  0.0000E+00
  0.1647E+00  0.0000E+00
 Relative number of events:
  0.1667E+00  0.0000E+00
  0.1664E+00  0.0000E+00
  0.1680E+00  0.0000E+00
  0.1663E+00  0.0000E+00
  0.1661E+00  0.0000E+00
  0.1665E+00  0.0000E+00
 Events:
       21339           0
       21298           0
       21502           0
       21285           0
       21266           0
       21310           0
 Found        11258  events.
 Wrote          419  events.
 Actual xsec    121093611.90615578     
 Correct abs xsec    121093611.90615578     
 Event xsec    121093611.90615685     
 Events wgts > 1:            6
 % Cross section > 1:    945311.84516875236       0.78064551076512168     
 Checking number of events   5073.9434324798331              419  chi2:   5.20681756552214478E-002
 Found        11258  events.
 Wrote          413  events.
 Actual xsec    121093611.90615578     
 Correct abs xsec    121093611.90615578     
 Event xsec    121093611.90615746     
 Events wgts > 1:            6
 % Cross section > 1:    958936.43525498710       0.79189679798974300     
 Iteration  9   Mean: 0.1230E+09 Abs mean: 0.1230E+09   Fluctuation:  0.216E+07   0.440E+12    99.4%
  9    0.1230E+09 0.1230E+09 +- 0.2162E+07      8.90
 Relative summed weights:
  0.1629E+00  0.0000E+00
  0.1815E+00  0.0000E+00
  0.1645E+00  0.0000E+00
  0.1662E+00  0.0000E+00
  0.1658E+00  0.0000E+00
  0.1590E+00  0.0000E+00
 Relative number of events:
  0.1665E+00  0.0000E+00
  0.1677E+00  0.0000E+00
  0.1665E+00  0.0000E+00
  0.1674E+00  0.0000E+00
  0.1654E+00  0.0000E+00
  0.1666E+00  0.0000E+00
 Events:
       42623           0
       42935           0
       42613           0
       42851           0
       42341           0
       42637           0
 Found        22065  events.
 Wrote          242  events.
 Actual xsec    121571504.62658273     
 Correct abs xsec    121571504.62658273     
 Event xsec    121571504.62658358     
 Events wgts > 1:            1
 % Cross section > 1:    1186782.7701544510       0.97620143289313344     
 Checking number of events   5093.9676153584423              242  chi2:   0.32862832285383292     
 Found        22065  events.
 Wrote          253  events.
 Actual xsec    121571504.62658273     
 Correct abs xsec    121571504.62658273     
 Event xsec    121571504.62658246     
 Events wgts > 1:            1
 % Cross section > 1:    1135665.5359405505       0.93415438052596844     

 -------------------------------------------------------------------------------
 Accumulated results:   Integral =  0.1213E+09
                        Std dev  =  0.1027E+07
                       Cross sec =  0.1213E+09
             Chi**2 per DoF.     =      0.4484
 -------------------------------------------------------------------------------
-------------------------------------------------
---------------------------
 Results Last   3 iters: Integral =   0.1216E+09
                     Abs integral =   0.1216E+09
                          Std dev =   0.1136E+07
                  Chi**2 per DoF. =      0.3286
-------------------------------------------------
---------------------------
 Status -4.19009999999999974E-005          10           9
 Trying w/ fresh grid
 Starting w/ ncall =         4000
 Keeping grid fixed.
  5 dimensions   4000 events  5 invarients  8 iterations  1 config(s),  (0.99)
 Using h-tuple random number sequence.
 Error opening grid
 Using Uniform Grid!
 Using uniform alpha   1.0000000000000000     
 Grid defined OK
 Warning: No cutoff for shat integral found
          Minimum set to    204.08163265306121     
Setting grid   1    0.20408E+03   1
 Warning: No cutoff for shat integral found
          Minimum set to    204.08163265306121     
Setting grid   2    0.20408E+03   1
Warning xbin not returning correct x   2  0.999978E+00  0.993668E+00  0.2837E+03
Warning xbin not returning correct x   2  0.999986E+00  0.995993E+00  0.2837E+03
Warning xbin not returning correct x   2  0.999995E+00  0.998666E+00  0.2837E+03
Warning xbin not returning correct x   2  0.999989E+00  0.996970E+00  0.2837E+03
Warning xbin not returning correct x   2  0.999958E+00  0.988199E+00  0.2837E+03
Warning xbin still not working well. Last message this iteration.
 Iteration  1   Mean: 0.3305E+08 Abs mean: 0.3305E+08   Fluctuation:  0.112E+08   0.385E+11    99.0%
  1    0.3305E+08 0.3305E+08 +- 0.1118E+08     21.40
 Relative summed weights:
  0.2618E+00  0.0000E+00
  0.9285E-01  0.0000E+00
  0.4847E-01  0.0000E+00
  0.3871E+00  0.0000E+00
  0.1373E+00  0.0000E+00
  0.7251E-01  0.0000E+00
 Relative number of events:
  0.1725E+00  0.0000E+00
  0.1640E+00  0.0000E+00
  0.1732E+00  0.0000E+00
  0.1695E+00  0.0000E+00
  0.1660E+00  0.0000E+00
  0.1547E+00  0.0000E+00
 Events:
         690           0
         656           0
         693           0
         678           0
         664           0
         619           0
Warning xbin not returning correct x   1  0.990396E+00  0.999857E+00  0.1515E-01
Warning xbin not returning correct x   1  0.988098E+00  0.999822E+00  0.1515E-01
Warning xbin not returning correct x   1  0.986956E+00  0.999805E+00  0.1515E-01
Warning xbin not returning correct x   1  0.989562E+00  0.999844E+00  0.1515E-01
Warning xbin not returning correct x   1  0.986620E+00  0.999800E+00  0.1515E-01
Warning xbin still not working well. Last message this iteration.
 Iteration  2   Mean: 0.2585E+07 Abs mean: 0.2585E+07   Fluctuation:  0.142E+06   0.691E+09    90.9%
  2    0.2585E+07 0.2585E+07 +- 0.1416E+06      4.90
 Relative summed weights:
  0.1967E+00  0.0000E+00
  0.1577E+00  0.0000E+00
  0.1800E+00  0.0000E+00
  0.1450E+00  0.0000E+00
  0.1684E+00  0.0000E+00
  0.1523E+00  0.0000E+00
 Relative number of events:
  0.1665E+00  0.0000E+00
  0.1691E+00  0.0000E+00
  0.1626E+00  0.0000E+00
  0.1718E+00  0.0000E+00
  0.1595E+00  0.0000E+00
  0.1705E+00  0.0000E+00
 Events:
        1332           0
        1353           0
        1301           0
        1374           0
        1276           0
        1364           0
 Iteration  3   Mean: 0.4504E+08 Abs mean: 0.4504E+08   Fluctuation:  0.181E+08   0.277E+12   100.0%
  3    0.4504E+08 0.4504E+08 +- 0.1809E+08     50.80
 Relative summed weights:
  0.1006E+00  0.0000E+00
  0.1260E+00  0.0000E+00
  0.6454E-01  0.0000E+00
  0.8330E-01  0.0000E+00
  0.7848E-01  0.0000E+00
  0.5471E+00  0.0000E+00
 Relative number of events:
  0.1666E+00  0.0000E+00
  0.1687E+00  0.0000E+00
  0.1647E+00  0.0000E+00
  0.1677E+00  0.0000E+00
  0.1631E+00  0.0000E+00
  0.1693E+00  0.0000E+00
 Events:
        2665           0
        2699           0
        2635           0
        2683           0
        2610           0
        2708           0
 Found         2081  events.
 Wrote            1  events.
 Actual xsec    4104523.7096671560     
 Correct abs xsec    4104523.7096671560     
 Event xsec    4104523.7096671560     
 Events wgts > 1:            0
 % Cross section > 1:    0.0000000000000000        0.0000000000000000     
 Checking number of events   171.98364795876350                1  chi2:    63.488930343468454     
 Found         2081  events.
 Wrote            4  events.
 Actual xsec    4104523.7096671560     
 Correct abs xsec    4104523.7096671560     
 Event xsec    4104523.7096671560     
 Events wgts > 1:            0
 % Cross section > 1:    0.0000000000000000        0.0000000000000000     
 Iteration  4   Mean: 0.6245E+08 Abs mean: 0.6245E+08   Fluctuation:  0.119E+08   0.266E+12    99.7%
  4    0.6245E+08 0.6245E+08 +- 0.1190E+08     34.10
 Relative summed weights:
  0.1406E+00  0.0000E+00
  0.2428E+00  0.0000E+00
  0.1978E+00  0.0000E+00
  0.2131E+00  0.0000E+00
  0.7964E-01  0.0000E+00
  0.1261E+00  0.0000E+00
 Relative number of events:
  0.1677E+00  0.0000E+00
  0.1668E+00  0.0000E+00
  0.1657E+00  0.0000E+00
  0.1647E+00  0.0000E+00
  0.1660E+00  0.0000E+00
  0.1690E+00  0.0000E+00
 Events:
        5366           0
        5338           0
        5303           0
        5271           0
        5313           0
        5409           0
 Found         1186  events.
 Wrote            7  events.
 Actual xsec    7786231.8051268263     
 Correct abs xsec    7786231.8051268263     
 Event xsec    7786231.8051268253     
 Events wgts > 1:            1
 % Cross section > 1:   7.53311906009912491E-005  9.67492266944706370E-010
 Checking number of events   326.25089886661914                7  chi2:    687.55741594665267     
 Found         1186  events.
 Wrote            6  events.
 Actual xsec    7786231.8051268263     
 Correct abs xsec    7786231.8051268263     
 Event xsec    7786231.8051268253     
 Events wgts > 1:            1
 % Cross section > 1:   8.78863502293825150E-005  1.12874047972106316E-009
 Iteration  5   Mean: 0.1483E+09 Abs mean: 0.1483E+09   Fluctuation:  0.751E+08   0.480E+13    99.7%
  5    0.1483E+09 0.1483E+09 +- 0.7509E+08    128.06
 Relative summed weights:
  0.7981E-01  0.0000E+00
  0.7937E-01  0.0000E+00
  0.9147E-01  0.0000E+00
  0.5851E+00  0.0000E+00
  0.8273E-01  0.0000E+00
  0.8156E-01  0.0000E+00
 Relative number of events:
  0.1642E+00  0.0000E+00
  0.1670E+00  0.0000E+00
  0.1685E+00  0.0000E+00
  0.1655E+00  0.0000E+00
  0.1675E+00  0.0000E+00
  0.1673E+00  0.0000E+00
 Events:
       10507           0
       10690           0
       10784           0
       10590           0
       10722           0
       10707           0
 Found         3974  events.
 Wrote            3  events.
 Actual xsec    68487829.060806558     
 Correct abs xsec    68487829.060806558     
 Event xsec    68487829.060806572     
 Events wgts > 1:            1
 % Cross section > 1:   1.84706151485443115E-002  2.69691935075723739E-008
 Checking number of events   2869.7085254768554                3  chi2:    1.5346010466439062     
 Found         3974  events.
 Wrote            2  events.
 Actual xsec    68487829.060806558     
 Correct abs xsec    68487829.060806558     
 Event xsec    68487829.060806558     
 Events wgts > 1:            1
 % Cross section > 1:   2.77059227228164673E-002  4.04537902613585725E-008
 Fixing grid
 Iteration  6   Mean: 0.3949E+09 Abs mean: 0.3949E+09   Fluctuation:  0.289E+09   0.370E+14    99.6%
  6    0.3949E+09 0.3949E+09 +- 0.2894E+09    262.21
 Relative summed weights:
  0.5719E-01  0.0000E+00
  0.3556E-01  0.0000E+00
  0.4093E-01  0.0000E+00
  0.3611E-01  0.0000E+00
  0.3862E-01  0.0000E+00
  0.7916E+00  0.0000E+00
 Relative number of events:
  0.1660E+00  0.0000E+00
  0.1660E+00  0.0000E+00
  0.1666E+00  0.0000E+00
  0.1683E+00  0.0000E+00
  0.1667E+00  0.0000E+00
  0.1664E+00  0.0000E+00
 Events:
       21253           0
       21244           0
       21330           0
       21539           0
       21339           0
       21295           0
 Found         5453  events.
 Wrote            2  events.
 Actual xsec    91114120.314020768     
 Correct abs xsec    91114120.314020768     
 Event xsec    91114120.314020768     
 Events wgts > 1:            1
 % Cross section > 1:    2.9662158042192459       3.25549518998407167E-006
 Checking number of events   3817.7727552777837                2  chi2:    3.7408152553454332     
 Found         5453  events.
 Wrote            1  events.
 Actual xsec    91114120.314020768     
 Correct abs xsec    91114120.314020768     
 Event xsec    91114120.314020768     
 Events wgts > 1:            1
 % Cross section > 1:    5.9324314147233963       6.51099016736103553E-006
 Iteration  7   Mean: 0.1620E+09 Abs mean: 0.1620E+09   Fluctuation:  0.411E+08   0.969E+13    99.6%
  7    0.1620E+09 0.1620E+09 +- 0.4107E+08    128.24
 Relative summed weights:
  0.8672E-01  0.0000E+00
  0.1240E+00  0.0000E+00
  0.1113E+00  0.0000E+00
  0.1235E+00  0.0000E+00
  0.1056E+00  0.0000E+00
  0.4489E+00  0.0000E+00
 Relative number of events:
  0.1663E+00  0.0000E+00
  0.1671E+00  0.0000E+00
  0.1678E+00  0.0000E+00
  0.1668E+00  0.0000E+00
  0.1656E+00  0.0000E+00
  0.1664E+00  0.0000E+00
 Events:
       42566           0
       42784           0
       42952           0
       42690           0
       42406           0
       42602           0
 Found         4732  events.
 Wrote            2  events.
 Actual xsec    179857978.43954465     
 Correct abs xsec    179857978.43954465     
 Event xsec    179857978.43954465     
 Events wgts > 1:            0
 % Cross section > 1:    0.0000000000000000        0.0000000000000000     
 Checking number of events   7536.2291545953594                2  chi2:   0.45806621067146069     
 Found         4732  events.
 Wrote            4  events.
 Actual xsec    179857978.43954465     
 Correct abs xsec    179857978.43954465     
 Event xsec    179857978.43954465     
 Events wgts > 1:            0
 % Cross section > 1:    0.0000000000000000        0.0000000000000000     
 Iteration  8   Mean: 0.1144E+09 Abs mean: 0.1144E+09   Fluctuation:  0.576E+07   0.147E+13    99.6%
  8    0.1144E+09 0.1144E+09 +- 0.5757E+07     36.00
 Relative summed weights:
  0.1627E+00  0.0000E+00
  0.1626E+00  0.0000E+00
  0.1489E+00  0.0000E+00
  0.1490E+00  0.0000E+00
  0.1988E+00  0.0000E+00
  0.1780E+00  0.0000E+00
 Relative number of events:
  0.1665E+00  0.0000E+00
  0.1675E+00  0.0000E+00
  0.1674E+00  0.0000E+00
  0.1657E+00  0.0000E+00
  0.1664E+00  0.0000E+00
  0.1665E+00  0.0000E+00
 Events:
       85226           0
       85774           0
       85720           0
       84846           0
       85204           0
       85230           0
 Found        20339  events.
 Wrote           43  events.
 Actual xsec    122197857.82350466     
 Correct abs xsec    122197857.82350466     
 Event xsec    122197857.82350479     
 Events wgts > 1:            2
 % Cross section > 1:    269984.68614115473       0.22094060481085057     
 Checking number of events   4922.9813395931915               43  chi2:    1.1891759054132267     
 Found        20339  events.
 Wrote           56  events.
 Actual xsec    122197857.82350466     
 Correct abs xsec    122197857.82350466     
 Event xsec    122197857.82350484     
 Events wgts > 1:            2
 % Cross section > 1:    207416.05295953853       0.16973787974181812     

 -------------------------------------------------------------------------------
 Accumulated results:   Integral =  0.6587E+08
                        Std dev  =  0.2340E+07
                       Cross sec =  0.6587E+08
             Chi**2 per DoF.     =     87.3311
 -------------------------------------------------------------------------------
-------------------------------------------------
---------------------------
 Results Last   3 iters: Integral =   0.1175E+09
                     Abs integral =   0.1175E+09
                         Std dev =   0.5784E+07
                 Chi**2 per DoF. =      1.1892
-------------------------------------------------
---------------------------

ls status:
events.lhe
ftn25
ftn26
input_sg.txt
log.txt
moffset.dat
results.dat
run1_app.log
