 Process in group number            0
 No PDF is used, alpha_s(MZ) from param_card is used
 Value of alpha_s from param_card:   0.11800000071525575     
 The default order of alpha_s running is fixed to            2
 *****************************************************
 *               MadGraph/MadEvent                   *
 *        --------------------------------           *
 *          http://madgraph.hep.uiuc.edu             *
 *          http://madgraph.phys.ucl.ac.be           *
 *          http://madgraph.roma2.infn.it            *
 *        --------------------------------           *
 *                                                   *
 *          PARAMETER AND COUPLING VALUES            *
 *                                                   *
 *****************************************************

  External Params
  ---------------------------------
  
 aEWM1 =    132.50700378417969     
 mdl_Gf =   1.16639000000000003E-005
 aS =   0.11800000071525575     
 mdl_ymb =    4.6999998092651367     
 mdl_ymt =    173.00000000000000     
 mdl_yme =   5.10999991092830896E-004
 mdl_ymm =   0.10565999895334244     
 mdl_ymtau =    1.7769999504089355     
 mdl_MZ =    91.188003540039063     
 mdl_MT =    173.00000000000000     
 mdl_MB =    4.6999998092651367     
 mdl_MH =    125.00000000000000     
 mdl_Me =   5.10999991092830896E-004
 mdl_MM =   0.10565999895334244     
 mdl_MTA =    1.7769999504089355     
 mdl_WZ =    2.4414041042327881     
 mdl_WW =    2.0476000308990479     
 mdl_WT =    1.4915000200271606     
 mdl_WH =   6.38233916833996773E-003
 mdl_WTau =   2.26999999999999982E-012
  Internal Params
  ---------------------------------
  
 mdl_conjg__CKM3x3 =    1.0000000000000000     
 mdl_CKM3x3 =    1.0000000000000000     
 mdl_conjg__CKM1x1 =    1.0000000000000000     
 mdl_complexi =  (  0.0000000000000000     ,  1.0000000000000000     )
 mdl_MZ__exp__2 =    8315.2519896181766     
 mdl_MZ__exp__4 =    69143415.650849044     
 mdl_sqrt__2 =    1.4142135623730951     
 mdl_MH__exp__2 =    15625.000000000000     
 mdl_aEW =   7.54677089845565054E-003
 mdl_MW =    80.419007276179556     
 mdl_sqrt__aEW =   8.68721526063194194E-002
 mdl_ee =   0.30795376284704501     
 mdl_MW__exp__2 =    6467.2167312862202     
 mdl_sw2 =   0.22224645274001076     
 mdl_cw =   0.88190336616887299     
 mdl_sqrt__sw2 =   0.47143022043565552     
 mdl_sw =   0.47143022043565552     
 mdl_g1 =   0.34919218438279087     
 mdl_gw =   0.65323296958447097     
 mdl_vev =    246.21845810181631     
 mdl_vev__exp__2 =    60623.529110035874     
 mdl_lam =   0.12886910601690271     
 mdl_yb =   2.69955531549349904E-002
 mdl_ye =   2.93504850670934038E-006
 mdl_ym =   6.06883028478528356E-004
 mdl_yt =   0.99366614581500645     
 mdl_ytau =   1.02066167158167895E-002
 mdl_muH =    88.388347648318444     
 mdl_I1x33 =  ( 2.69955531549349904E-002,  0.0000000000000000     )
 mdl_I2x33 =  ( 0.99366614581500645     ,  0.0000000000000000     )
 mdl_I3x33 =  ( 0.99366614581500645     ,  0.0000000000000000     )
 mdl_I4x33 =  ( 2.69955531549349904E-002,  0.0000000000000000     )
 mdl_ee__exp__2 =   9.48355200516540348E-002
 mdl_sw__exp__2 =   0.22224645274001076     
 mdl_cw__exp__2 =   0.77775354725998924     
  Internal Params evaluated point by point
  ----------------------------------------
  
 mdl_sqrt__aS =   0.34351128178744839     
 mdl_G__exp__2 =    1.4828317414825511     
  Couplings of sm-lepton_masses
  ---------------------------------
  
         GC_3 =  -0.00000E+00  -0.30795E+00
        GC_50 =  -0.00000E+00  -0.28804E+00
        GC_59 =   0.00000E+00   0.82310E-01
        GC_89 =  -0.00000E+00  -0.20754E-05

 Collider parameters:
 --------------------

 Running at e e   machine @   7.14879999999999960E-002  GeV
 PDF set = none   
 alpha_s(Mz)= 0.1180 running at 2 loops.
 alpha_s(Mz)= 0.1180 running at 2 loops.
 Renormalization scale fixed @    91.188000000000002     
 Factorization scales  fixed @    91.188000000000002        91.188000000000002     


 getting user params
Enter number of events and max and min iterations: 
 Number of events and iterations         2000           9           3
Enter desired fractional accuracy: 
 Desired fractional accuracy:  -5.74259999999999987E-006
Enter 0 for fixed, 2 for adjustable grid: 
Suppress amplitude (0 no, 1 yes)? 
 Using suppressed amplitude.
Exact helicity sum (0 yes, n = number/event)? 
 Explicitly summing over helicities
Enter Configuration Number: 
Running Configuration Number:   13
 Not subdividing B.W.
 Attempting mappinvarients           1           5
 Completed mapping           5
 about to integrate            5        2000           9           3           5           1
 Using non-zero grid deformation.
  5 dimensions   2000 events  5 invarients  9 iterations  1 config(s),  (0.99)
 Using h-tuple random number sequence.
 Error opening grid
 Using Uniform Grid!
 Using uniform alpha   1.0000000000000000     
 Grid defined OK
 Set CM energy to          0.07
 Mapping Graph          13  to config          13
Setting grid   1    0.51095E-04   1
Setting grid   2    0.17611E-04   1
 Masses: 0.511E-03 0.511E-03 0.000E+00 0.511E-03 0.511E-03
  13   1   2   3   4   5
 Got moffset           5
Using random seed offsets    13 :      1
  with seed                   87
 Ranmar initialization seeds       17625       25249
  Particle       3       4       5
      Et >     0.0     0.0     0.0
       E >     0.0     0.0     0.0
     Eta <    -1.0    -1.0    -1.0
   xqcut:      0.0     0.0     0.0
d R # 3  >    -0.0     0.0     0.0
d R # 4  >    -0.0    -0.0     0.0
s min # 3>     0.0     0.0     0.0
s min # 4>     0.0     0.0     0.0
xqcutij # 3>     0.0     0.0     0.0
xqcutij # 4>     0.0     0.0     0.0
 alpha_s for scale    91.188000000000002       is   0.11800000071525575     
 Added good helicity            1   9.5275530299491820       in event            1
 Added good helicity            2  1.11383612034742291E-004  in event            1
 Added good helicity            3  9.27883178592824043E-003  in event            1
 Added good helicity            5  0.76264439692491470       in event            1
 Added good helicity            6  3.23200161846983050E-005  in event            1
 Added good helicity            7  2.71211173777422661E-006  in event            1
 Added good helicity            9  1.02727195181964606E-004  in event            1
 Added good helicity           10   2.4882185667027299       in event            1
 Added good helicity           12  2.31673317886270207E-003  in event            1
 Added good helicity           13  2.37991256078746592E-004  in event            1
 Added good helicity           14   3.2087474754527219       in event            1
 Added good helicity           15  7.50042172049813442E-004  in event            1
 Added good helicity           16  3.72849697131971352E-006  in event            1
 Added good helicity           17  3.72849697542119486E-006  in event            1
 Added good helicity           18  7.50042168484629378E-004  in event            1
 Added good helicity           19   3.2087474901254720       in event            1
 Added good helicity           20  2.37991256897954710E-004  in event            1
 Added good helicity           21  2.31673318917643718E-003  in event            1
 Added good helicity           23   2.4882185815277911       in event            1
 Added good helicity           24  1.02727195794975238E-004  in event            1
 Added good helicity           26  2.71211167281676744E-006  in event            1
 Added good helicity           27  3.23200162243015676E-005  in event            1
 Added good helicity           28  0.76264439719665478       in event            1
 Added good helicity           30  9.27883180600144221E-003  in event            1
 Added good helicity           31  1.11383612086780241E-004  in event            1
 Added good helicity           32   9.5275530265585004       in event            1
 Added good helicity           11  5.70945200573512793E-002  in event            2
 Added good helicity           22  5.70945201401589983E-002  in event            2
 Added good helicity            4  4.00677343796199015E-006  in event            3
 Added good helicity           29  4.00677343924142155E-006  in event            3
 Iteration  1   Mean: 0.1662E+10 Abs mean: 0.1662E+10   Fluctuation:  0.860E+09   0.161E+13    74.5%
  1    0.1662E+10 0.1662E+10 +- 0.8597E+09     23.13
 Writing out events   123961.66626756030        23.132418053273273     
 Relative summed weights:
  0.1000E+01  0.0000E+00
 Relative number of events:
  0.1000E+01  0.0000E+00
 Events:
        2000           0
 Iteration  2   Mean: 0.1852E+10 Abs mean: 0.1852E+10   Fluctuation:  0.501E+09   0.107E+13    81.4%
  2    0.1852E+10 0.1852E+10 +- 0.5014E+09     17.12
 Relative summed weights:
  0.1000E+01  0.0000E+00
 Relative number of events:
  0.1000E+01  0.0000E+00
 Events:
        4000           0
 Iteration  3   Mean: 0.1622E+10 Abs mean: 0.1622E+10   Fluctuation:  0.898E+08   0.351E+12    81.2%
  3    0.1622E+10 0.1622E+10 +- 0.8981E+08      4.95
 Relative summed weights:
  0.1000E+01  0.0000E+00
 Relative number of events:
  0.1000E+01  0.0000E+00
 Events:
        8000           0
 Found          620  events.
 Wrote           35  events.
 Actual xsec    1631707608.5510719     
 Correct abs xsec    1631707608.5510719     
 Event xsec    1631707608.5510724     
 Events wgts > 1:            2
 % Cross section > 1:    19862281.174643166        1.2172696303279802     
 Checking number of events   9370.2441128653845               35  chi2:   0.10285447354562928     
 Found          620  events.
 Wrote           65  events.
 Actual xsec    1631707608.5510719     
 Correct abs xsec    1631707608.5510719     
 Event xsec    1631707608.5510745     
 Events wgts > 1:            2
 % Cross section > 1:    10755500.683303684       0.65915612741760554     
 Iteration  4   Mean: 0.1658E+10 Abs mean: 0.1658E+10   Fluctuation:  0.263E+08   0.934E+11    82.0%
  4    0.1658E+10 0.1658E+10 +- 0.2632E+08      2.01
 Relative summed weights:
  0.1000E+01  0.0000E+00
 Relative number of events:
  0.1000E+01  0.0000E+00
 Events:
       16000           0
 Found         1868  events.
 Wrote          795  events.
 Actual xsec    1656254238.5773516     
 Correct abs xsec    1656254238.5773516     
 Event xsec    1656254238.5773263     
 Events wgts > 1:           23
 % Cross section > 1:    15873709.957872428       0.95841022399480635     
 Checking number of events   9511.2055904542995              795  chi2:   0.15164332724099244     
 Found         1868  events.
 Wrote          815  events.
 Actual xsec    1656254238.5773516     
 Correct abs xsec    1656254238.5773516     
 Event xsec    1656254238.5773401     
 Events wgts > 1:           23
 % Cross section > 1:    15487813.683809737       0.93511088594183367     
 Iteration  5   Mean: 0.1655E+10 Abs mean: 0.1655E+10   Fluctuation:  0.122E+08   0.318E+11    80.1%
  5    0.1655E+10 0.1655E+10 +- 0.1223E+08      1.32
 Relative summed weights:
  0.1000E+01  0.0000E+00
 Relative number of events:
  0.1000E+01  0.0000E+00
 Events:
       32000           0
 Found         3968  events.
 Wrote         3963  events.
 Actual xsec    1655494263.1124310     
 Correct abs xsec    1655494263.1124310     
 Event xsec    1655494263.1125479     
 Events wgts > 1:           70
 % Cross section > 1:    7932107.1392617878       0.47913830425170900     
 Checking number of events   9506.8413553494465             3963  chi2:   7.49751903728691355E-002
 Found         3968  events.
 Wrote         3963  events.
 Actual xsec    1655494263.1124310     
 Correct abs xsec    1655494263.1124310     
 Event xsec    1655494263.1125479     
 Events wgts > 1:           70
 % Cross section > 1:    7932107.1392617878       0.47913830425170900     
 Iteration  6   Mean: 0.1652E+10 Abs mean: 0.1652E+10   Fluctuation:  0.702E+07   0.329E+11    79.3%
  6    0.1652E+10 0.1652E+10 +- 0.7024E+07      1.08
 Relative summed weights:
  0.1000E+01  0.0000E+00
 Relative number of events:
  0.1000E+01  0.0000E+00
 Events:
       64000           0
 Found         7990  events.
 Wrote         7986  events.
 Actual xsec    1653349616.6930742     
 Correct abs xsec    1653349616.6930742     
 Event xsec    1653349616.6928430     
 Events wgts > 1:           27
 % Cross section > 1:    1500484.0285767000       9.07541885531799181E-002
 Checking number of events   9494.5255088216472             7986  chi2:   4.46092695829240563E-002
 Found         7990  events.
 Wrote         7986  events.
 Actual xsec    1653349616.6930742     
 Correct abs xsec    1653349616.6930742     
 Event xsec    1653349616.6928430     
 Events wgts > 1:           27
 % Cross section > 1:    1500484.0285767000       9.07541885531799181E-002
 Iteration  7   Mean: 0.1657E+10 Abs mean: 0.1657E+10   Fluctuation:  0.452E+07   0.437E+11    78.6%
  7    0.1657E+10 0.1657E+10 +- 0.4515E+07      0.97
 Relative summed weights:
  0.1000E+01  0.0000E+00
 Relative number of events:
  0.1000E+01  0.0000E+00
 Events:
      128000           0
 Found        16248  events.
 Wrote        16243  events.
 Actual xsec    1655699508.3013582     
 Correct abs xsec    1655699508.3013582     
 Event xsec    1655699508.3016520     
 Events wgts > 1:           32
 % Cross section > 1:    1947406.9773933939       0.11761838229878822     
 Checking number of events   9508.0199963713803            16243  chi2:   0.16846828635430358     

 -------------------------------------------------------------------------------
 Accumulated results:   Integral =  0.1656E+10
                        Std dev  =  0.3590E+07
                       Cross sec =  0.1121E+00
             Chi**2 per DoF.     =
-------------------------------------------------
---------------------------
 Results Last   3 iters: Integral =   0.1656E+10
                     Abs integral =   0.1656E+10
                          Std dev =   0.3627E+07
                  Chi**2 per DoF. =      0.1685
-------------------------------------------------
---------------------------
 Status -5.74259999999999987E-006           8           9
 We found enough events       16243   9508.0199963713803     

ls status:
events.lhe
ftn25
ftn26
input_sg.txt
moffset.dat
results.dat
run_01_ftn26.gz
run_01_log.txt
run_01_results.dat
run_02_ftn26.gz
run_02_log.txt
run_02_results.dat
run1_app.log
