 Process in group number            0
 No PDF is used, alpha_s(MZ) from param_card is used
 Value of alpha_s from param_card:   0.11800000071525575     
 The default order of alpha_s running is fixed to            2
 Warning: pt or E min of a gamma should in general be >0
 Warning: pt or E min of a gamma should in general be >0
 Warning: pt or E min of a gamma should in general be >0
 *****************************************************
 *               MadGraph/MadEvent                   *
 *        --------------------------------           *
 *          http://madgraph.hep.uiuc.edu             *
 *          http://madgraph.phys.ucl.ac.be           *
 *          http://madgraph.roma2.infn.it            *
 *        --------------------------------           *
 *                                                   *
 *          PARAMETER AND COUPLING VALUES            *
 *                                                   *
 *****************************************************

  External Params
  ---------------------------------
  
 aEWM1 =    132.50700378417969     
 mdl_Gf =   1.16639000000000003E-005
 aS =   0.11800000071525575     
 mdl_ymb =    4.6999998092651367     
 mdl_ymt =    173.00000000000000     
 mdl_yme =   5.10999991092830896E-004
 mdl_ymm =   0.10565999895334244     
 mdl_ymtau =    1.7769999504089355     
 mdl_MZ =    91.188003540039063     
 mdl_MT =    173.00000000000000     
 mdl_MB =    4.6999998092651367     
 mdl_MH =    125.00000000000000     
 mdl_Me =   5.10999991092830896E-004
 mdl_MM =   0.10565999895334244     
 mdl_MTA =    1.7769999504089355     
 mdl_WZ =    2.4414041042327881     
 mdl_WW =    2.0476000308990479     
 mdl_WT =    1.4915000200271606     
 mdl_WH =   6.38233916833996773E-003
 mdl_WTau =   2.26999999999999982E-012
  Internal Params
  ---------------------------------
  
 mdl_conjg__CKM3x3 =    1.0000000000000000     
 mdl_CKM3x3 =    1.0000000000000000     
 mdl_conjg__CKM1x1 =    1.0000000000000000     
 mdl_complexi =  (  0.0000000000000000     ,  1.0000000000000000     )
 mdl_MZ__exp__2 =    8315.2519896181766     
 mdl_MZ__exp__4 =    69143415.650849044     
 mdl_sqrt__2 =    1.4142135623730951     
 mdl_MH__exp__2 =    15625.000000000000     
 mdl_aEW =   7.54677089845565054E-003
 mdl_MW =    80.419007276179556     
 mdl_sqrt__aEW =   8.68721526063194194E-002
 mdl_ee =   0.30795376284704501     
 mdl_MW__exp__2 =    6467.2167312862202     
 mdl_sw2 =   0.22224645274001076     
 mdl_cw =   0.88190336616887299     
 mdl_sqrt__sw2 =   0.47143022043565552     
 mdl_sw =   0.47143022043565552     
 mdl_g1 =   0.34919218438279087     
 mdl_gw =   0.65323296958447097     
 mdl_vev =    246.21845810181631     
 mdl_vev__exp__2 =    60623.529110035874     
 mdl_lam =   0.12886910601690271     
 mdl_yb =   2.69955531549349904E-002
 mdl_ye =   2.93504850670934038E-006
 mdl_ym =   6.06883028478528356E-004
 mdl_yt =   0.99366614581500645     
 mdl_ytau =   1.02066167158167895E-002
 mdl_muH =    88.388347648318444     
 mdl_I1x33 =  ( 2.69955531549349904E-002,  0.0000000000000000     )
 mdl_I2x33 =  ( 0.99366614581500645     ,  0.0000000000000000     )
 mdl_I3x33 =  ( 0.99366614581500645     ,  0.0000000000000000     )
 mdl_I4x33 =  ( 2.69955531549349904E-002,  0.0000000000000000     )
 mdl_ee__exp__2 =   9.48355200516540348E-002
 mdl_sw__exp__2 =   0.22224645274001076     
 mdl_cw__exp__2 =   0.77775354725998924     
  Internal Params evaluated point by point
  ----------------------------------------
  
 mdl_sqrt__aS =   0.34351128178744839     
 mdl_G__exp__2 =    1.4828317414825511     
  Couplings of sm-lepton_masses
  ---------------------------------
  
         GC_3 =  -0.00000E+00  -0.30795E+00

 Collider parameters:
 --------------------

 Running at e e   machine @   7.00000000000000067E-002  GeV
 PDF set = none   
 alpha_s(Mz)= 0.1180 running at 2 loops.
 alpha_s(Mz)= 0.1180 running at 2 loops.
 Renormalization scale fixed @    91.188000000000002     
 Factorization scales  fixed @    91.188000000000002        91.188000000000002     


 getting user params
Enter number of events and max and min iterations: 
 Number of events and iterations         1000           9           3
Enter desired fractional accuracy: 
 Desired fractional accuracy:  -4.19009999999999974E-005
Enter 0 for fixed, 2 for adjustable grid: 
Suppress amplitude (0 no, 1 yes)? 
 Using suppressed amplitude.
Exact helicity sum (0 yes, n = number/event)? 
 Explicitly summing over helicities
Enter Configuration Number: 
Running Configuration Number:    1
 Not subdividing B.W.
 Attempting mappinvarients           1           5
 Completed mapping           5
 about to integrate            5        1000           9           3           5           1
 Keeping grid fixed.
  5 dimensions   1000 events  5 invarients  9 iterations  1 config(s),  (0.99)
 Using h-tuple random number sequence.
 Grid read from file
 Grid defined OK
 Set CM energy to          0.07
 Mapping Graph           1  to config           1
 Warning: No cutoff for shat integral found
          Minimum set to    204.08163265306121     
 No modification is setgrid, grid read from file
 Warning: No cutoff for shat integral found
          Minimum set to    204.08163265306121     
 No modification is setgrid, grid read from file
 Masses: 0.511E-03 0.511E-03 0.000E+00 0.000E+00 0.000E+00
   1   1   2   3   4   5
 Got moffset          13
Using random seed offsets     1 :      1
  with seed                   30
 Ranmar initialization seeds        8292       20365
  Particle       3       4       5
      Et >     0.0     0.0     0.0
       E >     0.0     0.0     0.0
     Eta <    -1.0    -1.0    -1.0
   xqcut:      0.0     0.0     0.0
d R # 3  >    -0.0     0.0     0.0
d R # 4  >    -0.0    -0.0     0.0
s min # 3>     0.0     0.0     0.0
s min # 4>     0.0     0.0     0.0
xqcutij # 3>     0.0     0.0     0.0
xqcutij # 4>     0.0     0.0     0.0
 alpha_s for scale    91.188000000000002       is   0.11800000071525575     
 Added good helicity            1  0.10984924064775842       in event            1
 Added good helicity            2  4.47218724458246648E-005  in event            1
 Added good helicity            3  9.74476008526187730E-003  in event            1
 Added good helicity            4  1.66553929024786491E-006  in event            1
 Added good helicity            5  0.14425459433357998       in event            1
 Added good helicity            6  3.48387343451237729E-005  in event            1
 Added good helicity            7  2.69606088321764511E-006  in event            1
 Added good helicity           10   4.9015636355142487       in event            1
 Added good helicity           11  2.50953366486829366E-003  in event            1
 Added good helicity           12  0.22697799017467155       in event            1
 Added good helicity           13  2.86052610728942372E-004  in event            1
 Added good helicity           14   10.604697611834727       in event            1
 Added good helicity           15  3.26586151685827453E-005  in event            1
 Added good helicity           18  3.26586151685827453E-005  in event            1
 Added good helicity           19   10.604697611834727       in event            1
 Added good helicity           20  2.86052610728942372E-004  in event            1
 Added good helicity           21  0.22697799017467155       in event            1
 Added good helicity           22  2.50953366486829366E-003  in event            1
 Added good helicity           23   4.9015636355142504       in event            1
 Added good helicity           26  2.69606088321764934E-006  in event            1
 Added good helicity           27  3.48387343451237865E-005  in event            1
 Added good helicity           28  0.14425459433357998       in event            1
 Added good helicity           29  1.66553929024786449E-006  in event            1
 Added good helicity           30  9.74476008526187383E-003  in event            1
 Added good helicity           31  4.47218724458246648E-005  in event            1
 Added good helicity           32  0.10984924064775842       in event            1
 Iteration  1   Mean: 0.2268E+09 Abs mean: 0.2268E+09   Fluctuation:  0.964E+08   0.791E+11    99.2%
  1    0.2268E+09 0.2268E+09 +- 0.9642E+08     13.44
 Writing out events   25399.179411446152        13.444831770587978     
 Relative summed weights:
  0.5755E-01  0.0000E+00
  0.6191E-01  0.0000E+00
  0.6097E-01  0.0000E+00
  0.6692E+00  0.0000E+00
  0.6623E-01  0.0000E+00
  0.8408E-01  0.0000E+00
 Relative number of events:
  0.1470E+00  0.0000E+00
  0.1550E+00  0.0000E+00
  0.1710E+00  0.0000E+00
  0.1740E+00  0.0000E+00
  0.1640E+00  0.0000E+00
  0.1890E+00  0.0000E+00
 Events:
         147           0
         155           0
         171           0
         174           0
         164           0
         189           0
 Iteration  2   Mean: 0.1066E+09 Abs mean: 0.1066E+09   Fluctuation:  0.615E+07   0.626E+10    99.6%
  2    0.1066E+09 0.1066E+09 +- 0.6147E+07      2.58
 Relative summed weights:
  0.1549E+00  0.0000E+00
  0.1476E+00  0.0000E+00
  0.1956E+00  0.0000E+00
  0.2215E+00  0.0000E+00
  0.1419E+00  0.0000E+00
  0.1386E+00  0.0000E+00
 Relative number of events:
  0.1610E+00  0.0000E+00
  0.1610E+00  0.0000E+00
  0.1640E+00  0.0000E+00
  0.1765E+00  0.0000E+00
  0.1705E+00  0.0000E+00
  0.1670E+00  0.0000E+00
 Events:
         322           0
         322           0
         328           0
         353           0
         341           0
         334           0
 Iteration  3   Mean: 0.1146E+09 Abs mean: 0.1146E+09   Fluctuation:  0.793E+07   0.262E+11    99.6%
  3    0.1146E+09 0.1146E+09 +- 0.7926E+07      4.37
 Relative summed weights:
  0.1703E+00  0.0000E+00
  0.2096E+00  0.0000E+00
  0.1586E+00  0.0000E+00
  0.1432E+00  0.0000E+00
  0.1453E+00  0.0000E+00
  0.1730E+00  0.0000E+00
 Relative number of events:
  0.1718E+00  0.0000E+00
  0.1760E+00  0.0000E+00
  0.1740E+00  0.0000E+00
  0.1565E+00  0.0000E+00
  0.1595E+00  0.0000E+00
  0.1623E+00  0.0000E+00
 Events:
         687           0
         704           0
         696           0
         626           0
         638           0
         649           0
 Found          357  events.
 Wrote           24  events.
 Actual xsec    111158694.32113571     
 Correct abs xsec    111158694.32113571     
 Event xsec    111158694.32113568     
 Events wgts > 1:            1
 % Cross section > 1:   0.22782806213945150       2.04957483110821614E-007
 Checking number of events   4657.6604507499069               24  chi2:    1.0875459413394615     
 Found          357  events.
 Wrote           21  events.
 Actual xsec    111158694.32113571     
 Correct abs xsec    111158694.32113571     
 Event xsec    111158694.32113561     
 Events wgts > 1:            1
 % Cross section > 1:   0.26037492789328098       2.34237123315844429E-007
 Iteration  4   Mean: 0.1323E+09 Abs mean: 0.1323E+09   Fluctuation:  0.106E+08   0.482E+11    99.6%
  4    0.1323E+09 0.1323E+09 +- 0.1057E+08      7.15
 Relative summed weights:
  0.1558E+00  0.0000E+00
  0.1554E+00  0.0000E+00
  0.1386E+00  0.0000E+00
  0.1841E+00  0.0000E+00
  0.2461E+00  0.0000E+00
  0.1200E+00  0.0000E+00
 Relative number of events:
  0.1708E+00  0.0000E+00
  0.1620E+00  0.0000E+00
  0.1555E+00  0.0000E+00
  0.1744E+00  0.0000E+00
  0.1734E+00  0.0000E+00
  0.1640E+00  0.0000E+00
 Events:
        1366           0
        1296           0
        1244           0
        1395           0
        1387           0
        1312           0
 Found          646  events.
 Wrote           24  events.
 Actual xsec    115160244.53495014     
 Correct abs xsec    115160244.53495014     
 Event xsec    115160244.53495018     
 Events wgts > 1:            1
 % Cross section > 1:   0.34090638067573309       2.96027836735159770E-007
 Checking number of events   4825.3294062589457               24  chi2:    2.2782332735931159     
 Found          646  events.
 Wrote           22  events.
 Actual xsec    115160244.53495014     
 Correct abs xsec    115160244.53495014     
 Event xsec    115160244.53495014     
 Events wgts > 1:            1
 % Cross section > 1:   0.37189787067472935       3.22939458991737036E-007
 Iteration  5   Mean: 0.1136E+09 Abs mean: 0.1136E+09   Fluctuation:  0.388E+07   0.299E+11    99.6%
  5    0.1136E+09 0.1136E+09 +- 0.3878E+07      4.32
 Relative summed weights:
  0.1717E+00  0.0000E+00
  0.1822E+00  0.0000E+00
  0.1644E+00  0.0000E+00
  0.1705E+00  0.0000E+00
  0.1533E+00  0.0000E+00
  0.1578E+00  0.0000E+00
 Relative number of events:
  0.1681E+00  0.0000E+00
  0.1615E+00  0.0000E+00
  0.1674E+00  0.0000E+00
  0.1673E+00  0.0000E+00
  0.1659E+00  0.0000E+00
  0.1699E+00  0.0000E+00
 Events:
        2689           0
        2584           0
        2678           0
        2676           0
        2654           0
        2719           0
 Found         1134  events.
 Wrote           92  events.
 Actual xsec    116192800.14208473     
 Correct abs xsec    116192800.14208473     
 Event xsec    116192800.14208496     
 Events wgts > 1:            3
 % Cross section > 1:    743172.89003147953       0.63960321906581097     
 Checking number of events   4868.5945187534917               92  chi2:    1.3933797616001125     
 Found         1134  events.
 Wrote           86  events.
 Actual xsec    116192800.14208473     
 Correct abs xsec    116192800.14208473     
 Event xsec    116192800.14208494     
 Events wgts > 1:            3
 % Cross section > 1:    794667.55310921883       0.68392150988483735     
 Iteration  6   Mean: 0.1180E+09 Abs mean: 0.1180E+09   Fluctuation:  0.341E+07   0.471E+11    99.6%
  6    0.1180E+09 0.1180E+09 +- 0.3415E+07      5.18
 Relative summed weights:
  0.1661E+00  0.0000E+00
  0.1770E+00  0.0000E+00
  0.1570E+00  0.0000E+00
  0.1683E+00  0.0000E+00
  0.1631E+00  0.0000E+00
  0.1686E+00  0.0000E+00
 Relative number of events:
  0.1656E+00  0.0000E+00
  0.1667E+00  0.0000E+00
  0.1672E+00  0.0000E+00
  0.1696E+00  0.0000E+00
  0.1639E+00  0.0000E+00
  0.1671E+00  0.0000E+00
 Events:
        5299           0
        5333           0
        5350           0
        5426           0
        5244           0
        5348           0
 Found         2753  events.
 Wrote          115  events.
 Actual xsec    117327815.80124789     
 Correct abs xsec    117327815.80124789     
 Event xsec    117327815.80124806     
 Events wgts > 1:            3
 % Cross section > 1:    1359122.5619521118        1.1583975655478402     
 Checking number of events   4916.1528098880881              115  chi2:    1.4722357576373581     
 Found         2753  events.
 Wrote          144  events.
 Actual xsec    117327815.80124789     
 Correct abs xsec    117327815.80124789     
 Event xsec    117327815.80124806     
 Events wgts > 1:            3
 % Cross section > 1:    1087948.4368228011       0.92727238583029026     
 Iteration  7   Mean: 0.1177E+09 Abs mean: 0.1177E+09   Fluctuation:  0.262E+07   0.776E+11    99.6%
  7    0.1177E+09 0.1177E+09 +- 0.2621E+07      5.63
 Relative summed weights:
  0.1695E+00  0.0000E+00
  0.1703E+00  0.0000E+00
  0.1724E+00  0.0000E+00
  0.1699E+00  0.0000E+00
  0.1513E+00  0.0000E+00
  0.1667E+00  0.0000E+00
 Relative number of events:
  0.1679E+00  0.0000E+00
  0.1679E+00  0.0000E+00
  0.1651E+00  0.0000E+00
  0.1672E+00  0.0000E+00
  0.1656E+00  0.0000E+00
  0.1663E+00  0.0000E+00
 Events:
       10746           0
       10743           0
       10566           0
       10701           0
       10598           0
       10646           0
 Found         5160  events.
 Wrote          167  events.
 Actual xsec    116925850.84406960     
 Correct abs xsec    116925850.84406960     
 Event xsec    116925850.84406956     
 Events wgts > 1:            4
 % Cross section > 1:    703801.15350637597       0.60192091691079841     
 Checking number of events   4899.3100762173599              167  chi2:   0.45122543972756696     
 Found         5160  events.
 Wrote          169  events.
 Actual xsec    116925850.84406960     
 Correct abs xsec    116925850.84406960     
 Event xsec    116925850.84406926     
 Events wgts > 1:            4
 % Cross section > 1:    695521.69003924681       0.59483996483103230     
 Iteration  8   Mean: 0.1169E+09 Abs mean: 0.1169E+09   Fluctuation:  0.206E+07   0.115E+12    99.6%
  8    0.1169E+09 0.1169E+09 +- 0.2059E+07      6.30
 Relative summed weights:
  0.1599E+00  0.0000E+00
  0.1600E+00  0.0000E+00
  0.1680E+00  0.0000E+00
  0.1747E+00  0.0000E+00
  0.1754E+00  0.0000E+00
  0.1620E+00  0.0000E+00
 Relative number of events:
  0.1664E+00  0.0000E+00
  0.1665E+00  0.0000E+00
  0.1661E+00  0.0000E+00
  0.1668E+00  0.0000E+00
  0.1673E+00  0.0000E+00
  0.1668E+00  0.0000E+00
 Events:
       21301           0
       21318           0
       21267           0
       21347           0
       21416           0
       21351           0
 Found        10488  events.
 Wrote          271  events.
 Actual xsec    117341062.88594389     
 Correct abs xsec    117341062.88594389     
 Event xsec    117341062.88594450     
 Events wgts > 1:            3
 % Cross section > 1:    786982.25601056265       0.67067933139101465     
 Checking number of events   4916.7078759839342              271  chi2:   5.30802671412244839E-002
 Found        10488  events.
 Wrote          261  events.
 Actual xsec    117341062.88594389     
 Correct abs xsec    117341062.88594389     
 Event xsec    117341062.88594371     
 Events wgts > 1:            3
 % Cross section > 1:    816924.91154603544       0.69619695906461310     
 Iteration  9   Mean: 0.1194E+09 Abs mean: 0.1194E+09   Fluctuation:  0.161E+07   0.148E+12    99.5%
  9    0.1194E+09 0.1194E+09 +- 0.1614E+07      6.84
 Relative summed weights:
  0.1574E+00  0.0000E+00
  0.1890E+00  0.0000E+00
  0.1624E+00  0.0000E+00
  0.1673E+00  0.0000E+00
  0.1676E+00  0.0000E+00
  0.1563E+00  0.0000E+00
 Relative number of events:
  0.1673E+00  0.0000E+00
  0.1677E+00  0.0000E+00
  0.1661E+00  0.0000E+00
  0.1671E+00  0.0000E+00
  0.1658E+00  0.0000E+00
  0.1660E+00  0.0000E+00
 Events:
       42822           0
       42930           0
       42523           0
       42780           0
       42437           0
       42508           0
 Found        21097  events.
 Wrote          483  events.
 Actual xsec    118339147.41269542     
 Correct abs xsec    118339147.41269542     
 Event xsec    118339147.41269349     
 Events wgts > 1:            8
 % Cross section > 1:    965639.07963503967       0.81599293280987562     
 Checking number of events   4958.5286157393502              483  chi2:   0.51654262369720572     
 Found        21097  events.
 Wrote          494  events.
 Actual xsec    118339147.41269542     
 Correct abs xsec    118339147.41269542     
 Event xsec    118339147.41269325     
 Events wgts > 1:            8
 % Cross section > 1:    944308.57463013357       0.79796803955074425     

 -------------------------------------------------------------------------------
 Accumulated results:   Integral =  0.1179E+09
                        Std dev  =  0.1017E+07
                       Cross sec =  0.1179E+09
             Chi**2 per DoF.     =      1.5335
 -------------------------------------------------------------------------------
-------------------------------------------------
---------------------------
 Results Last   3 iters: Integral =   0.1183E+09
                     Abs integral =   0.1183E+09
                          Std dev =   0.1143E+07
                  Chi**2 per DoF. =      0.5165
-------------------------------------------------
---------------------------
 Status -4.19009999999999974E-005          10           9
 Trying w/ fresh grid
 Starting w/ ncall =         4000
 Keeping grid fixed.
  5 dimensions   4000 events  5 invarients  8 iterations  1 config(s),  (0.99)
 Using h-tuple random number sequence.
 Error opening grid
 Using Uniform Grid!
 Using uniform alpha   1.0000000000000000     
 Grid defined OK
 Warning: No cutoff for shat integral found
          Minimum set to    204.08163265306121     
Setting grid   1    0.20408E+03   1
 Warning: No cutoff for shat integral found
          Minimum set to    204.08163265306121     
Setting grid   2    0.20408E+03   1
Warning xbin not returning correct x   2  0.999995E+00  0.998601E+00  0.2837E+03
Warning xbin not returning correct x   2  0.999988E+00  0.996704E+00  0.2837E+03
Warning xbin not returning correct x   2  0.999975E+00  0.992948E+00  0.2837E+03
Warning xbin not returning correct x   2  0.999981E+00  0.994589E+00  0.2837E+03
Warning xbin not returning correct x   2  0.999975E+00  0.992824E+00  0.2837E+03
Warning xbin still not working well. Last message this iteration.
 Iteration  1   Mean: 0.2399E+08 Abs mean: 0.2399E+08   Fluctuation:  0.529E+07   0.171E+11    99.1%
  1    0.2399E+08 0.2399E+08 +- 0.5289E+07     13.94
 Relative summed weights:
  0.2817E+00  0.0000E+00
  0.6566E-01  0.0000E+00
  0.1424E+00  0.0000E+00
  0.2224E+00  0.0000E+00
  0.1434E+00  0.0000E+00
  0.1444E+00  0.0000E+00
 Relative number of events:
  0.1655E+00  0.0000E+00
  0.1693E+00  0.0000E+00
  0.1655E+00  0.0000E+00
  0.1725E+00  0.0000E+00
  0.1680E+00  0.0000E+00
  0.1593E+00  0.0000E+00
 Events:
         662           0
         677           0
         662           0
         690           0
         672           0
         637           0
Warning xbin not returning correct x   1  0.985933E+00  0.999785E+00  0.1549E-01
Warning xbin not returning correct x   1  0.996532E+00  0.999947E+00  0.1549E-01
Warning xbin not returning correct x   1  0.990110E+00  0.999849E+00  0.1549E-01
Warning xbin not returning correct x   1  0.989002E+00  0.999832E+00  0.1549E-01
Warning xbin not returning correct x   1  0.992550E+00  0.999886E+00  0.1549E-01
Warning xbin still not working well. Last message this iteration.
 Iteration  2   Mean: 0.2729E+07 Abs mean: 0.2729E+07   Fluctuation:  0.240E+06   0.166E+10    93.9%
  2    0.2729E+07 0.2729E+07 +- 0.2404E+06      7.88
 Relative summed weights:
  0.1972E+00  0.0000E+00
  0.1627E+00  0.0000E+00
  0.1288E+00  0.0000E+00
  0.1443E+00  0.0000E+00
  0.1448E+00  0.0000E+00
  0.2222E+00  0.0000E+00
 Relative number of events:
  0.1770E+00  0.0000E+00
  0.1615E+00  0.0000E+00
  0.1676E+00  0.0000E+00
  0.1655E+00  0.0000E+00
  0.1644E+00  0.0000E+00
  0.1640E+00  0.0000E+00
 Events:
        1416           0
        1292           0
        1341           0
        1324           0
        1315           0
        1312           0
 Iteration  3   Mean: 0.1542E+09 Abs mean: 0.1542E+09   Fluctuation:  0.820E+08   0.116E+13   100.0%
  3    0.1542E+09 0.1542E+09 +- 0.8199E+08     67.28
 Relative summed weights:
  0.3239E-01  0.0000E+00
  0.2402E-01  0.0000E+00
  0.1744E-01  0.0000E+00
  0.2809E+00  0.0000E+00
  0.5881E+00  0.0000E+00
  0.5718E-01  0.0000E+00
 Relative number of events:
  0.1663E+00  0.0000E+00
  0.1646E+00  0.0000E+00
  0.1738E+00  0.0000E+00
  0.1658E+00  0.0000E+00
  0.1651E+00  0.0000E+00
  0.1644E+00  0.0000E+00
 Events:
        2660           0
        2634           0
        2781           0
        2652           0
        2642           0
        2631           0
 Found         2000  events.
 Wrote            2  events.
 Actual xsec    9087708.9896179698     
 Correct abs xsec    9087708.9896179698     
 Event xsec    9087708.9896179698     
 Events wgts > 1:            0
 % Cross section > 1:    0.0000000000000000        0.0000000000000000     
 Checking number of events   380.78409437398255                2  chi2:    355.40906962993427     
 Found         2000  events.
 Wrote            2  events.
 Actual xsec    9087708.9896179698     
 Correct abs xsec    9087708.9896179698     
 Event xsec    9087708.9896179698     
 Events wgts > 1:            0
 % Cross section > 1:    0.0000000000000000        0.0000000000000000     
 Iteration  4   Mean: 0.6326E+08 Abs mean: 0.6326E+08   Fluctuation:  0.818E+07   0.180E+12    99.6%
  4    0.6326E+08 0.6326E+08 +- 0.8178E+07     23.13
 Relative summed weights:
  0.1519E+00  0.0000E+00
  0.2237E+00  0.0000E+00
  0.2351E+00  0.0000E+00
  0.1443E+00  0.0000E+00
  0.1368E+00  0.0000E+00
  0.1082E+00  0.0000E+00
 Relative number of events:
  0.1667E+00  0.0000E+00
  0.1643E+00  0.0000E+00
  0.1668E+00  0.0000E+00
  0.1707E+00  0.0000E+00
  0.1671E+00  0.0000E+00
  0.1644E+00  0.0000E+00
 Events:
        5335           0
        5259           0
        5338           0
        5461           0
        5346           0
        5261           0
 Found          577  events.
 Wrote           14  events.
 Actual xsec    24355637.378526334     
 Correct abs xsec    24355637.378526334     
 Event xsec    24355637.378526330     
 Events wgts > 1:            1
 % Cross section > 1:   8.32641730085015297E-003  3.41868174970913220E-008
 Checking number of events   1020.5255617976319               14  chi2:    4059.5537569184494     
 Found          577  events.
 Wrote           10  events.
 Actual xsec    24355637.378526334     
 Correct abs xsec    24355637.378526334     
 Event xsec    24355637.378526334     
 Events wgts > 1:            1
 % Cross section > 1:   1.16569842211902142E-002  4.78615444959278468E-008
 Iteration  5   Mean: 0.7400E+08 Abs mean: 0.7400E+08   Fluctuation:  0.366E+07   0.101E+12    99.6%
  5    0.7400E+08 0.7400E+08 +- 0.3661E+07     12.51
 Relative summed weights:
  0.1618E+00  0.0000E+00
  0.2002E+00  0.0000E+00
  0.1532E+00  0.0000E+00
  0.1833E+00  0.0000E+00
  0.1453E+00  0.0000E+00
  0.1562E+00  0.0000E+00
 Relative number of events:
  0.1676E+00  0.0000E+00
  0.1653E+00  0.0000E+00
  0.1684E+00  0.0000E+00
  0.1657E+00  0.0000E+00
  0.1685E+00  0.0000E+00
  0.1645E+00  0.0000E+00
 Events:
       10726           0
       10579           0
       10776           0
       10602           0
       10786           0
       10531           0
 Found         3792  events.
 Wrote           67  events.
 Actual xsec    73238376.844333053     
 Correct abs xsec    73238376.844333053     
 Event xsec    73238376.844332963     
 Events wgts > 1:            3
 % Cross section > 1:    493629.40961452806       0.67400375443018046     
 Checking number of events   3068.7612281543989               67  chi2:    1.2530401735830732     
 Found         3792  events.
 Wrote           65  events.
 Actual xsec    73238376.844333053     
 Correct abs xsec    73238376.844333053     
 Event xsec    73238376.844332904     
 Events wgts > 1:            3
 % Cross section > 1:    508712.50709814136       0.69459828168966975     
 Fixing grid
 Iteration  6   Mean: 0.1198E+09 Abs mean: 0.1198E+09   Fluctuation:  0.170E+08   0.178E+13    99.5%
  6    0.1198E+09 0.1198E+09 +- 0.1703E+08     50.86
 Relative summed weights:
  0.1326E+00  0.0000E+00
  0.1290E+00  0.0000E+00
  0.1959E+00  0.0000E+00
  0.2751E+00  0.0000E+00
  0.1414E+00  0.0000E+00
  0.1260E+00  0.0000E+00
 Relative number of events:
  0.1668E+00  0.0000E+00
  0.1675E+00  0.0000E+00
  0.1649E+00  0.0000E+00
  0.1676E+00  0.0000E+00
  0.1680E+00  0.0000E+00
  0.1653E+00  0.0000E+00
 Events:
       21345           0
       21434           0
       21107           0
       21453           0
       21503           0
       21158           0
 Found         9368  events.
 Wrote           10  events.
 Actual xsec    77137681.254506990     
 Correct abs xsec    77137681.254506990     
 Event xsec    77137681.254506990     
 Events wgts > 1:            0
 % Cross section > 1:    0.0000000000000000        0.0000000000000000     
 Checking number of events   3232.1459822450970               10  chi2:    4.9482690338574766     
 Found         9368  events.
 Wrote           10  events.
 Actual xsec    77137681.254506990     
 Correct abs xsec    77137681.254506990     
 Event xsec    77137681.254506990     
 Events wgts > 1:            0
 % Cross section > 1:    0.0000000000000000        0.0000000000000000     
 Iteration  7   Mean: 0.9774E+08 Abs mean: 0.9774E+08   Fluctuation:  0.712E+07   0.155E+13    99.5%
  7    0.9774E+08 0.9774E+08 +- 0.7119E+07     36.85
 Relative summed weights:
  0.1843E+00  0.0000E+00
  0.1390E+00  0.0000E+00
  0.1503E+00  0.0000E+00
  0.2331E+00  0.0000E+00
  0.1371E+00  0.0000E+00
  0.1561E+00  0.0000E+00
 Relative number of events:
  0.1665E+00  0.0000E+00
  0.1658E+00  0.0000E+00
  0.1671E+00  0.0000E+00
  0.1662E+00  0.0000E+00
  0.1678E+00  0.0000E+00
  0.1667E+00  0.0000E+00
 Events:
       42614           0
       42443           0
       42776           0
       42549           0
       42950           0
       42668           0
 Found        12548  events.
 Wrote            8  events.
 Actual xsec    84428162.740810871     
 Correct abs xsec    84428162.740810871     
 Event xsec    84428162.740810871     
 Events wgts > 1:            0
 % Cross section > 1:    0.0000000000000000        0.0000000000000000     
 Checking number of events   3537.6244470027159                8  chi2:    7.9663948717822350     
 Found        12548  events.
 Wrote           11  events.
 Actual xsec    84428162.740810871     
 Correct abs xsec    84428162.740810871     
 Event xsec    84428162.740810871     
 Events wgts > 1:            0
 % Cross section > 1:    0.0000000000000000        0.0000000000000000     
 Iteration  8   Mean: 0.2011E+09 Abs mean: 0.2011E+09   Fluctuation:  0.965E+08   0.493E+14    99.5%
  8    0.2011E+09 0.2011E+09 +- 0.9652E+08    343.49
 Relative summed weights:
  0.8065E-01  0.0000E+00
  0.8433E-01  0.0000E+00
  0.8031E-01  0.0000E+00
  0.5639E+00  0.0000E+00
  0.8621E-01  0.0000E+00
  0.1046E+00  0.0000E+00
 Relative number of events:
  0.1670E+00  0.0000E+00
  0.1663E+00  0.0000E+00
  0.1661E+00  0.0000E+00
  0.1673E+00  0.0000E+00
  0.1672E+00  0.0000E+00
  0.1661E+00  0.0000E+00
 Events:
       85482           0
       85166           0
       85061           0
       85674           0
       85596           0
       85021           0
 Found        29404  events.
 Wrote            1  events.
 Actual xsec    118782637.17640537     
 Correct abs xsec    118782637.17640537     
 Event xsec    118782637.17640539     
 Events wgts > 1:            0
 % Cross section > 1:    0.0000000000000000        0.0000000000000000     
 Checking number of events   4361.9876002834690                1  chi2:    1.3302185517972909     
 Found        29404  events.
 Wrote            2  events.
 Actual xsec    118782637.17640537     
 Correct abs xsec    118782637.17640537     
 Event xsec    118782637.17640539     
 Events wgts > 1:            0
 % Cross section > 1:    0.0000000000000000        0.0000000000000000     

 -------------------------------------------------------------------------------
 Accumulated results:   Integral =  0.7021E+08
                        Std dev  =  0.2389E+07
                       Cross sec =  0.7021E+08
             Chi**2 per DoF.     =     29.0840
 -------------------------------------------------------------------------------
-------------------------------------------------
---------------------------
 Results Last   3 iters: Integral =   0.1041E+09
                     Abs integral =   0.1041E+09
                         Std dev =   0.6687E+07
                 Chi**2 per DoF. =      1.3302
-------------------------------------------------
---------------------------

ls status:
events.lhe
ftn25
ftn26
input_sg.txt
log.txt
moffset.dat
results.dat
run1_app.log
