 Process in group number            0
 No PDF is used, alpha_s(MZ) from param_card is used
 Value of alpha_s from param_card:   0.11800000071525575     
 The default order of alpha_s running is fixed to            2
 *****************************************************
 *               MadGraph/MadEvent                   *
 *        --------------------------------           *
 *          http://madgraph.hep.uiuc.edu             *
 *          http://madgraph.phys.ucl.ac.be           *
 *          http://madgraph.roma2.infn.it            *
 *        --------------------------------           *
 *                                                   *
 *          PARAMETER AND COUPLING VALUES            *
 *                                                   *
 *****************************************************

  External Params
  ---------------------------------
  
 aEWM1 =    132.50700378417969     
 mdl_Gf =   1.16639000000000003E-005
 aS =   0.11800000071525575     
 mdl_ymb =    4.6999998092651367     
 mdl_ymt =    173.00000000000000     
 mdl_yme =   5.10999991092830896E-004
 mdl_ymm =   0.10565999895334244     
 mdl_ymtau =    1.7769999504089355     
 mdl_MZ =    91.188003540039063     
 mdl_MT =    173.00000000000000     
 mdl_MB =    4.6999998092651367     
 mdl_MH =    125.00000000000000     
 mdl_Me =   5.10999991092830896E-004
 mdl_MM =   0.10565999895334244     
 mdl_MTA =    1.7769999504089355     
 mdl_WZ =    2.4414041042327881     
 mdl_WW =    2.0476000308990479     
 mdl_WT =    1.4915000200271606     
 mdl_WH =   6.38233916833996773E-003
 mdl_WTau =   2.26999999999999982E-012
  Internal Params
  ---------------------------------
  
 mdl_conjg__CKM3x3 =    1.0000000000000000     
 mdl_CKM3x3 =    1.0000000000000000     
 mdl_conjg__CKM1x1 =    1.0000000000000000     
 mdl_complexi =  (  0.0000000000000000     ,  1.0000000000000000     )
 mdl_MZ__exp__2 =    8315.2519896181766     
 mdl_MZ__exp__4 =    69143415.650849044     
 mdl_sqrt__2 =    1.4142135623730951     
 mdl_MH__exp__2 =    15625.000000000000     
 mdl_aEW =   7.54677089845565054E-003
 mdl_MW =    80.419007276179556     
 mdl_sqrt__aEW =   8.68721526063194194E-002
 mdl_ee =   0.30795376284704501     
 mdl_MW__exp__2 =    6467.2167312862202     
 mdl_sw2 =   0.22224645274001076     
 mdl_cw =   0.88190336616887299     
 mdl_sqrt__sw2 =   0.47143022043565552     
 mdl_sw =   0.47143022043565552     
 mdl_g1 =   0.34919218438279087     
 mdl_gw =   0.65323296958447097     
 mdl_vev =    246.21845810181631     
 mdl_vev__exp__2 =    60623.529110035874     
 mdl_lam =   0.12886910601690271     
 mdl_yb =   2.69955531549349904E-002
 mdl_ye =   2.93504850670934038E-006
 mdl_ym =   6.06883028478528356E-004
 mdl_yt =   0.99366614581500645     
 mdl_ytau =   1.02066167158167895E-002
 mdl_muH =    88.388347648318444     
 mdl_I1x33 =  ( 2.69955531549349904E-002,  0.0000000000000000     )
 mdl_I2x33 =  ( 0.99366614581500645     ,  0.0000000000000000     )
 mdl_I3x33 =  ( 0.99366614581500645     ,  0.0000000000000000     )
 mdl_I4x33 =  ( 2.69955531549349904E-002,  0.0000000000000000     )
 mdl_ee__exp__2 =   9.48355200516540348E-002
 mdl_sw__exp__2 =   0.22224645274001076     
 mdl_cw__exp__2 =   0.77775354725998924     
  Internal Params evaluated point by point
  ----------------------------------------
  
 mdl_sqrt__aS =   0.34351128178744839     
 mdl_G__exp__2 =    1.4828317414825511     
  Couplings of sm-lepton_masses
  ---------------------------------
  
         GC_3 =  -0.00000E+00  -0.30795E+00
        GC_50 =  -0.00000E+00  -0.28804E+00
        GC_59 =   0.00000E+00   0.82310E-01
        GC_89 =  -0.00000E+00  -0.20754E-05

 Collider parameters:
 --------------------

 Running at e e   machine @   7.14879999999999960E-002  GeV
 PDF set = none   
 alpha_s(Mz)= 0.1180 running at 2 loops.
 alpha_s(Mz)= 0.1180 running at 2 loops.
 Renormalization scale fixed @    91.188000000000002     
 Factorization scales  fixed @    91.188000000000002        91.188000000000002     


 getting user params
Enter number of events and max and min iterations: 
 Number of events and iterations         2000           9           3
Enter desired fractional accuracy: 
 Desired fractional accuracy:  -5.69459999999999965E-006
Enter 0 for fixed, 2 for adjustable grid: 
Suppress amplitude (0 no, 1 yes)? 
 Using suppressed amplitude.
Exact helicity sum (0 yes, n = number/event)? 
 Explicitly summing over helicities
Enter Configuration Number: 
Running Configuration Number:    7
 Not subdividing B.W.
 Attempting mappinvarients           1           5
 Completed mapping           5
 about to integrate            5        2000           9           3           5           1
 Using non-zero grid deformation.
  5 dimensions   2000 events  5 invarients  9 iterations  1 config(s),  (0.99)
 Using h-tuple random number sequence.
 Error opening grid
 Using Uniform Grid!
 Using uniform alpha   1.0000000000000000     
 Grid defined OK
 Set CM energy to          0.07
 Mapping Graph           7  to config           7
Setting grid   1    0.17611E-04   1
Setting grid   2    0.51095E-04   1
 Masses: 0.511E-03 0.511E-03 0.000E+00 0.511E-03 0.511E-03
   7   1   2   3   4   5
 Got moffset          23
Using random seed offsets     7 :      1
  with seed                   69
 Ranmar initialization seeds       25758       21894
  Particle       3       4       5
      Et >     0.0     0.0     0.0
       E >     0.0     0.0     0.0
     Eta <    -1.0    -1.0    -1.0
   xqcut:      0.0     0.0     0.0
d R # 3  >    -0.0     0.0     0.0
d R # 4  >    -0.0    -0.0     0.0
s min # 3>     0.0     0.0     0.0
s min # 4>     0.0     0.0     0.0
xqcutij # 3>     0.0     0.0     0.0
xqcutij # 4>     0.0     0.0     0.0
 alpha_s for scale    91.188000000000002       is   0.11800000071525575     
 Added good helicity            1   11.090113031739284       in event            1
 Added good helicity            2  1.18413183223274147E-002  in event            1
 Added good helicity            3  2.84292550917803449E-006  in event            1
 Added good helicity            5  7.45664021884599598E-002  in event            1
 Added good helicity            6  2.69751602506122237E-005  in event            1
 Added good helicity            7  1.40664067483060894E-006  in event            1
 Added good helicity            9  1.10098910796960847E-005  in event            1
 Added good helicity           10   2.1421506486228106       in event            1
 Added good helicity           11  9.01730608175971143E-002  in event            1
 Added good helicity           12  6.87083330201531057E-004  in event            1
 Added good helicity           13  7.15492651024063190E-004  in event            1
 Added good helicity           14   2.5892695566827579       in event            1
 Added good helicity           15  2.53392864932266504E-004  in event            1
 Added good helicity           16  1.87677429337855983E-004  in event            1
 Added good helicity           17  1.87677434582383777E-004  in event            1
 Added good helicity           18  2.53392865106428567E-004  in event            1
 Added good helicity           19   2.5892696223253964       in event            1
 Added good helicity           20  7.15492672883202797E-004  in event            1
 Added good helicity           21  6.87083317486098942E-004  in event            1
 Added good helicity           22  9.01730607899867143E-002  in event            1
 Added good helicity           23   2.1421507028433711       in event            1
 Added good helicity           24  1.10098916042583017E-005  in event            1
 Added good helicity           26  1.40664074086252008E-006  in event            1
 Added good helicity           27  2.69751616570556228E-005  in event            1
 Added good helicity           28  7.45664021845090785E-002  in event            1
 Added good helicity           30  2.84292687103097397E-006  in event            1
 Added good helicity           31  1.18413182537470858E-002  in event            1
 Added good helicity           32   11.090113032148674       in event            1
 Added good helicity            4  2.81995896666504042E-006  in event           32
 Added good helicity           29  2.81995896276342878E-006  in event           32
 Iteration  1   Mean: 0.1705E+10 Abs mean: 0.1705E+10   Fluctuation:  0.991E+08   0.441E+11    75.3%
  1    0.1705E+10 0.1705E+10 +- 0.9914E+08      2.60
 Writing out events   125813.71941254676        2.6010226993007222     
 Relative summed weights:
  0.1000E+01  0.0000E+00
 Relative number of events:
  0.1000E+01  0.0000E+00
 Events:
        2000           0
 Iteration  2   Mean: 0.1657E+10 Abs mean: 0.1657E+10   Fluctuation:  0.383E+08   0.249E+11    85.4%
  2    0.1657E+10 0.1657E+10 +- 0.3831E+08      1.46
 Relative summed weights:
  0.1000E+01  0.0000E+00
 Relative number of events:
  0.1000E+01  0.0000E+00
 Events:
        4000           0
 Iteration  3   Mean: 0.1717E+10 Abs mean: 0.1717E+10   Fluctuation:  0.210E+08   0.198E+11    81.8%
  3    0.1717E+10 0.1717E+10 +- 0.2102E+08      1.09
 Relative summed weights:
  0.1000E+01  0.0000E+00
 Relative number of events:
  0.1000E+01  0.0000E+00
 Events:
        8000           0
 Found          996  events.
 Wrote          991  events.
 Actual xsec    1704141433.2574284     
 Correct abs xsec    1704141433.2574284     
 Event xsec    1704141433.2573931     
 Events wgts > 1:            3
 % Cross section > 1:    1251919.3497316344       7.34633478947016999E-002
 Checking number of events   9704.4038058277511              991  chi2:   0.94234500977023150     
 Found          996  events.
 Wrote          991  events.
 Actual xsec    1704141433.2574284     
 Correct abs xsec    1704141433.2574284     
 Event xsec    1704141433.2573931     
 Events wgts > 1:            3
 % Cross section > 1:    1251919.3497316344       7.34633478947016999E-002
 Iteration  4   Mean: 0.1740E+10 Abs mean: 0.1740E+10   Fluctuation:  0.132E+08   0.123E+11    79.6%
  4    0.1740E+10 0.1740E+10 +- 0.1322E+08      0.96
 Relative summed weights:
  0.1000E+01  0.0000E+00
 Relative number of events:
  0.1000E+01  0.0000E+00
 Events:
       16000           0
 Found         2035  events.
 Wrote         2032  events.
 Actual xsec    1728016908.3549128     
 Correct abs xsec    1728016908.3549128     
 Event xsec    1728016908.3548791     
 Events wgts > 1:            0
 % Cross section > 1:    0.0000000000000000        0.0000000000000000     
 Checking number of events   9840.3650863178864             2032  chi2:    2.2328374032950808     
 Found         2035  events.
 Wrote         2032  events.
 Actual xsec    1728016908.3549128     
 Correct abs xsec    1728016908.3549128     
 Event xsec    1728016908.3548791     
 Events wgts > 1:            0
 % Cross section > 1:    0.0000000000000000        0.0000000000000000     
 Iteration  5   Mean: 0.1697E+10 Abs mean: 0.1697E+10   Fluctuation:  0.862E+07   0.311E+11    77.0%
  5    0.1697E+10 0.1697E+10 +- 0.8621E+07      0.91
 Relative summed weights:
  0.1000E+01  0.0000E+00
 Relative number of events:
  0.1000E+01  0.0000E+00
 Events:
       32000           0
 Found         4048  events.
 Wrote         4043  events.
 Actual xsec    1711249050.0155146     
 Correct abs xsec    1711249050.0155146     
 Event xsec    1711249050.0153949     
 Events wgts > 1:            5
 % Cross section > 1:    1038616.3377419603       6.06934646790668261E-002
 Checking number of events   9744.8788402183491             4043  chi2:    3.6530565607246972     
 Found         4048  events.
 Wrote         4043  events.
 Actual xsec    1711249050.0155146     
 Correct abs xsec    1711249050.0155146     
 Event xsec    1711249050.0153949     
 Events wgts > 1:            5
 % Cross section > 1:    1038616.3377419603       6.06934646790668261E-002
 Iteration  6   Mean: 0.1737E+10 Abs mean: 0.1737E+10   Fluctuation:  0.605E+07   0.281E+11    75.6%
  6    0.1737E+10 0.1737E+10 +- 0.6053E+07      0.88
 Relative summed weights:
  0.1000E+01  0.0000E+00
 Relative number of events:
  0.1000E+01  0.0000E+00
 Events:
       64000           0
 Found         8674  events.
 Wrote         8670  events.
 Actual xsec    1726244953.2448950     
 Correct abs xsec    1726244953.2448950     
 Event xsec    1726244953.2450762     
 Events wgts > 1:           11
 % Cross section > 1:    873330.37922239362       5.05913356954739435E-002
 Checking number of events   9830.2745107483788             8670  chi2:    7.6637216786402558     
 Found         8674  events.
 Wrote         8670  events.
 Actual xsec    1726244953.2448950     
 Correct abs xsec    1726244953.2448950     
 Event xsec    1726244953.2450762     
 Events wgts > 1:           11
 % Cross section > 1:    873330.37922239362       5.05913356954739435E-002
 Iteration  7   Mean: 0.1734E+10 Abs mean: 0.1734E+10   Fluctuation:  0.428E+07   0.333E+11    74.2%
  7    0.1734E+10 0.1734E+10 +- 0.4278E+07      0.88
 Relative summed weights:
  0.1000E+01  0.0000E+00
 Relative number of events:
  0.1000E+01  0.0000E+00
 Events:
      128000           0
 Found        17248  events.
 Wrote        17245  events.
 Actual xsec    1729853592.2205937     
 Correct abs xsec    1729853592.2205937     
 Event xsec    1729853592.2211232     
 Events wgts > 1:           34
 % Cross section > 1:    1342385.8586849277       7.76011255936007310E-002
 Checking number of events   9850.8242662593930            17245  chi2:    8.2036196120771177     

 -------------------------------------------------------------------------------
 Accumulated results:   Integral =  0.1730E+10
                        Std dev  =  0.3099E+07
                       Cross sec =  0.3364E+01
             Chi**2 per DoF.     =
-------------------------------------------------
---------------------------
 Results Last   3 iters: Integral =   0.1730E+10
                     Abs integral =   0.1730E+10
                          Std dev =   0.3238E+07
                  Chi**2 per DoF. =      8.2036
-------------------------------------------------
---------------------------
 Status -5.69459999999999965E-006           8           9
 We found enough events       17245   9850.8242662593930     

ls status:
events.lhe
ftn25
ftn26
input_sg.txt
moffset.dat
results.dat
run1_app.log
