 Process in group number            0
 No PDF is used, alpha_s(MZ) from param_card is used
 Value of alpha_s from param_card:   0.11800000071525575     
 The default order of alpha_s running is fixed to            2
 Warning: pt or E min of a gamma should in general be >0
 Warning: pt or E min of a gamma should in general be >0
 Warning: pt or E min of a gamma should in general be >0
 *****************************************************
 *               MadGraph/MadEvent                   *
 *        --------------------------------           *
 *          http://madgraph.hep.uiuc.edu             *
 *          http://madgraph.phys.ucl.ac.be           *
 *          http://madgraph.roma2.infn.it            *
 *        --------------------------------           *
 *                                                   *
 *          PARAMETER AND COUPLING VALUES            *
 *                                                   *
 *****************************************************

  External Params
  ---------------------------------
  
 aEWM1 =    132.50700378417969     
 mdl_Gf =   1.16639000000000003E-005
 aS =   0.11800000071525575     
 mdl_ymb =    4.6999998092651367     
 mdl_ymt =    173.00000000000000     
 mdl_yme =   5.10999991092830896E-004
 mdl_ymm =   0.10565999895334244     
 mdl_ymtau =    1.7769999504089355     
 mdl_MZ =    91.188003540039063     
 mdl_MT =    173.00000000000000     
 mdl_MB =    4.6999998092651367     
 mdl_MH =    125.00000000000000     
 mdl_Me =   5.10999991092830896E-004
 mdl_MM =   0.10565999895334244     
 mdl_MTA =    1.7769999504089355     
 mdl_WZ =    2.4414041042327881     
 mdl_WW =    2.0476000308990479     
 mdl_WT =    1.4915000200271606     
 mdl_WH =   6.38233916833996773E-003
 mdl_WTau =   2.26999999999999982E-012
  Internal Params
  ---------------------------------
  
 mdl_conjg__CKM3x3 =    1.0000000000000000     
 mdl_CKM3x3 =    1.0000000000000000     
 mdl_conjg__CKM1x1 =    1.0000000000000000     
 mdl_complexi =  (  0.0000000000000000     ,  1.0000000000000000     )
 mdl_MZ__exp__2 =    8315.2519896181766     
 mdl_MZ__exp__4 =    69143415.650849044     
 mdl_sqrt__2 =    1.4142135623730951     
 mdl_MH__exp__2 =    15625.000000000000     
 mdl_aEW =   7.54677089845565054E-003
 mdl_MW =    80.419007276179556     
 mdl_sqrt__aEW =   8.68721526063194194E-002
 mdl_ee =   0.30795376284704501     
 mdl_MW__exp__2 =    6467.2167312862202     
 mdl_sw2 =   0.22224645274001076     
 mdl_cw =   0.88190336616887299     
 mdl_sqrt__sw2 =   0.47143022043565552     
 mdl_sw =   0.47143022043565552     
 mdl_g1 =   0.34919218438279087     
 mdl_gw =   0.65323296958447097     
 mdl_vev =    246.21845810181631     
 mdl_vev__exp__2 =    60623.529110035874     
 mdl_lam =   0.12886910601690271     
 mdl_yb =   2.69955531549349904E-002
 mdl_ye =   2.93504850670934038E-006
 mdl_ym =   6.06883028478528356E-004
 mdl_yt =   0.99366614581500645     
 mdl_ytau =   1.02066167158167895E-002
 mdl_muH =    88.388347648318444     
 mdl_I1x33 =  ( 2.69955531549349904E-002,  0.0000000000000000     )
 mdl_I2x33 =  ( 0.99366614581500645     ,  0.0000000000000000     )
 mdl_I3x33 =  ( 0.99366614581500645     ,  0.0000000000000000     )
 mdl_I4x33 =  ( 2.69955531549349904E-002,  0.0000000000000000     )
 mdl_ee__exp__2 =   9.48355200516540348E-002
 mdl_sw__exp__2 =   0.22224645274001076     
 mdl_cw__exp__2 =   0.77775354725998924     
  Internal Params evaluated point by point
  ----------------------------------------
  
 mdl_sqrt__aS =   0.34351128178744839     
 mdl_G__exp__2 =    1.4828317414825511     
  Couplings of sm-lepton_masses
  ---------------------------------
  
         GC_3 =  -0.00000E+00  -0.30795E+00

 Collider parameters:
 --------------------

 Running at e e   machine @   7.00000000000000067E-002  GeV
 PDF set = none   
 alpha_s(Mz)= 0.1180 running at 2 loops.
 alpha_s(Mz)= 0.1180 running at 2 loops.
 Renormalization scale fixed @    91.188000000000002     
 Factorization scales  fixed @    91.188000000000002        91.188000000000002     


 getting user params
Enter number of events and max and min iterations: 
 Number of events and iterations         1000           9           3
Enter desired fractional accuracy: 
 Desired fractional accuracy:  -4.19009999999999974E-005
Enter 0 for fixed, 2 for adjustable grid: 
Suppress amplitude (0 no, 1 yes)? 
 Using suppressed amplitude.
Exact helicity sum (0 yes, n = number/event)? 
 Explicitly summing over helicities
Enter Configuration Number: 
Running Configuration Number:    1
 Not subdividing B.W.
 Attempting mappinvarients           1           5
 Completed mapping           5
 about to integrate            5        1000           9           3           5           1
 Keeping grid fixed.
  5 dimensions   1000 events  5 invarients  9 iterations  1 config(s),  (0.99)
 Using h-tuple random number sequence.
 Grid read from file
 Grid defined OK
 Set CM energy to          0.07
 Mapping Graph           1  to config           1
 Warning: No cutoff for shat integral found
          Minimum set to    204.08163265306121     
 No modification is setgrid, grid read from file
 Warning: No cutoff for shat integral found
          Minimum set to    204.08163265306121     
 No modification is setgrid, grid read from file
 Masses: 0.511E-03 0.511E-03 0.000E+00 0.000E+00 0.000E+00
   1   1   2   3   4   5
 Got moffset          11
Using random seed offsets     1 :      1
  with seed                   30
 Ranmar initialization seeds        8292       14051
  Particle       3       4       5
      Et >     0.0     0.0     0.0
       E >     0.0     0.0     0.0
     Eta <    -1.0    -1.0    -1.0
   xqcut:      0.0     0.0     0.0
d R # 3  >    -0.0     0.0     0.0
d R # 4  >    -0.0    -0.0     0.0
s min # 3>     0.0     0.0     0.0
s min # 4>     0.0     0.0     0.0
xqcutij # 3>     0.0     0.0     0.0
xqcutij # 4>     0.0     0.0     0.0
 alpha_s for scale    91.188000000000002       is   0.11800000071525575     
 Added good helicity            1  4.71777747848471912E-003  in event            1
 Added good helicity            2  3.17335189314697785E-004  in event            1
 Added good helicity            3  4.43048618900595669E-003  in event            1
 Added good helicity            4  2.87437304733262583E-004  in event            1
 Added good helicity            5  3.46614297164812098E-004  in event            1
 Added good helicity            7  3.10029722220848145E-004  in event            1
 Added good helicity           10   8.1117139495213397       in event            1
 Added good helicity           12   7.3703689507304313       in event            1
 Added good helicity           13  0.24671439507782653       in event            1
 Added good helicity           14  7.17841647277545972E-006  in event            1
 Added good helicity           15  0.26078567171895423       in event            1
 Added good helicity           18  0.26078567171895423       in event            1
 Added good helicity           19  7.17841647277555120E-006  in event            1
 Added good helicity           20  0.24671439507782653       in event            1
 Added good helicity           21   7.3703689507304313       in event            1
 Added good helicity           23   8.1117139495213397       in event            1
 Added good helicity           26  3.10029722220848307E-004  in event            1
 Added good helicity           28  3.46614297164812098E-004  in event            1
 Added good helicity           29  2.87437304733262583E-004  in event            1
 Added good helicity           30  4.43048618900595669E-003  in event            1
 Added good helicity           31  3.17335189314697785E-004  in event            1
 Added good helicity           32  4.71777747848471912E-003  in event            1
 Added good helicity            6  3.75424349778818122E-006  in event            2
 Added good helicity           11   7.8135325714321899       in event            2
 Added good helicity           22   7.8135325714321873       in event            2
 Added good helicity           27  3.75424349778817995E-006  in event            2
 Iteration  1   Mean: 0.1142E+09 Abs mean: 0.1142E+09   Fluctuation:  0.803E+07   0.554E+10    99.4%
  1    0.1142E+09 0.1142E+09 +- 0.8033E+07      2.22
 Writing out events   12761.772753811085        2.2248744635117834     
 Relative summed weights:
  0.1967E+00  0.0000E+00
  0.1515E+00  0.0000E+00
  0.1129E+00  0.0000E+00
  0.1055E+00  0.0000E+00
  0.2151E+00  0.0000E+00
  0.2182E+00  0.0000E+00
 Relative number of events:
  0.1960E+00  0.0000E+00
  0.1600E+00  0.0000E+00
  0.1500E+00  0.0000E+00
  0.1460E+00  0.0000E+00
  0.1700E+00  0.0000E+00
  0.1780E+00  0.0000E+00
 Events:
         196           0
         160           0
         150           0
         146           0
         170           0
         178           0
 Iteration  2   Mean: 0.1145E+09 Abs mean: 0.1145E+09   Fluctuation:  0.664E+07   0.836E+10    99.5%
  2    0.1145E+09 0.1145E+09 +- 0.6639E+07      2.59
 Relative summed weights:
  0.1727E+00  0.0000E+00
  0.1621E+00  0.0000E+00
  0.1675E+00  0.0000E+00
  0.1796E+00  0.0000E+00
  0.1699E+00  0.0000E+00
  0.1482E+00  0.0000E+00
 Relative number of events:
  0.1555E+00  0.0000E+00
  0.1650E+00  0.0000E+00
  0.1660E+00  0.0000E+00
  0.1655E+00  0.0000E+00
  0.1780E+00  0.0000E+00
  0.1700E+00  0.0000E+00
 Events:
         311           0
         330           0
         332           0
         331           0
         356           0
         340           0
 Iteration  3   Mean: 0.1242E+09 Abs mean: 0.1242E+09   Fluctuation:  0.764E+07   0.228E+11    99.2%
  3    0.1242E+09 0.1242E+09 +- 0.7644E+07      3.89
 Relative summed weights:
  0.1689E+00  0.0000E+00
  0.2131E+00  0.0000E+00
  0.1582E+00  0.0000E+00
  0.1554E+00  0.0000E+00
  0.1371E+00  0.0000E+00
  0.1672E+00  0.0000E+00
 Relative number of events:
  0.1780E+00  0.0000E+00
  0.1670E+00  0.0000E+00
  0.1650E+00  0.0000E+00
  0.1565E+00  0.0000E+00
  0.1628E+00  0.0000E+00
  0.1708E+00  0.0000E+00
 Events:
         712           0
         668           0
         660           0
         626           0
         651           0
         683           0
 Found          346  events.
 Wrote           22  events.
 Actual xsec    117801252.53194626     
 Correct abs xsec    117801252.53194626     
 Event xsec    117801252.53194627     
 Events wgts > 1:            1
 % Cross section > 1:   0.47467753663659096       4.02947784029600360E-007
 Checking number of events   4935.9902823410794               22  chi2:   0.57746907533241565     
 Found          346  events.
 Wrote           23  events.
 Actual xsec    117801252.53194626     
 Correct abs xsec    117801252.53194626     
 Event xsec    117801252.53194626     
 Events wgts > 1:            1
 % Cross section > 1:   0.45403938274830580       3.85428315055627995E-007
 Iteration  4   Mean: 0.1184E+09 Abs mean: 0.1184E+09   Fluctuation:  0.351E+07   0.136E+11    99.4%
  4    0.1184E+09 0.1184E+09 +- 0.3508E+07      2.65
 Relative summed weights:
  0.1688E+00  0.0000E+00
  0.1589E+00  0.0000E+00
  0.1615E+00  0.0000E+00
  0.1645E+00  0.0000E+00
  0.1672E+00  0.0000E+00
  0.1791E+00  0.0000E+00
 Relative number of events:
  0.1609E+00  0.0000E+00
  0.1623E+00  0.0000E+00
  0.1686E+00  0.0000E+00
  0.1678E+00  0.0000E+00
  0.1684E+00  0.0000E+00
  0.1721E+00  0.0000E+00
 Events:
        1287           0
        1298           0
        1349           0
        1342           0
        1347           0
        1377           0
 Found          683  events.
 Wrote          135  events.
 Actual xsec    118610072.21940935     
 Correct abs xsec    118610072.21940935     
 Event xsec    118610072.21940964     
 Events wgts > 1:            3
 % Cross section > 1:    1170125.0739173905       0.98653095139580260     
 Checking number of events   4969.8806360654708              135  chi2:   0.46133145545582543     
 Found          683  events.
 Wrote          139  events.
 Actual xsec    118610072.21940935     
 Correct abs xsec    118610072.21940935     
 Event xsec    118610072.21940945     
 Events wgts > 1:            3
 % Cross section > 1:    1136775.1333309358       0.95841365919420873     
 Iteration  5   Mean: 0.1284E+09 Abs mean: 0.1284E+09   Fluctuation:  0.112E+08   0.175E+12    99.3%
  5    0.1284E+09 0.1284E+09 +- 0.1120E+08     11.04
 Relative summed weights:
  0.1446E+00  0.0000E+00
  0.1522E+00  0.0000E+00
  0.2384E+00  0.0000E+00
  0.1494E+00  0.0000E+00
  0.1494E+00  0.0000E+00
  0.1660E+00  0.0000E+00
 Relative number of events:
  0.1638E+00  0.0000E+00
  0.1729E+00  0.0000E+00
  0.1644E+00  0.0000E+00
  0.1671E+00  0.0000E+00
  0.1641E+00  0.0000E+00
  0.1678E+00  0.0000E+00
 Events:
        2621           0
        2766           0
        2630           0
        2673           0
        2625           0
        2685           0
 Found         1465  events.
 Wrote           10  events.
 Actual xsec    120237976.73358710     
 Correct abs xsec    120237976.73358710     
 Event xsec    120237976.73358712     
 Events wgts > 1:            0
 % Cross section > 1:    0.0000000000000000        0.0000000000000000     
 Checking number of events   5038.0914631140331               10  chi2:   0.54587907984494022     
 Found         1465  events.
 Wrote           15  events.
 Actual xsec    120237976.73358710     
 Correct abs xsec    120237976.73358710     
 Event xsec    120237976.73358718     
 Events wgts > 1:            0
 % Cross section > 1:    0.0000000000000000        0.0000000000000000     
 Iteration  6   Mean: 0.1184E+09 Abs mean: 0.1184E+09   Fluctuation:  0.174E+07   0.170E+11    99.3%
  6    0.1184E+09 0.1184E+09 +- 0.1742E+07      2.63
 Relative summed weights:
  0.1579E+00  0.0000E+00
  0.1648E+00  0.0000E+00
  0.1658E+00  0.0000E+00
  0.1664E+00  0.0000E+00
  0.1771E+00  0.0000E+00
  0.1679E+00  0.0000E+00
 Relative number of events:
  0.1638E+00  0.0000E+00
  0.1665E+00  0.0000E+00
  0.1657E+00  0.0000E+00
  0.1669E+00  0.0000E+00
  0.1694E+00  0.0000E+00
  0.1678E+00  0.0000E+00
 Events:
        5241           0
        5328           0
        5301           0
        5340           0
        5422           0
        5368           0
 Found         2750  events.
 Wrote          493  events.
 Actual xsec    118593332.76805085     
 Correct abs xsec    118593332.76805085     
 Event xsec    118593332.76805192     
 Events wgts > 1:           11
 % Cross section > 1:    1128630.5847258393       0.95168131157359914     
 Checking number of events   4969.1792363140985              493  chi2:   0.39418522976511450     
 Found         2750  events.
 Wrote          480  events.
 Actual xsec    118593332.76805085     
 Correct abs xsec    118593332.76805085     
 Event xsec    118593332.76805073     
 Events wgts > 1:           11
 % Cross section > 1:    1158898.9603064789       0.97720414230460728     
 Iteration  7   Mean: 0.1632E+09 Abs mean: 0.1632E+09   Fluctuation:  0.393E+08   0.251E+13    99.4%
  7    0.1632E+09 0.1632E+09 +- 0.3934E+08     60.98
 Relative summed weights:
  0.1239E+00  0.0000E+00
  0.1441E+00  0.0000E+00
  0.1251E+00  0.0000E+00
  0.1176E+00  0.0000E+00
  0.1312E+00  0.0000E+00
  0.3582E+00  0.0000E+00
 Relative number of events:
  0.1683E+00  0.0000E+00
  0.1668E+00  0.0000E+00
  0.1665E+00  0.0000E+00
  0.1665E+00  0.0000E+00
  0.1645E+00  0.0000E+00
  0.1674E+00  0.0000E+00
 Events:
       10769           0
       10673           0
       10658           0
       10656           0
       10531           0
       10713           0
 Found         5917  events.
 Wrote            5  events.
 Actual xsec    118809003.80472995     
 Correct abs xsec    118809003.80472995     
 Event xsec    118809003.80472995     
 Events wgts > 1:            0
 % Cross section > 1:    0.0000000000000000        0.0000000000000000     
 Checking number of events   4978.2160684219898                5  chi2:    1.0357496376316278     
 Found         5917  events.
 Wrote            3  events.
 Actual xsec    118809003.80472995     
 Correct abs xsec    118809003.80472995     
 Event xsec    118809003.80472997     
 Events wgts > 1:            0
 % Cross section > 1:    0.0000000000000000        0.0000000000000000     
 Iteration  8   Mean: 0.1209E+09 Abs mean: 0.1209E+09   Fluctuation:  0.163E+07   0.145E+12    99.3%
  8    0.1209E+09 0.1209E+09 +- 0.1630E+07      4.82
 Relative summed weights:
  0.1829E+00  0.0000E+00
  0.1631E+00  0.0000E+00
  0.1641E+00  0.0000E+00
  0.1660E+00  0.0000E+00
  0.1629E+00  0.0000E+00
  0.1611E+00  0.0000E+00
 Relative number of events:
  0.1663E+00  0.0000E+00
  0.1663E+00  0.0000E+00
  0.1663E+00  0.0000E+00
  0.1685E+00  0.0000E+00
  0.1667E+00  0.0000E+00
  0.1659E+00  0.0000E+00
 Events:
       21290           0
       21284           0
       21287           0
       21562           0
       21338           0
       21239           0
 Found         8750  events.
 Wrote          426  events.
 Actual xsec    119817050.49759500     
 Correct abs xsec    119817050.49759500     
 Event xsec    119817050.49759403     
 Events wgts > 1:            4
 % Cross section > 1:    1065813.1839325309       0.88953381802194587     
 Checking number of events   5020.4542328997277              426  chi2:    1.1719762916487166     
 Found         8750  events.
 Wrote          399  events.
 Actual xsec    119817050.49759500     
 Correct abs xsec    119817050.49759500     
 Event xsec    119817050.49759553     
 Events wgts > 1:            4
 % Cross section > 1:    1137251.3233260731       0.94915650035041987     
 Iteration  9   Mean: 0.1224E+09 Abs mean: 0.1224E+09   Fluctuation:  0.123E+07   0.207E+12    99.3%
  9    0.1224E+09 0.1224E+09 +- 0.1234E+07      5.10
 Relative summed weights:
  0.1634E+00  0.0000E+00
  0.1716E+00  0.0000E+00
  0.1666E+00  0.0000E+00
  0.1635E+00  0.0000E+00
  0.1699E+00  0.0000E+00
  0.1650E+00  0.0000E+00
 Relative number of events:
  0.1660E+00  0.0000E+00
  0.1673E+00  0.0000E+00
  0.1675E+00  0.0000E+00
  0.1656E+00  0.0000E+00
  0.1668E+00  0.0000E+00
  0.1669E+00  0.0000E+00
 Events:
       42503           0
       42820           0
       42873           0
       42391           0
       42688           0
       42725           0
 Found        22953  events.
 Wrote          895  events.
 Actual xsec    121931842.51968941     
 Correct abs xsec    121931842.51968941     
 Event xsec    121931842.51968533     
 Events wgts > 1:           12
 % Cross section > 1:    1217748.3977570082       0.99871237290653447     
 Checking number of events   5109.0661334175056              895  chi2:   0.83694572462671601     
 Found        22953  events.
 Wrote          922  events.
 Actual xsec    121931842.51968941     
 Correct abs xsec    121931842.51968941     
 Event xsec    121931842.51968828     
 Events wgts > 1:           12
 % Cross section > 1:    1182433.4728266529       0.96974953251914164     

 -------------------------------------------------------------------------------
 Accumulated results:   Integral =  0.1209E+09
                        Std dev  =  0.8148E+06
                       Cross sec =  0.1209E+09
             Chi**2 per DoF.     =      1.0477
 -------------------------------------------------------------------------------
-------------------------------------------------
---------------------------
 Results Last   3 iters: Integral =   0.1219E+09
                     Abs integral =   0.1219E+09
                          Std dev =   0.9838E+06
                  Chi**2 per DoF. =      0.8369
-------------------------------------------------
---------------------------
 Status -4.19009999999999974E-005          10           9
 Trying w/ fresh grid
 Starting w/ ncall =         4000
 Keeping grid fixed.
  5 dimensions   4000 events  5 invarients  8 iterations  1 config(s),  (0.99)
 Using h-tuple random number sequence.
 Error opening grid
 Using Uniform Grid!
 Using uniform alpha   1.0000000000000000     
 Grid defined OK
 Warning: No cutoff for shat integral found
          Minimum set to    204.08163265306121     
Setting grid   1    0.20408E+03   1
 Warning: No cutoff for shat integral found
          Minimum set to    204.08163265306121     
Setting grid   2    0.20408E+03   1
Warning xbin not returning correct x   2  0.999991E+00  0.997464E+00  0.2837E+03
Warning xbin not returning correct x   2  0.999980E+00  0.994357E+00  0.2837E+03
Warning xbin not returning correct x   2  0.999980E+00  0.994206E+00  0.2837E+03
Warning xbin not returning correct x   2  0.999976E+00  0.993270E+00  0.2837E+03
Warning xbin not returning correct x   2  0.999984E+00  0.995523E+00  0.2837E+03
Warning xbin still not working well. Last message this iteration.
 Iteration  1   Mean: 0.4045E+08 Abs mean: 0.4045E+08   Fluctuation:  0.199E+08   0.758E+11    99.1%
  1    0.4045E+08 0.4045E+08 +- 0.1986E+08     31.05
 Relative summed weights:
  0.7585E-01  0.0000E+00
  0.5455E+00  0.0000E+00
  0.5448E-01  0.0000E+00
  0.4903E-01  0.0000E+00
  0.1039E+00  0.0000E+00
  0.1713E+00  0.0000E+00
 Relative number of events:
  0.1643E+00  0.0000E+00
  0.1608E+00  0.0000E+00
  0.1643E+00  0.0000E+00
  0.1715E+00  0.0000E+00
  0.1720E+00  0.0000E+00
  0.1673E+00  0.0000E+00
 Events:
         657           0
         643           0
         657           0
         686           0
         688           0
         669           0
Warning xbin not returning correct x   1  0.994691E+00  0.999920E+00  0.1520E-01
Warning xbin not returning correct x   1  0.985478E+00  0.999783E+00  0.1520E-01
Warning xbin not returning correct x   1  0.986663E+00  0.999800E+00  0.1520E-01
Warning xbin not returning correct x   1  0.987566E+00  0.999814E+00  0.1520E-01
Warning xbin not returning correct x   1  0.988462E+00  0.999827E+00  0.1520E-01
Warning xbin still not working well. Last message this iteration.
 Iteration  2   Mean: 0.2728E+07 Abs mean: 0.2728E+07   Fluctuation:  0.368E+06   0.255E+10    96.8%
  2    0.2728E+07 0.2728E+07 +- 0.3682E+06     12.07
 Relative summed weights:
  0.1880E+00  0.0000E+00
  0.1536E+00  0.0000E+00
  0.2453E+00  0.0000E+00
  0.1598E+00  0.0000E+00
  0.1292E+00  0.0000E+00
  0.1241E+00  0.0000E+00
 Relative number of events:
  0.1703E+00  0.0000E+00
  0.1653E+00  0.0000E+00
  0.1680E+00  0.0000E+00
  0.1635E+00  0.0000E+00
  0.1649E+00  0.0000E+00
  0.1681E+00  0.0000E+00
 Events:
        1362           0
        1322           0
        1344           0
        1308           0
        1319           0
        1345           0
 Iteration  3   Mean: 0.4608E+08 Abs mean: 0.4608E+08   Fluctuation:  0.128E+08   0.167E+12    99.9%
  3    0.4608E+08 0.4608E+08 +- 0.1280E+08     35.13
 Relative summed weights:
  0.3915E+00  0.0000E+00
  0.5681E-01  0.0000E+00
  0.7619E-01  0.0000E+00
  0.2601E+00  0.0000E+00
  0.1113E+00  0.0000E+00
  0.1041E+00  0.0000E+00
 Relative number of events:
  0.1674E+00  0.0000E+00
  0.1678E+00  0.0000E+00
  0.1683E+00  0.0000E+00
  0.1629E+00  0.0000E+00
  0.1648E+00  0.0000E+00
  0.1688E+00  0.0000E+00
 Events:
        2678           0
        2685           0
        2693           0
        2607           0
        2637           0
        2700           0
 Found         1994  events.
 Wrote            5  events.
 Actual xsec    12711630.513034517     
 Correct abs xsec    12711630.513034517     
 Event xsec    12711630.513034519     
 Events wgts > 1:            1
 % Cross section > 1:   0.19770039338618517       1.55527171107957381E-006
 Checking number of events   532.63003012665922                5  chi2:    371.96228651731332     
 Found         1994  events.
 Wrote            2  events.
 Actual xsec    12711630.513034517     
 Correct abs xsec    12711630.513034517     
 Event xsec    12711630.513034519     
 Events wgts > 1:            1
 % Cross section > 1:   0.49425097182393074       3.88817918611719631E-006
 Iteration  4   Mean: 0.4382E+08 Abs mean: 0.4382E+08   Fluctuation:  0.492E+07   0.749E+11    99.9%
  4    0.4382E+08 0.4382E+08 +- 0.4923E+07     20.10
 Relative summed weights:
  0.1455E+00  0.0000E+00
  0.1486E+00  0.0000E+00
  0.1872E+00  0.0000E+00
  0.1722E+00  0.0000E+00
  0.2015E+00  0.0000E+00
  0.1451E+00  0.0000E+00
 Relative number of events:
  0.1659E+00  0.0000E+00
  0.1682E+00  0.0000E+00
  0.1658E+00  0.0000E+00
  0.1672E+00  0.0000E+00
  0.1654E+00  0.0000E+00
  0.1676E+00  0.0000E+00
 Events:
        5309           0
