 Process in group number            0
 No PDF is used, alpha_s(MZ) from param_card is used
 Value of alpha_s from param_card:   0.11800000071525575     
 The default order of alpha_s running is fixed to            2
<<<<<<< HEAD
=======
 Warning: pt or E min of a gamma should in general be >0
>>>>>>> 911b5ec345c81b054214c521136984e9d6306827
 *****************************************************
 *               MadGraph/MadEvent                   *
 *        --------------------------------           *
 *          http://madgraph.hep.uiuc.edu             *
 *          http://madgraph.phys.ucl.ac.be           *
 *          http://madgraph.roma2.infn.it            *
 *        --------------------------------           *
 *                                                   *
 *          PARAMETER AND COUPLING VALUES            *
 *                                                   *
 *****************************************************

  External Params
  ---------------------------------
  
 aEWM1 =    132.50700378417969     
 mdl_Gf =   1.16639000000000003E-005
 aS =   0.11800000071525575     
 mdl_ymb =    4.6999998092651367     
 mdl_ymt =    173.00000000000000     
 mdl_yme =   5.10999991092830896E-004
 mdl_ymm =   0.10565999895334244     
 mdl_ymtau =    1.7769999504089355     
 mdl_MZ =    91.188003540039063     
 mdl_MT =    173.00000000000000     
 mdl_MB =    4.6999998092651367     
 mdl_MH =    125.00000000000000     
 mdl_Me =   5.10999991092830896E-004
 mdl_MM =   0.10565999895334244     
 mdl_MTA =    1.7769999504089355     
 mdl_WZ =    2.4414041042327881     
 mdl_WW =    2.0476000308990479     
 mdl_WT =    1.4915000200271606     
 mdl_WH =   6.38233916833996773E-003
 mdl_WTau =   2.26999999999999982E-012
  Internal Params
  ---------------------------------
  
 mdl_conjg__CKM3x3 =    1.0000000000000000     
 mdl_CKM3x3 =    1.0000000000000000     
 mdl_conjg__CKM1x1 =    1.0000000000000000     
 mdl_complexi =  (  0.0000000000000000     ,  1.0000000000000000     )
 mdl_MZ__exp__2 =    8315.2519896181766     
 mdl_MZ__exp__4 =    69143415.650849044     
 mdl_sqrt__2 =    1.4142135623730951     
 mdl_MH__exp__2 =    15625.000000000000     
 mdl_aEW =   7.54677089845565054E-003
 mdl_MW =    80.419007276179556     
 mdl_sqrt__aEW =   8.68721526063194194E-002
 mdl_ee =   0.30795376284704501     
 mdl_MW__exp__2 =    6467.2167312862202     
 mdl_sw2 =   0.22224645274001076     
 mdl_cw =   0.88190336616887299     
 mdl_sqrt__sw2 =   0.47143022043565552     
 mdl_sw =   0.47143022043565552     
 mdl_g1 =   0.34919218438279087     
 mdl_gw =   0.65323296958447097     
 mdl_vev =    246.21845810181631     
 mdl_vev__exp__2 =    60623.529110035874     
 mdl_lam =   0.12886910601690271     
 mdl_yb =   2.69955531549349904E-002
 mdl_ye =   2.93504850670934038E-006
 mdl_ym =   6.06883028478528356E-004
 mdl_yt =   0.99366614581500645     
 mdl_ytau =   1.02066167158167895E-002
 mdl_muH =    88.388347648318444     
 mdl_I1x33 =  ( 2.69955531549349904E-002,  0.0000000000000000     )
 mdl_I2x33 =  ( 0.99366614581500645     ,  0.0000000000000000     )
 mdl_I3x33 =  ( 0.99366614581500645     ,  0.0000000000000000     )
 mdl_I4x33 =  ( 2.69955531549349904E-002,  0.0000000000000000     )
 mdl_ee__exp__2 =   9.48355200516540348E-002
 mdl_sw__exp__2 =   0.22224645274001076     
 mdl_cw__exp__2 =   0.77775354725998924     
  Internal Params evaluated point by point
  ----------------------------------------
  
 mdl_sqrt__aS =   0.34351128178744839     
 mdl_G__exp__2 =    1.4828317414825511     
  Couplings of sm-lepton_masses
  ---------------------------------
  
         GC_3 =  -0.00000E+00  -0.30795E+00
        GC_50 =  -0.00000E+00  -0.28804E+00
        GC_59 =   0.00000E+00   0.82310E-01
        GC_89 =  -0.00000E+00  -0.20754E-05

 Collider parameters:
 --------------------

<<<<<<< HEAD
 Running at e e   machine @   7.14879999999999960E-002  GeV
=======
 Running at e e   machine @   7.00000000000000067E-002  GeV
>>>>>>> 911b5ec345c81b054214c521136984e9d6306827
 PDF set = none   
 alpha_s(Mz)= 0.1180 running at 2 loops.
 alpha_s(Mz)= 0.1180 running at 2 loops.
 Renormalization scale fixed @    91.188000000000002     
 Factorization scales  fixed @    91.188000000000002        91.188000000000002     


 getting user params
Enter number of events and max and min iterations: 
 Number of events and iterations         1000           5           3
Enter desired fractional accuracy: 
 Desired fractional accuracy:   0.10000000000000001     
Enter 0 for fixed, 2 for adjustable grid: 
Suppress amplitude (0 no, 1 yes)? 
 Using suppressed amplitude.
Exact helicity sum (0 yes, n = number/event)? 
 Explicitly summing over helicities
Enter Configuration Number: 
Running Configuration Number:    9
 Not subdividing B.W.
 Attempting mappinvarients           1           5
 Completed mapping           5
 about to integrate            5        1000           5           3           5           1
 Using non-zero grid deformation.
  5 dimensions   1000 events  5 invarients  5 iterations  1 config(s),  (0.99)
 Using h-tuple random number sequence.
 Error opening grid
 Using Uniform Grid!
 Using uniform alpha   1.0000000000000000     
 Grid defined OK
 Set CM energy to          0.07
 Mapping Graph           9  to config           9
<<<<<<< HEAD
Setting grid   1    0.17611E-04   1
Setting grid   2    0.51095E-04   1
 Masses: 0.511E-03 0.511E-03 0.000E+00 0.511E-03 0.511E-03
   9   1   2   3   4   5
Using random seed offsets     9 :      1
  with seed                   84
 Ranmar initialization seeds       13964        9461
=======
 Warning: No cutoff for shat integral found
          Minimum set to    204.08163265306121     
Setting grid   1    0.20408E+03   1
Setting grid   2    0.53290E-04   1
 Masses: 0.511E-03 0.511E-03 0.000E+00 0.511E-03 0.511E-03
   9   1   2   3   4   5
Using random seed offsets     9 :      1
  with seed                   24
 Ranmar initialization seeds       31067        9398
>>>>>>> 911b5ec345c81b054214c521136984e9d6306827
  Particle       3       4       5
      Et >     0.0     0.0     0.0
       E >     0.0     0.0     0.0
     Eta <    -1.0    -1.0    -1.0
   xqcut:      0.0     0.0     0.0
d R # 3  >    -0.0     0.0     0.0
<<<<<<< HEAD
d R # 4  >    -0.0    -0.0     0.0
=======
d R # 4  >    -0.0    -0.0     0.4
>>>>>>> 911b5ec345c81b054214c521136984e9d6306827
s min # 3>     0.0     0.0     0.0
s min # 4>     0.0     0.0     0.0
xqcutij # 3>     0.0     0.0     0.0
xqcutij # 4>     0.0     0.0     0.0
 No cut BW           -2           1
 alpha_s for scale    91.188000000000002       is   0.11800000071525575     
<<<<<<< HEAD
 Added good helicity            1   7.9036563046729320       in event            1
 Added good helicity            2  1.50524791928642089E-006  in event            1
 Added good helicity            3  0.29463780770623799       in event            1
 Added good helicity            5  3.28812398081602120E-002  in event            1
 Added good helicity            7  3.85477478970525862E-005  in event            1
 Added good helicity            9  1.43092338130231002E-006  in event            1
 Added good helicity           10   7.4643837886820892       in event            1
 Added good helicity           12  0.27443187146426562       in event            1
 Added good helicity           14  2.99317077443914357E-002  in event            1
 Added good helicity           16  3.53507750484042589E-005  in event            1
 Added good helicity           17  3.53507751051997289E-005  in event            1
 Added good helicity           19  2.99317077920862491E-002  in event            1
 Added good helicity           21  0.27443187199880703       in event            1
 Added good helicity           23   7.4643838006226249       in event            1
 Added good helicity           24  1.43092338310406069E-006  in event            1
 Added good helicity           26  3.85477478860202870E-005  in event            1
 Added good helicity           28  3.28812398080787632E-002  in event            1
 Added good helicity           30  0.29463780781079063       in event            1
 Added good helicity           31  1.50524792530550837E-006  in event            1
 Added good helicity           32   7.9036563046921140       in event            1
 Added good helicity            6  9.47325332419673061E-005  in event            2
 Added good helicity           11   2.4487140698752556       in event            2
 Added good helicity           15  8.09947972882918421E-002  in event            2
 Added good helicity           18  8.09947972407936978E-002  in event            2
 Added good helicity           22   2.4487140713987889       in event            2
 Added good helicity           27  9.47325315367467466E-005  in event            2
 Added good helicity           13  4.33569284281621736E-003  in event           11
 Added good helicity           20  4.33569282004051502E-003  in event           11
 Added good helicity            4  1.00828970584175696E-006  in event           47
 Added good helicity           29  1.00828970051297698E-006  in event           47
 Iteration  1   Mean: 0.5730E-07 Abs mean: 0.5730E-07   Fluctuation:  0.102E-07   0.656E-05    73.7%
  1    0.5730E-07 0.5730E-07 +- 0.1019E-07      5.62
 Writing out events  1.55395153899208561E-011   5.6246298170035676     
=======
 Added good helicity            1   8.9842640762986026       in event            1
 Added good helicity            2  1.86540316327504715E-002  in event            1
 Added good helicity            3  1.08117207752022869E-004  in event            1
 Added good helicity            5  0.85651634213651773       in event            1
 Added good helicity            7  3.31103554727398190E-005  in event            1
 Added good helicity           10   3.7502312475866355       in event            1
 Added good helicity           11  8.24702189254415382E-005  in event            1
 Added good helicity           12  2.08679781375700795E-004  in event            1
 Added good helicity           13  5.28650327297072644E-003  in event            1
 Added good helicity           14   2.3845221246087949       in event            1
 Added good helicity           16  9.26957805720460113E-005  in event            1
 Added good helicity           17  9.26957808244883655E-005  in event            1
 Added good helicity           19   2.3845221311049642       in event            1
 Added good helicity           20  5.28650327871550696E-003  in event            1
 Added good helicity           21  2.08679782913126526E-004  in event            1
 Added good helicity           22  8.24702189634452367E-005  in event            1
 Added good helicity           23   3.7502312582090496       in event            1
 Added good helicity           26  3.31103554809350457E-005  in event            1
 Added good helicity           28  0.85651634216034367       in event            1
 Added good helicity           30  1.08117209144346503E-004  in event            1
 Added good helicity           31  1.86540316209579289E-002  in event            1
 Added good helicity           32   8.9842640760490475       in event            1
 Added good helicity            6  1.62186169320980754E-005  in event            3
 Added good helicity            9  1.66596237106829453E-005  in event            3
 Added good helicity           15  1.57394865190325737E-006  in event            3
 Added good helicity           18  1.57394861155382013E-006  in event            3
 Added good helicity           24  1.66596239583876002E-005  in event            3
 Added good helicity           27  1.62186169598098696E-005  in event            3
 Added good helicity            4  1.22421346244181110E-006  in event            7
 Added good helicity           29  1.22421341818347902E-006  in event            7
 Iteration  1   Mean: 0.8431E-07 Abs mean: 0.8431E-07   Fluctuation:  0.277E-07   0.220E-04    94.0%
  1    0.8431E-07 0.8431E-07 +- 0.2765E-07     10.37
 Writing out events  1.79409246874137092E-011   10.371433213865490     
>>>>>>> 911b5ec345c81b054214c521136984e9d6306827
 Relative summed weights:
  0.1000E+01  0.0000E+00
 Relative number of events:
  0.1000E+01  0.0000E+00
 Events:
        1000           0
<<<<<<< HEAD
 Iteration  2   Mean: 0.5801E-07 Abs mean: 0.5801E-07   Fluctuation:  0.344E-08   0.333E-05    89.7%
  2    0.5801E-07 0.5801E-07 +- 0.3442E-08      2.65
=======
Warning xbin not returning correct x   1  0.990924E+00  0.999873E+00  0.1414E-01
Warning xbin not returning correct x   1  0.986841E+00  0.999817E+00  0.1414E-01
Warning xbin not returning correct x   1  0.988579E+00  0.999841E+00  0.1414E-01
Warning xbin not returning correct x   1  0.987784E+00  0.999830E+00  0.1414E-01
Warning xbin not returning correct x   1  0.993595E+00  0.999911E+00  0.1414E-01
Warning xbin still not working well. Last message this iteration.
 Iteration  2   Mean: 0.1327E-07 Abs mean: 0.1327E-07   Fluctuation:  0.937E-09   0.600E-06    90.6%
  2    0.1327E-07 0.1327E-07 +- 0.9374E-09      3.16
>>>>>>> 911b5ec345c81b054214c521136984e9d6306827
 Relative summed weights:
  0.1000E+01  0.0000E+00
 Relative number of events:
  0.1000E+01  0.0000E+00
 Events:
        2000           0
<<<<<<< HEAD
 Iteration  3   Mean: 0.5799E-07 Abs mean: 0.5799E-07   Fluctuation:  0.134E-08   0.187E-05    89.2%
  3    0.5799E-07 0.5799E-07 +- 0.1340E-08      1.46
=======
 Iteration  3   Mean: 0.2018E-06 Abs mean: 0.2018E-06   Fluctuation:  0.640E-07   0.179E-03    99.8%
  3    0.2018E-06 0.2018E-06 +- 0.6399E-07     20.05
>>>>>>> 911b5ec345c81b054214c521136984e9d6306827
 Relative summed weights:
  0.1000E+01  0.0000E+00
 Relative number of events:
  0.1000E+01  0.0000E+00
 Events:
        4000           0
<<<<<<< HEAD
 Accuracy:    0.001   0.100   0.021   0.002
 Finished due to accuracy   1.01368452462380354E-003  0.10000000000000001     

 -------------------------------------------------------------------------------
 Accumulated results:   Integral =  0.5798E-07
                        Std dev  =  0.1240E-08
                       Cross sec =  0.5798E-07
             Chi**2 per DoF.     =      0.0022
 -------------------------------------------------------------------------------
 Found          411  events.
 Wrote          214  events.
 Actual xsec   5.79837069539055068E-008
 Correct abs xsec   5.79837069539055068E-008
 Event xsec   5.79837069539054737E-008
 Events wgts > 1:            4
 % Cross section > 1:   4.21214043015815926E-010  0.72643517488570164     
-------------------------------------------------
---------------------------
 Results Last   3 iters: Integral =   0.5798E-07
                     Abs integral =   0.5798E-07
                          Std dev =   0.1240E-08
                  Chi**2 per DoF. =      0.0023
-------------------------------------------------
---------------------------
 Status  0.10000000000000001                4           5
=======
 Accuracy:    1.172   0.100   0.067 301.430
 Found          510  events.
 Wrote            4  events.
 Actual xsec   2.48190848174624736E-008
 Correct abs xsec   2.48190848174624736E-008
 Event xsec   2.48190848174624703E-008
 Events wgts > 1:            1
 % Cross section > 1:   2.78872487070769421E-017  1.12362115332535319E-007
 Iteration  4   Mean: 0.1752E-06 Abs mean: 0.1752E-06   Fluctuation:  0.198E-07   0.997E-04   100.0%
  4    0.1752E-06 0.1752E-06 +- 0.1976E-07     10.09
 Relative summed weights:
  0.1000E+01  0.0000E+00
 Relative number of events:
  0.1000E+01  0.0000E+00
 Events:
        8000           0
 Accuracy:    0.672   0.100   0.058 134.769
 Found          358  events.
 Wrote           11  events.
 Actual xsec   6.38539624623631169E-008
 Correct abs xsec   6.38539624623631169E-008
 Event xsec   6.38539624623631169E-008
 Events wgts > 1:            0
 % Cross section > 1:    0.0000000000000000        0.0000000000000000     
 Iteration  5   Mean: 0.2306E-06 Abs mean: 0.2306E-06   Fluctuation:  0.192E-07   0.169E-03   100.0%
  5    0.2306E-06 0.2306E-06 +- 0.1924E-07     10.55
 Relative summed weights:
  0.1000E+01  0.0000E+00
 Relative number of events:
  0.1000E+01  0.0000E+00
 Events:
       16000           0
 Accuracy:    0.419   0.100   0.048  77.566
 Found         1111  events.
 Wrote           25  events.
 Actual xsec   2.10608870214328593E-007
 Correct abs xsec   2.10608870214328593E-007
 Event xsec   2.10608870214328567E-007
 Events wgts > 1:            1
 % Cross section > 1:   1.91828509029417794E-009  0.91082825160308434     

 -------------------------------------------------------------------------------
 Accumulated results:   Integral =  0.1185E-06
                        Std dev  =  0.5637E-08
                       Cross sec =  0.1185E-06
             Chi**2 per DoF.     =     77.5662
 -------------------------------------------------------------------------------
-------------------------------------------------
---------------------------
 Results Last   3 iters: Integral =   0.2106E-06
                     Abs integral =   0.2106E-06
                          Std dev =   0.1382E-07
                  Chi**2 per DoF. =      2.1502
-------------------------------------------------
---------------------------
 Status  0.10000000000000001                6           5
>>>>>>> 911b5ec345c81b054214c521136984e9d6306827

ls status:
events.lhe
input_app.txt
<<<<<<< HEAD
multijob.dat
results.dat
run_01_log.txt
run_01_results.dat
run_02_log.txt
run_02_results.dat
run_03_log.txt
run_03_results.dat
=======
results.dat
>>>>>>> 911b5ec345c81b054214c521136984e9d6306827
run1_app.log
