 Process in group number            1
 No PDF is used, alpha_s(MZ) from param_card is used
 Value of alpha_s from param_card:   0.11800000071525575     
 The default order of alpha_s running is fixed to            2
 *****************************************************
 *               MadGraph/MadEvent                   *
 *        --------------------------------           *
 *          http://madgraph.hep.uiuc.edu             *
 *          http://madgraph.phys.ucl.ac.be           *
 *          http://madgraph.roma2.infn.it            *
 *        --------------------------------           *
 *                                                   *
 *          PARAMETER AND COUPLING VALUES            *
 *                                                   *
 *****************************************************

  External Params
  ---------------------------------
  
 mdl_MB =    4.6999998092651367     
 mdl_MT =    173.00000000000000     
 mdl_Me =   5.10999991092830896E-004
 mdl_MM =   0.10565999895334244     
 mdl_MTA =    1.7769999504089355     
 mdl_MZ =    91.188003540039063     
 mdl_MH =    125.00000000000000     
 aEWM1 =    132.50700378417969     
 mdl_Gf =   1.16639000000000003E-005
 aS =   0.11800000071525575     
 mdl_ymb =    4.6999998092651367     
 mdl_ymt =    173.00000000000000     
 mdl_yme =   5.10999991092830896E-004
 mdl_ymm =   0.10565999895334244     
 mdl_ymtau =    1.7769999504089355     
 mdl_WT =    1.4915000200271606     
 mdl_WTau =   2.26999999999999982E-012
 mdl_WZ =    2.4414041042327881     
 mdl_WW =    2.0476000308990479     
 mdl_WH =   6.38233916833996773E-003
  Internal Params
  ---------------------------------
  
 mdl_conjg__CKM3x3 =    1.0000000000000000     
 mdl_CKM3x3 =    1.0000000000000000     
 mdl_conjg__CKM1x1 =    1.0000000000000000     
 mdl_complexi =  (  0.0000000000000000     ,  1.0000000000000000     )
 mdl_MZ__exp__2 =    8315.2519896181766     
 mdl_MZ__exp__4 =    69143415.650849044     
 mdl_sqrt__2 =    1.4142135623730951     
 mdl_MH__exp__2 =    15625.000000000000     
 mdl_aEW =   7.54677089845565054E-003
 mdl_MW =    80.419007276179556     
 mdl_sqrt__aEW =   8.68721526063194194E-002
 mdl_ee =   0.30795376284704501     
 mdl_MW__exp__2 =    6467.2167312862202     
 mdl_sw2 =   0.22224645274001076     
 mdl_cw =   0.88190336616887299     
 mdl_sqrt__sw2 =   0.47143022043565552     
 mdl_sw =   0.47143022043565552     
 mdl_g1 =   0.34919218438279087     
 mdl_gw =   0.65323296958447097     
 mdl_vev =    246.21845810181631     
 mdl_vev__exp__2 =    60623.529110035874     
 mdl_lam =   0.12886910601690271     
 mdl_yb =   2.69955531549349904E-002
 mdl_ye =   2.93504850670934038E-006
 mdl_ym =   6.06883028478528356E-004
 mdl_yt =   0.99366614581500645     
 mdl_ytau =   1.02066167158167895E-002
 mdl_muH =    88.388347648318444     
 mdl_I1x33 =  ( 2.69955531549349904E-002,  0.0000000000000000     )
 mdl_I2x33 =  ( 0.99366614581500645     ,  0.0000000000000000     )
 mdl_I3x33 =  ( 0.99366614581500645     ,  0.0000000000000000     )
 mdl_I4x33 =  ( 2.69955531549349904E-002,  0.0000000000000000     )
 mdl_ee__exp__2 =   9.48355200516540348E-002
 mdl_sw__exp__2 =   0.22224645274001076     
 mdl_cw__exp__2 =   0.77775354725998924     
  Internal Params evaluated point by point
  ----------------------------------------
  
 mdl_sqrt__aS =   0.34351128178744839     
 mdl_G__exp__2 =    1.4828317414825511     
  Couplings of sm-lepton_masses
  ---------------------------------
  
         GC_3 =  -0.00000E+00  -0.30795E+00

 Collider parameters:
 --------------------

 Running at e e   machine @   4.00000000000000008E-003  GeV
 PDF set = none   
 alpha_s(Mz)= 0.1180 running at 2 loops.
 alpha_s(Mz)= 0.1180 running at 2 loops.
 Renormalization scale fixed @    91.188000000000002     
 Factorization scales  fixed @    91.188000000000002        91.188000000000002     


 getting user params
Enter number of events and max and min iterations: 
 Number of events and iterations         2000           9           3
Enter desired fractional accuracy: 
 Desired fractional accuracy:  -6.34919999999999971E-007
Enter 0 for fixed, 2 for adjustable grid: 
Suppress amplitude (0 no, 1 yes)? 
 Using suppressed amplitude.
Exact helicity sum (0 yes, n = number/event)? 
 Explicitly summing over helicities
Enter Configuration Number: 
Running Configuration Number:    1
 Not subdividing B.W.
 Attempting mappinvarients           1           4
 Completed mapping           4
 about to integrate            2        2000           9           3           2           1
 Using non-zero grid deformation.
  2 dimensions   2000 events  2 invarients  9 iterations  1 config(s),  (0.99)
 Using h-tuple random number sequence.
 Error opening grid
 Using Uniform Grid!
 Using uniform alpha   1.0000000000000000     
 Grid defined OK
 Set CM energy to          0.00
 Mapping Graph           1  to config           1
 Warning: No cutoff for shat integral found
          Minimum set to    62500.000000000000     
Setting grid   1    0.62500E+05   1
 Masses: 0.511E-03 0.511E-03 0.000E+00 0.000E+00
   1   1   2
 Got moffset           9
Using random seed offsets     1 :      1
  with seed                   99
 Ranmar initialization seeds        2160        7809
  Particle       3       4
      Et >     0.0     0.0
       E >    -1.0    -1.0
     Eta <    -1.0    -1.0
   xqcut:      0.0     0.0
d R # 3  >    -0.0    -1.0
s min # 3>     0.0     0.0
xqcutij # 3>     0.0     0.0
 alpha_s for scale    91.188000000000002       is   0.11800000071525575     
 Added good helicity            1  0.91872726720692288       in event            1
 Added good helicity            2  0.17765407745613807       in event            1
 Added good helicity            3  0.17765407745613807       in event            1
 Added good helicity            4  2.61638346532495534E-004  in event            1
 Added good helicity            6   1.3873217293659175       in event            1
 Added good helicity            7   5.3383812101683503       in event            1
 Added good helicity           10   5.3383812101683503       in event            1
 Added good helicity           11   1.3873217293659175       in event            1
 Added good helicity           13  2.61638346532495534E-004  in event            1
 Added good helicity           14  0.17765407745613807       in event            1
 Added good helicity           15  0.17765407745613807       in event            1
 Added good helicity           16  0.91872726720692288       in event            1
 Iteration  1   Mean: 0.4099E+11 Abs mean: 0.4099E+11   Fluctuation:  0.209E+10   0.533E+12   100.0%
  1    0.4099E+11 0.4099E+11 +- 0.2094E+10      2.28
 Writing out events   2277145.6398503431        2.2842941808013824     
 Relative summed weights:
  0.4630E+00  0.0000E+00
  0.5370E+00  0.0000E+00
 Relative number of events:
  0.5025E+00  0.0000E+00
  0.4975E+00  0.0000E+00
 Events:
        1005           0
         995           0
 Iteration  2   Mean: 0.3087E+11 Abs mean: 0.3087E+11   Fluctuation:  0.129E+10   0.897E+12   100.0%
  2    0.3087E+11 0.3087E+11 +- 0.1286E+10      2.63
 Relative summed weights:
  0.5033E+00  0.0000E+00
  0.4967E+00  0.0000E+00
 Relative number of events:
  0.5125E+00  0.0000E+00
  0.4875E+00  0.0000E+00
 Events:
        2050           0
        1950           0
 Iteration  3   Mean: 0.3905E+11 Abs mean: 0.3905E+11   Fluctuation:  0.115E+10   0.130E+13   100.0%
  3    0.3905E+11 0.3905E+11 +- 0.1147E+10      2.63
 Relative summed weights:
  0.5097E+00  0.0000E+00
  0.4903E+00  0.0000E+00
 Relative number of events:
  0.4956E+00  0.0000E+00
  0.5044E+00  0.0000E+00
 Events:
        3965           0
        4035           0
 Found          861  events.
 Wrote          303  events.
 Actual xsec    37177560133.884651     
 Correct abs xsec    37177560133.884651     
 Event xsec    37177560133.884781     
 Events wgts > 1:           41
 % Cross section > 1:    365366695.22348630       0.98276135902334205     
 Checking number of events   23604.776480206041              303  chi2:    15.016133289458484     
 Found          861  events.
 Wrote          300  events.
 Actual xsec    37177560133.884651     
 Correct abs xsec    37177560133.884651     
 Event xsec    37177560133.884491     
 Events wgts > 1:           41
 % Cross section > 1:    368984099.84417939       0.99249143439049603     
 Iteration  4   Mean: 0.3970E+11 Abs mean: 0.3970E+11   Fluctuation:  0.412E+09   0.414E+12   100.0%
  4    0.3970E+11 0.3970E+11 +- 0.4117E+09      1.31
 Relative summed weights:
  0.5065E+00  0.0000E+00
  0.4935E+00  0.0000E+00
 Relative number of events:
  0.5048E+00  0.0000E+00
  0.4952E+00  0.0000E+00
 Events:
        8077           0
        7923           0
 Found         1612  events.
 Wrote         1607  events.
 Actual xsec    39168726742.238922     
 Correct abs xsec    39168726742.238922     
 Event xsec    39168726742.240524     
 Events wgts > 1:            6
 % Cross section > 1:    3510928.8485658951       8.96360219128497504E-003
 Checking number of events   24869.007983182335             1607  chi2:    21.647492259436003     
 Found         1612  events.
 Wrote         1607  events.
 Actual xsec    39168726742.238922     
 Correct abs xsec    39168726742.238922     
 Event xsec    39168726742.240524     
 Events wgts > 1:            6
 % Cross section > 1:    3510928.8485658951       8.96360219128497504E-003
 Iteration  5   Mean: 0.3924E+11 Abs mean: 0.3924E+11   Fluctuation:  0.153E+09   0.163E+12   100.0%
  5    0.3924E+11 0.3924E+11 +- 0.1531E+09      0.70
 Relative summed weights:
  0.5094E+00  0.0000E+00
  0.4906E+00  0.0000E+00
 Relative number of events:
  0.5038E+00  0.0000E+00
  0.4962E+00  0.0000E+00
 Events:
       16122           0
       15878           0
 Found         3203  events.
 Wrote         3198  events.
 Actual xsec    39291718236.269081     
 Correct abs xsec    39291718236.269081     
 Event xsec    39291718236.267548     
 Events wgts > 1:            0
 % Cross section > 1:    0.0000000000000000        0.0000000000000000     
 Checking number of events   24947.097742571965             3198  chi2:   0.56880128583373046     
 Found         3203  events.
 Wrote         3198  events.
 Actual xsec    39291718236.269081     
 Correct abs xsec    39291718236.269081     
 Event xsec    39291718236.267548     
 Events wgts > 1:            0
 % Cross section > 1:    0.0000000000000000        0.0000000000000000     
 Iteration  6   Mean: 0.3922E+11 Abs mean: 0.3922E+11   Fluctuation:  0.687E+08   0.100E+12   100.0%
  6    0.3922E+11 0.3922E+11 +- 0.6872E+08      0.44
 Relative summed weights:
  0.5052E+00  0.0000E+00
  0.4948E+00  0.0000E+00
 Relative number of events:
  0.5042E+00  0.0000E+00
  0.4958E+00  0.0000E+00
 Events:
       32270           0
       31730           0
 Found         6342  events.
 Wrote         6337  events.
 Actual xsec    39231820249.250404     
 Correct abs xsec    39231820249.250404     
 Event xsec    39231820249.254730     
 Events wgts > 1:            0
 % Cross section > 1:    0.0000000000000000        0.0000000000000000     
 Checking number of events   24909.067312654064             6337  chi2:   0.66419998042348294     
 Found         6342  events.
 Wrote         6337  events.
 Actual xsec    39231820249.250404     
 Correct abs xsec    39231820249.250404     
 Event xsec    39231820249.254730     
 Events wgts > 1:            0
 % Cross section > 1:    0.0000000000000000        0.0000000000000000     
 Iteration  7   Mean: 0.3913E+11 Abs mean: 0.3913E+11   Fluctuation:  0.329E+08   0.739E+11   100.0%
  7    0.3913E+11 0.3913E+11 +- 0.3286E+08      0.30
 Relative summed weights:
  0.5008E+00  0.0000E+00
  0.4992E+00  0.0000E+00
 Relative number of events:
  0.5017E+00  0.0000E+00
  0.4983E+00  0.0000E+00
 Events:
       64214           0
       63786           0
 Found        12779  events.
 Wrote        12777  events.
 Actual xsec    39153104736.550674     
 Correct abs xsec    39153104736.550674     
 Event xsec    39153104736.541458     
 Events wgts > 1:            0
 % Cross section > 1:    0.0000000000000000        0.0000000000000000     
 Checking number of events   24859.089259330754            12777  chi2:   0.75144683729708495     
 Found        12779  events.
 Wrote        12777  events.
 Actual xsec    39153104736.550674     
 Correct abs xsec    39153104736.550674     
 Event xsec    39153104736.541458     
 Events wgts > 1:            0
 % Cross section > 1:    0.0000000000000000        0.0000000000000000     
 Iteration  8   Mean: 0.3915E+11 Abs mean: 0.3915E+11   Fluctuation:  0.162E+08   0.610E+11   100.0%
  8    0.3915E+11 0.3915E+11 +- 0.1621E+08      0.21
 Relative summed weights:
  0.5001E+00  0.0000E+00
  0.4999E+00  0.0000E+00
 Relative number of events:
  0.5004E+00  0.0000E+00
  0.4996E+00  0.0000E+00
 Events:
      128105           0
      127895           0
 Found        25576  events.
 Wrote        25572  events.
 Actual xsec    39152338844.207451     
 Correct abs xsec    39152338844.207451     
 Event xsec    39152338844.215294     
 Events wgts > 1:            0
 % Cross section > 1:    0.0000000000000000        0.0000000000000000     
 Checking number of events   24858.602978964194            25572  chi2:   0.59469356090369296     

 -------------------------------------------------------------------------------
 Accumulated results:   Integral =  0.3915E+11
                        Std dev  =  0.1415E+08
                       Cross sec =  0.4278E+01
             Chi**2 per DoF.     =
-------------------------------------------------
---------------------------
 Results Last   3 iters: Integral =   0.3915E+11
                     Abs integral =   0.3915E+11
                          Std dev =   0.1422E+08
                  Chi**2 per DoF. =      0.5947
-------------------------------------------------
---------------------------
 Status -6.34919999999999971E-007           9           9
 We found enough events       25572   24858.602978964194     

ls status:
events.lhe
ftn25
ftn26
input_sg.txt
moffset.dat
results.dat
run_01_ftn26.gz
run_01_log.txt
run_01_results.dat
run_02_ftn26.gz
run_02_log.txt
run_02_results.dat
run_03_ftn26.gz
run_03_log.txt
run_03_results.dat
run_04_ftn26.gz
run_04_log.txt
run_04_results.dat
run_05_ftn26.gz
run_05_log.txt
run_05_results.dat
run_06_ftn26.gz
run_06_log.txt
run_06_results.dat
run_07_ftn26.gz
run_07_log.txt
run_07_results.dat
run_08_ftn26.gz
run_08_log.txt
run_08_results.dat
run1_app.log
