 Process in group number            1
 No PDF is used, alpha_s(MZ) from param_card is used
 Value of alpha_s from param_card:   0.11800000071525575     
 The default order of alpha_s running is fixed to            2
 Warning: pt or E min of a gamma should in general be >0
 Warning: pt or E min of a gamma should in general be >0
 *****************************************************
 *               MadGraph/MadEvent                   *
 *        --------------------------------           *
 *          http://madgraph.hep.uiuc.edu             *
 *          http://madgraph.phys.ucl.ac.be           *
 *          http://madgraph.roma2.infn.it            *
 *        --------------------------------           *
 *                                                   *
 *          PARAMETER AND COUPLING VALUES            *
 *                                                   *
 *****************************************************

  External Params
  ---------------------------------
  
 mdl_MB =    4.6999998092651367     
 mdl_MT =    173.00000000000000     
 mdl_Me =   5.10999991092830896E-004
 mdl_MM =   0.10565999895334244     
 mdl_MTA =    1.7769999504089355     
 mdl_MZ =    91.188003540039063     
 mdl_MH =    125.00000000000000     
 aEWM1 =    132.50700378417969     
 mdl_Gf =   1.16639000000000003E-005
 aS =   0.11800000071525575     
 mdl_ymb =    4.6999998092651367     
 mdl_ymt =    173.00000000000000     
 mdl_yme =   5.10999991092830896E-004
 mdl_ymm =   0.10565999895334244     
 mdl_ymtau =    1.7769999504089355     
 mdl_WT =    1.4915000200271606     
 mdl_WTau =   2.26999999999999982E-012
 mdl_WZ =    2.4414041042327881     
 mdl_WW =    2.0476000308990479     
 mdl_WH =   6.38233916833996773E-003
  Internal Params
  ---------------------------------
  
 mdl_conjg__CKM3x3 =    1.0000000000000000     
 mdl_CKM3x3 =    1.0000000000000000     
 mdl_conjg__CKM1x1 =    1.0000000000000000     
 mdl_complexi =  (  0.0000000000000000     ,  1.0000000000000000     )
 mdl_MZ__exp__2 =    8315.2519896181766     
 mdl_MZ__exp__4 =    69143415.650849044     
 mdl_sqrt__2 =    1.4142135623730951     
 mdl_MH__exp__2 =    15625.000000000000     
 mdl_aEW =   7.54677089845565054E-003
 mdl_MW =    80.419007276179556     
 mdl_sqrt__aEW =   8.68721526063194194E-002
 mdl_ee =   0.30795376284704501     
 mdl_MW__exp__2 =    6467.2167312862202     
 mdl_sw2 =   0.22224645274001076     
 mdl_cw =   0.88190336616887299     
 mdl_sqrt__sw2 =   0.47143022043565552     
 mdl_sw =   0.47143022043565552     
 mdl_g1 =   0.34919218438279087     
 mdl_gw =   0.65323296958447097     
 mdl_vev =    246.21845810181631     
 mdl_vev__exp__2 =    60623.529110035874     
 mdl_lam =   0.12886910601690271     
 mdl_yb =   2.69955531549349904E-002
 mdl_ye =   2.93504850670934038E-006
 mdl_ym =   6.06883028478528356E-004
 mdl_yt =   0.99366614581500645     
 mdl_ytau =   1.02066167158167895E-002
 mdl_muH =    88.388347648318444     
 mdl_I1x33 =  ( 2.69955531549349904E-002,  0.0000000000000000     )
 mdl_I2x33 =  ( 0.99366614581500645     ,  0.0000000000000000     )
 mdl_I3x33 =  ( 0.99366614581500645     ,  0.0000000000000000     )
 mdl_I4x33 =  ( 2.69955531549349904E-002,  0.0000000000000000     )
 mdl_ee__exp__2 =   9.48355200516540348E-002
 mdl_sw__exp__2 =   0.22224645274001076     
 mdl_cw__exp__2 =   0.77775354725998924     
  Internal Params evaluated point by point
  ----------------------------------------
  
 mdl_sqrt__aS =   0.34351128178744839     
 mdl_G__exp__2 =    1.4828317414825511     
  Couplings of sm-lepton_masses
  ---------------------------------
  
         GC_3 =  -0.00000E+00  -0.30795E+00

 Collider parameters:
 --------------------

 Running at e e   machine @   7.00000000000000067E-002  GeV
 PDF set = none   
 alpha_s(Mz)= 0.1180 running at 2 loops.
 alpha_s(Mz)= 0.1180 running at 2 loops.
 Renormalization scale fixed @    91.188000000000002     
 Factorization scales  fixed @    91.188000000000002        91.188000000000002     


 getting user params
Enter number of events and max and min iterations: 
 Number of events and iterations         2000           9           3
Enter desired fractional accuracy: 
 Desired fractional accuracy:  -1.69639999999999989E-005
Enter 0 for fixed, 2 for adjustable grid: 
Suppress amplitude (0 no, 1 yes)? 
 Using suppressed amplitude.
Exact helicity sum (0 yes, n = number/event)? 
 Explicitly summing over helicities
Enter Configuration Number: 
Running Configuration Number:    1
 Not subdividing B.W.
 Attempting mappinvarients           1           4
 Completed mapping           4
 about to integrate            2        2000           9           3           2           1
 Using non-zero grid deformation.
  2 dimensions   2000 events  2 invarients  9 iterations  1 config(s),  (0.99)
 Using h-tuple random number sequence.
 Error opening grid
 Using Uniform Grid!
 Using uniform alpha   1.0000000000000000     
 Grid defined OK
 Set CM energy to          0.07
 Mapping Graph           1  to config           1
 Warning: No cutoff for shat integral found
          Minimum set to    204.08163265306121     
Setting grid   1    0.20408E+03   1
 Masses: 0.511E-03 0.511E-03 0.000E+00 0.000E+00
   1   1   2
 Got moffset           9
Using random seed offsets     1 :      1
  with seed                  267
 Ranmar initialization seeds       26466        7983
  Particle       3       4
      Et >     0.0     0.0
       E >     0.0     0.0
     Eta <    -1.0    -1.0
   xqcut:      0.0     0.0
d R # 3  >    -0.0     0.0
s min # 3>     0.0     0.0
xqcutij # 3>     0.0     0.0
 alpha_s for scale    91.188000000000002       is   0.11800000071525575     
 Added good helicity            1  3.40875337379718856E-003  in event            1
 Added good helicity            2  8.49533825740312579E-004  in event            1
 Added good helicity            3  8.49533825740312579E-004  in event            1
 Added good helicity            6   4.3071847530291212       in event            1
 Added good helicity            7   3.6877074259359182       in event            1
 Added good helicity           10   3.6877074259359182       in event            1
 Added good helicity           11   4.3071847530291212       in event            1
 Added good helicity           14  8.49533825740312579E-004  in event            1
 Added good helicity           15  8.49533825740312579E-004  in event            1
 Added good helicity           16  3.40875337379718856E-003  in event            1
 Iteration  1   Mean: 0.1498E+09 Abs mean: 0.1498E+09   Fluctuation:  0.194E+08   0.215E+11   100.0%
  1    0.1498E+09 0.1498E+09 +- 0.1942E+08      5.80
 Writing out events   8319.8549938861215        5.7994985452814918     
 Relative summed weights:
  0.4550E+00  0.0000E+00
  0.5450E+00  0.0000E+00
 Relative number of events:
  0.4945E+00  0.0000E+00
  0.5055E+00  0.0000E+00
 Events:
         989           0
        1011           0
 Iteration  2   Mean: 0.9754E+08 Abs mean: 0.9754E+08   Fluctuation:  0.430E+07   0.346E+10   100.0%
  2    0.9754E+08 0.9754E+08 +- 0.4305E+07      2.79
 Relative summed weights:
  0.5233E+00  0.0000E+00
  0.4767E+00  0.0000E+00
 Relative number of events:
  0.5098E+00  0.0000E+00
  0.4903E+00  0.0000E+00
 Events:
        2039           0
        1961           0
 Iteration  3   Mean: 0.2206E+09 Abs mean: 0.2206E+09   Fluctuation:  0.222E+08   0.901E+11   100.0%
  3    0.2206E+09 0.2206E+09 +- 0.2219E+08      9.00
 Relative summed weights:
  0.4014E+00  0.0000E+00
  0.5986E+00  0.0000E+00
 Relative number of events:
  0.5026E+00  0.0000E+00
  0.4974E+00  0.0000E+00
 Events:
        4021           0
        3979           0
 Found          789  events.
 Wrote           12  events.
 Actual xsec    120255453.12451899     
 Correct abs xsec    120255453.12451899     
 Event xsec    120255453.12451904     
 Events wgts > 1:            0
 % Cross section > 1:    0.0000000000000000        0.0000000000000000     
 Checking number of events   2040.0135068043401               12  chi2:    25.296927499951295     
 Found          789  events.
 Wrote           20  events.
 Actual xsec    120255453.12451899     
 Correct abs xsec    120255453.12451899     
 Event xsec    120255453.12451898     
 Events wgts > 1:            0
 % Cross section > 1:    0.0000000000000000        0.0000000000000000     
 Iteration  4   Mean: 0.2978E+09 Abs mean: 0.2978E+09   Fluctuation:  0.309E+08   0.303E+12   100.0%
  4    0.2978E+09 0.2978E+09 +- 0.3095E+08     13.15
 Relative summed weights:
  0.4276E+00  0.0000E+00
  0.5724E+00  0.0000E+00
 Relative number of events:
  0.5086E+00  0.0000E+00
  0.4914E+00  0.0000E+00
 Events:
        8137           0
        7863           0
 Found         1126  events.
 Wrote           21  events.
 Actual xsec    141080600.51560113     
 Correct abs xsec    141080600.51560113     
 Event xsec    141080600.51560128     
 Events wgts > 1:            0
 % Cross section > 1:    0.0000000000000000        0.0000000000000000     
 Checking number of events   2393.2913071466573               21  chi2:    70.391379224280925     
 Found         1126  events.
 Wrote           19  events.
 Actual xsec    141080600.51560113     
 Correct abs xsec    141080600.51560113     
 Event xsec    141080600.51560125     
 Events wgts > 1:            0
 % Cross section > 1:    0.0000000000000000        0.0000000000000000     
 Iteration  5   Mean: 0.2754E+09 Abs mean: 0.2754E+09   Fluctuation:  0.538E+07   0.251E+11   100.0%
  5    0.2754E+09 0.2754E+09 +- 0.5375E+07      3.49
 Relative summed weights:
  0.4872E+00  0.0000E+00
  0.5128E+00  0.0000E+00
 Relative number of events:
  0.5032E+00  0.0000E+00
  0.4968E+00  0.0000E+00
 Events:
       16104           0
       15896           0
 Found         2437  events.
 Wrote          549  events.
 Actual xsec    274217767.06963062     
 Correct abs xsec    274217767.06963062     
 Event xsec    274217767.06963378     
 Events wgts > 1:           28
 % Cross section > 1:    2578102.4045353066       0.94016607023155918     
 Checking number of events   4651.8302005692140              549  chi2:    3.2368573803690559     
 Found         2437  events.
 Wrote          491  events.
 Actual xsec    274217767.06963062     
 Correct abs xsec    274217767.06963062     
 Event xsec    274217767.06963283     
 Events wgts > 1:           28
 % Cross section > 1:    2879446.1684083389        1.0500582070880746     
 Iteration  6   Mean: 0.2810E+09 Abs mean: 0.2810E+09   Fluctuation:  0.154E+07   0.415E+10   100.0%
  6    0.2810E+09 0.2810E+09 +- 0.1535E+07      1.38
 Relative summed weights:
  0.5014E+00  0.0000E+00
  0.4986E+00  0.0000E+00
 Relative number of events:
  0.4998E+00  0.0000E+00
  0.5002E+00  0.0000E+00
 Events:
       31986           0
       32014           0
 Found         6486  events.
 Wrote         6472  events.
 Actual xsec    280664350.00660741     
 Correct abs xsec    280664350.00660741     
 Event xsec    280664350.00657552     
 Events wgts > 1:          431
 % Cross section > 1:    2784203.7811748981       0.99200478475790344     
 Checking number of events   4761.1900335120881             6472  chi2:   0.65891947519061733     

 -------------------------------------------------------------------------------
 Accumulated results:   Integral =  0.2777E+09
                        Std dev  =  0.1446E+07
                       Cross sec =  0.4766E+02
             Chi**2 per DoF.     =
-------------------------------------------------
---------------------------
 Results Last   3 iters: Integral =   0.2807E+09
                     Abs integral =   0.2807E+09
                          Std dev =   0.1474E+07
                  Chi**2 per DoF. =      0.6589
-------------------------------------------------
---------------------------
 Status -1.69639999999999989E-005           7           9
 We found enough events        6472   4761.1900335120881     

ls status:
events.lhe
ftn25
ftn26
input_sg.txt
moffset.dat
results.dat
run_01_ftn26.gz
run_01_log.txt
run_01_results.dat
run_03_ftn26.gz
run_03_log.txt
run_03_results.dat
run_04_ftn26.gz
run_04_log.txt
run_04_results.dat
run_05_ftn26.gz
run_05_log.txt
run_05_results.dat
run_06_ftn26.gz
run_06_log.txt
run_06_results.dat
run_07_ftn26.gz
run_07_log.txt
run_07_results.dat
run_08_ftn26.gz
run_08_log.txt
run_08_results.dat
run_09_ftn26.gz
run_09_log.txt
run_09_results.dat
run_10_ftn26.gz
run_10_log.txt
run_10_results.dat
run_11_ftn26.gz
run_11_log.txt
run_11_results.dat
run_12_ftn26.gz
run_12_log.txt
run_12_results.dat
run_13_ftn26.gz
run_13_log.txt
run_13_results.dat
run_14_ftn26.gz
run_14_log.txt
run_14_results.dat
run_15_ftn26.gz
run_15_log.txt
run_15_results.dat
run_19_ftn26.gz
run_19_log.txt
run_19_results.dat
run1_app.log
run_20_ftn26.gz
run_20_log.txt
run_20_results.dat
run_21_ftn26.gz
run_21_log.txt
run_21_results.dat
run_22_ftn26.gz
run_22_log.txt
run_22_results.dat
run_23_ftn26.gz
run_23_log.txt
run_23_results.dat
run_24_ftn26.gz
run_24_log.txt
run_24_results.dat
run_25_ftn26.gz
run_25_log.txt
run_25_results.dat
