 Process in group number            0
 No PDF is used, alpha_s(MZ) from param_card is used
 Value of alpha_s from param_card:   0.11800000071525575     
 The default order of alpha_s running is fixed to            2
 Warning: pt or E min of a gamma should in general be >0
 *****************************************************
 *               MadGraph/MadEvent                   *
 *        --------------------------------           *
 *          http://madgraph.hep.uiuc.edu             *
 *          http://madgraph.phys.ucl.ac.be           *
 *          http://madgraph.roma2.infn.it            *
 *        --------------------------------           *
 *                                                   *
 *          PARAMETER AND COUPLING VALUES            *
 *                                                   *
 *****************************************************

  External Params
  ---------------------------------
  
 aEWM1 =    132.50700378417969     
 mdl_Gf =   1.16639000000000003E-005
 aS =   0.11800000071525575     
 mdl_ymb =    4.6999998092651367     
 mdl_ymt =    173.00000000000000     
 mdl_yme =   5.10999991092830896E-004
 mdl_ymm =   0.10565999895334244     
 mdl_ymtau =    1.7769999504089355     
 mdl_MZ =    91.188003540039063     
 mdl_MT =    173.00000000000000     
 mdl_MB =    4.6999998092651367     
 mdl_MH =    125.00000000000000     
 mdl_Me =   5.10999991092830896E-004
 mdl_MM =   0.10565999895334244     
 mdl_MTA =    1.7769999504089355     
 mdl_WZ =    2.4414041042327881     
 mdl_WW =    2.0476000308990479     
 mdl_WT =    1.4915000200271606     
 mdl_WH =   6.38233916833996773E-003
 mdl_WTau =   2.26999999999999982E-012
  Internal Params
  ---------------------------------
  
 mdl_conjg__CKM3x3 =    1.0000000000000000     
 mdl_CKM3x3 =    1.0000000000000000     
 mdl_conjg__CKM1x1 =    1.0000000000000000     
 mdl_complexi =  (  0.0000000000000000     ,  1.0000000000000000     )
 mdl_MZ__exp__2 =    8315.2519896181766     
 mdl_MZ__exp__4 =    69143415.650849044     
 mdl_sqrt__2 =    1.4142135623730951     
 mdl_MH__exp__2 =    15625.000000000000     
 mdl_aEW =   7.54677089845565054E-003
 mdl_MW =    80.419007276179556     
 mdl_sqrt__aEW =   8.68721526063194194E-002
 mdl_ee =   0.30795376284704501     
 mdl_MW__exp__2 =    6467.2167312862202     
 mdl_sw2 =   0.22224645274001076     
 mdl_cw =   0.88190336616887299     
 mdl_sqrt__sw2 =   0.47143022043565552     
 mdl_sw =   0.47143022043565552     
 mdl_g1 =   0.34919218438279087     
 mdl_gw =   0.65323296958447097     
 mdl_vev =    246.21845810181631     
 mdl_vev__exp__2 =    60623.529110035874     
 mdl_lam =   0.12886910601690271     
 mdl_yb =   2.69955531549349904E-002
 mdl_ye =   2.93504850670934038E-006
 mdl_ym =   6.06883028478528356E-004
 mdl_yt =   0.99366614581500645     
 mdl_ytau =   1.02066167158167895E-002
 mdl_muH =    88.388347648318444     
 mdl_I1x33 =  ( 2.69955531549349904E-002,  0.0000000000000000     )
 mdl_I2x33 =  ( 0.99366614581500645     ,  0.0000000000000000     )
 mdl_I3x33 =  ( 0.99366614581500645     ,  0.0000000000000000     )
 mdl_I4x33 =  ( 2.69955531549349904E-002,  0.0000000000000000     )
 mdl_ee__exp__2 =   9.48355200516540348E-002
 mdl_sw__exp__2 =   0.22224645274001076     
 mdl_cw__exp__2 =   0.77775354725998924     
  Internal Params evaluated point by point
  ----------------------------------------
  
 mdl_sqrt__aS =   0.34351128178744839     
 mdl_G__exp__2 =    1.4828317414825511     
  Couplings of sm-lepton_masses
  ---------------------------------
  
         GC_3 =  -0.00000E+00  -0.30795E+00
        GC_50 =  -0.00000E+00  -0.28804E+00
        GC_59 =   0.00000E+00   0.82310E-01
        GC_89 =  -0.00000E+00  -0.20754E-05

 Collider parameters:
 --------------------

 Running at e e   machine @   7.00000000000000067E-002  GeV
 PDF set = none   
 alpha_s(Mz)= 0.1180 running at 2 loops.
 alpha_s(Mz)= 0.1180 running at 2 loops.
 Renormalization scale fixed @    91.188000000000002     
 Factorization scales  fixed @    91.188000000000002        91.188000000000002     


 getting user params
Enter number of events and max and min iterations: 
 Number of events and iterations         1000           5           3
Enter desired fractional accuracy: 
 Desired fractional accuracy:   0.10000000000000001     
Enter 0 for fixed, 2 for adjustable grid: 
Suppress amplitude (0 no, 1 yes)? 
 Using suppressed amplitude.
Exact helicity sum (0 yes, n = number/event)? 
 Explicitly summing over helicities
Enter Configuration Number: 
Running Configuration Number:   16
 Not subdividing B.W.
 Attempting mappinvarients           1           5
 Completed mapping           5
 about to integrate            5        1000           5           3           5           1
 Using non-zero grid deformation.
  5 dimensions   1000 events  5 invarients  5 iterations  1 config(s),  (0.99)
 Using h-tuple random number sequence.
 Error opening grid
 Using Uniform Grid!
 Using uniform alpha   1.0000000000000000     
 Grid defined OK
 Set CM energy to          0.07
 Mapping Graph          16  to config          16
Setting grid   1    0.53290E-04   1
Setting grid   2    0.53290E-04   1
 Masses: 0.511E-03 0.511E-03 0.000E+00 0.511E-03 0.511E-03
  16   1   2   3   4   5
Using random seed offsets    16 :      1
  with seed                   24
 Ranmar initialization seeds       31074        9398
  Particle       3       4       5
      Et >     0.0     0.0     0.0
       E >     0.0     0.0     0.0
     Eta <    -1.0    -1.0    -1.0
   xqcut:      0.0     0.0     0.0
d R # 3  >    -0.0     0.0     0.0
d R # 4  >    -0.0    -0.0     0.4
s min # 3>     0.0     0.0     0.0
s min # 4>     0.0     0.0     0.0
xqcutij # 3>     0.0     0.0     0.0
xqcutij # 4>     0.0     0.0     0.0
 alpha_s for scale    91.188000000000002       is   0.11800000071525575     
 Added good helicity            1   4.4418421228100646       in event            1
 Added good helicity            2  4.17597273367073701E-006  in event            1
 Added good helicity            5   3.6318923431562720       in event            1
 Added good helicity            7  1.22943132373585908E-006  in event            1
 Added good helicity            9  1.40327171704872745E-006  in event            1
 Added good helicity           11   4.1271197801029365       in event            1
 Added good helicity           12  3.61264360884221052E-006  in event            1
 Added good helicity           15   3.7991321725604501       in event            1
 Added good helicity           18   3.7991321723293110       in event            1
 Added good helicity           21  3.61264326017850727E-006  in event            1
 Added good helicity           22   4.1271197803541240       in event            1
 Added good helicity           24  1.40327140499462378E-006  in event            1
 Added good helicity           26  1.22943157544119883E-006  in event            1
 Added good helicity           28   3.6318923431935795       in event            1
 Added good helicity           31  4.17597233100243101E-006  in event            1
 Added good helicity           32   4.4418421227639335       in event            1
 Added good helicity            3  7.69831257302992337E-006  in event            2
 Added good helicity            6  4.35019763380221913E-005  in event            2
 Added good helicity           10   1.7667122341471024       in event            2
 Added good helicity           13  5.40998270253243937E-004  in event            2
 Added good helicity           14   2.8643572827420543       in event            2
 Added good helicity           16  1.70391372977569147E-005  in event            2
 Added good helicity           17  1.70391387435854824E-005  in event            2
 Added good helicity           19   2.8643574595017904       in event            2
 Added good helicity           20  5.40998265986447711E-004  in event            2
 Added good helicity           23   1.7667123449134603       in event            2
 Added good helicity           27  4.35019784467499278E-005  in event            2
 Added good helicity           30  7.69831151696691215E-006  in event            2
 Added good helicity            4  1.00072620948881583E-006  in event           31
 Added good helicity           29  1.00072618937333997E-006  in event           31
 Iteration  1   Mean: 0.3041E+28 Abs mean: 0.3041E+28   Fluctuation:  0.304E+28   0.304E+31    97.8%
  1    0.3041E+28 0.3041E+28 +- 0.3041E+28     31.62
 Writing out events  6.21631875040034127E+023   31.621951063071911     
 Relative summed weights:
  0.1000E+01  0.0000E+00
 Relative number of events:
  0.1000E+01  0.0000E+00
 Events:
        1000           0
 Iteration  2   Mean: 0.5418E+31 Abs mean: 0.5418E+31   Fluctuation:  0.518E+31   0.103E+35    97.3%
  2    0.5418E+31 0.5418E+31 +- 0.5178E+31     42.74
 Relative summed weights:
  0.1000E+01  0.0000E+00
 Relative number of events:
  0.1000E+01  0.0000E+00
 Events:
        2000           0
 Iteration  3   Mean: 0.7005E+35 Abs mean: 0.7005E+35   Fluctuation:  0.700E+35   0.280E+39    99.5%
  3    0.7005E+35 0.7005E+35 +- 0.7005E+35     63.24
 Relative summed weights:
  0.1000E+01  0.0000E+00
 Relative number of events:
  0.1000E+01  0.0000E+00
 Events:
        4000           0
 Accuracy:    1.023   0.100   0.568   3.240
 Found           15  events.
 Wrote            1  events.
 Actual xsec   2.26399992132291080E+034
 Correct abs xsec   2.26399992132291080E+034
 Event xsec   2.26399992132291080E+034
 Events wgts > 1:            0
 % Cross section > 1:    0.0000000000000000        0.0000000000000000     
 Iteration  4   Mean: 0.1066E+35 Abs mean: 0.1066E+35   Fluctuation:  0.104E+35   0.833E+38    99.5%
  4    0.1066E+35 0.1066E+35 +- 0.1041E+35     87.35
 Relative summed weights:
  0.1000E+01  0.0000E+00
 Relative number of events:
  0.1000E+01  0.0000E+00
 Events:
        8000           0
 Accuracy:    0.848   0.100   0.491   2.977
 Found            7  events.
 Wrote            1  events.
 Actual xsec   2.58465348341498505E+034
 Correct abs xsec   2.58465348341498505E+034
 Event xsec   2.58465348341498505E+034
 Events wgts > 1:            0
 % Cross section > 1:    0.0000000000000000        0.0000000000000000     
 Iteration  5   Mean: 0.1078E+34 Abs mean: 0.1078E+34   Fluctuation:  0.731E+33   0.103E+38    98.6%
  5    0.1078E+34 0.1078E+34 +- 0.7310E+33     85.77
 Relative summed weights:
  0.1000E+01  0.0000E+00
 Relative number of events:
  0.1000E+01  0.0000E+00
 Events:
       16000           0
 Accuracy:    0.942   0.100   0.398   5.605
 Found           11  events.
 Wrote            1  events.
 Actual xsec   1.97887834785504473E+034
 Correct abs xsec   1.97887834785504473E+034
 Event xsec   1.97887834785504473E+034
 Events wgts > 1:            1
 % Cross section > 1:   2.68595371223436136E+026  1.35731118345184435E-006

 -------------------------------------------------------------------------------
 Accumulated results:   Integral =  0.1323E+35
                        Std dev  =  0.5263E+34
                       Cross sec =  0.1323E+35
             Chi**2 per DoF.     =      5.6053
 -------------------------------------------------------------------------------
-------------------------------------------------
---------------------------
 Results Last   3 iters: Integral =   0.1979E+35
                     Abs integral =   0.1979E+35
                          Std dev =   0.9629E+34
                  Chi**2 per DoF. =    328.2123
-------------------------------------------------
---------------------------
 Status  0.10000000000000001                6           5

ls status:
events.lhe
input_app.txt
results.dat
run1_app.log
