 Process in group number            0
 No PDF is used, alpha_s(MZ) from param_card is used
 Value of alpha_s from param_card:   0.11800000071525575     
 The default order of alpha_s running is fixed to            2
 *****************************************************
 *               MadGraph/MadEvent                   *
 *        --------------------------------           *
 *          http://madgraph.hep.uiuc.edu             *
 *          http://madgraph.phys.ucl.ac.be           *
 *          http://madgraph.roma2.infn.it            *
 *        --------------------------------           *
 *                                                   *
 *          PARAMETER AND COUPLING VALUES            *
 *                                                   *
 *****************************************************

  External Params
  ---------------------------------
  
 aEWM1 =    132.50700378417969     
 mdl_Gf =   1.16639000000000003E-005
 aS =   0.11800000071525575     
 mdl_ymb =    4.6999998092651367     
 mdl_ymt =    173.00000000000000     
 mdl_yme =   5.10999991092830896E-004
 mdl_ymm =   0.10565999895334244     
 mdl_ymtau =    1.7769999504089355     
 mdl_MZ =    91.188003540039063     
 mdl_MT =    173.00000000000000     
 mdl_MB =    4.6999998092651367     
 mdl_MH =    125.00000000000000     
 mdl_Me =   5.10999991092830896E-004
 mdl_MM =   0.10565999895334244     
 mdl_MTA =    1.7769999504089355     
 mdl_WZ =    2.4414041042327881     
 mdl_WW =    2.0476000308990479     
 mdl_WT =    1.4915000200271606     
 mdl_WH =   6.38233916833996773E-003
 mdl_WTau =   2.26999999999999982E-012
  Internal Params
  ---------------------------------
  
 mdl_conjg__CKM3x3 =    1.0000000000000000     
 mdl_CKM3x3 =    1.0000000000000000     
 mdl_conjg__CKM1x1 =    1.0000000000000000     
 mdl_complexi =  (  0.0000000000000000     ,  1.0000000000000000     )
 mdl_MZ__exp__2 =    8315.2519896181766     
 mdl_MZ__exp__4 =    69143415.650849044     
 mdl_sqrt__2 =    1.4142135623730951     
 mdl_MH__exp__2 =    15625.000000000000     
 mdl_aEW =   7.54677089845565054E-003
 mdl_MW =    80.419007276179556     
 mdl_sqrt__aEW =   8.68721526063194194E-002
 mdl_ee =   0.30795376284704501     
 mdl_MW__exp__2 =    6467.2167312862202     
 mdl_sw2 =   0.22224645274001076     
 mdl_cw =   0.88190336616887299     
 mdl_sqrt__sw2 =   0.47143022043565552     
 mdl_sw =   0.47143022043565552     
 mdl_g1 =   0.34919218438279087     
 mdl_gw =   0.65323296958447097     
 mdl_vev =    246.21845810181631     
 mdl_vev__exp__2 =    60623.529110035874     
 mdl_lam =   0.12886910601690271     
 mdl_yb =   2.69955531549349904E-002
 mdl_ye =   2.93504850670934038E-006
 mdl_ym =   6.06883028478528356E-004
 mdl_yt =   0.99366614581500645     
 mdl_ytau =   1.02066167158167895E-002
 mdl_muH =    88.388347648318444     
 mdl_I1x33 =  ( 2.69955531549349904E-002,  0.0000000000000000     )
 mdl_I2x33 =  ( 0.99366614581500645     ,  0.0000000000000000     )
 mdl_I3x33 =  ( 0.99366614581500645     ,  0.0000000000000000     )
 mdl_I4x33 =  ( 2.69955531549349904E-002,  0.0000000000000000     )
 mdl_ee__exp__2 =   9.48355200516540348E-002
 mdl_sw__exp__2 =   0.22224645274001076     
 mdl_cw__exp__2 =   0.77775354725998924     
  Internal Params evaluated point by point
  ----------------------------------------
  
 mdl_sqrt__aS =   0.34351128178744839     
 mdl_G__exp__2 =    1.4828317414825511     
  Couplings of sm-lepton_masses
  ---------------------------------
  
         GC_3 =  -0.00000E+00  -0.30795E+00
        GC_50 =  -0.00000E+00  -0.28804E+00
        GC_59 =   0.00000E+00   0.82310E-01
        GC_89 =  -0.00000E+00  -0.20754E-05

 Collider parameters:
 --------------------

 Running at e e   machine @   7.14879999999999960E-002  GeV
 PDF set = none   
 alpha_s(Mz)= 0.1180 running at 2 loops.
 alpha_s(Mz)= 0.1180 running at 2 loops.
 Renormalization scale fixed @    91.188000000000002     
 Factorization scales  fixed @    91.188000000000002        91.188000000000002     


 getting user params
Enter number of events and max and min iterations: 
 Number of events and iterations         2000           9           3
Enter desired fractional accuracy: 
 Desired fractional accuracy:  -5.74259999999999987E-006
Enter 0 for fixed, 2 for adjustable grid: 
Suppress amplitude (0 no, 1 yes)? 
 Using suppressed amplitude.
Exact helicity sum (0 yes, n = number/event)? 
 Explicitly summing over helicities
Enter Configuration Number: 
Running Configuration Number:    7
 Not subdividing B.W.
 Attempting mappinvarients           1           5
 Completed mapping           5
 about to integrate            5        2000           9           3           5           1
 Using non-zero grid deformation.
  5 dimensions   2000 events  5 invarients  9 iterations  1 config(s),  (0.99)
 Using h-tuple random number sequence.
 Error opening grid
 Using Uniform Grid!
 Using uniform alpha   1.0000000000000000     
 Grid defined OK
 Set CM energy to          0.07
 Mapping Graph           7  to config           7
Setting grid   1    0.17611E-04   1
Setting grid   2    0.51095E-04   1
 Masses: 0.511E-03 0.511E-03 0.000E+00 0.511E-03 0.511E-03
   7   1   2   3   4   5
 Got moffset          15
Using random seed offsets     7 :      1
  with seed                   87
 Ranmar initialization seeds       17619       26738
  Particle       3       4       5
      Et >     0.0     0.0     0.0
       E >     0.0     0.0     0.0
     Eta <    -1.0    -1.0    -1.0
   xqcut:      0.0     0.0     0.0
d R # 3  >    -0.0     0.0     0.0
d R # 4  >    -0.0    -0.0     0.0
s min # 3>     0.0     0.0     0.0
s min # 4>     0.0     0.0     0.0
xqcutij # 3>     0.0     0.0     0.0
xqcutij # 4>     0.0     0.0     0.0
 alpha_s for scale    91.188000000000002       is   0.11800000071525575     
 Added good helicity            1   9.3351637164778705       in event            1
 Added good helicity            2  7.77601785769401827E-005  in event            1
 Added good helicity            3  0.21300760772144511       in event            1
 Added good helicity            5  9.15379620312877507E-002  in event            1
 Added good helicity            7  1.18042786443078960E-004  in event            1
 Added good helicity           10   5.9644868632504284       in event            1
 Added good helicity           11  1.02429250682284628E-003  in event            1
 Added good helicity           12  0.32501491876626121       in event            1
 Added good helicity           14  6.94719155089642409E-002  in event            1
 Added good helicity           15  2.49041028918998807E-006  in event            1
 Added good helicity           16  9.36962023961474141E-005  in event            1
 Added good helicity           17  9.36962026267642635E-005  in event            1
 Added good helicity           18  2.49041028935653550E-006  in event            1
 Added good helicity           19  6.94719156773094537E-002  in event            1
 Added good helicity           21  0.32501491850768227       in event            1
 Added good helicity           22  1.02429250641184193E-003  in event            1
 Added good helicity           23   5.9644868775693842       in event            1
 Added good helicity           26  1.18042786405378228E-004  in event            1
 Added good helicity           28  9.15379620314044490E-002  in event            1
 Added good helicity           30  0.21300760698045634       in event            1
 Added good helicity           31  7.77601778836030442E-005  in event            1
 Added good helicity           32   9.3351637162905199       in event            1
 Added good helicity            6  5.10251140393313027E-006  in event            3
 Added good helicity            9  5.85004193852756874E-006  in event            3
 Added good helicity           13  5.23855721238774492E-006  in event            3
 Added good helicity           20  5.23855727277837174E-006  in event            3
 Added good helicity           24  5.85004201214279984E-006  in event            3
 Added good helicity           27  5.10251147516985390E-006  in event            3
 Added good helicity            4  2.06313900077282122E-006  in event           33
 Added good helicity           29  2.06313900071857596E-006  in event           33
 Iteration  1   Mean: 0.1737E+10 Abs mean: 0.1737E+10   Fluctuation:  0.118E+09   0.830E+11    74.9%
  1    0.1737E+10 0.1737E+10 +- 0.1175E+09      3.03
 Writing out events   128773.17137531088        3.0264210553999522     
 Relative summed weights:
  0.1000E+01  0.0000E+00
 Relative number of events:
  0.1000E+01  0.0000E+00
 Events:
        2000           0
 Iteration  2   Mean: 0.1778E+10 Abs mean: 0.1778E+10   Fluctuation:  0.395E+08   0.212E+11    83.7%
  2    0.1778E+10 0.1778E+10 +- 0.3953E+08      1.41
 Relative summed weights:
  0.1000E+01  0.0000E+00
 Relative number of events:
  0.1000E+01  0.0000E+00
 Events:
        4000           0
 Iteration  3   Mean: 0.1724E+10 Abs mean: 0.1724E+10   Fluctuation:  0.211E+08   0.153E+11    80.2%
  3    0.1724E+10 0.1724E+10 +- 0.2108E+08      1.09
 Relative summed weights:
  0.1000E+01  0.0000E+00
 Relative number of events:
  0.1000E+01  0.0000E+00
 Events:
        8000           0
 Found          978  events.
 Wrote          974  events.
 Actual xsec    1736508325.8379352     
 Correct abs xsec    1736508325.8379352     
 Event xsec    1736508325.8379610     
 Events wgts > 1:            5
 % Cross section > 1:    392556.45199093851       2.26060794612953191E-002
 Checking number of events   9972.0727119569274              974  chi2:   0.71213211164738255     
 Found          978  events.
 Wrote          974  events.
 Actual xsec    1736508325.8379352     
 Correct abs xsec    1736508325.8379352     
 Event xsec    1736508325.8379610     
 Events wgts > 1:            5
 % Cross section > 1:    392556.45199093851       2.26060794612953191E-002
 Iteration  4   Mean: 0.1715E+10 Abs mean: 0.1715E+10   Fluctuation:  0.131E+08   0.138E+11    77.9%
  4    0.1715E+10 0.1715E+10 +- 0.1307E+08      0.96
 Relative summed weights:
  0.1000E+01  0.0000E+00
 Relative number of events:
  0.1000E+01  0.0000E+00
 Events:
       16000           0
 Found         2065  events.
 Wrote         2060  events.
 Actual xsec    1722513973.8882284     
 Correct abs xsec    1722513973.8882284     
 Event xsec    1722513973.8882966     
 Events wgts > 1:            1
 % Cross section > 1:    20904.878261319594       1.21362604763839538E-003
 Checking number of events   9891.7087464505403             2060  chi2:    1.1178957065976116     
 Found         2065  events.
 Wrote         2060  events.
 Actual xsec    1722513973.8882284     
 Correct abs xsec    1722513973.8882284     
 Event xsec    1722513973.8882966     
 Events wgts > 1:            1
 % Cross section > 1:    20904.878261319594       1.21362604763839538E-003
 Iteration  5   Mean: 0.1742E+10 Abs mean: 0.1742E+10   Fluctuation:  0.880E+07   0.267E+11    76.6%
  5    0.1742E+10 0.1742E+10 +- 0.8795E+07      0.90
 Relative summed weights:
  0.1000E+01  0.0000E+00
 Relative number of events:
  0.1000E+01  0.0000E+00
 Events:
       32000           0
 Found         4260  events.
 Wrote         4257  events.
 Actual xsec    1732882898.2854023     
 Correct abs xsec    1732882898.2854023     
 Event xsec    1732882898.2854228     
 Events wgts > 1:            2
 % Cross section > 1:    575845.39630888728       3.32304852727584518E-002
 Checking number of events   9951.2533316937515             4257  chi2:    1.5187078860388343     
 Found         4260  events.
 Wrote         4257  events.
 Actual xsec    1732882898.2854023     
 Correct abs xsec    1732882898.2854023     
 Event xsec    1732882898.2854228     
 Events wgts > 1:            2
 % Cross section > 1:    575845.39630888728       3.32304852727584518E-002
 Iteration  6   Mean: 0.1732E+10 Abs mean: 0.1732E+10   Fluctuation:  0.610E+07   0.393E+11    75.1%
  6    0.1732E+10 0.1732E+10 +- 0.6097E+07      0.89
 Relative summed weights:
  0.1000E+01  0.0000E+00
 Relative number of events:
  0.1000E+01  0.0000E+00
 Events:
       64000           0
 Found         8449  events.
 Wrote         8446  events.
 Actual xsec    1732751992.0561469     
 Correct abs xsec    1732751992.0561469     
 Event xsec    1732751992.0562119     
 Events wgts > 1:           12
 % Cross section > 1:    1251528.9857256541       7.22278197608935968E-002
 Checking number of events   9950.5015895816287             8446  chi2:    1.4430915020737569     
 Found         8449  events.
 Wrote         8446  events.
 Actual xsec    1732751992.0561469     
 Correct abs xsec    1732751992.0561469     
 Event xsec    1732751992.0562119     
 Events wgts > 1:           12
 % Cross section > 1:    1251528.9857256541       7.22278197608935968E-002
 Iteration  7   Mean: 0.1734E+10 Abs mean: 0.1734E+10   Fluctuation:  0.429E+07   0.309E+11    73.7%
  7    0.1734E+10 0.1734E+10 +- 0.4285E+07      0.88
 Relative summed weights:
  0.1000E+01  0.0000E+00
 Relative number of events:
  0.1000E+01  0.0000E+00
 Events:
      128000           0
 Found        17356  events.
 Wrote        17352  events.
 Actual xsec    1734237814.7567129     
 Correct abs xsec    1734237814.7567129     
 Event xsec    1734237814.7560754     
 Events wgts > 1:           41
 % Cross section > 1:    1494279.7987394822       8.61634884227026332E-002
 Checking number of events   9959.0340750219002            17352  chi2:   0.47935914591633572     

 -------------------------------------------------------------------------------
 Accumulated results:   Integral =  0.1733E+10
                        Std dev  =  0.3114E+07
                       Cross sec =  0.7307E+00
             Chi**2 per DoF.     =
-------------------------------------------------
---------------------------
 Results Last   3 iters: Integral =   0.1734E+10
                     Abs integral =   0.1734E+10
                          Std dev =   0.3257E+07
                  Chi**2 per DoF. =      0.4794
-------------------------------------------------
---------------------------
 Status -5.74259999999999987E-006           8           9
 We found enough events       17352   9959.0340750219002     

ls status:
events.lhe
ftn25
ftn26
input_sg.txt
moffset.dat
results.dat
run_01_ftn26.gz
run_01_log.txt
run_01_results.dat
run_02_ftn26.gz
run_02_log.txt
run_02_results.dat
run1_app.log
