 Process in group number            0
 No PDF is used, alpha_s(MZ) from param_card is used
 Value of alpha_s from param_card:   0.11800000071525575     
 The default order of alpha_s running is fixed to            2
 *****************************************************
 *               MadGraph/MadEvent                   *
 *        --------------------------------           *
 *          http://madgraph.hep.uiuc.edu             *
 *          http://madgraph.phys.ucl.ac.be           *
 *          http://madgraph.roma2.infn.it            *
 *        --------------------------------           *
 *                                                   *
 *          PARAMETER AND COUPLING VALUES            *
 *                                                   *
 *****************************************************

  External Params
  ---------------------------------
  
 aEWM1 =    132.50700378417969     
 mdl_Gf =   1.16639000000000003E-005
 aS =   0.11800000071525575     
 mdl_ymb =    4.6999998092651367     
 mdl_ymt =    173.00000000000000     
 mdl_yme =   5.10999991092830896E-004
 mdl_ymm =   0.10565999895334244     
 mdl_ymtau =    1.7769999504089355     
 mdl_MZ =    91.188003540039063     
 mdl_MT =    173.00000000000000     
 mdl_MB =    4.6999998092651367     
 mdl_MH =    125.00000000000000     
 mdl_Me =   5.10999991092830896E-004
 mdl_MM =   0.10565999895334244     
 mdl_MTA =    1.7769999504089355     
 mdl_WZ =    2.4414041042327881     
 mdl_WW =    2.0476000308990479     
 mdl_WT =    1.4915000200271606     
 mdl_WH =   6.38233916833996773E-003
 mdl_WTau =   2.26999999999999982E-012
  Internal Params
  ---------------------------------
  
 mdl_conjg__CKM3x3 =    1.0000000000000000     
 mdl_CKM3x3 =    1.0000000000000000     
 mdl_conjg__CKM1x1 =    1.0000000000000000     
 mdl_complexi =  (  0.0000000000000000     ,  1.0000000000000000     )
 mdl_MZ__exp__2 =    8315.2519896181766     
 mdl_MZ__exp__4 =    69143415.650849044     
 mdl_sqrt__2 =    1.4142135623730951     
 mdl_MH__exp__2 =    15625.000000000000     
 mdl_aEW =   7.54677089845565054E-003
 mdl_MW =    80.419007276179556     
 mdl_sqrt__aEW =   8.68721526063194194E-002
 mdl_ee =   0.30795376284704501     
 mdl_MW__exp__2 =    6467.2167312862202     
 mdl_sw2 =   0.22224645274001076     
 mdl_cw =   0.88190336616887299     
 mdl_sqrt__sw2 =   0.47143022043565552     
 mdl_sw =   0.47143022043565552     
 mdl_g1 =   0.34919218438279087     
 mdl_gw =   0.65323296958447097     
 mdl_vev =    246.21845810181631     
 mdl_vev__exp__2 =    60623.529110035874     
 mdl_lam =   0.12886910601690271     
 mdl_yb =   2.69955531549349904E-002
 mdl_ye =   2.93504850670934038E-006
 mdl_ym =   6.06883028478528356E-004
 mdl_yt =   0.99366614581500645     
 mdl_ytau =   1.02066167158167895E-002
 mdl_muH =    88.388347648318444     
 mdl_I1x33 =  ( 2.69955531549349904E-002,  0.0000000000000000     )
 mdl_I2x33 =  ( 0.99366614581500645     ,  0.0000000000000000     )
 mdl_I3x33 =  ( 0.99366614581500645     ,  0.0000000000000000     )
 mdl_I4x33 =  ( 2.69955531549349904E-002,  0.0000000000000000     )
 mdl_ee__exp__2 =   9.48355200516540348E-002
 mdl_sw__exp__2 =   0.22224645274001076     
 mdl_cw__exp__2 =   0.77775354725998924     
  Internal Params evaluated point by point
  ----------------------------------------
  
 mdl_sqrt__aS =   0.34351128178744839     
 mdl_G__exp__2 =    1.4828317414825511     
  Couplings of sm-lepton_masses
  ---------------------------------
  
         GC_3 =  -0.00000E+00  -0.30795E+00
        GC_50 =  -0.00000E+00  -0.28804E+00
        GC_59 =   0.00000E+00   0.82310E-01
        GC_89 =  -0.00000E+00  -0.20754E-05

 Collider parameters:
 --------------------

 Running at e e   machine @   7.14879999999999960E-002  GeV
 PDF set = none   
 alpha_s(Mz)= 0.1180 running at 2 loops.
 alpha_s(Mz)= 0.1180 running at 2 loops.
 Renormalization scale fixed @    91.188000000000002     
 Factorization scales  fixed @    91.188000000000002        91.188000000000002     


 getting user params
Enter number of events and max and min iterations: 
 Number of events and iterations         2000           9           3
Enter desired fractional accuracy: 
 Desired fractional accuracy:  -5.74259999999999987E-006
Enter 0 for fixed, 2 for adjustable grid: 
Suppress amplitude (0 no, 1 yes)? 
 Using suppressed amplitude.
Exact helicity sum (0 yes, n = number/event)? 
 Explicitly summing over helicities
Enter Configuration Number: 
Running Configuration Number:   13
 Not subdividing B.W.
 Attempting mappinvarients           1           5
 Completed mapping           5
 about to integrate            5        2000           9           3           5           1
 Using non-zero grid deformation.
  5 dimensions   2000 events  5 invarients  9 iterations  1 config(s),  (0.99)
 Using h-tuple random number sequence.
 Error opening grid
 Using Uniform Grid!
 Using uniform alpha   1.0000000000000000     
 Grid defined OK
 Set CM energy to          0.07
 Mapping Graph          13  to config          13
Setting grid   1    0.51095E-04   1
Setting grid   2    0.17611E-04   1
 Masses: 0.511E-03 0.511E-03 0.000E+00 0.511E-03 0.511E-03
  13   1   2   3   4   5
 Got moffset          14
Using random seed offsets    13 :      1
  with seed                   87
 Ranmar initialization seeds       17625       23581
  Particle       3       4       5
      Et >     0.0     0.0     0.0
       E >     0.0     0.0     0.0
     Eta <    -1.0    -1.0    -1.0
   xqcut:      0.0     0.0     0.0
d R # 3  >    -0.0     0.0     0.0
d R # 4  >    -0.0    -0.0     0.0
s min # 3>     0.0     0.0     0.0
s min # 4>     0.0     0.0     0.0
xqcutij # 3>     0.0     0.0     0.0
xqcutij # 4>     0.0     0.0     0.0
 alpha_s for scale    91.188000000000002       is   0.11800000071525575     
 Added good helicity            1   12.393996711802261       in event            1
 Added good helicity            2  7.42035358825919589E-003  in event            1
 Added good helicity            3   1.4117401972091588       in event            1
 Added good helicity            5  2.02646457970195740E-003  in event            1
 Added good helicity            6  6.75291296279331706E-006  in event            1
 Added good helicity            9  2.52663255603936681E-005  in event            1
 Added good helicity           10  7.60733893344111515E-003  in event            1
 Added good helicity           11  2.51477154977174492E-006  in event            1
 Added good helicity           12  7.70138795587089120E-004  in event            1
 Added good helicity           13  5.40804727662747703E-002  in event            1
 Added good helicity           14   2.1100372156451122       in event            1
 Added good helicity           15  1.22856454092203360E-002  in event            1
 Added good helicity           18  1.22856454106934476E-002  in event            1
 Added good helicity           19   2.1100372153575755       in event            1
 Added good helicity           20  5.40804727512423505E-002  in event            1
 Added good helicity           21  7.70138795672563499E-004  in event            1
 Added good helicity           22  2.51477155004042081E-006  in event            1
 Added good helicity           23  7.60733893135937499E-003  in event            1
 Added good helicity           24  2.52663255536072164E-005  in event            1
 Added good helicity           27  6.75291296273585604E-006  in event            1
 Added good helicity           28  2.02646457964549866E-003  in event            1
 Added good helicity           30   1.4117401972717953       in event            1
 Added good helicity           31  7.42035359060421069E-003  in event            1
 Added good helicity           32   12.393996712169960       in event            1
 Added good helicity            7  1.28777090915541633E-005  in event            2
 Added good helicity           26  1.28777091178715938E-005  in event            2
 Added good helicity           16  1.50377716331690485E-005  in event            3
 Added good helicity           17  1.50377719163522747E-005  in event            3
 Added good helicity            4  2.82430036720544585E-005  in event           27
 Added good helicity           29  2.82430037187484101E-005  in event           27
 Iteration  1   Mean: 0.6325E+09 Abs mean: 0.6325E+09   Fluctuation:  0.182E+09   0.289E+12    74.0%
  1    0.6325E+09 0.6325E+09 +- 0.1816E+09     12.84
 Writing out events   47505.422006776163        12.838595110030706     
 Relative summed weights:
  0.1000E+01  0.0000E+00
 Relative number of events:
  0.1000E+01  0.0000E+00
 Events:
        2000           0
 Iteration  2   Mean: 0.1206E+10 Abs mean: 0.1206E+10   Fluctuation:  0.248E+09   0.823E+12    84.0%
  2    0.1206E+10 0.1206E+10 +- 0.2476E+09     12.98
 Relative summed weights:
  0.1000E+01  0.0000E+00
 Relative number of events:
  0.1000E+01  0.0000E+00
 Events:
        4000           0
 Iteration  3   Mean: 0.1654E+10 Abs mean: 0.1654E+10   Fluctuation:  0.902E+08   0.276E+12    84.0%
  3    0.1654E+10 0.1654E+10 +- 0.9020E+08      4.88
 Relative summed weights:
  0.1000E+01  0.0000E+00
 Relative number of events:
  0.1000E+01  0.0000E+00
 Events:
        8000           0
 Found          843  events.
 Wrote           53  events.
 Actual xsec    1592352222.2716780     
 Correct abs xsec    1592352222.2716780     
 Event xsec    1592352222.2716787     
 Events wgts > 1:            3
 % Cross section > 1:    17354297.856025308        1.0898529617566237     
 Checking number of events   9144.2418716173379               53  chi2:    15.426735041758894     
 Found          843  events.
 Wrote           63  events.
 Actual xsec    1592352222.2716780     
 Correct abs xsec    1592352222.2716780     
 Event xsec    1592352222.2716777     
 Events wgts > 1:            3
 % Cross section > 1:    14624947.469855506       0.91844927681837241     
 Iteration  4   Mean: 0.1641E+10 Abs mean: 0.1641E+10   Fluctuation:  0.246E+08   0.590E+11    80.5%
  4    0.1641E+10 0.1641E+10 +- 0.2463E+08      1.90
 Relative summed weights:
  0.1000E+01  0.0000E+00
 Relative number of events:
  0.1000E+01  0.0000E+00
 Events:
       16000           0
 Found         1885  events.
 Wrote         1070  events.
 Actual xsec    1639527136.2582695     
 Correct abs xsec    1639527136.2582695     
 Event xsec    1639527136.2582304     
 Events wgts > 1:           40
 % Cross section > 1:    15754094.565811239       0.96089257795181260     
 Checking number of events   9415.1485326767379             1070  chi2:    1.5472147574194137     
 Found         1885  events.
 Wrote         1102  events.
 Actual xsec    1639527136.2582695     
 Correct abs xsec    1639527136.2582695     
 Event xsec    1639527136.2582445     
 Events wgts > 1:           40
 % Cross section > 1:    15300894.728308300       0.93325047142728301     
 Iteration  5   Mean: 0.1639E+10 Abs mean: 0.1639E+10   Fluctuation:  0.114E+08   0.176E+11    80.1%
  5    0.1639E+10 0.1639E+10 +- 0.1142E+08      1.25
 Relative summed weights:
  0.1000E+01  0.0000E+00
 Relative number of events:
  0.1000E+01  0.0000E+00
 Events:
       32000           0
 Found         3988  events.
 Wrote         3983  events.
 Actual xsec    1639504327.0152068     
 Correct abs xsec    1639504327.0152068     
 Event xsec    1639504327.0152230     
 Events wgts > 1:           35
 % Cross section > 1:    1569369.9223624773       9.57222189964921921E-002
 Checking number of events   9415.0175483175262             3983  chi2:   1.55491743637248703E-002
 Found         3988  events.
 Wrote         3983  events.
 Actual xsec    1639504327.0152068     
 Correct abs xsec    1639504327.0152068     
 Event xsec    1639504327.0152230     
 Events wgts > 1:           35
 % Cross section > 1:    1569369.9223624773       9.57222189964921921E-002
 Iteration  6   Mean: 0.1637E+10 Abs mean: 0.1637E+10   Fluctuation:  0.670E+07   0.279E+11    78.9%
  6    0.1637E+10 0.1637E+10 +- 0.6705E+07      1.04
 Relative summed weights:
  0.1000E+01  0.0000E+00
 Relative number of events:
  0.1000E+01  0.0000E+00
 Events:
       64000           0
 Found         8130  events.
 Wrote         8127  events.
 Actual xsec    1637348919.3712525     
 Correct abs xsec    1637348919.3712525     
 Event xsec    1637348919.3713779     
 Events wgts > 1:           14
 % Cross section > 1:    720153.91240932385       4.39829228754620091E-002
 Checking number of events   9402.6399043813544             8127  chi2:   2.73978177892009039E-002
 Found         8130  events.
 Wrote         8127  events.
 Actual xsec    1637348919.3712525     
 Correct abs xsec    1637348919.3712525     
 Event xsec    1637348919.3713779     
 Events wgts > 1:           14
 % Cross section > 1:    720153.91240932385       4.39829228754620091E-002
 Iteration  7   Mean: 0.1638E+10 Abs mean: 0.1638E+10   Fluctuation:  0.435E+07   0.405E+11    78.3%
  7    0.1638E+10 0.1638E+10 +- 0.4348E+07      0.95
 Relative summed weights:
  0.1000E+01  0.0000E+00
 Relative number of events:
  0.1000E+01  0.0000E+00
 Events:
      128000           0
 Found        16458  events.
 Wrote        16453  events.
 Actual xsec    1637834019.8002245     
 Correct abs xsec    1637834019.8002245     
 Event xsec    1637834019.8007901     
 Events wgts > 1:           25
 % Cross section > 1:    1003769.5120869114       6.12864002061087945E-002
 Checking number of events   9405.4256421047685            16453  chi2:   2.80439390117093977E-002

 -------------------------------------------------------------------------------
 Accumulated results:   Integral =  0.1638E+10
                        Std dev  =  0.3438E+07
                       Cross sec =  0.1054E+01
             Chi**2 per DoF.     =
-------------------------------------------------
---------------------------
 Results Last   3 iters: Integral =   0.1638E+10
                     Abs integral =   0.1638E+10
                          Std dev =   0.3475E+07
                  Chi**2 per DoF. =      0.0280
-------------------------------------------------
---------------------------
 Status -5.74259999999999987E-006           8           9
 We found enough events       16453   9405.4256421047685     

ls status:
events.lhe
ftn25
ftn26
input_sg.txt
moffset.dat
results.dat
run_01_ftn26.gz
run_01_log.txt
run_01_results.dat
run_02_ftn26.gz
run_02_log.txt
run_02_results.dat
run1_app.log
