 Process in group number            0
 No PDF is used, alpha_s(MZ) from param_card is used
 Value of alpha_s from param_card:   0.11800000071525575     
 The default order of alpha_s running is fixed to            2
 *****************************************************
 *               MadGraph/MadEvent                   *
 *        --------------------------------           *
 *          http://madgraph.hep.uiuc.edu             *
 *          http://madgraph.phys.ucl.ac.be           *
 *          http://madgraph.roma2.infn.it            *
 *        --------------------------------           *
 *                                                   *
 *          PARAMETER AND COUPLING VALUES            *
 *                                                   *
 *****************************************************

  External Params
  ---------------------------------
  
 aEWM1 =    132.50700378417969     
 mdl_Gf =   1.16639000000000003E-005
 aS =   0.11800000071525575     
 mdl_ymb =    4.6999998092651367     
 mdl_ymt =    173.00000000000000     
 mdl_yme =   5.10999991092830896E-004
 mdl_ymm =   0.10565999895334244     
 mdl_ymtau =    1.7769999504089355     
 mdl_MZ =    91.188003540039063     
 mdl_MT =    173.00000000000000     
 mdl_MB =    4.6999998092651367     
 mdl_MH =    125.00000000000000     
 mdl_Me =   5.10999991092830896E-004
 mdl_MM =   0.10565999895334244     
 mdl_MTA =    1.7769999504089355     
 mdl_WZ =    2.4414041042327881     
 mdl_WW =    2.0476000308990479     
 mdl_WT =    1.4915000200271606     
 mdl_WH =   6.38233916833996773E-003
 mdl_WTau =   2.26999999999999982E-012
  Internal Params
  ---------------------------------
  
 mdl_conjg__CKM3x3 =    1.0000000000000000     
 mdl_CKM3x3 =    1.0000000000000000     
 mdl_conjg__CKM1x1 =    1.0000000000000000     
 mdl_complexi =  (  0.0000000000000000     ,  1.0000000000000000     )
 mdl_MZ__exp__2 =    8315.2519896181766     
 mdl_MZ__exp__4 =    69143415.650849044     
 mdl_sqrt__2 =    1.4142135623730951     
 mdl_MH__exp__2 =    15625.000000000000     
 mdl_aEW =   7.54677089845565054E-003
 mdl_MW =    80.419007276179556     
 mdl_sqrt__aEW =   8.68721526063194194E-002
 mdl_ee =   0.30795376284704501     
 mdl_MW__exp__2 =    6467.2167312862202     
 mdl_sw2 =   0.22224645274001076     
 mdl_cw =   0.88190336616887299     
 mdl_sqrt__sw2 =   0.47143022043565552     
 mdl_sw =   0.47143022043565552     
 mdl_g1 =   0.34919218438279087     
 mdl_gw =   0.65323296958447097     
 mdl_vev =    246.21845810181631     
 mdl_vev__exp__2 =    60623.529110035874     
 mdl_lam =   0.12886910601690271     
 mdl_yb =   2.69955531549349904E-002
 mdl_ye =   2.93504850670934038E-006
 mdl_ym =   6.06883028478528356E-004
 mdl_yt =   0.99366614581500645     
 mdl_ytau =   1.02066167158167895E-002
 mdl_muH =    88.388347648318444     
 mdl_I1x33 =  ( 2.69955531549349904E-002,  0.0000000000000000     )
 mdl_I2x33 =  ( 0.99366614581500645     ,  0.0000000000000000     )
 mdl_I3x33 =  ( 0.99366614581500645     ,  0.0000000000000000     )
 mdl_I4x33 =  ( 2.69955531549349904E-002,  0.0000000000000000     )
 mdl_ee__exp__2 =   9.48355200516540348E-002
 mdl_sw__exp__2 =   0.22224645274001076     
 mdl_cw__exp__2 =   0.77775354725998924     
  Internal Params evaluated point by point
  ----------------------------------------
  
 mdl_sqrt__aS =   0.34351128178744839     
 mdl_G__exp__2 =    1.4828317414825511     
  Couplings of sm-lepton_masses
  ---------------------------------
  
         GC_3 =  -0.00000E+00  -0.30795E+00
        GC_50 =  -0.00000E+00  -0.28804E+00
        GC_59 =   0.00000E+00   0.82310E-01
        GC_89 =  -0.00000E+00  -0.20754E-05

 Collider parameters:
 --------------------

 Running at e e   machine @   7.00000000000000067E-002  GeV
 PDF set = none   
 alpha_s(Mz)= 0.1180 running at 2 loops.
 alpha_s(Mz)= 0.1180 running at 2 loops.
 Renormalization scale fixed @    91.188000000000002     
 Factorization scales  fixed @    91.188000000000002        91.188000000000002     


 getting user params
Enter number of events and max and min iterations: 
 Number of events and iterations         1000           9           3
Enter desired fractional accuracy: 
 Desired fractional accuracy:  -4.17719999999999991E-053
Enter 0 for fixed, 2 for adjustable grid: 
Suppress amplitude (0 no, 1 yes)? 
 Using suppressed amplitude.
Exact helicity sum (0 yes, n = number/event)? 
 Explicitly summing over helicities
Enter Configuration Number: 
Running Configuration Number:    4
 Not subdividing B.W.
 Attempting mappinvarients           1           4
 Completed mapping           4
 about to integrate            2        1000           9           3           2           1
 Keeping grid fixed.
  2 dimensions   1000 events  2 invarients  9 iterations  1 config(s),  (0.99)
 Using h-tuple random number sequence.
 Grid read from file
 Grid defined OK
 Set CM energy to          0.07
 Mapping Graph           4  to config           4
 No modification is setgrid, grid read from file
 Masses: 0.511E-03 0.511E-03 0.511E-03 0.511E-03
   4   1   2
 Got moffset           5
Using random seed offsets     4 :      1
  with seed                   30
 Ranmar initialization seeds        8295       25190
  Particle       3       4
      Et >     0.0     0.0
       E >     0.0     0.0
     Eta <    -1.0    -1.0
   xqcut:      0.0     0.0
d R # 3  >    -0.0     0.4
s min # 3>     0.0     0.0
xqcutij # 3>     0.0     0.0
 alpha_s for scale    91.188000000000002       is   0.11800000071525575     
 Added good helicity            1   4.0000000000063034       in event            1
 Added good helicity            6   3.9999999999936970       in event            1
 Added good helicity           11   3.9999999999936970       in event            1
 Added good helicity           16   4.0000000000063034       in event            1
 Added good helicity            2  1.74221578860499577E-005  in event           42
 Added good helicity            3  1.74221592568730058E-005  in event           42
 Added good helicity            5  1.74221578860499442E-005  in event           42
 Added good helicity            7  2.43492305448157840E-003  in event           42
 Added good helicity            8  1.74221578860499442E-005  in event           42
 Added good helicity            9  1.74221592568730125E-005  in event           42
 Added good helicity           10  2.43492305448157840E-003  in event           42
 Added good helicity           12  1.74221592568730193E-005  in event           42
 Added good helicity           14  1.74221578860499340E-005  in event           42
 Added good helicity           15  1.74221592568730329E-005  in event           42
 Iteration  1   Mean: 0.4846E+53 Abs mean: 0.4846E+53   Fluctuation:  0.320E+53   0.308E+56   100.0%
  1    0.4846E+53 0.4846E+53 +- 0.3205E+53     20.91
 Writing out events  5.38444611579789214E+048   20.911182565124676     
 Relative summed weights:
  0.1000E+01  0.0000E+00
 Relative number of events:
  0.1000E+01  0.0000E+00
 Events:
        1000           0
 Iteration  2   Mean: 0.1745E+57 Abs mean: 0.1745E+57   Fluctuation:  0.159E+57   0.316E+60   100.0%
  2    0.1745E+57 0.1745E+57 +- 0.1589E+57     40.72
 Relative summed weights:
  0.1000E+01  0.0000E+00
 Relative number of events:
  0.1000E+01  0.0000E+00
 Events:
        2000           0
 Iteration  3   Mean: 0.4931E+53 Abs mean: 0.4931E+53   Fluctuation:  0.303E+53   0.103E+57   100.0%
  3    0.4931E+53 0.4931E+53 +- 0.3029E+53     38.85
 Relative summed weights:
  0.1000E+01  0.0000E+00
 Relative number of events:
  0.1000E+01  0.0000E+00
 Events:
        4000           0
 Found            5  events.
 Wrote            1  events.
 Actual xsec   3.42972673305323922E+055
 Correct abs xsec   3.42972673305323922E+055
 Event xsec   3.42972673305323922E+055
 Events wgts > 1:            1
 % Cross section > 1:   4.46802442591578541E+048  1.30273481640860192E-005
 Checking number of events   1432.6654509309990                1  chi2:    1210399.8814848780     
 Found            5  events.
 Wrote            1  events.
 Actual xsec   3.42972673305323922E+055
 Correct abs xsec   3.42972673305323922E+055
 Event xsec   3.42972673305323922E+055
 Events wgts > 1:            1
 % Cross section > 1:   4.46802442591578541E+048  1.30273481640860192E-005
 Iteration  4   Mean: 0.1392E+57 Abs mean: 0.1392E+57   Fluctuation:  0.847E+56   0.518E+60   100.0%
  4    0.1392E+57 0.1392E+57 +- 0.8467E+56     54.42
 Relative summed weights:
  0.1000E+01  0.0000E+00
 Relative number of events:
  0.1000E+01  0.0000E+00
 Events:
        8000           0
 Found           40  events.
 Wrote            1  events.
 Actual xsec   8.94462777567082799E+055
 Correct abs xsec   8.94462777567082799E+055
 Event xsec   8.94462777567082799E+055
 Events wgts > 1:            0
 % Cross section > 1:    0.0000000000000000        0.0000000000000000     
 Checking number of events   3736.3499144532184                1  chi2:    4355707.5437424965     
 Found           40  events.
 Wrote            2  events.
 Actual xsec   8.94462777567082799E+055
 Correct abs xsec   8.94462777567082799E+055
 Event xsec   8.94462777567082799E+055
 Events wgts > 1:            0
 % Cross section > 1:    0.0000000000000000        0.0000000000000000     
 Error in matrix element
 Error in matrix element
 Iteration  5   Mean: 0.2346E+56 Abs mean: 0.2346E+56   Fluctuation:  0.199E+56   0.316E+60   100.0%
  5    0.2346E+56 0.2346E+56 +- 0.1986E+56    107.04
 Relative summed weights:
  0.1000E+01  0.0000E+00
 Relative number of events:
  0.1000E+01  0.0000E+00
 Events:
       16000           0
 Found           15  events.
 Wrote            1  events.
 Actual xsec   6.05935298119409276E+055
 Correct abs xsec   6.05935298119409276E+055
 Event xsec   6.05935298119409276E+055
 Events wgts > 1:            1
 % Cross section > 1:   1.25233756566351720E+049  2.06678430774753117E-005
 Checking number of events   2531.1129273043962                1  chi2:    1997832.0019488307     
 Found           15  events.
 Wrote            1  events.
 Actual xsec   6.05935298119409276E+055
 Correct abs xsec   6.05935298119409276E+055
 Event xsec   6.05935298119409276E+055
 Events wgts > 1:            1
 % Cross section > 1:   1.25233756566351720E+049  2.06678430774753117E-005
 Error in matrix element
 Error in matrix element
 Error in matrix element
 Error in matrix element
 Error in matrix element
 Iteration  6   Mean: 0.1224E+57 Abs mean: 0.1224E+57   Fluctuation:  0.759E+56   0.229E+61   100.0%
  6    0.1224E+57 0.1224E+57 +- 0.7593E+56    111.01
 Relative summed weights:
  0.1000E+01  0.0000E+00
 Relative number of events:
  0.1000E+01  0.0000E+00
 Events:
       32000           0
 Found           28  events.
 Wrote            1  events.
 Actual xsec   1.08516348874919569E+056
 Correct abs xsec   1.08516348874919569E+056
 Event xsec   1.08516348874919569E+056
 Events wgts > 1:            1
 % Cross section > 1:   3.41532068885879754E+048  3.14728676763299268E-006
 Checking number of events   4532.9449252031400                1  chi2:    9.2570395814882271     
 Found           28  events.
 Wrote            1  events.
 Actual xsec   1.08516348874919569E+056
 Correct abs xsec   1.08516348874919569E+056
 Event xsec   1.08516348874919569E+056
 Events wgts > 1:            1
 % Cross section > 1:   3.41532068885879754E+048  3.14728676763299268E-006
 Error in matrix element
 Error in matrix element
 Error in matrix element
 Error in matrix element
 Error in matrix element
 Error in matrix element
 Error in matrix element
 Iteration  7   Mean: 0.1110E+57 Abs mean: 0.1110E+57   Fluctuation:  0.317E+56   0.103E+61   100.0%
  7    0.1110E+57 0.1110E+57 +- 0.3165E+56     72.13
 Relative summed weights:
  0.1000E+01  0.0000E+00
 Relative number of events:
  0.1000E+01  0.0000E+00
 Events:
       64000           0
 Found           44  events.
 Wrote            7  events.
 Actual xsec   1.05324712021220064E+056
 Correct abs xsec   1.05324712021220064E+056
 Event xsec   1.05324712021220064E+056
 Events wgts > 1:            0
 % Cross section > 1:    0.0000000000000000        0.0000000000000000     
 Checking number of events   4399.6238705504047                7  chi2:    8.5405761912647975     
 Found           44  events.
 Wrote            5  events.
 Actual xsec   1.05324712021220064E+056
 Correct abs xsec   1.05324712021220064E+056
 Event xsec   1.05324712021220086E+056
 Events wgts > 1:            0
 % Cross section > 1:    0.0000000000000000        0.0000000000000000     
 Error in matrix element
 Error in matrix element
 Error in matrix element
 Error in matrix element
 Error in matrix element
 Error in matrix element
 Error in matrix element
 Error in matrix element
 Error in matrix element
 Iteration  8   Mean: 0.7145E+56 Abs mean: 0.7145E+56   Fluctuation:  0.223E+56   0.229E+61   100.0%
  8    0.7145E+56 0.7145E+56 +- 0.2233E+56    111.83
 Relative summed weights:
  0.1000E+01  0.0000E+00
 Relative number of events:
  0.1000E+01  0.0000E+00
 Events:
      128000           0
 Found           74  events.
 Wrote            7  events.
 Actual xsec   9.60787235271074168E+055
 Correct abs xsec   9.60787235271074168E+055
 Event xsec   9.60787235271074059E+055
 Events wgts > 1:            0
 % Cross section > 1:    0.0000000000000000        0.0000000000000000     
 Checking number of events   4013.4004391743310                7  chi2:   0.77925526355071595     
 Found           74  events.
 Wrote            3  events.
 Actual xsec   9.60787235271074168E+055
 Correct abs xsec   9.60787235271074168E+055
 Event xsec   9.60787235271074277E+055
 Events wgts > 1:            0
 % Cross section > 1:    0.0000000000000000        0.0000000000000000     
 Error in matrix element
 Error in matrix element
 Error in matrix element
 Error in matrix element
 Error in matrix element
 Error in matrix element
 Error in matrix element
 Error in matrix element
 Error in matrix element
 Error in matrix element
 Error in matrix element
 Error in matrix element
 Error in matrix element
 Error in matrix element
 Error in matrix element
 Error in matrix element
 Error in matrix element
 Error in matrix element
 Error in matrix element
 Error in matrix element
 Error in matrix element
 Error in matrix element
 Iteration  9   Mean: 0.1403E+57 Abs mean: 0.1403E+57   Fluctuation:  0.301E+56   0.450E+61   100.0%
  9    0.1403E+57 0.1403E+57 +- 0.3011E+56    108.58
 Relative summed weights:
  0.1000E+01  0.0000E+00
 Relative number of events:
  0.1000E+01  0.0000E+00
 Events:
      256000           0
 Found          174  events.
 Wrote            6  events.
 Actual xsec   1.16232271106314955E+056
 Correct abs xsec   1.16232271106314955E+056
 Event xsec   1.16232271106314955E+056
 Events wgts > 1:            2
 % Cross section > 1:   1.33359972040988339E+048  1.14735753480207808E-006
 Checking number of events   4855.2544286529883                6  chi2:    2.3430242178642651     
 Found          174  events.
 Wrote            5  events.
 Actual xsec   1.16232271106314955E+056
 Correct abs xsec   1.16232271106314955E+056
 Event xsec   1.16232271106314977E+056
 Events wgts > 1:            2
 % Cross section > 1:   1.60031966013624577E+048  1.37682903801515700E-006

 -------------------------------------------------------------------------------
 Accumulated results:   Integral =   +Infinity
                        Std dev  =   +Infinity
                       Cross sec =   +Infinity
             Chi**2 per DoF.     =      1.2375
 -------------------------------------------------------------------------------
-------------------------------------------------
---------------------------
 Results Last   3 iters: Integral =   0.1162E+57
                     Abs integral =   0.1162E+57
                          Std dev =   0.1747E+56
                  Chi**2 per DoF. =      2.3430
-------------------------------------------------
---------------------------
 Status -4.17719999999999991E-053          10           9
 Trying w/ fresh grid
 Starting w/ ncall =         4000
 Keeping grid fixed.
  2 dimensions   4000 events  2 invarients  8 iterations  1 config(s),  (0.99)
 Using h-tuple random number sequence.
 Error opening grid
 Using Uniform Grid!
 Using uniform alpha   1.0000000000000000     
 Grid defined OK
Setting grid   1    0.53290E-04   1
 Iteration  1   Mean: 0.7205E+28 Abs mean: 0.7205E+28   Fluctuation:  0.685E+28   0.274E+32   100.0%
  1    0.7205E+28 0.7205E+28 +- 0.6850E+28     60.13
 Relative summed weights:
  0.1000E+01  0.0000E+00
 Relative number of events:
  0.1000E+01  0.0000E+00
 Events:
        4000           0
 Iteration  2   Mean: 0.2978E+32 Abs mean: 0.2978E+32   Fluctuation:  0.205E+32   0.161E+36   100.0%
  2    0.2978E+32 0.2978E+32 +- 0.2053E+32     61.68
 Relative summed weights:
  0.1000E+01  0.0000E+00
 Relative number of events:
  0.1000E+01  0.0000E+00
 Events:
        8000           0
 Iteration  3   Mean: 0.3534E+38 Abs mean: 0.3534E+38   Fluctuation:  0.207E+38   0.250E+42   100.0%
  3    0.3534E+38 0.3534E+38 +- 0.2071E+38     74.13
 Relative summed weights:
  0.1000E+01  0.0000E+00
 Relative number of events:
  0.1000E+01  0.0000E+00
 Events:
       16000           0
 Found          315  events.
 Wrote            2  events.
 Actual xsec   1.68115756349800648E+037
 Correct abs xsec   1.68115756349800648E+037
 Event xsec   1.68115756349800625E+037
 Events wgts > 1:            1
 % Cross section > 1:   2.40800163277195919E+029  1.43234738079017370E-006
 Checking number of events  7.02253137424387238E-016           2  chi2:   3.01155363048232090E+018
 Found          315  events.
 Wrote            2  events.
 Actual xsec   1.68115756349800648E+037
 Correct abs xsec   1.68115756349800648E+037
 Event xsec   1.68115756349800625E+037
 Events wgts > 1:            1
 % Cross section > 1:   2.40800163277195919E+029  1.43234738079017370E-006
 Iteration  4   Mean: 0.5660E+45 Abs mean: 0.5660E+45   Fluctuation:  0.553E+45   0.177E+50   100.0%
  4    0.5660E+45 0.5660E+45 +- 0.5531E+45    174.82
 Relative summed weights:
  0.1000E+01  0.0000E+00
 Relative number of events:
  0.1000E+01  0.0000E+00
 Events:
       32000           0
 Found          181  events.
 Wrote            1  events.
 Actual xsec   9.77731159030260057E+043
 Correct abs xsec   9.77731159030260057E+043
 Event xsec   9.77731159030260057E+043
 Events wgts > 1:            1
 % Cross section > 1:   5.05463955034362488E+036  5.16976420732765808E-006
 Checking number of events  4.08417859750120258E-009           1  chi2:   1.13359172689311109E+025
 Found          181  events.
 Wrote            1  events.
 Actual xsec   9.77731159030260057E+043
 Correct abs xsec   9.77731159030260057E+043
 Event xsec   9.77731159030260057E+043
 Events wgts > 1:            1
 % Cross section > 1:   5.05463955034362488E+036  5.16976420732765808E-006
 Iteration  5   Mean: 0.2580E+50 Abs mean: 0.2580E+50   Fluctuation:  0.257E+50   0.165E+55   100.0%
  5    0.2580E+50 0.2580E+50 +- 0.2572E+50    252.23
 Relative summed weights:
  0.1000E+01  0.0000E+00
 Relative number of events:
  0.1000E+01  0.0000E+00
 Events:
       64000           0
 Found           63  events.
 Wrote            1  events.
 Actual xsec   5.22796551287051284E+048
 Correct abs xsec   5.22796551287051284E+048
 Event xsec   5.22796551287051284E+048
 Events wgts > 1:            0
 % Cross section > 1:    0.0000000000000000        0.0000000000000000     
 Checking number of events  2.18382575403627046E-004           1  chi2:   3.18526674456348113E+022
 Found           63  events.
 Wrote            1  events.
 Actual xsec   5.22796551287051284E+048
 Correct abs xsec   5.22796551287051284E+048
 Event xsec   5.22796551287051284E+048
 Events wgts > 1:            0
 % Cross section > 1:    0.0000000000000000        0.0000000000000000     
 Fixing grid
 Iteration  6   Mean: 0.1364E+53 Abs mean: 0.1364E+53   Fluctuation:  0.115E+53   0.145E+58   100.0%
  6    0.1364E+53 0.1364E+53 +- 0.1154E+53    302.55
 Relative summed weights:
  0.1000E+01  0.0000E+00
 Relative number of events:
  0.1000E+01  0.0000E+00
 Events:
      128000           0
 Found           94  events.
 Wrote            1  events.
 Actual xsec   5.53567261476889590E+051
 Correct abs xsec   5.53567261476889590E+051
 Event xsec   5.53567261476889590E+051
 Events wgts > 1:            0
 % Cross section > 1:    0.0000000000000000        0.0000000000000000     
 Checking number of events  0.23123611646412631                1  chi2:    50078742167344.469     
 Found           94  events.
 Wrote            1  events.
 Actual xsec   5.53567261476889590E+051
 Correct abs xsec   5.53567261476889590E+051
 Event xsec   5.53567261476889590E+051
 Events wgts > 1:            0
 % Cross section > 1:    0.0000000000000000        0.0000000000000000     
 Iteration  7   Mean: 0.7441E+54 Abs mean: 0.7441E+54   Fluctuation:  0.729E+54   0.187E+60   100.0%
  7    0.7441E+54 0.7441E+54 +- 0.7294E+54    495.99
 Relative summed weights:
  0.1000E+01  0.0000E+00
 Relative number of events:
  0.1000E+01  0.0000E+00
 Events:
      256000           0
 Found           42  events.
 Wrote            1  events.
 Actual xsec   2.30305813435565519E+053
 Correct abs xsec   2.30305813435565519E+053
 Event xsec   2.30305813435565519E+053
 Events wgts > 1:            1
 % Cross section > 1:   3.99634685331652500E+045  1.73523490080488744E-006
 Checking number of events   9.6203344388304419                1  chi2:    40074894.860141963     
 Found           42  events.
 Wrote            1  events.
 Actual xsec   2.30305813435565519E+053
 Correct abs xsec   2.30305813435565519E+053
 Event xsec   2.30305813435565519E+053
 Events wgts > 1:            1
 % Cross section > 1:   3.99634685331652500E+045  1.73523490080488744E-006
 Iteration  8   Mean: 0.2338E+56 Abs mean: 0.2338E+56   Fluctuation:  0.180E+56   0.885E+61   100.0%
  8    0.2338E+56 0.2338E+56 +- 0.1796E+56    549.75
 Relative summed weights:
  0.1000E+01  0.0000E+00
 Relative number of events:
  0.1000E+01  0.0000E+00
 Events:
      512000           0
 Found           30  events.
 Wrote            1  events.
 Actual xsec   1.26252821790348056E+056
 Correct abs xsec   1.26252821790348056E+056
 Event xsec   1.26252821790348056E+056
 Events wgts > 1:            0
 % Cross section > 1:    0.0000000000000000        0.0000000000000000     
 Checking number of events   408.35117315806133                1  chi2:    357953.78488265350     
 Found           30  events.
 Wrote            1  events.
 Actual xsec   1.26252821790348056E+056
 Correct abs xsec   1.26252821790348056E+056
 Event xsec   1.26252821790348056E+056
 Events wgts > 1:            0
 % Cross section > 1:    0.0000000000000000        0.0000000000000000     

 -------------------------------------------------------------------------------
 Accumulated results:   Integral =   +Infinity
                        Std dev  =   +Infinity
                       Cross sec =   +Infinity
             Chi**2 per DoF.     =     10.5246
 -------------------------------------------------------------------------------
-------------------------------------------------
---------------------------
 Results Last   3 iters: Integral =   0.9776E+55
                     Abs integral =   0.9776E+55
                         Std dev =   0.4809E+55
                 Chi**2 per DoF. = 357953.7849
-------------------------------------------------
---------------------------

ls status:
events.lhe
ftn25
ftn26
input_sg.txt
log.txt
moffset.dat
results.dat
run1_app.log
