This file contains any messages produced by compilers while
running configure, to aid debugging if configure makes a mistake.

It was created by HepMC configure 2.01.08, which was
generated by GNU Autoconf 2.59.  Invocation command line was

  $ ./configure 

## --------- ##
## Platform. ##
## --------- ##

hostname = localhost.localdomain
uname -m = x86_64
uname -r = 2.6.32-431.17.1.el6.x86_64
uname -s = Linux
uname -v = #1 SMP Wed May 7 14:14:17 CDT 2014

/usr/bin/uname -p = unknown
/bin/uname -X     = unknown

/bin/arch              = x86_64
/usr/bin/arch -k       = unknown
/usr/convex/getsysinfo = unknown
hostinfo               = unknown
/bin/machine           = unknown
/usr/bin/oslevel       = unknown
/bin/universe          = unknown

PATH: /usr/local/Python/3.3.2/bin
PATH: /usr/local/geant4.10.00.p01/bin
PATH: /usr/local/bin
PATH: /usr/local/firefox
PATH: /usr/lib64/qt4/bin
PATH: /usr/local/valgrind/3.8.1/bin
PATH: /usr/local/jre1.7.0_25_x64/bin
PATH: /usr/local/grace/5.1.23/grace/bin
PATH: /opt/openoffice.org3/program
PATH: /usr/local/sourcenavigator/bin
PATH: /usr/X11R6/bin/
PATH: /bin
PATH: /usr/bin
PATH: /usr/sbin
PATH: /usr/local/Modules/3.2.10/bin
PATH: .
PATH: /home/local1
PATH: ~/geant4/work/bin/Linux-g++
PATH: /usr/local/OpenScientist/16.11.7/bin
PATH: /usr/local/root/5.34.09/bin


## ----------- ##
## Core tests. ##
## ----------- ##

configure:1361: checking build system type
configure:1379: result: x86_64-unknown-linux-gnu
configure:1387: checking host system type
configure:1401: result: x86_64-unknown-linux-gnu
configure:1409: checking target system type
configure:1423: result: x86_64-unknown-linux-gnu
configure:1452: checking for a BSD-compatible install
configure:1507: result: /usr/bin/install -c
configure:1518: checking whether build environment is sane
configure:1561: result: yes
configure:1626: checking for gawk
configure:1642: found /bin/gawk
configure:1652: result: gawk
configure:1662: checking whether make sets $(MAKE)
configure:1682: result: yes
configure:1863: checking for a BSD-compatible install
configure:1918: result: /usr/bin/install -c
configure:1929: checking whether ln -s works
configure:1933: result: yes
configure:1981: checking for ranlib
configure:1997: found /usr/bin/ranlib
configure:2008: result: ranlib
configure:2237: checking for cl
configure:2266: result: no
configure:2237: checking for g++
configure:2253: found /usr/bin/g++
configure:2263: result: g++
configure:2279: checking for C++ compiler version
configure:2282: g++ --version </dev/null >&5
g++ (GCC) 4.4.7 20120313 (Red Hat 4.4.7-4)
Copyright (C) 2010 Free Software Foundation, Inc.
This is free software; see the source for copying conditions.  There is NO
warranty; not even for MERCHANTABILITY or FITNESS FOR A PARTICULAR PURPOSE.

configure:2285: $? = 0
configure:2287: g++ -v </dev/null >&5
Using built-in specs.
Target: x86_64-redhat-linux
Configured with: ../configure --prefix=/usr --mandir=/usr/share/man --infodir=/usr/share/info --with-bugurl=http://bugzilla.redhat.com/bugzilla --enable-bootstrap --enable-shared --enable-threads=posix --enable-checking=release --with-system-zlib --enable-__cxa_atexit --disable-libunwind-exceptions --enable-gnu-unique-object --enable-languages=c,c++,objc,obj-c++,java,fortran,ada --enable-java-awt=gtk --disable-dssi --with-java-home=/usr/lib/jvm/java-1.5.0-gcj-1.5.0.0/jre --enable-libgcj-multifile --enable-java-maintainer-mode --with-ecj-jar=/usr/share/java/eclipse-ecj.jar --disable-libjava-multilib --with-ppl --with-cloog --with-tune=generic --with-arch_32=i686 --build=x86_64-redhat-linux
Thread model: posix
gcc version 4.4.7 20120313 (Red Hat 4.4.7-4) (GCC) 
configure:2290: $? = 0
configure:2292: g++ -V </dev/null >&5
g++: '-V' option must have argument
configure:2295: $? = 1
configure:2318: checking for C++ compiler default output file name
configure:2321: g++    conftest.cc  >&5
configure:2324: $? = 0
configure:2370: result: a.out
configure:2375: checking whether the C++ compiler works
configure:2381: ./a.out
configure:2384: $? = 0
configure:2401: result: yes
configure:2408: checking whether we are cross compiling
configure:2410: result: no
configure:2413: checking for suffix of executables
configure:2415: g++ -o conftest    conftest.cc  >&5
configure:2418: $? = 0
configure:2443: result: 
configure:2449: checking for suffix of object files
configure:2470: g++ -c   conftest.cc >&5
configure:2473: $? = 0
configure:2495: result: o
configure:2499: checking whether we are using the GNU C++ compiler
configure:2523: g++ -c   conftest.cc >&5
configure:2529: $? = 0
configure:2533: test -z 
			 || test ! -s conftest.err
configure:2536: $? = 0
configure:2539: test -s conftest.o
configure:2542: $? = 0
configure:2555: result: yes
configure:2561: checking whether g++ accepts -g
configure:2582: g++ -c -g  conftest.cc >&5
configure:2588: $? = 0
configure:2592: test -z 
			 || test ! -s conftest.err
configure:2595: $? = 0
configure:2598: test -s conftest.o
configure:2601: $? = 0
configure:2612: result: yes
configure:2654: g++ -c -g -O2  conftest.cc >&5
configure:2660: $? = 0
configure:2664: test -z 
			 || test ! -s conftest.err
configure:2667: $? = 0
configure:2670: test -s conftest.o
configure:2673: $? = 0
configure:2699: g++ -c -g -O2  conftest.cc >&5
conftest.cc: In function 'int main()':
conftest.cc:15: error: 'exit' was not declared in this scope
configure:2705: $? = 1
configure: failed program was:
| /* confdefs.h.  */
| 
| #define PACKAGE_NAME "HepMC"
| #define PACKAGE_TARNAME "HepMC"
| #define PACKAGE_VERSION "2.01.08"
| #define PACKAGE_STRING "HepMC 2.01.08"
| #define PACKAGE_BUGREPORT "https://savannah.cern.ch/projects/hepmc/"
| #define PACKAGE "HepMC"
| #define VERSION "2.01.08"
| /* end confdefs.h.  */
| 
| int
| main ()
| {
| exit (42);
|   ;
|   return 0;
| }
configure:2654: g++ -c -g -O2  conftest.cc >&5
conftest.cc:11: error: 'void std::exit(int)' should have been declared inside 'std'
configure:2660: $? = 1
configure: failed program was:
| /* confdefs.h.  */
| 
| #define PACKAGE_NAME "HepMC"
| #define PACKAGE_TARNAME "HepMC"
| #define PACKAGE_VERSION "2.01.08"
| #define PACKAGE_STRING "HepMC 2.01.08"
| #define PACKAGE_BUGREPORT "https://savannah.cern.ch/projects/hepmc/"
| #define PACKAGE "HepMC"
| #define VERSION "2.01.08"
| /* end confdefs.h.  */
| extern "C" void std::exit (int) throw (); using std::exit;
| #include <stdlib.h>
| int
| main ()
| {
| exit (42);
|   ;
|   return 0;
| }
configure:2654: g++ -c -g -O2  conftest.cc >&5
conftest.cc:11: error: 'void std::exit(int)' should have been declared inside 'std'
In file included from conftest.cc:12:
/usr/include/stdlib.h:544: error: declaration of 'void std::exit(int) throw ()' throws different exceptions
conftest.cc:11: error: from previous declaration 'void std::exit(int)'
configure:2660: $? = 1
configure: failed program was:
| /* confdefs.h.  */
| 
| #define PACKAGE_NAME "HepMC"
| #define PACKAGE_TARNAME "HepMC"
| #define PACKAGE_VERSION "2.01.08"
| #define PACKAGE_STRING "HepMC 2.01.08"
| #define PACKAGE_BUGREPORT "https://savannah.cern.ch/projects/hepmc/"
| #define PACKAGE "HepMC"
| #define VERSION "2.01.08"
| /* end confdefs.h.  */
| extern "C" void std::exit (int); using std::exit;
| #include <stdlib.h>
| int
| main ()
| {
| exit (42);
|   ;
|   return 0;
| }
configure:2654: g++ -c -g -O2  conftest.cc >&5
configure:2660: $? = 0
configure:2664: test -z 
			 || test ! -s conftest.err
configure:2667: $? = 0
configure:2670: test -s conftest.o
configure:2673: $? = 0
configure:2699: g++ -c -g -O2  conftest.cc >&5
configure:2705: $? = 0
configure:2709: test -z 
			 || test ! -s conftest.err
configure:2712: $? = 0
configure:2715: test -s conftest.o
configure:2718: $? = 0
configure:2752: checking for style of include used by make
configure:2780: result: GNU
configure:2808: checking dependency style of g++
configure:2898: result: gcc3
configure:2931: checking how to run the C++ preprocessor
configure:2962: g++ -E  conftest.cc
configure:2968: $? = 0
configure:3000: g++ -E  conftest.cc
conftest.cc:14:28: error: ac_nonexistent.h: No such file or directory
configure:3006: $? = 1
configure: failed program was:
| /* confdefs.h.  */
| 
| #define PACKAGE_NAME "HepMC"
| #define PACKAGE_TARNAME "HepMC"
| #define PACKAGE_VERSION "2.01.08"
| #define PACKAGE_STRING "HepMC 2.01.08"
| #define PACKAGE_BUGREPORT "https://savannah.cern.ch/projects/hepmc/"
| #define PACKAGE "HepMC"
| #define VERSION "2.01.08"
| #ifdef __cplusplus
| extern "C" void exit (int) throw ();
| #endif
| /* end confdefs.h.  */
| #include <ac_nonexistent.h>
configure:3045: result: g++ -E
configure:3069: g++ -E  conftest.cc
configure:3075: $? = 0
configure:3107: g++ -E  conftest.cc
conftest.cc:14:28: error: ac_nonexistent.h: No such file or directory
configure:3113: $? = 1
configure: failed program was:
| /* confdefs.h.  */
| 
| #define PACKAGE_NAME "HepMC"
| #define PACKAGE_TARNAME "HepMC"
| #define PACKAGE_VERSION "2.01.08"
| #define PACKAGE_STRING "HepMC 2.01.08"
| #define PACKAGE_BUGREPORT "https://savannah.cern.ch/projects/hepmc/"
| #define PACKAGE "HepMC"
| #define VERSION "2.01.08"
| #ifdef __cplusplus
| extern "C" void exit (int) throw ();
| #endif
| /* end confdefs.h.  */
| #include <ac_nonexistent.h>
configure:3365: checking for egrep
configure:3375: result: grep -E
configure:3380: checking for ANSI C header files
configure:3405: g++ -c -g -O2  conftest.cc >&5
configure:3411: $? = 0
configure:3415: test -z 
			 || test ! -s conftest.err
configure:3418: $? = 0
configure:3421: test -s conftest.o
configure:3424: $? = 0
configure:3513: g++ -o conftest -g -O2   conftest.cc  >&5
configure:3516: $? = 0
configure:3518: ./conftest
configure:3521: $? = 0
configure:3536: result: yes
configure:3560: checking for sys/types.h
configure:3576: g++ -c -g -O2  conftest.cc >&5
configure:3582: $? = 0
configure:3586: test -z 
			 || test ! -s conftest.err
configure:3589: $? = 0
configure:3592: test -s conftest.o
configure:3595: $? = 0
configure:3606: result: yes
configure:3560: checking for sys/stat.h
configure:3576: g++ -c -g -O2  conftest.cc >&5
configure:3582: $? = 0
configure:3586: test -z 
			 || test ! -s conftest.err
configure:3589: $? = 0
configure:3592: test -s conftest.o
configure:3595: $? = 0
configure:3606: result: yes
configure:3560: checking for stdlib.h
configure:3576: g++ -c -g -O2  conftest.cc >&5
configure:3582: $? = 0
configure:3586: test -z 
			 || test ! -s conftest.err
configure:3589: $? = 0
configure:3592: test -s conftest.o
configure:3595: $? = 0
configure:3606: result: yes
configure:3560: checking for string.h
configure:3576: g++ -c -g -O2  conftest.cc >&5
configure:3582: $? = 0
configure:3586: test -z 
			 || test ! -s conftest.err
configure:3589: $? = 0
configure:3592: test -s conftest.o
configure:3595: $? = 0
configure:3606: result: yes
configure:3560: checking for memory.h
configure:3576: g++ -c -g -O2  conftest.cc >&5
configure:3582: $? = 0
configure:3586: test -z 
			 || test ! -s conftest.err
configure:3589: $? = 0
configure:3592: test -s conftest.o
configure:3595: $? = 0
configure:3606: result: yes
configure:3560: checking for strings.h
configure:3576: g++ -c -g -O2  conftest.cc >&5
configure:3582: $? = 0
configure:3586: test -z 
			 || test ! -s conftest.err
configure:3589: $? = 0
configure:3592: test -s conftest.o
configure:3595: $? = 0
configure:3606: result: yes
configure:3560: checking for inttypes.h
configure:3576: g++ -c -g -O2  conftest.cc >&5
configure:3582: $? = 0
configure:3586: test -z 
			 || test ! -s conftest.err
configure:3589: $? = 0
configure:3592: test -s conftest.o
configure:3595: $? = 0
configure:3606: result: yes
configure:3560: checking for stdint.h
configure:3576: g++ -c -g -O2  conftest.cc >&5
configure:3582: $? = 0
configure:3586: test -z 
			 || test ! -s conftest.err
configure:3589: $? = 0
configure:3592: test -s conftest.o
configure:3595: $? = 0
configure:3606: result: yes
configure:3560: checking for unistd.h
configure:3576: g++ -c -g -O2  conftest.cc >&5
configure:3582: $? = 0
configure:3586: test -z 
			 || test ! -s conftest.err
configure:3589: $? = 0
configure:3592: test -s conftest.o
configure:3595: $? = 0
configure:3606: result: yes
configure:3618: checking for ptrdiff_t
configure:3642: g++ -c -g -O2  conftest.cc >&5
configure:3648: $? = 0
configure:3652: test -z 
			 || test ! -s conftest.err
configure:3655: $? = 0
configure:3658: test -s conftest.o
configure:3661: $? = 0
configure:3672: result: yes
configure:3830: creating ./config.status

## ---------------------- ##
## Running config.status. ##
## ---------------------- ##

This file was extended by HepMC config.status 2.01.08, which was
generated by GNU Autoconf 2.59.  Invocation command line was

  CONFIG_FILES    = 
  CONFIG_HEADERS  = 
  CONFIG_LINKS    = 
  CONFIG_COMMANDS = 
  $ ./config.status 

on localhost.localdomain

config.status:739: creating Makefile
config.status:739: creating HepMC/Makefile
config.status:739: creating fio/Makefile
config.status:739: creating src/Makefile
config.status:739: creating doc/Makefile
config.status:739: creating test/Makefile
config.status:739: creating test/testHepMC.cc
config.status:739: creating test/testHepMC.sh
config.status:739: creating test/testMass.cc
config.status:739: creating test/testMass.sh
config.status:739: creating test/testHepMCIteration.cc
config.status:739: creating test/testHepMCIteration.sh
config.status:739: creating test/testPrintBug.sh
config.status:739: creating examples/Makefile
config.status:739: creating examples/GNUmakefile.example
config.status:850: creating HepMC/defs.h
config.status:1138: executing depfiles commands

## ---------------- ##
## Cache variables. ##
## ---------------- ##

ac_cv_build=x86_64-unknown-linux-gnu
ac_cv_build_alias=x86_64-unknown-linux-gnu
ac_cv_cxx_compiler_gnu=yes
ac_cv_env_CPPFLAGS_set=
ac_cv_env_CPPFLAGS_value=
ac_cv_env_CXXCPP_set=
ac_cv_env_CXXCPP_value=
ac_cv_env_CXXFLAGS_set=
ac_cv_env_CXXFLAGS_value=
ac_cv_env_CXX_set=
ac_cv_env_CXX_value=
ac_cv_env_LDFLAGS_set=
ac_cv_env_LDFLAGS_value=
ac_cv_env_build_alias_set=
ac_cv_env_build_alias_value=
ac_cv_env_host_alias_set=
ac_cv_env_host_alias_value=
ac_cv_env_target_alias_set=
ac_cv_env_target_alias_value=
ac_cv_exeext=
ac_cv_header_inttypes_h=yes
ac_cv_header_memory_h=yes
ac_cv_header_stdc=yes
ac_cv_header_stdint_h=yes
ac_cv_header_stdlib_h=yes
ac_cv_header_string_h=yes
ac_cv_header_strings_h=yes
ac_cv_header_sys_stat_h=yes
ac_cv_header_sys_types_h=yes
ac_cv_header_unistd_h=yes
ac_cv_host=x86_64-unknown-linux-gnu
ac_cv_host_alias=x86_64-unknown-linux-gnu
ac_cv_objext=o
ac_cv_path_install='/usr/bin/install -c'
ac_cv_prog_AWK=gawk
ac_cv_prog_CXXCPP='g++ -E'
ac_cv_prog_ac_ct_CXX=g++
ac_cv_prog_ac_ct_RANLIB=ranlib
ac_cv_prog_cxx_g=yes
ac_cv_prog_egrep='grep -E'
ac_cv_prog_make_make_set=yes
ac_cv_target=x86_64-unknown-linux-gnu
ac_cv_target_alias=x86_64-unknown-linux-gnu
ac_cv_type_ptrdiff_t=yes
am_cv_CXX_dependencies_compiler_type=gcc3

## ----------------- ##
## Output variables. ##
## ----------------- ##

ACLOCAL='${SHELL} /home/local1/project/Dark-Photons/HepMCOld/missing --run aclocal-1.9'
AMDEPBACKSLASH='\'
AMDEP_FALSE='#'
AMDEP_TRUE=''
AMTAR='${SHELL} /home/local1/project/Dark-Photons/HepMCOld/missing --run tar'
AM_CXXFLAGS='-O -ansi -pedantic -Wall -D_GNU_SOURCE'
AM_LDFLAGS=''
AR='ar'
ARFLAGS='cru'
AUTOCONF='${SHELL} /home/local1/project/Dark-Photons/HepMCOld/missing --run autoconf'
AUTOHEADER='${SHELL} /home/local1/project/Dark-Photons/HepMCOld/missing --run autoheader'
AUTOMAKE='${SHELL} /home/local1/project/Dark-Photons/HepMCOld/missing --run automake-1.9'
AWK='gawk'
BUILD_SHARED_FALSE='#'
BUILD_SHARED_TRUE=''
BUILD_STATIC_FALSE='#'
BUILD_STATIC_TRUE=''
BUILD_VISUAL_FALSE=''
BUILD_VISUAL_TRUE='#'
CLHEPdir=' '
COPY_P='cp -p'
CPPFLAGS=''
CXX='g++'
CXXCPP='g++ -E'
CXXDEPMODE='depmode=gcc3'
CXXFLAGS='-g -O2'
CYGPATH_W='echo'
DEFS='-DHAVE_CONFIG_H'
DEPDIR='.deps'
DIFF_Q='diff -q -b'
ECHO_C=''
ECHO_N='-n'
ECHO_T=''
EGREP='grep -E'
EXEEXT=''
GENSERdir=' '
INSTALL_DATA='${INSTALL} -m 644'
INSTALL_PROGRAM='${INSTALL}'
INSTALL_SCRIPT='${INSTALL}'
INSTALL_STRIP_PROGRAM='${SHELL} $(install_sh) -c -s'
LDFLAGS=''
LIBOBJS=''
LIBS=''
LN_S='ln -s'
LTLIBOBJS=''
MAKEINFO='${SHELL} /home/local1/project/Dark-Photons/HepMCOld/missing --run makeinfo'
MY_LD='-Wl,--rpath -Wl,'
MY_SHFLAGS='-fPIC -DPIC'
MY_SHLINK='-shared'
MY_SHNAME='-Wl,-soname,'
OBJEXT='o'
PACKAGE='HepMC'
PACKAGE_BUGREPORT='https://savannah.cern.ch/projects/hepmc/'
PACKAGE_NAME='HepMC'
PACKAGE_STRING='HepMC 2.01.08'
PACKAGE_TARNAME='HepMC'
PACKAGE_VERSION='2.01.08'
PATH_SEPARATOR=':'
RANLIB='ranlib'
SET_MAKE=''
SHELL='/bin/sh'
SHEXT='so'
STRIP=''
USE_GMAKE_FALSE=''
USE_GMAKE_TRUE='#'
VERSION='2.01.08'
ac_ct_CXX='g++'
ac_ct_RANLIB='ranlib'
ac_ct_STRIP=''
am__fastdepCXX_FALSE='#'
am__fastdepCXX_TRUE=''
am__include='include'
am__leading_dot='.'
am__quote=''
am__tar='${AMTAR} chof - "$$tardir"'
am__untar='${AMTAR} xf -'
bindir='${exec_prefix}/bin'
build='x86_64-unknown-linux-gnu'
build_alias=''
build_cpu='x86_64'
build_os='linux-gnu'
build_vendor='unknown'
datadir='${prefix}/share'
exec_prefix='${prefix}'
host='x86_64-unknown-linux-gnu'
host_alias=''
host_cpu='x86_64'
host_os='linux-gnu'
host_vendor='unknown'
includedir='${prefix}/include'
infodir='${prefix}/info'
install_sh='/home/local1/project/Dark-Photons/HepMCOld/install-sh'
libdir='${exec_prefix}/lib'
libexecdir='${exec_prefix}/libexec'
localstatedir='${prefix}/var'
mandir='${prefix}/man'
mkdir_p='mkdir -p --'
oldincludedir='/usr/include'
prefix='/usr/local'
program_transform_name='s,x,x,'
sbindir='${exec_prefix}/sbin'
sharedstatedir='${prefix}/com'
sysconfdir='${prefix}/etc'
target='x86_64-unknown-linux-gnu'
target_alias=''
target_cpu='x86_64'
target_os='linux-gnu'
target_vendor='unknown'

## ----------- ##
## confdefs.h. ##
## ----------- ##

#define HAVE_INTTYPES_H 1
#define HAVE_MEMORY_H 1
#define HAVE_PTRDIFF_T 1
#define HAVE_STDINT_H 1
#define HAVE_STDLIB_H 1
#define HAVE_STRINGS_H 1
#define HAVE_STRING_H 1
#define HAVE_SYS_STAT_H 1
#define HAVE_SYS_TYPES_H 1
#define HAVE_UNISTD_H 1
#define PACKAGE "HepMC"
#define PACKAGE_BUGREPORT "https://savannah.cern.ch/projects/hepmc/"
#define PACKAGE_NAME "HepMC"
#define PACKAGE_STRING "HepMC 2.01.08"
#define PACKAGE_TARNAME "HepMC"
#define PACKAGE_VERSION "2.01.08"
#define STDC_HEADERS 1
#define VERSION "2.01.08"
#endif
#ifdef __cplusplus
extern "C" void exit (int) throw ();

configure: exit 0

## ---------------------- ##
## Running config.status. ##
## ---------------------- ##

This file was extended by HepMC config.status 2.01.08, which was
generated by GNU Autoconf 2.59.  Invocation command line was

  CONFIG_FILES    = 
  CONFIG_HEADERS  = 
  CONFIG_LINKS    = 
  CONFIG_COMMANDS = 
  $ ./config.status HepMC/defs.h

on localhost.localdomain

config.status:850: creating HepMC/defs.h
