 Process in group number            1
 No PDF is used, alpha_s(MZ) from param_card is used
 Value of alpha_s from param_card:   0.11800000071525575     
 The default order of alpha_s running is fixed to            2
 *****************************************************
 *               MadGraph/MadEvent                   *
 *        --------------------------------           *
 *          http://madgraph.hep.uiuc.edu             *
 *          http://madgraph.phys.ucl.ac.be           *
 *          http://madgraph.roma2.infn.it            *
 *        --------------------------------           *
 *                                                   *
 *          PARAMETER AND COUPLING VALUES            *
 *                                                   *
 *****************************************************

  External Params
  ---------------------------------
  
 mdl_MB =    4.6999998092651367     
 mdl_MT =    173.00000000000000     
 mdl_Me =   5.10999991092830896E-004
 mdl_MM =   0.10565999895334244     
 mdl_MTA =    1.7769999504089355     
 mdl_MZ =    91.188003540039063     
 mdl_MH =    125.00000000000000     
 aEWM1 =    132.50700378417969     
 mdl_Gf =   1.16639000000000003E-005
 aS =   0.11800000071525575     
 mdl_ymb =    4.6999998092651367     
 mdl_ymt =    173.00000000000000     
 mdl_yme =   5.10999991092830896E-004
 mdl_ymm =   0.10565999895334244     
 mdl_ymtau =    1.7769999504089355     
 mdl_WT =    1.4915000200271606     
 mdl_WTau =   2.26999999999999982E-012
 mdl_WZ =    2.4414041042327881     
 mdl_WW =    2.0476000308990479     
 mdl_WH =   6.38233916833996773E-003
  Internal Params
  ---------------------------------
  
 mdl_conjg__CKM3x3 =    1.0000000000000000     
 mdl_CKM3x3 =    1.0000000000000000     
 mdl_conjg__CKM1x1 =    1.0000000000000000     
 mdl_complexi =  (  0.0000000000000000     ,  1.0000000000000000     )
 mdl_MZ__exp__2 =    8315.2519896181766     
 mdl_MZ__exp__4 =    69143415.650849044     
 mdl_sqrt__2 =    1.4142135623730951     
 mdl_MH__exp__2 =    15625.000000000000     
 mdl_aEW =   7.54677089845565054E-003
 mdl_MW =    80.419007276179556     
 mdl_sqrt__aEW =   8.68721526063194194E-002
 mdl_ee =   0.30795376284704501     
 mdl_MW__exp__2 =    6467.2167312862202     
 mdl_sw2 =   0.22224645274001076     
 mdl_cw =   0.88190336616887299     
 mdl_sqrt__sw2 =   0.47143022043565552     
 mdl_sw =   0.47143022043565552     
 mdl_g1 =   0.34919218438279087     
 mdl_gw =   0.65323296958447097     
 mdl_vev =    246.21845810181631     
 mdl_vev__exp__2 =    60623.529110035874     
 mdl_lam =   0.12886910601690271     
 mdl_yb =   2.69955531549349904E-002
 mdl_ye =   2.93504850670934038E-006
 mdl_ym =   6.06883028478528356E-004
 mdl_yt =   0.99366614581500645     
 mdl_ytau =   1.02066167158167895E-002
 mdl_muH =    88.388347648318444     
 mdl_I1x33 =  ( 2.69955531549349904E-002,  0.0000000000000000     )
 mdl_I2x33 =  ( 0.99366614581500645     ,  0.0000000000000000     )
 mdl_I3x33 =  ( 0.99366614581500645     ,  0.0000000000000000     )
 mdl_I4x33 =  ( 2.69955531549349904E-002,  0.0000000000000000     )
 mdl_ee__exp__2 =   9.48355200516540348E-002
 mdl_sw__exp__2 =   0.22224645274001076     
 mdl_cw__exp__2 =   0.77775354725998924     
  Internal Params evaluated point by point
  ----------------------------------------
  
 mdl_sqrt__aS =   0.34351128178744839     
 mdl_G__exp__2 =    1.4828317414825511     
  Couplings of sm-lepton_masses
  ---------------------------------
  
         GC_3 =  -0.00000E+00  -0.30795E+00

 Collider parameters:
 --------------------

 Running at e e   machine @   4.00000000000000008E-003  GeV
 PDF set = none   
 alpha_s(Mz)= 0.1180 running at 2 loops.
 alpha_s(Mz)= 0.1180 running at 2 loops.
 Renormalization scale fixed @    91.188000000000002     
 Factorization scales  fixed @    91.188000000000002        91.188000000000002     


 getting user params
Enter number of events and max and min iterations: 
 Number of events and iterations         2000           9           3
Enter desired fractional accuracy: 
 Desired fractional accuracy:  -6.34919999999999971E-007
Enter 0 for fixed, 2 for adjustable grid: 
Suppress amplitude (0 no, 1 yes)? 
 Using suppressed amplitude.
Exact helicity sum (0 yes, n = number/event)? 
 Explicitly summing over helicities
Enter Configuration Number: 
Running Configuration Number:    1
 Not subdividing B.W.
 Attempting mappinvarients           1           4
 Completed mapping           4
 about to integrate            2        2000           9           3           2           1
 Using non-zero grid deformation.
  2 dimensions   2000 events  2 invarients  9 iterations  1 config(s),  (0.99)
 Using h-tuple random number sequence.
 Error opening grid
 Using Uniform Grid!
 Using uniform alpha   1.0000000000000000     
 Grid defined OK
 Set CM energy to          0.00
 Mapping Graph           1  to config           1
 Warning: No cutoff for shat integral found
          Minimum set to    62500.000000000000     
Setting grid   1    0.62500E+05   1
 Masses: 0.511E-03 0.511E-03 0.000E+00 0.000E+00
   1   1   2
 Got moffset           1
Using random seed offsets     1 :      1
  with seed                   99
 Ranmar initialization seeds        2160       12634
  Particle       3       4
      Et >     0.0     0.0
       E >    -1.0    -1.0
     Eta <    -1.0    -1.0
   xqcut:      0.0     0.0
d R # 3  >    -0.0    -1.0
s min # 3>     0.0     0.0
xqcutij # 3>     0.0     0.0
 alpha_s for scale    91.188000000000002       is   0.11800000071525575     
 Added good helicity            1  0.92061369615379196       in event            1
 Added good helicity            2  0.17516167053953810       in event            1
 Added good helicity            3  0.17516167053953816       in event            1
 Added good helicity            4  2.62175570329078143E-004  in event            1
 Added good helicity            6   1.3347484015317179       in event            1
 Added good helicity            7   5.3940523856650833       in event            1
 Added good helicity           10   5.3940523856650833       in event            1
 Added good helicity           11   1.3347484015317179       in event            1
 Added good helicity           13  2.62175570329078143E-004  in event            1
 Added good helicity           14  0.17516167053953816       in event            1
 Added good helicity           15  0.17516167053953810       in event            1
 Added good helicity           16  0.92061369615379196       in event            1
 Iteration  1   Mean: 0.4070E+11 Abs mean: 0.4070E+11   Fluctuation:  0.201E+10   0.534E+12   100.0%
  1    0.4070E+11 0.4070E+11 +- 0.2007E+10      2.21
 Writing out events   2261213.6921011033        2.2057281986979396     
 Relative summed weights:
  0.5257E+00  0.0000E+00
  0.4743E+00  0.0000E+00
 Relative number of events:
  0.4860E+00  0.0000E+00
  0.5140E+00  0.0000E+00
 Events:
         972           0
        1028           0
 Iteration  2   Mean: 0.3226E+11 Abs mean: 0.3226E+11   Fluctuation:  0.134E+10   0.858E+12   100.0%
  2    0.3226E+11 0.3226E+11 +- 0.1344E+10      2.63
 Relative summed weights:
  0.4599E+00  0.0000E+00
  0.5401E+00  0.0000E+00
 Relative number of events:
  0.5080E+00  0.0000E+00
  0.4920E+00  0.0000E+00
 Events:
        2032           0
        1968           0
 Iteration  3   Mean: 0.3821E+11 Abs mean: 0.3821E+11   Fluctuation:  0.109E+10   0.129E+13   100.0%
  3    0.3821E+11 0.3821E+11 +- 0.1086E+10      2.54
 Relative summed weights:
  0.5186E+00  0.0000E+00
  0.4814E+00  0.0000E+00
 Relative number of events:
  0.4963E+00  0.0000E+00
  0.5038E+00  0.0000E+00
 Events:
        3970           0
        4030           0
 Found          785  events.
 Wrote          275  events.
 Actual xsec    37130589832.952370     
 Correct abs xsec    37130589832.952370     
 Event xsec    37130589832.952255     
 Events wgts > 1:           32
 % Cross section > 1:    340371526.51653230       0.91668763692642186     
 Checking number of events   23574.954096738118              275  chi2:    8.6487355741951060     
 Found          785  events.
 Wrote          277  events.
 Actual xsec    37130589832.952370     
 Correct abs xsec    37130589832.952370     
 Event xsec    37130589832.952133     
 Events wgts > 1:           32
 % Cross section > 1:    337936337.30431652       0.91012919219615929     
 Iteration  4   Mean: 0.3952E+11 Abs mean: 0.3952E+11   Fluctuation:  0.404E+09   0.408E+12   100.0%
  4    0.3952E+11 0.3952E+11 +- 0.4036E+09      1.29
 Relative summed weights:
  0.5047E+00  0.0000E+00
  0.4953E+00  0.0000E+00
 Relative number of events:
  0.5068E+00  0.0000E+00
  0.4932E+00  0.0000E+00
 Events:
        8109           0
        7891           0
 Found         1662  events.
 Wrote         1657  events.
 Actual xsec    39013172407.717690     
 Correct abs xsec    39013172407.717690     
 Event xsec    39013172407.718178     
 Events wgts > 1:           14
 % Cross section > 1:    13036377.998631682       3.34153240920562200E-002
 Checking number of events   24770.243425108114             1657  chi2:    13.699203623356032     
 Found         1662  events.
 Wrote         1657  events.
 Actual xsec    39013172407.717690     
 Correct abs xsec    39013172407.717690     
 Event xsec    39013172407.718178     
 Events wgts > 1:           14
 % Cross section > 1:    13036377.998631682       3.34153240920562200E-002
 Iteration  5   Mean: 0.3905E+11 Abs mean: 0.3905E+11   Fluctuation:  0.152E+09   0.166E+12   100.0%
  5    0.3905E+11 0.3905E+11 +- 0.1516E+09      0.69
 Relative summed weights:
  0.5029E+00  0.0000E+00
  0.4971E+00  0.0000E+00
 Relative number of events:
  0.5024E+00  0.0000E+00
  0.4976E+00  0.0000E+00
 Events:
       16077           0
       15923           0
 Found         3124  events.
 Wrote         3120  events.
 Actual xsec    39099453641.693275     
 Correct abs xsec    39099453641.693275     
 Event xsec    39099453641.692459     
 Events wgts > 1:            0
 % Cross section > 1:    0.0000000000000000        0.0000000000000000     
 Checking number of events   24825.025106183894             3120  chi2:   0.92701620642757554     
 Found         3124  events.
 Wrote         3120  events.
 Actual xsec    39099453641.693275     
 Correct abs xsec    39099453641.693275     
 Event xsec    39099453641.692459     
 Events wgts > 1:            0
 % Cross section > 1:    0.0000000000000000        0.0000000000000000     
 Iteration  6   Mean: 0.3917E+11 Abs mean: 0.3917E+11   Fluctuation:  0.677E+08   0.102E+12   100.0%
  6    0.3917E+11 0.3917E+11 +- 0.6775E+08      0.44
 Relative summed weights:
  0.4996E+00  0.0000E+00
  0.5004E+00  0.0000E+00
 Relative number of events:
  0.4985E+00  0.0000E+00
  0.5015E+00  0.0000E+00
 Events:
       31906           0
       32094           0
 Found         6369  events.
 Wrote         6365  events.
 Actual xsec    39160580029.361801     
 Correct abs xsec    39160580029.361801     
 Event xsec    39160580029.365883     
 Events wgts > 1:            0
 % Cross section > 1:    0.0000000000000000        0.0000000000000000     
 Checking number of events   24863.835472242394             6365  chi2:   0.65761741653622940     
 Found         6369  events.
 Wrote         6365  events.
 Actual xsec    39160580029.361801     
 Correct abs xsec    39160580029.361801     
 Event xsec    39160580029.365883     
 Events wgts > 1:            0
 % Cross section > 1:    0.0000000000000000        0.0000000000000000     
 Iteration  7   Mean: 0.3917E+11 Abs mean: 0.3917E+11   Fluctuation:  0.326E+08   0.741E+11   100.0%
  7    0.3917E+11 0.3917E+11 +- 0.3264E+08      0.30
 Relative summed weights:
  0.4992E+00  0.0000E+00
  0.5008E+00  0.0000E+00
 Relative number of events:
  0.4997E+00  0.0000E+00
  0.5003E+00  0.0000E+00
 Events:
       63956           0
       64044           0
 Found        12909  events.
 Wrote        12904  events.
 Actual xsec    39166570228.150597     
 Correct abs xsec    39166570228.150597     
 Event xsec    39166570228.144119     
 Events wgts > 1:            0
 % Cross section > 1:    0.0000000000000000        0.0000000000000000     
 Checking number of events   24867.638769257377            12904  chi2:   0.28148645424700491     
 Found        12909  events.
 Wrote        12904  events.
 Actual xsec    39166570228.150597     
 Correct abs xsec    39166570228.150597     
 Event xsec    39166570228.144119     
 Events wgts > 1:            0
 % Cross section > 1:    0.0000000000000000        0.0000000000000000     
 Iteration  8   Mean: 0.3920E+11 Abs mean: 0.3920E+11   Fluctuation:  0.161E+08   0.608E+11   100.0%
  8    0.3920E+11 0.3920E+11 +- 0.1608E+08      0.21
 Relative summed weights:
  0.5008E+00  0.0000E+00
  0.4992E+00  0.0000E+00
 Relative number of events:
  0.5009E+00  0.0000E+00
  0.4991E+00  0.0000E+00
 Events:
      128218           0
      127782           0
 Found        25553  events.
 Wrote        25548  events.
 Actual xsec    39189472405.985138     
 Correct abs xsec    39189472405.985138     
 Event xsec    39189472405.990906     
 Events wgts > 1:            0
 % Cross section > 1:    0.0000000000000000        0.0000000000000000     
 Checking number of events   24882.179820008081            25548  chi2:   0.26316778231805604     

 -------------------------------------------------------------------------------
 Accumulated results:   Integral =  0.3919E+11
                        Std dev  =  0.1403E+08
                       Cross sec =  0.3057E+01
             Chi**2 per DoF.     =
-------------------------------------------------
---------------------------
 Results Last   3 iters: Integral =   0.3919E+11
                     Abs integral =   0.3919E+11
                          Std dev =   0.1411E+08
                  Chi**2 per DoF. =      0.2632
-------------------------------------------------
---------------------------
 Status -6.34919999999999971E-007           9           9
 We found enough events       25548   24882.179820008081     

ls status:
events.lhe
ftn25
ftn26
input_sg.txt
moffset.dat
results.dat
run_01_ftn26.gz
run_01_log.txt
run_01_results.dat
run_02_ftn26.gz
run_02_log.txt
run_02_results.dat
run_03_ftn26.gz
run_03_log.txt
run_03_results.dat
run_04_ftn26.gz
run_04_log.txt
run_04_results.dat
run_05_ftn26.gz
run_05_log.txt
run_05_results.dat
run_06_ftn26.gz
run_06_log.txt
run_06_results.dat
run_07_ftn26.gz
run_07_log.txt
run_07_results.dat
run_08_ftn26.gz
run_08_log.txt
run_08_results.dat
run1_app.log
