 Process in group number            0
 No PDF is used, alpha_s(MZ) from param_card is used
 Value of alpha_s from param_card:   0.11800000071525575     
 The default order of alpha_s running is fixed to            2
<<<<<<< HEAD
=======
 Warning: pt or E min of a gamma should in general be >0
>>>>>>> 911b5ec345c81b054214c521136984e9d6306827
 *****************************************************
 *               MadGraph/MadEvent                   *
 *        --------------------------------           *
 *          http://madgraph.hep.uiuc.edu             *
 *          http://madgraph.phys.ucl.ac.be           *
 *          http://madgraph.roma2.infn.it            *
 *        --------------------------------           *
 *                                                   *
 *          PARAMETER AND COUPLING VALUES            *
 *                                                   *
 *****************************************************

  External Params
  ---------------------------------
  
 aEWM1 =    132.50700378417969     
 mdl_Gf =   1.16639000000000003E-005
 aS =   0.11800000071525575     
 mdl_ymb =    4.6999998092651367     
 mdl_ymt =    173.00000000000000     
 mdl_yme =   5.10999991092830896E-004
 mdl_ymm =   0.10565999895334244     
 mdl_ymtau =    1.7769999504089355     
 mdl_MZ =    91.188003540039063     
 mdl_MT =    173.00000000000000     
 mdl_MB =    4.6999998092651367     
 mdl_MH =    125.00000000000000     
 mdl_Me =   5.10999991092830896E-004
 mdl_MM =   0.10565999895334244     
 mdl_MTA =    1.7769999504089355     
 mdl_WZ =    2.4414041042327881     
 mdl_WW =    2.0476000308990479     
 mdl_WT =    1.4915000200271606     
 mdl_WH =   6.38233916833996773E-003
 mdl_WTau =   2.26999999999999982E-012
  Internal Params
  ---------------------------------
  
 mdl_conjg__CKM3x3 =    1.0000000000000000     
 mdl_CKM3x3 =    1.0000000000000000     
 mdl_conjg__CKM1x1 =    1.0000000000000000     
 mdl_complexi =  (  0.0000000000000000     ,  1.0000000000000000     )
 mdl_MZ__exp__2 =    8315.2519896181766     
 mdl_MZ__exp__4 =    69143415.650849044     
 mdl_sqrt__2 =    1.4142135623730951     
 mdl_MH__exp__2 =    15625.000000000000     
 mdl_aEW =   7.54677089845565054E-003
 mdl_MW =    80.419007276179556     
 mdl_sqrt__aEW =   8.68721526063194194E-002
 mdl_ee =   0.30795376284704501     
 mdl_MW__exp__2 =    6467.2167312862202     
 mdl_sw2 =   0.22224645274001076     
 mdl_cw =   0.88190336616887299     
 mdl_sqrt__sw2 =   0.47143022043565552     
 mdl_sw =   0.47143022043565552     
 mdl_g1 =   0.34919218438279087     
 mdl_gw =   0.65323296958447097     
 mdl_vev =    246.21845810181631     
 mdl_vev__exp__2 =    60623.529110035874     
 mdl_lam =   0.12886910601690271     
 mdl_yb =   2.69955531549349904E-002
 mdl_ye =   2.93504850670934038E-006
 mdl_ym =   6.06883028478528356E-004
 mdl_yt =   0.99366614581500645     
 mdl_ytau =   1.02066167158167895E-002
 mdl_muH =    88.388347648318444     
 mdl_I1x33 =  ( 2.69955531549349904E-002,  0.0000000000000000     )
 mdl_I2x33 =  ( 0.99366614581500645     ,  0.0000000000000000     )
 mdl_I3x33 =  ( 0.99366614581500645     ,  0.0000000000000000     )
 mdl_I4x33 =  ( 2.69955531549349904E-002,  0.0000000000000000     )
 mdl_ee__exp__2 =   9.48355200516540348E-002
 mdl_sw__exp__2 =   0.22224645274001076     
 mdl_cw__exp__2 =   0.77775354725998924     
  Internal Params evaluated point by point
  ----------------------------------------
  
 mdl_sqrt__aS =   0.34351128178744839     
 mdl_G__exp__2 =    1.4828317414825511     
  Couplings of sm-lepton_masses
  ---------------------------------
  
         GC_3 =  -0.00000E+00  -0.30795E+00
        GC_50 =  -0.00000E+00  -0.28804E+00
        GC_59 =   0.00000E+00   0.82310E-01
        GC_89 =  -0.00000E+00  -0.20754E-05

 Collider parameters:
 --------------------

<<<<<<< HEAD
 Running at e e   machine @   7.14879999999999960E-002  GeV
=======
 Running at e e   machine @   7.00000000000000067E-002  GeV
>>>>>>> 911b5ec345c81b054214c521136984e9d6306827
 PDF set = none   
 alpha_s(Mz)= 0.1180 running at 2 loops.
 alpha_s(Mz)= 0.1180 running at 2 loops.
 Renormalization scale fixed @    91.188000000000002     
 Factorization scales  fixed @    91.188000000000002        91.188000000000002     


 getting user params
Enter number of events and max and min iterations: 
 Number of events and iterations         2000           9           3
Enter desired fractional accuracy: 
<<<<<<< HEAD
 Desired fractional accuracy:  -5.74259999999999987E-006
=======
 Desired fractional accuracy:  -6.26620000000000013E-037
>>>>>>> 911b5ec345c81b054214c521136984e9d6306827
Enter 0 for fixed, 2 for adjustable grid: 
Suppress amplitude (0 no, 1 yes)? 
 Using suppressed amplitude.
Exact helicity sum (0 yes, n = number/event)? 
 Explicitly summing over helicities
Enter Configuration Number: 
Running Configuration Number:   16
 Not subdividing B.W.
 Attempting mappinvarients           1           5
 Completed mapping           5
 about to integrate            5        2000           9           3           5           1
<<<<<<< HEAD
 Using non-zero grid deformation.
  5 dimensions   2000 events  5 invarients  9 iterations  1 config(s),  (0.99)
 Using h-tuple random number sequence.
 Error opening grid
 Using Uniform Grid!
 Using uniform alpha   1.0000000000000000     
 Grid defined OK
 Set CM energy to          0.07
 Mapping Graph          16  to config          16
Setting grid   1    0.51095E-04   1
Setting grid   2    0.51095E-04   1
=======
 Keeping grid fixed.
  5 dimensions   2000 events  5 invarients  9 iterations  1 config(s),  (0.99)
 Using h-tuple random number sequence.
 Grid read from file
 Grid defined OK
 Set CM energy to          0.07
 Mapping Graph          16  to config          16
 No modification is setgrid, grid read from file
 No modification is setgrid, grid read from file
>>>>>>> 911b5ec345c81b054214c521136984e9d6306827
 Masses: 0.511E-03 0.511E-03 0.000E+00 0.511E-03 0.511E-03
  16   1   2   3   4   5
 Got moffset          10
Using random seed offsets    16 :      1
<<<<<<< HEAD
  with seed                   87
 Ranmar initialization seeds       17628       10953
=======
  with seed                   30
 Ranmar initialization seeds        8307       10894
>>>>>>> 911b5ec345c81b054214c521136984e9d6306827
  Particle       3       4       5
      Et >     0.0     0.0     0.0
       E >     0.0     0.0     0.0
     Eta <    -1.0    -1.0    -1.0
   xqcut:      0.0     0.0     0.0
d R # 3  >    -0.0     0.0     0.0
<<<<<<< HEAD
d R # 4  >    -0.0    -0.0     0.0
=======
d R # 4  >    -0.0    -0.0     0.4
>>>>>>> 911b5ec345c81b054214c521136984e9d6306827
s min # 3>     0.0     0.0     0.0
s min # 4>     0.0     0.0     0.0
xqcutij # 3>     0.0     0.0     0.0
xqcutij # 4>     0.0     0.0     0.0
 alpha_s for scale    91.188000000000002       is   0.11800000071525575     
<<<<<<< HEAD
 Added good helicity            1   5.6081595799546236       in event            1
 Added good helicity            2   2.4237451201922475       in event            1
 Added good helicity            5  4.93190974807372964E-003  in event            1
 Added good helicity            6  4.82317668191845994E-005  in event            1
 Added good helicity            9  4.82805869289561798E-005  in event            1
 Added good helicity           10  4.93682644763761887E-003  in event            1
 Added good helicity           13   2.4748382331074517       in event            1
 Added good helicity           14   5.4832917687754819       in event            1
 Added good helicity           19   5.4832917688753842       in event            1
 Added good helicity           20   2.4748382330397964       in event            1
 Added good helicity           23  4.93682644772979514E-003  in event            1
 Added good helicity           24  4.82805869298569146E-005  in event            1
 Added good helicity           27  4.82317668191958141E-005  in event            1
 Added good helicity           28  4.93190974807370015E-003  in event            1
 Added good helicity           31   2.4237451202988622       in event            1
 Added good helicity           32   5.6081595799632611       in event            1
 Added good helicity            3  4.76428012424805589E-006  in event            3
 Added good helicity            7  2.27191631792435436E-006  in event            3
 Added good helicity           12  1.37722854046295084E-006  in event            3
 Added good helicity           15  2.69246120293817086E-006  in event            3
 Added good helicity           16  4.75685526300758959E-006  in event            3
 Added good helicity           17  4.75685530367559973E-006  in event            3
 Added good helicity           18  2.69246120789816202E-006  in event            3
 Added good helicity           21  1.37722856365951434E-006  in event            3
 Added good helicity           26  2.27191629769548345E-006  in event            3
 Added good helicity           30  4.76428008342570195E-006  in event            3
 Added good helicity           11  3.70522400275995591E-004  in event            5
 Added good helicity           22  3.70522399376835559E-004  in event            5
 Added good helicity            4  3.56274903042165976E-006  in event           24
 Added good helicity           29  3.56275096398361839E-006  in event           24
 Iteration  1   Mean: 0.2487E+10 Abs mean: 0.2487E+10   Fluctuation:  0.184E+09   0.144E+12    83.2%
  1    0.2487E+10 0.2487E+10 +- 0.1842E+09      3.31
 Writing out events   166134.69904125080        3.3117445026400807     
=======
 Added good helicity            1   4.0108028315562541       in event            1
 Added good helicity            5   3.9891970694279828       in event            1
 Added good helicity           10   3.9891970693933763       in event            1
 Added good helicity           14   4.0108028315236188       in event            1
 Added good helicity           19   4.0108028315236188       in event            1
 Added good helicity           23   3.9891970693933771       in event            1
 Added good helicity           28   3.9891970694279824       in event            1
 Added good helicity           32   4.0108028315562541       in event            1
 Added good helicity            2  5.89852218067086140E-002  in event            2
 Added good helicity           13  5.89852218064525619E-002  in event            2
 Added good helicity           20  5.89852218064525896E-002  in event            2
 Added good helicity           31  5.89852218067085862E-002  in event            2
 Iteration  1   Mean: 0.2284E+33 Abs mean: 0.2284E+33   Fluctuation:  0.216E+33   0.431E+36    99.2%
  1    0.2284E+33 0.2284E+33 +- 0.2156E+33     42.21
 Writing out events  1.27901783835798159E+028   42.213145556814311     
>>>>>>> 911b5ec345c81b054214c521136984e9d6306827
 Relative summed weights:
  0.1000E+01  0.0000E+00
 Relative number of events:
  0.1000E+01  0.0000E+00
 Events:
        2000           0
<<<<<<< HEAD
 Iteration  2   Mean: 0.2416E+10 Abs mean: 0.2416E+10   Fluctuation:  0.681E+08   0.502E+11    85.4%
  2    0.2416E+10 0.2416E+10 +- 0.6811E+08      1.78
=======
 Iteration  2   Mean: 0.1802E+33 Abs mean: 0.1802E+33   Fluctuation:  0.139E+33   0.552E+36    99.1%
  2    0.1802E+33 0.1802E+33 +- 0.1390E+33     48.78
>>>>>>> 911b5ec345c81b054214c521136984e9d6306827
 Relative summed weights:
  0.1000E+01  0.0000E+00
 Relative number of events:
  0.1000E+01  0.0000E+00
 Events:
        4000           0
<<<<<<< HEAD
 Iteration  3   Mean: 0.2475E+10 Abs mean: 0.2475E+10   Fluctuation:  0.367E+08   0.292E+11    81.2%
  3    0.2475E+10 0.2475E+10 +- 0.3670E+08      1.33
=======
 Iteration  3   Mean: 0.1875E+35 Abs mean: 0.1875E+35   Fluctuation:  0.187E+35   0.150E+39    99.2%
  3    0.1875E+35 0.1875E+35 +- 0.1873E+35     89.31
>>>>>>> 911b5ec345c81b054214c521136984e9d6306827
 Relative summed weights:
  0.1000E+01  0.0000E+00
 Relative number of events:
  0.1000E+01  0.0000E+00
 Events:
        8000           0
<<<<<<< HEAD
 Found         1009  events.
 Wrote         1004  events.
 Actual xsec    2462912580.5577712     
 Correct abs xsec    2462912580.5577712     
 Event xsec    2462912580.5578165     
 Events wgts > 1:            7
 % Cross section > 1:    2332607.7572231316       9.47093199992842388E-002
 Checking number of events   14143.521785111057             1004  chi2:   0.30539622442776293     
 Found         1009  events.
 Wrote         1004  events.
 Actual xsec    2462912580.5577712     
 Correct abs xsec    2462912580.5577712     
 Event xsec    2462912580.5578165     
 Events wgts > 1:            7
 % Cross section > 1:    2332607.7572231316       9.47093199992842388E-002
 Iteration  4   Mean: 0.2420E+10 Abs mean: 0.2420E+10   Fluctuation:  0.226E+08   0.456E+11    77.1%
  4    0.2420E+10 0.2420E+10 +- 0.2263E+08      1.18
=======
 Found           50  events.
 Wrote            1  events.
 Actual xsec   5.08855333994854367E+033
 Correct abs xsec   5.08855333994854367E+033
 Event xsec   5.08855333994854367E+033
 Events wgts > 1:            1
 % Cross section > 1:   1.01526012900026427E+026  1.99518421282880891E-006
 Checking number of events  3.18858929387855639E-003           1  chi2:    877.87301905305162     
 Found           50  events.
 Wrote            1  events.
 Actual xsec   5.08855333994854367E+033
 Correct abs xsec   5.08855333994854367E+033
 Event xsec   5.08855333994854367E+033
 Events wgts > 1:            1
 % Cross section > 1:   1.01526012900026427E+026  1.99518421282880891E-006
 Iteration  4   Mean: 0.2536E+35 Abs mean: 0.2536E+35   Fluctuation:  0.231E+35   0.369E+39    99.2%
  4    0.2536E+35 0.2536E+35 +- 0.2312E+35    115.33
>>>>>>> 911b5ec345c81b054214c521136984e9d6306827
 Relative summed weights:
  0.1000E+01  0.0000E+00
 Relative number of events:
  0.1000E+01  0.0000E+00
 Events:
       16000           0
<<<<<<< HEAD
 Found         2019  events.
 Wrote         2015  events.
 Actual xsec    2433987237.6163664     
 Correct abs xsec    2433987237.6163664     
 Event xsec    2433987237.6163397     
 Events wgts > 1:            7
 % Cross section > 1:    3979550.6284515420       0.16349923972275254     
 Checking number of events   13977.415110735745             2015  chi2:   0.86306365466759682     
 Found         2019  events.
 Wrote         2015  events.
 Actual xsec    2433987237.6163664     
 Correct abs xsec    2433987237.6163664     
 Event xsec    2433987237.6163397     
 Events wgts > 1:            7
 % Cross section > 1:    3979550.6284515420       0.16349923972275254     
 Iteration  5   Mean: 0.2415E+10 Abs mean: 0.2415E+10   Fluctuation:  0.151E+08   0.469E+11    73.8%
  5    0.2415E+10 0.2415E+10 +- 0.1509E+08      1.12
=======
 Found           17  events.
 Wrote            1  events.
 Actual xsec   1.27638183828460520E+034
 Correct abs xsec   1.27638183828460520E+034
 Event xsec   1.27638183828460520E+034
 Events wgts > 1:            1
 % Cross section > 1:   1.62998007645444695E+027  1.27703170600191285E-005
 Checking number of events  7.99806387505899372E-003           1  chi2:    4098.2068685541126     
 Found           17  events.
 Wrote            1  events.
 Actual xsec   1.27638183828460520E+034
 Correct abs xsec   1.27638183828460520E+034
 Event xsec   1.27638183828460520E+034
 Events wgts > 1:            1
 % Cross section > 1:   1.62998007645444695E+027  1.27703170600191285E-005
 Iteration  5   Mean: 0.7275E+33 Abs mean: 0.7275E+33   Fluctuation:  0.390E+33   0.111E+38    99.1%
  5    0.7275E+33 0.7275E+33 +- 0.3904E+33     95.99
>>>>>>> 911b5ec345c81b054214c521136984e9d6306827
 Relative summed weights:
  0.1000E+01  0.0000E+00
 Relative number of events:
  0.1000E+01  0.0000E+00
 Events:
       32000           0
<<<<<<< HEAD
 Found         4333  events.
 Wrote         4329  events.
 Actual xsec    2422751970.6462584     
 Correct abs xsec    2422751970.6462584     
 Event xsec    2422751970.6464920     
 Events wgts > 1:           13
 % Cross section > 1:    3465614.5719673042       0.14304454661293839     
 Checking number of events   13912.895466633203             4329  chi2:    1.1626835757814518     
 Found         4333  events.
 Wrote         4329  events.
 Actual xsec    2422751970.6462584     
 Correct abs xsec    2422751970.6462584     
 Event xsec    2422751970.6464920     
 Events wgts > 1:           13
 % Cross section > 1:    3465614.5719673042       0.14304454661293839     
 Iteration  6   Mean: 0.2404E+10 Abs mean: 0.2404E+10   Fluctuation:  0.105E+08   0.565E+11    71.1%
  6    0.2404E+10 0.2404E+10 +- 0.1045E+08      1.10
=======
 Found           26  events.
 Wrote            3  events.
 Actual xsec   9.12792758383338392E+033
 Correct abs xsec   9.12792758383338392E+033
 Event xsec   9.12792758383338277E+033
 Events wgts > 1:            0
 % Cross section > 1:    0.0000000000000000        0.0000000000000000     
 Checking number of events  5.71974198258167529E-003           3  chi2:    231.91349479319047     
 Found           26  events.
 Wrote            1  events.
 Actual xsec   9.12792758383338392E+033
 Correct abs xsec   9.12792758383338392E+033
 Event xsec   9.12792758383338277E+033
 Events wgts > 1:            0
 % Cross section > 1:    0.0000000000000000        0.0000000000000000     
 Iteration  6   Mean: 0.1909E+34 Abs mean: 0.1909E+34   Fluctuation:  0.912E+33   0.458E+38    99.2%
  6    0.1909E+34 0.1909E+34 +- 0.9117E+33    120.84
>>>>>>> 911b5ec345c81b054214c521136984e9d6306827
 Relative summed weights:
  0.1000E+01  0.0000E+00
 Relative number of events:
  0.1000E+01  0.0000E+00
 Events:
       64000           0
<<<<<<< HEAD
 Found         8923  events.
 Wrote         8918  events.
 Actual xsec    2408974784.8439283     
 Correct abs xsec    2408974784.8439283     
 Event xsec    2408974784.8441405     
 Events wgts > 1:           44
 % Cross section > 1:    4886309.0183841521       0.20283769880556443     
 Checking number of events   13833.778599444742             8918  chi2:   0.30893181188732299     
 Found         8923  events.
 Wrote         8918  events.
 Actual xsec    2408974784.8439283     
 Correct abs xsec    2408974784.8439283     
 Event xsec    2408974784.8441405     
 Events wgts > 1:           44
 % Cross section > 1:    4886309.0183841521       0.20283769880556443     
 Iteration  7   Mean: 0.2407E+10 Abs mean: 0.2407E+10   Fluctuation:  0.746E+07   0.695E+11    69.0%
  7    0.2407E+10 0.2407E+10 +- 0.7459E+07      1.11
=======
 Found          219  events.
 Wrote            2  events.
 Actual xsec   4.56915219999199971E+033
 Correct abs xsec   4.56915219999199971E+033
 Event xsec   4.56915219999199971E+033
 Events wgts > 1:            1
 % Cross section > 1:   1.94787880996266460E+025  4.26310773794332154E-007
 Checking number of events  2.86312215155898678E-003           2  chi2:    53.085050251684841     
 Found          219  events.
 Wrote            2  events.
 Actual xsec   4.56915219999199971E+033
 Correct abs xsec   4.56915219999199971E+033
 Event xsec   4.56915219999199971E+033
 Events wgts > 1:            1
 % Cross section > 1:   1.94787880996266460E+025  4.26310773794332154E-007
 Iteration  7   Mean: 0.1136E+35 Abs mean: 0.1136E+35   Fluctuation:  0.977E+34   0.125E+40    99.2%
  7    0.1136E+35 0.1136E+35 +- 0.9767E+34    307.59
>>>>>>> 911b5ec345c81b054214c521136984e9d6306827
 Relative summed weights:
  0.1000E+01  0.0000E+00
 Relative number of events:
  0.1000E+01  0.0000E+00
 Events:
      128000           0
<<<<<<< HEAD
 Found        18591  events.
 Wrote        18587  events.
 Actual xsec    2407352508.3300185     
 Correct abs xsec    2407352508.3300185     
 Event xsec    2407352508.3300076     
 Events wgts > 1:          143
 % Cross section > 1:    9052109.5673532076       0.37601927993639372     
 Checking number of events   13824.462514335964            18587  chi2:   0.18026010248803853     

 -------------------------------------------------------------------------------
 Accumulated results:   Integral =  0.2410E+10
                        Std dev  =  0.5387E+07
                       Cross sec =  0.7118E+00
             Chi**2 per DoF.     =
-------------------------------------------------
---------------------------
 Results Last   3 iters: Integral =   0.2407E+10
                     Abs integral =   0.2407E+10
                          Std dev =   0.5633E+07
                  Chi**2 per DoF. =      0.1803
-------------------------------------------------
---------------------------
 Status -5.74259999999999987E-006           8           9
 We found enough events       18587   13824.462514335964     
=======
 Found          268  events.
 Wrote            1  events.
 Actual xsec   2.85171040660068259E+033
 Correct abs xsec   2.85171040660068259E+033
 Event xsec   2.85171040660068259E+033
 Events wgts > 1:            1
 % Cross section > 1:   1.10360009910051837E+024  3.86995852224714558E-008
 Checking number of events  1.78693877498411970E-003           1  chi2:    15.719577704732044     
 Found          268  events.
 Wrote            2  events.
 Actual xsec   2.85171040660068259E+033
 Correct abs xsec   2.85171040660068259E+033
 Event xsec   2.85171040660068259E+033
 Events wgts > 1:            1
 % Cross section > 1:   5.51800337780635335E+023  1.93498027185164508E-008
 Iteration  8   Mean: 0.2741E+36 Abs mean: 0.2741E+36   Fluctuation:  0.184E+36   0.379E+41    99.2%
  8    0.2741E+36 0.2741E+36 +- 0.1840E+36    339.55
 Relative summed weights:
  0.1000E+01  0.0000E+00
 Relative number of events:
  0.1000E+01  0.0000E+00
 Events:
      256000           0
 Found          205  events.
 Wrote            2  events.
 Actual xsec   7.94810166710737543E+034
 Correct abs xsec   7.94810166710737543E+034
 Event xsec   7.94810166710737543E+034
 Events wgts > 1:            1
 % Cross section > 1:   7.16502650256759296E+026  9.01476453455486032E-007
 Checking number of events  4.98043946664282339E-002           2  chi2:    3644.7412195734482     
 Found          205  events.
 Wrote            2  events.
 Actual xsec   7.94810166710737543E+034
 Correct abs xsec   7.94810166710737543E+034
 Event xsec   7.94810166710737543E+034
 Events wgts > 1:            1
 % Cross section > 1:   7.16502650256759296E+026  9.01476453455486032E-007
 Iteration  9   Mean: 0.2501E+35 Abs mean: 0.2501E+35   Fluctuation:  0.116E+35   0.449E+40    99.2%
  9    0.2501E+35 0.2501E+35 +- 0.1158E+35    331.28
 Relative summed weights:
  0.1000E+01  0.0000E+00
 Relative number of events:
  0.1000E+01  0.0000E+00
 Events:
      512000           0
 Found           99  events.
 Wrote            2  events.
 Actual xsec   8.99074728284587160E+034
 Correct abs xsec   8.99074728284587160E+034
 Event xsec   8.99074728284587160E+034
 Events wgts > 1:            0
 % Cross section > 1:    0.0000000000000000        0.0000000000000000     
 Checking number of events  5.63378206237688042E-002           2  chi2:    48.543661280855332     
 Found           99  events.
 Wrote            3  events.
 Actual xsec   8.99074728284587160E+034
 Correct abs xsec   8.99074728284587160E+034
 Event xsec   8.99074728284587160E+034
 Events wgts > 1:            0
 % Cross section > 1:    0.0000000000000000        0.0000000000000000     

 -------------------------------------------------------------------------------
 Accumulated results:   Integral =  0.3798E+35
                        Std dev  =  0.8267E+34
                       Cross sec =  0.3798E+35
             Chi**2 per DoF.     =     12.1892
 -------------------------------------------------------------------------------
-------------------------------------------------
---------------------------
 Results Last   3 iters: Integral =   0.8991E+35
                     Abs integral =   0.8991E+35
                          Std dev =   0.3132E+35
                  Chi**2 per DoF. =     48.5437
-------------------------------------------------
---------------------------
 Status -6.26620000000000013E-037          10           9
 Trying w/ fresh grid
 Starting w/ ncall =         8000
 Keeping grid fixed.
  5 dimensions   8000 events  5 invarients  8 iterations  1 config(s),  (0.99)
 Using h-tuple random number sequence.
 Error opening grid
 Using Uniform Grid!
 Using uniform alpha   1.0000000000000000     
 Grid defined OK
Setting grid   1    0.53290E-04   1
Setting grid   2    0.53290E-04   1
 Iteration  1   Mean: 0.4347E+27 Abs mean: 0.4347E+27   Fluctuation:  0.278E+27   0.194E+31    98.1%
  1    0.4347E+27 0.4347E+27 +- 0.2779E+27     57.18
 Relative summed weights:
  0.1000E+01  0.0000E+00
 Relative number of events:
  0.1000E+01  0.0000E+00
 Events:
        8000           0
 Iteration  2   Mean: 0.6812E+32 Abs mean: 0.6812E+32   Fluctuation:  0.393E+32   0.452E+36    97.6%
  2    0.6812E+32 0.6812E+32 +- 0.3928E+32     72.95
 Relative summed weights:
  0.1000E+01  0.0000E+00
 Relative number of events:
  0.1000E+01  0.0000E+00
 Events:
       16000           0
 Iteration  3   Mean: 0.1360E+32 Abs mean: 0.1360E+32   Fluctuation:  0.104E+32   0.329E+36    99.4%
  3    0.1360E+32 0.1360E+32 +- 0.1044E+32    137.29
 Relative summed weights:
  0.1000E+01  0.0000E+00
 Relative number of events:
  0.1000E+01  0.0000E+00
 Events:
       32000           0
 Found           21  events.
 Wrote            1  events.
 Actual xsec   3.18672060511860658E+031
 Correct abs xsec   3.18672060511860658E+031
 Event xsec   3.18672060511860658E+031
 Events wgts > 1:            0
 % Cross section > 1:    0.0000000000000000        0.0000000000000000     
 Checking number of events  1.99686286557942128E-005           1  chi2:    6576165720.9944992     
 Found           21  events.
 Wrote            2  events.
 Actual xsec   3.18672060511860658E+031
 Correct abs xsec   3.18672060511860658E+031
 Event xsec   3.18672060511860658E+031
 Events wgts > 1:            0
 % Cross section > 1:    0.0000000000000000        0.0000000000000000     
 Iteration  4   Mean: 0.4045E+33 Abs mean: 0.4045E+33   Fluctuation:  0.273E+33   0.171E+38    99.0%
  4    0.4045E+33 0.4045E+33 +- 0.2726E+33    170.50
 Relative summed weights:
  0.1000E+01  0.0000E+00
 Relative number of events:
  0.1000E+01  0.0000E+00
 Events:
       64000           0
 Found          106  events.
 Wrote            1  events.
 Actual xsec   1.61955671763145972E+032
 Correct abs xsec   1.61955671763145972E+032
 Event xsec   1.61955671763145954E+032
 Events wgts > 1:            1
 % Cross section > 1:   4.92258536418410069E+025  3.03946463288003630E-005
 Checking number of events  1.01484663040222531E-004           1  chi2:    104.23441944448936     
 Found          106  events.
 Wrote            1  events.
 Actual xsec   1.61955671763145972E+032
 Correct abs xsec   1.61955671763145972E+032
 Event xsec   1.61955671763145954E+032
 Events wgts > 1:            1
 % Cross section > 1:   4.92258536418410069E+025  3.03946463288003630E-005
 Iteration  5   Mean: 0.3521E+35 Abs mean: 0.3521E+35   Fluctuation:  0.208E+35   0.243E+40    99.4%
  5    0.3521E+35 0.3521E+35 +- 0.2083E+35    211.62
 Relative summed weights:
  0.1000E+01  0.0000E+00
 Relative number of events:
  0.1000E+01  0.0000E+00
 Events:
      128000           0
 Found          159  events.
 Wrote            2  events.
 Actual xsec   1.50272488441357034E+034
 Correct abs xsec   1.50272488441357034E+034
 Event xsec   1.50272488441357034E+034
 Events wgts > 1:            1
 % Cross section > 1:   5.65664152004085402E+026  3.76425623792629582E-006
 Checking number of events  9.41637467071231547E-003           2  chi2:    1035711.8867320241     
 Found          159  events.
 Wrote            2  events.
 Actual xsec   1.50272488441357034E+034
 Correct abs xsec   1.50272488441357034E+034
 Event xsec   1.50272488441357034E+034
 Events wgts > 1:            1
 % Cross section > 1:   5.65664152004085402E+026  3.76425623792629582E-006
 Fixing grid
 Iteration  6   Mean: 0.6727E+35 Abs mean: 0.6727E+35   Fluctuation:  0.451E+35   0.114E+41    99.0%
  6    0.6727E+35 0.6727E+35 +- 0.4509E+35    339.15
 Relative summed weights:
  0.1000E+01  0.0000E+00
 Relative number of events:
  0.1000E+01  0.0000E+00
 Events:
      256000           0
 Found          209  events.
 Wrote            2  events.
 Actual xsec   3.44850474966139540E+034
 Correct abs xsec   3.44850474966139540E+034
 Event xsec   3.44850474966139494E+034
 Events wgts > 1:            1
 % Cross section > 1:   8.64615300807777240E+026  2.50721794972929335E-006
 Checking number of events  2.16090204623282378E-002           2  chi2:    7814.3966096040722     
 Found          209  events.
 Wrote            1  events.
 Actual xsec   3.44850474966139540E+034
 Correct abs xsec   3.44850474966139540E+034
 Event xsec   3.44850474966139540E+034
 Events wgts > 1:            1
 % Cross section > 1:   1.72923056011038031E+027  5.01443577910157036E-006
 Iteration  7   Mean: 0.2622E+37 Abs mean: 0.2622E+37   Fluctuation:  0.256E+37   0.131E+43    99.0%
  7    0.2622E+37 0.2622E+37 +- 0.2558E+37    698.32
 Relative summed weights:
  0.1000E+01  0.0000E+00
 Relative number of events:
  0.1000E+01  0.0000E+00
 Events:
      512000           0
 Found          368  events.
 Wrote            1  events.
 Actual xsec   4.89556005377873739E+035
 Correct abs xsec   4.89556005377873739E+035
 Event xsec   4.89556005377873739E+035
 Events wgts > 1:            1
 % Cross section > 1:   5.20359179420056826E+028  1.06292063360229249E-005
 Checking number of events  0.30676558408988325                1  chi2:    282.18162440238854     
 Found          368  events.
 Wrote            1  events.
 Actual xsec   4.89556005377873739E+035
 Correct abs xsec   4.89556005377873739E+035
 Event xsec   4.89556005377873739E+035
 Events wgts > 1:            1
 % Cross section > 1:   5.20359179420056826E+028  1.06292063360229249E-005
 Iteration  8   Mean: 0.1266E+37 Abs mean: 0.1266E+37   Fluctuation:  0.617E+36   0.469E+42    99.0%
  8    0.1266E+37 0.1266E+37 +- 0.6166E+36    492.81
 Relative summed weights:
  0.1000E+01  0.0000E+00
 Relative number of events:
  0.1000E+01  0.0000E+00
 Events:
     1024000           0
 Found          206  events.
 Wrote            3  events.
 Actual xsec   8.26376562851655267E+035
 Correct abs xsec   8.26376562851655267E+035
 Event xsec   8.26376562851655120E+035
 Events wgts > 1:            1
 % Cross section > 1:   5.45560271147591899E+028  6.60183620485285596E-006
 Checking number of events  0.68920839012711732                3  chi2:    262.44206534750560     
 Found          206  events.
 Wrote            2  events.
 Actual xsec   8.26376562851655267E+035
 Correct abs xsec   8.26376562851655267E+035
 Event xsec   8.26376562851655267E+035
 Events wgts > 1:            1
 % Cross section > 1:   8.18340379789141501E+028  9.90275398137160957E-006

 -------------------------------------------------------------------------------
 Accumulated results:   Integral =  0.4234E+36
                        Std dev  =  0.9538E+35
                       Cross sec =  0.4234E+36
             Chi**2 per DoF.     =      8.3332
 -------------------------------------------------------------------------------
-------------------------------------------------
---------------------------
 Results Last   3 iters: Integral =   0.1100E+37
                     Abs integral =   0.1100E+37
                         Std dev =   0.4018E+36
                 Chi**2 per DoF. =    262.4421
-------------------------------------------------
---------------------------
>>>>>>> 911b5ec345c81b054214c521136984e9d6306827

ls status:
events.lhe
ftn25
ftn26
input_sg.txt
<<<<<<< HEAD
moffset.dat
results.dat
run_01_ftn26.gz
run_01_log.txt
run_01_results.dat
run_02_ftn26.gz
run_02_log.txt
run_02_results.dat
run_03_ftn26.gz
run_03_log.txt
run_03_results.dat
=======
log.txt
moffset.dat
results.dat
>>>>>>> 911b5ec345c81b054214c521136984e9d6306827
run1_app.log
