 Process in group number            0
 No PDF is used, alpha_s(MZ) from param_card is used
 Value of alpha_s from param_card:   0.11800000071525575     
 The default order of alpha_s running is fixed to            2
<<<<<<< HEAD
=======
 Warning: pt or E min of a gamma should in general be >0
>>>>>>> 911b5ec345c81b054214c521136984e9d6306827
 *****************************************************
 *               MadGraph/MadEvent                   *
 *        --------------------------------           *
 *          http://madgraph.hep.uiuc.edu             *
 *          http://madgraph.phys.ucl.ac.be           *
 *          http://madgraph.roma2.infn.it            *
 *        --------------------------------           *
 *                                                   *
 *          PARAMETER AND COUPLING VALUES            *
 *                                                   *
 *****************************************************

  External Params
  ---------------------------------
  
 aEWM1 =    132.50700378417969     
 mdl_Gf =   1.16639000000000003E-005
 aS =   0.11800000071525575     
 mdl_ymb =    4.6999998092651367     
 mdl_ymt =    173.00000000000000     
 mdl_yme =   5.10999991092830896E-004
 mdl_ymm =   0.10565999895334244     
 mdl_ymtau =    1.7769999504089355     
 mdl_MZ =    91.188003540039063     
 mdl_MT =    173.00000000000000     
 mdl_MB =    4.6999998092651367     
 mdl_MH =    125.00000000000000     
 mdl_Me =   5.10999991092830896E-004
 mdl_MM =   0.10565999895334244     
 mdl_MTA =    1.7769999504089355     
 mdl_WZ =    2.4414041042327881     
 mdl_WW =    2.0476000308990479     
 mdl_WT =    1.4915000200271606     
 mdl_WH =   6.38233916833996773E-003
 mdl_WTau =   2.26999999999999982E-012
  Internal Params
  ---------------------------------
  
 mdl_conjg__CKM3x3 =    1.0000000000000000     
 mdl_CKM3x3 =    1.0000000000000000     
 mdl_conjg__CKM1x1 =    1.0000000000000000     
 mdl_complexi =  (  0.0000000000000000     ,  1.0000000000000000     )
 mdl_MZ__exp__2 =    8315.2519896181766     
 mdl_MZ__exp__4 =    69143415.650849044     
 mdl_sqrt__2 =    1.4142135623730951     
 mdl_MH__exp__2 =    15625.000000000000     
 mdl_aEW =   7.54677089845565054E-003
 mdl_MW =    80.419007276179556     
 mdl_sqrt__aEW =   8.68721526063194194E-002
 mdl_ee =   0.30795376284704501     
 mdl_MW__exp__2 =    6467.2167312862202     
 mdl_sw2 =   0.22224645274001076     
 mdl_cw =   0.88190336616887299     
 mdl_sqrt__sw2 =   0.47143022043565552     
 mdl_sw =   0.47143022043565552     
 mdl_g1 =   0.34919218438279087     
 mdl_gw =   0.65323296958447097     
 mdl_vev =    246.21845810181631     
 mdl_vev__exp__2 =    60623.529110035874     
 mdl_lam =   0.12886910601690271     
 mdl_yb =   2.69955531549349904E-002
 mdl_ye =   2.93504850670934038E-006
 mdl_ym =   6.06883028478528356E-004
 mdl_yt =   0.99366614581500645     
 mdl_ytau =   1.02066167158167895E-002
 mdl_muH =    88.388347648318444     
 mdl_I1x33 =  ( 2.69955531549349904E-002,  0.0000000000000000     )
 mdl_I2x33 =  ( 0.99366614581500645     ,  0.0000000000000000     )
 mdl_I3x33 =  ( 0.99366614581500645     ,  0.0000000000000000     )
 mdl_I4x33 =  ( 2.69955531549349904E-002,  0.0000000000000000     )
 mdl_ee__exp__2 =   9.48355200516540348E-002
 mdl_sw__exp__2 =   0.22224645274001076     
 mdl_cw__exp__2 =   0.77775354725998924     
  Internal Params evaluated point by point
  ----------------------------------------
  
 mdl_sqrt__aS =   0.34351128178744839     
 mdl_G__exp__2 =    1.4828317414825511     
  Couplings of sm-lepton_masses
  ---------------------------------
  
         GC_3 =  -0.00000E+00  -0.30795E+00
        GC_50 =  -0.00000E+00  -0.28804E+00
        GC_59 =   0.00000E+00   0.82310E-01
        GC_89 =  -0.00000E+00  -0.20754E-05

 Collider parameters:
 --------------------

<<<<<<< HEAD
 Running at e e   machine @   7.14879999999999960E-002  GeV
=======
 Running at e e   machine @   7.00000000000000067E-002  GeV
>>>>>>> 911b5ec345c81b054214c521136984e9d6306827
 PDF set = none   
 alpha_s(Mz)= 0.1180 running at 2 loops.
 alpha_s(Mz)= 0.1180 running at 2 loops.
 Renormalization scale fixed @    91.188000000000002     
 Factorization scales  fixed @    91.188000000000002        91.188000000000002     


 getting user params
Enter number of events and max and min iterations: 
 Number of events and iterations         1000           5           3
Enter desired fractional accuracy: 
 Desired fractional accuracy:   0.10000000000000001     
Enter 0 for fixed, 2 for adjustable grid: 
Suppress amplitude (0 no, 1 yes)? 
 Using suppressed amplitude.
Exact helicity sum (0 yes, n = number/event)? 
 Explicitly summing over helicities
Enter Configuration Number: 
Running Configuration Number:   18
 Not subdividing B.W.
 Attempting mappinvarients           1           5
 Completed mapping           5
 about to integrate            5        1000           5           3           5           1
 Using non-zero grid deformation.
  5 dimensions   1000 events  5 invarients  5 iterations  1 config(s),  (0.99)
 Using h-tuple random number sequence.
 Error opening grid
 Using Uniform Grid!
 Using uniform alpha   1.0000000000000000     
 Grid defined OK
 Set CM energy to          0.07
 Mapping Graph          18  to config          18
<<<<<<< HEAD
Setting grid   1    0.51095E-04   1
Setting grid   2    0.51095E-04   1
 Masses: 0.511E-03 0.511E-03 0.000E+00 0.511E-03 0.511E-03
  18   1   2   3   4   5
Using random seed offsets    18 :      1
  with seed                   84
 Ranmar initialization seeds       13973        9461
=======
Setting grid   1    0.53290E-04   1
Setting grid   2    0.53290E-04   1
 Masses: 0.511E-03 0.511E-03 0.000E+00 0.511E-03 0.511E-03
  18   1   2   3   4   5
Using random seed offsets    18 :      1
  with seed                   24
 Ranmar initialization seeds       31076        9398
>>>>>>> 911b5ec345c81b054214c521136984e9d6306827
  Particle       3       4       5
      Et >     0.0     0.0     0.0
       E >     0.0     0.0     0.0
     Eta <    -1.0    -1.0    -1.0
   xqcut:      0.0     0.0     0.0
d R # 3  >    -0.0     0.0     0.0
<<<<<<< HEAD
d R # 4  >    -0.0    -0.0     0.0
=======
d R # 4  >    -0.0    -0.0     0.4
>>>>>>> 911b5ec345c81b054214c521136984e9d6306827
s min # 3>     0.0     0.0     0.0
s min # 4>     0.0     0.0     0.0
xqcutij # 3>     0.0     0.0     0.0
xqcutij # 4>     0.0     0.0     0.0
 alpha_s for scale    91.188000000000002       is   0.11800000071525575     
<<<<<<< HEAD
 Added good helicity            1   5.6362802935760579       in event            1
 Added good helicity            2  4.68010841262253077E-002  in event            1
 Added good helicity            3  1.65544544548779495E-005  in event            1
 Added good helicity            5   3.9296864211140909       in event            1
 Added good helicity            6  1.61774769412160787E-005  in event            1
 Added good helicity            7  1.16416933349077114E-005  in event            1
 Added good helicity            9  1.62906794376108840E-005  in event            1
 Added good helicity           10   2.6180002950981227       in event            1
 Added good helicity           11  5.10509267144428893E-004  in event            1
 Added good helicity           12  2.99520032179672039E-005  in event            1
 Added good helicity           13  3.11161815428110562E-002  in event            1
 Added good helicity           14   3.7371698704823739       in event            1
 Added good helicity           15  3.27835453949745748E-004  in event            1
 Added good helicity           16  1.65952491965749551E-005  in event            1
 Added good helicity           17  1.65952499935778945E-005  in event            1
 Added good helicity           18  3.27835453633607194E-004  in event            1
 Added good helicity           19   3.7371700308730520       in event            1
 Added good helicity           20  3.11161828847442944E-002  in event            1
 Added good helicity           21  2.99520041005187905E-005  in event            1
 Added good helicity           22  5.10509267143090446E-004  in event            1
 Added good helicity           23   2.6180004074534393       in event            1
 Added good helicity           24  1.62906802215795957E-005  in event            1
 Added good helicity           26  1.16416927826896654E-005  in event            1
 Added good helicity           27  1.61774777280650176E-005  in event            1
 Added good helicity           28   3.9296864210791034       in event            1
 Added good helicity           30  1.65544536584573248E-005  in event            1
 Added good helicity           31  4.68010841571541783E-002  in event            1
 Added good helicity           32   5.6362802935763963       in event            1
 Added good helicity            4  1.44186920930604605E-006  in event            4
 Added good helicity           29  1.44186911046750912E-006  in event            4
 Iteration  1   Mean: 0.9126E-07 Abs mean: 0.9126E-07   Fluctuation:  0.160E-07   0.904E-05    83.8%
  1    0.9126E-07 0.9126E-07 +- 0.1599E-07      5.54
 Writing out events  2.17934748917894206E-011   5.5418626418676160     
=======
 Added good helicity            1   5.3478486449284519       in event            1
 Added good helicity            2  2.06858060900900337E-003  in event            1
 Added good helicity            3  1.78206842567040444E-005  in event            1
 Added good helicity            5   5.0007174224455673       in event            1
 Added good helicity            6  1.77570027685143500E-005  in event            1
 Added good helicity            7  1.66944258716067273E-005  in event            1
 Added good helicity            9  1.77838314423682004E-005  in event            1
 Added good helicity           10   2.7286773520314811       in event            1
 Added good helicity           11  2.09517683621038633E-003  in event            1
 Added good helicity           12  2.36914251792703423E-005  in event            1
 Added good helicity           13  1.19345756444310357E-003  in event            1
 Added good helicity           14   2.9153455521309777       in event            1
 Added good helicity           15  1.94204073094617654E-003  in event            1
 Added good helicity           16  1.78296366118115976E-005  in event            1
 Added good helicity           17  1.78296379327283656E-005  in event            1
 Added good helicity           18  1.94204073066451990E-003  in event            1
 Added good helicity           19   2.9153457328441488       in event            1
 Added good helicity           20  1.19345764004439941E-003  in event            1
 Added good helicity           21  2.36914266684861330E-005  in event            1
 Added good helicity           22  2.09517683624048509E-003  in event            1
 Added good helicity           23   2.7286775211729628       in event            1
 Added good helicity           24  1.77838327604854466E-005  in event            1
 Added good helicity           26  1.66944246370545702E-005  in event            1
 Added good helicity           27  1.77570040868550435E-005  in event            1
 Added good helicity           28   5.0007174224359048       in event            1
 Added good helicity           30  1.78206829359986416E-005  in event            1
 Added good helicity           31  2.06858062131068995E-003  in event            1
 Added good helicity           32   5.3478486449267679       in event            1
 Added good helicity            4  1.01158756998371159E-005  in event           20
 Added good helicity           29  1.01158748690949975E-005  in event           20
 Iteration  1   Mean: 0.1641E-06 Abs mean: 0.1641E-06   Fluctuation:  0.584E-07   0.558E-04    98.4%
  1    0.1641E-06 0.1641E-06 +- 0.5835E-07     11.24
 Writing out events  3.33532746286854442E-011   11.241902111578780     
>>>>>>> 911b5ec345c81b054214c521136984e9d6306827
 Relative summed weights:
  0.1000E+01  0.0000E+00
 Relative number of events:
  0.1000E+01  0.0000E+00
 Events:
        1000           0
<<<<<<< HEAD
 Iteration  2   Mean: 0.1192E-06 Abs mean: 0.1192E-06   Fluctuation:  0.792E-08   0.687E-05    95.3%
  2    0.1192E-06 0.1192E-06 +- 0.7918E-08      2.97
=======
 Iteration  2   Mean: 0.4756E-06 Abs mean: 0.4756E-06   Fluctuation:  0.223E-06   0.415E-03    99.6%
  2    0.4756E-06 0.4756E-06 +- 0.2231E-06     20.98
>>>>>>> 911b5ec345c81b054214c521136984e9d6306827
 Relative summed weights:
  0.1000E+01  0.0000E+00
 Relative number of events:
  0.1000E+01  0.0000E+00
 Events:
        2000           0
<<<<<<< HEAD
 Iteration  3   Mean: 0.1135E-06 Abs mean: 0.1135E-06   Fluctuation:  0.517E-08   0.901E-05    95.6%
  3    0.1135E-06 0.1135E-06 +- 0.5169E-08      2.88
=======
 Iteration  3   Mean: 0.2780E-06 Abs mean: 0.2780E-06   Fluctuation:  0.414E-07   0.103E-03    99.9%
  3    0.2780E-06 0.2780E-06 +- 0.4144E-07      9.43
>>>>>>> 911b5ec345c81b054214c521136984e9d6306827
 Relative summed weights:
  0.1000E+01  0.0000E+00
 Relative number of events:
  0.1000E+01  0.0000E+00
 Events:
        4000           0
<<<<<<< HEAD
 Accuracy:    0.035   0.100   0.037   0.886
 Finished due to accuracy   3.45686564942892516E-002  0.10000000000000001     

 -------------------------------------------------------------------------------
 Accumulated results:   Integral =  0.1143E-06
                        Std dev  =  0.4197E-08
                       Cross sec =  0.1143E-06
             Chi**2 per DoF.     =      0.8857
 -------------------------------------------------------------------------------
 Found          334  events.
 Wrote           54  events.
 Actual xsec   1.14258634354571327E-007
 Correct abs xsec   1.14258634354571327E-007
 Event xsec   1.14258634354571208E-007
 Events wgts > 1:            1
 % Cross section > 1:   3.54310628747400713E-010  0.31009527704303913     
-------------------------------------------------
---------------------------
 Results Last   3 iters: Integral =   0.1143E-06
                     Abs integral =   0.1143E-06
                          Std dev =   0.4197E-08
                  Chi**2 per DoF. =      1.2425
-------------------------------------------------
---------------------------
 Status  0.10000000000000001                4           5
=======
 Accuracy:    0.178   0.100   0.132   1.812
 Found          150  events.
 Wrote           13  events.
 Actual xsec   2.77924091717714899E-007
 Correct abs xsec   2.77924091717714899E-007
 Event xsec   2.77924091717714846E-007
 Events wgts > 1:            2
 % Cross section > 1:   4.51521440345320104E-010  0.16246214480892379     
 Iteration  4   Mean: 0.3544E-06 Abs mean: 0.3544E-06   Fluctuation:  0.715E-07   0.544E-03    99.9%
  4    0.3544E-06 0.3544E-06 +- 0.7154E-07     18.05
 Relative summed weights:
  0.1000E+01  0.0000E+00
 Relative number of events:
  0.1000E+01  0.0000E+00
 Events:
        8000           0
 Accuracy:    0.131   0.100   0.110   1.402
 Found          518  events.
 Wrote            3  events.
 Actual xsec   3.15405651670031215E-007
 Correct abs xsec   3.15405651670031215E-007
 Event xsec   3.15405651670031162E-007
 Events wgts > 1:            0
 % Cross section > 1:    0.0000000000000000        0.0000000000000000     
 Iteration  5   Mean: 0.6690E-06 Abs mean: 0.6690E-06   Fluctuation:  0.216E-06   0.341E-02    99.9%
  5    0.6690E-06 0.6690E-06 +- 0.2155E-06     40.75
 Relative summed weights:
  0.1000E+01  0.0000E+00
 Relative number of events:
  0.1000E+01  0.0000E+00
 Events:
       16000           0
 Accuracy:    0.191   0.100   0.104   3.360
 Found         1132  events.
 Wrote            5  events.
 Actual xsec   3.49243599150363967E-007
 Correct abs xsec   3.49243599150363967E-007
 Event xsec   3.49243599150363914E-007
 Events wgts > 1:            0
 % Cross section > 1:    0.0000000000000000        0.0000000000000000     

 -------------------------------------------------------------------------------
 Accumulated results:   Integral =  0.3395E-06
                        Std dev  =  0.3547E-07
                       Cross sec =  0.3395E-06
             Chi**2 per DoF.     =      3.3602
 -------------------------------------------------------------------------------
-------------------------------------------------
---------------------------
 Results Last   3 iters: Integral =   0.3492E-06
                     Abs integral =   0.3492E-06
                          Std dev =   0.3925E-07
                  Chi**2 per DoF. =      2.5823
-------------------------------------------------
---------------------------
 Status  0.10000000000000001                6           5
>>>>>>> 911b5ec345c81b054214c521136984e9d6306827

ls status:
events.lhe
input_app.txt
<<<<<<< HEAD
multijob.dat
results.dat
run_01_log.txt
run_01_results.dat
run_02_log.txt
run_02_results.dat
run_03_log.txt
run_03_results.dat
=======
results.dat
>>>>>>> 911b5ec345c81b054214c521136984e9d6306827
run1_app.log
