 Process in group number            1
 No PDF is used, alpha_s(MZ) from param_card is used
 Value of alpha_s from param_card:   0.11800000071525575     
 The default order of alpha_s running is fixed to            2
 *****************************************************
 *               MadGraph/MadEvent                   *
 *        --------------------------------           *
 *          http://madgraph.hep.uiuc.edu             *
 *          http://madgraph.phys.ucl.ac.be           *
 *          http://madgraph.roma2.infn.it            *
 *        --------------------------------           *
 *                                                   *
 *          PARAMETER AND COUPLING VALUES            *
 *                                                   *
 *****************************************************

  External Params
  ---------------------------------
  
 mdl_MB =    4.6999998092651367     
 mdl_MT =    173.00000000000000     
 mdl_Me =   5.10999991092830896E-004
 mdl_MM =   0.10565999895334244     
 mdl_MTA =    1.7769999504089355     
 mdl_MZ =    91.188003540039063     
 mdl_MH =    125.00000000000000     
 aEWM1 =    132.50700378417969     
 mdl_Gf =   1.16639000000000003E-005
 aS =   0.11800000071525575     
 mdl_ymb =    4.6999998092651367     
 mdl_ymt =    173.00000000000000     
 mdl_yme =   5.10999991092830896E-004
 mdl_ymm =   0.10565999895334244     
 mdl_ymtau =    1.7769999504089355     
 mdl_WT =    1.4915000200271606     
 mdl_WTau =   2.26999999999999982E-012
 mdl_WZ =    2.4414041042327881     
 mdl_WW =    2.0476000308990479     
 mdl_WH =   6.38233916833996773E-003
  Internal Params
  ---------------------------------
  
 mdl_conjg__CKM3x3 =    1.0000000000000000     
 mdl_CKM3x3 =    1.0000000000000000     
 mdl_conjg__CKM1x1 =    1.0000000000000000     
 mdl_complexi =  (  0.0000000000000000     ,  1.0000000000000000     )
 mdl_MZ__exp__2 =    8315.2519896181766     
 mdl_MZ__exp__4 =    69143415.650849044     
 mdl_sqrt__2 =    1.4142135623730951     
 mdl_MH__exp__2 =    15625.000000000000     
 mdl_aEW =   7.54677089845565054E-003
 mdl_MW =    80.419007276179556     
 mdl_sqrt__aEW =   8.68721526063194194E-002
 mdl_ee =   0.30795376284704501     
 mdl_MW__exp__2 =    6467.2167312862202     
 mdl_sw2 =   0.22224645274001076     
 mdl_cw =   0.88190336616887299     
 mdl_sqrt__sw2 =   0.47143022043565552     
 mdl_sw =   0.47143022043565552     
 mdl_g1 =   0.34919218438279087     
 mdl_gw =   0.65323296958447097     
 mdl_vev =    246.21845810181631     
 mdl_vev__exp__2 =    60623.529110035874     
 mdl_lam =   0.12886910601690271     
 mdl_yb =   2.69955531549349904E-002
 mdl_ye =   2.93504850670934038E-006
 mdl_ym =   6.06883028478528356E-004
 mdl_yt =   0.99366614581500645     
 mdl_ytau =   1.02066167158167895E-002
 mdl_muH =    88.388347648318444     
 mdl_I1x33 =  ( 2.69955531549349904E-002,  0.0000000000000000     )
 mdl_I2x33 =  ( 0.99366614581500645     ,  0.0000000000000000     )
 mdl_I3x33 =  ( 0.99366614581500645     ,  0.0000000000000000     )
 mdl_I4x33 =  ( 2.69955531549349904E-002,  0.0000000000000000     )
 mdl_ee__exp__2 =   9.48355200516540348E-002
 mdl_sw__exp__2 =   0.22224645274001076     
 mdl_cw__exp__2 =   0.77775354725998924     
  Internal Params evaluated point by point
  ----------------------------------------
  
 mdl_sqrt__aS =   0.34351128178744839     
 mdl_G__exp__2 =    1.4828317414825511     
  Couplings of sm-lepton_masses
  ---------------------------------
  
         GC_3 =  -0.00000E+00  -0.30795E+00

 Collider parameters:
 --------------------

 Running at e e   machine @   4.00000000000000008E-003  GeV
 PDF set = none   
 alpha_s(Mz)= 0.1180 running at 2 loops.
 alpha_s(Mz)= 0.1180 running at 2 loops.
 Renormalization scale fixed @    91.188000000000002     
 Factorization scales  fixed @    91.188000000000002        91.188000000000002     


 getting user params
Enter number of events and max and min iterations: 
 Number of events and iterations         2000           9           3
Enter desired fractional accuracy: 
 Desired fractional accuracy:  -6.34919999999999971E-007
Enter 0 for fixed, 2 for adjustable grid: 
Suppress amplitude (0 no, 1 yes)? 
 Using suppressed amplitude.
Exact helicity sum (0 yes, n = number/event)? 
 Explicitly summing over helicities
Enter Configuration Number: 
Running Configuration Number:    1
 Not subdividing B.W.
 Attempting mappinvarients           1           4
 Completed mapping           4
 about to integrate            2        2000           9           3           2           1
 Using non-zero grid deformation.
  2 dimensions   2000 events  2 invarients  9 iterations  1 config(s),  (0.99)
 Using h-tuple random number sequence.
 Error opening grid
 Using Uniform Grid!
 Using uniform alpha   1.0000000000000000     
 Grid defined OK
 Set CM energy to          0.00
 Mapping Graph           1  to config           1
 Warning: No cutoff for shat integral found
          Minimum set to    62500.000000000000     
Setting grid   1    0.62500E+05   1
 Masses: 0.511E-03 0.511E-03 0.000E+00 0.000E+00
   1   1   2
 Got moffset          14
Using random seed offsets     1 :      1
  with seed                   99
 Ranmar initialization seeds        2160       23594
  Particle       3       4
      Et >     0.0     0.0
       E >    -1.0    -1.0
     Eta <    -1.0    -1.0
   xqcut:      0.0     0.0
d R # 3  >    -0.0    -1.0
s min # 3>     0.0     0.0
xqcutij # 3>     0.0     0.0
 alpha_s for scale    91.188000000000002       is   0.11800000071525575     
 Added good helicity            1   1.1738903922282793       in event            1
 Added good helicity            2  7.61842145943475713E-002  in event            1
 Added good helicity            3  7.61842145943476129E-002  in event            1
 Added good helicity            4  3.34304588745617257E-004  in event            1
 Added good helicity            6  0.21074384015828695       in event            1
 Added good helicity            7   6.4626630338359918       in event            1
 Added good helicity           10   6.4626630338359918       in event            1
 Added good helicity           11  0.21074384015828695       in event            1
 Added good helicity           13  3.34304588745617257E-004  in event            1
 Added good helicity           14  7.61842145943476129E-002  in event            1
 Added good helicity           15  7.61842145943475713E-002  in event            1
 Added good helicity           16   1.1738903922282793       in event            1
 Iteration  1   Mean: 0.3753E+11 Abs mean: 0.3753E+11   Fluctuation:  0.187E+10   0.534E+12   100.0%
  1    0.3753E+11 0.3753E+11 +- 0.1868E+10      2.23
 Writing out events   2085046.3453473176        2.2264039077086304     
 Relative summed weights:
  0.5333E+00  0.0000E+00
  0.4667E+00  0.0000E+00
 Relative number of events:
  0.5095E+00  0.0000E+00
  0.4905E+00  0.0000E+00
 Events:
        1019           0
         981           0
 Iteration  2   Mean: 0.2997E+11 Abs mean: 0.2997E+11   Fluctuation:  0.121E+10   0.822E+12   100.0%
  2    0.2997E+11 0.2997E+11 +- 0.1208E+10      2.55
 Relative summed weights:
  0.4962E+00  0.0000E+00
  0.5038E+00  0.0000E+00
 Relative number of events:
  0.4953E+00  0.0000E+00
  0.5048E+00  0.0000E+00
 Events:
        1981           0
        2019           0
 Iteration  3   Mean: 0.4066E+11 Abs mean: 0.4066E+11   Fluctuation:  0.118E+10   0.123E+13   100.0%
  3    0.4066E+11 0.4066E+11 +- 0.1182E+10      2.60
 Relative summed weights:
  0.4856E+00  0.0000E+00
  0.5144E+00  0.0000E+00
 Relative number of events:
  0.4968E+00  0.0000E+00
  0.5032E+00  0.0000E+00
 Events:
        3974           0
        4026           0
 Found          865  events.
 Wrote          324  events.
 Actual xsec    37099857684.359146     
 Correct abs xsec    37099857684.359146     
 Event xsec    37099857684.359077     
 Events wgts > 1:           48
 % Cross section > 1:    361861986.49250305       0.97537297736066619     
 Checking number of events   23555.441640953308              324  chi2:    21.946196965388690     
 Found          865  events.
 Wrote          310  events.
 Actual xsec    37099857684.359146     
 Correct abs xsec    37099857684.359146     
 Event xsec    37099857684.359367     
 Events wgts > 1:           48
 % Cross section > 1:    378037618.54423696        1.0189732310040931     
 Iteration  4   Mean: 0.3958E+11 Abs mean: 0.3958E+11   Fluctuation:  0.419E+09   0.488E+12   100.0%
  4    0.3958E+11 0.3958E+11 +- 0.4192E+09      1.34
 Relative summed weights:
  0.5081E+00  0.0000E+00
  0.4919E+00  0.0000E+00
 Relative number of events:
  0.5036E+00  0.0000E+00
  0.4964E+00  0.0000E+00
 Events:
        8058           0
        7942           0
 Found         1562  events.
 Wrote         1557  events.
 Actual xsec    39146299235.989281     
 Correct abs xsec    39146299235.989281     
 Event xsec    39146299235.990135     
 Events wgts > 1:           70
 % Cross section > 1:    120164451.73036656       0.30696248196021131     
 Checking number of events   24854.768310914314             1557  chi2:    30.158924550563142     
 Found         1562  events.
 Wrote         1557  events.
 Actual xsec    39146299235.989281     
 Correct abs xsec    39146299235.989281     
 Event xsec    39146299235.990135     
 Events wgts > 1:           70
 % Cross section > 1:    120164451.73036656       0.30696248196021131     
 Iteration  5   Mean: 0.3939E+11 Abs mean: 0.3939E+11   Fluctuation:  0.157E+09   0.167E+12   100.0%
  5    0.3939E+11 0.3939E+11 +- 0.1565E+09      0.71
 Relative summed weights:
  0.5003E+00  0.0000E+00
  0.4997E+00  0.0000E+00
 Relative number of events:
  0.4995E+00  0.0000E+00
  0.5005E+00  0.0000E+00
 Events:
       15985           0
       16015           0
 Found         3196  events.
 Wrote         3191  events.
 Actual xsec    39434710740.485489     
 Correct abs xsec    39434710740.485489     
 Event xsec    39434710740.483643     
 Events wgts > 1:            0
 % Cross section > 1:    0.0000000000000000        0.0000000000000000     
 Checking number of events   25037.886543349046             3191  chi2:   0.63210075331332383     
 Found         3196  events.
 Wrote         3191  events.
 Actual xsec    39434710740.485489     
 Correct abs xsec    39434710740.485489     
 Event xsec    39434710740.483643     
 Events wgts > 1:            0
 % Cross section > 1:    0.0000000000000000        0.0000000000000000     
 Iteration  6   Mean: 0.3921E+11 Abs mean: 0.3921E+11   Fluctuation:  0.688E+08   0.101E+12   100.0%
  6    0.3921E+11 0.3921E+11 +- 0.6882E+08      0.44
 Relative summed weights:
  0.4998E+00  0.0000E+00
  0.5002E+00  0.0000E+00
 Relative number of events:
  0.4994E+00  0.0000E+00
  0.5006E+00  0.0000E+00
 Events:
       31959           0
       32041           0
 Found         6414  events.
 Wrote         6409  events.
 Actual xsec    39247426154.387947     
 Correct abs xsec    39247426154.387947     
 Event xsec    39247426154.391609     
 Events wgts > 1:            0
 % Cross section > 1:    0.0000000000000000        0.0000000000000000     
 Checking number of events   24918.975813943995             6409  chi2:   0.88266632572759285     
 Found         6414  events.
 Wrote         6409  events.
 Actual xsec    39247426154.387947     
 Correct abs xsec    39247426154.387947     
 Event xsec    39247426154.391609     
 Events wgts > 1:            0
 % Cross section > 1:    0.0000000000000000        0.0000000000000000     
 Iteration  7   Mean: 0.3926E+11 Abs mean: 0.3926E+11   Fluctuation:  0.327E+08   0.750E+11   100.0%
  7    0.3926E+11 0.3926E+11 +- 0.3273E+08      0.30
 Relative summed weights:
  0.5008E+00  0.0000E+00
  0.4992E+00  0.0000E+00
 Relative number of events:
  0.5005E+00  0.0000E+00
  0.4995E+00  0.0000E+00
 Events:
       64060           0
       63940           0
 Found        12798  events.
 Wrote        12793  events.
 Actual xsec    39258688159.363792     
 Correct abs xsec    39258688159.363792     
 Event xsec    39258688159.356857     
 Events wgts > 1:            0
 % Cross section > 1:    0.0000000000000000        0.0000000000000000     
 Checking number of events   24926.126286143259            12793  chi2:   0.62061898562246309     
 Found        12798  events.
 Wrote        12793  events.
 Actual xsec    39258688159.363792     
 Correct abs xsec    39258688159.363792     
 Event xsec    39258688159.356857     
 Events wgts > 1:            0
 % Cross section > 1:    0.0000000000000000        0.0000000000000000     
 Iteration  8   Mean: 0.3921E+11 Abs mean: 0.3921E+11   Fluctuation:  0.161E+08   0.626E+11   100.0%
  8    0.3921E+11 0.3921E+11 +- 0.1610E+08      0.21
 Relative summed weights:
  0.5008E+00  0.0000E+00
  0.4992E+00  0.0000E+00
 Relative number of events:
  0.5006E+00  0.0000E+00
  0.4994E+00  0.0000E+00
 Events:
      128160           0
      127840           0
 Found        25566  events.
 Wrote        25562  events.
 Actual xsec    39217187686.418900     
 Correct abs xsec    39217187686.418900     
 Event xsec    39217187686.411957     
 Events wgts > 1:            0
 % Cross section > 1:    0.0000000000000000        0.0000000000000000     
 Checking number of events   24899.776805861085            25562  chi2:    1.2484741058123190     

 -------------------------------------------------------------------------------
 Accumulated results:   Integral =  0.3922E+11
                        Std dev  =  0.1407E+08
                       Cross sec =  0.5860E+01
             Chi**2 per DoF.     =
-------------------------------------------------
---------------------------
 Results Last   3 iters: Integral =   0.3922E+11
                     Abs integral =   0.3922E+11
                          Std dev =   0.1414E+08
                  Chi**2 per DoF. =      1.2485
-------------------------------------------------
---------------------------
 Status -6.34919999999999971E-007           9           9
 We found enough events       25562   24899.776805861085     

ls status:
events.lhe
ftn25
ftn26
input_sg.txt
moffset.dat
results.dat
run_06_ftn26.gz
run_06_log.txt
run_06_results.dat
run_07_ftn26.gz
run_07_log.txt
run_07_results.dat
run_08_ftn26.gz
run_08_log.txt
run_08_results.dat
run1_app.log
