 Process in group number            0
 No PDF is used, alpha_s(MZ) from param_card is used
 Value of alpha_s from param_card:   0.11800000071525575     
 The default order of alpha_s running is fixed to            2
 *****************************************************
 *               MadGraph/MadEvent                   *
 *        --------------------------------           *
 *          http://madgraph.hep.uiuc.edu             *
 *          http://madgraph.phys.ucl.ac.be           *
 *          http://madgraph.roma2.infn.it            *
 *        --------------------------------           *
 *                                                   *
 *          PARAMETER AND COUPLING VALUES            *
 *                                                   *
 *****************************************************

  External Params
  ---------------------------------
  
 aEWM1 =    132.50700378417969     
 mdl_Gf =   1.16639000000000003E-005
 aS =   0.11800000071525575     
 mdl_ymb =    4.6999998092651367     
 mdl_ymt =    173.00000000000000     
 mdl_yme =   5.10999991092830896E-004
 mdl_ymm =   0.10565999895334244     
 mdl_ymtau =    1.7769999504089355     
 mdl_MZ =    91.188003540039063     
 mdl_MT =    173.00000000000000     
 mdl_MB =    4.6999998092651367     
 mdl_MH =    125.00000000000000     
 mdl_Me =   5.10999991092830896E-004
 mdl_MM =   0.10565999895334244     
 mdl_MTA =    1.7769999504089355     
 mdl_WZ =    2.4414041042327881     
 mdl_WW =    2.0476000308990479     
 mdl_WT =    1.4915000200271606     
 mdl_WH =   6.38233916833996773E-003
 mdl_WTau =   2.26999999999999982E-012
  Internal Params
  ---------------------------------
  
 mdl_conjg__CKM3x3 =    1.0000000000000000     
 mdl_CKM3x3 =    1.0000000000000000     
 mdl_conjg__CKM1x1 =    1.0000000000000000     
 mdl_complexi =  (  0.0000000000000000     ,  1.0000000000000000     )
 mdl_MZ__exp__2 =    8315.2519896181766     
 mdl_MZ__exp__4 =    69143415.650849044     
 mdl_sqrt__2 =    1.4142135623730951     
 mdl_MH__exp__2 =    15625.000000000000     
 mdl_aEW =   7.54677089845565054E-003
 mdl_MW =    80.419007276179556     
 mdl_sqrt__aEW =   8.68721526063194194E-002
 mdl_ee =   0.30795376284704501     
 mdl_MW__exp__2 =    6467.2167312862202     
 mdl_sw2 =   0.22224645274001076     
 mdl_cw =   0.88190336616887299     
 mdl_sqrt__sw2 =   0.47143022043565552     
 mdl_sw =   0.47143022043565552     
 mdl_g1 =   0.34919218438279087     
 mdl_gw =   0.65323296958447097     
 mdl_vev =    246.21845810181631     
 mdl_vev__exp__2 =    60623.529110035874     
 mdl_lam =   0.12886910601690271     
 mdl_yb =   2.69955531549349904E-002
 mdl_ye =   2.93504850670934038E-006
 mdl_ym =   6.06883028478528356E-004
 mdl_yt =   0.99366614581500645     
 mdl_ytau =   1.02066167158167895E-002
 mdl_muH =    88.388347648318444     
 mdl_I1x33 =  ( 2.69955531549349904E-002,  0.0000000000000000     )
 mdl_I2x33 =  ( 0.99366614581500645     ,  0.0000000000000000     )
 mdl_I3x33 =  ( 0.99366614581500645     ,  0.0000000000000000     )
 mdl_I4x33 =  ( 2.69955531549349904E-002,  0.0000000000000000     )
 mdl_ee__exp__2 =   9.48355200516540348E-002
 mdl_sw__exp__2 =   0.22224645274001076     
 mdl_cw__exp__2 =   0.77775354725998924     
  Internal Params evaluated point by point
  ----------------------------------------
  
 mdl_sqrt__aS =   0.34351128178744839     
 mdl_G__exp__2 =    1.4828317414825511     
  Couplings of sm-lepton_masses
  ---------------------------------
  
         GC_3 =  -0.00000E+00  -0.30795E+00
        GC_50 =  -0.00000E+00  -0.28804E+00
        GC_59 =   0.00000E+00   0.82310E-01
        GC_89 =  -0.00000E+00  -0.20754E-05

 Collider parameters:
 --------------------

 Running at e e   machine @   7.14879999999999960E-002  GeV
 PDF set = none   
 alpha_s(Mz)= 0.1180 running at 2 loops.
 alpha_s(Mz)= 0.1180 running at 2 loops.
 Renormalization scale fixed @    91.188000000000002     
 Factorization scales  fixed @    91.188000000000002        91.188000000000002     


 getting user params
Enter number of events and max and min iterations: 
 Number of events and iterations         2000           9           3
Enter desired fractional accuracy: 
 Desired fractional accuracy:  -5.74259999999999987E-006
Enter 0 for fixed, 2 for adjustable grid: 
Suppress amplitude (0 no, 1 yes)? 
 Using suppressed amplitude.
Exact helicity sum (0 yes, n = number/event)? 
 Explicitly summing over helicities
Enter Configuration Number: 
Running Configuration Number:   13
 Not subdividing B.W.
 Attempting mappinvarients           1           5
 Completed mapping           5
 about to integrate            5        2000           9           3           5           1
 Using non-zero grid deformation.
  5 dimensions   2000 events  5 invarients  9 iterations  1 config(s),  (0.99)
 Using h-tuple random number sequence.
 Error opening grid
 Using Uniform Grid!
 Using uniform alpha   1.0000000000000000     
 Grid defined OK
 Set CM energy to          0.07
 Mapping Graph          13  to config          13
Setting grid   1    0.51095E-04   1
Setting grid   2    0.17611E-04   1
 Masses: 0.511E-03 0.511E-03 0.000E+00 0.511E-03 0.511E-03
  13   1   2   3   4   5
 Got moffset           1
Using random seed offsets    13 :      1
  with seed                   87
 Ranmar initialization seeds       17625       12621
  Particle       3       4       5
      Et >     0.0     0.0     0.0
       E >     0.0     0.0     0.0
     Eta <    -1.0    -1.0    -1.0
   xqcut:      0.0     0.0     0.0
d R # 3  >    -0.0     0.0     0.0
d R # 4  >    -0.0    -0.0     0.0
s min # 3>     0.0     0.0     0.0
s min # 4>     0.0     0.0     0.0
xqcutij # 3>     0.0     0.0     0.0
xqcutij # 4>     0.0     0.0     0.0
 alpha_s for scale    91.188000000000002       is   0.11800000071525575     
 Added good helicity            1   9.9099632775292932       in event            1
 Added good helicity            2  0.13748246246332671       in event            1
 Added good helicity            3  0.22671028385432698       in event            1
 Added good helicity            5   1.4324052060175487       in event            1
 Added good helicity            6  3.16091198665918331E-005  in event            1
 Added good helicity            7  4.67337256302023972E-005  in event            1
 Added good helicity           10  7.21916450945953442E-002  in event            1
 Added good helicity           11  0.10985432575451229       in event            1
 Added good helicity           13   2.8465860446835674       in event            1
 Added good helicity           14  0.48456873349437896       in event            1
 Added good helicity           15  0.78015865878013879       in event            1
 Added good helicity           18  0.78015865829550501       in event            1
 Added good helicity           19  0.48456881303733129       in event            1
 Added good helicity           20   2.8465860419100748       in event            1
 Added good helicity           22  0.10985432573615708       in event            1
 Added good helicity           23  7.21916569773899813E-002  in event            1
 Added good helicity           26  4.67337293115319439E-005  in event            1
 Added good helicity           27  3.16091228513785876E-005  in event            1
 Added good helicity           28   1.4324052059397738       in event            1
 Added good helicity           30  0.22671028448160210       in event            1
 Added good helicity           31  0.13748248535683993       in event            1
 Added good helicity           32   9.9099632806810902       in event            1
 Added good helicity            9  1.10619791238305038E-005  in event            2
 Added good helicity           24  1.10619791240469258E-005  in event            2
 Added good helicity           12  1.95953081552110685E-002  in event            3
 Added good helicity           21  1.95953081608793919E-002  in event            3
 Added good helicity           16  6.89096547785465551E-005  in event            4
 Added good helicity           17  6.89096595041347484E-005  in event            4
 Added good helicity            4  1.16006086565027052E-006  in event            7
 Added good helicity           29  1.16006086652429798E-006  in event            7
 Iteration  1   Mean: 0.3969E+10 Abs mean: 0.3969E+10   Fluctuation:  0.311E+10   0.621E+13    74.7%
  1    0.3969E+10 0.3969E+10 +- 0.3113E+10     35.08
 Writing out events   295335.15070300282        35.077834233069403     
 Relative summed weights:
  0.1000E+01  0.0000E+00
 Relative number of events:
  0.1000E+01  0.0000E+00
 Events:
        2000           0
 Iteration  2   Mean: 0.1552E+10 Abs mean: 0.1552E+10   Fluctuation:  0.408E+09   0.149E+13    66.7%
  2    0.1552E+10 0.1552E+10 +- 0.4077E+09     16.61
 Relative summed weights:
  0.1000E+01  0.0000E+00
 Relative number of events:
  0.1000E+01  0.0000E+00
 Events:
        4000           0
 Iteration  3   Mean: 0.1580E+10 Abs mean: 0.1580E+10   Fluctuation:  0.868E+08   0.278E+12    73.4%
  3    0.1580E+10 0.1580E+10 +- 0.8684E+08      4.92
 Relative summed weights:
  0.1000E+01  0.0000E+00
 Relative number of events:
  0.1000E+01  0.0000E+00
 Events:
        8000           0
 Found          739  events.
 Wrote           50  events.
 Actual xsec    1589846595.4790699     
 Correct abs xsec    1589846595.4790699     
 Event xsec    1589846595.4790704     
 Events wgts > 1:            2
 % Cross section > 1:    10808965.534282207       0.67987474798001679     
 Checking number of events   9129.8530591981071               50  chi2:   0.30291253238095056     
 Found          739  events.
 Wrote           67  events.
 Actual xsec    1589846595.4790699     
 Correct abs xsec    1589846595.4790699     
 Event xsec    1589846595.4790704     
 Events wgts > 1:            2
 % Cross section > 1:    8080331.2081873156       0.50824596732570027     
 Iteration  4   Mean: 0.1605E+10 Abs mean: 0.1605E+10   Fluctuation:  0.264E+08   0.698E+11    77.3%
  4    0.1605E+10 0.1605E+10 +- 0.2639E+08      2.08
 Relative summed weights:
  0.1000E+01  0.0000E+00
 Relative number of events:
  0.1000E+01  0.0000E+00
 Events:
       16000           0
 Found         1916  events.
 Wrote          814  events.
 Actual xsec    1602459285.6269224     
 Correct abs xsec    1602459285.6269224     
 Event xsec    1602459285.6269286     
 Events wgts > 1:           22
 % Cross section > 1:    15842832.194934666       0.98865739286077958     
 Checking number of events   9202.2826936411639              814  chi2:   4.51382235458424388E-002
 Found         1916  events.
 Wrote          852  events.
 Actual xsec    1602459285.6269224     
 Correct abs xsec    1602459285.6269224     
 Event xsec    1602459285.6269202     
 Events wgts > 1:           22
 % Cross section > 1:    15142904.274055850       0.94497903378129111     
 Iteration  5   Mean: 0.1621E+10 Abs mean: 0.1621E+10   Fluctuation:  0.126E+08   0.457E+11    78.8%
  5    0.1621E+10 0.1621E+10 +- 0.1262E+08      1.39
 Relative summed weights:
  0.1000E+01  0.0000E+00
 Relative number of events:
  0.1000E+01  0.0000E+00
 Events:
       32000           0
 Found         4077  events.
 Wrote         4073  events.
 Actual xsec    1617484666.3334641     
 Correct abs xsec    1617484666.3334641     
 Event xsec    1617484666.3333979     
 Events wgts > 1:          106
 % Cross section > 1:    15143509.116942026       0.93623818711494522     
 Checking number of events   9288.5674448865502             4073  chi2:   0.25298236011646197     
 Found         4077  events.
 Wrote         4073  events.
 Actual xsec    1617484666.3334641     
 Correct abs xsec    1617484666.3334641     
 Event xsec    1617484666.3333979     
 Events wgts > 1:          106
 % Cross section > 1:    15143509.116942026       0.93623818711494522     
 Iteration  6   Mean: 0.1631E+10 Abs mean: 0.1631E+10   Fluctuation:  0.745E+07   0.733E+11    78.6%
  6    0.1631E+10 0.1631E+10 +- 0.7451E+07      1.16
 Relative summed weights:
  0.1000E+01  0.0000E+00
 Relative number of events:
  0.1000E+01  0.0000E+00
 Events:
       64000           0
 Found         8132  events.
 Wrote         8128  events.
 Actual xsec    1627515109.1477602     
 Correct abs xsec    1627515109.1477602     
 Event xsec    1627515109.1478646     
 Events wgts > 1:           83
 % Cross section > 1:    6953598.9568255395       0.42725249785645980     
 Checking number of events   9346.1682657919264             8128  chi2:   0.64444745977777318     
 Found         8132  events.
 Wrote         8128  events.
 Actual xsec    1627515109.1477602     
 Correct abs xsec    1627515109.1477602     
 Event xsec    1627515109.1478646     
 Events wgts > 1:           83
 % Cross section > 1:    6953598.9568255395       0.42725249785645980     
 Iteration  7   Mean: 0.1655E+10 Abs mean: 0.1655E+10   Fluctuation:  0.469E+07   0.409E+11    78.4%
  7    0.1655E+10 0.1655E+10 +- 0.4690E+07      1.01
 Relative summed weights:
  0.1000E+01  0.0000E+00
 Relative number of events:
  0.1000E+01  0.0000E+00
 Events:
      128000           0
 Found        16616  events.
 Wrote        16614  events.
 Actual xsec    1645892072.6647246     
 Correct abs xsec    1645892072.6647246     
 Event xsec    1645892072.6652677     
 Events wgts > 1:          110
 % Cross section > 1:    2555026.0974830328       0.15523655164980310     
 Checking number of events   9451.6998164844481            16614  chi2:    5.5718837958556175     

 -------------------------------------------------------------------------------
 Accumulated results:   Integral =  0.1645E+10
                        Std dev  =  0.3745E+07
                       Cross sec =  0.2850E+01
             Chi**2 per DoF.     =
-------------------------------------------------
---------------------------
 Results Last   3 iters: Integral =   0.1646E+10
                     Abs integral =   0.1646E+10
                          Std dev =   0.3787E+07
                  Chi**2 per DoF. =      5.5719
-------------------------------------------------
---------------------------
 Status -5.74259999999999987E-006           8           9
 We found enough events       16614   9451.6998164844481     

ls status:
events.lhe
ftn25
ftn26
input_sg.txt
moffset.dat
results.dat
run_01_ftn26.gz
run_01_log.txt
run_01_results.dat
run_02_ftn26.gz
run_02_log.txt
run_02_results.dat
run1_app.log
