 Process in group number            0
 No PDF is used, alpha_s(MZ) from param_card is used
 Value of alpha_s from param_card:   0.11800000071525575     
 The default order of alpha_s running is fixed to            2
 Warning: pt or E min of a gamma should in general be >0
 *****************************************************
 *               MadGraph/MadEvent                   *
 *        --------------------------------           *
 *          http://madgraph.hep.uiuc.edu             *
 *          http://madgraph.phys.ucl.ac.be           *
 *          http://madgraph.roma2.infn.it            *
 *        --------------------------------           *
 *                                                   *
 *          PARAMETER AND COUPLING VALUES            *
 *                                                   *
 *****************************************************

  External Params
  ---------------------------------
  
 aEWM1 =    132.50700378417969     
 mdl_Gf =   1.16639000000000003E-005
 aS =   0.11800000071525575     
 mdl_ymb =    4.6999998092651367     
 mdl_ymt =    173.00000000000000     
 mdl_yme =   5.10999991092830896E-004
 mdl_ymm =   0.10565999895334244     
 mdl_ymtau =    1.7769999504089355     
 mdl_MZ =    91.188003540039063     
 mdl_MT =    173.00000000000000     
 mdl_MB =    4.6999998092651367     
 mdl_MH =    125.00000000000000     
 mdl_Me =   5.10999991092830896E-004
 mdl_MM =   0.10565999895334244     
 mdl_MTA =    1.7769999504089355     
 mdl_WZ =    2.4414041042327881     
 mdl_WW =    2.0476000308990479     
 mdl_WT =    1.4915000200271606     
 mdl_WH =   6.38233916833996773E-003
 mdl_WTau =   2.26999999999999982E-012
  Internal Params
  ---------------------------------
  
 mdl_conjg__CKM3x3 =    1.0000000000000000     
 mdl_CKM3x3 =    1.0000000000000000     
 mdl_conjg__CKM1x1 =    1.0000000000000000     
 mdl_complexi =  (  0.0000000000000000     ,  1.0000000000000000     )
 mdl_MZ__exp__2 =    8315.2519896181766     
 mdl_MZ__exp__4 =    69143415.650849044     
 mdl_sqrt__2 =    1.4142135623730951     
 mdl_MH__exp__2 =    15625.000000000000     
 mdl_aEW =   7.54677089845565054E-003
 mdl_MW =    80.419007276179556     
 mdl_sqrt__aEW =   8.68721526063194194E-002
 mdl_ee =   0.30795376284704501     
 mdl_MW__exp__2 =    6467.2167312862202     
 mdl_sw2 =   0.22224645274001076     
 mdl_cw =   0.88190336616887299     
 mdl_sqrt__sw2 =   0.47143022043565552     
 mdl_sw =   0.47143022043565552     
 mdl_g1 =   0.34919218438279087     
 mdl_gw =   0.65323296958447097     
 mdl_vev =    246.21845810181631     
 mdl_vev__exp__2 =    60623.529110035874     
 mdl_lam =   0.12886910601690271     
 mdl_yb =   2.69955531549349904E-002
 mdl_ye =   2.93504850670934038E-006
 mdl_ym =   6.06883028478528356E-004
 mdl_yt =   0.99366614581500645     
 mdl_ytau =   1.02066167158167895E-002
 mdl_muH =    88.388347648318444     
 mdl_I1x33 =  ( 2.69955531549349904E-002,  0.0000000000000000     )
 mdl_I2x33 =  ( 0.99366614581500645     ,  0.0000000000000000     )
 mdl_I3x33 =  ( 0.99366614581500645     ,  0.0000000000000000     )
 mdl_I4x33 =  ( 2.69955531549349904E-002,  0.0000000000000000     )
 mdl_ee__exp__2 =   9.48355200516540348E-002
 mdl_sw__exp__2 =   0.22224645274001076     
 mdl_cw__exp__2 =   0.77775354725998924     
  Internal Params evaluated point by point
  ----------------------------------------
  
 mdl_sqrt__aS =   0.34351128178744839     
 mdl_G__exp__2 =    1.4828317414825511     
  Couplings of sm-lepton_masses
  ---------------------------------
  
         GC_3 =  -0.00000E+00  -0.30795E+00
        GC_50 =  -0.00000E+00  -0.28804E+00
        GC_59 =   0.00000E+00   0.82310E-01
        GC_89 =  -0.00000E+00  -0.20754E-05

 Collider parameters:
 --------------------

 Running at e e   machine @   7.00000000000000067E-002  GeV
 PDF set = none   
 alpha_s(Mz)= 0.1180 running at 2 loops.
 alpha_s(Mz)= 0.1180 running at 2 loops.
 Renormalization scale fixed @    91.188000000000002     
 Factorization scales  fixed @    91.188000000000002        91.188000000000002     


 getting user params
Enter number of events and max and min iterations: 
 Number of events and iterations         2000           9           3
Enter desired fractional accuracy: 
 Desired fractional accuracy:  -6.26620000000000013E-037
Enter 0 for fixed, 2 for adjustable grid: 
Suppress amplitude (0 no, 1 yes)? 
 Using suppressed amplitude.
Exact helicity sum (0 yes, n = number/event)? 
 Explicitly summing over helicities
Enter Configuration Number: 
Running Configuration Number:   22
 Not subdividing B.W.
 Attempting mappinvarients           1           5
 Completed mapping           5
 about to integrate            5        2000           9           3           5           1
 Using non-zero grid deformation.
  5 dimensions   2000 events  5 invarients  9 iterations  1 config(s),  (0.99)
 Using h-tuple random number sequence.
 Error opening grid
 Using Uniform Grid!
 Using uniform alpha   1.0000000000000000     
 Grid defined OK
 Set CM energy to          0.07
 Mapping Graph          22  to config          22
Setting grid   1    0.53290E-04   1
Setting grid   2    0.53290E-04   1
 Masses: 0.511E-03 0.511E-03 0.000E+00 0.511E-03 0.511E-03
  22   1   2   3   4   5
 Got moffset          24
Using random seed offsets    22 :      1
  with seed                   30
 Ranmar initialization seeds        8313       25011
  Particle       3       4       5
      Et >     0.0     0.0     0.0
       E >     0.0     0.0     0.0
     Eta <    -1.0    -1.0    -1.0
   xqcut:      0.0     0.0     0.0
d R # 3  >    -0.0     0.0     0.0
d R # 4  >    -0.0    -0.0     0.4
s min # 3>     0.0     0.0     0.0
s min # 4>     0.0     0.0     0.0
xqcutij # 3>     0.0     0.0     0.0
xqcutij # 4>     0.0     0.0     0.0
 alpha_s for scale    91.188000000000002       is   0.11800000071525575     
 Added good helicity            1   4.9526862510961909       in event            1
 Added good helicity            3   2.9925137086131115       in event            1
 Added good helicity            5  5.48108758237306690E-002  in event            1
 Added good helicity            7  1.41795000927295853E-006  in event            1
 Added good helicity           10   4.9525885405187804       in event            1
 Added good helicity           12   2.9925879782585043       in event            1
 Added good helicity           14  5.48098026896542967E-002  in event            1
 Added good helicity           16  1.41792211878885321E-006  in event            1
 Added good helicity           17  1.41792211878885511E-006  in event            1
 Added good helicity           19  5.48098026896540469E-002  in event            1
 Added good helicity           21   2.9925879782571863       in event            1
 Added good helicity           23   4.9525885405187102       in event            1
 Added good helicity           26  1.41795000927298310E-006  in event            1
 Added good helicity           28  5.48108758237306690E-002  in event            1
 Added good helicity           30   2.9925137086117632       in event            1
 Added good helicity           32   4.9526862510961909       in event            1
 Added good helicity            2  1.85387131379207771E-005  in event            2
 Added good helicity            6  1.07368822332749951E-006  in event            2
 Added good helicity            9  2.60463493271437676E-005  in event            2
 Added good helicity           11  2.33493282313554297E-004  in event            2
 Added good helicity           13  2.38317820914538849E-006  in event            2
 Added good helicity           15  4.93840802454648033E-004  in event            2
 Added good helicity           18  4.93840806023379065E-004  in event            2
 Added good helicity           20  2.38317818043090848E-006  in event            2
 Added good helicity           22  2.33493280695389765E-004  in event            2
 Added good helicity           24  2.60463498532836869E-005  in event            2
 Added good helicity           27  1.07368822858159151E-006  in event            2
 Added good helicity           31  1.85387138431915391E-005  in event            2
 Added good helicity            4  1.14743773289321857E-006  in event            4
 Added good helicity           29  1.14743778399043114E-006  in event            4
 Iteration  1   Mean: 0.6431E+23 Abs mean: 0.6431E+23   Fluctuation:  0.643E+23   0.129E+27    98.2%
  1    0.6431E+23 0.6431E+23 +- 0.6430E+23     44.71
 Writing out events  3.63713695257989683E+018   44.714478193460884     
 Relative summed weights:
  0.1000E+01  0.0000E+00
 Relative number of events:
  0.1000E+01  0.0000E+00
 Events:
        2000           0
 Iteration  2   Mean: 0.9931E+29 Abs mean: 0.9931E+29   Fluctuation:  0.892E+29   0.355E+33    98.7%
  2    0.9931E+29 0.9931E+29 +- 0.8922E+29     56.82
 Relative summed weights:
  0.1000E+01  0.0000E+00
 Relative number of events:
  0.1000E+01  0.0000E+00
 Events:
        4000           0
 Iteration  3   Mean: 0.8995E+31 Abs mean: 0.8995E+31   Fluctuation:  0.893E+31   0.715E+35    99.4%
  3    0.8995E+31 0.8995E+31 +- 0.8934E+31     88.83
 Relative summed weights:
  0.1000E+01  0.0000E+00
 Relative number of events:
  0.1000E+01  0.0000E+00
 Events:
        8000           0
 Found           23  events.
 Wrote            1  events.
 Actual xsec   2.84126989339148901E+030
 Correct abs xsec   2.84126989339148901E+030
 Event xsec   2.84126989339148901E+030
 Events wgts > 1:            1
 % Cross section > 1:   4.43673344521302872E+022  1.56153185430656508E-006
 Checking number of events  1.78039654059697493E-006           1  chi2:    976247337770804.75     
 Found           23  events.
 Wrote            1  events.
 Actual xsec   2.84126989339148901E+030
 Correct abs xsec   2.84126989339148901E+030
 Event xsec   2.84126989339148901E+030
 Events wgts > 1:            1
 % Cross section > 1:   4.43673344521302872E+022  1.56153185430656508E-006
 Iteration  4   Mean: 0.4682E+33 Abs mean: 0.4682E+33   Fluctuation:  0.279E+33   0.415E+37    99.5%
  4    0.4682E+33 0.4682E+33 +- 0.2788E+33     75.33
 Relative summed weights:
  0.1000E+01  0.0000E+00
 Relative number of events:
  0.1000E+01  0.0000E+00
 Events:
       16000           0
 Found           65  events.
 Wrote            1  events.
 Actual xsec   2.62110056784784769E+032
 Correct abs xsec   2.62110056784784769E+032
 Event xsec   2.62110056784784805E+032
 Events wgts > 1:            1
 % Cross section > 1:   2.80727098147895750E+025  1.07102757365161741E-005
 Checking number of events  1.64243403782481849E-004           1  chi2:    4312188.7647706224     
 Found           65  events.
 Wrote            1  events.
 Actual xsec   2.62110056784784769E+032
 Correct abs xsec   2.62110056784784769E+032
 Event xsec   2.62110056784784805E+032
 Events wgts > 1:            1
 % Cross section > 1:   2.80727098147895750E+025  1.07102757365161741E-005
 Iteration  5   Mean: 0.1627E+35 Abs mean: 0.1627E+35   Fluctuation:  0.114E+35   0.351E+39    99.4%
  5    0.1627E+35 0.1627E+35 +- 0.1144E+35    125.75
 Relative summed weights:
  0.1000E+01  0.0000E+00
 Relative number of events:
  0.1000E+01  0.0000E+00
 Events:
       32000           0
 Found          181  events.
 Wrote            2  events.
 Actual xsec   5.84843310757719760E+033
 Correct abs xsec   5.84843310757719760E+033
 Event xsec   5.84843310757719760E+033
 Events wgts > 1:            1
 % Cross section > 1:   1.51915804823940348E+026  2.59754710414861478E-006
 Checking number of events  3.66474515387002356E-003           2  chi2:    213802.38845958310     
 Found          181  events.
 Wrote            3  events.
 Actual xsec   5.84843310757719760E+033
 Correct abs xsec   5.84843310757719760E+033
 Event xsec   5.84843310757719760E+033
 Events wgts > 1:            1
 % Cross section > 1:   1.01277204080651361E+026  1.73169808421741505E-006
 Iteration  6   Mean: 0.8630E+34 Abs mean: 0.8630E+34   Fluctuation:  0.581E+34   0.368E+39    99.6%
  6    0.8630E+34 0.8630E+34 +- 0.5805E+34    170.17
 Relative summed weights:
  0.1000E+01  0.0000E+00
 Relative number of events:
  0.1000E+01  0.0000E+00
 Events:
       64000           0
 Found          121  events.
 Wrote            1  events.
 Actual xsec   7.55929665599515761E+033
 Correct abs xsec   7.55929665599515761E+033
 Event xsec   7.55929665599515761E+033
 Events wgts > 1:            0
 % Cross section > 1:    0.0000000000000000        0.0000000000000000     
 Checking number of events  4.73680647057968598E-003           1  chi2:    323.70775444460702     
 Found          121  events.
 Wrote            1  events.
 Actual xsec   7.55929665599515761E+033
 Correct abs xsec   7.55929665599515761E+033
 Event xsec   7.55929665599515761E+033
 Events wgts > 1:            0
 % Cross section > 1:    0.0000000000000000        0.0000000000000000     
 Iteration  7   Mean: 0.2685E+36 Abs mean: 0.2685E+36   Fluctuation:  0.241E+36   0.307E+41    99.5%
  7    0.2685E+36 0.2685E+36 +- 0.2406E+36    320.51
 Relative summed weights:
  0.1000E+01  0.0000E+00
 Relative number of events:
  0.1000E+01  0.0000E+00
 Events:
      128000           0
 Found          368  events.
 Wrote            1  events.
 Actual xsec   7.05508533699340420E+034
 Correct abs xsec   7.05508533699340420E+034
 Event xsec   7.05508533699340420E+034
 Events wgts > 1:            0
 % Cross section > 1:    0.0000000000000000        0.0000000000000000     
 Checking number of events  4.42085757386680711E-002           1  chi2:    68.485633946924821     
 Found          368  events.
 Wrote            1  events.
 Actual xsec   7.05508533699340420E+034
 Correct abs xsec   7.05508533699340420E+034
 Event xsec   7.05508533699340420E+034
 Events wgts > 1:            0
 % Cross section > 1:    0.0000000000000000        0.0000000000000000     
 Iteration  8   Mean: 0.4807E+37 Abs mean: 0.4807E+37   Fluctuation:  0.477E+37   0.122E+43    99.5%
  8    0.4807E+37 0.4807E+37 +- 0.4770E+37    502.12
 Relative summed weights:
  0.1000E+01  0.0000E+00
 Relative number of events:
  0.1000E+01  0.0000E+00
 Events:
      256000           0
 Found          112  events.
 Wrote            1  events.
 Actual xsec   1.17057246163600015E+036
 Correct abs xsec   1.17057246163600015E+036
 Event xsec   1.17057246163600001E+036
 Events wgts > 1:            1
 % Cross section > 1:   2.54887275282318008E+028  2.17745832604062638E-006
 Checking number of events  0.73350411591035047                1  chi2:    20039.212362063183     
 Found          112  events.
 Wrote            1  events.
 Actual xsec   1.17057246163600015E+036
 Correct abs xsec   1.17057246163600015E+036
 Event xsec   1.17057246163600001E+036
 Events wgts > 1:            1
 % Cross section > 1:   2.54887275282318008E+028  2.17745832604062638E-006
 Iteration  9   Mean: 0.1309E+37 Abs mean: 0.1309E+37   Fluctuation:  0.127E+37   0.648E+42    99.5%
  9    0.1309E+37 0.1309E+37 +- 0.1265E+37    691.65
 Exceeded boost           1          96   512000.00    
 Exceeded boost           2          96   102400.00    
 Relative summed weights:
  0.1000E+01  0.0000E+00
 Relative number of events:
  0.1000E+01  0.0000E+00
 Events:
      512000           0
 Found           46  events.
 Wrote            1  events.
 Actual xsec   1.98586135546349448E+036
 Correct abs xsec   1.98586135546349448E+036
 Event xsec   1.98586135546349448E+036
 Events wgts > 1:            0
 % Cross section > 1:    0.0000000000000000        0.0000000000000000     
 Checking number of events   1.2443804425605349                1  chi2:    25.798430837702988     
 Found           46  events.
 Wrote            1  events.
 Actual xsec   1.98586135546349448E+036
 Correct abs xsec   1.98586135546349448E+036
 Event xsec   1.98586135546349448E+036
 Events wgts > 1:            0
 % Cross section > 1:    0.0000000000000000        0.0000000000000000     

 -------------------------------------------------------------------------------
 Accumulated results:   Integral =  0.4890E+36
                        Std dev  =  0.1324E+36
                       Cross sec =  0.4890E+36
             Chi**2 per DoF.     =     11.5626
 -------------------------------------------------------------------------------
-------------------------------------------------
---------------------------
 Results Last   3 iters: Integral =   0.1986E+37
                     Abs integral =   0.1986E+37
                          Std dev =   0.1088E+37
                  Chi**2 per DoF. =     25.7984
-------------------------------------------------
---------------------------
 Status -6.26620000000000013E-037          10           9
 Trying w/ fresh grid
 Starting w/ ncall =         8000
 Using non-zero grid deformation.
  5 dimensions   8000 events  5 invarients  8 iterations  1 config(s),  (0.99)
 Using h-tuple random number sequence.
 Error opening grid
 Using Uniform Grid!
 Using uniform alpha   1.0000000000000000     
 Grid defined OK
Setting grid   1    0.53290E-04   1
Setting grid   2    0.53290E-04   1
 Iteration  1   Mean: 0.1838E+25 Abs mean: 0.1838E+25   Fluctuation:  0.170E+25   0.136E+29    98.6%
  1    0.1838E+25 0.1838E+25 +- 0.1699E+25     82.70
 Relative summed weights:
  0.1000E+01  0.0000E+00
 Relative number of events:
  0.1000E+01  0.0000E+00
 Events:
        8000           0
 Iteration  2   Mean: 0.4599E+36 Abs mean: 0.4599E+36   Fluctuation:  0.460E+36   0.736E+40    98.2%
  2    0.4599E+36 0.4599E+36 +- 0.4599E+36    126.49
 Relative summed weights:
  0.1000E+01  0.0000E+00
 Relative number of events:
  0.1000E+01  0.0000E+00
 Events:
       16000           0
 Iteration  3   Mean: 0.4396E+32 Abs mean: 0.4396E+32   Fluctuation:  0.300E+32   0.801E+36    99.4%
  3    0.4396E+32 0.4396E+32 +- 0.3003E+32    122.21
 Relative summed weights:
  0.1000E+01  0.0000E+00
 Relative number of events:
  0.1000E+01  0.0000E+00
 Events:
       32000           0
 Found            5  events.
 Wrote            1  events.
 Actual xsec   1.06677261946314913E+035
 Correct abs xsec   1.06677261946314913E+035
 Event xsec   1.06677261946314913E+035
 Events wgts > 1:            1
 % Cross section > 1:   9.75577480697348029E+027  9.14513048889748516E-006
 Checking number of events  6.68461058807998526E-002           1  chi2:   1.97079017779516303E+021
 Found            5  events.
 Wrote            1  events.
 Actual xsec   1.06677261946314913E+035
 Correct abs xsec   1.06677261946314913E+035
 Event xsec   1.06677261946314913E+035
 Events wgts > 1:            1
 % Cross section > 1:   9.75577480697348029E+027  9.14513048889748516E-006
 Iteration  4   Mean: 0.3712E+36 Abs mean: 0.3712E+36   Fluctuation:  0.371E+36   0.237E+41    99.5%
  4    0.3712E+36 0.3712E+36 +- 0.3708E+36    252.74
 Relative summed weights:
  0.1000E+01  0.0000E+00
 Relative number of events:
  0.1000E+01  0.0000E+00
 Events:
       64000           0
 Found           93  events.
 Wrote            1  events.
 Actual xsec   2.00728270662805843E+035
 Correct abs xsec   2.00728270662805843E+035
 Event xsec   2.00728270662805843E+035
 Events wgts > 1:            0
 % Cross section > 1:    0.0000000000000000        0.0000000000000000     
 Checking number of events  0.12578034896272741                1  chi2:    22329968.885611799     
 Found           93  events.
 Wrote            1  events.
 Actual xsec   2.00728270662805843E+035
 Correct abs xsec   2.00728270662805843E+035
 Event xsec   2.00728270662805843E+035
 Events wgts > 1:            0
 % Cross section > 1:    0.0000000000000000        0.0000000000000000     
 Iteration  5   Mean: 0.1372E+39 Abs mean: 0.1372E+39   Fluctuation:  0.137E+39   0.176E+44    99.1%
  5    0.1372E+39 0.1372E+39 +- 0.1372E+39    357.76
 Relative summed weights:
  0.1000E+01  0.0000E+00
 Relative number of events:
  0.1000E+01  0.0000E+00
 Events:
      128000           0
 Found           22  events.
 Wrote            1  events.
 Actual xsec   3.31986649457741344E+037
 Correct abs xsec   3.31986649457741344E+037
 Event xsec   3.31986649457741344E+037
 Events wgts > 1:            0
 % Cross section > 1:    0.0000000000000000        0.0000000000000000     
 Checking number of events   20.802947428320987                1  chi2:    611084615509.73901     
 Found           22  events.
 Wrote            1  events.
 Actual xsec   3.31986649457741344E+037
 Correct abs xsec   3.31986649457741344E+037
 Event xsec   3.31986649457741344E+037
 Events wgts > 1:            0
 % Cross section > 1:    0.0000000000000000        0.0000000000000000     
 Fixing grid
 Iteration  6   Mean: 0.4908E+34 Abs mean: 0.4908E+34   Fluctuation:  0.442E+34   0.113E+40    99.5%
  6    0.4908E+34 0.4908E+34 +- 0.4418E+34    455.42
 Relative summed weights:
  0.1000E+01  0.0000E+00
 Relative number of events:
  0.1000E+01  0.0000E+00
 Events:
      256000           0
 Found            5  events.
 Wrote            1  events.
 Actual xsec   4.25184899857717265E+037
 Correct abs xsec   4.25184899857717265E+037
 Event xsec   4.25184899857717312E+037
 Events wgts > 1:            1
 % Cross section > 1:   5.23969372193445990E+030  1.23233297412204823E-005
 Checking number of events   26.642936194884278                1  chi2:    46313709.265331045     
 Found            5  events.
 Wrote            2  events.
 Actual xsec   4.25184899857717265E+037
 Correct abs xsec   4.25184899857717265E+037
 Event xsec   4.25184899857717312E+037
 Events wgts > 1:            1
 % Cross section > 1:   2.61984702152769037E+030  6.16166524823527013E-006
 Iteration  7   Mean: 0.3580E+34 Abs mean: 0.3580E+34   Fluctuation:  0.155E+34   0.683E+39    99.5%
  7    0.3580E+34 0.3580E+34 +- 0.1550E+34    309.87
 Relative summed weights:
  0.1000E+01  0.0000E+00
 Relative number of events:
  0.1000E+01  0.0000E+00
 Events:
      512000           0
 Found          325  events.
 Wrote            2  events.
 Actual xsec   1.81388418091967518E+037
 Correct abs xsec   1.81388418091967518E+037
 Event xsec   1.81388418091967518E+037
 Events wgts > 1:            0
 % Cross section > 1:    0.0000000000000000        0.0000000000000000     
 Checking number of events   11.366161054478869                2  chi2:    76849596.284844533     
 Found          325  events.
 Wrote            3  events.
 Actual xsec   1.81388418091967518E+037
 Correct abs xsec   1.81388418091967518E+037
 Event xsec   1.81388418091967518E+037
 Events wgts > 1:            0
 % Cross section > 1:    0.0000000000000000        0.0000000000000000     
 Iteration  8   Mean: 0.1998E+35 Abs mean: 0.1998E+35   Fluctuation:  0.127E+35   0.116E+41    99.5%
  8    0.1998E+35 0.1998E+35 +- 0.1266E+35    640.96
 Relative summed weights:
  0.1000E+01  0.0000E+00
 Relative number of events:
  0.1000E+01  0.0000E+00
 Events:
     1024000           0
 Found          762  events.
 Wrote            2  events.
 Actual xsec   1.65258866087658131E+035
 Correct abs xsec   1.65258866087658131E+035
 Event xsec   1.65258866087658131E+035
 Events wgts > 1:            1
 % Cross section > 1:   3.73560556580986718E+027  2.26045697531797965E-006
 Checking number of events  5.18454452523602408E-003           2  chi2:    5.3022477756160233     

 -------------------------------------------------------------------------------
 Accumulated results:   Integral =  0.8985E+37
                        Std dev  =  0.2292E+37
                       Cross sec =  0.3112E+02
             Chi**2 per DoF.     =
-------------------------------------------------
---------------------------
 Results Last   3 iters: Integral =   0.1653E+36
                     Abs integral =   0.1653E+36
                         Std dev =   0.5541E+35
                 Chi**2 per DoF. =   5504.6805
-------------------------------------------------
---------------------------

ls status:
events.lhe
ftn25
ftn26
input_sg.txt
moffset.dat
results.dat
run1_app.log
