 Process in group number            0
 No PDF is used, alpha_s(MZ) from param_card is used
 Value of alpha_s from param_card:   0.11800000071525575     
 The default order of alpha_s running is fixed to            2
 *****************************************************
 *               MadGraph/MadEvent                   *
 *        --------------------------------           *
 *          http://madgraph.hep.uiuc.edu             *
 *          http://madgraph.phys.ucl.ac.be           *
 *          http://madgraph.roma2.infn.it            *
 *        --------------------------------           *
 *                                                   *
 *          PARAMETER AND COUPLING VALUES            *
 *                                                   *
 *****************************************************

  External Params
  ---------------------------------
  
 aEWM1 =    132.50700378417969     
 mdl_Gf =   1.16639000000000003E-005
 aS =   0.11800000071525575     
 mdl_ymb =    4.6999998092651367     
 mdl_ymt =    173.00000000000000     
 mdl_yme =   5.10999991092830896E-004
 mdl_ymm =   0.10565999895334244     
 mdl_ymtau =    1.7769999504089355     
 mdl_MZ =    91.188003540039063     
 mdl_MT =    173.00000000000000     
 mdl_MB =    4.6999998092651367     
 mdl_MH =    125.00000000000000     
 mdl_Me =   5.10999991092830896E-004
 mdl_MM =   0.10565999895334244     
 mdl_MTA =    1.7769999504089355     
 mdl_WZ =    2.4414041042327881     
 mdl_WW =    2.0476000308990479     
 mdl_WT =    1.4915000200271606     
 mdl_WH =   6.38233916833996773E-003
 mdl_WTau =   2.26999999999999982E-012
  Internal Params
  ---------------------------------
  
 mdl_conjg__CKM3x3 =    1.0000000000000000     
 mdl_CKM3x3 =    1.0000000000000000     
 mdl_conjg__CKM1x1 =    1.0000000000000000     
 mdl_complexi =  (  0.0000000000000000     ,  1.0000000000000000     )
 mdl_MZ__exp__2 =    8315.2519896181766     
 mdl_MZ__exp__4 =    69143415.650849044     
 mdl_sqrt__2 =    1.4142135623730951     
 mdl_MH__exp__2 =    15625.000000000000     
 mdl_aEW =   7.54677089845565054E-003
 mdl_MW =    80.419007276179556     
 mdl_sqrt__aEW =   8.68721526063194194E-002
 mdl_ee =   0.30795376284704501     
 mdl_MW__exp__2 =    6467.2167312862202     
 mdl_sw2 =   0.22224645274001076     
 mdl_cw =   0.88190336616887299     
 mdl_sqrt__sw2 =   0.47143022043565552     
 mdl_sw =   0.47143022043565552     
 mdl_g1 =   0.34919218438279087     
 mdl_gw =   0.65323296958447097     
 mdl_vev =    246.21845810181631     
 mdl_vev__exp__2 =    60623.529110035874     
 mdl_lam =   0.12886910601690271     
 mdl_yb =   2.69955531549349904E-002
 mdl_ye =   2.93504850670934038E-006
 mdl_ym =   6.06883028478528356E-004
 mdl_yt =   0.99366614581500645     
 mdl_ytau =   1.02066167158167895E-002
 mdl_muH =    88.388347648318444     
 mdl_I1x33 =  ( 2.69955531549349904E-002,  0.0000000000000000     )
 mdl_I2x33 =  ( 0.99366614581500645     ,  0.0000000000000000     )
 mdl_I3x33 =  ( 0.99366614581500645     ,  0.0000000000000000     )
 mdl_I4x33 =  ( 2.69955531549349904E-002,  0.0000000000000000     )
 mdl_ee__exp__2 =   9.48355200516540348E-002
 mdl_sw__exp__2 =   0.22224645274001076     
 mdl_cw__exp__2 =   0.77775354725998924     
  Internal Params evaluated point by point
  ----------------------------------------
  
 mdl_sqrt__aS =   0.34351128178744839     
 mdl_G__exp__2 =    1.4828317414825511     
  Couplings of sm-lepton_masses
  ---------------------------------
  
         GC_3 =  -0.00000E+00  -0.30795E+00
        GC_50 =  -0.00000E+00  -0.28804E+00
        GC_59 =   0.00000E+00   0.82310E-01
        GC_89 =  -0.00000E+00  -0.20754E-05

 Collider parameters:
 --------------------

 Running at e e   machine @   7.14879999999999960E-002  GeV
 PDF set = none   
 alpha_s(Mz)= 0.1180 running at 2 loops.
 alpha_s(Mz)= 0.1180 running at 2 loops.
 Renormalization scale fixed @    91.188000000000002     
 Factorization scales  fixed @    91.188000000000002        91.188000000000002     


 getting user params
Enter number of events and max and min iterations: 
 Number of events and iterations         2000           9           3
Enter desired fractional accuracy: 
 Desired fractional accuracy:  -5.74259999999999987E-006
Enter 0 for fixed, 2 for adjustable grid: 
Suppress amplitude (0 no, 1 yes)? 
 Using suppressed amplitude.
Exact helicity sum (0 yes, n = number/event)? 
 Explicitly summing over helicities
Enter Configuration Number: 
Running Configuration Number:    7
 Not subdividing B.W.
 Attempting mappinvarients           1           5
 Completed mapping           5
 about to integrate            5        2000           9           3           5           1
 Using non-zero grid deformation.
  5 dimensions   2000 events  5 invarients  9 iterations  1 config(s),  (0.99)
 Using h-tuple random number sequence.
 Error opening grid
 Using Uniform Grid!
 Using uniform alpha   1.0000000000000000     
 Grid defined OK
 Set CM energy to          0.07
 Mapping Graph           7  to config           7
Setting grid   1    0.17611E-04   1
Setting grid   2    0.51095E-04   1
 Masses: 0.511E-03 0.511E-03 0.000E+00 0.511E-03 0.511E-03
   7   1   2   3   4   5
 Got moffset          17
Using random seed offsets     7 :      1
  with seed                   87
 Ranmar initialization seeds       17619        2971
  Particle       3       4       5
      Et >     0.0     0.0     0.0
       E >     0.0     0.0     0.0
     Eta <    -1.0    -1.0    -1.0
   xqcut:      0.0     0.0     0.0
d R # 3  >    -0.0     0.0     0.0
d R # 4  >    -0.0    -0.0     0.0
s min # 3>     0.0     0.0     0.0
s min # 4>     0.0     0.0     0.0
xqcutij # 3>     0.0     0.0     0.0
xqcutij # 4>     0.0     0.0     0.0
 alpha_s for scale    91.188000000000002       is   0.11800000071525575     
 Added good helicity            1   5.6357835461605328       in event            1
 Added good helicity            3  0.12103695224791236       in event            1
 Added good helicity            5   2.2949125210082153       in event            1
 Added good helicity            7  1.44288198273409217E-006  in event            1
 Added good helicity           10   5.5622926278333527       in event            1
 Added good helicity           12  0.12325659537402824       in event            1
 Added good helicity           14   2.2627129459874005       in event            1
 Added good helicity           16  1.43590865259256025E-006  in event            1
 Added good helicity           17  1.43590865395553663E-006  in event            1
 Added good helicity           19   2.2627129481255399       in event            1
 Added good helicity           21  0.12325659535922888       in event            1
 Added good helicity           23   5.5622926330897107       in event            1
 Added good helicity           26  1.44288198179259642E-006  in event            1
 Added good helicity           28   2.2949125210081824       in event            1
 Added good helicity           30  0.12103695211837102       in event            1
 Added good helicity           32   5.6357835461612398       in event            1
 Added good helicity            2  1.72569124725341859E-003  in event            3
 Added good helicity            6  2.37600889448761729E-005  in event            3
 Added good helicity            9  9.46237946128014700E-006  in event            3
 Added good helicity           11   1.7206806748603689       in event            3
 Added good helicity           13  6.23067255278876118E-006  in event            3
 Added good helicity           15   1.1409011042367407       in event            3
 Added good helicity           18   1.1409011046627922       in event            3
 Added good helicity           20  6.23066826105176332E-006  in event            3
 Added good helicity           22   1.7206806742284106       in event            3
 Added good helicity           24  9.46237302101587731E-006  in event            3
 Added good helicity           27  2.37600799300500457E-005  in event            3
 Added good helicity           31  1.72569124606226790E-003  in event            3
 Iteration  1   Mean: 0.1910E+10 Abs mean: 0.1910E+10   Fluctuation:  0.129E+09   0.120E+12    74.7%
  1    0.1910E+10 0.1910E+10 +- 0.1291E+09      3.02
 Writing out events   142100.50930509000        3.0233332460891558     
 Relative summed weights:
  0.1000E+01  0.0000E+00
 Relative number of events:
  0.1000E+01  0.0000E+00
 Events:
        2000           0
 Iteration  2   Mean: 0.1750E+10 Abs mean: 0.1750E+10   Fluctuation:  0.398E+08   0.236E+11    84.1%
  2    0.1750E+10 0.1750E+10 +- 0.3983E+08      1.44
 Relative summed weights:
  0.1000E+01  0.0000E+00
 Relative number of events:
  0.1000E+01  0.0000E+00
 Events:
        4000           0
 Iteration  3   Mean: 0.1710E+10 Abs mean: 0.1710E+10   Fluctuation:  0.208E+08   0.183E+11    80.6%
  3    0.1710E+10 0.1710E+10 +- 0.2078E+08      1.09
 Relative summed weights:
  0.1000E+01  0.0000E+00
 Relative number of events:
  0.1000E+01  0.0000E+00
 Events:
        8000           0
 Found          943  events.
 Wrote          938  events.
 Actual xsec    1723582184.2463369     
 Correct abs xsec    1723582184.2463369     
 Event xsec    1723582184.2463644     
 Events wgts > 1:            1
 % Cross section > 1:    549327.85675649368       3.18712888643999936E-002
 Checking number of events   9897.8430512530140              938  chi2:    1.4739302978473809     
 Found          943  events.
 Wrote          938  events.
 Actual xsec    1723582184.2463369     
 Correct abs xsec    1723582184.2463369     
 Event xsec    1723582184.2463644     
 Events wgts > 1:            1
 % Cross section > 1:    549327.85675649368       3.18712888643999936E-002
 Iteration  4   Mean: 0.1729E+10 Abs mean: 0.1729E+10   Fluctuation:  0.132E+08   0.155E+11    78.4%
  4    0.1729E+10 0.1729E+10 +- 0.1320E+08      0.97
 Relative summed weights:
  0.1000E+01  0.0000E+00
 Relative number of events:
  0.1000E+01  0.0000E+00
 Events:
       16000           0
 Found         2055  events.
 Wrote         2052  events.
 Actual xsec    1725515259.4091740     
 Correct abs xsec    1725515259.4091740     
 Event xsec    1725515259.4092009     
 Events wgts > 1:            1
 % Cross section > 1:    130698.72130278882       7.57447496277365538E-003
 Checking number of events   9908.9439286831221             2052  chi2:   0.49578794304851331     
 Found         2055  events.
 Wrote         2052  events.
 Actual xsec    1725515259.4091740     
 Correct abs xsec    1725515259.4091740     
 Event xsec    1725515259.4092009     
 Events wgts > 1:            1
 % Cross section > 1:    130698.72130278882       7.57447496277365538E-003
 Iteration  5   Mean: 0.1730E+10 Abs mean: 0.1730E+10   Fluctuation:  0.875E+07   0.199E+11    76.3%
  5    0.1730E+10 0.1730E+10 +- 0.8745E+07      0.90
 Relative summed weights:
  0.1000E+01  0.0000E+00
 Relative number of events:
  0.1000E+01  0.0000E+00
 Events:
       32000           0
 Found         4186  events.
 Wrote         4181  events.
 Actual xsec    1727487886.8021190     
 Correct abs xsec    1727487886.8021190     
 Event xsec    1727487886.8021817     
 Events wgts > 1:            2
 % Cross section > 1:    238174.14376698912       1.37873119450858950E-002
 Checking number of events   9920.2719387498491             4181  chi2:   0.39506378957067595     
 Found         4186  events.
 Wrote         4181  events.
 Actual xsec    1727487886.8021190     
 Correct abs xsec    1727487886.8021190     
 Event xsec    1727487886.8021817     
 Events wgts > 1:            2
 % Cross section > 1:    238174.14376698912       1.37873119450858950E-002
 Iteration  6   Mean: 0.1738E+10 Abs mean: 0.1738E+10   Fluctuation:  0.603E+07   0.327E+11    75.0%
  6    0.1738E+10 0.1738E+10 +- 0.6033E+07      0.88
 Relative summed weights:
  0.1000E+01  0.0000E+00
 Relative number of events:
  0.1000E+01  0.0000E+00
 Events:
       64000           0
 Found         8527  events.
 Wrote         8523  events.
 Actual xsec    1734717570.2431333     
 Correct abs xsec    1734717570.2431333     
 Event xsec    1734717570.2433462     
 Events wgts > 1:            6
 % Cross section > 1:    637046.00654067646       3.67233270399925441E-002
 Checking number of events   9961.7891188782178             8523  chi2:   0.41635644542303385     
 Found         8527  events.
 Wrote         8523  events.
 Actual xsec    1734717570.2431333     
 Correct abs xsec    1734717570.2431333     
 Event xsec    1734717570.2433462     
 Events wgts > 1:            6
 % Cross section > 1:    637046.00654067646       3.67233270399925441E-002
 Iteration  7   Mean: 0.1733E+10 Abs mean: 0.1733E+10   Fluctuation:  0.432E+07   0.464E+11    73.6%
  7    0.1733E+10 0.1733E+10 +- 0.4324E+07      0.89
 Relative summed weights:
  0.1000E+01  0.0000E+00
 Relative number of events:
  0.1000E+01  0.0000E+00
 Events:
      128000           0
 Found        17315  events.
 Wrote        17311  events.
 Actual xsec    1733990508.1037109     
 Correct abs xsec    1733990508.1037109     
 Event xsec    1733990508.1032834     
 Events wgts > 1:           38
 % Cross section > 1:    2358434.8689923403       0.13601198264759257     
 Checking number of events   9957.6138918363704            17311  chi2:   0.38985130595904222     

 -------------------------------------------------------------------------------
 Accumulated results:   Integral =  0.1733E+10
                        Std dev  =  0.3119E+07
                       Cross sec =  0.7684E+00
             Chi**2 per DoF.     =
-------------------------------------------------
---------------------------
 Results Last   3 iters: Integral =   0.1734E+10
                     Abs integral =   0.1734E+10
                          Std dev =   0.3261E+07
                  Chi**2 per DoF. =      0.3899
-------------------------------------------------
---------------------------
 Status -5.74259999999999987E-006           8           9
 We found enough events       17311   9957.6138918363704     

ls status:
events.lhe
ftn25
ftn26
input_sg.txt
moffset.dat
results.dat
run_01_ftn26.gz
run_01_log.txt
run_01_results.dat
run_02_ftn26.gz
run_02_log.txt
run_02_results.dat
run1_app.log
