This file contains any messages produced by compilers while
running configure, to aid debugging if configure makes a mistake.

It was created by LHAPDF configure 4.2, which was
generated by GNU Autoconf 2.59.  Invocation command line was

  $ ./configure --prefix=/home/local1/project/Dark-Photons/madgraph/madgraph_binaries/pythia-pgs/libraries/lhapdf --datadir=/home/local1/project/Dark-Photons/madgraph/madgraph_binaries/pythia-pgs/src

## --------- ##
## Platform. ##
## --------- ##

hostname = localhost.localdomain
uname -m = x86_64
uname -r = 2.6.32-431.17.1.el6.x86_64
uname -s = Linux
uname -v = #1 SMP Wed May 7 14:14:17 CDT 2014

/usr/bin/uname -p = unknown
/bin/uname -X     = unknown

/bin/arch              = x86_64
/usr/bin/arch -k       = unknown
/usr/convex/getsysinfo = unknown
hostinfo               = unknown
/bin/machine           = unknown
/usr/bin/oslevel       = unknown
/bin/universe          = unknown

PATH: /usr/local/Python/3.3.2/bin
PATH: /usr/local/geant4.10.00.p01/bin
PATH: /usr/local/bin
PATH: /usr/local/firefox
PATH: /usr/lib64/qt4/bin
PATH: /usr/local/valgrind/3.8.1/bin
PATH: /usr/local/jre1.7.0_25_x64/bin
PATH: /usr/local/grace/5.1.23/grace/bin
PATH: /opt/openoffice.org3/program
PATH: /usr/local/sourcenavigator/bin
PATH: /usr/X11R6/bin/
PATH: /bin
PATH: /usr/bin
PATH: /usr/sbin
PATH: /usr/local/Modules/3.2.10/bin
PATH: .
PATH: /home/local1
PATH: ~/geant4/work/bin/Linux-g++
PATH: /usr/local/OpenScientist/16.11.7/bin
PATH: /usr/local/root/5.34.09/bin


## ----------- ##
## Core tests. ##
## ----------- ##

configure:1298: checking for a BSD-compatible install
configure:1353: result: /usr/bin/install -c
configure:1364: checking whether build environment is sane
configure:1407: result: yes
configure:1472: checking for gawk
configure:1488: found /bin/gawk
configure:1498: result: gawk
configure:1508: checking whether make sets $(MAKE)
configure:1528: result: yes
configure:1759: checking for gfortran
configure:1775: found /usr/bin/gfortran
configure:1785: result: gfortran
configure:1800: checking for Fortran 77 compiler version
configure:1803: gfortran --version </dev/null >&5
GNU Fortran (GCC) 4.4.7 20120313 (Red Hat 4.4.7-4)
Copyright (C) 2010 Free Software Foundation, Inc.

GNU Fortran comes with NO WARRANTY, to the extent permitted by law.
You may redistribute copies of GNU Fortran
under the terms of the GNU General Public License.
For more information about these matters, see the file named COPYING

configure:1806: $? = 0
configure:1808: gfortran -v </dev/null >&5
Using built-in specs.
Target: x86_64-redhat-linux
Configured with: ../configure --prefix=/usr --mandir=/usr/share/man --infodir=/usr/share/info --with-bugurl=http://bugzilla.redhat.com/bugzilla --enable-bootstrap --enable-shared --enable-threads=posix --enable-checking=release --with-system-zlib --enable-__cxa_atexit --disable-libunwind-exceptions --enable-gnu-unique-object --enable-languages=c,c++,objc,obj-c++,java,fortran,ada --enable-java-awt=gtk --disable-dssi --with-java-home=/usr/lib/jvm/java-1.5.0-gcj-1.5.0.0/jre --enable-libgcj-multifile --enable-java-maintainer-mode --with-ecj-jar=/usr/share/java/eclipse-ecj.jar --disable-libjava-multilib --with-ppl --with-cloog --with-tune=generic --with-arch_32=i686 --build=x86_64-redhat-linux
Thread model: posix
gcc version 4.4.7 20120313 (Red Hat 4.4.7-4) (GCC) 
configure:1811: $? = 0
configure:1813: gfortran -V </dev/null >&5
gfortran: '-V' option must have argument
configure:1816: $? = 1
configure:1830: checking for Fortran 77 compiler default output file name
configure:1833: gfortran   conftest.f  >&5
configure:1836: $? = 0
configure:1882: result: a.out
configure:1887: checking whether the Fortran 77 compiler works
configure:1893: ./a.out
configure:1896: $? = 0
configure:1913: result: yes
configure:1920: checking whether we are cross compiling
configure:1922: result: no
configure:1925: checking for suffix of executables
configure:1927: gfortran -o conftest   conftest.f  >&5
configure:1930: $? = 0
configure:1955: result: 
configure:1961: checking for suffix of object files
configure:1972: gfortran -c  conftest.f >&5
configure:1975: $? = 0
configure:1997: result: o
configure:2005: checking whether we are using the GNU Fortran 77 compiler
configure:2019: gfortran -c  conftest.F >&5
configure:2025: $? = 0
configure:2029: test -z 
			 || test ! -s conftest.err
configure:2032: $? = 0
configure:2035: test -s conftest.o
configure:2038: $? = 0
configure:2051: result: yes
configure:2057: checking whether gfortran accepts -g
configure:2069: gfortran -c -g conftest.f >&5
configure:2075: $? = 0
configure:2079: test -z 
			 || test ! -s conftest.err
configure:2082: $? = 0
configure:2085: test -s conftest.o
configure:2088: $? = 0
configure:2100: result: yes
configure:2165: checking for ranlib
configure:2181: found /usr/bin/ranlib
configure:2192: result: ranlib
configure:2217: checking for a BSD-compatible install
configure:2272: result: /usr/bin/install -c
configure:2283: checking whether make sets $(MAKE)
configure:2303: result: yes
configure:2312: checking whether ln -s works
configure:2316: result: yes
configure:2456: creating ./config.status

## ---------------------- ##
## Running config.status. ##
## ---------------------- ##

This file was extended by LHAPDF config.status 4.2, which was
generated by GNU Autoconf 2.59.  Invocation command line was

  CONFIG_FILES    = 
  CONFIG_HEADERS  = 
  CONFIG_LINKS    = 
  CONFIG_COMMANDS = 
  $ ./config.status 

on localhost.localdomain

config.status:672: creating src/Makefile
config.status:672: creating Makefile
config.status:672: creating src/lhapdf-config
config.status:776: creating config/config.h
config.status:862: config/config.h is unchanged

## ---------------- ##
## Cache variables. ##
## ---------------- ##

ac_cv_env_F77_set=
ac_cv_env_F77_value=
ac_cv_env_FFLAGS_set=
ac_cv_env_FFLAGS_value=
ac_cv_env_LDFLAGS_set=
ac_cv_env_LDFLAGS_value=
ac_cv_env_build_alias_set=
ac_cv_env_build_alias_value=
ac_cv_env_host_alias_set=
ac_cv_env_host_alias_value=
ac_cv_env_target_alias_set=
ac_cv_env_target_alias_value=
ac_cv_exeext=
ac_cv_f77_compiler_gnu=yes
ac_cv_objext=o
ac_cv_path_install='/usr/bin/install -c'
ac_cv_prog_AWK=gawk
ac_cv_prog_ac_ct_F77=gfortran
ac_cv_prog_ac_ct_RANLIB=ranlib
ac_cv_prog_f77_g=yes
ac_cv_prog_make_make_set=yes

## ----------------- ##
## Output variables. ##
## ----------------- ##

ACLOCAL='${SHELL} /home/local1/project/Dark-Photons/madgraph/madgraph_binaries/pythia-pgs/libraries/lhapdf/config/missing --run aclocal-1.9'
AMTAR='${SHELL} /home/local1/project/Dark-Photons/madgraph/madgraph_binaries/pythia-pgs/libraries/lhapdf/config/missing --run tar'
AUTOCONF='${SHELL} /home/local1/project/Dark-Photons/madgraph/madgraph_binaries/pythia-pgs/libraries/lhapdf/config/missing --run autoconf'
AUTOHEADER='${SHELL} /home/local1/project/Dark-Photons/madgraph/madgraph_binaries/pythia-pgs/libraries/lhapdf/config/missing --run autoheader'
AUTOMAKE='${SHELL} /home/local1/project/Dark-Photons/madgraph/madgraph_binaries/pythia-pgs/libraries/lhapdf/config/missing --run automake-1.9'
AWK='gawk'
CYGPATH_W='echo'
DEFS='-DHAVE_CONFIG_H'
ECHO_C=''
ECHO_N='-n'
ECHO_T=''
EVLCTEQ_FALSE=''
EVLCTEQ_TRUE='#'
EXEEXT=''
F77='gfortran'
FFLAGS='-O'
INSTALL_DATA='${INSTALL} -m 644'
INSTALL_PROGRAM='${INSTALL}'
INSTALL_SCRIPT='${INSTALL}'
INSTALL_STRIP_PROGRAM='${SHELL} $(install_sh) -c -s'
LDFLAGS=''
LIBOBJS=''
LIBS=''
LN_S='ln -s'
LTLIBOBJS=''
MAKEINFO='${SHELL} /home/local1/project/Dark-Photons/madgraph/madgraph_binaries/pythia-pgs/libraries/lhapdf/config/missing --run makeinfo'
OBJEXT='o'
PACKAGE='lhapdf'
PACKAGE_BUGREPORT='lhapdf@cedar.ac.uk'
PACKAGE_NAME='LHAPDF'
PACKAGE_STRING='LHAPDF 4.2'
PACKAGE_TARNAME='lhapdf'
PACKAGE_VERSION='4.2'
PATH_SEPARATOR=':'
RANLIB='ranlib'
SET_MAKE=''
SHELL='/bin/sh'
STRIP=''
VERSION='4.2'
ac_ct_F77='gfortran'
ac_ct_RANLIB='ranlib'
ac_ct_STRIP=''
am__leading_dot='.'
am__tar='${AMTAR} chof - "$$tardir"'
am__untar='${AMTAR} xf -'
bindir='${exec_prefix}/bin'
build_alias=''
datadir='/home/local1/project/Dark-Photons/madgraph/madgraph_binaries/pythia-pgs/src'
exec_prefix='${prefix}'
host_alias=''
includedir='${prefix}/include'
infodir='${prefix}/info'
install_sh='/home/local1/project/Dark-Photons/madgraph/madgraph_binaries/pythia-pgs/libraries/lhapdf/config/install-sh'
libdir='${exec_prefix}/lib'
libexecdir='${exec_prefix}/libexec'
localstatedir='${prefix}/var'
mandir='${prefix}/man'
mkdir_p='mkdir -p --'
oldincludedir='/usr/include'
prefix='/home/local1/project/Dark-Photons/madgraph/madgraph_binaries/pythia-pgs/libraries/lhapdf'
program_transform_name='s,x,x,'
sbindir='${exec_prefix}/sbin'
sharedstatedir='${prefix}/com'
sysconfdir='${prefix}/etc'
target_alias=''

## ----------- ##
## confdefs.h. ##
## ----------- ##

#define PACKAGE "lhapdf"
#define PACKAGE_BUGREPORT "lhapdf@cedar.ac.uk"
#define PACKAGE_NAME "LHAPDF"
#define PACKAGE_STRING "LHAPDF 4.2"
#define PACKAGE_TARNAME "lhapdf"
#define PACKAGE_VERSION "4.2"
#define VERSION "4.2"

configure: exit 0
