 Process in group number            0
 No PDF is used, alpha_s(MZ) from param_card is used
 Value of alpha_s from param_card:   0.11800000071525575     
 The default order of alpha_s running is fixed to            2
 *****************************************************
 *               MadGraph/MadEvent                   *
 *        --------------------------------           *
 *          http://madgraph.hep.uiuc.edu             *
 *          http://madgraph.phys.ucl.ac.be           *
 *          http://madgraph.roma2.infn.it            *
 *        --------------------------------           *
 *                                                   *
 *          PARAMETER AND COUPLING VALUES            *
 *                                                   *
 *****************************************************

  External Params
  ---------------------------------
  
 aEWM1 =    132.50700378417969     
 mdl_Gf =   1.16639000000000003E-005
 aS =   0.11800000071525575     
 mdl_ymb =    4.6999998092651367     
 mdl_ymt =    173.00000000000000     
 mdl_yme =   5.10999991092830896E-004
 mdl_ymm =   0.10565999895334244     
 mdl_ymtau =    1.7769999504089355     
 mdl_MZ =    91.188003540039063     
 mdl_MT =    173.00000000000000     
 mdl_MB =    4.6999998092651367     
 mdl_MH =    125.00000000000000     
 mdl_Me =   5.10999991092830896E-004
 mdl_MM =   0.10565999895334244     
 mdl_MTA =    1.7769999504089355     
 mdl_WZ =    2.4414041042327881     
 mdl_WW =    2.0476000308990479     
 mdl_WT =    1.4915000200271606     
 mdl_WH =   6.38233916833996773E-003
 mdl_WTau =   2.26999999999999982E-012
  Internal Params
  ---------------------------------
  
 mdl_conjg__CKM3x3 =    1.0000000000000000     
 mdl_CKM3x3 =    1.0000000000000000     
 mdl_conjg__CKM1x1 =    1.0000000000000000     
 mdl_complexi =  (  0.0000000000000000     ,  1.0000000000000000     )
 mdl_MZ__exp__2 =    8315.2519896181766     
 mdl_MZ__exp__4 =    69143415.650849044     
 mdl_sqrt__2 =    1.4142135623730951     
 mdl_MH__exp__2 =    15625.000000000000     
 mdl_aEW =   7.54677089845565054E-003
 mdl_MW =    80.419007276179556     
 mdl_sqrt__aEW =   8.68721526063194194E-002
 mdl_ee =   0.30795376284704501     
 mdl_MW__exp__2 =    6467.2167312862202     
 mdl_sw2 =   0.22224645274001076     
 mdl_cw =   0.88190336616887299     
 mdl_sqrt__sw2 =   0.47143022043565552     
 mdl_sw =   0.47143022043565552     
 mdl_g1 =   0.34919218438279087     
 mdl_gw =   0.65323296958447097     
 mdl_vev =    246.21845810181631     
 mdl_vev__exp__2 =    60623.529110035874     
 mdl_lam =   0.12886910601690271     
 mdl_yb =   2.69955531549349904E-002
 mdl_ye =   2.93504850670934038E-006
 mdl_ym =   6.06883028478528356E-004
 mdl_yt =   0.99366614581500645     
 mdl_ytau =   1.02066167158167895E-002
 mdl_muH =    88.388347648318444     
 mdl_I1x33 =  ( 2.69955531549349904E-002,  0.0000000000000000     )
 mdl_I2x33 =  ( 0.99366614581500645     ,  0.0000000000000000     )
 mdl_I3x33 =  ( 0.99366614581500645     ,  0.0000000000000000     )
 mdl_I4x33 =  ( 2.69955531549349904E-002,  0.0000000000000000     )
 mdl_ee__exp__2 =   9.48355200516540348E-002
 mdl_sw__exp__2 =   0.22224645274001076     
 mdl_cw__exp__2 =   0.77775354725998924     
  Internal Params evaluated point by point
  ----------------------------------------
  
 mdl_sqrt__aS =   0.34351128178744839     
 mdl_G__exp__2 =    1.4828317414825511     
  Couplings of sm-lepton_masses
  ---------------------------------
  
         GC_3 =  -0.00000E+00  -0.30795E+00
        GC_50 =  -0.00000E+00  -0.28804E+00
        GC_59 =   0.00000E+00   0.82310E-01
        GC_89 =  -0.00000E+00  -0.20754E-05

 Collider parameters:
 --------------------

 Running at e e   machine @   7.14879999999999960E-002  GeV
 PDF set = none   
 alpha_s(Mz)= 0.1180 running at 2 loops.
 alpha_s(Mz)= 0.1180 running at 2 loops.
 Renormalization scale fixed @    91.188000000000002     
 Factorization scales  fixed @    91.188000000000002        91.188000000000002     


 getting user params
Enter number of events and max and min iterations: 
 Number of events and iterations         2000           9           3
Enter desired fractional accuracy: 
 Desired fractional accuracy:  -5.74259999999999987E-006
Enter 0 for fixed, 2 for adjustable grid: 
Suppress amplitude (0 no, 1 yes)? 
 Using suppressed amplitude.
Exact helicity sum (0 yes, n = number/event)? 
 Explicitly summing over helicities
Enter Configuration Number: 
Running Configuration Number:    7
 Not subdividing B.W.
 Attempting mappinvarients           1           5
 Completed mapping           5
 about to integrate            5        2000           9           3           5           1
 Using non-zero grid deformation.
  5 dimensions   2000 events  5 invarients  9 iterations  1 config(s),  (0.99)
 Using h-tuple random number sequence.
 Error opening grid
 Using Uniform Grid!
 Using uniform alpha   1.0000000000000000     
 Grid defined OK
 Set CM energy to          0.07
 Mapping Graph           7  to config           7
Setting grid   1    0.17611E-04   1
Setting grid   2    0.51095E-04   1
 Masses: 0.511E-03 0.511E-03 0.000E+00 0.511E-03 0.511E-03
   7   1   2   3   4   5
 Got moffset           4
Using random seed offsets     7 :      1
  with seed                   87
 Ranmar initialization seeds       17619       22092
  Particle       3       4       5
      Et >     0.0     0.0     0.0
       E >     0.0     0.0     0.0
     Eta <    -1.0    -1.0    -1.0
   xqcut:      0.0     0.0     0.0
d R # 3  >    -0.0     0.0     0.0
d R # 4  >    -0.0    -0.0     0.0
s min # 3>     0.0     0.0     0.0
s min # 4>     0.0     0.0     0.0
xqcutij # 3>     0.0     0.0     0.0
xqcutij # 4>     0.0     0.0     0.0
 alpha_s for scale    91.188000000000002       is   0.11800000071525575     
 Added good helicity            1   10.589096409656646       in event            1
 Added good helicity            2  6.42835634584505732E-004  in event            1
 Added good helicity            3  2.98424267965122416E-005  in event            1
 Added good helicity            5  0.95317555895538830       in event            1
 Added good helicity            6  1.31719843613974796E-004  in event            1
 Added good helicity            7  5.32842056543595732E-006  in event            1
 Added good helicity            9  6.74051802344818895E-005  in event            1
 Added good helicity           10  0.35745798817487612       in event            1
 Added good helicity           11  4.42889149831137471E-003  in event            1
 Added good helicity           12  1.56294938055184988E-006  in event            1
 Added good helicity           13  3.46757657718618903E-003  in event            1
 Added good helicity           14   4.0707377199083554       in event            1
 Added good helicity           15  2.07374849756683591E-002  in event            1
 Added good helicity           16  1.95263590478070828E-005  in event            1
 Added good helicity           17  1.95263599961812474E-005  in event            1
 Added good helicity           18  2.07374850496518104E-002  in event            1
 Added good helicity           19   4.0707379054835906       in event            1
 Added good helicity           20  3.46757656086440049E-003  in event            1
 Added good helicity           21  1.56294935555345905E-006  in event            1
 Added good helicity           22  4.42889148261092942E-003  in event            1
 Added good helicity           23  0.35745800475235251       in event            1
 Added good helicity           24  6.74051835961231229E-005  in event            1
 Added good helicity           26  5.32842067127744205E-006  in event            1
 Added good helicity           27  1.31719845776669624E-004  in event            1
 Added good helicity           28  0.95317555888543859       in event            1
 Added good helicity           30  2.98424257344981277E-005  in event            1
 Added good helicity           31  6.42835673386508467E-004  in event            1
 Added good helicity           32   10.589096410368757       in event            1
 Added good helicity            4  1.03942458267708380E-006  in event           90
 Added good helicity           29  1.03942458263836699E-006  in event           90
 Iteration  1   Mean: 0.1772E+10 Abs mean: 0.1772E+10   Fluctuation:  0.133E+09   0.175E+12    74.5%
  1    0.1772E+10 0.1772E+10 +- 0.1327E+09      3.35
 Writing out events   132128.75151850245        3.3509161202144160     
 Relative summed weights:
  0.1000E+01  0.0000E+00
 Relative number of events:
  0.1000E+01  0.0000E+00
 Events:
        2000           0
 Iteration  2   Mean: 0.1737E+10 Abs mean: 0.1737E+10   Fluctuation:  0.415E+08   0.291E+11    83.7%
  2    0.1737E+10 0.1737E+10 +- 0.4153E+08      1.51
 Relative summed weights:
  0.1000E+01  0.0000E+00
 Relative number of events:
  0.1000E+01  0.0000E+00
 Events:
        4000           0
 Iteration  3   Mean: 0.1718E+10 Abs mean: 0.1718E+10   Fluctuation:  0.210E+08   0.149E+11    79.1%
  3    0.1718E+10 0.1718E+10 +- 0.2100E+08      1.09
 Relative summed weights:
  0.1000E+01  0.0000E+00
 Relative number of events:
  0.1000E+01  0.0000E+00
 Events:
        8000           0
 Found          999  events.
 Wrote          994  events.
 Actual xsec    1722972574.4707544     
 Correct abs xsec    1722972574.4707544     
 Event xsec    1722972574.4707608     
 Events wgts > 1:            2
 % Cross section > 1:    221344.06955432426       1.28466391650089787E-002
 Checking number of events   9894.3423061557532              994  chi2:   0.14930067614599610     
 Found          999  events.
 Wrote          994  events.
 Actual xsec    1722972574.4707544     
 Correct abs xsec    1722972574.4707544     
 Event xsec    1722972574.4707608     
 Events wgts > 1:            2
 % Cross section > 1:    221344.06955432426       1.28466391650089787E-002
 Iteration  4   Mean: 0.1716E+10 Abs mean: 0.1716E+10   Fluctuation:  0.133E+08   0.171E+11    76.9%
  4    0.1716E+10 0.1716E+10 +- 0.1327E+08      0.98
 Relative summed weights:
  0.1000E+01  0.0000E+00
 Relative number of events:
  0.1000E+01  0.0000E+00
 Events:
       16000           0
 Found         2122  events.
 Wrote         2117  events.
 Actual xsec    1717860014.7751369     
 Correct abs xsec    1717860014.7751369     
 Event xsec    1717860014.7751181     
 Events wgts > 1:            2
 % Cross section > 1:    282004.07901266031       1.64160104191945419E-002
 Checking number of events   9864.9829208477004             2117  chi2:   0.11573588646862153     
 Found         2122  events.
 Wrote         2117  events.
 Actual xsec    1717860014.7751369     
 Correct abs xsec    1717860014.7751369     
 Event xsec    1717860014.7751181     
 Events wgts > 1:            2
 % Cross section > 1:    282004.07901266031       1.64160104191945419E-002
 Iteration  5   Mean: 0.1732E+10 Abs mean: 0.1732E+10   Fluctuation:  0.892E+07   0.187E+11    75.0%
  5    0.1732E+10 0.1732E+10 +- 0.8924E+07      0.92
 Relative summed weights:
  0.1000E+01  0.0000E+00
 Relative number of events:
  0.1000E+01  0.0000E+00
 Events:
       32000           0
 Found         4353  events.
 Wrote         4348  events.
 Actual xsec    1725955322.2712784     
 Correct abs xsec    1725955322.2712784     
 Event xsec    1725955322.2711737     
 Events wgts > 1:            3
 % Cross section > 1:    528221.57005701296       3.06045911641518904E-002
 Checking number of events   9911.4710336750431             4348  chi2:   0.58238100437771056     
 Found         4353  events.
 Wrote         4348  events.
 Actual xsec    1725955322.2712784     
 Correct abs xsec    1725955322.2712784     
 Event xsec    1725955322.2711737     
 Events wgts > 1:            3
 % Cross section > 1:    528221.57005701296       3.06045911641518904E-002
 Iteration  6   Mean: 0.1744E+10 Abs mean: 0.1744E+10   Fluctuation:  0.618E+07   0.352E+11    74.0%
  6    0.1744E+10 0.1744E+10 +- 0.6184E+07      0.90
 Relative summed weights:
  0.1000E+01  0.0000E+00
 Relative number of events:
  0.1000E+01  0.0000E+00
 Events:
       64000           0
 Found         8759  events.
 Wrote         8754  events.
 Actual xsec    1737035027.0072412     
 Correct abs xsec    1737035027.0072412     
 Event xsec    1737035027.0069346     
 Events wgts > 1:           17
 % Cross section > 1:    1347277.3532923032       7.75618990029108141E-002
 Checking number of events   9975.0973460917830             8754  chi2:    2.0728816821687204     
 Found         8759  events.
 Wrote         8754  events.
 Actual xsec    1737035027.0072412     
 Correct abs xsec    1737035027.0072412     
 Event xsec    1737035027.0069346     
 Events wgts > 1:           17
 % Cross section > 1:    1347277.3532923032       7.75618990029108141E-002
 Iteration  7   Mean: 0.1731E+10 Abs mean: 0.1731E+10   Fluctuation:  0.432E+07   0.284E+11    72.9%
  7    0.1731E+10 0.1731E+10 +- 0.4316E+07      0.89
 Relative summed weights:
  0.1000E+01  0.0000E+00
 Relative number of events:
  0.1000E+01  0.0000E+00
 Events:
      128000           0
 Found        17554  events.
 Wrote        17549  events.
 Actual xsec    1734996304.3595812     
 Correct abs xsec    1734996304.3595812     
 Event xsec    1734996304.3599739     
 Events wgts > 1:           43
 % Cross section > 1:    1230383.9930696255       7.09156549773461431E-002
 Checking number of events   9963.3897774153302            17549  chi2:    1.4746627054442909     

 -------------------------------------------------------------------------------
 Accumulated results:   Integral =  0.1734E+10
                        Std dev  =  0.3147E+07
                       Cross sec =  0.9238E+00
             Chi**2 per DoF.     =
-------------------------------------------------
---------------------------
 Results Last   3 iters: Integral =   0.1735E+10
                     Abs integral =   0.1735E+10
                          Std dev =   0.3290E+07
                  Chi**2 per DoF. =      1.4747
-------------------------------------------------
---------------------------
 Status -5.74259999999999987E-006           8           9
 We found enough events       17549   9963.3897774153302     

ls status:
events.lhe
ftn25
ftn26
input_sg.txt
moffset.dat
results.dat
run_01_ftn26.gz
run_01_log.txt
run_01_results.dat
run_02_ftn26.gz
run_02_log.txt
run_02_results.dat
run1_app.log
