 Process in group number            0
 No PDF is used, alpha_s(MZ) from param_card is used
 Value of alpha_s from param_card:   0.11800000071525575     
 The default order of alpha_s running is fixed to            2
 Warning: pt or E min of a gamma should in general be >0
 *****************************************************
 *               MadGraph/MadEvent                   *
 *        --------------------------------           *
 *          http://madgraph.hep.uiuc.edu             *
 *          http://madgraph.phys.ucl.ac.be           *
 *          http://madgraph.roma2.infn.it            *
 *        --------------------------------           *
 *                                                   *
 *          PARAMETER AND COUPLING VALUES            *
 *                                                   *
 *****************************************************

  External Params
  ---------------------------------
  
 aEWM1 =    132.50700378417969     
 mdl_Gf =   1.16639000000000003E-005
 aS =   0.11800000071525575     
 mdl_ymb =    4.6999998092651367     
 mdl_ymt =    173.00000000000000     
 mdl_yme =   5.10999991092830896E-004
 mdl_ymm =   0.10565999895334244     
 mdl_ymtau =    1.7769999504089355     
 mdl_MZ =    91.188003540039063     
 mdl_MT =    173.00000000000000     
 mdl_MB =    4.6999998092651367     
 mdl_MH =    125.00000000000000     
 mdl_Me =   5.10999991092830896E-004
 mdl_MM =   0.10565999895334244     
 mdl_MTA =    1.7769999504089355     
 mdl_WZ =    2.4414041042327881     
 mdl_WW =    2.0476000308990479     
 mdl_WT =    1.4915000200271606     
 mdl_WH =   6.38233916833996773E-003
 mdl_WTau =   2.26999999999999982E-012
  Internal Params
  ---------------------------------
  
 mdl_conjg__CKM3x3 =    1.0000000000000000     
 mdl_CKM3x3 =    1.0000000000000000     
 mdl_conjg__CKM1x1 =    1.0000000000000000     
 mdl_complexi =  (  0.0000000000000000     ,  1.0000000000000000     )
 mdl_MZ__exp__2 =    8315.2519896181766     
 mdl_MZ__exp__4 =    69143415.650849044     
 mdl_sqrt__2 =    1.4142135623730951     
 mdl_MH__exp__2 =    15625.000000000000     
 mdl_aEW =   7.54677089845565054E-003
 mdl_MW =    80.419007276179556     
 mdl_sqrt__aEW =   8.68721526063194194E-002
 mdl_ee =   0.30795376284704501     
 mdl_MW__exp__2 =    6467.2167312862202     
 mdl_sw2 =   0.22224645274001076     
 mdl_cw =   0.88190336616887299     
 mdl_sqrt__sw2 =   0.47143022043565552     
 mdl_sw =   0.47143022043565552     
 mdl_g1 =   0.34919218438279087     
 mdl_gw =   0.65323296958447097     
 mdl_vev =    246.21845810181631     
 mdl_vev__exp__2 =    60623.529110035874     
 mdl_lam =   0.12886910601690271     
 mdl_yb =   2.69955531549349904E-002
 mdl_ye =   2.93504850670934038E-006
 mdl_ym =   6.06883028478528356E-004
 mdl_yt =   0.99366614581500645     
 mdl_ytau =   1.02066167158167895E-002
 mdl_muH =    88.388347648318444     
 mdl_I1x33 =  ( 2.69955531549349904E-002,  0.0000000000000000     )
 mdl_I2x33 =  ( 0.99366614581500645     ,  0.0000000000000000     )
 mdl_I3x33 =  ( 0.99366614581500645     ,  0.0000000000000000     )
 mdl_I4x33 =  ( 2.69955531549349904E-002,  0.0000000000000000     )
 mdl_ee__exp__2 =   9.48355200516540348E-002
 mdl_sw__exp__2 =   0.22224645274001076     
 mdl_cw__exp__2 =   0.77775354725998924     
  Internal Params evaluated point by point
  ----------------------------------------
  
 mdl_sqrt__aS =   0.34351128178744839     
 mdl_G__exp__2 =    1.4828317414825511     
  Couplings of sm-lepton_masses
  ---------------------------------
  
         GC_3 =  -0.00000E+00  -0.30795E+00
        GC_50 =  -0.00000E+00  -0.28804E+00
        GC_59 =   0.00000E+00   0.82310E-01
        GC_89 =  -0.00000E+00  -0.20754E-05

 Collider parameters:
 --------------------

 Running at e e   machine @   7.00000000000000067E-002  GeV
 PDF set = none   
 alpha_s(Mz)= 0.1180 running at 2 loops.
 alpha_s(Mz)= 0.1180 running at 2 loops.
 Renormalization scale fixed @    91.188000000000002     
 Factorization scales  fixed @    91.188000000000002        91.188000000000002     


 getting user params
Enter number of events and max and min iterations: 
 Number of events and iterations         2000           9           3
Enter desired fractional accuracy: 
 Desired fractional accuracy:  -6.26620000000000013E-037
Enter 0 for fixed, 2 for adjustable grid: 
Suppress amplitude (0 no, 1 yes)? 
 Using suppressed amplitude.
Exact helicity sum (0 yes, n = number/event)? 
 Explicitly summing over helicities
Enter Configuration Number: 
Running Configuration Number:   16
 Not subdividing B.W.
 Attempting mappinvarients           1           5
 Completed mapping           5
 about to integrate            5        2000           9           3           5           1
 Keeping grid fixed.
  5 dimensions   2000 events  5 invarients  9 iterations  1 config(s),  (0.99)
 Using h-tuple random number sequence.
 Grid read from file
 Grid defined OK
 Set CM energy to          0.07
 Mapping Graph          16  to config          16
 No modification is setgrid, grid read from file
 No modification is setgrid, grid read from file
 Masses: 0.511E-03 0.511E-03 0.000E+00 0.511E-03 0.511E-03
  16   1   2   3   4   5
 Got moffset           8
Using random seed offsets    16 :      1
  with seed                   30
 Ranmar initialization seeds        8307        4580
  Particle       3       4       5
      Et >     0.0     0.0     0.0
       E >     0.0     0.0     0.0
     Eta <    -1.0    -1.0    -1.0
   xqcut:      0.0     0.0     0.0
d R # 3  >    -0.0     0.0     0.0
d R # 4  >    -0.0    -0.0     0.4
s min # 3>     0.0     0.0     0.0
s min # 4>     0.0     0.0     0.0
xqcutij # 3>     0.0     0.0     0.0
xqcutij # 4>     0.0     0.0     0.0
 alpha_s for scale    91.188000000000002       is   0.11800000071525575     
 Added good helicity            1   4.5037298232945036       in event            1
 Added good helicity            2  5.36912361560045459E-002  in event            1
 Added good helicity            5   3.4425789403279410       in event            1
 Added good helicity           10   3.4425789403343559       in event            1
 Added good helicity           13  5.36912361561054097E-002  in event            1
 Added good helicity           14   4.5037298233028951       in event            1
 Added good helicity           19   4.5037298233028951       in event            1
 Added good helicity           20  5.36912361561053750E-002  in event            1
 Added good helicity           23   3.4425789403343559       in event            1
 Added good helicity           28   3.4425789403279410       in event            1
 Added good helicity           31  5.36912361560045806E-002  in event            1
 Added good helicity           32   4.5037298232945036       in event            1
 Added good helicity           11  0.33687948802337025       in event           27
 Added good helicity           12  4.68348939717434711E-003  in event           27
 Added good helicity           15  0.25389484712594851       in event           27
 Added good helicity           18  0.25389484702417026       in event           27
 Added good helicity           21  4.68348950243481846E-003  in event           27
 Added good helicity           22  0.33687948802157847       in event           27
 Added good helicity            3  2.02517779315267557E-005  in event           49
 Added good helicity            6  2.02310787923791831E-005  in event           49
 Added good helicity            7  1.40185623703630718E-005  in event           49
 Added good helicity            9  2.02429691570726591E-005  in event           49
 Added good helicity           16  2.02580526470056293E-005  in event           49
 Added good helicity           17  2.02580543327113018E-005  in event           49
 Added good helicity           24  2.02429708423271816E-005  in event           49
 Added good helicity           26  1.40185612036768631E-005  in event           49
 Added good helicity           27  2.02310804783223094E-005  in event           49
 Added good helicity           30  2.02517762452884553E-005  in event           49
 Iteration  1   Mean: 0.1929E+33 Abs mean: 0.1929E+33   Fluctuation:  0.151E+33   0.301E+36    99.8%
  1    0.1929E+33 0.1929E+33 +- 0.1505E+33     34.90
 Writing out events  1.07365516138494160E+028   34.902240108761340     
 Relative summed weights:
  0.1000E+01  0.0000E+00
 Relative number of events:
  0.1000E+01  0.0000E+00
 Events:
        2000           0
 Iteration  2   Mean: 0.2082E+34 Abs mean: 0.2082E+34   Fluctuation:  0.184E+34   0.736E+37    99.4%
  2    0.2082E+34 0.2082E+34 +- 0.1842E+34     55.94
 Relative summed weights:
  0.1000E+01  0.0000E+00
 Relative number of events:
  0.1000E+01  0.0000E+00
 Events:
        4000           0
 Iteration  3   Mean: 0.1154E+34 Abs mean: 0.1154E+34   Fluctuation:  0.469E+33   0.328E+37    99.3%
  3    0.1154E+34 0.1154E+34 +- 0.4692E+33     36.35
 Relative summed weights:
  0.1000E+01  0.0000E+00
 Relative number of events:
  0.1000E+01  0.0000E+00
 Events:
        8000           0
 Found           49  events.
 Wrote            4  events.
 Actual xsec   1.11065786471463817E+033
 Correct abs xsec   1.11065786471463817E+033
 Event xsec   1.11065786471463803E+033
 Events wgts > 1:            1
 % Cross section > 1:   6.29614781981311352E+025  5.66884548324049952E-006
 Checking number of events  6.95960431187486565E-004           4  chi2:    18.731690854007685     
 Found           49  events.
 Wrote            2  events.
 Actual xsec   1.11065786471463817E+033
 Correct abs xsec   1.11065786471463817E+033
 Event xsec   1.11065786471463817E+033
 Events wgts > 1:            1
 % Cross section > 1:   1.25922949190502867E+026  1.13376903176979986E-005
 Iteration  4   Mean: 0.1016E+37 Abs mean: 0.1016E+37   Fluctuation:  0.868E+36   0.136E+41    99.4%
  4    0.1016E+37 0.1016E+37 +- 0.8680E+36    108.02
 Relative summed weights:
  0.1000E+01  0.0000E+00
 Relative number of events:
  0.1000E+01  0.0000E+00
 Events:
       16000           0
 Found          144  events.
 Wrote            1  events.
 Actual xsec   1.61222467330893520E+035
 Correct abs xsec   1.61222467330893520E+035
 Event xsec   1.61222467330893520E+035
 Events wgts > 1:            1
 % Cross section > 1:   1.19911377139154536E+028  7.43763441438022574E-006
 Checking number of events  0.10102522247888450                1  chi2:    61936.647172394485     
 Found          144  events.
 Wrote            2  events.
 Actual xsec   1.61222467330893520E+035
 Correct abs xsec   1.61222467330893520E+035
 Event xsec   1.61222467330893502E+035
 Events wgts > 1:            1
 % Cross section > 1:   5.99556907831865571E+027  3.71881734449165233E-006
 Iteration  5   Mean: 0.2241E+35 Abs mean: 0.2241E+35   Fluctuation:  0.132E+35   0.350E+39    99.4%
  5    0.2241E+35 0.2241E+35 +- 0.1320E+35    105.32
 Relative summed weights:
  0.1000E+01  0.0000E+00
 Relative number of events:
  0.1000E+01  0.0000E+00
 Events:
       32000           0
 Found           14  events.
 Wrote            1  events.
 Actual xsec   1.42113198451672233E+035
 Correct abs xsec   1.42113198451672233E+035
 Event xsec   1.42113198451672233E+035
 Events wgts > 1:            1
 % Cross section > 1:   1.24656840236876551E+028  8.77165819888769942E-006
 Checking number of events  8.90509724137868580E-002           1  chi2:    45176.906290959567     
 Found           14  events.
 Wrote            1  events.
 Actual xsec   1.42113198451672233E+035
 Correct abs xsec   1.42113198451672233E+035
 Event xsec   1.42113198451672233E+035
 Events wgts > 1:            1
 % Cross section > 1:   1.24656840236876551E+028  8.77165819888769942E-006
 Iteration  6   Mean: 0.3669E+35 Abs mean: 0.3669E+35   Fluctuation:  0.268E+35   0.169E+40    99.5%
  6    0.3669E+35 0.3669E+35 +- 0.2681E+35    184.88
 Relative summed weights:
  0.1000E+01  0.0000E+00
 Relative number of events:
  0.1000E+01  0.0000E+00
 Events:
       64000           0
 Found          149  events.
 Wrote            2  events.
 Actual xsec   2.49151353939915915E+035
 Correct abs xsec   2.49151353939915915E+035
 Event xsec   2.49151353939915915E+035
 Events wgts > 1:            0
 % Cross section > 1:    0.0000000000000000        0.0000000000000000     
 Checking number of events  0.15612322140583013                2  chi2:    179.40415871375490     
 Found          149  events.
 Wrote            1  events.
 Actual xsec   2.49151353939915915E+035
 Correct abs xsec   2.49151353939915915E+035
 Event xsec   2.49151353939915915E+035
 Events wgts > 1:            0
 % Cross section > 1:    0.0000000000000000        0.0000000000000000     
 Iteration  7   Mean: 0.4262E+35 Abs mean: 0.4262E+35   Fluctuation:  0.149E+35   0.992E+39    99.4%
  7    0.4262E+35 0.4262E+35 +- 0.1494E+35    125.37
 Relative summed weights:
  0.1000E+01  0.0000E+00
 Relative number of events:
  0.1000E+01  0.0000E+00
 Events:
      128000           0
 Found          223  events.
 Wrote            6  events.
 Actual xsec   3.72415378772063447E+034
 Correct abs xsec   3.72415378772063447E+034
 Event xsec   3.72415378772063447E+034
 Events wgts > 1:            1
 % Cross section > 1:   4.44281909291636397E+026  1.19297412141392477E-006
 Checking number of events  2.33362924646150389E-002           6  chi2:   0.69634012806631940     

 -------------------------------------------------------------------------------
 Accumulated results:   Integral =  0.8104E+35
                        Std dev  =  0.1681E+35
                       Cross sec =  0.3254E+02
             Chi**2 per DoF.     =
-------------------------------------------------
---------------------------
 Results Last   3 iters: Integral =   0.3724E+35
                     Abs integral =   0.3724E+35
                          Std dev =   0.1037E+35
                  Chi**2 per DoF. =      0.6963
-------------------------------------------------
---------------------------
 Status -6.26620000000000013E-037           8           9
 We found enough events           6  2.33362924646150389E-002

ls status:
events.lhe
ftn25
ftn26
input_sg.txt
log.txt
moffset.dat
results.dat
run1_app.log
