 Process in group number            0
 No PDF is used, alpha_s(MZ) from param_card is used
 Value of alpha_s from param_card:   0.11800000071525575     
 The default order of alpha_s running is fixed to            2
 Warning: pt or E min of a gamma should in general be >0
 Warning: pt or E min of a gamma should in general be >0
 Warning: pt or E min of a gamma should in general be >0
 *****************************************************
 *               MadGraph/MadEvent                   *
 *        --------------------------------           *
 *          http://madgraph.hep.uiuc.edu             *
 *          http://madgraph.phys.ucl.ac.be           *
 *          http://madgraph.roma2.infn.it            *
 *        --------------------------------           *
 *                                                   *
 *          PARAMETER AND COUPLING VALUES            *
 *                                                   *
 *****************************************************

  External Params
  ---------------------------------
  
 aEWM1 =    132.50700378417969     
 mdl_Gf =   1.16639000000000003E-005
 aS =   0.11800000071525575     
 mdl_ymb =    4.6999998092651367     
 mdl_ymt =    173.00000000000000     
 mdl_yme =   5.10999991092830896E-004
 mdl_ymm =   0.10565999895334244     
 mdl_ymtau =    1.7769999504089355     
 mdl_MZ =    91.188003540039063     
 mdl_MT =    173.00000000000000     
 mdl_MB =    4.6999998092651367     
 mdl_MH =    125.00000000000000     
 mdl_Me =   5.10999991092830896E-004
 mdl_MM =   0.10565999895334244     
 mdl_MTA =    1.7769999504089355     
 mdl_WZ =    2.4414041042327881     
 mdl_WW =    2.0476000308990479     
 mdl_WT =    1.4915000200271606     
 mdl_WH =   6.38233916833996773E-003
 mdl_WTau =   2.26999999999999982E-012
  Internal Params
  ---------------------------------
  
 mdl_conjg__CKM3x3 =    1.0000000000000000     
 mdl_CKM3x3 =    1.0000000000000000     
 mdl_conjg__CKM1x1 =    1.0000000000000000     
 mdl_complexi =  (  0.0000000000000000     ,  1.0000000000000000     )
 mdl_MZ__exp__2 =    8315.2519896181766     
 mdl_MZ__exp__4 =    69143415.650849044     
 mdl_sqrt__2 =    1.4142135623730951     
 mdl_MH__exp__2 =    15625.000000000000     
 mdl_aEW =   7.54677089845565054E-003
 mdl_MW =    80.419007276179556     
 mdl_sqrt__aEW =   8.68721526063194194E-002
 mdl_ee =   0.30795376284704501     
 mdl_MW__exp__2 =    6467.2167312862202     
 mdl_sw2 =   0.22224645274001076     
 mdl_cw =   0.88190336616887299     
 mdl_sqrt__sw2 =   0.47143022043565552     
 mdl_sw =   0.47143022043565552     
 mdl_g1 =   0.34919218438279087     
 mdl_gw =   0.65323296958447097     
 mdl_vev =    246.21845810181631     
 mdl_vev__exp__2 =    60623.529110035874     
 mdl_lam =   0.12886910601690271     
 mdl_yb =   2.69955531549349904E-002
 mdl_ye =   2.93504850670934038E-006
 mdl_ym =   6.06883028478528356E-004
 mdl_yt =   0.99366614581500645     
 mdl_ytau =   1.02066167158167895E-002
 mdl_muH =    88.388347648318444     
 mdl_I1x33 =  ( 2.69955531549349904E-002,  0.0000000000000000     )
 mdl_I2x33 =  ( 0.99366614581500645     ,  0.0000000000000000     )
 mdl_I3x33 =  ( 0.99366614581500645     ,  0.0000000000000000     )
 mdl_I4x33 =  ( 2.69955531549349904E-002,  0.0000000000000000     )
 mdl_ee__exp__2 =   9.48355200516540348E-002
 mdl_sw__exp__2 =   0.22224645274001076     
 mdl_cw__exp__2 =   0.77775354725998924     
  Internal Params evaluated point by point
  ----------------------------------------
  
 mdl_sqrt__aS =   0.34351128178744839     
 mdl_G__exp__2 =    1.4828317414825511     
  Couplings of sm-lepton_masses
  ---------------------------------
  
         GC_3 =  -0.00000E+00  -0.30795E+00

 Collider parameters:
 --------------------

 Running at e e   machine @   7.00000000000000067E-002  GeV
 PDF set = none   
 alpha_s(Mz)= 0.1180 running at 2 loops.
 alpha_s(Mz)= 0.1180 running at 2 loops.
 Renormalization scale fixed @    91.188000000000002     
 Factorization scales  fixed @    91.188000000000002        91.188000000000002     


 getting user params
Enter number of events and max and min iterations: 
 Number of events and iterations         1000           9           3
Enter desired fractional accuracy: 
 Desired fractional accuracy:  -4.19009999999999974E-005
Enter 0 for fixed, 2 for adjustable grid: 
Suppress amplitude (0 no, 1 yes)? 
 Using suppressed amplitude.
Exact helicity sum (0 yes, n = number/event)? 
 Explicitly summing over helicities
Enter Configuration Number: 
Running Configuration Number:    1
 Not subdividing B.W.
 Attempting mappinvarients           1           5
 Completed mapping           5
 about to integrate            5        1000           9           3           5           1
 Keeping grid fixed.
  5 dimensions   1000 events  5 invarients  9 iterations  1 config(s),  (0.99)
 Using h-tuple random number sequence.
 Grid read from file
 Grid defined OK
 Set CM energy to          0.07
 Mapping Graph           1  to config           1
 Warning: No cutoff for shat integral found
          Minimum set to    204.08163265306121     
 No modification is setgrid, grid read from file
 Warning: No cutoff for shat integral found
          Minimum set to    204.08163265306121     
 No modification is setgrid, grid read from file
 Masses: 0.511E-03 0.511E-03 0.000E+00 0.000E+00 0.000E+00
   1   1   2   3   4   5
 Got moffset          17
Using random seed offsets     1 :      1
  with seed                   30
 Ranmar initialization seeds        8292        2912
  Particle       3       4       5
      Et >     0.0     0.0     0.0
       E >     0.0     0.0     0.0
     Eta <    -1.0    -1.0    -1.0
   xqcut:      0.0     0.0     0.0
d R # 3  >    -0.0     0.0     0.0
d R # 4  >    -0.0    -0.0     0.0
s min # 3>     0.0     0.0     0.0
s min # 4>     0.0     0.0     0.0
xqcutij # 3>     0.0     0.0     0.0
xqcutij # 4>     0.0     0.0     0.0
 alpha_s for scale    91.188000000000002       is   0.11800000071525575     
 Added good helicity            1  4.98871278449686175E-003  in event            1
 Added good helicity            2  3.10630431303461532E-004  in event            1
 Added good helicity            3  1.84216099097985337E-004  in event            1
 Added good helicity            5  4.63966384971939254E-003  in event            1
 Added good helicity            6  2.84264481717664890E-004  in event            1
 Added good helicity            7  2.62929345624325508E-004  in event            1
 Added good helicity           10  0.19369570873894879       in event            1
 Added good helicity           11   7.7098140064559493       in event            1
 Added good helicity           13  4.83931666131266756E-006  in event            1
 Added good helicity           14  0.23065971858362391       in event            1
 Added good helicity           15   7.8551553031541479       in event            1
 Added good helicity           18   7.8551553031541470       in event            1
 Added good helicity           19  0.23065971858362383       in event            1
 Added good helicity           20  4.83931666131266756E-006  in event            1
 Added good helicity           22   7.7098140064559457       in event            1
 Added good helicity           23  0.19369570873894870       in event            1
 Added good helicity           26  2.62929345624325400E-004  in event            1
 Added good helicity           27  2.84264481717664999E-004  in event            1
 Added good helicity           28  4.63966384971939254E-003  in event            1
 Added good helicity           30  1.84216099097985392E-004  in event            1
 Added good helicity           31  3.10630431303461640E-004  in event            1
 Added good helicity           32  4.98871278449686175E-003  in event            1
 Added good helicity            4  2.40977201635284758E-006  in event            3
 Added good helicity           12  1.65501239823851587E-005  in event            3
 Added good helicity           21  1.65501239823851587E-005  in event            3
 Added good helicity           29  2.40977201635284758E-006  in event            3
 Iteration  1   Mean: 0.1186E+09 Abs mean: 0.1186E+09   Fluctuation:  0.182E+08   0.172E+11    99.4%
  1    0.1186E+09 0.1186E+09 +- 0.1822E+08      4.86
 Writing out events   13255.502776846166        4.8595062836275069     
 Relative summed weights:
  0.1460E+00  0.0000E+00
  0.1575E+00  0.0000E+00
  0.1477E+00  0.0000E+00
  0.2977E+00  0.0000E+00
  0.1427E+00  0.0000E+00
  0.1085E+00  0.0000E+00
 Relative number of events:
  0.1670E+00  0.0000E+00
  0.1510E+00  0.0000E+00
  0.1660E+00  0.0000E+00
  0.1710E+00  0.0000E+00
  0.1820E+00  0.0000E+00
  0.1630E+00  0.0000E+00
 Events:
         167           0
         151           0
         166           0
         171           0
         182           0
         163           0
 Iteration  2   Mean: 0.1244E+09 Abs mean: 0.1244E+09   Fluctuation:  0.168E+08   0.314E+11    99.4%
  2    0.1244E+09 0.1244E+09 +- 0.1681E+08      6.04
 Relative summed weights:
  0.1390E+00  0.0000E+00
  0.2593E+00  0.0000E+00
  0.1480E+00  0.0000E+00
  0.1619E+00  0.0000E+00
  0.1425E+00  0.0000E+00
  0.1494E+00  0.0000E+00
 Relative number of events:
  0.1730E+00  0.0000E+00
  0.1610E+00  0.0000E+00
  0.1830E+00  0.0000E+00
  0.1560E+00  0.0000E+00
  0.1685E+00  0.0000E+00
  0.1585E+00  0.0000E+00
 Events:
         346           0
         322           0
         366           0
         312           0
         337           0
         317           0
 Iteration  3   Mean: 0.1090E+09 Abs mean: 0.1090E+09   Fluctuation:  0.522E+07   0.131E+11    99.4%
  3    0.1090E+09 0.1090E+09 +- 0.5220E+07      3.03
 Relative summed weights:
  0.1611E+00  0.0000E+00
  0.1718E+00  0.0000E+00
  0.1378E+00  0.0000E+00
  0.1915E+00  0.0000E+00
  0.1632E+00  0.0000E+00
  0.1746E+00  0.0000E+00
 Relative number of events:
  0.1685E+00  0.0000E+00
  0.1635E+00  0.0000E+00
  0.1655E+00  0.0000E+00
  0.1698E+00  0.0000E+00
  0.1695E+00  0.0000E+00
  0.1633E+00  0.0000E+00
 Events:
         674           0
         654           0
         662           0
         679           0
         678           0
         653           0
 Found          310  events.
 Wrote           30  events.
 Actual xsec    111323971.43815976     
 Correct abs xsec    111323971.43815976     
 Event xsec    111323971.43815981     
 Events wgts > 1:            0
 % Cross section > 1:    0.0000000000000000        0.0000000000000000     
 Checking number of events   4664.5857272303319               30  chi2:   0.48102551720991121     
 Found          310  events.
 Wrote           43  events.
 Actual xsec    111323971.43815976     
 Correct abs xsec    111323971.43815976     
 Event xsec    111323971.43815994     
 Events wgts > 1:            0
 % Cross section > 1:    0.0000000000000000        0.0000000000000000     
 Iteration  4   Mean: 0.1228E+09 Abs mean: 0.1228E+09   Fluctuation:  0.100E+08   0.701E+11    99.4%
  4    0.1228E+09 0.1228E+09 +- 0.9997E+07      7.28
 Relative summed weights:
  0.1788E+00  0.0000E+00
  0.1565E+00  0.0000E+00
  0.1420E+00  0.0000E+00
  0.2297E+00  0.0000E+00
  0.1346E+00  0.0000E+00
  0.1584E+00  0.0000E+00
 Relative number of events:
  0.1685E+00  0.0000E+00
  0.1650E+00  0.0000E+00
  0.1654E+00  0.0000E+00
  0.1665E+00  0.0000E+00
  0.1708E+00  0.0000E+00
  0.1639E+00  0.0000E+00
 Events:
        1348           0
        1320           0
        1323           0
        1332           0
        1366           0
        1311           0
 Found          727  events.
 Wrote           16  events.
 Actual xsec    113538235.45981446     
 Correct abs xsec    113538235.45981446     
 Event xsec    113538235.45981449     
 Events wgts > 1:            0
 % Cross section > 1:    0.0000000000000000        0.0000000000000000     
 Checking number of events   4757.3656040016849               16  chi2:    1.0158036998683686     
 Found          727  events.
 Wrote           15  events.
 Actual xsec    113538235.45981446     
 Correct abs xsec    113538235.45981446     
 Event xsec    113538235.45981450     
 Events wgts > 1:            0
 % Cross section > 1:    0.0000000000000000        0.0000000000000000     
 Iteration  5   Mean: 0.1122E+09 Abs mean: 0.1122E+09   Fluctuation:  0.386E+07   0.321E+11    99.4%
  5    0.1122E+09 0.1122E+09 +- 0.3865E+07      4.36
 Relative summed weights:
  0.1768E+00  0.0000E+00
  0.1622E+00  0.0000E+00
  0.1626E+00  0.0000E+00
  0.1791E+00  0.0000E+00
  0.1552E+00  0.0000E+00
  0.1642E+00  0.0000E+00
 Relative number of events:
  0.1737E+00  0.0000E+00
  0.1663E+00  0.0000E+00
  0.1692E+00  0.0000E+00
  0.1672E+00  0.0000E+00
  0.1662E+00  0.0000E+00
  0.1575E+00  0.0000E+00
 Events:
        2779           0
        2660           0
        2707           0
        2675           0
        2659           0
        2520           0
 Found         1299  events.
 Wrote           76  events.
 Actual xsec    112317310.81140706     
 Correct abs xsec    112317310.81140706     
 Event xsec    112317310.81140712     
 Events wgts > 1:            3
 % Cross section > 1:    836386.17573845503       0.74466364062333867     
 Checking number of events   4706.2076403087667               76  chi2:   0.75270194773201915     
 Found         1299  events.
 Wrote           82  events.
 Actual xsec    112317310.81140706     
 Correct abs xsec    112317310.81140706     
 Event xsec    112317310.81140703     
 Events wgts > 1:            3
 % Cross section > 1:    775609.79830596526       0.69055232243611886     
 Iteration  6   Mean: 0.1267E+09 Abs mean: 0.1267E+09   Fluctuation:  0.771E+07   0.169E+12    99.5%
  6    0.1267E+09 0.1267E+09 +- 0.7712E+07     10.89
 Relative summed weights:
  0.1483E+00  0.0000E+00
  0.1410E+00  0.0000E+00
  0.1648E+00  0.0000E+00
  0.2206E+00  0.0000E+00
  0.1404E+00  0.0000E+00
  0.1849E+00  0.0000E+00
 Relative number of events:
  0.1680E+00  0.0000E+00
  0.1673E+00  0.0000E+00
  0.1668E+00  0.0000E+00
  0.1668E+00  0.0000E+00
  0.1651E+00  0.0000E+00
  0.1659E+00  0.0000E+00
 Events:
        5377           0
        5355           0
        5339           0
        5337           0
        5283           0
        5309           0
 Found         2782  events.
 Wrote           23  events.
 Actual xsec    116538176.28886612     
 Correct abs xsec    116538176.28886612     
 Event xsec    116538176.28886607     
 Events wgts > 1:            1
 % Cross section > 1:   0.86800058279186487       7.44820805021292109E-007
 Checking number of events   4883.0661246797790               23  chi2:    1.6992385423643197     
 Found         2782  events.
 Wrote           29  events.
 Actual xsec    116538176.28886612     
 Correct abs xsec    116538176.28886612     
 Event xsec    116538176.28886616     
 Events wgts > 1:            1
 % Cross section > 1:   0.68841425655409694       5.90719949870939141E-007
 Iteration  7   Mean: 0.1448E+09 Abs mean: 0.1448E+09   Fluctuation:  0.244E+08   0.154E+13    99.4%
  7    0.1448E+09 0.1448E+09 +- 0.2440E+08     42.63
 Relative summed weights:
  0.1325E+00  0.0000E+00
  0.1431E+00  0.0000E+00
  0.1283E+00  0.0000E+00
  0.3064E+00  0.0000E+00
  0.1500E+00  0.0000E+00
  0.1395E+00  0.0000E+00
 Relative number of events:
  0.1663E+00  0.0000E+00
  0.1676E+00  0.0000E+00
  0.1694E+00  0.0000E+00
  0.1651E+00  0.0000E+00
  0.1638E+00  0.0000E+00
  0.1678E+00  0.0000E+00
 Events:
       10643           0
       10729           0
       10839           0
       10565           0
       10485           0
       10739           0
 Found         4892  events.
 Wrote            5  events.
 Actual xsec    116583983.06230158     
 Correct abs xsec    116583983.06230158     
 Event xsec    116583983.06230156     
 Events wgts > 1:            0
 % Cross section > 1:    0.0000000000000000        0.0000000000000000     
 Checking number of events   4884.9854742934976                5  chi2:    2.1773445366787785     
 Found         4892  events.
 Wrote            5  events.
 Actual xsec    116583983.06230158     
 Correct abs xsec    116583983.06230158     
 Event xsec    116583983.06230156     
 Events wgts > 1:            0
 % Cross section > 1:    0.0000000000000000        0.0000000000000000     
 Iteration  8   Mean: 0.1247E+09 Abs mean: 0.1247E+09   Fluctuation:  0.629E+07   0.568E+12    99.4%
  8    0.1247E+09 0.1247E+09 +- 0.6290E+07     18.04
 Relative summed weights:
  0.2211E+00  0.0000E+00
  0.1609E+00  0.0000E+00
  0.1508E+00  0.0000E+00
  0.1535E+00  0.0000E+00
  0.1660E+00  0.0000E+00
  0.1477E+00  0.0000E+00
 Relative number of events:
  0.1675E+00  0.0000E+00
  0.1664E+00  0.0000E+00
  0.1649E+00  0.0000E+00
  0.1657E+00  0.0000E+00
  0.1668E+00  0.0000E+00
  0.1687E+00  0.0000E+00
 Events:
       21437           0
       21302           0
       21109           0
       21206           0
       21347           0
       21599           0
 Found         8702  events.
 Wrote           34  events.
 Actual xsec    126503527.21824159     
 Correct abs xsec    126503527.21824159     
 Event xsec    126503527.21824147     
 Events wgts > 1:            2
 % Cross section > 1:    749576.53301728610       0.59253409726997652     
 Checking number of events   5300.6242939715403               34  chi2:   0.31970146262651361     
 Found         8702  events.
 Wrote           34  events.
 Actual xsec    126503527.21824159     
 Correct abs xsec    126503527.21824159     
 Event xsec    126503527.21824147     
 Events wgts > 1:            2
 % Cross section > 1:    749576.53301728610       0.59253409726997652     
 Iteration  9   Mean: 0.1200E+09 Abs mean: 0.1200E+09   Fluctuation:  0.344E+07   0.806E+12    99.5%
  9    0.1200E+09 0.1200E+09 +- 0.3441E+07     14.51
 Relative summed weights:
  0.1605E+00  0.0000E+00
  0.1677E+00  0.0000E+00
  0.1585E+00  0.0000E+00
  0.1673E+00  0.0000E+00
  0.1629E+00  0.0000E+00
  0.1830E+00  0.0000E+00
 Relative number of events:
  0.1664E+00  0.0000E+00
  0.1676E+00  0.0000E+00
  0.1649E+00  0.0000E+00
  0.1669E+00  0.0000E+00
  0.1672E+00  0.0000E+00
  0.1670E+00  0.0000E+00
 Events:
       42587           0
       42903           0
       42209           0
       42737           0
       42801           0
       42763           0
 Found        19951  events.
 Wrote           38  events.
 Actual xsec    121642704.23636572     
 Correct abs xsec    121642704.23636572     
 Event xsec    121642704.23636568     
 Events wgts > 1:            0
 % Cross section > 1:    0.0000000000000000        0.0000000000000000     
 Checking number of events   5096.9509502079600               38  chi2:   0.68902771724766854     
 Found        19951  events.
 Wrote           42  events.
 Actual xsec    121642704.23636572     
 Correct abs xsec    121642704.23636572     
 Event xsec    121642704.23636587     
 Events wgts > 1:            0
 % Cross section > 1:    0.0000000000000000        0.0000000000000000     

 -------------------------------------------------------------------------------
 Accumulated results:   Integral =  0.1182E+09
                        Std dev  =  0.2015E+07
                       Cross sec =  0.1182E+09
             Chi**2 per DoF.     =      1.2340
 -------------------------------------------------------------------------------
-------------------------------------------------
---------------------------
 Results Last   3 iters: Integral =   0.1216E+09
                     Abs integral =   0.1216E+09
                          Std dev =   0.3000E+07
                  Chi**2 per DoF. =      0.6890
-------------------------------------------------
---------------------------
 Status -4.19009999999999974E-005          10           9
 Trying w/ fresh grid
 Starting w/ ncall =         4000
 Keeping grid fixed.
  5 dimensions   4000 events  5 invarients  8 iterations  1 config(s),  (0.99)
 Using h-tuple random number sequence.
 Error opening grid
 Using Uniform Grid!
 Using uniform alpha   1.0000000000000000     
 Grid defined OK
 Warning: No cutoff for shat integral found
          Minimum set to    204.08163265306121     
Setting grid   1    0.20408E+03   1
 Warning: No cutoff for shat integral found
          Minimum set to    204.08163265306121     
Setting grid   2    0.20408E+03   1
Warning xbin not returning correct x   2  0.999984E+00  0.995542E+00  0.2837E+03
Warning xbin not returning correct x   2  0.999957E+00  0.987704E+00  0.2837E+03
Warning xbin not returning correct x   2  0.999994E+00  0.998374E+00  0.2837E+03
Warning xbin not returning correct x   2  0.999955E+00  0.987299E+00  0.2837E+03
Warning xbin not returning correct x   2  0.999976E+00  0.993316E+00  0.2837E+03
Warning xbin still not working well. Last message this iteration.
 Iteration  1   Mean: 0.3070E+08 Abs mean: 0.3070E+08   Fluctuation:  0.111E+08   0.421E+11    99.1%
  1    0.3070E+08 0.3070E+08 +- 0.1112E+08     22.91
 Relative summed weights:
  0.1106E+00  0.0000E+00
  0.4863E+00  0.0000E+00
  0.7526E-01  0.0000E+00
  0.7354E-01  0.0000E+00
  0.5561E-01  0.0000E+00
  0.1987E+00  0.0000E+00
 Relative number of events:
  0.1720E+00  0.0000E+00
  0.1653E+00  0.0000E+00
  0.1668E+00  0.0000E+00
  0.1545E+00  0.0000E+00
  0.1675E+00  0.0000E+00
  0.1740E+00  0.0000E+00
 Events:
         688           0
         661           0
         667           0
         618           0
         670           0
         696           0
Warning xbin not returning correct x   1  0.987446E+00  0.999809E+00  0.1545E-01
Warning xbin not returning correct x   1  0.986719E+00  0.999798E+00  0.1545E-01
Warning xbin not returning correct x   1  0.986696E+00  0.999798E+00  0.1545E-01
Warning xbin not returning correct x   1  0.985328E+00  0.999777E+00  0.1545E-01
Warning xbin not returning correct x   1  0.985315E+00  0.999777E+00  0.1545E-01
Warning xbin still not working well. Last message this iteration.
 Iteration  2   Mean: 0.2735E+07 Abs mean: 0.2735E+07   Fluctuation:  0.139E+06   0.415E+09    95.1%
  2    0.2735E+07 0.2735E+07 +- 0.1391E+06      4.55
 Relative summed weights:
  0.1966E+00  0.0000E+00
  0.1680E+00  0.0000E+00
  0.1783E+00  0.0000E+00
  0.1559E+00  0.0000E+00
  0.1470E+00  0.0000E+00
  0.1541E+00  0.0000E+00
 Relative number of events:
  0.1716E+00  0.0000E+00
  0.1631E+00  0.0000E+00
  0.1709E+00  0.0000E+00
  0.1626E+00  0.0000E+00
  0.1641E+00  0.0000E+00
  0.1676E+00  0.0000E+00
 Events:
        1373           0
        1305           0
        1367           0
        1301           0
        1313           0
        1341           0
 Iteration  3   Mean: 0.2166E+09 Abs mean: 0.2166E+09   Fluctuation:  0.181E+09   0.289E+13    99.9%
  3    0.2166E+09 0.2166E+09 +- 0.1807E+09    105.56
 Relative summed weights:
  0.8586E+00  0.0000E+00
  0.8476E-02  0.0000E+00
  0.1411E-01  0.0000E+00
  0.1342E-01  0.0000E+00
  0.2741E-01  0.0000E+00
  0.7795E-01  0.0000E+00
 Relative number of events:
  0.1668E+00  0.0000E+00
  0.1702E+00  0.0000E+00
  0.1633E+00  0.0000E+00
  0.1646E+00  0.0000E+00
  0.1693E+00  0.0000E+00
  0.1658E+00  0.0000E+00
 Events:
        2668           0
        2723           0
        2613           0
        2634           0
        2709           0
        2653           0
 Found         1976  events.
 Wrote            1  events.
 Actual xsec    4049011.5870833714     
 Correct abs xsec    4049011.5870833714     
 Event xsec    4049011.5870833714     
 Events wgts > 1:            0
 % Cross section > 1:    0.0000000000000000        0.0000000000000000     
 Checking number of events   169.65763451038032                1  chi2:    48.220473072880154     
 Found         1976  events.
 Wrote            1  events.
 Actual xsec    4049011.5870833714     
 Correct abs xsec    4049011.5870833714     
 Event xsec    4049011.5870833714     
 Events wgts > 1:            0
 % Cross section > 1:    0.0000000000000000        0.0000000000000000     
 Iteration  4   Mean: 0.8015E+08 Abs mean: 0.8015E+08   Fluctuation:  0.181E+08   0.478E+12    99.8%
  4    0.8015E+08 0.8015E+08 +- 0.1814E+08     40.48
 Relative summed weights:
  0.2070E+00  0.0000E+00
  0.3296E+00  0.0000E+00
  0.1202E+00  0.0000E+00
  0.1051E+00  0.0000E+00
  0.1312E+00  0.0000E+00
  0.1069E+00  0.0000E+00
 Relative number of events:
  0.1678E+00  0.0000E+00
  0.1679E+00  0.0000E+00
  0.1642E+00  0.0000E+00
  0.1639E+00  0.0000E+00
  0.1679E+00  0.0000E+00
  0.1683E+00  0.0000E+00
 Events:
        5370           0
        5372           0
        5253           0
        5245           0
        5374           0
        5386           0
 Found          458  events.
 Wrote            6  events.
 Actual xsec    7195686.4800542751     
 Correct abs xsec    7195686.4800542751     
 Event xsec    7195686.4800542761     
 Events wgts > 1:            1
 % Cross section > 1:   0.16015278454869986       2.22567763329638339E-006
 Checking number of events   301.50645920075414                6  chi2:    523.23778462441589     
 Found          458  events.
 Wrote            7  events.
 Actual xsec    7195686.4800542751     
 Correct abs xsec    7195686.4800542751     
 Event xsec    7195686.4800542751     
 Events wgts > 1:            1
 % Cross section > 1:   0.13727381580974907       1.90772369238513057E-006
 Iteration  5   Mean: 0.1576E+09 Abs mean: 0.1576E+09   Fluctuation:  0.395E+08   0.165E+13    99.7%
  5    0.1576E+09 0.1576E+09 +- 0.3946E+08     63.33
 Relative summed weights:
  0.7712E-01  0.0000E+00
  0.2732E+00  0.0000E+00
  0.2365E+00  0.0000E+00
  0.2403E+00  0.0000E+00
  0.9335E-01  0.0000E+00
  0.7958E-01  0.0000E+00
 Relative number of events:
  0.1665E+00  0.0000E+00
  0.1669E+00  0.0000E+00
  0.1679E+00  0.0000E+00
  0.1653E+00  0.0000E+00
  0.1667E+00  0.0000E+00
  0.1667E+00  0.0000E+00
 Events:
       10657           0
       10679           0
       10748           0
       10578           0
       10671           0
       10667           0
 Found         3076  events.
 Wrote            6  events.
 Actual xsec    118942492.44852637     
 Correct abs xsec    118942492.44852637     
 Event xsec    118942492.44852637     
 Events wgts > 1:            0
 % Cross section > 1:    0.0000000000000000        0.0000000000000000     
 Checking number of events   4983.8093760857028                6  chi2:    2.9132446520506057     
 Found         3076  events.
 Wrote            8  events.
 Actual xsec    118942492.44852637     
 Correct abs xsec    118942492.44852637     
 Event xsec    118942492.44852640     
 Events wgts > 1:            0
 % Cross section > 1:    0.0000000000000000        0.0000000000000000     
 Fixing grid
 Iteration  6   Mean: 0.1073E+09 Abs mean: 0.1073E+09   Fluctuation:  0.564E+07   0.390E+12    99.5%
  6    0.1073E+09 0.1073E+09 +- 0.5644E+07     18.81
 Relative summed weights:
  0.1705E+00  0.0000E+00
  0.1473E+00  0.0000E+00
  0.1737E+00  0.0000E+00
  0.1705E+00  0.0000E+00
  0.1482E+00  0.0000E+00
  0.1896E+00  0.0000E+00
 Relative number of events:
  0.1678E+00  0.0000E+00
  0.1668E+00  0.0000E+00
  0.1672E+00  0.0000E+00
  0.1629E+00  0.0000E+00
  0.1680E+00  0.0000E+00
  0.1674E+00  0.0000E+00
 Events:
       21480           0
       21344           0
       21397           0
       20848           0
       21499           0
       21432           0
 Found         5223  events.
 Wrote           47  events.
 Actual xsec    108014110.24356072     
 Correct abs xsec    108014110.24356072     
 Event xsec    108014110.24356085     
 Events wgts > 1:            2
 % Cross section > 1:    280920.24354283419       0.26007735740209087     
 Checking number of events   4525.8992333154374               47  chi2:    1.9775417551872456     
 Found         5223  events.
 Wrote           39  events.
 Actual xsec    108014110.24356072     
 Correct abs xsec    108014110.24356072     
 Event xsec    108014110.24356088     
 Events wgts > 1:            2
 % Cross section > 1:    338364.39418243617       0.31325943751187574     
 Iteration  7   Mean: 0.1258E+09 Abs mean: 0.1258E+09   Fluctuation:  0.151E+08   0.262E+13    99.6%
  7    0.1258E+09 0.1258E+09 +- 0.1509E+08     60.67
 Relative summed weights:
  0.1350E+00  0.0000E+00
  0.2739E+00  0.0000E+00
  0.1183E+00  0.0000E+00
  0.1920E+00  0.0000E+00
  0.1210E+00  0.0000E+00
  0.1599E+00  0.0000E+00
 Relative number of events:
  0.1668E+00  0.0000E+00
  0.1670E+00  0.0000E+00
  0.1671E+00  0.0000E+00
  0.1647E+00  0.0000E+00
  0.1680E+00  0.0000E+00
  0.1664E+00  0.0000E+00
 Events:
       42708           0
       42740           0
       42781           0
       42175           0
       43006           0
       42590           0
 Found        14213  events.
 Wrote           14  events.
 Actual xsec    112003372.92167391     
 Correct abs xsec    112003372.92167391     
 Event xsec    112003372.92167385     
 Events wgts > 1:            0
 % Cross section > 1:    0.0000000000000000        0.0000000000000000     
 Checking number of events   4693.0533287910584               14  chi2:    1.4315035810528536     
 Found        14213  events.
 Wrote           13  events.
 Actual xsec    112003372.92167391     
 Correct abs xsec    112003372.92167391     
 Event xsec    112003372.92167391     
 Events wgts > 1:            0
 % Cross section > 1:    0.0000000000000000        0.0000000000000000     
 Iteration  8   Mean: 0.1087E+09 Abs mean: 0.1087E+09   Fluctuation:  0.464E+07   0.123E+13    99.6%
  8    0.1087E+09 0.1087E+09 +- 0.4638E+07     30.52
 Relative summed weights:
  0.1669E+00  0.0000E+00
  0.1616E+00  0.0000E+00
  0.1501E+00  0.0000E+00
  0.1718E+00  0.0000E+00
  0.1970E+00  0.0000E+00
  0.1526E+00  0.0000E+00
 Relative number of events:
  0.1665E+00  0.0000E+00
  0.1672E+00  0.0000E+00
  0.1668E+00  0.0000E+00
  0.1655E+00  0.0000E+00
  0.1673E+00  0.0000E+00
  0.1666E+00  0.0000E+00
 Events:
       85241           0
       85627           0
       85406           0
       84752           0
       85663           0
       85311           0
 Found        24733  events.
 Wrote           51  events.
 Actual xsec    116824038.77478872     
 Correct abs xsec    116824038.77478872     
 Event xsec    116824038.77478865     
 Events wgts > 1:            3
 % Cross section > 1:    1102890.8746916675       0.94406158720278577     
 Checking number of events   4585.0149194031637               51  chi2:   0.67184809698034254     
 Found        24733  events.
 Wrote           67  events.
 Actual xsec    116824038.77478872     
 Correct abs xsec    116824038.77478872     
 Event xsec    116824038.77478859     
 Events wgts > 1:            3
 % Cross section > 1:    841410.88957102573       0.72023780242102697     

 -------------------------------------------------------------------------------
 Accumulated results:   Integral =  0.8003E+08
                        Std dev  =  0.2130E+07
                       Cross sec =  0.8003E+08
             Chi**2 per DoF.     =     74.0436
 -------------------------------------------------------------------------------
-------------------------------------------------
---------------------------
 Results Last   3 iters: Integral =   0.1094E+09
                     Abs integral =   0.1094E+09
                         Std dev =   0.3494E+07
                 Chi**2 per DoF. =      0.6718
-------------------------------------------------
---------------------------

ls status:
events.lhe
ftn25
ftn26
input_sg.txt
log.txt
moffset.dat
results.dat
run1_app.log
