This is TeX, Version 3.14159 (Web2C 7.4.5) (format=latex 2007.8.10)  23 OCT 2007 17:05
**refman.tex
(./refman.tex
LaTeX2e <2001/06/01>
Babel <v3.7h> and hyphenation patterns for american, french, german, ngerman, n
ohyphenation, loaded.
(/usr/share/texmf/tex/latex/base/book.cls
Document Class: book 2001/04/21 v1.4e Standard LaTeX document class
(/usr/share/texmf/tex/latex/base/bk10.clo
File: bk10.clo 2001/04/21 v1.4e Standard LaTeX file (size option)
)
\c@part=\count79
\c@chapter=\count80
\c@section=\count81
\c@subsection=\count82
\c@subsubsection=\count83
\c@paragraph=\count84
\c@subparagraph=\count85
\c@figure=\count86
\c@table=\count87
\abovecaptionskip=\skip41
\belowcaptionskip=\skip42
\bibindent=\dimen102
)
(/usr/share/texmf/tex/latex/misc/a4wide.sty
Package: a4wide 1994/08/30

(/usr/share/texmf/tex/latex/ntgclass/a4.sty
Package: a4 1999/03/03 v1.2f A4 based page layout
))
(/usr/share/texmf/tex/latex/base/makeidx.sty
Package: makeidx 2000/03/29 v1.0m Standard LaTeX package
)
(/usr/share/texmf/tex/latex/fancyhdr/fancyhdr.sty
\headwidth=\dimen103
)
(/usr/share/texmf/tex/latex/graphics/graphicx.sty
Package: graphicx 1999/02/16 v1.0f Enhanced LaTeX Graphics (DPC,SPQR)

(/usr/share/texmf/tex/latex/graphics/keyval.sty
Package: keyval 1999/03/16 v1.13 key=value parser (DPC)
\KV@toks@=\toks14
)
(/usr/share/texmf/tex/latex/graphics/graphics.sty
Package: graphics 2001/07/07 v1.0n Standard LaTeX Graphics (DPC,SPQR)

(/usr/share/texmf/tex/latex/graphics/trig.sty
Package: trig 1999/03/16 v1.09 sin cos tan (DPC)
)
(/usr/share/texmf/tex/latex/config/graphics.cfg
File: graphics.cfg 2001/08/31 v1.1 graphics configuration of teTeX/TeXLive
)
Package graphics Info: Driver file: dvips.def on input line 80.

(/usr/share/texmf/tex/latex/graphics/dvips.def
File: dvips.def 1999/02/16 v3.0i Driver-dependant file (DPC,SPQR)
))
\Gin@req@height=\dimen104
\Gin@req@width=\dimen105
)
(/usr/share/texmf/tex/latex/tools/multicol.sty
Package: multicol 2000/07/10 v1.5z multicolumn formatting (FMi)
\c@tracingmulticols=\count88
\mult@box=\box26
\multicol@leftmargin=\dimen106
\c@unbalance=\count89
\c@collectmore=\count90
\doublecol@number=\count91
\multicoltolerance=\count92
\multicolpretolerance=\count93
\full@width=\dimen107
\page@free=\dimen108
\premulticols=\dimen109
\postmulticols=\dimen110
\multicolsep=\skip43
\multicolbaselineskip=\skip44
\partial@page=\box27
\last@line=\box28
\mult@rightbox=\box29
\mult@grightbox=\box30
\mult@gfirstbox=\box31
\mult@firstbox=\box32
\@tempa=\box33
\@tempa=\box34
\@tempa=\box35
\@tempa=\box36
\@tempa=\box37
\@tempa=\box38
\@tempa=\box39
\@tempa=\box40
\@tempa=\box41
\@tempa=\box42
\@tempa=\box43
\@tempa=\box44
\@tempa=\box45
\@tempa=\box46
\@tempa=\box47
\@tempa=\box48
\@tempa=\box49
\c@columnbadness=\count94
\c@finalcolumnbadness=\count95
\last@try=\dimen111
\multicolovershoot=\dimen112
\multicolundershoot=\dimen113
\mult@nat@firstbox=\box50
\colbreak@box=\box51
)
(/usr/share/texmf/tex/latex/misc/float.sty
Package: float 2001/11/08 v1.3d Float enhancements (AL)
\c@float@type=\count96
\float@exts=\toks15
\float@box=\box52
\@float@everytoks=\toks16
\@floatcapt=\box53
)
(/usr/share/texmf/tex/latex/base/textcomp.sty
Package: textcomp 2001/06/05 v1.94 Standard LaTeX package

(/usr/share/texmf/tex/latex/base/ts1enc.def
File: ts1enc.def 2001/06/05 v3.0e (jk/car/fm) Standard LaTeX file
))
(/usr/share/texmf/tex/latex/base/alltt.sty
Package: alltt 1997/06/16 v2.0g defines alltt environment
) (./doxygen.sty
Package: doxygen 

(/usr/share/texmf/tex/latex/tools/calc.sty
Package: calc 1998/07/07 v4.1b Infix arithmetic (KKT,FJ)
\calc@Acount=\count97
\calc@Bcount=\count98
\calc@Adimen=\dimen114
\calc@Bdimen=\dimen115
\calc@Askip=\skip45
\calc@Bskip=\skip46
LaTeX Info: Redefining \setlength on input line 59.
LaTeX Info: Redefining \addtolength on input line 60.
\calc@denominator=\count99
)
(/usr/share/texmf/tex/latex/tools/array.sty
Package: array 1998/05/13 v2.3m Tabular extension package (FMi)
\col@sep=\dimen116
\extrarowheight=\dimen117
\NC@list=\toks17
\extratabsurround=\skip47
\backup@length=\skip48
)
\tmplength=\skip49
)
(/usr/share/texmf/tex/latex/base/fontenc.sty
Package: fontenc 2001/06/05 v1.94 Standard LaTeX package

(/usr/share/texmf/tex/latex/base/t1enc.def
File: t1enc.def 2001/06/05 v1.94 Standard LaTeX file
LaTeX Font Info:    Redeclaring font encoding T1 on input line 38.
))
\@indexfile=\write3
\openout3 = `refman.idx'.


Writing index file refman.idx
(./refman.aux (./dir_2f7e53fbf59743acafe0a1c443dedb88.aux)
(./dir_ad823f63bf818e4989349037a7acc59c.aux)
(./dir_6f5e1fd014b545bac6b7a8ff1c591f69.aux)
(./dir_f428b077ca115b1ca7114151d5ecabe7.aux) (./namespacedetail.aux)
(./namespaceHepMC.aux) (./namespaceHepMC_1_1detail.aux)
(./structHepMC_1_1detail_1_1disable__if_3_01false_00_01T_01_4.aux)
(./structHepMC_1_1detail_1_1enable__if.aux)
(./structHepMC_1_1detail_1_1enable__if_3_01true_00_01T_01_4.aux)
(./classHepMC_1_1Flow.aux) (./classHepMC_1_1FourVector.aux)
(./classHepMC_1_1GenEvent.aux)
(./classHepMC_1_1GenEvent_1_1particle__const__iterator.aux)
(./classHepMC_1_1GenEvent_1_1particle__iterator.aux)
(./classHepMC_1_1GenEvent_1_1vertex__const__iterator.aux)
(./classHepMC_1_1GenEvent_1_1vertex__iterator.aux)
(./classHepMC_1_1GenParticle.aux) (./classHepMC_1_1GenVertex.aux)
(./classHepMC_1_1GenVertex_1_1edge__iterator.aux)
(./classHepMC_1_1GenVertex_1_1particle__iterator.aux)
(./classHepMC_1_1GenVertex_1_1vertex__iterator.aux)
(./classHepMC_1_1HeavyIon.aux) (./classHepMC_1_1HEPEVT__Wrapper.aux)
(./classHepMC_1_1IO__Ascii.aux) (./classHepMC_1_1IO__AsciiParticles.aux)
(./classHepMC_1_1IO__BaseClass.aux) (./classHepMC_1_1IO__ExtendedAscii.aux)
(./classHepMC_1_1IO__HEPEVT.aux) (./classHepMC_1_1IO__HERWIG.aux)
(./classHepMC_1_1IO__PDG__ParticleDataTable.aux)
(./structHepMC_1_1detail_1_1is__arithmetic.aux)
(./structHepMC_1_1detail_1_1is__arithmetic_3_01char_01_4.aux)
(./structHepMC_1_1detail_1_1is__arithmetic_3_01double_01_4.aux)
(./structHepMC_1_1detail_1_1is__arithmetic_3_01float_01_4.aux)
(./structHepMC_1_1detail_1_1is__arithmetic_3_01int_01_4.aux)
(./structHepMC_1_1detail_1_1is__arithmetic_3_01long_01_4.aux)
(./structHepMC_1_1detail_1_1is__arithmetic_3_01long_01double_01_4.aux)
(./structHepMC_1_1detail_1_1is__arithmetic_3_01short_01_4.aux)
(./structHepMC_1_1detail_1_1is__arithmetic_3_01signed_01char_01_4.aux)
(./structHepMC_1_1detail_1_1is__arithmetic_3_01unsigned_01char_01_4.aux)
(./structHepMC_1_1detail_1_1is__arithmetic_3_01unsigned_01int_01_4.aux)
(./structHepMC_1_1detail_1_1is__arithmetic_3_01unsigned_01long_01_4.aux)
(./structHepMC_1_1detail_1_1is__arithmetic_3_01unsigned_01short_01_4.aux)
(./classIsFinalState.aux

LaTeX Warning: Label `classIsFinalState_62aeba27a39989c7bbccef8a0fa7626a' multi
ply defined.

) (./classIsGoodEvent.aux

LaTeX Warning: Label `classIsGoodEvent_eb8864821e4db5babf9b002764a8b295' multip
ly defined.

) (./classIsGoodEventMyPythia.aux) (./classIsPhoton.aux) (./classIsW__Boson.aux
) (./classHepMC_1_1ParticleData.aux) (./classHepMC_1_1ParticleDataTable.aux)
(./classHepMC_1_1PdfInfo.aux) (./classHepMC_1_1Polarization.aux)
(./classHepMC_1_1TempParticleMap.aux) (./classHepMC_1_1ThreeVector.aux)
(./classHepMC_1_1WeightContainer.aux) (./example__BuildEventFromScratch_8cc.aux
) (./example__EventSelection_8cc.aux) (./example__MyHerwig_8cc.aux)
(./example__MyPythia_8cc.aux) (./example__MyPythiaOnlyToHepMC_8cc.aux)
(./example__MyPythiaRead_8cc.aux)
(./example__MyPythiaWithEventSelection_8cc.aux)
(./example__PythiaParticle_8cc.aux) (./example__ReadPDGtable_8cc.aux)
(./example__UsingIterators_8cc.aux) (./Flow_8cc.aux) (./Flow_8h.aux)
(./GenEvent_8cc.aux) (./GenEvent_8h.aux) (./GenParticle_8cc.aux)
(./GenParticle_8h.aux) (./GenVertex_8cc.aux) (./GenVertex_8h.aux)
(./HeavyIon_8h.aux) (./HEPEVT__Wrapper_8cc.aux) (./HEPEVT__Wrapper_8h.aux)
(./HepMC__CLHEP20_8h.aux) (./HerwigWrapper_8h.aux) (./HerwigWrapper6__4_8h.aux)
(./initPythia_8cc.aux) (./IO__Ascii_8cc.aux) (./IO__Ascii_8h.aux)
(./IO__AsciiParticles_8cc.aux) (./IO__AsciiParticles_8h.aux)
(./IO__BaseClass_8h.aux) (./IO__ExtendedAscii_8cc.aux)
(./IO__ExtendedAscii_8h.aux) (./IO__HEPEVT_8cc.aux) (./IO__HEPEVT_8h.aux)
(./IO__HERWIG_8cc.aux) (./IO__HERWIG_8h.aux)
(./IO__PDG__ParticleDataTable_8cc.aux) (./IO__PDG__ParticleDataTable_8h.aux)
(./is__arithmetic_8h.aux) (./IsGoodEvent_8h.aux) (./list__of__examples_8cc.aux)
(./ParticleData_8cc.aux) (./ParticleData_8h.aux) (./ParticleDataTable_8h.aux)
(./PdfInfo_8h.aux) (./Polarization_8cc.aux) (./Polarization_8h.aux)
(./PythiaHelper_8h.aux) (./PythiaWrapper_8h.aux) (./PythiaWrapper5__720_8h.aux)
(./PythiaWrapper6__152_8h.aux) (./PythiaWrapper6__152__WIN32_8h.aux)
(./PythiaWrapper6__2_8h.aux) (./PythiaWrapper6__2__WIN32_8h.aux)
(./SearchVector_8cc.aux) (./SearchVector_8h.aux) (./SimpleVector_8h.aux)
(./TempParticleMap_8h.aux) (./testHepMCIteration_8h.aux)
(./testPrintBug_8cc.aux) (./testSimpleVector_8cc.aux)
(./VectorConversion_8h.aux) (./Version_8h.aux) (./WeightContainer_8h.aux)
(./example__EventSelection_8cc-example.aux)
(./example__MyHerwig_8cc-example.aux) (./example__MyPythia_8cc-example.aux)
(./example__MyPythiaOnlyToHepMC_8cc-example.aux)
(./example__MyPythiaRead_8cc-example.aux)
(./example__MyPythiaWithEventSelection_8cc-example.aux)
(./example__PythiaParticle_8cc-example.aux)
(./example__UsingIterators_8cc-example.aux))
\openout1 = `refman.aux'.

LaTeX Font Info:    Checking defaults for OML/cmm/m/it on input line 14.
LaTeX Font Info:    ... okay on input line 14.
LaTeX Font Info:    Checking defaults for T1/cmr/m/n on input line 14.
LaTeX Font Info:    ... okay on input line 14.
LaTeX Font Info:    Checking defaults for OT1/cmr/m/n on input line 14.
LaTeX Font Info:    ... okay on input line 14.
LaTeX Font Info:    Checking defaults for OMS/cmsy/m/n on input line 14.
LaTeX Font Info:    ... okay on input line 14.
LaTeX Font Info:    Checking defaults for OMX/cmex/m/n on input line 14.
LaTeX Font Info:    ... okay on input line 14.
LaTeX Font Info:    Checking defaults for U/cmr/m/n on input line 14.
LaTeX Font Info:    ... okay on input line 14.
LaTeX Font Info:    Checking defaults for TS1/cmr/m/n on input line 14.
LaTeX Font Info:    Try loading font information for TS1+cmr on input line 14.

(/usr/share/texmf/tex/latex/base/ts1cmr.fd
File: ts1cmr.fd 1999/05/25 v2.5h Standard LaTeX font definitions
)
LaTeX Font Info:    ... okay on input line 14.
 [1


] [2

] (./refman.toc
LaTeX Font Info:    External font `cmex10' loaded for size
(Font)              <7> on input line 2.
LaTeX Font Info:    External font `cmex10' loaded for size
(Font)              <5> on input line 2.
 [1

]
Underfull \vbox (badness 1389) has occurred while \output is active []

 [2]
[3]
Underfull \vbox (badness 1389) has occurred while \output is active []

 [4])
\tf@toc=\write4
\openout4 = `refman.toc'.


[5] [6

]
Chapter 1.
(./dirs.tex) [1

] [2

]
Chapter 2.
(./namespaces.tex) [3] [4

]
Chapter 3.
(./hierarchy.tex [5]) [6]
Chapter 4.
(./annotated.tex
Underfull \hbox (badness 1194) in paragraph at lines 23--23
 [][] \T1/cmr/bx/n/10 Hep-MC::IO_-Base-Class \T1/cmr/m/n/10 (All in-put/output 
classes in-herit from \T1/cmr/bx/n/10 IO_-Base-Class 
 []


Underfull \vbox (badness 3568) has occurred while \output is active []

 [7

]
Underfull \hbox (badness 1199) in paragraph at lines 50--50
 [][] \T1/cmr/bx/n/10 Hep-MC::Temp-Particle-Map \T1/cmr/m/n/10 (\T1/cmr/bx/n/10
 Temp-Particle-Map \T1/cmr/m/n/10 (p.213[]) is a tem-po-rary Gen- 
 []

) [8]
Chapter 5.
(./files.tex [9

]) [10]
Chapter 6.
(./dir_a21962e77012aa68665660946b15ca42.tex
Underfull \hbox (badness 10000) in paragraph at lines 1--1
[]\T1/cmr/bx/n/14.4 /home/cepa01/garren/lcg/hepmc/Hep-MC-
 []

) [11

]
\openout2 = `dir_2f7e53fbf59743acafe0a1c443dedb88.aux'.

 (./dir_2f7e53fbf59743acafe0a1c443dedb88.tex
Underfull \hbox (badness 10000) in paragraph at lines 1--1
[]\T1/cmr/bx/n/14.4 /home/cepa01/garren/lcg/hepmc/Hep-MC-2.01.08/fio/
 []

) [12

]
\openout2 = `dir_ad823f63bf818e4989349037a7acc59c.aux'.

 (./dir_ad823f63bf818e4989349037a7acc59c.tex
Underfull \hbox (badness 10000) in paragraph at lines 1--1
[]\T1/cmr/bx/n/14.4 /home/cepa01/garren/lcg/hepmc/Hep-MC-
 []

)

Package Fancyhdr Warning: \headheight is too small (12.0pt): 
 Make it at least 23.0982pt.
 We now make it that large for the rest of the document.
 This may cause the page layout to be inconsistent, however.

[13


]
\openout2 = `dir_6f5e1fd014b545bac6b7a8ff1c591f69.aux'.

 (./dir_6f5e1fd014b545bac6b7a8ff1c591f69.tex
Underfull \hbox (badness 10000) in paragraph at lines 1--1
[]\T1/cmr/bx/n/14.4 /home/cepa01/garren/lcg/hepmc/Hep-MC-2.01.08/src/
 []

) [14


]
\openout2 = `dir_f428b077ca115b1ca7114151d5ecabe7.aux'.

 (./dir_f428b077ca115b1ca7114151d5ecabe7.tex
Underfull \hbox (badness 10000) in paragraph at lines 1--1
[]\T1/cmr/bx/n/14.4 /home/cepa01/garren/lcg/hepmc/Hep-MC-
 []

) [15


] [16


]
Chapter 7.
(./namespaceCLHEP.tex) [17]
\openout2 = `namespacedetail.aux'.

 (./namespacedetail.tex) [18

]
\openout2 = `namespaceHepMC.aux'.

 (./namespaceHepMC.tex
[19


]
LaTeX Font Info:    External font `cmex10' loaded for size
(Font)              <9> on input line 47.
LaTeX Font Info:    External font `cmex10' loaded for size
(Font)              <6> on input line 47.

Underfull \hbox (badness 1303) in paragraph at lines 77--79
[]\T1/cmr/m/n/10 std::vector$\OML/cmm/m/it/10 <$ \T1/cmr/bx/n/10 Hep-MC::Gen-Pa
rticle $\OMS/cmsy/m/n/10 ^^C$ $\OML/cmm/m/it/10 >$\T1/cmr/m/n/10 ::iterator \T1
/cmr/bx/n/10 already_-in_-vector \T1/cmr/m/n/10 (std::vector$\OML/cmm/m/it/10 <
$
 []

[20]
Underfull \hbox (badness 1303) in paragraph at lines 97--98
[]\T1/cmr/m/n/10 std::vector$\OML/cmm/m/it/10 <$ \T1/cmr/bx/n/10 Hep-MC::Gen-Pa
rticle $\OMS/cmsy/m/n/10 ^^C$ $\OML/cmm/m/it/10 >$\T1/cmr/m/n/10 ::iterator \T1
/cmr/bx/n/10 already_-in_-vector \T1/cmr/m/n/10 (std::vector$\OML/cmm/m/it/10 <
$
 []

[21]
LaTeX Font Info:    Try loading font information for T1+cmtt on input line 182.

 (/usr/share/texmf/tex/latex/base/t1cmtt.fd
File: t1cmtt.fd 1999/05/25 v2.5h Standard LaTeX font definitions
) [22]
Underfull \hbox (badness 10000) in paragraph at lines 232--234
\T1/cmr/m/n/10 Data::mass(), Hep-MC::Particle-Data::name(), Hep-MC::Particle-Da
ta::pdg_-id(), and Hep-
 []


Underfull \hbox (badness 10000) in paragraph at lines 254--256
[]\T1/cmr/m/n/10 References Hep-MC::Gen-Vertex::barcode(), Hep-MC::Gen-Particle
::barcode(), Hep-MC::Four-
 []


Underfull \hbox (badness 10000) in paragraph at lines 254--256
\T1/cmr/m/n/10 Vector::e(), Hep-MC::Gen-Particle::end_-vertex(), Hep-MC::Gen-Pa
rticle::momentum(), Hep-
 []

[23]
Underfull \hbox (badness 10000) in paragraph at lines 287--289
[]\T1/cmr/m/n/10 Referenced by ver-sion(), Hep-MC::IO_-Extended-Ascii::write_-e
vent(), Hep-MC::IO_-Ascii-
 []


Underfull \hbox (badness 10000) in paragraph at lines 320--322
[]\T1/cmr/m/n/10 Referenced by clifetime_-from_-width(), Hep-MC::Particle-Data:
:set_-width(), and Hep-
 []

) [24]
\openout2 = `namespaceHepMC_1_1detail.aux'.

 (./namespaceHepMC_1_1detail.tex [25


]) [26]
Chapter 8.
(./structHepMC_1_1detail_1_1disable__if.tex
LaTeX Font Info:    External font `cmex10' loaded for size
(Font)              <14.4> on input line 1.
) [27


]
\openout2 = `structHepMC_1_1detail_1_1disable__if_3_01false_00_01T_01_4.aux'.


(./structHepMC_1_1detail_1_1disable__if_3_01false_00_01T_01_4.tex) [28

]
\openout2 = `structHepMC_1_1detail_1_1enable__if.aux'.


(./structHepMC_1_1detail_1_1enable__if.tex) [29


]
\openout2 = `structHepMC_1_1detail_1_1enable__if_3_01true_00_01T_01_4.aux'.


(./structHepMC_1_1detail_1_1enable__if_3_01true_00_01T_01_4.tex) [30


]
\openout2 = `classHepMC_1_1Flow.aux'.


(./classHepMC_1_1Flow.tex [31


] [32] [33] [34]
Underfull \hbox (badness 4366) in paragraph at lines 232--234
[]\T1/cmr/m/n/10 Referenced by connected_-partners(), dangling_-connected_-part
ners(), and Hep-MC::Gen-
 []

[35] [36]) [37]
\openout2 = `classHepMC_1_1FourVector.aux'.

 (./classHepMC_1_1FourVector.tex [38


] [39] [40]
Underfull \hbox (badness 10000) in paragraph at lines 159--161
[]\T1/cmr/m/n/10 Referenced by Hep-MC::operator$\OML/cmm/m/it/10 <$$<$\T1/cmr/m
/n/10 (), Hep-MC::Gen-Particle::print(), and Hep-MC::IO_-
 []


Underfull \hbox (badness 10000) in paragraph at lines 170--172
[]\T1/cmr/m/n/10 Referenced by Hep-MC::operator$\OML/cmm/m/it/10 <$$<$\T1/cmr/m
/n/10 (), Hep-MC::Gen-Particle::print(), and Hep-MC::IO_-
 []


Underfull \hbox (badness 10000) in paragraph at lines 181--183
[]\T1/cmr/m/n/10 Referenced by Hep-MC::operator$\OML/cmm/m/it/10 <$$<$\T1/cmr/m
/n/10 (), Hep-MC::Gen-Particle::print(), and Hep-MC::IO_-
 []


Underfull \hbox (badness 10000) in paragraph at lines 192--194
[]\T1/cmr/m/n/10 Referenced by Hep-MC::operator$\OML/cmm/m/it/10 <$$<$\T1/cmr/m
/n/10 (), Hep-MC::Gen-Particle::print(), and Hep-MC::IO_-
 []

[41] [42] [43] [44]) [45]
\openout2 = `classHepMC_1_1GenEvent.aux'.

 (./classHepMC_1_1GenEvent.tex
Underfull \hbox (badness 2376) in paragraph at lines 11--12
[]\T1/cmr/bx/n/10 Gen-Event \T1/cmr/m/n/10 (int signal_-process_-id=0, int even
t_-number=0, \T1/cmr/bx/n/10 Gen-Vertex $\OMS/cmsy/m/n/10 ^^C$\T1/cmr/m/n/10 si
gnal_-
 []

[46


] [47]
Underfull \hbox (badness 3930) in paragraph at lines 79--80
[]\T1/cmr/m/n/10 bool \T1/cmr/bx/n/10 set_-beam_-particles \T1/cmr/m/n/10 (std:
:pair$\OML/cmm/m/it/10 <$ \T1/cmr/bx/n/10 Hep-MC::Gen-Particle $\OMS/cmsy/m/n/1
0 ^^C$\T1/cmr/m/n/10 , \T1/cmr/bx/n/10 Hep-MC::Gen-
 []

[48] [49]
Underfull \hbox (badness 6741) in paragraph at lines 170--170
[]\T1/cmr/bx/n/10 example_-Build-Event-From-Scratch.cc\T1/cmr/m/n/10 , \T1/cmr/
bx/n/10 example_-Event-Selection.cc\T1/cmr/m/n/10 , \T1/cmr/bx/n/10 example_-
 []


Underfull \hbox (badness 8094) in paragraph at lines 170--170
\T1/cmr/bx/n/10 My-Herwig.cc\T1/cmr/m/n/10 , \T1/cmr/bx/n/10 example_-My-Pythia
.cc\T1/cmr/m/n/10 , \T1/cmr/bx/n/10 example_-My-Pythia-Only-To-Hep-MC.cc\T1/cmr
/m/n/10 ,
 []


Underfull \hbox (badness 10000) in paragraph at lines 170--170
\T1/cmr/bx/n/10 example_-My-Pythia-Read.cc\T1/cmr/m/n/10 , \T1/cmr/bx/n/10 exam
ple_-My-Pythia-With-Event-Selection.cc\T1/cmr/m/n/10 ,
 []

[50]
Underfull \hbox (badness 1648) in paragraph at lines 207--209
\T1/cmr/m/n/10 scale(), Gen-Particle, Gen-Vertex, mpi(), p, particles_-begin(),
 particles_-end(), random_-
 []


Underfull \hbox (badness 1097) in paragraph at lines 247--248
[]\T1/cmr/m/n/10 References m_-alpha-QCD, m_-alpha-QED, m_-beam_-particle_-1, m
_-beam_-particle_-2, m_-
 []

[51]
Underfull \hbox (badness 10000) in paragraph at lines 265--266
[]\T1/cmr/m/n/10 References alpha-QCD(), alpha-QED(), Hep-MC::Gen-Vertex::barco
de(), beam_-particles(),
 []


Underfull \hbox (badness 5460) in paragraph at lines 265--266
\T1/cmr/m/n/10 Hep-MC::Gen-Particle::counter(), Hep-MC::Gen-Vertex::counter(), 
counter(), Hep-MC::Weight-
 []


Underfull \hbox (badness 10000) in paragraph at lines 265--266
\T1/cmr/m/n/10 Container::end(), event_-number(), event_-scale(), particles_-si
ze(), signal_-process_-id(),
 []


Underfull \hbox (badness 7504) in paragraph at lines 265--266
\T1/cmr/m/n/10 signal_-process_-vertex(), Hep-MC::Weight-Container::size(), ver
tices_-end(), vertices_-size(),
 []


Underfull \hbox (badness 3240) in paragraph at lines 306--308
[]\T1/cmr/m/n/10 Referenced by Hep-MC::IO_-Extended-Ascii::fill_-next_-event(),
 and Hep-MC::IO_-Ascii::fill_-
 []

[52]
Underfull \hbox (badness 2689) in paragraph at lines 331--333
\T1/cmr/m/n/10 Extended-Ascii::write_-event(), Hep-MC::IO_-Ascii-Particles::wri
te_-event(), and Hep-MC::IO_-
 []

[53]
Underfull \hbox (badness 2165) in paragraph at lines 419--421
[]\T1/cmr/m/n/10 Referenced by Hep-MC::IO_-Extended-Ascii::fill_-next_-event(),
 Hep-MC::IO_-Ascii::fill_-next_-
 []

[54]
Underfull \hbox (badness 3758) in paragraph at lines 475--477
[]\T1/cmr/m/n/10 Referenced by Gen-Event(), Hep-MC::IO_-Extended-Ascii::write_-
event(), Hep-MC::IO_-Ascii-
 []


Underfull \hbox (badness 2165) in paragraph at lines 489--491
[]\T1/cmr/m/n/10 Referenced by Hep-MC::IO_-Extended-Ascii::fill_-next_-event(),
 Hep-MC::IO_-Ascii::fill_-next_-
 []

[55]
Underfull \hbox (badness 1953) in paragraph at lines 503--505
[]\T1/cmr/m/n/10 Referenced by Hep-MC::IO_-HERWIG::fill_-next_-event(), Hep-MC:
:IO_-HEPEVT::fill_-next_-
 []


Underfull \hbox (badness 2875) in paragraph at lines 503--505
\T1/cmr/m/n/10 event(), Hep-MC::IO_-Extended-Ascii::fill_-next_-event(), Hep-MC
::IO_-Ascii::fill_-next_-event(),
 []


Underfull \hbox (badness 1342) in paragraph at lines 512--512
[]\T1/cmr/bx/n/10 example_-My-Pythia.cc\T1/cmr/m/n/10 , \T1/cmr/bx/n/10 example
_-My-Pythia-Only-To-Hep-MC.cc\T1/cmr/m/n/10 , and \T1/cmr/bx/n/10 example_-
 []

[56]
Underfull \hbox (badness 5985) in paragraph at lines 566--568
[]\T1/cmr/m/n/10 Referenced by Hep-MC::IO_-HERWIG::fill_-next_-event(), Hep-MC:
:IO_-Extended-Ascii::fill_-
 []


Underfull \hbox (badness 1953) in paragraph at lines 577--579
[]\T1/cmr/m/n/10 Referenced by Hep-MC::IO_-HERWIG::fill_-next_-event(), Hep-MC:
:IO_-HEPEVT::fill_-next_-
 []


Underfull \hbox (badness 2165) in paragraph at lines 595--597
[]\T1/cmr/m/n/10 Referenced by Hep-MC::IO_-Extended-Ascii::fill_-next_-event(),
 Hep-MC::IO_-Ascii::fill_-next_-
 []

[57]
Underfull \hbox (badness 10000) in paragraph at lines 652--654
[]\T1/cmr/m/n/10 Referenced by print(), Hep-MC::IO_-Extended-Ascii::write_-even
t(), Hep-MC::IO_-Ascii-
 []


Underfull \hbox (badness 10000) in paragraph at lines 679--680
[]\T1/cmr/m/n/10 References Hep-MC::Gen-Vertex::barcode(), Hep-MC::Gen-Vertex::
parent_-event(), remove_-
 []


Underfull \hbox (badness 4556) in paragraph at lines 681--683
[]\T1/cmr/m/n/10 Referenced by Hep-MC::IO_-HERWIG::build_-end_-vertex(), Hep-MC
::IO_-HERWIG::build_-
 []


Underfull \hbox (badness 1490) in paragraph at lines 681--683
\T1/cmr/m/n/10 production_-vertex(), Hep-MC::IO_-HERWIG::fill_-next_-event(), H
ep-MC::IO_-HEPEVT::fill_-
 []


Underfull \hbox (badness 5771) in paragraph at lines 681--683
\T1/cmr/m/n/10 next_-event(), Hep-MC::IO_-Extended-Ascii::fill_-next_-event(), 
Hep-MC::IO_-Ascii::fill_-next_-
 []

[58]
Underfull \hbox (badness 7168) in paragraph at lines 694--695
[]\T1/cmr/m/n/10 References Hep-MC::Gen-Vertex::barcode(), Hep-MC::Gen-Vertex::
parent_-event(), and Hep-
 []


Underfull \hbox (badness 1867) in paragraph at lines 709--711
[]\T1/cmr/m/n/10 References Hep-MC::Gen-Particle::counter(), Hep-MC::Gen-Vertex
::counter(), and delete_-all_-
 []


Underfull \hbox (badness 3503) in paragraph at lines 723--725
[]\T1/cmr/m/n/10 Referenced by Gen-Event(), main(), Hep-MC::IO_-HEPEVT::write_-
event(), Hep-MC::IO_-
 []

[59]
Underfull \hbox (badness 10000) in paragraph at lines 769--771
[]\T1/cmr/m/n/10 Referenced by Gen-Event(), main(), Is-Good-Event-My-Pythia::op
erator()(), Is-Good-
 []


Underfull \hbox (badness 2932) in paragraph at lines 769--771
\T1/cmr/m/n/10 Event::operator()(), valid_-beam_-particles(), and Hep-MC::IO_-A
scii-Particles::write_-event().[]
 []


Underfull \hbox (badness 10000) in paragraph at lines 783--785
[]\T1/cmr/m/n/10 Referenced by Gen-Event(), main(), Is-Good-Event-My-Pythia::op
erator()(), Is-Good-
 []


Underfull \hbox (badness 2932) in paragraph at lines 783--785
\T1/cmr/m/n/10 Event::operator()(), valid_-beam_-particles(), and Hep-MC::IO_-A
scii-Particles::write_-event().[]
 []

[60]
Underfull \hbox (badness 10000) in paragraph at lines 814--816
[]\T1/cmr/m/n/10 Referenced by Hep-MC::Gen-Vertex::set_-parent_-event_-(), Hep-
MC::Gen-Vertex::suggest_-
 []


Underfull \hbox (badness 5345) in paragraph at lines 838--840
[]\T1/cmr/m/n/10 Referenced by Hep-MC::Gen-Particle::set_-end_-vertex_-(), Hep-
MC::Gen-Vertex::set_-parent_-
 []


Underfull \hbox (badness 10000) in paragraph at lines 838--840
\T1/cmr/m/n/10 event_-(), Hep-MC::Gen-Particle::set_-production_-vertex_-(), He
p-MC::Gen-Particle::$\OMS/cmsy/m/n/10 ^^X$\T1/cmr/m/n/10 Gen-
 []

[61]) [62]
\openout2 = `classHepMC_1_1GenEvent_1_1particle__const__iterator.aux'.

 (./classHepMC_1_1GenEvent_1_1particle__const__iterator.tex [63


]
[64]) [65]
\openout2 = `classHepMC_1_1GenEvent_1_1particle__iterator.aux'.

 (./classHepMC_1_1GenEvent_1_1particle__iterator.tex [66


] [67]
[68]) [69]
\openout2 = `classHepMC_1_1GenEvent_1_1vertex__const__iterator.aux'.

 (./classHepMC_1_1GenEvent_1_1vertex__const__iterator.tex [70


]
[71]) [72]
\openout2 = `classHepMC_1_1GenEvent_1_1vertex__iterator.aux'.

 (./classHepMC_1_1GenEvent_1_1vertex__iterator.tex [73


] [74] [75])
[76]
\openout2 = `classHepMC_1_1GenParticle.aux'.

 (./classHepMC_1_1GenParticle.tex [77


] [78] [79]
Underfull \hbox (badness 10000) in paragraph at lines 171--172
[]\T1/cmr/m/n/10 References m_-barcode, m_-end_-vertex, m_-flow, m_-generated_-
mass, m_-momentum,
 []


Underfull \hbox (badness 7433) in paragraph at lines 171--172
\T1/cmr/m/n/10 m_-pdg_-id, m_-polarization, m_-production_-vertex, m_-serialnum
ber, m_-status, Hep-
 []

[80] [81]
Underfull \hbox (badness 1394) in paragraph at lines 303--305
[]\T1/cmr/m/n/10 Referenced by Hep-MC::Gen-Vertex::add_-particle_-out(), parent
_-event(), print(), and Hep-
 []

[82] [83] [84]
Underfull \hbox (badness 3471) in paragraph at lines 486--488
[]\T1/cmr/m/n/10 Referenced by Hep-MC::Gen-Vertex::add_-particle_-out(), Gen-Pa
rticle(), and Hep-MC::Gen-
 []


Underfull \hbox (badness 6063) in paragraph at lines 499--501
[]\T1/cmr/m/n/10 Referenced by Hep-MC::Gen-Vertex::add_-particle_-in(), Gen-Par
ticle(), and Hep-MC::Gen-
 []

[85]) [86]
\openout2 = `classHepMC_1_1GenVertex.aux'.

 (./classHepMC_1_1GenVertex.tex
Underfull \hbox (badness 4072) in paragraph at lines 13--14
[]\T1/cmr/m/n/10 typedef std::vector$\OML/cmm/m/it/10 <$ \T1/cmr/bx/n/10 Hep-MC
::Gen-Particle $\OMS/cmsy/m/n/10 ^^C$ $\OML/cmm/m/it/10 >$\T1/cmr/m/n/10 ::cons
t_-iterator \T1/cmr/bx/n/10 particles_-out_-
 []

[87


] [88] [89] [90]
Underfull \hbox (badness 2229) in paragraph at lines 194--196
[]\T1/cmr/m/n/10 References add_-particle_-in(), add_-particle_-out(), bar-code
(), particles_-in_-const_-begin(),
 []


Underfull \hbox (badness 7362) in paragraph at lines 194--196
\T1/cmr/m/n/10 particles_-in_-const_-end(), particles_-out_-const_-begin(), par
ticles_-out_-const_-end(), and
 []


Underfull \hbox (badness 4193) in paragraph at lines 203--204
[]\T1/cmr/m/n/10 References delete_-adopted_-particles(), parent_-event(), and 
Hep-MC::Gen-Event::remove_-
 []

[91]
Underfull \hbox (badness 10000) in paragraph at lines 247--249
[]\T1/cmr/m/n/10 References particles_-in_-const_-begin(), particles_-in_-const
_-end(), particles_-in_-size(),
 []


Underfull \hbox (badness 3713) in paragraph at lines 247--249
\T1/cmr/m/n/10 particles_-out_-const_-begin(), particles_-out_-const_-end(), pa
rticles_-out_-size(), and po-si-
 []


Underfull \hbox (badness 6125) in paragraph at lines 267--268
[]\T1/cmr/m/n/10 References bar-code(), Hep-MC::Weight-Container::end(), id(), 
particles_-in_-const_-begin(),
 []


Underfull \hbox (badness 4024) in paragraph at lines 267--268
\T1/cmr/m/n/10 particles_-in_-const_-end(), particles_-out_-const_-begin(), par
ticles_-out_-const_-end(), po-si-
 []


Underfull \hbox (badness 2608) in paragraph at lines 267--268
\T1/cmr/m/n/10 tion(), Hep-MC::Weight-Container::size(), Hep-MC::Four-Vector::t
(), weights(), Hep-MC::Four-
 []

[92]
Underfull \hbox (badness 8019) in paragraph at lines 282--284
[]\T1/cmr/m/n/10 References particles_-in_-const_-begin(), particles_-in_-const
_-end(), particles_-out_-const_-
 []


Underfull \hbox (badness 10000) in paragraph at lines 296--297
[]\T1/cmr/m/n/10 References Hep-MC::Gen-Particle::end_-vertex(), remove_-partic
le_-in(), and Hep-MC::Gen-
 []


Underfull \hbox (badness 4556) in paragraph at lines 298--300
[]\T1/cmr/m/n/10 Referenced by Hep-MC::IO_-HERWIG::build_-end_-vertex(), Hep-MC
::IO_-HERWIG::build_-
 []


Underfull \hbox (badness 10000) in paragraph at lines 298--300
\T1/cmr/m/n/10 production_-vertex(), Hep-MC::IO_-HERWIG::fill_-next_-event(), H
ep-MC::IO_-Extended-
 []


Underfull \hbox (badness 10000) in paragraph at lines 298--300
\T1/cmr/m/n/10 Ascii::fill_-next_-event(), Hep-MC::IO_-Ascii::fill_-next_-event
(), Gen-Vertex(), and main().[]
 []


Underfull \hbox (badness 10000) in paragraph at lines 312--313
[]\T1/cmr/m/n/10 References Hep-MC::Gen-Particle::production_-vertex(), remove_
-particle_-out(), and Hep-
 []


Underfull \hbox (badness 4556) in paragraph at lines 314--316
[]\T1/cmr/m/n/10 Referenced by Hep-MC::IO_-HERWIG::build_-end_-vertex(), Hep-MC
::IO_-HERWIG::build_-
 []


Underfull \hbox (badness 1490) in paragraph at lines 314--316
\T1/cmr/m/n/10 production_-vertex(), Hep-MC::IO_-HERWIG::fill_-next_-event(), H
ep-MC::IO_-HEPEVT::fill_-
 []

[93]
Underfull \hbox (badness 10000) in paragraph at lines 327--329
[]\T1/cmr/m/n/10 References Hep-MC::Gen-Particle::end_-vertex(), Hep-MC::Gen-Pa
rticle::production_-vertex(),
 []


Underfull \hbox (badness 1067) in paragraph at lines 360--362
[]\T1/cmr/m/n/10 Referenced by Hep-MC::Gen-Event::add_-vertex(), Hep-MC::Gen-Pa
rticle::parent_-event(), Hep-
 []


Underfull \hbox (badness 4556) in paragraph at lines 384--386
[]\T1/cmr/m/n/10 Referenced by Hep-MC::IO_-HERWIG::build_-end_-vertex(), Hep-MC
::IO_-HERWIG::build_-
 []


Underfull \hbox (badness 1043) in paragraph at lines 384--386
\T1/cmr/m/n/10 production_-vertex(), op-er-a-tor Hep-MC::Four-Vector(), Hep-MC:
:operator$\OML/cmm/m/it/10 <$$<$\T1/cmr/m/n/10 (), op-er-a-tor==(),
 []

[94]
Underfull \hbox (badness 10000) in paragraph at lines 428--430
\T1/cmr/m/n/10 Hep-MC::Gen-Particle::print(), Hep-MC::Gen-Event::print(), Hep-M
C::Gen-Event::remove_-
 []


Underfull \hbox (badness 8170) in paragraph at lines 428--430
\T1/cmr/m/n/10 vertex(), set_-parent_-event_-(), Hep-MC::IO_-Extended-Ascii::wr
ite_-event(), Hep-MC::IO_-
 []

[95] [96] [97]
Underfull \hbox (badness 10000) in paragraph at lines 597--599
[]\T1/cmr/m/n/10 Referenced by Hep-MC::Gen-Vertex::vertex_-iterator::operator++
(), and Hep-MC::Gen-
 []

[98] [99]) [100]
\openout2 = `classHepMC_1_1GenVertex_1_1edge__iterator.aux'.

 (./classHepMC_1_1GenVertex_1_1edge__iterator.tex [101


]
[102]
Underfull \hbox (badness 10000) in paragraph at lines 119--121
[]\T1/cmr/m/n/10 References Hep-MC::family, Hep-MC::Gen-Vertex::m_-particles_-i
n, Hep-MC::Gen-Vertex::m_-
 []

[103]) [104]
\openout2 = `classHepMC_1_1GenVertex_1_1particle__iterator.aux'.

 (./classHepMC_1_1GenVertex_1_1particle__iterator.tex [105


]
Underfull \hbox (badness 10000) in paragraph at lines 71--73
[]\T1/cmr/m/n/10 References advance_-to_-first_-(), Hep-MC::family, and Hep-MC:
:Gen-Vertex::vertex_-
 []

[106]
Underfull \hbox (badness 10000) in paragraph at lines 161--162
[]\T1/cmr/m/n/10 References Hep-MC::Gen-Vertex::edge_-iterator::is_-parent(), H
ep-MC::Gen-Vertex::vertex_-
 []

) [107]
\openout2 = `classHepMC_1_1GenVertex_1_1vertex__iterator.aux'.

 (./classHepMC_1_1GenVertex_1_1vertex__iterator.tex [108


] [109] [110]
Underfull \hbox (badness 10000) in paragraph at lines 182--184
[]\T1/cmr/m/n/10 Referenced by Hep-MC::Gen-Vertex::particle_-iterator::advance_
-to_-first_-(), Hep-MC::Gen-
 []


Underfull \hbox (badness 2698) in paragraph at lines 182--184
\T1/cmr/m/n/10 Vertex::particle_-iterator::operator++(), and Hep-MC::Gen-Vertex
::particle_-iterator::particle_-
 []


Underfull \hbox (badness 7944) in paragraph at lines 200--201
[]\T1/cmr/m/n/10 References Hep-MC::family, Hep-MC::Gen-Vertex::edge_-iterator:
:is_-parent(), and vertex_-
 []

) [111]
\openout2 = `classHepMC_1_1HeavyIon.aux'.

 (./classHepMC_1_1HeavyIon.tex [112


] [113]
Underfull \vbox (badness 1448) has occurred while \output is active []

 [114]
Underfull \hbox (badness 1571) in paragraph at lines 150--151
\T1/cmr/m/n/10 collisions, m_-Ncoll, m_-Ncoll_-hard, m_-Npart_-proj, m_-Npart_-
targ, m_-Nwounded_-N_-
 []

[115] [116] [117] [118]) [119]
\openout2 = `classHepMC_1_1HEPEVT__Wrapper.aux'.

 (./classHepMC_1_1HEPEVT__Wrapper.tex [120


]
[121] [122]
Underfull \hbox (badness 1132) in paragraph at lines 169--170
[]\T1/cmr/m/n/10 This method in-spects the HEP-EVT com-mon block and looks for 
in-con-sis-ten-cies in the
 []


Underfull \hbox (badness 1275) in paragraph at lines 173--175
[]\T1/cmr/m/n/10 References event_-number(), first_-child(), first_-parent(), l
ast_-child(), last_-parent(), m(),
 []

[123]
Underfull \hbox (badness 4556) in paragraph at lines 197--199
[]\T1/cmr/m/n/10 Referenced by Hep-MC::IO_-HERWIG::build_-end_-vertex(), Hep-MC
::IO_-HERWIG::build_-
 []


Underfull \hbox (badness 1755) in paragraph at lines 197--199
\T1/cmr/m/n/10 production_-vertex(), check_-hepevt_-consistency(), Hep-MC::IO_-
HERWIG::fill_-next_-event(),
 []


Underfull \hbox (badness 1365) in paragraph at lines 210--212
[]\T1/cmr/m/n/10 Referenced by check_-hepevt_-consistency(), Hep-MC::IO_-HERWIG
::fill_-next_-event(), Hep-
 []


Underfull \hbox (badness 10000) in paragraph at lines 210--212
\T1/cmr/m/n/10 print_-hepevt(), Hep-MC::IO_-HERWIG::remove_-gaps_-in_-hepevt(),
 and Hep-MC::IO_-
 []


Underfull \hbox (badness 10000) in paragraph at lines 223--225
[]\T1/cmr/m/n/10 Referenced by Hep-MC::IO_-HERWIG::build_-particle(), Hep-MC::I
O_-HEPEVT::build_-
 []


Underfull \hbox (badness 1052) in paragraph at lines 223--225
\T1/cmr/m/n/10 particle(), Hep-MC::IO_-HERWIG::fill_-next_-event(), print_-hepe
vt_-particle(), Hep-MC::IO_-
 []


Underfull \hbox (badness 10000) in paragraph at lines 236--238
[]\T1/cmr/m/n/10 Referenced by Hep-MC::IO_-HERWIG::build_-particle(), Hep-MC::I
O_-HEPEVT::build_-
 []


Underfull \hbox (badness 10000) in paragraph at lines 236--238
\T1/cmr/m/n/10 particle(), Hep-MC::IO_-HERWIG::remove_-gaps_-in_-hepevt(), and 
Hep-MC::IO_-
 []

[124]
Underfull \hbox (badness 10000) in paragraph at lines 262--264
\T1/cmr/m/n/10 number_-parents(), print_-hepevt_-particle(), Hep-MC::IO_-HERWIG
::remove_-gaps_-in_-
 []

[125]
Underfull \hbox (badness 10000) in paragraph at lines 301--303
[]\T1/cmr/m/n/10 Referenced by Hep-MC::IO_-HERWIG::build_-end_-vertex(), check_
-hepevt_-consistency(),
 []


Underfull \hbox (badness 10000) in paragraph at lines 301--303
\T1/cmr/m/n/10 number_-children(), print_-hepevt_-particle(), Hep-MC::IO_-HERWI
G::remove_-gaps_-in_-
 []


Underfull \hbox (badness 10000) in paragraph at lines 327--329
[]\T1/cmr/m/n/10 Referenced by Hep-MC::IO_-HERWIG::build_-particle(), Hep-MC::I
O_-HEPEVT::build_-
 []


Underfull \hbox (badness 2452) in paragraph at lines 327--329
\T1/cmr/m/n/10 particle(), print_-hepevt_-particle(), and Hep-MC::IO_-HERWIG::r
emove_-gaps_-in_-hepevt().[]
 []


Underfull \hbox (badness 10000) in paragraph at lines 340--342
[]\T1/cmr/m/n/10 Referenced by Hep-MC::IO_-HERWIG::build_-particle(), Hep-MC::I
O_-HEPEVT::build_-
 []


Underfull \hbox (badness 2452) in paragraph at lines 340--342
\T1/cmr/m/n/10 particle(), print_-hepevt_-particle(), and Hep-MC::IO_-HERWIG::r
emove_-gaps_-in_-hepevt().[]
 []


Underfull \hbox (badness 10000) in paragraph at lines 353--355
[]\T1/cmr/m/n/10 Referenced by Hep-MC::IO_-HERWIG::build_-particle(), Hep-MC::I
O_-HEPEVT::build_-
 []


Underfull \hbox (badness 2452) in paragraph at lines 353--355
\T1/cmr/m/n/10 particle(), print_-hepevt_-particle(), and Hep-MC::IO_-HERWIG::r
emove_-gaps_-in_-hepevt().[]
 []

[126]
Underfull \hbox (badness 10000) in paragraph at lines 366--368
[]\T1/cmr/m/n/10 Referenced by Hep-MC::IO_-HERWIG::build_-particle(), Hep-MC::I
O_-HEPEVT::build_-
 []


Underfull \hbox (badness 2452) in paragraph at lines 366--368
\T1/cmr/m/n/10 particle(), print_-hepevt_-particle(), and Hep-MC::IO_-HERWIG::r
emove_-gaps_-in_-hepevt().[]
 []


Underfull \hbox (badness 10000) in paragraph at lines 379--381
[]\T1/cmr/m/n/10 Referenced by Hep-MC::IO_-HERWIG::build_-particle(), Hep-MC::I
O_-HEPEVT::build_-
 []


Underfull \hbox (badness 10000) in paragraph at lines 379--381
\T1/cmr/m/n/10 particle(), check_-hepevt_-consistency(), print_-hepevt_-particl
e(), and Hep-MC::IO_-
 []


Underfull \hbox (badness 4556) in paragraph at lines 392--394
[]\T1/cmr/m/n/10 Referenced by Hep-MC::IO_-HERWIG::build_-end_-vertex(), Hep-MC
::IO_-HERWIG::build_-
 []


Underfull \hbox (badness 4556) in paragraph at lines 405--407
[]\T1/cmr/m/n/10 Referenced by Hep-MC::IO_-HERWIG::build_-end_-vertex(), Hep-MC
::IO_-HERWIG::build_-
 []


Underfull \hbox (badness 4556) in paragraph at lines 418--420
[]\T1/cmr/m/n/10 Referenced by Hep-MC::IO_-HERWIG::build_-end_-vertex(), Hep-MC
::IO_-HERWIG::build_-
 []


Underfull \vbox (badness 1033) has occurred while \output is active []

 [127]
Underfull \hbox (badness 4556) in paragraph at lines 431--433
[]\T1/cmr/m/n/10 Referenced by Hep-MC::IO_-HERWIG::build_-end_-vertex(), Hep-MC
::IO_-HERWIG::build_-
 []


Underfull \hbox (badness 10000) in paragraph at lines 457--459
[]\T1/cmr/m/n/10 Referenced by Hep-MC::IO_-HERWIG::remove_-gaps_-in_-hepevt(), 
Hep-MC::IO_-
 []


Underfull \hbox (badness 10000) in paragraph at lines 470--472
[]\T1/cmr/m/n/10 Referenced by Hep-MC::IO_-HERWIG::remove_-gaps_-in_-hepevt(), 
Hep-MC::IO_-
 []


Underfull \hbox (badness 10000) in paragraph at lines 483--485
[]\T1/cmr/m/n/10 Referenced by Hep-MC::IO_-HERWIG::remove_-gaps_-in_-hepevt(), 
Hep-MC::IO_-
 []


Underfull \hbox (badness 6316) in paragraph at lines 483--485
\T1/cmr/m/n/10 HERWIG::repair_-hepevt(), Hep-MC::IO_-HEPEVT::write_-event(), ze
ro_-everything(), and
 []

[128]
Underfull \hbox (badness 10000) in paragraph at lines 496--498
[]\T1/cmr/m/n/10 Referenced by Hep-MC::IO_-HERWIG::remove_-gaps_-in_-hepevt(), 
Hep-MC::IO_-
 []


Underfull \hbox (badness 6316) in paragraph at lines 496--498
\T1/cmr/m/n/10 HERWIG::repair_-hepevt(), Hep-MC::IO_-HEPEVT::write_-event(), ze
ro_-everything(), and
 []


Underfull \hbox (badness 10000) in paragraph at lines 509--511
[]\T1/cmr/m/n/10 Referenced by Hep-MC::IO_-HERWIG::remove_-gaps_-in_-hepevt(), 
Hep-MC::IO_-
 []


Underfull \hbox (badness 6316) in paragraph at lines 509--511
\T1/cmr/m/n/10 HERWIG::repair_-hepevt(), Hep-MC::IO_-HEPEVT::write_-event(), ze
ro_-everything(), and
 []


Underfull \hbox (badness 10000) in paragraph at lines 522--524
[]\T1/cmr/m/n/10 Referenced by Hep-MC::IO_-HERWIG::remove_-gaps_-in_-hepevt(), 
Hep-MC::IO_-
 []


Underfull \hbox (badness 10000) in paragraph at lines 535--537
[]\T1/cmr/m/n/10 Referenced by Hep-MC::IO_-HERWIG::remove_-gaps_-in_-hepevt(), 
Hep-MC::IO_-
 []


Underfull \vbox (badness 2027) has occurred while \output is active []

 [129]
Underfull \hbox (badness 10000) in paragraph at lines 548--550
[]\T1/cmr/m/n/10 Referenced by Hep-MC::IO_-HERWIG::remove_-gaps_-in_-hepevt(), 
Hep-MC::IO_-
 []


Underfull \hbox (badness 2277) in paragraph at lines 559--561
\T1/cmr/m/n/10 entries(), print_-hepevt(), px(), py(), pz(), set_-children(), s
et_-id(), set_-mass(), set_-
 []


Underfull \hbox (badness 2277) in paragraph at lines 581--583
\T1/cmr/m/n/10 entries(), print_-hepevt(), px(), py(), pz(), set_-children(), s
et_-id(), set_-mass(), set_-
 []

[130] [131]) [132]
\openout2 = `classHepMC_1_1IO__Ascii.aux'.

 (./classHepMC_1_1IO__Ascii.tex
File: classHepMC_1_1IO__Ascii.eps Graphic file (type eps)

<classHepMC_1_1IO__Ascii.eps> [133


]
Underfull \hbox (badness 10000) in paragraph at lines 79--79
[]\T1/cmr/bx/n/10 example_-Event-Selection.cc\T1/cmr/m/n/10 , \T1/cmr/bx/n/10 e
xample_-My-Pythia.cc\T1/cmr/m/n/10 , \T1/cmr/bx/n/10 example_-My-Pythia-
 []

[134]
Underfull \hbox (badness 2799) in paragraph at lines 123--125
[]\T1/cmr/m/n/10 References Hep-MC::Gen-Event::alpha-QCD(), Hep-MC::Gen-Event::
alpha-QED(), Hep-MC::Gen-
 []


Underfull \hbox (badness 1939) in paragraph at lines 123--125
\T1/cmr/m/n/10 Vertex::barcode(), Hep-MC::Weight-Container::begin(), Hep-MC::We
ight-Container::end(), Hep-
 []


Underfull \hbox (badness 2617) in paragraph at lines 123--125
\T1/cmr/m/n/10 MC::Gen-Event::event_-number(), Hep-MC::Gen-Event::event_-scale(
), out-put(), Hep-MC::Gen-
 []


Underfull \hbox (badness 6332) in paragraph at lines 136--138
[]\T1/cmr/m/n/10 References Hep-MC::Gen-Vertex::add_-particle_-in(), Hep-MC::Ge
n-Event::add_-vertex(), Hep-
 []


Underfull \hbox (badness 10000) in paragraph at lines 136--138
\T1/cmr/m/n/10 MC::Gen-Event::barcode_-to_-vertex(), eat_-key(), Hep-MC::Temp-P
article-Map::end_-vertex(),
 []


Underfull \hbox (badness 10000) in paragraph at lines 136--138
\T1/cmr/m/n/10 vertex(), search_-for_-key_-end(), Hep-MC::Gen-Event::set_-event
_-number(), Hep-MC::Gen-
 []


Underfull \hbox (badness 10000) in paragraph at lines 136--138
\T1/cmr/m/n/10 Event::set_-random_-states(), Hep-MC::Gen-Event::set_-signal_-pr
ocess_-id(), Hep-MC::Gen-
 []


Underfull \vbox (badness 1661) has occurred while \output is active []

 [135]
[136]
Underfull \hbox (badness 1152) in paragraph at lines 239--240
\T1/cmr/m/n/10 Data::mass(), Hep-MC::Particle-Data::name(), out-put(), Hep-MC::
Particle-Data::pdg_-id(), and
 []


Underfull \vbox (badness 2521) has occurred while \output is active []

 [137]
Underfull \vbox (badness 1838) has occurred while \output is active []

 [138])
[139]
\openout2 = `classHepMC_1_1IO__AsciiParticles.aux'.

 (./classHepMC_1_1IO__AsciiParticles.tex
File: classHepMC_1_1IO__AsciiParticles.eps Graphic file (type eps)

<classHepMC_1_1IO__AsciiParticles.eps> [140


]
Underfull \hbox (badness 2799) in paragraph at lines 93--95
[]\T1/cmr/m/n/10 References Hep-MC::Gen-Event::alpha-QCD(), Hep-MC::Gen-Event::
alpha-QED(), Hep-MC::Gen-
 []


Underfull \hbox (badness 10000) in paragraph at lines 93--95
\T1/cmr/m/n/10 Vertex::barcode(), Hep-MC::Weight-Container::begin(), Hep-MC::We
ight-Container::end(),
 []


Underfull \hbox (badness 10000) in paragraph at lines 93--95
\T1/cmr/m/n/10 Hep-MC::Gen-Event::event_-number(), Hep-MC::Gen-Event::event_-sc
ale(), Hep-MC::Gen-
 []


Underfull \hbox (badness 3271) in paragraph at lines 93--95
\T1/cmr/m/n/10 Event::particles_-begin(), Hep-MC::Gen-Event::particles_-end(), 
Hep-MC::Gen-Event::particles_-
 []


Underfull \hbox (badness 5189) in paragraph at lines 93--95
\T1/cmr/m/n/10 size(), Hep-MC::Gen-Event::random_-states(), Hep-MC::Gen-Event::
signal_-process_-id(), Hep-
 []


Underfull \hbox (badness 10000) in paragraph at lines 93--95
\T1/cmr/m/n/10 MC::Gen-Event::signal_-process_-vertex(), Hep-MC::Weight-Contain
er::size(), Hep-MC::version-
 []

[141] [142]) [143]
\openout2 = `classHepMC_1_1IO__BaseClass.aux'.

 (./classHepMC_1_1IO__BaseClass.tex
File: classHepMC_1_1IO__BaseClass.eps Graphic file (type eps)

<classHepMC_1_1IO__BaseClass.eps> [144


] [145] [146]) [147]
\openout2 = `classHepMC_1_1IO__ExtendedAscii.aux'.


(./classHepMC_1_1IO__ExtendedAscii.tex
File: classHepMC_1_1IO__ExtendedAscii.eps Graphic file (type eps)
 <classHepMC_1_1IO__ExtendedAscii.eps>
[148


] [149]
Underfull \hbox (badness 2799) in paragraph at lines 135--137
[]\T1/cmr/m/n/10 References Hep-MC::Gen-Event::alpha-QCD(), Hep-MC::Gen-Event::
alpha-QED(), Hep-MC::Gen-
 []


Underfull \hbox (badness 10000) in paragraph at lines 135--137
\T1/cmr/m/n/10 Vertex::barcode(), Hep-MC::Gen-Event::beam_-particles(), Hep-MC:
:Weight-Container::begin(),
 []


Underfull \hbox (badness 10000) in paragraph at lines 135--137
\T1/cmr/m/n/10 Hep-MC::Weight-Container::end(), Hep-MC::Gen-Event::event_-numbe
r(), Hep-MC::Gen-
 []


Underfull \hbox (badness 6542) in paragraph at lines 135--137
\T1/cmr/m/n/10 Hep-MC::version-Name(), Hep-MC::Gen-Event::vertices_-begin(), He
p-MC::Gen-Event::vertices_-
 []


Underfull \hbox (badness 10000) in paragraph at lines 135--137
\T1/cmr/m/n/10 end(), Hep-MC::Gen-Event::vertices_-size(), Hep-MC::Gen-Event::w
eights(), write_-beam_-
 []

[150]
Underfull \hbox (badness 6332) in paragraph at lines 148--150
[]\T1/cmr/m/n/10 References Hep-MC::Gen-Vertex::add_-particle_-in(), Hep-MC::Ge
n-Event::add_-vertex(), Hep-
 []


Underfull \hbox (badness 10000) in paragraph at lines 148--150
\T1/cmr/m/n/10 MC::Gen-Event::barcode_-to_-vertex(), eat_-key(), Hep-MC::Temp-P
article-Map::end_-vertex(),
 []


Underfull \hbox (badness 2285) in paragraph at lines 148--150
\T1/cmr/m/n/10 beam_-particles(), Hep-MC::Gen-Event::set_-event_-number(), Hep-
MC::Gen-Event::set_-heavy_-
 []


Underfull \hbox (badness 10000) in paragraph at lines 148--150
\T1/cmr/m/n/10 ion(), Hep-MC::Gen-Event::set_-mpi(), Hep-MC::Gen-Event::set_-pd
f_-info(), Hep-MC::Gen-
 []


Underfull \hbox (badness 10000) in paragraph at lines 148--150
\T1/cmr/m/n/10 Event::set_-random_-states(), Hep-MC::Gen-Event::set_-signal_-pr
ocess_-id(), Hep-MC::Gen-
 []


Underfull \vbox (badness 10000) has occurred while \output is active []

 [151]
Underfull \hbox (badness 3690) in paragraph at lines 245--246
[]\T1/cmr/m/n/10 References Hep-MC::Heavy-Ion::eccentricity(), Hep-MC::Heavy-Io
n::event_-plane_-angle(), Hep-
 []


Underfull \hbox (badness 10000) in paragraph at lines 245--246
\T1/cmr/m/n/10 MC::Heavy-Ion::impact_-parameter(), Hep-MC::Heavy-Ion::N_-Nwound
ed_-collisions(), Hep-
 []


Underfull \hbox (badness 10000) in paragraph at lines 245--246
\T1/cmr/m/n/10 MC::Heavy-Ion::Ncoll(), Hep-MC::Heavy-Ion::Ncoll_-hard(), Hep-MC
::Heavy-Ion::Npart_-proj(),
 []


Underfull \hbox (badness 10000) in paragraph at lines 245--246
\T1/cmr/m/n/10 Hep-MC::Heavy-Ion::Npart_-targ(), Hep-MC::Heavy-Ion::Nwounded_-N
_-collisions(), Hep-
 []

[152]
Underfull \hbox (badness 1152) in paragraph at lines 284--285
\T1/cmr/m/n/10 Data::mass(), Hep-MC::Particle-Data::name(), out-put(), Hep-MC::
Particle-Data::pdg_-id(), and
 []

[153] [154]
Underfull \hbox (badness 1810) in paragraph at lines 415--417
[]\T1/cmr/m/n/10 Referenced by write_-event(), write_-heavy_-ion(), write_-part
icle(), write_-particle_-data(),
 []

[155]) [156]
\openout2 = `classHepMC_1_1IO__HEPEVT.aux'.

 (./classHepMC_1_1IO__HEPEVT.tex
File: classHepMC_1_1IO__HEPEVT.eps Graphic file (type eps)
 <classHepMC_1_1IO__HEPEVT.eps>
Underfull \hbox (badness 2310) in paragraph at lines 44--45
[]\T1/cmr/m/n/10 void \T1/cmr/bx/n/10 build_-production_-vertex \T1/cmr/m/n/10 
(int i, std::vector$\OML/cmm/m/it/10 <$ \T1/cmr/bx/n/10 Hep-MC::Gen-Particle $\
OMS/cmsy/m/n/10 ^^C$ $\OML/cmm/m/it/10 >$
 []

[157


]
Underfull \hbox (badness 6016) in paragraph at lines 59--59
[]\T1/cmr/bx/n/10 example_-My-Pythia.cc\T1/cmr/m/n/10 , \T1/cmr/bx/n/10 example
_-My-Pythia-Only-To-Hep-MC.cc\T1/cmr/m/n/10 , \T1/cmr/bx/n/10 example_-My-
 []


Underfull \hbox (badness 10000) in paragraph at lines 97--99
[]\T1/cmr/m/n/10 References Hep-MC::Gen-Vertex::add_-particle_-out(), Hep-MC::G
en-Event::add_-vertex(),
 []


Underfull \hbox (badness 10000) in paragraph at lines 97--99
\T1/cmr/m/n/10 build_-end_-vertex(), build_-particle(), build_-production_-vert
ex(), Hep-MC::HEPEVT_-
 []


Underfull \hbox (badness 10000) in paragraph at lines 97--99
\T1/cmr/m/n/10 Wrapper::event_-number(), Hep-MC::HEPEVT_-Wrapper::number_-entri
es(), Hep-MC::Gen-
 []

[158]
Underfull \hbox (badness 10000) in paragraph at lines 110--112
[]\T1/cmr/m/n/10 References Hep-MC::Four-Vector::e(), Hep-MC::Gen-Event::event_
-number(), find_-in_-map(),
 []


Underfull \hbox (badness 10000) in paragraph at lines 110--112
\T1/cmr/m/n/10 Hep-MC::HEPEVT_-Wrapper::max_-number_-entries(), p, Hep-MC::Four
-Vector::px(), Hep-
 []


Underfull \hbox (badness 10000) in paragraph at lines 110--112
\T1/cmr/m/n/10 Hep-MC::HEPEVT_-Wrapper::set_-event_-number(), Hep-MC::HEPEVT_-W
rapper::set_-id(),
 []


Underfull \hbox (badness 8038) in paragraph at lines 110--112
\T1/cmr/m/n/10 MC::HEPEVT_-Wrapper::set_-number_-entries(), Hep-MC::HEPEVT_-Wra
pper::set_-parents(),
 []


Underfull \hbox (badness 10000) in paragraph at lines 110--112
\T1/cmr/m/n/10 Hep-MC::HEPEVT_-Wrapper::set_-position(), Hep-MC::HEPEVT_-Wrappe
r::set_-status(), v,
 []

[159]
Underfull \hbox (badness 10000) in paragraph at lines 188--189
[]\T1/cmr/m/n/10 References Hep-MC::HEPEVT_-Wrapper::e(), Hep-MC::HEPEVT_-Wrapp
er::id(), Hep-
 []


Underfull \hbox (badness 5374) in paragraph at lines 188--189
\T1/cmr/m/n/10 MC::HEPEVT_-Wrapper::m(), p, Hep-MC::HEPEVT_-Wrapper::px(), Hep-
MC::HEPEVT_-
 []


Underfull \vbox (badness 5667) has occurred while \output is active []

 [160])
[161]
\openout2 = `classHepMC_1_1IO__HERWIG.aux'.

 (./classHepMC_1_1IO__HERWIG.tex
File: classHepMC_1_1IO__HERWIG.eps Graphic file (type eps)
 <classHepMC_1_1IO__HERWIG.eps> [162


]
[163]
Underfull \hbox (badness 10000) in paragraph at lines 113--115
[]\T1/cmr/m/n/10 References Hep-MC::Gen-Vertex::add_-particle_-in(), Hep-MC::Ge
n-Vertex::add_-particle_-
 []


Underfull \hbox (badness 10000) in paragraph at lines 113--115
\T1/cmr/m/n/10 out(), Hep-MC::Gen-Event::add_-vertex(), build_-end_-vertex(), b
uild_-particle(), build_-
 []


Underfull \hbox (badness 10000) in paragraph at lines 113--115
\T1/cmr/m/n/10 production_-vertex(), Hep-MC::HEPEVT_-Wrapper::event_-number(), 
Hep-MC::HEPEVT_-
 []


Underfull \hbox (badness 10000) in paragraph at lines 113--115
\T1/cmr/m/n/10 Wrapper::number_-entries(), repair_-hepevt(), Hep-MC::Gen-Event:
:set_-beam_-particles(),
 []

[164]
Underfull \hbox (badness 10000) in paragraph at lines 216--217
[]\T1/cmr/m/n/10 References Hep-MC::HEPEVT_-Wrapper::e(), Hep-MC::HEPEVT_-Wrapp
er::id(), Hep-
 []


Underfull \hbox (badness 5374) in paragraph at lines 216--217
\T1/cmr/m/n/10 MC::HEPEVT_-Wrapper::m(), p, Hep-MC::HEPEVT_-Wrapper::px(), Hep-
MC::HEPEVT_-
 []

[165]
Underfull \hbox (badness 10000) in paragraph at lines 231--232
[]\T1/cmr/m/n/10 References Hep-MC::Gen-Vertex::add_-particle_-in(), Hep-MC::Ge
n-Vertex::add_-particle_-
 []


Underfull \hbox (badness 10000) in paragraph at lines 231--232
\T1/cmr/m/n/10 out(), Hep-MC::Gen-Event::add_-vertex(), Hep-MC::HEPEVT_-Wrapper
::event_-number(),
 []


Underfull \hbox (badness 10000) in paragraph at lines 231--232
\T1/cmr/m/n/10 Hep-MC::HEPEVT_-Wrapper::first_-parent(), Hep-MC::HEPEVT_-Wrappe
r::last_-parent(),
 []


Underfull \hbox (badness 10000) in paragraph at lines 231--232
\T1/cmr/m/n/10 Hep-MC::HEPEVT_-Wrapper::number_-parents(), p, Hep-MC::Gen-Verte
x::position(), Hep-
 []


Underfull \hbox (badness 10000) in paragraph at lines 246--247
[]\T1/cmr/m/n/10 References Hep-MC::Gen-Vertex::add_-particle_-in(), Hep-MC::Ge
n-Vertex::add_-particle_-
 []


Underfull \hbox (badness 5637) in paragraph at lines 246--247
\T1/cmr/m/n/10 out(), Hep-MC::Gen-Event::add_-vertex(), build_-production_-vert
ex(), Hep-MC::HEPEVT_-
 []


Underfull \hbox (badness 6412) in paragraph at lines 246--247
\T1/cmr/m/n/10 Wrapper::event_-number(), Hep-MC::HEPEVT_-Wrapper::first_-child(
), Hep-MC::HEPEVT_-
 []


Underfull \hbox (badness 10000) in paragraph at lines 246--247
\T1/cmr/m/n/10 Wrapper::last_-child(), Hep-MC::HEPEVT_-Wrapper::number_-childre
n(), p, Hep-MC::Gen-
 []


Underfull \hbox (badness 10000) in paragraph at lines 246--247
\T1/cmr/m/n/10 Vertex::position(), Hep-MC::Gen-Vertex::set_-position(), Hep-MC:
:HEPEVT_-Wrapper::t(),
 []


Underfull \vbox (badness 1048) has occurred while \output is active []

 [166]
Underfull \hbox (badness 10000) in paragraph at lines 280--281
[]\T1/cmr/m/n/10 References Hep-MC::HEPEVT_-Wrapper::first_-child(), Hep-MC::HE
PEVT_-Wrapper::first_-
 []


Underfull \hbox (badness 1242) in paragraph at lines 280--281
\T1/cmr/m/n/10 parent(), Hep-MC::HEPEVT_-Wrapper::id(), Hep-MC::HEPEVT_-Wrapper
::last_-child(), Hep-
 []


Underfull \hbox (badness 10000) in paragraph at lines 280--281
\T1/cmr/m/n/10 MC::HEPEVT_-Wrapper::last_-parent(), Hep-MC::HEPEVT_-Wrapper::nu
mber_-entries(),
 []


Underfull \hbox (badness 10000) in paragraph at lines 280--281
\T1/cmr/m/n/10 Wrapper::set_-id(), Hep-MC::HEPEVT_-Wrapper::set_-parents(), Hep
-MC::HEPEVT_-
 []


Underfull \hbox (badness 10000) in paragraph at lines 295--296
[]\T1/cmr/m/n/10 References Hep-MC::HEPEVT_-Wrapper::e(), Hep-MC::HEPEVT_-Wrapp
er::first_-child(),
 []


Underfull \hbox (badness 10000) in paragraph at lines 295--296
\T1/cmr/m/n/10 Hep-MC::HEPEVT_-Wrapper::first_-parent(), Hep-MC::HEPEVT_-Wrappe
r::id(), Hep-
 []


Underfull \hbox (badness 10000) in paragraph at lines 295--296
\T1/cmr/m/n/10 MC::HEPEVT_-Wrapper::last_-child(), Hep-MC::HEPEVT_-Wrapper::las
t_-parent(), Hep-
 []


Underfull \hbox (badness 10000) in paragraph at lines 295--296
\T1/cmr/m/n/10 MC::HEPEVT_-Wrapper::m(), Hep-MC::HEPEVT_-Wrapper::number_-entri
es(), Hep-
 []


Underfull \hbox (badness 10000) in paragraph at lines 295--296
\T1/cmr/m/n/10 MC::HEPEVT_-Wrapper::px(), Hep-MC::HEPEVT_-Wrapper::py(), Hep-MC
::HEPEVT_-
 []


Underfull \hbox (badness 10000) in paragraph at lines 295--296
\T1/cmr/m/n/10 Wrapper::pz(), Hep-MC::HEPEVT_-Wrapper::set_-children(), Hep-MC:
:HEPEVT_-
 []


Underfull \hbox (badness 10000) in paragraph at lines 295--296
\T1/cmr/m/n/10 Wrapper::set_-id(), Hep-MC::HEPEVT_-Wrapper::set_-mass(), Hep-MC
::HEPEVT_-
 []


Underfull \hbox (badness 10000) in paragraph at lines 295--296
\T1/cmr/m/n/10 Wrapper::set_-momentum(), Hep-MC::HEPEVT_-Wrapper::set_-number_-
entries(), Hep-
 []


Underfull \hbox (badness 10000) in paragraph at lines 295--296
\T1/cmr/m/n/10 MC::HEPEVT_-Wrapper::set_-parents(), Hep-MC::HEPEVT_-Wrapper::se
t_-position(),
 []


Underfull \hbox (badness 10000) in paragraph at lines 295--296
\T1/cmr/m/n/10 Hep-MC::HEPEVT_-Wrapper::set_-status(), Hep-MC::HEPEVT_-Wrapper:
:status(), Hep-
 []


Underfull \hbox (badness 10000) in paragraph at lines 295--296
\T1/cmr/m/n/10 MC::HEPEVT_-Wrapper::t(), Hep-MC::HEPEVT_-Wrapper::x(), Hep-MC::
HEPEVT_-
 []


Underfull \vbox (badness 1158) has occurred while \output is active []

 [167]
Underfull \hbox (badness 10000) in paragraph at lines 308--309
[]\T1/cmr/m/n/10 References Hep-MC::HEPEVT_-Wrapper::max_-number_-entries(), He
p-MC::HEPEVT_-
 []


Underfull \hbox (badness 10000) in paragraph at lines 308--309
\T1/cmr/m/n/10 Wrapper::set_-children(), Hep-MC::HEPEVT_-Wrapper::set_-id(), He
p-MC::HEPEVT_-
 []


Underfull \hbox (badness 5681) in paragraph at lines 308--309
\T1/cmr/m/n/10 Wrapper::set_-mass(), Hep-MC::HEPEVT_-Wrapper::set_-momentum(), 
Hep-MC::HEPEVT_-
 []


Underfull \hbox (badness 10000) in paragraph at lines 319--320
[]\T1/cmr/m/n/10 This rou-tine is copied from Lynn Gar-ren's std-hep 5.01. see
 []

) [168]
\openout2 = `classHepMC_1_1IO__PDG__ParticleDataTable.aux'.

 (./classHepMC_1_1IO__PDG__ParticleDataTable.tex
File: classHepMC_1_1IO__PDG__ParticleDataTable.eps Graphic file (type eps)

<classHepMC_1_1IO__PDG__ParticleDataTable.eps>
Underfull \hbox (badness 10000) in paragraph at lines 17--18
[]\T1/cmr/bx/n/10 IO_-PDG_-Particle-Data-Table \T1/cmr/m/n/10 (const char $\OMS
/cmsy/m/n/10 ^^C$\T1/cmr/m/n/10 filename="PDG98_-Particle-Data-
 []

[169


]
Underfull \hbox (badness 10000) in paragraph at lines 80--82
[]\T1/cmr/m/n/10 References read_-entry(), search_-for_-key_-end(), and Hep-MC:
:Particle-Data-Table::set_-
 []


Underfull \hbox (badness 10000) in paragraph at lines 93--94
[]\T1/cmr/m/n/10 References Hep-MC::Particle-Data-Table::erase(), Hep-MC::Parti
cle-Data-Table::find(), Hep-
 []

[170]
Underfull \hbox (badness 10000) in paragraph at lines 141--142
[]\T1/cmr/m/n/10 References Hep-MC::clifetime_-from_-width(), Hep-MC::Particle-
Data-Table::find(), Hep-
 []

) [171]
\openout2 = `structHepMC_1_1detail_1_1is__arithmetic.aux'.

 (./structHepMC_1_1detail_1_1is__arithmetic.tex) [172


]
\openout2 = `structHepMC_1_1detail_1_1is__arithmetic_3_01char_01_4.aux'.


(./structHepMC_1_1detail_1_1is__arithmetic_3_01char_01_4.tex) [173


]
\openout2 = `structHepMC_1_1detail_1_1is__arithmetic_3_01double_01_4.aux'.


(./structHepMC_1_1detail_1_1is__arithmetic_3_01double_01_4.tex) [174


]
\openout2 = `structHepMC_1_1detail_1_1is__arithmetic_3_01float_01_4.aux'.


(./structHepMC_1_1detail_1_1is__arithmetic_3_01float_01_4.tex) [175


]
\openout2 = `structHepMC_1_1detail_1_1is__arithmetic_3_01int_01_4.aux'.


(./structHepMC_1_1detail_1_1is__arithmetic_3_01int_01_4.tex) [176


]
\openout2 = `structHepMC_1_1detail_1_1is__arithmetic_3_01long_01_4.aux'.


(./structHepMC_1_1detail_1_1is__arithmetic_3_01long_01_4.tex) [177


]
\openout2 = `structHepMC_1_1detail_1_1is__arithmetic_3_01long_01double_01_4.aux
'.


(./structHepMC_1_1detail_1_1is__arithmetic_3_01long_01double_01_4.tex) [178


]
\openout2 = `structHepMC_1_1detail_1_1is__arithmetic_3_01short_01_4.aux'.


(./structHepMC_1_1detail_1_1is__arithmetic_3_01short_01_4.tex) [179


]
\openout2 = `structHepMC_1_1detail_1_1is__arithmetic_3_01signed_01char_01_4.aux
'.


(./structHepMC_1_1detail_1_1is__arithmetic_3_01signed_01char_01_4.tex) [180


]
\openout2 = `structHepMC_1_1detail_1_1is__arithmetic_3_01unsigned_01char_01_4.a
ux'.


(./structHepMC_1_1detail_1_1is__arithmetic_3_01unsigned_01char_01_4.tex)
[181


]
\openout2 = `structHepMC_1_1detail_1_1is__arithmetic_3_01unsigned_01int_01_4.au
x'.

 (./structHepMC_1_1detail_1_1is__arithmetic_3_01unsigned_01int_01_4.tex)
[182


]
\openout2 = `structHepMC_1_1detail_1_1is__arithmetic_3_01unsigned_01long_01_4.a
ux'.

 (./structHepMC_1_1detail_1_1is__arithmetic_3_01unsigned_01long_01_4.tex)
[183


]
\openout2 = `structHepMC_1_1detail_1_1is__arithmetic_3_01unsigned_01short_01_4.
aux'.

 (./structHepMC_1_1detail_1_1is__arithmetic_3_01unsigned_01short_01_4.tex
Underfull \hbox (badness 10000) in paragraph at lines 1--1
[]\T1/cmr/bx/n/14.4 Hep-MC::detail::is_-arithmetic$\OML/cmm/m/it/14.4 <$ \T1/cm
r/bx/n/14.4 un-signed short $\OML/cmm/m/it/14.4 >$
 []

) [184


]
\openout2 = `classIsFinalState.aux'.

 (./classIsFinalState.tex) [185


]
\openout2 = `classIsGoodEvent.aux'.

 (./classIsGoodEvent.tex) [186


]
\openout2 = `classIsGoodEventMyPythia.aux'.


(./classIsGoodEventMyPythia.tex) [187


]
\openout2 = `classIsPhoton.aux'.

 (./classIsPhoton.tex) [188


]
\openout2 = `classIsW__Boson.aux'.


(./classIsW__Boson.tex) [189


]
\openout2 = `classHepMC_1_1ParticleData.aux'.

 (./classHepMC_1_1ParticleData.tex [190


] [191]
[192] [193]
Underfull \hbox (badness 1270) in paragraph at lines 251--253
[]\T1/cmr/m/n/10 Referenced by Hep-MC::operator$\OML/cmm/m/it/10 <$$<$\T1/cmr/m
/n/10 (), print(), Hep-MC::IO_-Extended-Ascii::write_-particle_-
 []


Underfull \hbox (badness 1616) in paragraph at lines 262--264
[]\T1/cmr/m/n/10 Referenced by Hep-MC::Particle-Data-Table::erase(), Hep-MC::Pa
rticle-Data-Table::insert(), is_-
 []


Underfull \hbox (badness 1270) in paragraph at lines 273--275
[]\T1/cmr/m/n/10 Referenced by Hep-MC::operator$\OML/cmm/m/it/10 <$$<$\T1/cmr/m
/n/10 (), print(), Hep-MC::IO_-Extended-Ascii::write_-particle_-
 []


Underfull \hbox (badness 10000) in paragraph at lines 284--286
[]\T1/cmr/m/n/10 Referenced by Hep-MC::IO_-PDG_-Particle-Data-Table::add_-quark
s_-to_-table(), Hep-
 []


Underfull \hbox (badness 5231) in paragraph at lines 284--286
\T1/cmr/m/n/10 MC::operator$\OML/cmm/m/it/10 <$$<$\T1/cmr/m/n/10 (), print(), H
ep-MC::IO_-Extended-Ascii::write_-particle_-data(), and Hep-
 []

[194]
Underfull \hbox (badness 1270) in paragraph at lines 306--308
[]\T1/cmr/m/n/10 Referenced by Hep-MC::operator$\OML/cmm/m/it/10 <$$<$\T1/cmr/m
/n/10 (), print(), Hep-MC::IO_-Extended-Ascii::write_-particle_-
 []


Underfull \hbox (badness 1270) in paragraph at lines 317--319
[]\T1/cmr/m/n/10 Referenced by Hep-MC::operator$\OML/cmm/m/it/10 <$$<$\T1/cmr/m
/n/10 (), print(), Hep-MC::IO_-Extended-Ascii::write_-particle_-
 []

[195]) [196]
\openout2 = `classHepMC_1_1ParticleDataTable.aux'.

 (./classHepMC_1_1ParticleDataTable.tex [197


] [198] [199] [200]
[201]
Underfull \hbox (badness 1983) in paragraph at lines 293--295
\T1/cmr/m/n/10 antiparticles_-from_-particles(), merge_-table(), Hep-MC::IO_-PD
G_-Particle-Data-Table::read_-
 []


Underfull \hbox (badness 8019) in paragraph at lines 293--295
\T1/cmr/m/n/10 entry(), Hep-MC::IO_-Extended-Ascii::read_-particle_-data(), and
 Hep-MC::IO_-Ascii::read_-
 []

[202]) [203]
\openout2 = `classHepMC_1_1PdfInfo.aux'.

 (./classHepMC_1_1PdfInfo.tex [204


] [205] [206] [207]) [208]
\openout2 = `classHepMC_1_1Polarization.aux'.


(./classHepMC_1_1Polarization.tex [209


] [210] [211]
Underfull \hbox (badness 10000) in paragraph at lines 233--234
[]\T1/cmr/m/n/10 References Hep-MC::Three-Vector::phi(), set_-phi(), set_-theta
(), and Hep-MC::Three-
 []

) [212]
\openout2 = `classHepMC_1_1TempParticleMap.aux'.

 (./classHepMC_1_1TempParticleMap.tex [213


]
Underfull \hbox (badness 3240) in paragraph at lines 123--125
[]\T1/cmr/m/n/10 Referenced by Hep-MC::IO_-Extended-Ascii::fill_-next_-event(),
 and Hep-MC::IO_-Ascii::fill_-
 []


Underfull \hbox (badness 3240) in paragraph at lines 132--134
[]\T1/cmr/m/n/10 Referenced by Hep-MC::IO_-Extended-Ascii::fill_-next_-event(),
 and Hep-MC::IO_-Ascii::fill_-
 []


Underfull \hbox (badness 3240) in paragraph at lines 143--145
[]\T1/cmr/m/n/10 Referenced by Hep-MC::IO_-Extended-Ascii::fill_-next_-event(),
 and Hep-MC::IO_-Ascii::fill_-
 []

[214]
Underfull \hbox (badness 3977) in paragraph at lines 154--155
[]\T1/cmr/m/n/10 Referenced by Hep-MC::IO_-Extended-Ascii::read_-particle(), an
d Hep-MC::IO_-Ascii::read_-
 []

) [215]
\openout2 = `classHepMC_1_1ThreeVector.aux'.

 (./classHepMC_1_1ThreeVector.tex
Underfull \hbox (badness 5802) in paragraph at lines 15--17
[]\T1/cmr/m/n/10 template$\OML/cmm/m/it/10 <$\T1/cmr/m/n/10 class T$\OML/cmm/m/
it/10 >$ \T1/cmr/bx/n/10 Three-Vector \T1/cmr/m/n/10 (const T &\T1/cmr/bx/n/10 
v\T1/cmr/m/n/10 , type-name \T1/cmr/bx/n/10 detail::disable_-if$\OML/cmm/m/it/1
0 <$
 []

[216


] [217] [218] [219]) [220]
\openout2 = `classHepMC_1_1WeightContainer.aux'.

 (./classHepMC_1_1WeightContainer.tex [221


]
[222] [223] [224]
Underfull \hbox (badness 10000) in paragraph at lines 296--298
[]\T1/cmr/m/n/10 Referenced by print(), Hep-MC::IO_-Extended-Ascii::write_-even
t(), Hep-MC::IO_-Ascii-
 []


Underfull \hbox (badness 2689) in paragraph at lines 307--309
\T1/cmr/m/n/10 Extended-Ascii::write_-event(), Hep-MC::IO_-Ascii-Particles::wri
te_-event(), and Hep-MC::IO_-
 []

[225]) [226]
Chapter 9.
(./enable__if_8h.tex) [227


]
\openout2 = `example__BuildEventFromScratch_8cc.aux'.

 (./example__BuildEventFromScratch_8cc.tex
Underfull \hbox (badness 6741) in paragraph at lines 28--28
[]\T1/cmr/bx/n/10 example_-Build-Event-From-Scratch.cc\T1/cmr/m/n/10 , \T1/cmr/
bx/n/10 example_-Event-Selection.cc\T1/cmr/m/n/10 , \T1/cmr/bx/n/10 example_-
 []


Underfull \hbox (badness 8094) in paragraph at lines 28--28
\T1/cmr/bx/n/10 My-Herwig.cc\T1/cmr/m/n/10 , \T1/cmr/bx/n/10 example_-My-Pythia
.cc\T1/cmr/m/n/10 , \T1/cmr/bx/n/10 example_-My-Pythia-Only-To-Hep-MC.cc\T1/cmr
/m/n/10 ,
 []


Underfull \hbox (badness 10000) in paragraph at lines 28--28
\T1/cmr/bx/n/10 example_-My-Pythia-Read.cc\T1/cmr/m/n/10 , \T1/cmr/bx/n/10 exam
ple_-My-Pythia-With-Event-Selection.cc\T1/cmr/m/n/10 ,
 []

)
Underfull \hbox (badness 8000) in paragraph at lines 33--104
[]\T1/cmr/m/n/10 References Hep-MC::Gen-Vertex::add_-particle_-in(), Hep-MC::Ge
n-Vertex::add_-particle_-out(),
 []


Underfull \hbox (badness 10000) in paragraph at lines 33--104
\T1/cmr/m/n/10 Hep-MC::Gen-Event::add_-vertex(), Hep-MC::clifetime_-from_-width
(), Hep-MC::Particle-Data-
 []


Underfull \hbox (badness 7613) in paragraph at lines 33--104
\T1/cmr/m/n/10 Table::delete_-all(), Hep-MC::Particle-Data-Table::insert(), p, 
Hep-MC::Gen-Event::particles_-
 []

[228

]
\openout2 = `example__EventSelection_8cc.aux'.

 (./example__EventSelection_8cc.tex)
Underfull \hbox (badness 10000) in paragraph at lines 27--105
[]\T1/cmr/m/n/10 References Hep-MC::Gen-Event::event_-number(), and Hep-MC::IO_
-Base-Class::read_-next_-
 []

[229


]
\openout2 = `example__MyHerwig_8cc.aux'.

 (./example__MyHerwig_8cc.tex)
Underfull \hbox (badness 6032) in paragraph at lines 27--106
\T1/cmr/m/n/10 hwe-pro, hw-evnt, hwi-gin, hwmevt, hw-proc, hwufne, hwuinc, hwui
ne, Hep-MC::Gen-
 []


Underfull \hbox (badness 4479) in paragraph at lines 27--106
\T1/cmr/m/n/10 Event::print(), Hep-MC::HEPEVT_-Wrapper::print_-hepevt(), Hep-MC
::IO_-Base-Class::read_-
 []


Underfull \hbox (badness 7722) in paragraph at lines 27--106
\T1/cmr/m/n/10 next_-event(), Hep-MC::Gen-Event::set_-event_-number(), Hep-MC::
HEPEVT_-Wrapper::set_-
 []

[230


]
\openout2 = `example__MyPythia_8cc.aux'.

 (./example__MyPythia_8cc.tex)
Underfull \hbox (badness 2538) in paragraph at lines 31--107
[]\T1/cmr/m/n/10 References init-Pythia(), py-pars, Hep-MC::IO_-Base-Class::rea
d_-next_-event(), Hep-MC::Gen-
 []


Underfull \hbox (badness 10000) in paragraph at lines 31--107
\T1/cmr/m/n/10 Event::set_-event_-number(), Hep-MC::HEPEVT_-Wrapper::set_-max_-
number_-entries(),
 []


Underfull \hbox (badness 10000) in paragraph at lines 31--107
\T1/cmr/m/n/10 Hep-MC::Gen-Event::set_-mpi(), Hep-MC::Gen-Event::set_-signal_-p
rocess_-id(), and Hep-
 []

[231


]
\openout2 = `example__MyPythiaOnlyToHepMC_8cc.aux'.

 (./example__MyPythiaOnlyToHepMC_8cc.tex)
Underfull \hbox (badness 10000) in paragraph at lines 25--108
[]\T1/cmr/m/n/10 References init-Pythia(), py-pars, Hep-MC::IO_-Base-Class::rea
d_-next_-event(), Hep-
 []


Underfull \hbox (badness 10000) in paragraph at lines 25--108
\T1/cmr/m/n/10 MC::HEPEVT_-Wrapper::set_-max_-number_-entries(), Hep-MC::Gen-Ev
ent::set_-mpi(), and
 []

[232


]
\openout2 = `example__MyPythiaRead_8cc.aux'.

 (./example__MyPythiaRead_8cc.tex)
Underfull \hbox (badness 1231) in paragraph at lines 26--109
[]\T1/cmr/m/n/10 References Hep-MC::Gen-Event::event_-number(), init-Pythia(), 
Hep-MC::IO_-Base-Class::read_-
 []


Underfull \hbox (badness 7722) in paragraph at lines 26--109
\T1/cmr/m/n/10 next_-event(), Hep-MC::Gen-Event::set_-event_-number(), Hep-MC::
HEPEVT_-Wrapper::set_-
 []

[233


]
\openout2 = `example__MyPythiaWithEventSelection_8cc.aux'.

 (./example__MyPythiaWithEventSelection_8cc.tex
Underfull \hbox (badness 1845) in paragraph at lines 1--1
[]\T1/cmr/bx/n/14.4 example_-My-Pythia-With-Event-Selection.cc File Ref-er-
 []

)
Underfull \hbox (badness 10000) in paragraph at lines 30--110
[]\T1/cmr/m/n/10 References init-Pythia(), py-pars, Hep-MC::IO_-Base-Class::rea
d_-next_-event(), Hep-
 []


Underfull \hbox (badness 10000) in paragraph at lines 30--110
\T1/cmr/m/n/10 MC::HEPEVT_-Wrapper::set_-max_-number_-entries(), Hep-MC::Gen-Ev
ent::set_-mpi(), and
 []

[234


]
\openout2 = `example__PythiaParticle_8cc.aux'.

 (./example__PythiaParticle_8cc.tex)
Underfull \hbox (badness 10000) in paragraph at lines 26--111
\T1/cmr/m/n/10 event_-number(), Hep-MC::HEPEVT_-Wrapper::set_-max_-number_-entr
ies(), Hep-MC::Gen-
 []

[235


]
\openout2 = `example__ReadPDGtable_8cc.aux'.

 (./example__ReadPDGtable_8cc.tex)
Underfull \hbox (badness 3417) in paragraph at lines 21--112
[]\T1/cmr/m/n/10 References Hep-MC::IO_-PDG_-Particle-Data-Table::add_-quarks_-
to_-table(), Hep-MC::Particle-
 []


Underfull \hbox (badness 6859) in paragraph at lines 21--112
\T1/cmr/m/n/10 MC::Particle-Data-Table::print(), Hep-MC::IO_-PDG_-Particle-Data
-Table::rdstate(), and Hep-
 []

[236


]
\openout2 = `example__UsingIterators_8cc.aux'.

 (./example__UsingIterators_8cc.tex)
Underfull \hbox (badness 6808) in paragraph at lines 34--113
[]\T1/cmr/m/n/10 References Hep-MC::copy_-if(), Hep-MC::descendants, p, Hep-MC:
:parents, Hep-MC::Gen-
 []


Underfull \hbox (badness 3536) in paragraph at lines 34--113
\T1/cmr/m/n/10 MC::IO_-Base-Class::read_-next_-event(), v, Hep-MC::Gen-Event::v
ertices_-begin(), and Hep-
 []

[237


]
\openout2 = `Flow_8cc.aux'.

 (./Flow_8cc.tex) [238


]
\openout2 = `Flow_8h.aux'.

 (./Flow_8h.tex) [239


]
\openout2 = `GenEvent_8cc.aux'.

 (./GenEvent_8cc.tex)
[240


]
\openout2 = `GenEvent_8h.aux'.

 (./GenEvent_8h.tex
Underfull \hbox (badness 5924) in paragraph at lines 33--34
[]\T1/cmr/m/n/10 template$\OML/cmm/m/it/10 <$\T1/cmr/m/n/10 class Input-Iterato
r, class Output-Iterator, class Predicate$\OML/cmm/m/it/10 >$ \T1/cmr/m/n/10 vo
id \T1/cmr/bx/n/10 Hep-
 []

) [241


]
\openout2 = `GenParticle_8cc.aux'.

 (./GenParticle_8cc.tex) [242


]
\openout2 = `GenParticle_8h.aux'.

 (./GenParticle_8h.tex) [243


]
\openout2 = `GenVertex_8cc.aux'.


(./GenVertex_8cc.tex) [244


]
\openout2 = `GenVertex_8h.aux'.

 (./GenVertex_8h.tex) [245


]
\openout2 = `HeavyIon_8h.aux'.

 (./HeavyIon_8h.tex)
[246


]
\openout2 = `HEPEVT__Wrapper_8cc.aux'.

 (./HEPEVT__Wrapper_8cc.tex) [247


]
\openout2 = `HEPEVT__Wrapper_8h.aux'.

 (./HEPEVT__Wrapper_8h.tex
Underfull \hbox (badness 5036) in paragraph at lines 47--49
[]\T1/cmr/m/n/10 Referenced by Hep-MC::HEPEVT_-Wrapper::byte_-num_-to_-double()
, Hep-MC::HEPEVT_-
 []

[248


])
Underfull \hbox (badness 5036) in paragraph at lines 85--124
[]\T1/cmr/m/n/10 Referenced by Hep-MC::HEPEVT_-Wrapper::byte_-num_-to_-double()
, Hep-MC::HEPEVT_-
 []

[249]
\openout2 = `HepMC__CLHEP20_8h.aux'.

 (./HepMC__CLHEP20_8h.tex) [250


]
\openout2 = `HerwigWrapper_8h.aux'.

 (./HerwigWrapper_8h.tex) [251


]
\openout2 = `HerwigWrapper6__4_8h.aux'.


(./HerwigWrapper6__4_8h.tex [252


] [253] [254] [255] [256] [257] [258] [259]
[260] [261] [262] [263] [264] [265] [266] [267]) [268]
\openout2 = `initPythia_8cc.aux'.

 (./initPythia_8cc.tex
Underfull \hbox (badness 6016) in paragraph at lines 19--19
[]\T1/cmr/bx/n/10 example_-My-Pythia.cc\T1/cmr/m/n/10 , \T1/cmr/bx/n/10 example
_-My-Pythia-Only-To-Hep-MC.cc\T1/cmr/m/n/10 , \T1/cmr/bx/n/10 example_-My-
 []

) [269


]
\openout2 = `IO__Ascii_8cc.aux'.

 (./IO__Ascii_8cc.tex) [270


]
\openout2 = `IO__Ascii_8h.aux'.

 (./IO__Ascii_8h.tex) [271


]
\openout2 = `IO__AsciiParticles_8cc.aux'.


(./IO__AsciiParticles_8cc.tex) [272


]
\openout2 = `IO__AsciiParticles_8h.aux'.

 (./IO__AsciiParticles_8h.tex) [273


]
\openout2 = `IO__BaseClass_8h.aux'.


(./IO__BaseClass_8h.tex) [274


]
\openout2 = `IO__ExtendedAscii_8cc.aux'.

 (./IO__ExtendedAscii_8cc.tex) [275


]
\openout2 = `IO__ExtendedAscii_8h.aux'.


(./IO__ExtendedAscii_8h.tex) [276


]
\openout2 = `IO__HEPEVT_8cc.aux'.

 (./IO__HEPEVT_8cc.tex) [277


]
\openout2 = `IO__HEPEVT_8h.aux'.


(./IO__HEPEVT_8h.tex) [278


]
\openout2 = `IO__HERWIG_8cc.aux'.

 (./IO__HERWIG_8cc.tex) [279


]
\openout2 = `IO__HERWIG_8h.aux'.

 (./IO__HERWIG_8h.tex)
[280


]
\openout2 = `IO__PDG__ParticleDataTable_8cc.aux'.

 (./IO__PDG__ParticleDataTable_8cc.tex) [281


]
\openout2 = `IO__PDG__ParticleDataTable_8h.aux'.


(./IO__PDG__ParticleDataTable_8h.tex) [282


]
\openout2 = `is__arithmetic_8h.aux'.

 (./is__arithmetic_8h.tex) [283


]
\openout2 = `IsGoodEvent_8h.aux'.


(./IsGoodEvent_8h.tex) [284


]
\openout2 = `list__of__examples_8cc.aux'.

 (./list__of__examples_8cc.tex) [285


]
\openout2 = `ParticleData_8cc.aux'.


(./ParticleData_8cc.tex) [286


]
\openout2 = `ParticleData_8h.aux'.

 (./ParticleData_8h.tex) [287


]
\openout2 = `ParticleDataTable_8h.aux'.


(./ParticleDataTable_8h.tex) [288


]
\openout2 = `PdfInfo_8h.aux'.

 (./PdfInfo_8h.tex) [289


]
\openout2 = `Polarization_8cc.aux'.


(./Polarization_8cc.tex) [290


]
\openout2 = `Polarization_8h.aux'.

 (./Polarization_8h.tex) [291


]
\openout2 = `PythiaHelper_8h.aux'.


(./PythiaHelper_8h.tex) [292


]
\openout2 = `PythiaWrapper_8h.aux'.

 (./PythiaWrapper_8h.tex) [293


]
\openout2 = `PythiaWrapper5__720_8h.aux'.


(./PythiaWrapper5__720_8h.tex [294


]
Underfull \vbox (badness 1454) has occurred while \output is active []

 [295]
[296]
Underfull \hbox (badness 1342) in paragraph at lines 253--253
[]\T1/cmr/bx/n/10 example_-My-Pythia.cc\T1/cmr/m/n/10 , \T1/cmr/bx/n/10 example
_-My-Pythia-Only-To-Hep-MC.cc\T1/cmr/m/n/10 , and \T1/cmr/bx/n/10 example_-
 []

[297] [298]
Underfull \hbox (badness 6995) in paragraph at lines 468--470
[]\T1/cmr/m/n/10 Referenced by Hep-MC::Temp-Particle-Map::add-End-Particle(), H
ep-MC::already_-in_-vector(),
 []


Underfull \hbox (badness 10000) in paragraph at lines 468--470
\T1/cmr/m/n/10 Hep-MC::IO_-HERWIG::build_-end_-vertex(), Hep-MC::IO_-HERWIG::bu
ild_-particle(), Hep-
 []


Underfull \hbox (badness 10000) in paragraph at lines 468--470
\T1/cmr/m/n/10 MC::IO_-HEPEVT::build_-particle(), Hep-MC::IO_-HERWIG::build_-pr
oduction_-vertex(),
 []


Underfull \hbox (badness 10000) in paragraph at lines 468--470
\T1/cmr/m/n/10 Hep-MC::Gen-Vertex::edge_-iterator::edge_-iterator(), Hep-MC::Te
mp-Particle-Map::end_-vertex(),
 []


Underfull \hbox (badness 10000) in paragraph at lines 468--470
\T1/cmr/m/n/10 Hep-MC::IO_-Extended-Ascii::fill_-next_-event(), Hep-MC::IO_-Asc
ii::fill_-next_-event(), Hep-
 []


Underfull \hbox (badness 7221) in paragraph at lines 468--470
\T1/cmr/m/n/10 main(), Hep-MC::Particle-Data-Table::make_-antiparticles_-from_-
particles(), Hep-MC::Particle-
 []


Underfull \hbox (badness 10000) in paragraph at lines 468--470
\T1/cmr/m/n/10 Data-Table::merge_-table(), Hep-MC::not_-in_-vector(), Is-Final-
State::operator()(), Is-W_-
 []


Underfull \hbox (badness 10000) in paragraph at lines 468--470
\T1/cmr/m/n/10 Boson::operator()(), Is-Photon::operator()(), Is-Good-Event-My-P
ythia::operator()(), Is-Good-
 []


Underfull \hbox (badness 5460) in paragraph at lines 468--470
\T1/cmr/m/n/10 Event::operator()(), Hep-MC::Gen-Vertex::edge_-iterator::operato
r=(), Hep-MC::IO_-Extended-
 []


Underfull \hbox (badness 10000) in paragraph at lines 468--470
\T1/cmr/m/n/10 Ascii::read_-particle(), Hep-MC::IO_-Ascii::read_-particle(), He
p-MC::Gen-Event::remove_-
 []

[299] [300]
Underfull \hbox (badness 2165) in paragraph at lines 554--556
[]\T1/cmr/m/n/10 Referenced by Hep-MC::IO_-Extended-Ascii::fill_-next_-event(),
 Hep-MC::IO_-Ascii::fill_-next_-
 []


Underfull \hbox (badness 3396) in paragraph at lines 554--556
\T1/cmr/m/n/10 event(), Hep-MC::IO_-Ascii::find_-in_-map(), Hep-MC::Gen-Event::
Gen-Event(), main(), Hep-
 []


Underfull \hbox (badness 10000) in paragraph at lines 554--556
\T1/cmr/m/n/10 MC::IO_-Extended-Ascii::read_-vertex(), Hep-MC::IO_-Ascii::read_
-vertex(), Hep-MC::Gen-
 []


Underfull \hbox (badness 10000) in paragraph at lines 554--556
\T1/cmr/m/n/10 Event::remove_-barcode(), Hep-MC::Gen-Event::set_-barcode(), SVt
o-LV(), Hep-MC::IO_-
 []


Underfull \hbox (badness 10000) in paragraph at lines 554--556
\T1/cmr/m/n/10 HEPEVT::write_-event(), Hep-MC::IO_-Extended-Ascii::write_-event
(), Hep-MC::IO_-
 []


Underfull \hbox (badness 10000) in paragraph at lines 554--556
\T1/cmr/m/n/10 Ascii::write_-event(), Hep-MC::IO_-Extended-Ascii::write_-vertex
(), and Hep-MC::IO_-
 []

) [301]
\openout2 = `PythiaWrapper6__152_8h.aux'.

 (./PythiaWrapper6__152_8h.tex [302


] [303] [304] [305] [306] [307])
[308]
\openout2 = `PythiaWrapper6__152__WIN32_8h.aux'.

 (./PythiaWrapper6__152__WIN32_8h.tex) [309


]
\openout2 = `PythiaWrapper6__2_8h.aux'.

 (./PythiaWrapper6__2_8h.tex
[310


] [311] [312] [313] [314] [315] [316]) [317]
\openout2 = `PythiaWrapper6__2__WIN32_8h.aux'.


(./PythiaWrapper6__2__WIN32_8h.tex) [318


]
\openout2 = `SearchVector_8cc.aux'.

 (./SearchVector_8cc.tex
Underfull \hbox (badness 10000) in paragraph at lines 14--15
[]\T1/cmr/m/n/10 std::vector$\OML/cmm/m/it/10 <$ \T1/cmr/bx/n/10 Hep-MC::Gen-Pa
rticle $\OMS/cmsy/m/n/10 ^^C$ $\OML/cmm/m/it/10 >$\T1/cmr/m/n/10 ::iterator \T1
/cmr/bx/n/10 Hep-MC::already_-in_-vector
 []

) [319


]
\openout2 = `SearchVector_8h.aux'.

 (./SearchVector_8h.tex
Underfull \hbox (badness 10000) in paragraph at lines 15--16
[]\T1/cmr/m/n/10 std::vector$\OML/cmm/m/it/10 <$ \T1/cmr/bx/n/10 Hep-MC::Gen-Pa
rticle $\OMS/cmsy/m/n/10 ^^C$ $\OML/cmm/m/it/10 >$\T1/cmr/m/n/10 ::iterator \T1
/cmr/bx/n/10 Hep-MC::already_-in_-vector
 []

) [320


]
\openout2 = `SimpleVector_8h.aux'.

 (./SimpleVector_8h.tex) [321


]
\openout2 = `TempParticleMap_8h.aux'.

 (./TempParticleMap_8h.tex) [322


]
\openout2 = `testHepMCIteration_8h.aux'.


(./testHepMCIteration_8h.tex) [323


]
\openout2 = `testPrintBug_8cc.aux'.

 (./testPrintBug_8cc.tex)
Underfull \hbox (badness 8000) in paragraph at lines 23--163
[]\T1/cmr/m/n/10 References Hep-MC::Gen-Vertex::add_-particle_-in(), Hep-MC::Ge
n-Vertex::add_-particle_-out(),
 []

[324


]
\openout2 = `testSimpleVector_8cc.aux'.

 (./testSimpleVector_8cc.tex)
Underfull \hbox (badness 4913) in paragraph at lines 22--164
[]\T1/cmr/m/n/10 References Hep-MC::Four-Vector::eta(), Hep-MC::Four-Vector::m(
), Hep-MC::Four-Vector::m2(),
 []


Underfull \hbox (badness 10000) in paragraph at lines 22--164
\T1/cmr/m/n/10 Hep-MC::Three-Vector::mag(), Hep-MC::Three-Vector::perp(), Hep-M
C::Three-Vector::perp2(),
 []


Underfull \hbox (badness 1062) in paragraph at lines 22--164
\T1/cmr/m/n/10 Hep-MC::Three-Vector::phi(), Hep-MC::Four-Vector::pseudo-Rapidit
y(), Hep-MC::Three-Vector::r(),
 []


Underfull \hbox (badness 10000) in paragraph at lines 22--164
\T1/cmr/m/n/10 Hep-MC::Four-Vector::set(), Hep-MC::Three-Vector::set(), Hep-MC:
:Four-Vector::set-E(), Hep-
 []


Underfull \hbox (badness 10000) in paragraph at lines 22--164
\T1/cmr/m/n/10 MC::Three-Vector::set-Phi(), Hep-MC::Four-Vector::set-Px(), Hep-
MC::Four-Vector::set-Py(),
 []


Underfull \hbox (badness 10000) in paragraph at lines 22--164
\T1/cmr/m/n/10 Hep-MC::Four-Vector::set-Pz(), Hep-MC::Four-Vector::set-T(), Hep
-MC::Three-Vector::set-Theta(),
 []


Underfull \hbox (badness 1960) in paragraph at lines 22--164
\T1/cmr/m/n/10 Hep-MC::Four-Vector::set-X(), Hep-MC::Three-Vector::set-X(), Hep
-MC::Four-Vector::set-Y(), Hep-
 []


Underfull \hbox (badness 10000) in paragraph at lines 22--164
\T1/cmr/m/n/10 MC::Three-Vector::set-Y(), Hep-MC::Four-Vector::set-Z(), Hep-MC:
:Three-Vector::set-Z(), Hep-
 []

[325


]
\openout2 = `VectorConversion_8h.aux'.

 (./VectorConversion_8h.tex) [326


]
\openout2 = `Version_8h.aux'.

 (./Version_8h.tex) [327


]
\openout2 = `WeightContainer_8h.aux'.


(./WeightContainer_8h.tex) [328


]
Chapter 10.
(./example__BuildEventFromScratch_8cc-example.tex
Underfull \vbox (badness 1997) has occurred while \output is active []

 [329


]
Underfull \vbox (badness 10000) has occurred while \output is active []

 [330])
[331]
\openout2 = `example__EventSelection_8cc-example.aux'.

 (./example__EventSelection_8cc-example.tex
Underfull \vbox (badness 3849) has occurred while \output is active []

 [332

])
[333]
\openout2 = `example__MyHerwig_8cc-example.aux'.

 (./example__MyHerwig_8cc-example.tex
Underfull \vbox (badness 3849) has occurred while \output is active []

 [334


])
[335]
\openout2 = `example__MyPythia_8cc-example.aux'.

 (./example__MyPythia_8cc-example.tex
Underfull \vbox (badness 3849) has occurred while \output is active []

 [336


])
[337]
\openout2 = `example__MyPythiaOnlyToHepMC_8cc-example.aux'.

 (./example__MyPythiaOnlyToHepMC_8cc-example.tex) [338


]
\openout2 = `example__MyPythiaRead_8cc-example.aux'.


(./example__MyPythiaRead_8cc-example.tex
Underfull \vbox (badness 3849) has occurred while \output is active []

 [339


])
[340]
\openout2 = `example__MyPythiaWithEventSelection_8cc-example.aux'.

 (./example__MyPythiaWithEventSelection_8cc-example.tex
Underfull \vbox (badness 3849) has occurred while \output is active []

 [341


])
[342]
\openout2 = `example__PythiaParticle_8cc-example.aux'.

 (./example__PythiaParticle_8cc-example.tex
Underfull \vbox (badness 3849) has occurred while \output is active []

 [343


])
[344]
\openout2 = `example__UsingIterators_8cc-example.aux'.

 (./example__UsingIterators_8cc-example.tex
Underfull \vbox (badness 3849) has occurred while \output is active []

 [345


]
Underfull \vbox (badness 10000) has occurred while \output is active []

 [346])
[347]
No file refman.ind.
(./refman.aux (./dir_2f7e53fbf59743acafe0a1c443dedb88.aux)
(./dir_ad823f63bf818e4989349037a7acc59c.aux)
(./dir_6f5e1fd014b545bac6b7a8ff1c591f69.aux)
(./dir_f428b077ca115b1ca7114151d5ecabe7.aux) (./namespacedetail.aux)
(./namespaceHepMC.aux) (./namespaceHepMC_1_1detail.aux)
(./structHepMC_1_1detail_1_1disable__if_3_01false_00_01T_01_4.aux)
(./structHepMC_1_1detail_1_1enable__if.aux)
(./structHepMC_1_1detail_1_1enable__if_3_01true_00_01T_01_4.aux)
(./classHepMC_1_1Flow.aux) (./classHepMC_1_1FourVector.aux)
(./classHepMC_1_1GenEvent.aux)
(./classHepMC_1_1GenEvent_1_1particle__const__iterator.aux)
(./classHepMC_1_1GenEvent_1_1particle__iterator.aux)
(./classHepMC_1_1GenEvent_1_1vertex__const__iterator.aux)
(./classHepMC_1_1GenEvent_1_1vertex__iterator.aux)
(./classHepMC_1_1GenParticle.aux) (./classHepMC_1_1GenVertex.aux)
(./classHepMC_1_1GenVertex_1_1edge__iterator.aux)
(./classHepMC_1_1GenVertex_1_1particle__iterator.aux)
(./classHepMC_1_1GenVertex_1_1vertex__iterator.aux)
(./classHepMC_1_1HeavyIon.aux) (./classHepMC_1_1HEPEVT__Wrapper.aux)
(./classHepMC_1_1IO__Ascii.aux) (./classHepMC_1_1IO__AsciiParticles.aux)
(./classHepMC_1_1IO__BaseClass.aux) (./classHepMC_1_1IO__ExtendedAscii.aux)
(./classHepMC_1_1IO__HEPEVT.aux) (./classHepMC_1_1IO__HERWIG.aux)
(./classHepMC_1_1IO__PDG__ParticleDataTable.aux)
(./structHepMC_1_1detail_1_1is__arithmetic.aux)
(./structHepMC_1_1detail_1_1is__arithmetic_3_01char_01_4.aux)
(./structHepMC_1_1detail_1_1is__arithmetic_3_01double_01_4.aux)
(./structHepMC_1_1detail_1_1is__arithmetic_3_01float_01_4.aux)
(./structHepMC_1_1detail_1_1is__arithmetic_3_01int_01_4.aux)
(./structHepMC_1_1detail_1_1is__arithmetic_3_01long_01_4.aux)
(./structHepMC_1_1detail_1_1is__arithmetic_3_01long_01double_01_4.aux)
(./structHepMC_1_1detail_1_1is__arithmetic_3_01short_01_4.aux)
(./structHepMC_1_1detail_1_1is__arithmetic_3_01signed_01char_01_4.aux)
(./structHepMC_1_1detail_1_1is__arithmetic_3_01unsigned_01char_01_4.aux)
(./structHepMC_1_1detail_1_1is__arithmetic_3_01unsigned_01int_01_4.aux)
(./structHepMC_1_1detail_1_1is__arithmetic_3_01unsigned_01long_01_4.aux)
(./structHepMC_1_1detail_1_1is__arithmetic_3_01unsigned_01short_01_4.aux)
(./classIsFinalState.aux) (./classIsGoodEvent.aux)
(./classIsGoodEventMyPythia.aux) (./classIsPhoton.aux) (./classIsW__Boson.aux)
(./classHepMC_1_1ParticleData.aux) (./classHepMC_1_1ParticleDataTable.aux)
(./classHepMC_1_1PdfInfo.aux) (./classHepMC_1_1Polarization.aux)
(./classHepMC_1_1TempParticleMap.aux) (./classHepMC_1_1ThreeVector.aux)
(./classHepMC_1_1WeightContainer.aux) (./example__BuildEventFromScratch_8cc.aux
) (./example__EventSelection_8cc.aux) (./example__MyHerwig_8cc.aux)
(./example__MyPythia_8cc.aux) (./example__MyPythiaOnlyToHepMC_8cc.aux)
(./example__MyPythiaRead_8cc.aux)
(./example__MyPythiaWithEventSelection_8cc.aux)
(./example__PythiaParticle_8cc.aux) (./example__ReadPDGtable_8cc.aux)
(./example__UsingIterators_8cc.aux) (./Flow_8cc.aux) (./Flow_8h.aux)
(./GenEvent_8cc.aux) (./GenEvent_8h.aux) (./GenParticle_8cc.aux)
(./GenParticle_8h.aux) (./GenVertex_8cc.aux) (./GenVertex_8h.aux)
(./HeavyIon_8h.aux) (./HEPEVT__Wrapper_8cc.aux) (./HEPEVT__Wrapper_8h.aux)
(./HepMC__CLHEP20_8h.aux) (./HerwigWrapper_8h.aux) (./HerwigWrapper6__4_8h.aux)
(./initPythia_8cc.aux) (./IO__Ascii_8cc.aux) (./IO__Ascii_8h.aux)
(./IO__AsciiParticles_8cc.aux) (./IO__AsciiParticles_8h.aux)
(./IO__BaseClass_8h.aux) (./IO__ExtendedAscii_8cc.aux)
(./IO__ExtendedAscii_8h.aux) (./IO__HEPEVT_8cc.aux) (./IO__HEPEVT_8h.aux)
(./IO__HERWIG_8cc.aux) (./IO__HERWIG_8h.aux)
(./IO__PDG__ParticleDataTable_8cc.aux) (./IO__PDG__ParticleDataTable_8h.aux)
(./is__arithmetic_8h.aux) (./IsGoodEvent_8h.aux) (./list__of__examples_8cc.aux)
(./ParticleData_8cc.aux) (./ParticleData_8h.aux) (./ParticleDataTable_8h.aux)
(./PdfInfo_8h.aux) (./Polarization_8cc.aux) (./Polarization_8h.aux)
(./PythiaHelper_8h.aux) (./PythiaWrapper_8h.aux) (./PythiaWrapper5__720_8h.aux)
(./PythiaWrapper6__152_8h.aux) (./PythiaWrapper6__152__WIN32_8h.aux)
(./PythiaWrapper6__2_8h.aux) (./PythiaWrapper6__2__WIN32_8h.aux)
(./SearchVector_8cc.aux) (./SearchVector_8h.aux) (./SimpleVector_8h.aux)
(./TempParticleMap_8h.aux) (./testHepMCIteration_8h.aux)
(./testPrintBug_8cc.aux) (./testSimpleVector_8cc.aux)
(./VectorConversion_8h.aux) (./Version_8h.aux) (./WeightContainer_8h.aux)
(./example__EventSelection_8cc-example.aux)
(./example__MyHerwig_8cc-example.aux) (./example__MyPythia_8cc-example.aux)
(./example__MyPythiaOnlyToHepMC_8cc-example.aux)
(./example__MyPythiaRead_8cc-example.aux)
(./example__MyPythiaWithEventSelection_8cc-example.aux)
(./example__PythiaParticle_8cc-example.aux)
(./example__UsingIterators_8cc-example.aux))

LaTeX Warning: There were multiply-defined labels.

 ) 
Here is how much of TeX's memory you used:
 3871 strings out of 95847
 121670 string characters out of 1195948
 123275 words of memory out of 1000001
 5860 multiletter control sequences out of 10000+50000
 19453 words of font info for 42 fonts, out of 500000 for 1000
 14 hyphenation exceptions out of 1000
 34i,12n,43p,1519b,567s stack positions out of 1500i,500n,5000p,200000b,5000s

Output written on refman.dvi (355 pages, 710664 bytes).
