 Process in group number            1
 No PDF is used, alpha_s(MZ) from param_card is used
 Value of alpha_s from param_card:   0.11800000071525575     
 The default order of alpha_s running is fixed to            2
 *****************************************************
 *               MadGraph/MadEvent                   *
 *        --------------------------------           *
 *          http://madgraph.hep.uiuc.edu             *
 *          http://madgraph.phys.ucl.ac.be           *
 *          http://madgraph.roma2.infn.it            *
 *        --------------------------------           *
 *                                                   *
 *          PARAMETER AND COUPLING VALUES            *
 *                                                   *
 *****************************************************

  External Params
  ---------------------------------
  
 mdl_MB =    4.6999998092651367     
 mdl_MT =    173.00000000000000     
 mdl_Me =   5.10999991092830896E-004
 mdl_MM =   0.10565999895334244     
 mdl_MTA =    1.7769999504089355     
 mdl_MZ =    91.188003540039063     
 mdl_MH =    125.00000000000000     
 aEWM1 =    132.50700378417969     
 mdl_Gf =   1.16639000000000003E-005
 aS =   0.11800000071525575     
 mdl_ymb =    4.6999998092651367     
 mdl_ymt =    173.00000000000000     
 mdl_yme =   5.10999991092830896E-004
 mdl_ymm =   0.10565999895334244     
 mdl_ymtau =    1.7769999504089355     
 mdl_WT =    1.4915000200271606     
 mdl_WTau =   2.26999999999999982E-012
 mdl_WZ =    2.4414041042327881     
 mdl_WW =    2.0476000308990479     
 mdl_WH =   6.38233916833996773E-003
  Internal Params
  ---------------------------------
  
 mdl_conjg__CKM3x3 =    1.0000000000000000     
 mdl_CKM3x3 =    1.0000000000000000     
 mdl_conjg__CKM1x1 =    1.0000000000000000     
 mdl_complexi =  (  0.0000000000000000     ,  1.0000000000000000     )
 mdl_MZ__exp__2 =    8315.2519896181766     
 mdl_MZ__exp__4 =    69143415.650849044     
 mdl_sqrt__2 =    1.4142135623730951     
 mdl_MH__exp__2 =    15625.000000000000     
 mdl_aEW =   7.54677089845565054E-003
 mdl_MW =    80.419007276179556     
 mdl_sqrt__aEW =   8.68721526063194194E-002
 mdl_ee =   0.30795376284704501     
 mdl_MW__exp__2 =    6467.2167312862202     
 mdl_sw2 =   0.22224645274001076     
 mdl_cw =   0.88190336616887299     
 mdl_sqrt__sw2 =   0.47143022043565552     
 mdl_sw =   0.47143022043565552     
 mdl_g1 =   0.34919218438279087     
 mdl_gw =   0.65323296958447097     
 mdl_vev =    246.21845810181631     
 mdl_vev__exp__2 =    60623.529110035874     
 mdl_lam =   0.12886910601690271     
 mdl_yb =   2.69955531549349904E-002
 mdl_ye =   2.93504850670934038E-006
 mdl_ym =   6.06883028478528356E-004
 mdl_yt =   0.99366614581500645     
 mdl_ytau =   1.02066167158167895E-002
 mdl_muH =    88.388347648318444     
 mdl_I1x33 =  ( 2.69955531549349904E-002,  0.0000000000000000     )
 mdl_I2x33 =  ( 0.99366614581500645     ,  0.0000000000000000     )
 mdl_I3x33 =  ( 0.99366614581500645     ,  0.0000000000000000     )
 mdl_I4x33 =  ( 2.69955531549349904E-002,  0.0000000000000000     )
 mdl_ee__exp__2 =   9.48355200516540348E-002
 mdl_sw__exp__2 =   0.22224645274001076     
 mdl_cw__exp__2 =   0.77775354725998924     
  Internal Params evaluated point by point
  ----------------------------------------
  
 mdl_sqrt__aS =   0.34351128178744839     
 mdl_G__exp__2 =    1.4828317414825511     
  Couplings of sm-lepton_masses
  ---------------------------------
  
         GC_3 =  -0.00000E+00  -0.30795E+00

 Collider parameters:
 --------------------

 Running at e e   machine @   4.00000000000000008E-003  GeV
 PDF set = none   
 alpha_s(Mz)= 0.1180 running at 2 loops.
 alpha_s(Mz)= 0.1180 running at 2 loops.
 Renormalization scale fixed @    91.188000000000002     
 Factorization scales  fixed @    91.188000000000002        91.188000000000002     


 getting user params
Enter number of events and max and min iterations: 
 Number of events and iterations         2000           9           3
Enter desired fractional accuracy: 
 Desired fractional accuracy:  -6.34919999999999971E-007
Enter 0 for fixed, 2 for adjustable grid: 
Suppress amplitude (0 no, 1 yes)? 
 Using suppressed amplitude.
Exact helicity sum (0 yes, n = number/event)? 
 Explicitly summing over helicities
Enter Configuration Number: 
Running Configuration Number:    1
 Not subdividing B.W.
 Attempting mappinvarients           1           4
 Completed mapping           4
 about to integrate            2        2000           9           3           2           1
 Using non-zero grid deformation.
  2 dimensions   2000 events  2 invarients  9 iterations  1 config(s),  (0.99)
 Using h-tuple random number sequence.
 Error opening grid
 Using Uniform Grid!
 Using uniform alpha   1.0000000000000000     
 Grid defined OK
 Set CM energy to          0.00
 Mapping Graph           1  to config           1
 Warning: No cutoff for shat integral found
          Minimum set to    62500.000000000000     
Setting grid   1    0.62500E+05   1
 Masses: 0.511E-03 0.511E-03 0.000E+00 0.000E+00
   1   1   2
 Got moffset          21
Using random seed offsets     1 :      1
  with seed                   99
 Ranmar initialization seeds        2160       15612
  Particle       3       4
      Et >     0.0     0.0
       E >    -1.0    -1.0
     Eta <    -1.0    -1.0
   xqcut:      0.0     0.0
d R # 3  >    -0.0    -1.0
s min # 3>     0.0     0.0
xqcutij # 3>     0.0     0.0
 alpha_s for scale    91.188000000000002       is   0.11800000071525575     
 Added good helicity            1  0.97404838192310939       in event            1
 Added good helicity            2  0.13245132329002388       in event            1
 Added good helicity            3  0.13245132329002388       in event            1
 Added good helicity            4  2.77392885990854850E-004  in event            1
 Added good helicity            6  0.67662729107466990       in event            1
 Added good helicity            7   6.0841442875361835       in event            1
 Added good helicity           10   6.0841442875361835       in event            1
 Added good helicity           11  0.67662729107466990       in event            1
 Added good helicity           13  2.77392885990854850E-004  in event            1
 Added good helicity           14  0.13245132329002388       in event            1
 Added good helicity           15  0.13245132329002388       in event            1
 Added good helicity           16  0.97404838192310939       in event            1
 Iteration  1   Mean: 0.3919E+11 Abs mean: 0.3919E+11   Fluctuation:  0.195E+10   0.534E+12   100.0%
  1    0.3919E+11 0.3919E+11 +- 0.1953E+10      2.23
 Writing out events   2176995.5782938786        2.2293502303877752     
 Relative summed weights:
  0.5032E+00  0.0000E+00
  0.4968E+00  0.0000E+00
 Relative number of events:
  0.5040E+00  0.0000E+00
  0.4960E+00  0.0000E+00
 Events:
        1008           0
         992           0
Warning xbin not returning correct x   1  0.992823E+00  0.999893E+00  0.1515E-01
Warning xbin not returning correct x   1  0.993371E+00  0.999901E+00  0.1515E-01
 Iteration  2   Mean: 0.3261E+11 Abs mean: 0.3261E+11   Fluctuation:  0.135E+10   0.876E+12   100.0%
  2    0.3261E+11 0.3261E+11 +- 0.1353E+10      2.62
 Relative summed weights:
  0.4883E+00  0.0000E+00
  0.5117E+00  0.0000E+00
 Relative number of events:
  0.4960E+00  0.0000E+00
  0.5040E+00  0.0000E+00
 Events:
        1984           0
        2016           0
 Iteration  3   Mean: 0.4019E+11 Abs mean: 0.4019E+11   Fluctuation:  0.121E+10   0.168E+13   100.0%
  3    0.4019E+11 0.4019E+11 +- 0.1209E+10      2.69
 Relative summed weights:
  0.4835E+00  0.0000E+00
  0.5165E+00  0.0000E+00
 Relative number of events:
  0.4974E+00  0.0000E+00
  0.5026E+00  0.0000E+00
 Events:
        3979           0
        4021           0
 Found          814  events.
 Wrote          323  events.
 Actual xsec    37888441766.253235     
 Correct abs xsec    37888441766.253235     
 Event xsec    37888441766.253258     
 Events wgts > 1:           40
 % Cross section > 1:    354505826.35951632       0.93565691760717928     
 Checking number of events   24056.129446229505              323  chi2:    9.6282373805861017     
 Found          814  events.
 Wrote          312  events.
 Actual xsec    37888441766.253235     
 Correct abs xsec    37888441766.253235     
 Event xsec    37888441766.253181     
 Events wgts > 1:           40
 % Cross section > 1:    366883402.06693280       0.96832539150161578     
 Iteration  4   Mean: 0.3901E+11 Abs mean: 0.3901E+11   Fluctuation:  0.399E+09   0.453E+12   100.0%
  4    0.3901E+11 0.3901E+11 +- 0.3985E+09      1.29
 Relative summed weights:
  0.4960E+00  0.0000E+00
  0.5040E+00  0.0000E+00
 Relative number of events:
  0.4989E+00  0.0000E+00
  0.5011E+00  0.0000E+00
 Events:
        7983           0
        8017           0
 Found         1558  events.
 Wrote         1553  events.
 Actual xsec    38798537554.778786     
 Correct abs xsec    38798537554.778786     
 Event xsec    38798537554.779045     
 Events wgts > 1:            8
 % Cross section > 1:    10097607.497801989       2.60257425516241085E-002
 Checking number of events   24633.967464280144             1553  chi2:    11.251358373013085     
 Found         1558  events.
 Wrote         1553  events.
 Actual xsec    38798537554.778786     
 Correct abs xsec    38798537554.778786     
 Event xsec    38798537554.779045     
 Events wgts > 1:            8
 % Cross section > 1:    10097607.497801989       2.60257425516241085E-002
 Iteration  5   Mean: 0.3924E+11 Abs mean: 0.3924E+11   Fluctuation:  0.154E+09   0.185E+12   100.0%
  5    0.3924E+11 0.3924E+11 +- 0.1543E+09      0.70
 Relative summed weights:
  0.5021E+00  0.0000E+00
  0.4979E+00  0.0000E+00
 Relative number of events:
  0.5033E+00  0.0000E+00
  0.4967E+00  0.0000E+00
 Events:
       16105           0
       15895           0
 Found         3251  events.
 Wrote         3246  events.
 Actual xsec    39225720760.650658     
 Correct abs xsec    39225720760.650658     
 Event xsec    39225720760.647224     
 Events wgts > 1:            0
 % Cross section > 1:    0.0000000000000000        0.0000000000000000     
 Checking number of events   24905.194625352313             3246  chi2:   0.46511390791258106     
 Found         3251  events.
 Wrote         3246  events.
 Actual xsec    39225720760.650658     
 Correct abs xsec    39225720760.650658     
 Event xsec    39225720760.647224     
 Events wgts > 1:            0
 % Cross section > 1:    0.0000000000000000        0.0000000000000000     
 Iteration  6   Mean: 0.3923E+11 Abs mean: 0.3923E+11   Fluctuation:  0.686E+08   0.106E+12   100.0%
  6    0.3923E+11 0.3923E+11 +- 0.6864E+08      0.44
 Relative summed weights:
  0.5027E+00  0.0000E+00
  0.4973E+00  0.0000E+00
 Relative number of events:
  0.5022E+00  0.0000E+00
  0.4978E+00  0.0000E+00
 Events:
       32138           0
       31862           0
 Found         6368  events.
 Wrote         6363  events.
 Actual xsec    39225071534.629478     
 Correct abs xsec    39225071534.629478     
 Event xsec    39225071534.628937     
 Events wgts > 1:            0
 % Cross section > 1:    0.0000000000000000        0.0000000000000000     
 Checking number of events   24904.782418766947             6363  chi2:   0.14769837035439010     
 Found         6368  events.
 Wrote         6363  events.
 Actual xsec    39225071534.629478     
 Correct abs xsec    39225071534.629478     
 Event xsec    39225071534.628937     
 Events wgts > 1:            0
 % Cross section > 1:    0.0000000000000000        0.0000000000000000     
 Iteration  7   Mean: 0.3919E+11 Abs mean: 0.3919E+11   Fluctuation:  0.328E+08   0.756E+11   100.0%
  7    0.3919E+11 0.3919E+11 +- 0.3276E+08      0.30
 Relative summed weights:
  0.5000E+00  0.0000E+00
  0.5000E+00  0.0000E+00
 Relative number of events:
  0.5000E+00  0.0000E+00
  0.5000E+00  0.0000E+00
 Events:
       63996           0
       64004           0
 Found        12854  events.
 Wrote        12850  events.
 Actual xsec    39195445950.017548     
 Correct abs xsec    39195445950.017548     
 Event xsec    39195445950.014793     
 Events wgts > 1:            0
 % Cross section > 1:    0.0000000000000000        0.0000000000000000     
 Checking number of events   24885.972542585139            12850  chi2:   0.19912057236607167     
 Found        12854  events.
 Wrote        12850  events.
 Actual xsec    39195445950.017548     
 Correct abs xsec    39195445950.017548     
 Event xsec    39195445950.014793     
 Events wgts > 1:            0
 % Cross section > 1:    0.0000000000000000        0.0000000000000000     
 Iteration  8   Mean: 0.3921E+11 Abs mean: 0.3921E+11   Fluctuation:  0.162E+08   0.610E+11   100.0%
  8    0.3921E+11 0.3921E+11 +- 0.1615E+08      0.21
 Relative summed weights:
  0.5014E+00  0.0000E+00
  0.4986E+00  0.0000E+00
 Relative number of events:
  0.5014E+00  0.0000E+00
  0.4986E+00  0.0000E+00
 Events:
      128346           0
      127654           0
 Found        25596  events.
 Wrote        25591  events.
 Actual xsec    39206359899.283371     
 Correct abs xsec    39206359899.283371     
 Event xsec    39206359899.270515     
 Events wgts > 1:            0
 % Cross section > 1:    0.0000000000000000        0.0000000000000000     
 Checking number of events   24892.902027252996            25591  chi2:   0.27214147519487797     

 -------------------------------------------------------------------------------
 Accumulated results:   Integral =  0.3921E+11
                        Std dev  =  0.1411E+08
                       Cross sec =  0.2564E+01
             Chi**2 per DoF.     =
-------------------------------------------------
---------------------------
 Results Last   3 iters: Integral =   0.3921E+11
                     Abs integral =   0.3921E+11
                          Std dev =   0.1418E+08
                  Chi**2 per DoF. =      0.2721
-------------------------------------------------
---------------------------
 Status -6.34919999999999971E-007           9           9
 We found enough events       25591   24892.902027252996     

ls status:
events.lhe
ftn25
ftn26
input_sg.txt
moffset.dat
results.dat
run_06_ftn26.gz
run_06_log.txt
run_06_results.dat
run_07_ftn26.gz
run_07_log.txt
run_07_results.dat
run_08_ftn26.gz
run_08_log.txt
run_08_results.dat
run1_app.log
