 Process in group number            0
 No PDF is used, alpha_s(MZ) from param_card is used
 Value of alpha_s from param_card:   0.11800000071525575     
 The default order of alpha_s running is fixed to            2
 Warning: pt or E min of a gamma should in general be >0
 *****************************************************
 *               MadGraph/MadEvent                   *
 *        --------------------------------           *
 *          http://madgraph.hep.uiuc.edu             *
 *          http://madgraph.phys.ucl.ac.be           *
 *          http://madgraph.roma2.infn.it            *
 *        --------------------------------           *
 *                                                   *
 *          PARAMETER AND COUPLING VALUES            *
 *                                                   *
 *****************************************************

  External Params
  ---------------------------------
  
 aEWM1 =    132.50700378417969     
 mdl_Gf =   1.16639000000000003E-005
 aS =   0.11800000071525575     
 mdl_ymb =    4.6999998092651367     
 mdl_ymt =    173.00000000000000     
 mdl_yme =   5.10999991092830896E-004
 mdl_ymm =   0.10565999895334244     
 mdl_ymtau =    1.7769999504089355     
 mdl_MZ =    91.188003540039063     
 mdl_MT =    173.00000000000000     
 mdl_MB =    4.6999998092651367     
 mdl_MH =    125.00000000000000     
 mdl_Me =   5.10999991092830896E-004
 mdl_MM =   0.10565999895334244     
 mdl_MTA =    1.7769999504089355     
 mdl_WZ =    2.4414041042327881     
 mdl_WW =    2.0476000308990479     
 mdl_WT =    1.4915000200271606     
 mdl_WH =   6.38233916833996773E-003
 mdl_WTau =   2.26999999999999982E-012
  Internal Params
  ---------------------------------
  
 mdl_conjg__CKM3x3 =    1.0000000000000000     
 mdl_CKM3x3 =    1.0000000000000000     
 mdl_conjg__CKM1x1 =    1.0000000000000000     
 mdl_complexi =  (  0.0000000000000000     ,  1.0000000000000000     )
 mdl_MZ__exp__2 =    8315.2519896181766     
 mdl_MZ__exp__4 =    69143415.650849044     
 mdl_sqrt__2 =    1.4142135623730951     
 mdl_MH__exp__2 =    15625.000000000000     
 mdl_aEW =   7.54677089845565054E-003
 mdl_MW =    80.419007276179556     
 mdl_sqrt__aEW =   8.68721526063194194E-002
 mdl_ee =   0.30795376284704501     
 mdl_MW__exp__2 =    6467.2167312862202     
 mdl_sw2 =   0.22224645274001076     
 mdl_cw =   0.88190336616887299     
 mdl_sqrt__sw2 =   0.47143022043565552     
 mdl_sw =   0.47143022043565552     
 mdl_g1 =   0.34919218438279087     
 mdl_gw =   0.65323296958447097     
 mdl_vev =    246.21845810181631     
 mdl_vev__exp__2 =    60623.529110035874     
 mdl_lam =   0.12886910601690271     
 mdl_yb =   2.69955531549349904E-002
 mdl_ye =   2.93504850670934038E-006
 mdl_ym =   6.06883028478528356E-004
 mdl_yt =   0.99366614581500645     
 mdl_ytau =   1.02066167158167895E-002
 mdl_muH =    88.388347648318444     
 mdl_I1x33 =  ( 2.69955531549349904E-002,  0.0000000000000000     )
 mdl_I2x33 =  ( 0.99366614581500645     ,  0.0000000000000000     )
 mdl_I3x33 =  ( 0.99366614581500645     ,  0.0000000000000000     )
 mdl_I4x33 =  ( 2.69955531549349904E-002,  0.0000000000000000     )
 mdl_ee__exp__2 =   9.48355200516540348E-002
 mdl_sw__exp__2 =   0.22224645274001076     
 mdl_cw__exp__2 =   0.77775354725998924     
  Internal Params evaluated point by point
  ----------------------------------------
  
 mdl_sqrt__aS =   0.34351128178744839     
 mdl_G__exp__2 =    1.4828317414825511     
  Couplings of sm-lepton_masses
  ---------------------------------
  
         GC_3 =  -0.00000E+00  -0.30795E+00
        GC_50 =  -0.00000E+00  -0.28804E+00
        GC_59 =   0.00000E+00   0.82310E-01
        GC_89 =  -0.00000E+00  -0.20754E-05

 Collider parameters:
 --------------------

 Running at e e   machine @   7.14879999999999960E-002  GeV
 PDF set = none   
 alpha_s(Mz)= 0.1180 running at 2 loops.
 alpha_s(Mz)= 0.1180 running at 2 loops.
 Renormalization scale fixed @    91.188000000000002     
 Factorization scales  fixed @    91.188000000000002        91.188000000000002     


 getting user params
Enter number of events and max and min iterations: 
 Number of events and iterations         2000           9           3
Enter desired fractional accuracy: 
 Desired fractional accuracy:  -1.09789999999999995E-035
Enter 0 for fixed, 2 for adjustable grid: 
Suppress amplitude (0 no, 1 yes)? 
 Using suppressed amplitude.
Exact helicity sum (0 yes, n = number/event)? 
 Explicitly summing over helicities
Enter Configuration Number: 
Running Configuration Number:   22
 Not subdividing B.W.
 Attempting mappinvarients           1           5
 Completed mapping           5
 about to integrate            5        2000           9           3           5           1
 Keeping grid fixed.
  5 dimensions   2000 events  5 invarients  9 iterations  1 config(s),  (0.99)
 Using h-tuple random number sequence.
 Grid read from file
 Grid defined OK
 Set CM energy to          0.07
 Mapping Graph          22  to config          22
 No modification is setgrid, grid read from file
 No modification is setgrid, grid read from file
 Masses: 0.511E-03 0.511E-03 0.000E+00 0.511E-03 0.511E-03
  22   1   2   3   4   5
 Got moffset          12
Using random seed offsets    22 :      1
  with seed                   57
 Ranmar initialization seeds       11145       17236
  Particle       3       4       5
      Et >     0.0     0.0     0.0
       E >     0.0     0.0     0.0
     Eta <    -1.0    -1.0    -1.0
   xqcut:      0.0     0.0     0.0
d R # 3  >    -0.0     0.0     0.0
d R # 4  >    -0.0    -0.0     0.4
s min # 3>     0.0     0.0     0.0
s min # 4>     0.0     0.0     0.0
xqcutij # 3>     0.0     0.0     0.0
xqcutij # 4>     0.0     0.0     0.0
 alpha_s for scale    91.188000000000002       is   0.11800000071525575     
 Added good helicity            1   4.0919524085845191       in event            1
 Added good helicity            3  4.49174886017108090E-004  in event            1
 Added good helicity            5   3.9075984165077586       in event            1
 Added good helicity           10   4.0919524085847279       in event            1
 Added good helicity           12  4.49174886017130967E-004  in event            1
 Added good helicity           14   3.9075984165079571       in event            1
 Added good helicity           19   3.9075984165079580       in event            1
 Added good helicity           21  4.49174886017132376E-004  in event            1
 Added good helicity           23   4.0919524085847279       in event            1
 Added good helicity           28   3.9075984165077604       in event            1
 Added good helicity           30  4.49174886017109499E-004  in event            1
 Added good helicity           32   4.0919524085845191       in event            1
 Added good helicity            2  1.74092496861956512E-005  in event           44
 Added good helicity            6  1.58420058677459712E-005  in event           44
 Added good helicity            7  1.73559018592000677E-005  in event           44
 Added good helicity            9  1.74188709266507186E-005  in event           44
 Added good helicity           11  2.07384124218480508E-003  in event           44
 Added good helicity           13  3.06902191304612393E-005  in event           44
 Added good helicity           15  2.30887646576058815E-003  in event           44
 Added good helicity           16  1.73807889227340692E-005  in event           44
 Added good helicity           17  1.73807903039528644E-005  in event           44
 Added good helicity           18  2.30887646569595322E-003  in event           44
 Added good helicity           20  3.06902207736712283E-005  in event           44
 Added good helicity           22  2.07384124186070409E-003  in event           44
 Added good helicity           24  1.74188723104183580E-005  in event           44
 Added good helicity           26  1.73559004781661730E-005  in event           44
 Added good helicity           27  1.58420071240369104E-005  in event           44
 Added good helicity           31  1.74092510695777177E-005  in event           44
 Iteration  1   Mean: 0.2590E+37 Abs mean: 0.2590E+37   Fluctuation:  0.259E+37   0.518E+40    98.9%
  1    0.2590E+37 0.2590E+37 +- 0.2588E+37     44.68
 Writing out events  1.45498265300103475E+032   44.677186003043801     
 Relative summed weights:
  0.1000E+01  0.0000E+00
 Relative number of events:
  0.1000E+01  0.0000E+00
 Events:
        2000           0
 Iteration  2   Mean: 0.2857E+36 Abs mean: 0.2857E+36   Fluctuation:  0.199E+36   0.768E+39    99.1%
  2    0.2857E+36 0.2857E+36 +- 0.1990E+36     44.05
 Relative summed weights:
  0.1000E+01  0.0000E+00
 Relative number of events:
  0.1000E+01  0.0000E+00
 Events:
        4000           0
 Iteration  3   Mean: 0.1958E+35 Abs mean: 0.1958E+35   Fluctuation:  0.108E+35   0.832E+38    98.8%
  3    0.1958E+35 0.1958E+35 +- 0.1084E+35     49.52
 Relative summed weights:
  0.1000E+01  0.0000E+00
 Relative number of events:
  0.1000E+01  0.0000E+00
 Events:
        8000           0
 Found           19  events.
 Wrote            3  events.
 Actual xsec   5.13518532848227715E+035
 Correct abs xsec   5.13518532848227715E+035
 Event xsec   5.13518532848227642E+035
 Events wgts > 1:            0
 % Cross section > 1:    0.0000000000000000        0.0000000000000000     
 Checking number of events   5.6379199721406916                3  chi2:    1039.5069479416247     
 Found           19  events.
 Wrote            2  events.
 Actual xsec   5.13518532848227715E+035
 Correct abs xsec   5.13518532848227715E+035
 Event xsec   5.13518532848227715E+035
 Events wgts > 1:            0
 % Cross section > 1:    0.0000000000000000        0.0000000000000000     
 Iteration  4   Mean: 0.2316E+36 Abs mean: 0.2316E+36   Fluctuation:  0.104E+36   0.109E+40    98.8%
  4    0.2316E+36 0.2316E+36 +- 0.1039E+36     56.73
 Relative summed weights:
  0.1000E+01  0.0000E+00
 Relative number of events:
  0.1000E+01  0.0000E+00
 Events:
       16000           0
 Found          110  events.
 Wrote            3  events.
 Actual xsec   1.75242859768157091E+035
 Correct abs xsec   1.75242859768157091E+035
 Event xsec   1.75242859768157128E+035
 Events wgts > 1:            1
 % Cross section > 1:   4.74045537855506887E+027  2.70507761904056946E-006
 Checking number of events   1.9239913573945966                3  chi2:    103.44830561620697     
 Found          110  events.
 Wrote            5  events.
 Actual xsec   1.75242859768157091E+035
 Correct abs xsec   1.75242859768157091E+035
 Event xsec   1.75242859768157054E+035
 Events wgts > 1:            1
 % Cross section > 1:   2.84427326218185506E+027  1.62304659142448028E-006
 Iteration  5   Mean: 0.7788E+36 Abs mean: 0.7788E+36   Fluctuation:  0.538E+36   0.164E+41    98.7%
  5    0.7788E+36 0.7788E+36 +- 0.5380E+36    123.57
 Relative summed weights:
  0.1000E+01  0.0000E+00
 Relative number of events:
  0.1000E+01  0.0000E+00
 Events:
       32000           0
 Found           86  events.
 Wrote            1  events.
 Actual xsec   2.75639997172280890E+035
 Correct abs xsec   2.75639997172280890E+035
 Event xsec   2.75639997172280890E+035
 Events wgts > 1:            0
 % Cross section > 1:    0.0000000000000000        0.0000000000000000     
 Checking number of events   3.0262515289544716                1  chi2:    279.62908461746093     
 Found           86  events.
 Wrote            1  events.
 Actual xsec   2.75639997172280890E+035
 Correct abs xsec   2.75639997172280890E+035
 Event xsec   2.75639997172280890E+035
 Events wgts > 1:            0
 % Cross section > 1:    0.0000000000000000        0.0000000000000000     
 Iteration  6   Mean: 0.1906E+37 Abs mean: 0.1906E+37   Fluctuation:  0.146E+37   0.925E+41    98.9%
  6    0.1906E+37 0.1906E+37 +- 0.1462E+37    194.13
 Relative summed weights:
  0.1000E+01  0.0000E+00
 Relative number of events:
  0.1000E+01  0.0000E+00
 Events:
       64000           0
 Found           86  events.
 Wrote            1  events.
 Actual xsec   6.86733622390154095E+035
 Correct abs xsec   6.86733622390154095E+035
 Event xsec   6.86733622390154095E+035
 Events wgts > 1:            1
 % Cross section > 1:   8.05418072533584589E+028  1.17282458041060108E-005
 Checking number of events   7.5396484402215016                1  chi2:    9.9653979517803570     
 Found           86  events.
 Wrote            2  events.
 Actual xsec   6.86733622390154095E+035
 Correct abs xsec   6.86733622390154095E+035
 Event xsec   6.86733622390154095E+035
 Events wgts > 1:            1
 % Cross section > 1:   4.02709059878624709E+028  5.86412324588111654E-006
 Iteration  7   Mean: 0.1758E+37 Abs mean: 0.1758E+37   Fluctuation:  0.964E+36   0.115E+42    98.8%
  7    0.1758E+37 0.1758E+37 +- 0.9641E+36    196.23
 Relative summed weights:
  0.1000E+01  0.0000E+00
 Relative number of events:
  0.1000E+01  0.0000E+00
 Events:
      128000           0
 Found          116  events.
 Wrote            1  events.
 Actual xsec   1.50480927084730978E+036
 Correct abs xsec   1.50480927084730978E+036
 Event xsec   1.50480927084730978E+036
 Events wgts > 1:            1
 % Cross section > 1:   1.18419049784477859E+029  7.86937268919136075E-006
 Checking number of events   16.521300984632614                1  chi2:   0.98271930779302630     
 Found          116  events.
 Wrote            2  events.
 Actual xsec   1.50480927084730978E+036
 Correct abs xsec   1.50480927084730978E+036
 Event xsec   1.50480927084730978E+036
 Events wgts > 1:            1
 % Cross section > 1:   5.92095271058482182E+028  3.93468649169799667E-006
 Iteration  8   Mean: 0.2180E+38 Abs mean: 0.2180E+38   Fluctuation:  0.163E+38   0.408E+43    98.8%
  8    0.2180E+38 0.2180E+38 +- 0.1631E+38    378.52
 Relative summed weights:
  0.1000E+01  0.0000E+00
 Relative number of events:
  0.1000E+01  0.0000E+00
 Events:
      256000           0
 Found          230  events.
 Wrote            2  events.
 Actual xsec   7.05417449194953574E+036
 Correct abs xsec   7.05417449194953574E+036
 Event xsec   7.05417449194953574E+036
 Events wgts > 1:            1
 % Cross section > 1:   5.78595103164107581E+029  8.20216601991374069E-006
 Checking number of events   77.447781747113950                2  chi2:    21.696178282605260     
 Found          230  events.
 Wrote            2  events.
 Actual xsec   7.05417449194953574E+036
 Correct abs xsec   7.05417449194953574E+036
 Event xsec   7.05417449194953574E+036
 Events wgts > 1:            1
 % Cross section > 1:   5.78595103164107581E+029  8.20216601991374069E-006
 Iteration  9   Mean: 0.1399E+38 Abs mean: 0.1399E+38   Fluctuation:  0.780E+37   0.355E+43    98.8%
  9    0.1399E+38 0.1399E+38 +- 0.7805E+37    399.26
 Relative summed weights:
  0.1000E+01  0.0000E+00
 Relative number of events:
  0.1000E+01  0.0000E+00
 Events:
      512000           0
 Found          130  events.
 Wrote            4  events.
 Actual xsec   1.07805700841557883E+037
 Correct abs xsec   1.07805700841557883E+037
 Event xsec   1.07805700841557883E+037
 Events wgts > 1:            0
 % Cross section > 1:    0.0000000000000000        0.0000000000000000     
 Checking number of events   118.35987895394639                4  chi2:    44.105422172503225     
 Found          130  events.
 Wrote            2  events.
 Actual xsec   1.07805700841557883E+037
 Correct abs xsec   1.07805700841557883E+037
 Event xsec   1.07805700841557883E+037
 Events wgts > 1:            0
 % Cross section > 1:    0.0000000000000000        0.0000000000000000     

 -------------------------------------------------------------------------------
 Accumulated results:   Integral =  0.4228E+37
                        Std dev  =  0.8737E+36
                       Cross sec =  0.4228E+37
             Chi**2 per DoF.     =      7.5811
 -------------------------------------------------------------------------------
-------------------------------------------------
---------------------------
 Results Last   3 iters: Integral =   0.1078E+38
                     Abs integral =   0.1078E+38
                          Std dev =   0.3737E+37
                  Chi**2 per DoF. =     44.1054
-------------------------------------------------
---------------------------
 Status -1.09789999999999995E-035          10           9
 Trying w/ fresh grid
 Starting w/ ncall =         8000
 Keeping grid fixed.
  5 dimensions   8000 events  5 invarients  8 iterations  1 config(s),  (0.99)
 Using h-tuple random number sequence.
 Error opening grid
 Using Uniform Grid!
 Using uniform alpha   1.0000000000000000     
 Grid defined OK
Setting grid   1    0.51095E-04   1
Setting grid   2    0.51095E-04   1
 Iteration  1   Mean: 0.1247E+24 Abs mean: 0.1247E+24   Fluctuation:  0.764E+23   0.502E+27    98.8%
  1    0.1247E+24 0.1247E+24 +- 0.7645E+23     54.82
 Relative summed weights:
  0.1000E+01  0.0000E+00
 Relative number of events:
  0.1000E+01  0.0000E+00
 Events:
        8000           0
 Iteration  2   Mean: 0.1677E+32 Abs mean: 0.1677E+32   Fluctuation:  0.107E+32   0.156E+36    99.0%
  2    0.1677E+32 0.1677E+32 +- 0.1071E+32     80.78
 Relative summed weights:
  0.1000E+01  0.0000E+00
 Relative number of events:
  0.1000E+01  0.0000E+00
 Events:
       16000           0
 Iteration  3   Mean: 0.7758E+37 Abs mean: 0.7758E+37   Fluctuation:  0.744E+37   0.238E+42    99.6%
  3    0.7758E+37 0.7758E+37 +- 0.7444E+37    171.64
 Relative summed weights:
  0.1000E+01  0.0000E+00
 Relative number of events:
  0.1000E+01  0.0000E+00
 Events:
       32000           0
 Found          104  events.
 Wrote            1  events.
 Actual xsec   1.35931716751680343E+036
 Correct abs xsec   1.35931716751680343E+036
 Event xsec   1.35931716751680343E+036
 Events wgts > 1:            1
 % Cross section > 1:   3.94453224733524340E+029  2.90184832620123766E-005
 Checking number of events   14.923943182166985                1  chi2:   1.58072989312336526E+026
 Found          104  events.
 Wrote            1  events.
 Actual xsec   1.35931716751680343E+036
 Correct abs xsec   1.35931716751680343E+036
 Event xsec   1.35931716751680343E+036
 Events wgts > 1:            1
 % Cross section > 1:   3.94453224733524340E+029  2.90184832620123766E-005
 Iteration  4   Mean: 0.1092E+37 Abs mean: 0.1092E+37   Fluctuation:  0.785E+36   0.482E+41    99.5%
  4    0.1092E+37 0.1092E+37 +- 0.7846E+36    181.82
 Relative summed weights:
  0.1000E+01  0.0000E+00
 Relative number of events:
  0.1000E+01  0.0000E+00
 Events:
       64000           0
 Found           20  events.
 Wrote            2  events.
 Actual xsec   1.92566023000216301E+036
 Correct abs xsec   1.92566023000216301E+036
 Event xsec   1.92566023000216301E+036
 Events wgts > 1:            0
 % Cross section > 1:    0.0000000000000000        0.0000000000000000     
 Checking number of events   21.141823665193748                2  chi2:    16154823231.633265     
 Found           20  events.
 Wrote            1  events.
 Actual xsec   1.92566023000216301E+036
 Correct abs xsec   1.92566023000216301E+036
 Event xsec   1.92566023000216301E+036
 Events wgts > 1:            0
 % Cross section > 1:    0.0000000000000000        0.0000000000000000     
 Iteration  5   Mean: 0.8829E+40 Abs mean: 0.8829E+40   Fluctuation:  0.880E+40   0.113E+46    99.6%
  5    0.8829E+40 0.8829E+40 +- 0.8800E+40    356.58
 Relative summed weights:
  0.1000E+01  0.0000E+00
 Relative number of events:
  0.1000E+01  0.0000E+00
 Events:
      128000           0
 Found          178  events.
 Wrote            1  events.
 Actual xsec   2.20868065408239582E+039
 Correct abs xsec   2.20868065408239582E+039
 Event xsec   2.20868065408239582E+039
 Events wgts > 1:            1
 % Cross section > 1:   2.96066269002769083E+032  1.34046661954292721E-005
 Checking number of events   24249.104901170624                1  chi2:    4001885.5752845020     
 Found          178  events.
 Wrote            1  events.
 Actual xsec   2.20868065408239582E+039
 Correct abs xsec   2.20868065408239582E+039
 Event xsec   2.20868065408239582E+039
 Events wgts > 1:            1
 % Cross section > 1:   2.96066269002769083E+032  1.34046661954292721E-005
 Fixing grid
 Iteration  6   Mean: 0.1262E+40 Abs mean: 0.1262E+40   Fluctuation:  0.104E+40   0.266E+45    99.4%
  6    0.1262E+40 0.1262E+40 +- 0.1045E+40    418.79
 Relative summed weights:
  0.1000E+01  0.0000E+00
 Relative number of events:
  0.1000E+01  0.0000E+00
 Events:
      256000           0
 Found           57  events.
 Wrote            1  events.
 Actual xsec   2.43787385867499006E+039
 Correct abs xsec   2.43787385867499006E+039
 Event xsec   2.43787385867499006E+039
 Events wgts > 1:            0
 % Cross section > 1:    0.0000000000000000        0.0000000000000000     
 Checking number of events   26765.417094392713                1  chi2:    4822722.8469283003     
 Found           57  events.
 Wrote            1  events.
 Actual xsec   2.43787385867499006E+039
 Correct abs xsec   2.43787385867499006E+039
 Event xsec   2.43787385867499006E+039
 Events wgts > 1:            0
 % Cross section > 1:    0.0000000000000000        0.0000000000000000     
 Iteration  7   Mean: 0.1283E+42 Abs mean: 0.1283E+42   Fluctuation:  0.122E+42   0.622E+47    99.4%
  7    0.1283E+42 0.1283E+42 +- 0.1216E+42    678.52
 Relative summed weights:
  0.1000E+01  0.0000E+00
 Relative number of events:
  0.1000E+01  0.0000E+00
 Events:
      512000           0
 Found          317  events.
 Wrote            1  events.
 Actual xsec   4.28592465615833202E+040
 Correct abs xsec   4.28592465615833202E+040
 Event xsec   4.28592465615833202E+040
 Events wgts > 1:            1
 % Cross section > 1:   4.81708731990446773E+032  1.12393187150010270E-006
 Checking number of events   470551.66799962323                1  chi2:    800.52995146134504     
 Found          317  events.
 Wrote            1  events.
 Actual xsec   4.28592465615833202E+040
 Correct abs xsec   4.28592465615833202E+040
 Event xsec   4.28592465615833202E+040
 Events wgts > 1:            1
 % Cross section > 1:   4.81708731990446773E+032  1.12393187150010270E-006
 Iteration  8   Mean: 0.3547E+40 Abs mean: 0.3547E+40   Fluctuation:  0.242E+40   0.234E+46    99.4%
  8    0.3547E+40 0.3547E+40 +- 0.2421E+40    690.87
 Relative summed weights:
  0.1000E+01  0.0000E+00
 Relative number of events:
  0.1000E+01  0.0000E+00
 Events:
     1024000           0
 Found           82  events.
 Wrote            2  events.
 Actual xsec   2.32317965066336318E+040
 Correct abs xsec   2.32317965066336318E+040
 Event xsec   2.32317965066336318E+040
 Events wgts > 1:            0
 % Cross section > 1:    0.0000000000000000        0.0000000000000000     
 Checking number of events   353987.04748180642                2  chi2:    510.27682885719889     
 Found           82  events.
 Wrote            4  events.
 Actual xsec   2.32317965066336318E+040
 Correct abs xsec   2.32317965066336318E+040
 Event xsec   2.32317965066336318E+040
 Events wgts > 1:            0
 % Cross section > 1:    0.0000000000000000        0.0000000000000000     

 -------------------------------------------------------------------------------
 Accumulated results:   Integral =   +Infinity
                        Std dev  =   +Infinity
                       Cross sec =   +Infinity
             Chi**2 per DoF.     =     17.5043
 -------------------------------------------------------------------------------
-------------------------------------------------
---------------------------
 Results Last   3 iters: Integral =   0.3224E+41
                     Abs integral =   0.3224E+41
                         Std dev =   0.1485E+41
                 Chi**2 per DoF. =    510.2768
-------------------------------------------------
---------------------------

ls status:
events.lhe
ftn25
ftn26
input_sg.txt
log.txt
moffset.dat
results.dat
run_01_ftn26.gz
run_01_log.txt
run_01_results.dat
run_03_ftn26.gz
run_03_log.txt
run_03_results.dat
run1_app.log
