 Process in group number            1
 No PDF is used, alpha_s(MZ) from param_card is used
 Value of alpha_s from param_card:   0.11800000071525575     
 The default order of alpha_s running is fixed to            2
 *****************************************************
 *               MadGraph/MadEvent                   *
 *        --------------------------------           *
 *          http://madgraph.hep.uiuc.edu             *
 *          http://madgraph.phys.ucl.ac.be           *
 *          http://madgraph.roma2.infn.it            *
 *        --------------------------------           *
 *                                                   *
 *          PARAMETER AND COUPLING VALUES            *
 *                                                   *
 *****************************************************

  External Params
  ---------------------------------
  
 mdl_MB =    4.6999998092651367     
 mdl_MT =    173.00000000000000     
 mdl_Me =   5.10999991092830896E-004
 mdl_MM =   0.10565999895334244     
 mdl_MTA =    1.7769999504089355     
 mdl_MZ =    91.188003540039063     
 mdl_MH =    125.00000000000000     
 aEWM1 =    132.50700378417969     
 mdl_Gf =   1.16639000000000003E-005
 aS =   0.11800000071525575     
 mdl_ymb =    4.6999998092651367     
 mdl_ymt =    173.00000000000000     
 mdl_yme =   5.10999991092830896E-004
 mdl_ymm =   0.10565999895334244     
 mdl_ymtau =    1.7769999504089355     
 mdl_WT =    1.4915000200271606     
 mdl_WTau =   2.26999999999999982E-012
 mdl_WZ =    2.4414041042327881     
 mdl_WW =    2.0476000308990479     
 mdl_WH =   6.38233916833996773E-003
  Internal Params
  ---------------------------------
  
 mdl_conjg__CKM3x3 =    1.0000000000000000     
 mdl_CKM3x3 =    1.0000000000000000     
 mdl_conjg__CKM1x1 =    1.0000000000000000     
 mdl_complexi =  (  0.0000000000000000     ,  1.0000000000000000     )
 mdl_MZ__exp__2 =    8315.2519896181766     
 mdl_MZ__exp__4 =    69143415.650849044     
 mdl_sqrt__2 =    1.4142135623730951     
 mdl_MH__exp__2 =    15625.000000000000     
 mdl_aEW =   7.54677089845565054E-003
 mdl_MW =    80.419007276179556     
 mdl_sqrt__aEW =   8.68721526063194194E-002
 mdl_ee =   0.30795376284704501     
 mdl_MW__exp__2 =    6467.2167312862202     
 mdl_sw2 =   0.22224645274001076     
 mdl_cw =   0.88190336616887299     
 mdl_sqrt__sw2 =   0.47143022043565552     
 mdl_sw =   0.47143022043565552     
 mdl_g1 =   0.34919218438279087     
 mdl_gw =   0.65323296958447097     
 mdl_vev =    246.21845810181631     
 mdl_vev__exp__2 =    60623.529110035874     
 mdl_lam =   0.12886910601690271     
 mdl_yb =   2.69955531549349904E-002
 mdl_ye =   2.93504850670934038E-006
 mdl_ym =   6.06883028478528356E-004
 mdl_yt =   0.99366614581500645     
 mdl_ytau =   1.02066167158167895E-002
 mdl_muH =    88.388347648318444     
 mdl_I1x33 =  ( 2.69955531549349904E-002,  0.0000000000000000     )
 mdl_I2x33 =  ( 0.99366614581500645     ,  0.0000000000000000     )
 mdl_I3x33 =  ( 0.99366614581500645     ,  0.0000000000000000     )
 mdl_I4x33 =  ( 2.69955531549349904E-002,  0.0000000000000000     )
 mdl_ee__exp__2 =   9.48355200516540348E-002
 mdl_sw__exp__2 =   0.22224645274001076     
 mdl_cw__exp__2 =   0.77775354725998924     
  Internal Params evaluated point by point
  ----------------------------------------
  
 mdl_sqrt__aS =   0.34351128178744839     
 mdl_G__exp__2 =    1.4828317414825511     
  Couplings of sm-lepton_masses
  ---------------------------------
  
         GC_3 =  -0.00000E+00  -0.30795E+00

 Collider parameters:
 --------------------

 Running at e e   machine @   4.00000000000000008E-003  GeV
 PDF set = none   
 alpha_s(Mz)= 0.1180 running at 2 loops.
 alpha_s(Mz)= 0.1180 running at 2 loops.
 Renormalization scale fixed @    91.188000000000002     
 Factorization scales  fixed @    91.188000000000002        91.188000000000002     


 getting user params
Enter number of events and max and min iterations: 
 Number of events and iterations         2000           9           3
Enter desired fractional accuracy: 
 Desired fractional accuracy:  -6.34919999999999971E-007
Enter 0 for fixed, 2 for adjustable grid: 
Suppress amplitude (0 no, 1 yes)? 
 Using suppressed amplitude.
Exact helicity sum (0 yes, n = number/event)? 
 Explicitly summing over helicities
Enter Configuration Number: 
Running Configuration Number:    1
 Not subdividing B.W.
 Attempting mappinvarients           1           4
 Completed mapping           4
 about to integrate            2        2000           9           3           2           1
 Using non-zero grid deformation.
  2 dimensions   2000 events  2 invarients  9 iterations  1 config(s),  (0.99)
 Using h-tuple random number sequence.
 Error opening grid
 Using Uniform Grid!
 Using uniform alpha   1.0000000000000000     
 Grid defined OK
 Set CM energy to          0.00
 Mapping Graph           1  to config           1
 Warning: No cutoff for shat integral found
          Minimum set to    62500.000000000000     
Setting grid   1    0.62500E+05   1
 Masses: 0.511E-03 0.511E-03 0.000E+00 0.000E+00
   1   1   2
 Got moffset          13
Using random seed offsets     1 :      1
  with seed                   99
 Ranmar initialization seeds        2160       20437
  Particle       3       4
      Et >     0.0     0.0
       E >    -1.0    -1.0
     Eta <    -1.0    -1.0
   xqcut:      0.0     0.0
d R # 3  >    -0.0    -1.0
s min # 3>     0.0     0.0
xqcutij # 3>     0.0     0.0
 alpha_s for scale    91.188000000000002       is   0.11800000071525575     
 Added good helicity            1   1.6334400269186964       in event            1
 Added good helicity            2  3.72939816313761496E-002  in event            1
 Added good helicity            3  3.72939816313761635E-002  in event            1
 Added good helicity            4  4.65176732048326667E-004  in event            1
 Added good helicity            6   6.2391967710606622       in event            1
 Added good helicity            7  5.23100620258423882E-002  in event            1
 Added good helicity           10  5.23100620258423882E-002  in event            1
 Added good helicity           11   6.2391967710606622       in event            1
 Added good helicity           13  4.65176732048326667E-004  in event            1
 Added good helicity           14  3.72939816313761635E-002  in event            1
 Added good helicity           15  3.72939816313761496E-002  in event            1
 Added good helicity           16   1.6334400269186964       in event            1
 Iteration  1   Mean: 0.3706E+11 Abs mean: 0.3706E+11   Fluctuation:  0.187E+10   0.534E+12   100.0%
  1    0.3706E+11 0.3706E+11 +- 0.1869E+10      2.26
 Writing out events   2058648.6329147327        2.2560320188987082     
 Relative summed weights:
  0.4896E+00  0.0000E+00
  0.5104E+00  0.0000E+00
 Relative number of events:
  0.4940E+00  0.0000E+00
  0.5060E+00  0.0000E+00
 Events:
         988           0
        1012           0
Warning xbin not returning correct x   1  0.994217E+00  0.999914E+00  0.1517E-01
 Iteration  2   Mean: 0.3536E+11 Abs mean: 0.3536E+11   Fluctuation:  0.146E+10   0.876E+12   100.0%
  2    0.3536E+11 0.3536E+11 +- 0.1461E+10      2.61
 Relative summed weights:
  0.4825E+00  0.0000E+00
  0.5175E+00  0.0000E+00
 Relative number of events:
  0.4918E+00  0.0000E+00
  0.5082E+00  0.0000E+00
 Events:
        1967           0
        2033           0
 Iteration  3   Mean: 0.4027E+11 Abs mean: 0.4027E+11   Fluctuation:  0.117E+10   0.137E+13   100.0%
  3    0.4027E+11 0.4027E+11 +- 0.1169E+10      2.60
 Relative summed weights:
  0.4959E+00  0.0000E+00
  0.5041E+00  0.0000E+00
 Relative number of events:
  0.4973E+00  0.0000E+00
  0.5028E+00  0.0000E+00
 Events:
        3978           0
        4022           0
 Found          779  events.
 Wrote          312  events.
 Actual xsec    38361050587.975861     
 Correct abs xsec    38361050587.975861     
 Event xsec    38361050587.975792     
 Events wgts > 1:           38
 % Cross section > 1:    371054947.73014575       0.96727003573372494     
 Checking number of events   24356.198239317633              312  chi2:    3.6854727182191036     
 Found          779  events.
 Wrote          306  events.
 Actual xsec    38361050587.975861     
 Correct abs xsec    38361050587.975861     
 Event xsec    38361050587.975563     
 Events wgts > 1:           38
 % Cross section > 1:    378258794.07833219       0.98604910001317603     
 Iteration  4   Mean: 0.3936E+11 Abs mean: 0.3936E+11   Fluctuation:  0.403E+09   0.480E+12   100.0%
  4    0.3936E+11 0.3936E+11 +- 0.4029E+09      1.29
 Relative summed weights:
  0.5019E+00  0.0000E+00
  0.4981E+00  0.0000E+00
 Relative number of events:
  0.5005E+00  0.0000E+00
  0.4995E+00  0.0000E+00
 Events:
        8008           0
        7992           0
 Found         1522  events.
 Wrote         1518  events.
 Actual xsec    39246158275.539581     
 Correct abs xsec    39246158275.539581     
 Event xsec    39246158275.539490     
 Events wgts > 1:            7
 % Cross section > 1:    7832078.4734732881       1.99562933484745651E-002
 Checking number of events   24918.170812305591             1518  chi2:    3.9537889118017540     
 Found         1522  events.
 Wrote         1518  events.
 Actual xsec    39246158275.539581     
 Correct abs xsec    39246158275.539581     
 Event xsec    39246158275.539490     
 Events wgts > 1:            7
 % Cross section > 1:    7832078.4734732881       1.99562933484745651E-002
 Iteration  5   Mean: 0.3923E+11 Abs mean: 0.3923E+11   Fluctuation:  0.153E+09   0.175E+12   100.0%
  5    0.3923E+11 0.3923E+11 +- 0.1530E+09      0.70
 Relative summed weights:
  0.4944E+00  0.0000E+00
  0.5056E+00  0.0000E+00
 Relative number of events:
  0.4994E+00  0.0000E+00
  0.5006E+00  0.0000E+00
 Events:
       15981           0
       16019           0
 Found         3175  events.
 Wrote         3172  events.
 Actual xsec    39262753712.002258     
 Correct abs xsec    39262753712.002258     
 Event xsec    39262753712.004646     
 Events wgts > 1:            0
 % Cross section > 1:    0.0000000000000000        0.0000000000000000     
 Checking number of events   24928.707586824472             3172  chi2:   0.42273910742108978     
 Found         3175  events.
 Wrote         3172  events.
 Actual xsec    39262753712.002258     
 Correct abs xsec    39262753712.002258     
 Event xsec    39262753712.004646     
 Events wgts > 1:            0
 % Cross section > 1:    0.0000000000000000        0.0000000000000000     
 Iteration  6   Mean: 0.3929E+11 Abs mean: 0.3929E+11   Fluctuation:  0.689E+08   0.106E+12   100.0%
  6    0.3929E+11 0.3929E+11 +- 0.6890E+08      0.44
 Relative summed weights:
  0.5014E+00  0.0000E+00
  0.4986E+00  0.0000E+00
 Relative number of events:
  0.5014E+00  0.0000E+00
  0.4986E+00  0.0000E+00
 Events:
       32089           0
       31911           0
 Found         6435  events.
 Wrote         6431  events.
 Actual xsec    39281940774.784691     
 Correct abs xsec    39281940774.784691     
 Event xsec    39281940774.785461     
 Events wgts > 1:            0
 % Cross section > 1:    0.0000000000000000        0.0000000000000000     
 Checking number of events   24940.889836726295             6431  chi2:   7.99019765523648340E-002
 Found         6435  events.
 Wrote         6431  events.
 Actual xsec    39281940774.784691     
 Correct abs xsec    39281940774.784691     
 Event xsec    39281940774.785461     
 Events wgts > 1:            0
 % Cross section > 1:    0.0000000000000000        0.0000000000000000     
 Iteration  7   Mean: 0.3919E+11 Abs mean: 0.3919E+11   Fluctuation:  0.328E+08   0.769E+11   100.0%
  7    0.3919E+11 0.3919E+11 +- 0.3284E+08      0.30
 Relative summed weights:
  0.5002E+00  0.0000E+00
  0.4998E+00  0.0000E+00
 Relative number of events:
  0.5003E+00  0.0000E+00
  0.4997E+00  0.0000E+00
 Events:
       64044           0
       63956           0
 Found        12763  events.
 Wrote        12758  events.
 Actual xsec    39208958224.370705     
 Correct abs xsec    39208958224.370705     
 Event xsec    39208958224.373611     
 Events wgts > 1:            0
 % Cross section > 1:    0.0000000000000000        0.0000000000000000     
 Checking number of events   24894.551755817447            12758  chi2:   0.88007727895793053     
 Found        12763  events.
 Wrote        12758  events.
 Actual xsec    39208958224.370705     
 Correct abs xsec    39208958224.370705     
 Event xsec    39208958224.373611     
 Events wgts > 1:            0
 % Cross section > 1:    0.0000000000000000        0.0000000000000000     
 Iteration  8   Mean: 0.3923E+11 Abs mean: 0.3923E+11   Fluctuation:  0.163E+08   0.623E+11   100.0%
  8    0.3923E+11 0.3923E+11 +- 0.1628E+08      0.21
 Relative summed weights:
  0.5000E+00  0.0000E+00
  0.5000E+00  0.0000E+00
 Relative number of events:
  0.5000E+00  0.0000E+00
  0.5000E+00  0.0000E+00
 Events:
      128009           0
      127991           0
 Found        25575  events.
 Wrote        25570  events.
 Actual xsec    39227606153.708206     
 Correct abs xsec    39227606153.708206     
 Event xsec    39227606153.702461     
 Events wgts > 1:            0
 % Cross section > 1:    0.0000000000000000        0.0000000000000000     
 Checking number of events   24906.391699112413            25570  chi2:    1.1516881185707992     

 -------------------------------------------------------------------------------
 Accumulated results:   Integral =  0.3923E+11
                        Std dev  =  0.1420E+08
                       Cross sec =  0.1448E+01
             Chi**2 per DoF.     =
-------------------------------------------------
---------------------------
 Results Last   3 iters: Integral =   0.3923E+11
                     Abs integral =   0.3923E+11
                          Std dev =   0.1427E+08
                  Chi**2 per DoF. =      1.1517
-------------------------------------------------
---------------------------
 Status -6.34919999999999971E-007           9           9
 We found enough events       25570   24906.391699112413     

ls status:
events.lhe
ftn25
ftn26
input_sg.txt
moffset.dat
results.dat
run_06_ftn26.gz
run_06_log.txt
run_06_results.dat
run_07_ftn26.gz
run_07_log.txt
run_07_results.dat
run_08_ftn26.gz
run_08_log.txt
run_08_results.dat
run1_app.log
