 Process in group number            0
 No PDF is used, alpha_s(MZ) from param_card is used
 Value of alpha_s from param_card:   0.11800000071525575     
 The default order of alpha_s running is fixed to            2
 Warning: pt or E min of a gamma should in general be >0
 Warning: pt or E min of a gamma should in general be >0
 Warning: pt or E min of a gamma should in general be >0
 *****************************************************
 *               MadGraph/MadEvent                   *
 *        --------------------------------           *
 *          http://madgraph.hep.uiuc.edu             *
 *          http://madgraph.phys.ucl.ac.be           *
 *          http://madgraph.roma2.infn.it            *
 *        --------------------------------           *
 *                                                   *
 *          PARAMETER AND COUPLING VALUES            *
 *                                                   *
 *****************************************************

  External Params
  ---------------------------------
  
 aEWM1 =    132.50700378417969     
 mdl_Gf =   1.16639000000000003E-005
 aS =   0.11800000071525575     
 mdl_ymb =    4.6999998092651367     
 mdl_ymt =    173.00000000000000     
 mdl_yme =   5.10999991092830896E-004
 mdl_ymm =   0.10565999895334244     
 mdl_ymtau =    1.7769999504089355     
 mdl_MZ =    91.188003540039063     
 mdl_MT =    173.00000000000000     
 mdl_MB =    4.6999998092651367     
 mdl_MH =    125.00000000000000     
 mdl_Me =   5.10999991092830896E-004
 mdl_MM =   0.10565999895334244     
 mdl_MTA =    1.7769999504089355     
 mdl_WZ =    2.4414041042327881     
 mdl_WW =    2.0476000308990479     
 mdl_WT =    1.4915000200271606     
 mdl_WH =   6.38233916833996773E-003
 mdl_WTau =   2.26999999999999982E-012
  Internal Params
  ---------------------------------
  
 mdl_conjg__CKM3x3 =    1.0000000000000000     
 mdl_CKM3x3 =    1.0000000000000000     
 mdl_conjg__CKM1x1 =    1.0000000000000000     
 mdl_complexi =  (  0.0000000000000000     ,  1.0000000000000000     )
 mdl_MZ__exp__2 =    8315.2519896181766     
 mdl_MZ__exp__4 =    69143415.650849044     
 mdl_sqrt__2 =    1.4142135623730951     
 mdl_MH__exp__2 =    15625.000000000000     
 mdl_aEW =   7.54677089845565054E-003
 mdl_MW =    80.419007276179556     
 mdl_sqrt__aEW =   8.68721526063194194E-002
 mdl_ee =   0.30795376284704501     
 mdl_MW__exp__2 =    6467.2167312862202     
 mdl_sw2 =   0.22224645274001076     
 mdl_cw =   0.88190336616887299     
 mdl_sqrt__sw2 =   0.47143022043565552     
 mdl_sw =   0.47143022043565552     
 mdl_g1 =   0.34919218438279087     
 mdl_gw =   0.65323296958447097     
 mdl_vev =    246.21845810181631     
 mdl_vev__exp__2 =    60623.529110035874     
 mdl_lam =   0.12886910601690271     
 mdl_yb =   2.69955531549349904E-002
 mdl_ye =   2.93504850670934038E-006
 mdl_ym =   6.06883028478528356E-004
 mdl_yt =   0.99366614581500645     
 mdl_ytau =   1.02066167158167895E-002
 mdl_muH =    88.388347648318444     
 mdl_I1x33 =  ( 2.69955531549349904E-002,  0.0000000000000000     )
 mdl_I2x33 =  ( 0.99366614581500645     ,  0.0000000000000000     )
 mdl_I3x33 =  ( 0.99366614581500645     ,  0.0000000000000000     )
 mdl_I4x33 =  ( 2.69955531549349904E-002,  0.0000000000000000     )
 mdl_ee__exp__2 =   9.48355200516540348E-002
 mdl_sw__exp__2 =   0.22224645274001076     
 mdl_cw__exp__2 =   0.77775354725998924     
  Internal Params evaluated point by point
  ----------------------------------------
  
 mdl_sqrt__aS =   0.34351128178744839     
 mdl_G__exp__2 =    1.4828317414825511     
  Couplings of sm-lepton_masses
  ---------------------------------
  
         GC_3 =  -0.00000E+00  -0.30795E+00

 Collider parameters:
 --------------------

 Running at e e   machine @   7.00000000000000067E-002  GeV
 PDF set = none   
 alpha_s(Mz)= 0.1180 running at 2 loops.
 alpha_s(Mz)= 0.1180 running at 2 loops.
 Renormalization scale fixed @    91.188000000000002     
 Factorization scales  fixed @    91.188000000000002        91.188000000000002     


 getting user params
Enter number of events and max and min iterations: 
 Number of events and iterations         1000           9           3
Enter desired fractional accuracy: 
 Desired fractional accuracy:  -4.19009999999999974E-005
Enter 0 for fixed, 2 for adjustable grid: 
Suppress amplitude (0 no, 1 yes)? 
 Using suppressed amplitude.
Exact helicity sum (0 yes, n = number/event)? 
 Explicitly summing over helicities
Enter Configuration Number: 
Running Configuration Number:    1
 Not subdividing B.W.
 Attempting mappinvarients           1           5
 Completed mapping           5
 about to integrate            5        1000           9           3           5           1
 Keeping grid fixed.
  5 dimensions   1000 events  5 invarients  9 iterations  1 config(s),  (0.99)
 Using h-tuple random number sequence.
 Grid read from file
 Grid defined OK
 Set CM energy to          0.07
 Mapping Graph           1  to config           1
 Warning: No cutoff for shat integral found
          Minimum set to    204.08163265306121     
 No modification is setgrid, grid read from file
 Warning: No cutoff for shat integral found
          Minimum set to    204.08163265306121     
 No modification is setgrid, grid read from file
 Masses: 0.511E-03 0.511E-03 0.000E+00 0.000E+00 0.000E+00
   1   1   2   3   4   5
 Got moffset           7
Using random seed offsets     1 :      1
  with seed                   30
 Ranmar initialization seeds        8292        1423
  Particle       3       4       5
      Et >     0.0     0.0     0.0
       E >     0.0     0.0     0.0
     Eta <    -1.0    -1.0    -1.0
   xqcut:      0.0     0.0     0.0
d R # 3  >    -0.0     0.0     0.0
d R # 4  >    -0.0    -0.0     0.0
s min # 3>     0.0     0.0     0.0
s min # 4>     0.0     0.0     0.0
xqcutij # 3>     0.0     0.0     0.0
xqcutij # 4>     0.0     0.0     0.0
 alpha_s for scale    91.188000000000002       is   0.11800000071525575     
 Added good helicity            1  8.53664181871638915E-003  in event            1
 Added good helicity            2  7.54838192481436642E-003  in event            1
 Added good helicity            3  2.80099671707671272E-004  in event            1
 Added good helicity            4  1.32612551277157113E-004  in event            1
 Added good helicity            5  1.38345870369996674E-004  in event            1
 Added good helicity            6  1.19407604333977423E-004  in event            1
 Added good helicity           10  5.85918608704940873E-005  in event            1
 Added good helicity           11   7.2532954362842537       in event            1
 Added good helicity           12   8.6418360886665830       in event            1
 Added good helicity           13  4.47871889898867198E-002  in event            1
 Added good helicity           14  4.32671359200662020E-002  in event            1
 Added good helicity           19  4.32671359200662020E-002  in event            1
 Added good helicity           20  4.47871889898867198E-002  in event            1
 Added good helicity           21   8.6418360886665795       in event            1
 Added good helicity           22   7.2532954362842537       in event            1
 Added good helicity           23  5.85918608704938840E-005  in event            1
 Added good helicity           27  1.19407604333977423E-004  in event            1
 Added good helicity           28  1.38345870369996674E-004  in event            1
 Added good helicity           29  1.32612551277157113E-004  in event            1
 Added good helicity           30  2.80099671707671272E-004  in event            1
 Added good helicity           31  7.54838192481436642E-003  in event            1
 Added good helicity           32  8.53664181871638568E-003  in event            1
 Added good helicity            7  4.72783811797798590E-006  in event            2
 Added good helicity           15   7.8504892874148382       in event            2
 Added good helicity           18   7.8504892874148382       in event            2
 Added good helicity           26  4.72783811797798590E-006  in event            2
 Iteration  1   Mean: 0.1016E+09 Abs mean: 0.1016E+09   Fluctuation:  0.510E+07   0.257E+10    99.8%
  1    0.1016E+09 0.1016E+09 +- 0.5104E+07      1.59
 Writing out events   11307.204415709233        1.5892666450268100     
 Relative summed weights:
  0.2135E+00  0.0000E+00
  0.1597E+00  0.0000E+00
  0.1494E+00  0.0000E+00
  0.1081E+00  0.0000E+00
  0.1538E+00  0.0000E+00
  0.2155E+00  0.0000E+00
 Relative number of events:
  0.1870E+00  0.0000E+00
  0.1580E+00  0.0000E+00
  0.1600E+00  0.0000E+00
  0.1520E+00  0.0000E+00
  0.1540E+00  0.0000E+00
  0.1890E+00  0.0000E+00
 Events:
         187           0
         158           0
         160           0
         152           0
         154           0
         189           0
 Iteration  2   Mean: 0.1271E+09 Abs mean: 0.1271E+09   Fluctuation:  0.113E+08   0.147E+11    99.7%
  2    0.1271E+09 0.1271E+09 +- 0.1135E+08      3.99
 Relative summed weights:
  0.1812E+00  0.0000E+00
  0.1790E+00  0.0000E+00
  0.1723E+00  0.0000E+00
  0.1084E+00  0.0000E+00
  0.2000E+00  0.0000E+00
  0.1590E+00  0.0000E+00
 Relative number of events:
  0.1675E+00  0.0000E+00
  0.1690E+00  0.0000E+00
  0.1815E+00  0.0000E+00
  0.1495E+00  0.0000E+00
  0.1635E+00  0.0000E+00
  0.1690E+00  0.0000E+00
 Events:
         335           0
         338           0
         363           0
         299           0
         327           0
         338           0
 Iteration  3   Mean: 0.1275E+09 Abs mean: 0.1275E+09   Fluctuation:  0.116E+08   0.399E+11    99.4%
  3    0.1275E+09 0.1275E+09 +- 0.1157E+08      5.74
 Relative summed weights:
  0.2386E+00  0.0000E+00
  0.1280E+00  0.0000E+00
  0.1609E+00  0.0000E+00
  0.1364E+00  0.0000E+00
  0.1584E+00  0.0000E+00
  0.1777E+00  0.0000E+00
 Relative number of events:
  0.1638E+00  0.0000E+00
  0.1688E+00  0.0000E+00
  0.1760E+00  0.0000E+00
  0.1633E+00  0.0000E+00
  0.1625E+00  0.0000E+00
  0.1658E+00  0.0000E+00
 Events:
         655           0
         675           0
         704           0
         653           0
         650           0
         663           0
 Found          326  events.
 Wrote           15  events.
 Actual xsec    111451470.87045929     
 Correct abs xsec    111451470.87045929     
 Event xsec    111451470.87045929     
 Events wgts > 1:            1
 % Cross section > 1:   0.62590223364531994       5.61591721272848672E-007
 Checking number of events   4669.9280809431148               15  chi2:    3.7932159089988366     
 Found          326  events.
 Wrote           16  events.
 Actual xsec    111451470.87045929     
 Correct abs xsec    111451470.87045929     
 Event xsec    111451470.87045927     
 Events wgts > 1:            1
 % Cross section > 1:   0.58678334392607212       5.26492238588841916E-007
 Iteration  4   Mean: 0.1057E+09 Abs mean: 0.1057E+09   Fluctuation:  0.421E+07   0.216E+11    99.5%
  4    0.1057E+09 0.1057E+09 +- 0.4211E+07      3.56
 Relative summed weights:
  0.2184E+00  0.0000E+00
  0.1519E+00  0.0000E+00
  0.1451E+00  0.0000E+00
  0.1781E+00  0.0000E+00
  0.1493E+00  0.0000E+00
  0.1572E+00  0.0000E+00
 Relative number of events:
  0.1660E+00  0.0000E+00
  0.1655E+00  0.0000E+00
  0.1634E+00  0.0000E+00
  0.1721E+00  0.0000E+00
  0.1663E+00  0.0000E+00
  0.1668E+00  0.0000E+00
 Events:
        1328           0
        1324           0
        1307           0
        1377           0
        1330           0
        1334           0
 Found          609  events.
 Wrote           34  events.
 Actual xsec    111754717.46191067     
 Correct abs xsec    111754717.46191067     
 Event xsec    111754717.46191078     
 Events wgts > 1:            0
 % Cross section > 1:    0.0000000000000000        0.0000000000000000     
 Checking number of events   4682.6344163715185               34  chi2:    2.8929813622770464     
 Found          609  events.
 Wrote           39  events.
 Actual xsec    111754717.46191067     
 Correct abs xsec    111754717.46191067     
 Event xsec    111754717.46191081     
 Events wgts > 1:            0
 % Cross section > 1:    0.0000000000000000        0.0000000000000000     
 Iteration  5   Mean: 0.1157E+09 Abs mean: 0.1157E+09   Fluctuation:  0.474E+07   0.513E+11    99.5%
  5    0.1157E+09 0.1157E+09 +- 0.4742E+07      5.19
 Relative summed weights:
  0.1886E+00  0.0000E+00
  0.1730E+00  0.0000E+00
  0.1445E+00  0.0000E+00
  0.1492E+00  0.0000E+00
  0.1817E+00  0.0000E+00
  0.1630E+00  0.0000E+00
 Relative number of events:
  0.1711E+00  0.0000E+00
  0.1695E+00  0.0000E+00
  0.1666E+00  0.0000E+00
  0.1607E+00  0.0000E+00
  0.1671E+00  0.0000E+00
  0.1651E+00  0.0000E+00
 Events:
        2737           0
        2712           0
        2665           0
        2571           0
        2674           0
        2641           0
 Found         1475  events.
 Wrote           33  events.
 Actual xsec    112043334.68219191     
 Correct abs xsec    112043334.68219191     
 Event xsec    112043334.68219192     
 Events wgts > 1:            0
 % Cross section > 1:    0.0000000000000000        0.0000000000000000     
 Checking number of events   4694.7277665185229               33  chi2:    2.3320764610164839     
 Found         1475  events.
 Wrote           37  events.
 Actual xsec    112043334.68219191     
 Correct abs xsec    112043334.68219191     
 Event xsec    112043334.68219177     
 Events wgts > 1:            0
 % Cross section > 1:    0.0000000000000000        0.0000000000000000     
 Iteration  6   Mean: 0.1211E+09 Abs mean: 0.1211E+09   Fluctuation:  0.507E+07   0.879E+11    99.5%
  6    0.1211E+09 0.1211E+09 +- 0.5071E+07      7.49
 Relative summed weights:
  0.2020E+00  0.0000E+00
  0.1558E+00  0.0000E+00
  0.1634E+00  0.0000E+00
  0.1443E+00  0.0000E+00
  0.1460E+00  0.0000E+00
  0.1885E+00  0.0000E+00
 Relative number of events:
  0.1667E+00  0.0000E+00
  0.1709E+00  0.0000E+00
  0.1663E+00  0.0000E+00
  0.1649E+00  0.0000E+00
  0.1618E+00  0.0000E+00
  0.1694E+00  0.0000E+00
 Events:
        5333           0
        5469           0
        5323           0
        5278           0
        5176           0
        5421           0
 Found         2687  events.
 Wrote           54  events.
 Actual xsec    113883245.09999552     
 Correct abs xsec    113883245.09999552     
 Event xsec    113883245.09999551     
 Events wgts > 1:            2
 % Cross section > 1:    939879.22889991384       0.82530070869920347     
 Checking number of events   4771.8218529349124               54  chi2:    2.9970928093823095     
 Found         2687  events.
 Wrote           57  events.
 Actual xsec    113883245.09999552     
 Correct abs xsec    113883245.09999552     
 Event xsec    113883245.09999546     
 Events wgts > 1:            2
 % Cross section > 1:    890798.83627933427       0.78220359412586649     
 Iteration  7   Mean: 0.1228E+09 Abs mean: 0.1228E+09   Fluctuation:  0.605E+07   0.263E+12    99.5%
  7    0.1228E+09 0.1228E+09 +- 0.6052E+07     12.47
 Relative summed weights:
  0.1621E+00  0.0000E+00
  0.1577E+00  0.0000E+00
  0.1845E+00  0.0000E+00
  0.1572E+00  0.0000E+00
  0.1556E+00  0.0000E+00
  0.1829E+00  0.0000E+00
 Relative number of events:
  0.1650E+00  0.0000E+00
  0.1664E+00  0.0000E+00
  0.1674E+00  0.0000E+00
  0.1685E+00  0.0000E+00
  0.1663E+00  0.0000E+00
  0.1663E+00  0.0000E+00
 Events:
       10563           0
       10651           0
       10711           0
       10785           0
       10644           0
       10646           0
 Found         5147  events.
 Wrote           27  events.
 Actual xsec    119500578.06206682     
 Correct abs xsec    119500578.06206682     
 Event xsec    119500578.06206681     
 Events wgts > 1:            1
 % Cross section > 1:    383007.72413304821       0.32050700535868515     
 Checking number of events   5007.1937213786614               27  chi2:   0.53027124853551777     
 Found         5147  events.
 Wrote           33  events.
 Actual xsec    119500578.06206682     
 Correct abs xsec    119500578.06206682     
 Event xsec    119500578.06206669     
 Events wgts > 1:            1
 % Cross section > 1:    313552.67579820706       0.26238590715046822     
 Iteration  8   Mean: 0.1197E+09 Abs mean: 0.1197E+09   Fluctuation:  0.232E+07   0.181E+12    99.5%
  8    0.1197E+09 0.1197E+09 +- 0.2318E+07      6.93
 Relative summed weights:
  0.1665E+00  0.0000E+00
  0.1575E+00  0.0000E+00
  0.1706E+00  0.0000E+00
  0.1707E+00  0.0000E+00
  0.1584E+00  0.0000E+00
  0.1762E+00  0.0000E+00
 Relative number of events:
  0.1678E+00  0.0000E+00
  0.1660E+00  0.0000E+00
  0.1682E+00  0.0000E+00
  0.1663E+00  0.0000E+00
  0.1656E+00  0.0000E+00
  0.1660E+00  0.0000E+00
 Events:
       21479           0
       21252           0
       21529           0
       21288           0
       21199           0
       21253           0
 Found        10350  events.
 Wrote          148  events.
 Actual xsec    120299591.67351925     
 Correct abs xsec    120299591.67351925     
 Event xsec    120299591.67351919     
 Events wgts > 1:            1
 % Cross section > 1:    619507.84391367238       0.51497086174236850     
 Checking number of events   5040.6731907121302              148  chi2:   0.12914566314739576     
 Found        10350  events.
 Wrote          141  events.
 Actual xsec    120299591.67351925     
 Correct abs xsec    120299591.67351925     
 Event xsec    120299591.67351921     
 Events wgts > 1:            1
 % Cross section > 1:    650097.34904808213       0.54039863311621195     
 Iteration  9   Mean: 0.1188E+09 Abs mean: 0.1188E+09   Fluctuation:  0.134E+07   0.849E+11    99.5%
  9    0.1188E+09 0.1188E+09 +- 0.1344E+07      5.73
 Relative summed weights:
  0.1667E+00  0.0000E+00
  0.1647E+00  0.0000E+00
  0.1689E+00  0.0000E+00
  0.1669E+00  0.0000E+00
  0.1637E+00  0.0000E+00
  0.1691E+00  0.0000E+00
 Relative number of events:
  0.1663E+00  0.0000E+00
  0.1668E+00  0.0000E+00
  0.1669E+00  0.0000E+00
  0.1667E+00  0.0000E+00
  0.1671E+00  0.0000E+00
  0.1663E+00  0.0000E+00
 Events:
       42565           0
       42708           0
       42723           0
       42668           0
       42769           0
       42567           0
 Found        20981  events.
 Wrote          744  events.
 Actual xsec    119159024.25078042     
 Correct abs xsec    119159024.25078042     
 Event xsec    119159024.25078136     
 Events wgts > 1:           18
 % Cross section > 1:    1097442.7848029635       0.92099007331017757     
 Checking number of events   4992.8822751319503              744  chi2:   0.25583631713184574     
 Found        20981  events.
 Wrote          735  events.
 Actual xsec    119159024.25078042     
 Correct abs xsec    119159024.25078042     
 Event xsec    119159024.25078265     
 Events wgts > 1:           18
 % Cross section > 1:    1110755.5950401130       0.93216237882446185     

 -------------------------------------------------------------------------------
 Accumulated results:   Integral =  0.1181E+09
                        Std dev  =  0.1023E+07
                       Cross sec =  0.1181E+09
             Chi**2 per DoF.     =      2.2891
 -------------------------------------------------------------------------------
-------------------------------------------------
---------------------------
 Results Last   3 iters: Integral =   0.1192E+09
                     Abs integral =   0.1192E+09
                          Std dev =   0.1142E+07
                  Chi**2 per DoF. =      0.2558
-------------------------------------------------
---------------------------
 Status -4.19009999999999974E-005          10           9
 Trying w/ fresh grid
 Starting w/ ncall =         4000
 Keeping grid fixed.
  5 dimensions   4000 events  5 invarients  8 iterations  1 config(s),  (0.99)
 Using h-tuple random number sequence.
 Error opening grid
 Using Uniform Grid!
 Using uniform alpha   1.0000000000000000     
 Grid defined OK
 Warning: No cutoff for shat integral found
          Minimum set to    204.08163265306121     
Setting grid   1    0.20408E+03   1
 Warning: No cutoff for shat integral found
          Minimum set to    204.08163265306121     
Setting grid   2    0.20408E+03   1
Warning xbin not returning correct x   2  0.999985E+00  0.995796E+00  0.2837E+03
Warning xbin not returning correct x   2  0.999974E+00  0.992644E+00  0.2837E+03
Warning xbin not returning correct x   2  0.999964E+00  0.989659E+00  0.2837E+03
Warning xbin not returning correct x   2  0.999985E+00  0.995753E+00  0.2837E+03
Warning xbin not returning correct x   2  0.999971E+00  0.991868E+00  0.2837E+03
Warning xbin still not working well. Last message this iteration.
 Iteration  1   Mean: 0.1782E+08 Abs mean: 0.1782E+08   Fluctuation:  0.353E+07   0.115E+11    99.2%
  1    0.1782E+08 0.1782E+08 +- 0.3535E+07     12.54
 Relative summed weights:
  0.1461E+00  0.0000E+00
  0.2198E+00  0.0000E+00
  0.1583E+00  0.0000E+00
  0.1340E+00  0.0000E+00
  0.1337E+00  0.0000E+00
  0.2080E+00  0.0000E+00
 Relative number of events:
  0.1573E+00  0.0000E+00
  0.1698E+00  0.0000E+00
  0.1668E+00  0.0000E+00
  0.1663E+00  0.0000E+00
  0.1660E+00  0.0000E+00
  0.1740E+00  0.0000E+00
 Events:
         629           0
         679           0
         667           0
         665           0
         664           0
         696           0
Warning xbin not returning correct x   1  0.989475E+00  0.999846E+00  0.1488E-01
Warning xbin not returning correct x   1  0.990986E+00  0.999868E+00  0.1488E-01
Warning xbin not returning correct x   1  0.985500E+00  0.999787E+00  0.1488E-01
Warning xbin not returning correct x   1  0.987320E+00  0.999814E+00  0.1488E-01
Warning xbin not returning correct x   1  0.992025E+00  0.999883E+00  0.1488E-01
Warning xbin still not working well. Last message this iteration.
 Iteration  2   Mean: 0.2575E+07 Abs mean: 0.2575E+07   Fluctuation:  0.153E+06   0.601E+09    93.4%
  2    0.2575E+07 0.2575E+07 +- 0.1533E+06      5.32
 Relative summed weights:
  0.2330E+00  0.0000E+00
  0.1702E+00  0.0000E+00
  0.1701E+00  0.0000E+00
  0.1214E+00  0.0000E+00
  0.1555E+00  0.0000E+00
  0.1498E+00  0.0000E+00
 Relative number of events:
  0.1644E+00  0.0000E+00
  0.1693E+00  0.0000E+00
  0.1694E+00  0.0000E+00
  0.1608E+00  0.0000E+00
  0.1686E+00  0.0000E+00
  0.1676E+00  0.0000E+00
 Events:
        1315           0
        1354           0
        1355           0
        1286           0
        1349           0
        1341           0
 Iteration  3   Mean: 0.1824E+09 Abs mean: 0.1824E+09   Fluctuation:  0.142E+09   0.226E+13   100.0%
  3    0.1824E+09 0.1824E+09 +- 0.1421E+09     98.54
 Relative summed weights:
  0.8185E+00  0.0000E+00
  0.2630E-01  0.0000E+00
  0.9476E-01  0.0000E+00
  0.1548E-01  0.0000E+00
  0.1797E-01  0.0000E+00
  0.2702E-01  0.0000E+00
 Relative number of events:
  0.1698E+00  0.0000E+00
  0.1651E+00  0.0000E+00
  0.1627E+00  0.0000E+00
  0.1688E+00  0.0000E+00
  0.1649E+00  0.0000E+00
  0.1688E+00  0.0000E+00
 Events:
        2717           0
        2641           0
        2603           0
        2700           0
        2638           0
        2701           0
 Found         2035  events.
 Wrote            1  events.
 Actual xsec    4786008.5163971623     
 Correct abs xsec    4786008.5163971623     
 Event xsec    4786008.5163971623     
 Events wgts > 1:            0
 % Cross section > 1:    0.0000000000000000        0.0000000000000000     
 Checking number of events   200.53854284555749                1  chi2:    111.66390163740157     
 Found         2035  events.
 Wrote            1  events.
 Actual xsec    4786008.5163971623     
 Correct abs xsec    4786008.5163971623     
 Event xsec    4786008.5163971623     
 Events wgts > 1:            0
 % Cross section > 1:    0.0000000000000000        0.0000000000000000     
 Iteration  4   Mean: 0.7874E+08 Abs mean: 0.7874E+08   Fluctuation:  0.223E+08   0.529E+12    99.7%
  4    0.7874E+08 0.7874E+08 +- 0.2234E+08     50.74
 Relative summed weights:
  0.8800E-01  0.0000E+00
  0.1065E+00  0.0000E+00
  0.2713E+00  0.0000E+00
  0.1403E+00  0.0000E+00
  0.2713E+00  0.0000E+00
  0.1227E+00  0.0000E+00
 Relative number of events:
  0.1691E+00  0.0000E+00
  0.1648E+00  0.0000E+00
  0.1683E+00  0.0000E+00
  0.1647E+00  0.0000E+00
  0.1629E+00  0.0000E+00
  0.1703E+00  0.0000E+00
 Events:
        5410           0
        5273           0
        5385           0
        5271           0
        5213           0
        5448           0
 Found          399  events.
 Wrote            4  events.
 Actual xsec    6769847.6867391542     
 Correct abs xsec    6769847.6867391542     
 Event xsec    6769847.6867391560     
 Events wgts > 1:            1
 % Cross section > 1:   2.75599537417292595E-004  4.07098579126292145E-009
 Checking number of events   283.66338792205727                4  chi2:    380.55528624131199     
 Found          399  events.
 Wrote            4  events.
 Actual xsec    6769847.6867391542     
 Correct abs xsec    6769847.6867391542     
 Event xsec    6769847.6867391560     
 Events wgts > 1:            1
 % Cross section > 1:   2.75599537417292595E-004  4.07098579126292145E-009
 Iteration  5   Mean: 0.9480E+08 Abs mean: 0.9480E+08   Fluctuation:  0.950E+07   0.310E+12    98.8%
  5    0.9480E+08 0.9480E+08 +- 0.9501E+07     25.35
 Relative summed weights:
  0.2917E+00  0.0000E+00
  0.1821E+00  0.0000E+00
  0.1340E+00  0.0000E+00
  0.1341E+00  0.0000E+00
  0.1356E+00  0.0000E+00
  0.1226E+00  0.0000E+00
 Relative number of events:
  0.1663E+00  0.0000E+00
  0.1653E+00  0.0000E+00
  0.1665E+00  0.0000E+00
  0.1678E+00  0.0000E+00
  0.1674E+00  0.0000E+00
  0.1668E+00  0.0000E+00
 Events:
       10641           0
       10576           0
       10658           0
       10739           0
       10714           0
       10672           0
 Found         3324  events.
 Wrote           24  events.
 Actual xsec    94312440.872585952     
 Correct abs xsec    94312440.872585952     
 Event xsec    94312440.872585908     
 Events wgts > 1:            2
 % Cross section > 1:    602983.31950366171       0.63934653151250664     
 Checking number of events   3951.7855850022238               24  chi2:   0.43642916075545013     
 Found         3324  events.
 Wrote           21  events.
 Actual xsec    94312440.872585952     
 Correct abs xsec    94312440.872585952     
 Event xsec    94312440.872585952     
 Events wgts > 1:            2
 % Cross section > 1:    688494.95534466580       0.73001498951215504     
 Fixing grid
 Iteration  6   Mean: 0.1062E+09 Abs mean: 0.1062E+09   Fluctuation:  0.656E+07   0.502E+12    99.8%
  6    0.1062E+09 0.1062E+09 +- 0.6558E+07     22.08
 Relative summed weights:
  0.1284E+00  0.0000E+00
  0.1814E+00  0.0000E+00
  0.1839E+00  0.0000E+00
  0.1451E+00  0.0000E+00
  0.1583E+00  0.0000E+00
  0.2029E+00  0.0000E+00
 Relative number of events:
  0.1674E+00  0.0000E+00
  0.1657E+00  0.0000E+00
  0.1663E+00  0.0000E+00
  0.1676E+00  0.0000E+00
  0.1671E+00  0.0000E+00
  0.1660E+00  0.0000E+00
 Events:
       21423           0
       21206           0
       21286           0
       21448           0
       21389           0
       21248           0
 Found         7860  events.
 Wrote           28  events.
 Actual xsec    102287880.59229514     
 Correct abs xsec    102287880.59229514     
 Event xsec    102287880.59229521     
 Events wgts > 1:            0
 % Cross section > 1:    0.0000000000000000        0.0000000000000000     
 Checking number of events   4285.9644846977581               28  chi2:    1.0483374592650443     
 Found         7860  events.
 Wrote           31  events.
 Actual xsec    102287880.59229514     
 Correct abs xsec    102287880.59229514     
 Event xsec    102287880.59229521     
 Events wgts > 1:            0
 % Cross section > 1:    0.0000000000000000        0.0000000000000000     
 Iteration  7   Mean: 0.1600E+09 Abs mean: 0.1600E+09   Fluctuation:  0.629E+08   0.161E+14    99.8%
  7    0.1600E+09 0.1600E+09 +- 0.6288E+08    198.86
 Relative summed weights:
  0.1075E+00  0.0000E+00
  0.1025E+00  0.0000E+00
  0.1094E+00  0.0000E+00
  0.9413E-01  0.0000E+00
  0.9662E-01  0.0000E+00
  0.4899E+00  0.0000E+00
 Relative number of events:
  0.1661E+00  0.0000E+00
  0.1673E+00  0.0000E+00
  0.1658E+00  0.0000E+00
  0.1675E+00  0.0000E+00
  0.1650E+00  0.0000E+00
  0.1683E+00  0.0000E+00
 Events:
       42532           0
       42819           0
       42440           0
       42877           0
       42243           0
       43089           0
 Found        13899  events.
 Wrote            1  events.
 Actual xsec    104095609.69456872     
 Correct abs xsec    104095609.69456872     
 Event xsec    104095609.69456872     
 Events wgts > 1:            1
 % Cross section > 1:    11.536115393042564       1.10822304868487366E-005
 Checking number of events   4361.7101418121238                1  chi2:   0.92737911292753039     
 Found        13899  events.
 Wrote            2  events.
 Actual xsec    104095609.69456872     
 Correct abs xsec    104095609.69456872     
 Event xsec    104095609.69456872     
 Events wgts > 1:            1
 % Cross section > 1:    5.7680580168962479       5.54111555119427925E-006
 Iteration  8   Mean: 0.1153E+09 Abs mean: 0.1153E+09   Fluctuation:  0.593E+07   0.155E+13    99.8%
  8    0.1153E+09 0.1153E+09 +- 0.5926E+07     36.78
 Relative summed weights:
  0.1403E+00  0.0000E+00
  0.1873E+00  0.0000E+00
  0.1348E+00  0.0000E+00
  0.1606E+00  0.0000E+00
  0.1619E+00  0.0000E+00
  0.2151E+00  0.0000E+00
 Relative number of events:
  0.1655E+00  0.0000E+00
  0.1657E+00  0.0000E+00
  0.1680E+00  0.0000E+00
  0.1668E+00  0.0000E+00
  0.1664E+00  0.0000E+00
  0.1675E+00  0.0000E+00
 Events:
       84749           0
       84861           0
       86040           0
       85390           0
       85191           0
       85769           0
 Found        19792  events.
 Wrote           41  events.
 Actual xsec    118640122.04165132     
 Correct abs xsec    118640122.04165132     
 Event xsec    118640122.04165126     
 Events wgts > 1:            2
 % Cross section > 1:    488148.06435507769       0.41145276653011403     
 Checking number of events   4695.6281304567356               41  chi2:   0.83166027184495195     
 Found        19792  events.
 Wrote           38  events.
 Actual xsec    118640122.04165132     
 Correct abs xsec    118640122.04165132     
 Event xsec    118640122.04165131     
 Events wgts > 1:            2
 % Cross section > 1:    526515.04095925018       0.44379172230993252     

 -------------------------------------------------------------------------------
 Accumulated results:   Integral =  0.7902E+08
                        Std dev  =  0.2417E+07
                       Cross sec =  0.7902E+08
             Chi**2 per DoF.     =     57.6800
 -------------------------------------------------------------------------------
-------------------------------------------------
---------------------------
 Results Last   3 iters: Integral =   0.1121E+09
                     Abs integral =   0.1121E+09
                         Std dev =   0.4404E+07
                 Chi**2 per DoF. =      0.8317
-------------------------------------------------
---------------------------

ls status:
events.lhe
ftn25
ftn26
input_sg.txt
log.txt
moffset.dat
results.dat
run1_app.log
