 Process in group number            1
 No PDF is used, alpha_s(MZ) from param_card is used
 Value of alpha_s from param_card:   0.11800000071525575     
 The default order of alpha_s running is fixed to            2
 Warning: pt or E min of a gamma should in general be >0
 Warning: pt or E min of a gamma should in general be >0
 *****************************************************
 *               MadGraph/MadEvent                   *
 *        --------------------------------           *
 *          http://madgraph.hep.uiuc.edu             *
 *          http://madgraph.phys.ucl.ac.be           *
 *          http://madgraph.roma2.infn.it            *
 *        --------------------------------           *
 *                                                   *
 *          PARAMETER AND COUPLING VALUES            *
 *                                                   *
 *****************************************************

  External Params
  ---------------------------------
  
 mdl_MB =    4.6999998092651367     
 mdl_MT =    173.00000000000000     
 mdl_Me =   5.10999991092830896E-004
 mdl_MM =   0.10565999895334244     
 mdl_MTA =    1.7769999504089355     
 mdl_MZ =    91.188003540039063     
 mdl_MH =    125.00000000000000     
 aEWM1 =    132.50700378417969     
 mdl_Gf =   1.16639000000000003E-005
 aS =   0.11800000071525575     
 mdl_ymb =    4.6999998092651367     
 mdl_ymt =    173.00000000000000     
 mdl_yme =   5.10999991092830896E-004
 mdl_ymm =   0.10565999895334244     
 mdl_ymtau =    1.7769999504089355     
 mdl_WT =    1.4915000200271606     
 mdl_WTau =   2.26999999999999982E-012
 mdl_WZ =    2.4414041042327881     
 mdl_WW =    2.0476000308990479     
 mdl_WH =   6.38233916833996773E-003
  Internal Params
  ---------------------------------
  
 mdl_conjg__CKM3x3 =    1.0000000000000000     
 mdl_CKM3x3 =    1.0000000000000000     
 mdl_conjg__CKM1x1 =    1.0000000000000000     
 mdl_complexi =  (  0.0000000000000000     ,  1.0000000000000000     )
 mdl_MZ__exp__2 =    8315.2519896181766     
 mdl_MZ__exp__4 =    69143415.650849044     
 mdl_sqrt__2 =    1.4142135623730951     
 mdl_MH__exp__2 =    15625.000000000000     
 mdl_aEW =   7.54677089845565054E-003
 mdl_MW =    80.419007276179556     
 mdl_sqrt__aEW =   8.68721526063194194E-002
 mdl_ee =   0.30795376284704501     
 mdl_MW__exp__2 =    6467.2167312862202     
 mdl_sw2 =   0.22224645274001076     
 mdl_cw =   0.88190336616887299     
 mdl_sqrt__sw2 =   0.47143022043565552     
 mdl_sw =   0.47143022043565552     
 mdl_g1 =   0.34919218438279087     
 mdl_gw =   0.65323296958447097     
 mdl_vev =    246.21845810181631     
 mdl_vev__exp__2 =    60623.529110035874     
 mdl_lam =   0.12886910601690271     
 mdl_yb =   2.69955531549349904E-002
 mdl_ye =   2.93504850670934038E-006
 mdl_ym =   6.06883028478528356E-004
 mdl_yt =   0.99366614581500645     
 mdl_ytau =   1.02066167158167895E-002
 mdl_muH =    88.388347648318444     
 mdl_I1x33 =  ( 2.69955531549349904E-002,  0.0000000000000000     )
 mdl_I2x33 =  ( 0.99366614581500645     ,  0.0000000000000000     )
 mdl_I3x33 =  ( 0.99366614581500645     ,  0.0000000000000000     )
 mdl_I4x33 =  ( 2.69955531549349904E-002,  0.0000000000000000     )
 mdl_ee__exp__2 =   9.48355200516540348E-002
 mdl_sw__exp__2 =   0.22224645274001076     
 mdl_cw__exp__2 =   0.77775354725998924     
  Internal Params evaluated point by point
  ----------------------------------------
  
 mdl_sqrt__aS =   0.34351128178744839     
 mdl_G__exp__2 =    1.4828317414825511     
  Couplings of sm-lepton_masses
  ---------------------------------
  
         GC_3 =  -0.00000E+00  -0.30795E+00

 Collider parameters:
 --------------------

 Running at e e   machine @   7.00000000000000067E-002  GeV
 PDF set = none   
 alpha_s(Mz)= 0.1180 running at 2 loops.
 alpha_s(Mz)= 0.1180 running at 2 loops.
 Renormalization scale fixed @    91.188000000000002     
 Factorization scales  fixed @    91.188000000000002        91.188000000000002     


 getting user params
Enter number of events and max and min iterations: 
 Number of events and iterations         2000           9           3
Enter desired fractional accuracy: 
 Desired fractional accuracy:  -1.69639999999999989E-005
Enter 0 for fixed, 2 for adjustable grid: 
Suppress amplitude (0 no, 1 yes)? 
 Using suppressed amplitude.
Exact helicity sum (0 yes, n = number/event)? 
 Explicitly summing over helicities
Enter Configuration Number: 
Running Configuration Number:    1
 Not subdividing B.W.
 Attempting mappinvarients           1           4
 Completed mapping           4
 about to integrate            2        2000           9           3           2           1
 Using non-zero grid deformation.
  2 dimensions   2000 events  2 invarients  9 iterations  1 config(s),  (0.99)
 Using h-tuple random number sequence.
 Error opening grid
 Using Uniform Grid!
 Using uniform alpha   1.0000000000000000     
 Grid defined OK
 Set CM energy to          0.07
 Mapping Graph           1  to config           1
 Warning: No cutoff for shat integral found
          Minimum set to    204.08163265306121     
Setting grid   1    0.20408E+03   1
 Masses: 0.511E-03 0.511E-03 0.000E+00 0.000E+00
   1   1   2
 Got moffset           2
Using random seed offsets     1 :      1
  with seed                  267
 Ranmar initialization seeds       26466       15965
  Particle       3       4
      Et >     0.0     0.0
       E >     0.0     0.0
     Eta <    -1.0    -1.0
   xqcut:      0.0     0.0
d R # 3  >    -0.0     0.0
s min # 3>     0.0     0.0
xqcutij # 3>     0.0     0.0
 alpha_s for scale    91.188000000000002       is   0.11800000071525575     
 Added good helicity            1  2.78041164172600948E-002  in event            1
 Added good helicity            2  2.76879992012594943E-005  in event            1
 Added good helicity            3  2.76879992012594943E-005  in event            1
 Added good helicity            6  2.11695755255070618E-003  in event            1
 Added good helicity            7   7.9700235499528107       in event            1
 Added good helicity           10   7.9700235499528107       in event            1
 Added good helicity           11  2.11695755255070618E-003  in event            1
 Added good helicity           14  2.76879992012594943E-005  in event            1
 Added good helicity           15  2.76879992012594943E-005  in event            1
 Added good helicity           16  2.78041164172600948E-002  in event            1
 Iteration  1   Mean: 0.2312E+09 Abs mean: 0.2312E+09   Fluctuation:  0.371E+08   0.438E+11   100.0%
  1    0.2312E+09 0.2312E+09 +- 0.3708E+08      7.17
 Writing out events   12844.613351721646        7.1718176226851407     
 Relative summed weights:
  0.5398E+00  0.0000E+00
  0.4602E+00  0.0000E+00
 Relative number of events:
  0.5160E+00  0.0000E+00
  0.4840E+00  0.0000E+00
 Events:
        1032           0
         968           0
 Iteration  2   Mean: 0.9940E+08 Abs mean: 0.9940E+08   Fluctuation:  0.447E+07   0.330E+10   100.0%
  2    0.9940E+08 0.9940E+08 +- 0.4474E+07      2.85
 Relative summed weights:
  0.5307E+00  0.0000E+00
  0.4693E+00  0.0000E+00
 Relative number of events:
  0.5085E+00  0.0000E+00
  0.4915E+00  0.0000E+00
 Events:
        2034           0
        1966           0
 Iteration  3   Mean: 0.4318E+09 Abs mean: 0.4318E+09   Fluctuation:  0.150E+09   0.940E+12   100.0%
  3    0.4318E+09 0.4318E+09 +- 0.1495E+09     30.98
 Relative summed weights:
  0.5133E+00  0.0000E+00
  0.4867E+00  0.0000E+00
 Relative number of events:
  0.5016E+00  0.0000E+00
  0.4984E+00  0.0000E+00
 Events:
        4013           0
        3987           0
 Found          749  events.
 Wrote            4  events.
 Actual xsec    113998859.09241697     
 Correct abs xsec    113998859.09241697     
 Event xsec    113998859.09241696     
 Events wgts > 1:            1
 % Cross section > 1:   0.77184488624334335       6.77063693784533091E-007
 Checking number of events   1933.8766456437613                4  chi2:    12.577636000561418     
 Found          749  events.
 Wrote            1  events.
 Actual xsec    113998859.09241697     
 Correct abs xsec    113998859.09241697     
 Event xsec    113998859.09241697     
 Events wgts > 1:            1
 % Cross section > 1:    3.0873794704675674       2.70825470978150807E-006
 Iteration  4   Mean: 0.2662E+09 Abs mean: 0.2662E+09   Fluctuation:  0.194E+08   0.135E+12   100.0%
  4    0.2662E+09 0.2662E+09 +- 0.1939E+08      9.22
 Relative summed weights:
  0.5926E+00  0.0000E+00
  0.4074E+00  0.0000E+00
 Relative number of events:
  0.4941E+00  0.0000E+00
  0.5059E+00  0.0000E+00
 Events:
        7906           0
        8094           0
 Found          644  events.
 Wrote           45  events.
 Actual xsec    148917093.06923166     
 Correct abs xsec    148917093.06923166     
 Event xsec    148917093.06923160     
 Events wgts > 1:            3
 % Cross section > 1:    1151430.5824572146       0.77320243010781453     
 Checking number of events   2526.2295668264455               45  chi2:    81.312184595834310     
 Found          644  events.
 Wrote           37  events.
 Actual xsec    148917093.06923166     
 Correct abs xsec    148917093.06923166     
 Event xsec    148917093.06923184     
 Events wgts > 1:            3
 % Cross section > 1:    1398051.2993947584       0.93881183857436812     
 Iteration  5   Mean: 0.2922E+09 Abs mean: 0.2922E+09   Fluctuation:  0.125E+08   0.963E+11   100.0%
  5    0.2922E+09 0.2922E+09 +- 0.1248E+08      7.64
 Relative summed weights:
  0.4875E+00  0.0000E+00
  0.5125E+00  0.0000E+00
 Relative number of events:
  0.4975E+00  0.0000E+00
  0.5025E+00  0.0000E+00
 Events:
       15919           0
       16081           0
 Found         2340  events.
 Wrote          130  events.
 Actual xsec    287158342.65616298     
 Correct abs xsec    287158342.65616298     
 Event xsec    287158342.65616363     
 Events wgts > 1:            8
 % Cross section > 1:    2244696.6213406152       0.78169298533261145     
 Checking number of events   4871.3541248191486              130  chi2:    1.1350197066013674     
 Found         2340  events.
 Wrote          108  events.
 Actual xsec    287158342.65616298     
 Correct abs xsec    287158342.65616298     
 Event xsec    287158342.65616339     
 Events wgts > 1:            8
 % Cross section > 1:    2697654.0609065001       0.93943085057313047     
 Iteration  6   Mean: 0.2808E+09 Abs mean: 0.2808E+09   Fluctuation:  0.222E+07   0.841E+10   100.0%
  6    0.2808E+09 0.2808E+09 +- 0.2221E+07      2.00
 Relative summed weights:
  0.5029E+00  0.0000E+00
  0.4971E+00  0.0000E+00
 Relative number of events:
  0.5018E+00  0.0000E+00
  0.4982E+00  0.0000E+00
 Events:
       32118           0
       31882           0
 Found         5566  events.
 Wrote         2976  events.
 Actual xsec    281004620.38453966     
 Correct abs xsec    281004620.38453966     
 Event xsec    281004620.38453412     
 Events wgts > 1:          197
 % Cross section > 1:    2772766.3386420417       0.98673336219444185     
 Checking number of events   4766.9623802033302             2976  chi2:   0.69848396714349292     
 Found         5566  events.
 Wrote         2941  events.
 Actual xsec    281004620.38453966     
 Correct abs xsec    281004620.38453966     
 Event xsec    281004620.38452154     
 Events wgts > 1:          197
 % Cross section > 1:    2805434.8004621491       0.99835895816347919     
 Iteration  7   Mean: 0.2800E+09 Abs mean: 0.2800E+09   Fluctuation:  0.815E+06   0.259E+10   100.0%
  7    0.2800E+09 0.2800E+09 +- 0.8155E+06      1.04
 Relative summed weights:
  0.4959E+00  0.0000E+00
  0.5041E+00  0.0000E+00
 Relative number of events:
  0.4993E+00  0.0000E+00
  0.5007E+00  0.0000E+00
 Events:
       63908           0
       64092           0
 Found        12900  events.
 Wrote        12896  events.
 Actual xsec    280148630.10163105     
 Correct abs xsec    280148630.10163105     
 Event xsec    280148630.10167164     
 Events wgts > 1:            0
 % Cross section > 1:    0.0000000000000000        0.0000000000000000     
 Checking number of events   4752.4413610440688            12896  chi2:   0.52268238273672518     

 -------------------------------------------------------------------------------
 Accumulated results:   Integral =  0.2795E+09
                        Std dev  =  0.7601E+06
                       Cross sec =  0.3515E+02
             Chi**2 per DoF.     =
-------------------------------------------------
---------------------------
 Results Last   3 iters: Integral =   0.2801E+09
                     Abs integral =   0.2801E+09
                          Std dev =   0.7641E+06
                  Chi**2 per DoF. =      0.5227
-------------------------------------------------
---------------------------
 Status -1.69639999999999989E-005           8           9
 We found enough events       12896   4752.4413610440688     

ls status:
events.lhe
ftn25
ftn26
input_sg.txt
moffset.dat
results.dat
run_01_ftn26.gz
run_01_log.txt
run_01_results.dat
run_03_ftn26.gz
run_03_log.txt
run_03_results.dat
run_04_ftn26.gz
run_04_log.txt
run_04_results.dat
run_05_ftn26.gz
run_05_log.txt
run_05_results.dat
run_06_ftn26.gz
run_06_log.txt
run_06_results.dat
run_07_ftn26.gz
run_07_log.txt
run_07_results.dat
run_08_ftn26.gz
run_08_log.txt
run_08_results.dat
run_09_ftn26.gz
run_09_log.txt
run_09_results.dat
run_10_ftn26.gz
run_10_log.txt
run_10_results.dat
run_11_ftn26.gz
run_11_log.txt
run_11_results.dat
run_12_ftn26.gz
run_12_log.txt
run_12_results.dat
run_13_ftn26.gz
run_13_log.txt
run_13_results.dat
run_14_ftn26.gz
run_14_log.txt
run_14_results.dat
run_15_ftn26.gz
run_15_log.txt
run_15_results.dat
run_19_ftn26.gz
run_19_log.txt
run_19_results.dat
run1_app.log
run_20_ftn26.gz
run_20_log.txt
run_20_results.dat
run_21_ftn26.gz
run_21_log.txt
run_21_results.dat
run_22_ftn26.gz
run_22_log.txt
run_22_results.dat
run_23_ftn26.gz
run_23_log.txt
run_23_results.dat
run_24_ftn26.gz
run_24_log.txt
run_24_results.dat
run_25_ftn26.gz
run_25_log.txt
run_25_results.dat
