 Process in group number            0
 No PDF is used, alpha_s(MZ) from param_card is used
 Value of alpha_s from param_card:   0.11800000071525575     
 The default order of alpha_s running is fixed to            2
 *****************************************************
 *               MadGraph/MadEvent                   *
 *        --------------------------------           *
 *          http://madgraph.hep.uiuc.edu             *
 *          http://madgraph.phys.ucl.ac.be           *
 *          http://madgraph.roma2.infn.it            *
 *        --------------------------------           *
 *                                                   *
 *          PARAMETER AND COUPLING VALUES            *
 *                                                   *
 *****************************************************

  External Params
  ---------------------------------
  
 aEWM1 =    132.50700378417969     
 mdl_Gf =   1.16639000000000003E-005
 aS =   0.11800000071525575     
 mdl_ymb =    4.6999998092651367     
 mdl_ymt =    173.00000000000000     
 mdl_yme =   5.10999991092830896E-004
 mdl_ymm =   0.10565999895334244     
 mdl_ymtau =    1.7769999504089355     
 mdl_MZ =    91.188003540039063     
 mdl_MT =    173.00000000000000     
 mdl_MB =    4.6999998092651367     
 mdl_MH =    125.00000000000000     
 mdl_Me =   5.10999991092830896E-004
 mdl_MM =   0.10565999895334244     
 mdl_MTA =    1.7769999504089355     
 mdl_WZ =    2.4414041042327881     
 mdl_WW =    2.0476000308990479     
 mdl_WT =    1.4915000200271606     
 mdl_WH =   6.38233916833996773E-003
 mdl_WTau =   2.26999999999999982E-012
  Internal Params
  ---------------------------------
  
 mdl_conjg__CKM3x3 =    1.0000000000000000     
 mdl_CKM3x3 =    1.0000000000000000     
 mdl_conjg__CKM1x1 =    1.0000000000000000     
 mdl_complexi =  (  0.0000000000000000     ,  1.0000000000000000     )
 mdl_MZ__exp__2 =    8315.2519896181766     
 mdl_MZ__exp__4 =    69143415.650849044     
 mdl_sqrt__2 =    1.4142135623730951     
 mdl_MH__exp__2 =    15625.000000000000     
 mdl_aEW =   7.54677089845565054E-003
 mdl_MW =    80.419007276179556     
 mdl_sqrt__aEW =   8.68721526063194194E-002
 mdl_ee =   0.30795376284704501     
 mdl_MW__exp__2 =    6467.2167312862202     
 mdl_sw2 =   0.22224645274001076     
 mdl_cw =   0.88190336616887299     
 mdl_sqrt__sw2 =   0.47143022043565552     
 mdl_sw =   0.47143022043565552     
 mdl_g1 =   0.34919218438279087     
 mdl_gw =   0.65323296958447097     
 mdl_vev =    246.21845810181631     
 mdl_vev__exp__2 =    60623.529110035874     
 mdl_lam =   0.12886910601690271     
 mdl_yb =   2.69955531549349904E-002
 mdl_ye =   2.93504850670934038E-006
 mdl_ym =   6.06883028478528356E-004
 mdl_yt =   0.99366614581500645     
 mdl_ytau =   1.02066167158167895E-002
 mdl_muH =    88.388347648318444     
 mdl_I1x33 =  ( 2.69955531549349904E-002,  0.0000000000000000     )
 mdl_I2x33 =  ( 0.99366614581500645     ,  0.0000000000000000     )
 mdl_I3x33 =  ( 0.99366614581500645     ,  0.0000000000000000     )
 mdl_I4x33 =  ( 2.69955531549349904E-002,  0.0000000000000000     )
 mdl_ee__exp__2 =   9.48355200516540348E-002
 mdl_sw__exp__2 =   0.22224645274001076     
 mdl_cw__exp__2 =   0.77775354725998924     
  Internal Params evaluated point by point
  ----------------------------------------
  
 mdl_sqrt__aS =   0.34351128178744839     
 mdl_G__exp__2 =    1.4828317414825511     
  Couplings of sm-lepton_masses
  ---------------------------------
  
         GC_3 =  -0.00000E+00  -0.30795E+00
        GC_50 =  -0.00000E+00  -0.28804E+00
        GC_59 =   0.00000E+00   0.82310E-01
        GC_89 =  -0.00000E+00  -0.20754E-05

 Collider parameters:
 --------------------

 Running at e e   machine @   7.14879999999999960E-002  GeV
 PDF set = none   
 alpha_s(Mz)= 0.1180 running at 2 loops.
 alpha_s(Mz)= 0.1180 running at 2 loops.
 Renormalization scale fixed @    91.188000000000002     
 Factorization scales  fixed @    91.188000000000002        91.188000000000002     


 getting user params
Enter number of events and max and min iterations: 
 Number of events and iterations         2000           9           3
Enter desired fractional accuracy: 
 Desired fractional accuracy:  -5.74259999999999987E-006
Enter 0 for fixed, 2 for adjustable grid: 
Suppress amplitude (0 no, 1 yes)? 
 Using suppressed amplitude.
Exact helicity sum (0 yes, n = number/event)? 
 Explicitly summing over helicities
Enter Configuration Number: 
Running Configuration Number:    7
 Not subdividing B.W.
 Attempting mappinvarients           1           5
 Completed mapping           5
 about to integrate            5        2000           9           3           5           1
 Using non-zero grid deformation.
  5 dimensions   2000 events  5 invarients  9 iterations  1 config(s),  (0.99)
 Using h-tuple random number sequence.
 Error opening grid
 Using Uniform Grid!
 Using uniform alpha   1.0000000000000000     
 Grid defined OK
 Set CM energy to          0.07
 Mapping Graph           7  to config           7
Setting grid   1    0.17611E-04   1
Setting grid   2    0.51095E-04   1
 Masses: 0.511E-03 0.511E-03 0.000E+00 0.511E-03 0.511E-03
   7   1   2   3   4   5
 Got moffset          10
Using random seed offsets     7 :      1
  with seed                   87
 Ranmar initialization seeds       17619       10953
  Particle       3       4       5
      Et >     0.0     0.0     0.0
       E >     0.0     0.0     0.0
     Eta <    -1.0    -1.0    -1.0
   xqcut:      0.0     0.0     0.0
d R # 3  >    -0.0     0.0     0.0
d R # 4  >    -0.0    -0.0     0.0
s min # 3>     0.0     0.0     0.0
s min # 4>     0.0     0.0     0.0
xqcutij # 3>     0.0     0.0     0.0
xqcutij # 4>     0.0     0.0     0.0
 alpha_s for scale    91.188000000000002       is   0.11800000071525575     
 Added good helicity            1   6.1362362918366928       in event            1
 Added good helicity            2  1.90927440840957160E-005  in event            1
 Added good helicity            3  2.20000405116174962E-004  in event            1
 Added good helicity            5   4.7767228158218584       in event            1
 Added good helicity            6  1.16631849528424344E-005  in event            1
 Added good helicity            7  2.38181948946679951E-005  in event            1
 Added good helicity            9  1.71316767505603550E-005  in event            1
 Added good helicity           10   2.8659520352439518       in event            1
 Added good helicity           11  5.45572352950545077E-003  in event            1
 Added good helicity           12  4.26343722239149218E-004  in event            1
 Added good helicity           13  1.28871297530093695E-005  in event            1
 Added good helicity           14   2.2103103506904564       in event            1
 Added good helicity           15  4.57032275123206953E-003  in event            1
 Added good helicity           16  2.13173383116766766E-005  in event            1
 Added good helicity           17  2.13173403000465945E-005  in event            1
 Added good helicity           18  4.57032274897719529E-003  in event            1
 Added good helicity           19   2.2103105165541161       in event            1
 Added good helicity           20  1.28871310418641516E-005  in event            1
 Added good helicity           21  4.26343728375114326E-004  in event            1
 Added good helicity           22  5.45572353240143717E-003  in event            1
 Added good helicity           23   2.8659522501794537       in event            1
 Added good helicity           24  1.71316784120758406E-005  in event            1
 Added good helicity           26  2.38181929768227282E-005  in event            1
 Added good helicity           27  1.16631862792117145E-005  in event            1
 Added good helicity           28   4.7767228158578643       in event            1
 Added good helicity           30  2.20000386751626013E-004  in event            1
 Added good helicity           31  1.90927459869581119E-005  in event            1
 Added good helicity           32   6.1362362917972559       in event            1
 Added good helicity            4  5.33211757433144035E-006  in event           34
 Added good helicity           29  5.33211753520083313E-006  in event           34
 Iteration  1   Mean: 0.1700E+10 Abs mean: 0.1700E+10   Fluctuation:  0.103E+09   0.636E+11    75.1%
  1    0.1700E+10 0.1700E+10 +- 0.1028E+09      2.70
 Writing out events   125834.18837519271        2.7026538866924579     
 Relative summed weights:
  0.1000E+01  0.0000E+00
 Relative number of events:
  0.1000E+01  0.0000E+00
 Events:
        2000           0
 Iteration  2   Mean: 0.1721E+10 Abs mean: 0.1721E+10   Fluctuation:  0.397E+08   0.302E+11    84.3%
  2    0.1721E+10 0.1721E+10 +- 0.3973E+08      1.46
 Relative summed weights:
  0.1000E+01  0.0000E+00
 Relative number of events:
  0.1000E+01  0.0000E+00
 Events:
        4000           0
 Iteration  3   Mean: 0.1718E+10 Abs mean: 0.1718E+10   Fluctuation:  0.211E+08   0.151E+11    80.8%
  3    0.1718E+10 0.1718E+10 +- 0.2113E+08      1.10
 Relative summed weights:
  0.1000E+01  0.0000E+00
 Relative number of events:
  0.1000E+01  0.0000E+00
 Events:
        8000           0
 Found         1029  events.
 Wrote         1024  events.
 Actual xsec    1717833949.5730534     
 Correct abs xsec    1717833949.5730534     
 Event xsec    1717833949.5730212     
 Events wgts > 1:            2
 % Cross section > 1:    214019.80439352803       1.24587015204073743E-002
 Checking number of events   9864.8332388182152             1024  chi2:   1.76573743457741038E-002
 Found         1029  events.
 Wrote         1024  events.
 Actual xsec    1717833949.5730534     
 Correct abs xsec    1717833949.5730534     
 Event xsec    1717833949.5730212     
 Events wgts > 1:            2
 % Cross section > 1:    214019.80439352803       1.24587015204073743E-002
 Iteration  4   Mean: 0.1739E+10 Abs mean: 0.1739E+10   Fluctuation:  0.133E+08   0.204E+11    79.3%
  4    0.1739E+10 0.1739E+10 +- 0.1327E+08      0.96
 Relative summed weights:
  0.1000E+01  0.0000E+00
 Relative number of events:
  0.1000E+01  0.0000E+00
 Events:
       16000           0
 Found         2038  events.
 Wrote         2034  events.
 Actual xsec    1732383099.1788340     
 Correct abs xsec    1732383099.1788340     
 Event xsec    1732383099.1788955     
 Events wgts > 1:            2
 % Cross section > 1:    462758.21609818086       2.67122333574782780E-002
 Checking number of events   9948.3831853443717             2034  chi2:   0.41956710378130524     
 Found         2038  events.
 Wrote         2034  events.
 Actual xsec    1732383099.1788340     
 Correct abs xsec    1732383099.1788340     
 Event xsec    1732383099.1788955     
 Events wgts > 1:            2
 % Cross section > 1:    462758.21609818086       2.67122333574782780E-002
 Iteration  5   Mean: 0.1721E+10 Abs mean: 0.1721E+10   Fluctuation:  0.872E+07   0.259E+11    76.9%
  5    0.1721E+10 0.1721E+10 +- 0.8721E+07      0.91
 Relative summed weights:
  0.1000E+01  0.0000E+00
 Relative number of events:
  0.1000E+01  0.0000E+00
 Events:
       32000           0
 Found         4107  events.
 Wrote         4103  events.
 Actual xsec    1725663161.2644362     
 Correct abs xsec    1725663161.2644362     
 Event xsec    1725663161.2645245     
 Events wgts > 1:            2
 % Cross section > 1:    442267.50321638316       2.56288430525630634E-002
 Checking number of events   9909.7932698771510             4103  chi2:   0.74166453670447785     
 Found         4107  events.
 Wrote         4103  events.
 Actual xsec    1725663161.2644362     
 Correct abs xsec    1725663161.2644362     
 Event xsec    1725663161.2645245     
 Events wgts > 1:            2
 % Cross section > 1:    442267.50321638316       2.56288430525630634E-002
 Iteration  6   Mean: 0.1732E+10 Abs mean: 0.1732E+10   Fluctuation:  0.609E+07   0.291E+11    75.3%
  6    0.1732E+10 0.1732E+10 +- 0.6087E+07      0.89
 Relative summed weights:
  0.1000E+01  0.0000E+00
 Relative number of events:
  0.1000E+01  0.0000E+00
 Events:
       64000           0
 Found         8545  events.
 Wrote         8542  events.
 Actual xsec    1729852179.9611204     
 Correct abs xsec    1729852179.9611204     
 Event xsec    1729852179.9608524     
 Events wgts > 1:           12
 % Cross section > 1:    1409874.5245927200       8.15026012583703052E-002
 Checking number of events   9933.8491286447297             8542  chi2:   0.83477072953943643     
 Found         8545  events.
 Wrote         8542  events.
 Actual xsec    1729852179.9611204     
 Correct abs xsec    1729852179.9611204     
 Event xsec    1729852179.9608524     
 Events wgts > 1:           12
 % Cross section > 1:    1409874.5245927200       8.15026012583703052E-002
 Iteration  7   Mean: 0.1732E+10 Abs mean: 0.1732E+10   Fluctuation:  0.427E+07   0.312E+11    73.9%
  7    0.1732E+10 0.1732E+10 +- 0.4270E+07      0.88
 Relative summed weights:
  0.1000E+01  0.0000E+00
 Relative number of events:
  0.1000E+01  0.0000E+00
 Events:
      128000           0
 Found        17263  events.
 Wrote        17258  events.
 Actual xsec    1730748723.8230255     
 Correct abs xsec    1730748723.8230255     
 Event xsec    1730748723.8223615     
 Events wgts > 1:           29
 % Cross section > 1:    1239489.2010753145       7.16157801542618294E-002
 Checking number of events   9938.9976214261060            17258  chi2:   0.72133460291534068     

 -------------------------------------------------------------------------------
 Accumulated results:   Integral =  0.1731E+10
                        Std dev  =  0.3106E+07
                       Cross sec =  0.3946E+00
             Chi**2 per DoF.     =
-------------------------------------------------
---------------------------
 Results Last   3 iters: Integral =   0.1731E+10
                     Abs integral =   0.1731E+10
                          Std dev =   0.3245E+07
                  Chi**2 per DoF. =      0.7213
-------------------------------------------------
---------------------------
 Status -5.74259999999999987E-006           8           9
 We found enough events       17258   9938.9976214261060     

ls status:
events.lhe
ftn25
ftn26
input_sg.txt
moffset.dat
results.dat
run_01_ftn26.gz
run_01_log.txt
run_01_results.dat
run_02_ftn26.gz
run_02_log.txt
run_02_results.dat
run1_app.log
