 Process in group number            0
 No PDF is used, alpha_s(MZ) from param_card is used
 Value of alpha_s from param_card:   0.11800000071525575     
 The default order of alpha_s running is fixed to            2
 *****************************************************
 *               MadGraph/MadEvent                   *
 *        --------------------------------           *
 *          http://madgraph.hep.uiuc.edu             *
 *          http://madgraph.phys.ucl.ac.be           *
 *          http://madgraph.roma2.infn.it            *
 *        --------------------------------           *
 *                                                   *
 *          PARAMETER AND COUPLING VALUES            *
 *                                                   *
 *****************************************************

  External Params
  ---------------------------------
  
 aEWM1 =    132.50700378417969     
 mdl_Gf =   1.16639000000000003E-005
 aS =   0.11800000071525575     
 mdl_ymb =    4.6999998092651367     
 mdl_ymt =    173.00000000000000     
 mdl_yme =   5.10999991092830896E-004
 mdl_ymm =   0.10565999895334244     
 mdl_ymtau =    1.7769999504089355     
 mdl_MZ =    91.188003540039063     
 mdl_MT =    173.00000000000000     
 mdl_MB =    4.6999998092651367     
 mdl_MH =    125.00000000000000     
 mdl_Me =   5.10999991092830896E-004
 mdl_MM =   0.10565999895334244     
 mdl_MTA =    1.7769999504089355     
 mdl_WZ =    2.4414041042327881     
 mdl_WW =    2.0476000308990479     
 mdl_WT =    1.4915000200271606     
 mdl_WH =   6.38233916833996773E-003
 mdl_WTau =   2.26999999999999982E-012
  Internal Params
  ---------------------------------
  
 mdl_conjg__CKM3x3 =    1.0000000000000000     
 mdl_CKM3x3 =    1.0000000000000000     
 mdl_conjg__CKM1x1 =    1.0000000000000000     
 mdl_complexi =  (  0.0000000000000000     ,  1.0000000000000000     )
 mdl_MZ__exp__2 =    8315.2519896181766     
 mdl_MZ__exp__4 =    69143415.650849044     
 mdl_sqrt__2 =    1.4142135623730951     
 mdl_MH__exp__2 =    15625.000000000000     
 mdl_aEW =   7.54677089845565054E-003
 mdl_MW =    80.419007276179556     
 mdl_sqrt__aEW =   8.68721526063194194E-002
 mdl_ee =   0.30795376284704501     
 mdl_MW__exp__2 =    6467.2167312862202     
 mdl_sw2 =   0.22224645274001076     
 mdl_cw =   0.88190336616887299     
 mdl_sqrt__sw2 =   0.47143022043565552     
 mdl_sw =   0.47143022043565552     
 mdl_g1 =   0.34919218438279087     
 mdl_gw =   0.65323296958447097     
 mdl_vev =    246.21845810181631     
 mdl_vev__exp__2 =    60623.529110035874     
 mdl_lam =   0.12886910601690271     
 mdl_yb =   2.69955531549349904E-002
 mdl_ye =   2.93504850670934038E-006
 mdl_ym =   6.06883028478528356E-004
 mdl_yt =   0.99366614581500645     
 mdl_ytau =   1.02066167158167895E-002
 mdl_muH =    88.388347648318444     
 mdl_I1x33 =  ( 2.69955531549349904E-002,  0.0000000000000000     )
 mdl_I2x33 =  ( 0.99366614581500645     ,  0.0000000000000000     )
 mdl_I3x33 =  ( 0.99366614581500645     ,  0.0000000000000000     )
 mdl_I4x33 =  ( 2.69955531549349904E-002,  0.0000000000000000     )
 mdl_ee__exp__2 =   9.48355200516540348E-002
 mdl_sw__exp__2 =   0.22224645274001076     
 mdl_cw__exp__2 =   0.77775354725998924     
  Internal Params evaluated point by point
  ----------------------------------------
  
 mdl_sqrt__aS =   0.34351128178744839     
 mdl_G__exp__2 =    1.4828317414825511     
  Couplings of sm-lepton_masses
  ---------------------------------
  
         GC_3 =  -0.00000E+00  -0.30795E+00
        GC_50 =  -0.00000E+00  -0.28804E+00
        GC_59 =   0.00000E+00   0.82310E-01
        GC_89 =  -0.00000E+00  -0.20754E-05

 Collider parameters:
 --------------------

 Running at e e   machine @   7.14879999999999960E-002  GeV
 PDF set = none   
 alpha_s(Mz)= 0.1180 running at 2 loops.
 alpha_s(Mz)= 0.1180 running at 2 loops.
 Renormalization scale fixed @    91.188000000000002     
 Factorization scales  fixed @    91.188000000000002        91.188000000000002     


 getting user params
Enter number of events and max and min iterations: 
 Number of events and iterations         2000           9           3
Enter desired fractional accuracy: 
 Desired fractional accuracy:  -5.74259999999999987E-006
Enter 0 for fixed, 2 for adjustable grid: 
Suppress amplitude (0 no, 1 yes)? 
 Using suppressed amplitude.
Exact helicity sum (0 yes, n = number/event)? 
 Explicitly summing over helicities
Enter Configuration Number: 
Running Configuration Number:   16
 Not subdividing B.W.
 Attempting mappinvarients           1           5
 Completed mapping           5
 about to integrate            5        2000           9           3           5           1
 Using non-zero grid deformation.
  5 dimensions   2000 events  5 invarients  9 iterations  1 config(s),  (0.99)
 Using h-tuple random number sequence.
 Error opening grid
 Using Uniform Grid!
 Using uniform alpha   1.0000000000000000     
 Grid defined OK
 Set CM energy to          0.07
 Mapping Graph          16  to config          16
Setting grid   1    0.51095E-04   1
Setting grid   2    0.51095E-04   1
 Masses: 0.511E-03 0.511E-03 0.000E+00 0.511E-03 0.511E-03
  16   1   2   3   4   5
 Got moffset          17
Using random seed offsets    16 :      1
  with seed                   87
 Ranmar initialization seeds       17628        2971
  Particle       3       4       5
      Et >     0.0     0.0     0.0
       E >     0.0     0.0     0.0
     Eta <    -1.0    -1.0    -1.0
   xqcut:      0.0     0.0     0.0
d R # 3  >    -0.0     0.0     0.0
d R # 4  >    -0.0    -0.0     0.0
s min # 3>     0.0     0.0     0.0
s min # 4>     0.0     0.0     0.0
xqcutij # 3>     0.0     0.0     0.0
xqcutij # 4>     0.0     0.0     0.0
 alpha_s for scale    91.188000000000002       is   0.11800000071525575     
 Added good helicity            1   9.9207995354308114       in event            1
 Added good helicity            2  1.15782207094761530E-004  in event            1
 Added good helicity            3  4.81129132338620411E-002  in event            1
 Added good helicity            5  0.80652631056338298       in event            1
 Added good helicity            6  2.66915737109924254E-005  in event            1
 Added good helicity            7  2.06238892189684768E-006  in event            1
 Added good helicity            9  1.00742257884101150E-004  in event            1
 Added good helicity           10   3.0560682039271372       in event            1
 Added good helicity           12  1.34689470491449401E-002  in event            1
 Added good helicity           13  2.62811414069690321E-004  in event            1
 Added good helicity           14   2.1536665664078134       in event            1
 Added good helicity           15  8.46514607640249783E-004  in event            1
 Added good helicity           16  2.37331946794300961E-006  in event            1
 Added good helicity           17  2.37331946385082743E-006  in event            1
 Added good helicity           18  8.46514612851961812E-004  in event            1
 Added good helicity           19   2.1536665625813800       in event            1
 Added good helicity           20  2.62811412374606035E-004  in event            1
 Added good helicity           21  1.34689470999044599E-002  in event            1
 Added good helicity           23   3.0560681900004121       in event            1
 Added good helicity           24  1.00742257439079730E-004  in event            1
 Added good helicity           26  2.06238879330202256E-006  in event            1
 Added good helicity           27  2.66915737198956328E-005  in event            1
 Added good helicity           28  0.80652631003661801       in event            1
 Added good helicity           30  4.81129132872449919E-002  in event            1
 Added good helicity           31  1.15782206791205779E-004  in event            1
 Added good helicity           32   9.9207995419148247       in event            1
 Added good helicity            4  2.22568659522082732E-006  in event            2
 Added good helicity           11  3.69869130274268973E-002  in event            2
 Added good helicity           22  3.69869130182439790E-002  in event            2
 Added good helicity           29  2.22568608215105630E-006  in event            2
 Iteration  1   Mean: 0.2431E+10 Abs mean: 0.2431E+10   Fluctuation:  0.180E+09   0.118E+12    83.9%
  1    0.2431E+10 0.2431E+10 +- 0.1797E+09      3.31
 Writing out events   160969.65540828090        3.3057820041137860     
 Relative summed weights:
  0.1000E+01  0.0000E+00
 Relative number of events:
  0.1000E+01  0.0000E+00
 Events:
        2000           0
 Iteration  2   Mean: 0.2523E+10 Abs mean: 0.2523E+10   Fluctuation:  0.684E+08   0.385E+11    85.9%
  2    0.2523E+10 0.2523E+10 +- 0.6844E+08      1.72
 Relative summed weights:
  0.1000E+01  0.0000E+00
 Relative number of events:
  0.1000E+01  0.0000E+00
 Events:
        4000           0
 Iteration  3   Mean: 0.2484E+10 Abs mean: 0.2484E+10   Fluctuation:  0.370E+08   0.317E+11    81.8%
  3    0.2484E+10 0.2484E+10 +- 0.3700E+08      1.33
 Relative summed weights:
  0.1000E+01  0.0000E+00
 Relative number of events:
  0.1000E+01  0.0000E+00
 Events:
        8000           0
 Found          940  events.
 Wrote          935  events.
 Actual xsec    2490955741.1723547     
 Correct abs xsec    2490955741.1723547     
 Event xsec    2490955741.1723847     
 Events wgts > 1:           12
 % Cross section > 1:    6617898.7118083388       0.26567708941683488     
 Checking number of events   14304.562439256364              935  chi2:   0.18884810326032586     
 Found          940  events.
 Wrote          935  events.
 Actual xsec    2490955741.1723547     
 Correct abs xsec    2490955741.1723547     
 Event xsec    2490955741.1723847     
 Events wgts > 1:           12
 % Cross section > 1:    6617898.7118083388       0.26567708941683488     
 Iteration  4   Mean: 0.2411E+10 Abs mean: 0.2411E+10   Fluctuation:  0.228E+08   0.665E+11    77.6%
  4    0.2411E+10 0.2411E+10 +- 0.2277E+08      1.19
 Relative summed weights:
  0.1000E+01  0.0000E+00
 Relative number of events:
  0.1000E+01  0.0000E+00
 Events:
       16000           0
 Found         2028  events.
 Wrote         2025  events.
 Actual xsec    2439026524.3775568     
 Correct abs xsec    2439026524.3775568     
 Event xsec    2439026524.3776255     
 Events wgts > 1:            7
 % Cross section > 1:    6307339.2628029957       0.25860068350066262     
 Checking number of events   14006.353718890558             2025  chi2:    2.2514100929603407     
 Found         2028  events.
 Wrote         2025  events.
 Actual xsec    2439026524.3775568     
 Correct abs xsec    2439026524.3775568     
 Event xsec    2439026524.3776255     
 Events wgts > 1:            7
 % Cross section > 1:    6307339.2628029957       0.25860068350066262     
 Iteration  5   Mean: 0.2416E+10 Abs mean: 0.2416E+10   Fluctuation:  0.152E+08   0.535E+11    73.9%
  5    0.2416E+10 0.2416E+10 +- 0.1515E+08      1.12
 Relative summed weights:
  0.1000E+01  0.0000E+00
 Relative number of events:
  0.1000E+01  0.0000E+00
 Events:
       32000           0
 Found         4302  events.
 Wrote         4299  events.
 Actual xsec    2422310855.6295996     
 Correct abs xsec    2422310855.6295996     
 Event xsec    2422310855.6294436     
 Events wgts > 1:           23
 % Cross section > 1:    5021217.2033342700       0.20729037281342219     
 Checking number of events   13910.362319538539             4299  chi2:    1.5717499814948248     
 Found         4302  events.
 Wrote         4299  events.
 Actual xsec    2422310855.6295996     
 Correct abs xsec    2422310855.6295996     
 Event xsec    2422310855.6294436     
 Events wgts > 1:           23
 % Cross section > 1:    5021217.2033342700       0.20729037281342219     
 Iteration  6   Mean: 0.2419E+10 Abs mean: 0.2419E+10   Fluctuation:  0.105E+08   0.542E+11    71.5%
  6    0.2419E+10 0.2419E+10 +- 0.1051E+08      1.10
 Relative summed weights:
  0.1000E+01  0.0000E+00
 Relative number of events:
  0.1000E+01  0.0000E+00
 Events:
       64000           0
 Found         8917  events.
 Wrote         8913  events.
 Actual xsec    2417544058.6642389     
 Correct abs xsec    2417544058.6642389     
 Event xsec    2417544058.6641726     
 Events wgts > 1:           50
 % Cross section > 1:    5485023.5988515802       0.22688412147832210     
 Checking number of events   13882.988511285259             8913  chi2:   6.19420349190081682E-002
 Found         8917  events.
 Wrote         8913  events.
 Actual xsec    2417544058.6642389     
 Correct abs xsec    2417544058.6642389     
 Event xsec    2417544058.6641726     
 Events wgts > 1:           50
 % Cross section > 1:    5485023.5988515802       0.22688412147832210     
 Iteration  7   Mean: 0.2413E+10 Abs mean: 0.2413E+10   Fluctuation:  0.745E+07   0.667E+11    69.0%
  7    0.2413E+10 0.2413E+10 +- 0.7446E+07      1.10
 Relative summed weights:
  0.1000E+01  0.0000E+00
 Relative number of events:
  0.1000E+01  0.0000E+00
 Events:
      128000           0
 Found        18459  events.
 Wrote        18455  events.
 Actual xsec    2415361912.0686789     
 Correct abs xsec    2415361912.0686789     
 Event xsec    2415361912.0679431     
 Events wgts > 1:          129
 % Cross section > 1:    7376926.3948656386       0.30541702086168065     
 Checking number of events   13870.457316245594            18455  chi2:   0.12829565149092137     

 -------------------------------------------------------------------------------
 Accumulated results:   Integral =  0.2417E+10
                        Std dev  =  0.5395E+07
                       Cross sec =  0.1079E+01
             Chi**2 per DoF.     =
-------------------------------------------------
---------------------------
 Results Last   3 iters: Integral =   0.2415E+10
                     Abs integral =   0.2415E+10
                          Std dev =   0.5639E+07
                  Chi**2 per DoF. =      0.1283
-------------------------------------------------
---------------------------
 Status -5.74259999999999987E-006           8           9
 We found enough events       18455   13870.457316245594     

ls status:
events.lhe
ftn25
ftn26
input_sg.txt
moffset.dat
results.dat
run_01_ftn26.gz
run_01_log.txt
run_01_results.dat
run_02_ftn26.gz
run_02_log.txt
run_02_results.dat
run_03_ftn26.gz
run_03_log.txt
run_03_results.dat
run1_app.log
