 Process in group number            0
 No PDF is used, alpha_s(MZ) from param_card is used
 Value of alpha_s from param_card:   0.11800000071525575     
 The default order of alpha_s running is fixed to            2
 Warning: pt or E min of a gamma should in general be >0
 Warning: pt or E min of a gamma should in general be >0
 Warning: pt or E min of a gamma should in general be >0
 *****************************************************
 *               MadGraph/MadEvent                   *
 *        --------------------------------           *
 *          http://madgraph.hep.uiuc.edu             *
 *          http://madgraph.phys.ucl.ac.be           *
 *          http://madgraph.roma2.infn.it            *
 *        --------------------------------           *
 *                                                   *
 *          PARAMETER AND COUPLING VALUES            *
 *                                                   *
 *****************************************************

  External Params
  ---------------------------------
  
 aEWM1 =    132.50700378417969     
 mdl_Gf =   1.16639000000000003E-005
 aS =   0.11800000071525575     
 mdl_ymb =    4.6999998092651367     
 mdl_ymt =    173.00000000000000     
 mdl_yme =   5.10999991092830896E-004
 mdl_ymm =   0.10565999895334244     
 mdl_ymtau =    1.7769999504089355     
 mdl_MZ =    91.188003540039063     
 mdl_MT =    173.00000000000000     
 mdl_MB =    4.6999998092651367     
 mdl_MH =    125.00000000000000     
 mdl_Me =   5.10999991092830896E-004
 mdl_MM =   0.10565999895334244     
 mdl_MTA =    1.7769999504089355     
 mdl_WZ =    2.4414041042327881     
 mdl_WW =    2.0476000308990479     
 mdl_WT =    1.4915000200271606     
 mdl_WH =   6.38233916833996773E-003
 mdl_WTau =   2.26999999999999982E-012
  Internal Params
  ---------------------------------
  
 mdl_conjg__CKM3x3 =    1.0000000000000000     
 mdl_CKM3x3 =    1.0000000000000000     
 mdl_conjg__CKM1x1 =    1.0000000000000000     
 mdl_complexi =  (  0.0000000000000000     ,  1.0000000000000000     )
 mdl_MZ__exp__2 =    8315.2519896181766     
 mdl_MZ__exp__4 =    69143415.650849044     
 mdl_sqrt__2 =    1.4142135623730951     
 mdl_MH__exp__2 =    15625.000000000000     
 mdl_aEW =   7.54677089845565054E-003
 mdl_MW =    80.419007276179556     
 mdl_sqrt__aEW =   8.68721526063194194E-002
 mdl_ee =   0.30795376284704501     
 mdl_MW__exp__2 =    6467.2167312862202     
 mdl_sw2 =   0.22224645274001076     
 mdl_cw =   0.88190336616887299     
 mdl_sqrt__sw2 =   0.47143022043565552     
 mdl_sw =   0.47143022043565552     
 mdl_g1 =   0.34919218438279087     
 mdl_gw =   0.65323296958447097     
 mdl_vev =    246.21845810181631     
 mdl_vev__exp__2 =    60623.529110035874     
 mdl_lam =   0.12886910601690271     
 mdl_yb =   2.69955531549349904E-002
 mdl_ye =   2.93504850670934038E-006
 mdl_ym =   6.06883028478528356E-004
 mdl_yt =   0.99366614581500645     
 mdl_ytau =   1.02066167158167895E-002
 mdl_muH =    88.388347648318444     
 mdl_I1x33 =  ( 2.69955531549349904E-002,  0.0000000000000000     )
 mdl_I2x33 =  ( 0.99366614581500645     ,  0.0000000000000000     )
 mdl_I3x33 =  ( 0.99366614581500645     ,  0.0000000000000000     )
 mdl_I4x33 =  ( 2.69955531549349904E-002,  0.0000000000000000     )
 mdl_ee__exp__2 =   9.48355200516540348E-002
 mdl_sw__exp__2 =   0.22224645274001076     
 mdl_cw__exp__2 =   0.77775354725998924     
  Internal Params evaluated point by point
  ----------------------------------------
  
 mdl_sqrt__aS =   0.34351128178744839     
 mdl_G__exp__2 =    1.4828317414825511     
  Couplings of sm-lepton_masses
  ---------------------------------
  
         GC_3 =  -0.00000E+00  -0.30795E+00

 Collider parameters:
 --------------------

 Running at e e   machine @   7.00000000000000067E-002  GeV
 PDF set = none   
 alpha_s(Mz)= 0.1180 running at 2 loops.
 alpha_s(Mz)= 0.1180 running at 2 loops.
 Renormalization scale fixed @    91.188000000000002     
 Factorization scales  fixed @    91.188000000000002        91.188000000000002     


 getting user params
Enter number of events and max and min iterations: 
 Number of events and iterations         1000           9           3
Enter desired fractional accuracy: 
 Desired fractional accuracy:  -4.19009999999999974E-005
Enter 0 for fixed, 2 for adjustable grid: 
Suppress amplitude (0 no, 1 yes)? 
 Using suppressed amplitude.
Exact helicity sum (0 yes, n = number/event)? 
 Explicitly summing over helicities
Enter Configuration Number: 
Running Configuration Number:    1
 Not subdividing B.W.
 Attempting mappinvarients           1           5
 Completed mapping           5
 about to integrate            5        1000           9           3           5           1
 Keeping grid fixed.
  5 dimensions   1000 events  5 invarients  9 iterations  1 config(s),  (0.99)
 Using h-tuple random number sequence.
 Grid read from file
 Grid defined OK
 Set CM energy to          0.07
 Mapping Graph           1  to config           1
 Warning: No cutoff for shat integral found
          Minimum set to    204.08163265306121     
 No modification is setgrid, grid read from file
 Warning: No cutoff for shat integral found
          Minimum set to    204.08163265306121     
 No modification is setgrid, grid read from file
 Masses: 0.511E-03 0.511E-03 0.000E+00 0.000E+00 0.000E+00
   1   1   2   3   4   5
 Got moffset          22
Using random seed offsets     1 :      1
  with seed                   30
 Ranmar initialization seeds        8292       18697
  Particle       3       4       5
      Et >     0.0     0.0     0.0
       E >     0.0     0.0     0.0
     Eta <    -1.0    -1.0    -1.0
   xqcut:      0.0     0.0     0.0
d R # 3  >    -0.0     0.0     0.0
d R # 4  >    -0.0    -0.0     0.0
s min # 3>     0.0     0.0     0.0
s min # 4>     0.0     0.0     0.0
xqcutij # 3>     0.0     0.0     0.0
xqcutij # 4>     0.0     0.0     0.0
 alpha_s for scale    91.188000000000002       is   0.11800000071525575     
 Added good helicity            1  4.37064440338470576E-003  in event            1
 Added good helicity            2  3.07948666537683283E-004  in event            1
 Added good helicity            3  3.08044705176140619E-004  in event            1
 Added good helicity            5  4.37045668287206444E-003  in event            1
 Added good helicity            6  3.07942575584422315E-004  in event            1
 Added good helicity            7  3.07954571178921312E-004  in event            1
 Added good helicity           10   7.7250871177844678       in event            1
 Added good helicity           11  0.27018014063767259       in event            1
 Added good helicity           14   7.7245764321161401       in event            1
 Added good helicity           15  0.27018331783215516       in event            1
 Added good helicity           18  0.27018331783215516       in event            1
 Added good helicity           19   7.7245764321161401       in event            1
 Added good helicity           22  0.27018014063767259       in event            1
 Added good helicity           23   7.7250871177844678       in event            1
 Added good helicity           26  3.07954571178921312E-004  in event            1
 Added good helicity           27  3.07942575584422315E-004  in event            1
 Added good helicity           28  4.37045668287206444E-003  in event            1
 Added good helicity           30  3.08044705176140619E-004  in event            1
 Added good helicity           31  3.07948666537683174E-004  in event            1
 Added good helicity           32  4.37064440338470923E-003  in event            1
 Added good helicity            4  1.84859156500121080E-006  in event            2
 Added good helicity           12   7.4944833299248632       in event            2
 Added good helicity           13  1.00353941295696143E-005  in event            2
 Added good helicity           20  1.00353941295696143E-005  in event            2
 Added good helicity           21   7.4944833299248632       in event            2
 Added good helicity           29  1.84859156500121123E-006  in event            2
 Iteration  1   Mean: 0.1141E+09 Abs mean: 0.1141E+09   Fluctuation:  0.766E+07   0.313E+10    99.5%
  1    0.1141E+09 0.1141E+09 +- 0.7660E+07      2.12
 Writing out events   12741.093318985764        2.1230056211139292     
 Relative summed weights:
  0.1589E+00  0.0000E+00
  0.1744E+00  0.0000E+00
  0.1695E+00  0.0000E+00
  0.1664E+00  0.0000E+00
  0.1308E+00  0.0000E+00
  0.2000E+00  0.0000E+00
 Relative number of events:
  0.1480E+00  0.0000E+00
  0.1530E+00  0.0000E+00
  0.1810E+00  0.0000E+00
  0.2030E+00  0.0000E+00
  0.1550E+00  0.0000E+00
  0.1600E+00  0.0000E+00
 Events:
         148           0
         153           0
         181           0
         203           0
         155           0
         160           0
 Iteration  2   Mean: 0.1259E+09 Abs mean: 0.1259E+09   Fluctuation:  0.152E+08   0.209E+11    99.3%
  2    0.1259E+09 0.1259E+09 +- 0.1523E+08      5.41
 Relative summed weights:
  0.1916E+00  0.0000E+00
  0.2456E+00  0.0000E+00
  0.1475E+00  0.0000E+00
  0.1310E+00  0.0000E+00
  0.1387E+00  0.0000E+00
  0.1456E+00  0.0000E+00
 Relative number of events:
  0.1645E+00  0.0000E+00
  0.1700E+00  0.0000E+00
  0.1595E+00  0.0000E+00
  0.1860E+00  0.0000E+00
  0.1615E+00  0.0000E+00
  0.1585E+00  0.0000E+00
 Events:
         329           0
         340           0
         319           0
         372           0
         323           0
         317           0
 Iteration  3   Mean: 0.1279E+09 Abs mean: 0.1279E+09   Fluctuation:  0.739E+07   0.186E+11    99.6%
  3    0.1279E+09 0.1279E+09 +- 0.7385E+07      3.65
 Relative summed weights:
  0.1517E+00  0.0000E+00
  0.1469E+00  0.0000E+00
  0.1447E+00  0.0000E+00
  0.2022E+00  0.0000E+00
  0.1709E+00  0.0000E+00
  0.1836E+00  0.0000E+00
 Relative number of events:
  0.1700E+00  0.0000E+00
  0.1722E+00  0.0000E+00
  0.1618E+00  0.0000E+00
  0.1610E+00  0.0000E+00
  0.1720E+00  0.0000E+00
  0.1630E+00  0.0000E+00
 Events:
         680           0
         689           0
         647           0
         644           0
         688           0
         652           0
 Found          337  events.
 Wrote           27  events.
 Actual xsec    122506209.22996342     
 Correct abs xsec    122506209.22996342     
 Event xsec    122506209.22996344     
 Events wgts > 1:            0
 % Cross section > 1:    0.0000000000000000        0.0000000000000000     
 Checking number of events   5133.1326729446973               27  chi2:   0.89849975415229122     
 Found          337  events.
 Wrote           34  events.
 Actual xsec    122506209.22996342     
 Correct abs xsec    122506209.22996342     
 Event xsec    122506209.22996356     
 Events wgts > 1:            0
 % Cross section > 1:    0.0000000000000000        0.0000000000000000     
 Iteration  4   Mean: 0.1151E+09 Abs mean: 0.1151E+09   Fluctuation:  0.372E+07   0.109E+11    99.5%
  4    0.1151E+09 0.1151E+09 +- 0.3719E+07      2.89
 Relative summed weights:
  0.1737E+00  0.0000E+00
  0.1550E+00  0.0000E+00
  0.1863E+00  0.0000E+00
  0.1717E+00  0.0000E+00
  0.1549E+00  0.0000E+00
  0.1585E+00  0.0000E+00
 Relative number of events:
  0.1756E+00  0.0000E+00
  0.1630E+00  0.0000E+00
  0.1631E+00  0.0000E+00
  0.1649E+00  0.0000E+00
  0.1621E+00  0.0000E+00
  0.1713E+00  0.0000E+00
 Events:
        1405           0
        1304           0
        1305           0
        1319           0
        1297           0
        1370           0
 Found          605  events.
 Wrote           84  events.
 Actual xsec    118552283.12721752     
 Correct abs xsec    118552283.12721752     
 Event xsec    118552283.12721759     
 Events wgts > 1:            4
 % Cross section > 1:    823803.38163060253       0.69488613791316456     
 Checking number of events   4967.4592153135409               84  chi2:    1.3608749888029603     
 Found          605  events.
 Wrote          103  events.
 Actual xsec    118552283.12721752     
 Correct abs xsec    118552283.12721752     
 Event xsec    118552283.12721737     
 Events wgts > 1:            4
 % Cross section > 1:    672701.93975746259       0.56743060699690817     
 Iteration  5   Mean: 0.1234E+09 Abs mean: 0.1234E+09   Fluctuation:  0.451E+07   0.461E+11    99.4%
  5    0.1234E+09 0.1234E+09 +- 0.4508E+07      4.62
 Relative summed weights:
  0.1479E+00  0.0000E+00
  0.1789E+00  0.0000E+00
  0.1883E+00  0.0000E+00
  0.1594E+00  0.0000E+00
  0.1553E+00  0.0000E+00
  0.1701E+00  0.0000E+00
 Relative number of events:
  0.1634E+00  0.0000E+00
  0.1669E+00  0.0000E+00
  0.1662E+00  0.0000E+00
  0.1663E+00  0.0000E+00
  0.1681E+00  0.0000E+00
  0.1691E+00  0.0000E+00
 Events:
        2615           0
        2671           0
        2659           0
        2661           0
        2689           0
        2705           0
 Found         1431  events.
 Wrote           37  events.
 Actual xsec    120105793.11063512     
 Correct abs xsec    120105793.11063512     
 Event xsec    120105793.11063515     
 Events wgts > 1:            1
 % Cross section > 1:   6.16244771517813206E-002  5.13084969140631555E-008
 Checking number of events   5032.5528371287219               37  chi2:    1.7402882416942984     
 Found         1431  events.
 Wrote           39  events.
 Actual xsec    120105793.11063512     
 Correct abs xsec    120105793.11063512     
 Event xsec    120105793.11063503     
 Events wgts > 1:            1
 % Cross section > 1:   5.84642481990158558E-002  4.86772924809394710E-008
 Iteration  6   Mean: 0.1201E+09 Abs mean: 0.1201E+09   Fluctuation:  0.407E+07   0.113E+12    99.4%
  6    0.1201E+09 0.1201E+09 +- 0.4070E+07      6.06
 Relative summed weights:
  0.1623E+00  0.0000E+00
  0.1596E+00  0.0000E+00
  0.1505E+00  0.0000E+00
  0.1575E+00  0.0000E+00
  0.1696E+00  0.0000E+00
  0.2006E+00  0.0000E+00
 Relative number of events:
  0.1654E+00  0.0000E+00
  0.1660E+00  0.0000E+00
  0.1660E+00  0.0000E+00
  0.1680E+00  0.0000E+00
  0.1699E+00  0.0000E+00
  0.1646E+00  0.0000E+00
 Events:
        5294           0
        5312           0
        5313           0
        5376           0
        5438           0
        5267           0
 Found         2735  events.
 Wrote           30  events.
 Actual xsec    119197919.00257875     
 Correct abs xsec    119197919.00257875     
 Event xsec    119197919.00257868     
 Events wgts > 1:            0
 % Cross section > 1:    0.0000000000000000        0.0000000000000000     
 Checking number of events   4994.5120041270520               30  chi2:    1.0691834682534533     
 Found         2735  events.
 Wrote           37  events.
 Actual xsec    119197919.00257875     
 Correct abs xsec    119197919.00257875     
 Event xsec    119197919.00257868     
 Events wgts > 1:            0
 % Cross section > 1:    0.0000000000000000        0.0000000000000000     
 Iteration  7   Mean: 0.1241E+09 Abs mean: 0.1241E+09   Fluctuation:  0.455E+07   0.261E+12    99.4%
  7    0.1241E+09 0.1241E+09 +- 0.4550E+07      9.28
 Relative summed weights:
  0.1597E+00  0.0000E+00
  0.1556E+00  0.0000E+00
  0.1595E+00  0.0000E+00
  0.1590E+00  0.0000E+00
  0.1803E+00  0.0000E+00
  0.1859E+00  0.0000E+00
 Relative number of events:
  0.1679E+00  0.0000E+00
  0.1672E+00  0.0000E+00
  0.1651E+00  0.0000E+00
  0.1669E+00  0.0000E+00
  0.1673E+00  0.0000E+00
  0.1655E+00  0.0000E+00
 Events:
       10748           0
       10698           0
       10567           0
       10684           0
       10709           0
       10594           0
 Found         5607  events.
 Wrote           27  events.
 Actual xsec    122406563.45806874     
 Correct abs xsec    122406563.45806874     
 Event xsec    122406563.45806861     
 Events wgts > 1:            1
 % Cross section > 1:    1.0351719781756401       8.45683392239213442E-007
 Checking number of events   5128.9574154565380               27  chi2:   0.25030344536089344     
 Found         5607  events.
 Wrote           32  events.
 Actual xsec    122406563.45806874     
 Correct abs xsec    122406563.45806874     
 Event xsec    122406563.45806873     
 Events wgts > 1:            1
 % Cross section > 1:   0.87342635821551085       7.13545363533312002E-007
 Iteration  8   Mean: 0.1227E+09 Abs mean: 0.1227E+09   Fluctuation:  0.263E+07   0.301E+12    99.4%
  8    0.1227E+09 0.1227E+09 +- 0.2632E+07      7.68
 Relative summed weights:
  0.1603E+00  0.0000E+00
  0.1661E+00  0.0000E+00
  0.1598E+00  0.0000E+00
  0.1687E+00  0.0000E+00
  0.1838E+00  0.0000E+00
  0.1613E+00  0.0000E+00
 Relative number of events:
  0.1658E+00  0.0000E+00
  0.1670E+00  0.0000E+00
  0.1664E+00  0.0000E+00
  0.1680E+00  0.0000E+00
  0.1657E+00  0.0000E+00
  0.1672E+00  0.0000E+00
 Events:
       21217           0
       21372           0
       21299           0
       21504           0
       21205           0
       21403           0
 Found        10835  events.
 Wrote           50  events.
 Actual xsec    122357589.65518966     
 Correct abs xsec    122357589.65518966     
 Event xsec    122357589.65518977     
 Events wgts > 1:            0
 % Cross section > 1:    0.0000000000000000        0.0000000000000000     
 Checking number of events   5126.9053641421015               50  chi2:   0.23069172890019277     
 Found        10835  events.
 Wrote           46  events.
 Actual xsec    122357589.65518966     
 Correct abs xsec    122357589.65518966     
 Event xsec    122357589.65518968     
 Events wgts > 1:            0
 % Cross section > 1:    0.0000000000000000        0.0000000000000000     
 Iteration  9   Mean: 0.1205E+09 Abs mean: 0.1205E+09   Fluctuation:  0.122E+07   0.165E+12    99.4%
  9    0.1205E+09 0.1205E+09 +- 0.1218E+07      5.12
 Relative summed weights:
  0.1727E+00  0.0000E+00
  0.1676E+00  0.0000E+00
  0.1612E+00  0.0000E+00
  0.1631E+00  0.0000E+00
  0.1668E+00  0.0000E+00
  0.1686E+00  0.0000E+00
 Relative number of events:
  0.1665E+00  0.0000E+00
  0.1672E+00  0.0000E+00
  0.1662E+00  0.0000E+00
  0.1671E+00  0.0000E+00
  0.1660E+00  0.0000E+00
  0.1670E+00  0.0000E+00
 Events:
       42622           0
       42792           0
       42549           0
       42777           0
       42508           0
       42752           0
 Found        22075  events.
 Wrote          696  events.
 Actual xsec    121076928.67124692     
 Correct abs xsec    121076928.67124692     
 Event xsec    121076928.67124425     
 Events wgts > 1:            6
 % Cross section > 1:    1147799.4248342919       0.94799185726858803     
 Checking number of events   5073.2443882539164              696  chi2:   0.51460770815083046     
 Found        22075  events.
 Wrote          711  events.
 Actual xsec    121076928.67124692     
 Correct abs xsec    121076928.67124692     
 Event xsec    121076928.67124607     
 Events wgts > 1:            6
 % Cross section > 1:    1123809.0069660009       0.92817766299426174     

 -------------------------------------------------------------------------------
 Accumulated results:   Integral =  0.1208E+09
                        Std dev  =  0.9592E+06
                       Cross sec =  0.1208E+09
             Chi**2 per DoF.     =      0.6873
 -------------------------------------------------------------------------------
-------------------------------------------------
---------------------------
 Results Last   3 iters: Integral =   0.1211E+09
                     Abs integral =   0.1211E+09
                          Std dev =   0.1074E+07
                  Chi**2 per DoF. =      0.5146
-------------------------------------------------
---------------------------
 Status -4.19009999999999974E-005          10           9
 Trying w/ fresh grid
 Starting w/ ncall =         4000
 Keeping grid fixed.
  5 dimensions   4000 events  5 invarients  8 iterations  1 config(s),  (0.99)
 Using h-tuple random number sequence.
 Error opening grid
 Using Uniform Grid!
 Using uniform alpha   1.0000000000000000     
 Grid defined OK
 Warning: No cutoff for shat integral found
          Minimum set to    204.08163265306121     
Setting grid   1    0.20408E+03   1
 Warning: No cutoff for shat integral found
          Minimum set to    204.08163265306121     
Setting grid   2    0.20408E+03   1
Warning xbin not returning correct x   2  0.999982E+00  0.994892E+00  0.2837E+03
Warning xbin not returning correct x   2  0.999986E+00  0.995917E+00  0.2837E+03
Warning xbin not returning correct x   2  0.999970E+00  0.991375E+00  0.2837E+03
Warning xbin not returning correct x   2  0.999994E+00  0.998277E+00  0.2837E+03
Warning xbin not returning correct x   2  0.999981E+00  0.994565E+00  0.2837E+03
Warning xbin still not working well. Last message this iteration.
 Iteration  1   Mean: 0.5289E+08 Abs mean: 0.5289E+08   Fluctuation:  0.360E+08   0.143E+12    99.3%
  1    0.5289E+08 0.5289E+08 +- 0.3596E+08     43.00
 Relative summed weights:
  0.7217E-01  0.0000E+00
  0.6993E+00  0.0000E+00
  0.1229E+00  0.0000E+00
  0.3887E-01  0.0000E+00
  0.1397E-01  0.0000E+00
  0.5280E-01  0.0000E+00
 Relative number of events:
  0.1610E+00  0.0000E+00
  0.1680E+00  0.0000E+00
  0.1650E+00  0.0000E+00
  0.1710E+00  0.0000E+00
  0.1700E+00  0.0000E+00
  0.1650E+00  0.0000E+00
 Events:
         644           0
         672           0
         660           0
         684           0
         680           0
         660           0
Warning xbin not returning correct x   1  0.987079E+00  0.999804E+00  0.1543E-01
Warning xbin not returning correct x   1  0.996817E+00  0.999952E+00  0.1543E-01
Warning xbin not returning correct x   1  0.987986E+00  0.999817E+00  0.1543E-01
Warning xbin not returning correct x   1  0.987185E+00  0.999805E+00  0.1543E-01
Warning xbin not returning correct x   1  0.990117E+00  0.999850E+00  0.1543E-01
Warning xbin still not working well. Last message this iteration.
 Iteration  2   Mean: 0.2730E+07 Abs mean: 0.2730E+07   Fluctuation:  0.238E+06   0.136E+10    96.9%
  2    0.2730E+07 0.2730E+07 +- 0.2383E+06      7.81
 Relative summed weights:
  0.1299E+00  0.0000E+00
  0.1814E+00  0.0000E+00
  0.1473E+00  0.0000E+00
  0.1724E+00  0.0000E+00
  0.1606E+00  0.0000E+00
  0.2083E+00  0.0000E+00
 Relative number of events:
  0.1661E+00  0.0000E+00
  0.1694E+00  0.0000E+00
  0.1671E+00  0.0000E+00
  0.1660E+00  0.0000E+00
  0.1653E+00  0.0000E+00
  0.1661E+00  0.0000E+00
 Events:
        1329           0
        1355           0
        1337           0
        1328           0
        1322           0
        1329           0
 Iteration  3   Mean: 0.4268E+08 Abs mean: 0.4268E+08   Fluctuation:  0.872E+07   0.768E+11   100.0%
  3    0.4268E+08 0.4268E+08 +- 0.8717E+07     25.83
 Relative summed weights:
  0.1914E+00  0.0000E+00
  0.1333E+00  0.0000E+00
  0.1027E+00  0.0000E+00
  0.1764E+00  0.0000E+00
  0.2192E+00  0.0000E+00
  0.1770E+00  0.0000E+00
 Relative number of events:
  0.1676E+00  0.0000E+00
  0.1607E+00  0.0000E+00
  0.1689E+00  0.0000E+00
  0.1640E+00  0.0000E+00
  0.1679E+00  0.0000E+00
  0.1708E+00  0.0000E+00
 Events:
        2682           0
        2571           0
        2703           0
        2624           0
        2687           0
        2733           0
 Found         1905  events.
 Wrote            7  events.
 Actual xsec    9507694.8052120917     
 Correct abs xsec    9507694.8052120917     
 Event xsec    9507694.8052120917     
 Events wgts > 1:            1
 % Cross section > 1:   0.21158264018595219       2.22538317142829623E-006
 Checking number of events   398.38192003319182                7  chi2:    412.39122922193656     
 Found         1905  events.
 Wrote            8  events.
 Actual xsec    9507694.8052120917     
 Correct abs xsec    9507694.8052120917     
 Event xsec    9507694.8052120935     
 Events wgts > 1:            1
 % Cross section > 1:   0.18513481062836945       1.94721027989748931E-006
 Iteration  4   Mean: 0.1372E+09 Abs mean: 0.1372E+09   Fluctuation:  0.776E+08   0.247E+13    99.9%
  4    0.1372E+09 0.1372E+09 +- 0.7760E+08    101.14
 Relative summed weights:
  0.9020E-01  0.0000E+00
  0.8687E-01  0.0000E+00
  0.1056E+00  0.0000E+00
  0.3639E-01  0.0000E+00
  0.8295E-01  0.0000E+00
  0.5980E+00  0.0000E+00
 Relative number of events:
  0.1633E+00  0.0000E+00
  0.1690E+00  0.0000E+00
  0.1687E+00  0.0000E+00
  0.1656E+00  0.0000E+00
  0.1660E+00  0.0000E+00
  0.1675E+00  0.0000E+00
 Events:
        5225           0
        5407           0
        5399           0
        5298           0
        5312           0
        5359           0
 Found         1179  events.
 Wrote            3  events.
 Actual xsec    11438842.035082638     
 Correct abs xsec    11438842.035082638     
 Event xsec    11438842.035082638     
 Events wgts > 1:            0
 % Cross section > 1:    0.0000000000000000        0.0000000000000000     
 Checking number of events   479.29892011199757                3  chi2:    675.45135165111049     
 Found         1179  events.
 Wrote            3  events.
 Actual xsec    11438842.035082638     
 Correct abs xsec    11438842.035082638     
 Event xsec    11438842.035082638     
 Events wgts > 1:            0
 % Cross section > 1:    0.0000000000000000        0.0000000000000000     
 Iteration  5   Mean: 0.8137E+08 Abs mean: 0.8137E+08   Fluctuation:  0.598E+07   0.230E+12    99.3%
  5    0.8137E+08 0.8137E+08 +- 0.5981E+07     18.59
 Relative summed weights:
  0.2330E+00  0.0000E+00
  0.1559E+00  0.0000E+00
  0.1331E+00  0.0000E+00
  0.1499E+00  0.0000E+00
  0.1649E+00  0.0000E+00
  0.1631E+00  0.0000E+00
 Relative number of events:
  0.1636E+00  0.0000E+00
  0.1658E+00  0.0000E+00
  0.1689E+00  0.0000E+00
  0.1658E+00  0.0000E+00
  0.1669E+00  0.0000E+00
  0.1690E+00  0.0000E+00
 Events:
       10473           0
       10610           0
       10810           0
       10612           0
       10679           0
       10816           0
 Found         2241  events.
 Wrote           25  events.
 Actual xsec    77826221.128276199     
 Correct abs xsec    77826221.128276199     
 Event xsec    77826221.128276154     
 Events wgts > 1:            1
 % Cross section > 1:   0.53270387323573232       6.84478657081023410E-007
 Checking number of events   3260.9964914959010               25  chi2:    8.5958004664037642     
 Found         2241  events.
 Wrote           18  events.
 Actual xsec    77826221.128276199     
 Correct abs xsec    77826221.128276199     
 Event xsec    77826221.128276214     
 Events wgts > 1:            1
 % Cross section > 1:   0.73986648861318827       9.50664798941877719E-007
 Fixing grid
 Iteration  6   Mean: 0.9417E+08 Abs mean: 0.9417E+08   Fluctuation:  0.337E+07   0.173E+12    97.3%
  6    0.9417E+08 0.9417E+08 +- 0.3366E+07     12.79
 Relative summed weights:
  0.1667E+00  0.0000E+00
  0.1670E+00  0.0000E+00
  0.1700E+00  0.0000E+00
  0.1720E+00  0.0000E+00
  0.1699E+00  0.0000E+00
  0.1544E+00  0.0000E+00
 Relative number of events:
  0.1651E+00  0.0000E+00
  0.1660E+00  0.0000E+00
  0.1684E+00  0.0000E+00
  0.1679E+00  0.0000E+00
  0.1655E+00  0.0000E+00
  0.1670E+00  0.0000E+00
 Events:
       21138           0
       21253           0
       21555           0
       21487           0
       21190           0
       21377           0
 Found         9240  events.
 Wrote           92  events.
 Actual xsec    91870138.611078322     
 Correct abs xsec    91870138.611078322     
 Event xsec    91870138.611078382     
 Events wgts > 1:            4
 % Cross section > 1:    679976.12516527006       0.74014923178016578     
 Checking number of events   3849.4506779427925               92  chi2:    1.9445940923706597     
 Found         9240  events.
 Wrote           85  events.
 Actual xsec    91870138.611078322     
 Correct abs xsec    91870138.611078322     
 Event xsec    91870138.611078605     
 Events wgts > 1:            4
 % Cross section > 1:    735525.83051430830       0.80061469551936804     
 Iteration  7   Mean: 0.1118E+09 Abs mean: 0.1118E+09   Fluctuation:  0.997E+07   0.220E+13    97.3%
  7    0.1118E+09 0.1118E+09 +- 0.9968E+07     45.12
 Relative summed weights:
  0.1703E+00  0.0000E+00
  0.1492E+00  0.0000E+00
  0.1800E+00  0.0000E+00
  0.1417E+00  0.0000E+00
  0.1273E+00  0.0000E+00
  0.2315E+00  0.0000E+00
 Relative number of events:
  0.1667E+00  0.0000E+00
  0.1657E+00  0.0000E+00
  0.1675E+00  0.0000E+00
  0.1676E+00  0.0000E+00
  0.1658E+00  0.0000E+00
  0.1667E+00  0.0000E+00
 Events:
       42676           0
       42423           0
       42882           0
       42912           0
       42442           0
       42665           0
 Found        16539  events.
 Wrote           14  events.
 Actual xsec    94029306.996785536     
 Correct abs xsec    94029306.996785536     
 Event xsec    94029306.996785522     
 Events wgts > 1:            0
 % Cross section > 1:    0.0000000000000000        0.0000000000000000     
 Checking number of events   3939.9219924723106               14  chi2:    3.8241727363431055     
 Found        16539  events.
 Wrote           19  events.
 Actual xsec    94029306.996785536     
 Correct abs xsec    94029306.996785536     
 Event xsec    94029306.996785507     
 Events wgts > 1:            0
 % Cross section > 1:    0.0000000000000000        0.0000000000000000     
 Iteration  8   Mean: 0.1340E+09 Abs mean: 0.1340E+09   Fluctuation:  0.293E+08   0.148E+14    97.3%
  8    0.1340E+09 0.1340E+09 +- 0.2929E+08    156.39
 Relative summed weights:
  0.1246E+00  0.0000E+00
  0.1210E+00  0.0000E+00
  0.3502E+00  0.0000E+00
  0.1251E+00  0.0000E+00
  0.1341E+00  0.0000E+00
  0.1450E+00  0.0000E+00
 Relative number of events:
  0.1680E+00  0.0000E+00
  0.1669E+00  0.0000E+00
  0.1667E+00  0.0000E+00
  0.1662E+00  0.0000E+00
  0.1662E+00  0.0000E+00
  0.1662E+00  0.0000E+00
 Events:
       85993           0
       85434           0
       85333           0
       85086           0
       85073           0
       85081           0
 Found        28899  events.
 Wrote            2  events.
 Actual xsec    120414269.17488663     
 Correct abs xsec    120414269.17488663     
 Event xsec    120414269.17488664     
 Events wgts > 1:            0
 % Cross section > 1:    0.0000000000000000        0.0000000000000000     
 Checking number of events   4083.3007102354386                2  chi2:    2.2859611259321393     
 Found        28899  events.
 Wrote            4  events.
 Actual xsec    120414269.17488663     
 Correct abs xsec    120414269.17488663     
 Event xsec    120414269.17488664     
 Events wgts > 1:            0
 % Cross section > 1:    0.0000000000000000        0.0000000000000000     

 -------------------------------------------------------------------------------
 Accumulated results:   Integral =  0.8436E+08
                        Std dev  =  0.2363E+07
                       Cross sec =  0.8436E+08
             Chi**2 per DoF.     =     23.0868
 -------------------------------------------------------------------------------
-------------------------------------------------
---------------------------
 Results Last   3 iters: Integral =   0.9745E+08
                     Abs integral =   0.9745E+08
                         Std dev =   0.3197E+07
                 Chi**2 per DoF. =      2.2860
-------------------------------------------------
---------------------------

ls status:
events.lhe
ftn25
ftn26
input_sg.txt
log.txt
moffset.dat
results.dat
run1_app.log
