 Process in group number            0
 No PDF is used, alpha_s(MZ) from param_card is used
 Value of alpha_s from param_card:   0.11800000071525575     
 The default order of alpha_s running is fixed to            2
<<<<<<< HEAD
=======
 Warning: pt or E min of a gamma should in general be >0
>>>>>>> 911b5ec345c81b054214c521136984e9d6306827
 *****************************************************
 *               MadGraph/MadEvent                   *
 *        --------------------------------           *
 *          http://madgraph.hep.uiuc.edu             *
 *          http://madgraph.phys.ucl.ac.be           *
 *          http://madgraph.roma2.infn.it            *
 *        --------------------------------           *
 *                                                   *
 *          PARAMETER AND COUPLING VALUES            *
 *                                                   *
 *****************************************************

  External Params
  ---------------------------------
  
 aEWM1 =    132.50700378417969     
 mdl_Gf =   1.16639000000000003E-005
 aS =   0.11800000071525575     
 mdl_ymb =    4.6999998092651367     
 mdl_ymt =    173.00000000000000     
 mdl_yme =   5.10999991092830896E-004
 mdl_ymm =   0.10565999895334244     
 mdl_ymtau =    1.7769999504089355     
 mdl_MZ =    91.188003540039063     
 mdl_MT =    173.00000000000000     
 mdl_MB =    4.6999998092651367     
 mdl_MH =    125.00000000000000     
 mdl_Me =   5.10999991092830896E-004
 mdl_MM =   0.10565999895334244     
 mdl_MTA =    1.7769999504089355     
 mdl_WZ =    2.4414041042327881     
 mdl_WW =    2.0476000308990479     
 mdl_WT =    1.4915000200271606     
 mdl_WH =   6.38233916833996773E-003
 mdl_WTau =   2.26999999999999982E-012
  Internal Params
  ---------------------------------
  
 mdl_conjg__CKM3x3 =    1.0000000000000000     
 mdl_CKM3x3 =    1.0000000000000000     
 mdl_conjg__CKM1x1 =    1.0000000000000000     
 mdl_complexi =  (  0.0000000000000000     ,  1.0000000000000000     )
 mdl_MZ__exp__2 =    8315.2519896181766     
 mdl_MZ__exp__4 =    69143415.650849044     
 mdl_sqrt__2 =    1.4142135623730951     
 mdl_MH__exp__2 =    15625.000000000000     
 mdl_aEW =   7.54677089845565054E-003
 mdl_MW =    80.419007276179556     
 mdl_sqrt__aEW =   8.68721526063194194E-002
 mdl_ee =   0.30795376284704501     
 mdl_MW__exp__2 =    6467.2167312862202     
 mdl_sw2 =   0.22224645274001076     
 mdl_cw =   0.88190336616887299     
 mdl_sqrt__sw2 =   0.47143022043565552     
 mdl_sw =   0.47143022043565552     
 mdl_g1 =   0.34919218438279087     
 mdl_gw =   0.65323296958447097     
 mdl_vev =    246.21845810181631     
 mdl_vev__exp__2 =    60623.529110035874     
 mdl_lam =   0.12886910601690271     
 mdl_yb =   2.69955531549349904E-002
 mdl_ye =   2.93504850670934038E-006
 mdl_ym =   6.06883028478528356E-004
 mdl_yt =   0.99366614581500645     
 mdl_ytau =   1.02066167158167895E-002
 mdl_muH =    88.388347648318444     
 mdl_I1x33 =  ( 2.69955531549349904E-002,  0.0000000000000000     )
 mdl_I2x33 =  ( 0.99366614581500645     ,  0.0000000000000000     )
 mdl_I3x33 =  ( 0.99366614581500645     ,  0.0000000000000000     )
 mdl_I4x33 =  ( 2.69955531549349904E-002,  0.0000000000000000     )
 mdl_ee__exp__2 =   9.48355200516540348E-002
 mdl_sw__exp__2 =   0.22224645274001076     
 mdl_cw__exp__2 =   0.77775354725998924     
  Internal Params evaluated point by point
  ----------------------------------------
  
 mdl_sqrt__aS =   0.34351128178744839     
 mdl_G__exp__2 =    1.4828317414825511     
  Couplings of sm-lepton_masses
  ---------------------------------
  
         GC_3 =  -0.00000E+00  -0.30795E+00
        GC_50 =  -0.00000E+00  -0.28804E+00
        GC_59 =   0.00000E+00   0.82310E-01
        GC_89 =  -0.00000E+00  -0.20754E-05

 Collider parameters:
 --------------------

<<<<<<< HEAD
 Running at e e   machine @   7.14879999999999960E-002  GeV
=======
 Running at e e   machine @   7.00000000000000067E-002  GeV
>>>>>>> 911b5ec345c81b054214c521136984e9d6306827
 PDF set = none   
 alpha_s(Mz)= 0.1180 running at 2 loops.
 alpha_s(Mz)= 0.1180 running at 2 loops.
 Renormalization scale fixed @    91.188000000000002     
 Factorization scales  fixed @    91.188000000000002        91.188000000000002     


 getting user params
Enter number of events and max and min iterations: 
 Number of events and iterations         1000           5           3
Enter desired fractional accuracy: 
 Desired fractional accuracy:   0.10000000000000001     
Enter 0 for fixed, 2 for adjustable grid: 
Suppress amplitude (0 no, 1 yes)? 
 Using suppressed amplitude.
Exact helicity sum (0 yes, n = number/event)? 
 Explicitly summing over helicities
Enter Configuration Number: 
Running Configuration Number:   21
 Using dconfig=           2
 BW Setting            2           0           0
 Attempting mappinvarients           1           5
 Completed mapping           5
 about to integrate            5        1000           5           3           5           1
 Using non-zero grid deformation.
  5 dimensions   1000 events  5 invarients  5 iterations  1 config(s),  (0.99)
 Using h-tuple random number sequence.
 Error opening grid
 Using Uniform Grid!
 Using uniform alpha   1.0000000000000000     
 Grid defined OK
 Set CM energy to          0.07
 Mapping Graph          21  to config          21
<<<<<<< HEAD
Setting grid   1    0.20438E-03   1
Setting grid   2    0.17611E-04   1
 Masses: 0.511E-03 0.511E-03 0.000E+00 0.511E-03 0.511E-03
  21   1   2   3   4   5
Using random seed offsets    21 :      1
  with seed                   84
 Ranmar initialization seeds       13976        9461
=======
Setting grid   1    0.21316E-03   1
 Warning: No cutoff for shat integral found
          Minimum set to    204.08163265306121     
Setting grid   2    0.20408E+03   1
 Masses: 0.511E-03 0.511E-03 0.000E+00 0.511E-03 0.511E-03
  21   1   2   3   4   5
Using random seed offsets    21 :      1
  with seed                   24
 Ranmar initialization seeds       31079        9398
>>>>>>> 911b5ec345c81b054214c521136984e9d6306827
  Particle       3       4       5
      Et >     0.0     0.0     0.0
       E >     0.0     0.0     0.0
     Eta <    -1.0    -1.0    -1.0
   xqcut:      0.0     0.0     0.0
d R # 3  >    -0.0     0.0     0.0
<<<<<<< HEAD
d R # 4  >    -0.0    -0.0     0.0
=======
d R # 4  >    -0.0    -0.0     0.4
>>>>>>> 911b5ec345c81b054214c521136984e9d6306827
s min # 3>     0.0     0.0     0.0
s min # 4>     0.0     0.0     0.0
xqcutij # 3>     0.0     0.0     0.0
xqcutij # 4>     0.0     0.0     0.0
 Excluding BW           -1           1
 alpha_s for scale    91.188000000000002       is   0.11800000071525575     
<<<<<<< HEAD
 Added good helicity            1   2.2567915389972772       in event            1
 Added good helicity            2  4.89097375479647344E-003  in event            1
 Added good helicity            3  1.84128954158566528E-003  in event            1
 Added good helicity            4  8.53363225110195290E-005  in event            1
 Added good helicity            5  9.87315554430864367E-005  in event            1
 Added good helicity            6  1.48896547399505260E-004  in event            1
 Added good helicity            7  3.31832014311872722E-005  in event            1
 Added good helicity            9  2.70108842279438493E-005  in event            1
 Added good helicity           10  8.09525560579039266E-003  in event            1
 Added good helicity           11  9.92956411696419849E-002  in event            1
 Added good helicity           12  3.66159072337166602E-002  in event            1
 Added good helicity           13   4.7288867269215569       in event            1
 Added good helicity           14   5.5284706824264038       in event            1
 Added good helicity           15   3.3347101324571229       in event            1
 Added good helicity           16  8.71966296868350567E-006  in event            1
 Added good helicity           17  8.71966314279771620E-006  in event            1
 Added good helicity           18   3.3347101333750100       in event            1
 Added good helicity           19   5.5284706301578810       in event            1
 Added good helicity           20   4.7288867254695628       in event            1
 Added good helicity           21  3.66159072276936171E-002  in event            1
 Added good helicity           22  9.92956411432342756E-002  in event            1
 Added good helicity           23  8.09525554668697432E-003  in event            1
 Added good helicity           24  2.70108846521318270E-005  in event            1
 Added good helicity           26  3.31832015599153822E-005  in event            1
 Added good helicity           27  1.48896546785892394E-004  in event            1
 Added good helicity           28  9.87315554123499285E-005  in event            1
 Added good helicity           29  8.53363225154028229E-005  in event            1
 Added good helicity           30  1.84128953608389068E-003  in event            1
 Added good helicity           31  4.89097377117082757E-003  in event            1
 Added good helicity           32   2.2567915390024380       in event            1
 Iteration  1   Mean: 0.3739E-07 Abs mean: 0.3739E-07   Fluctuation:  0.113E-07   0.909E-05    80.2%
  1    0.3739E-07 0.3739E-07 +- 0.1129E-07      9.55
 Writing out events  9.32565932617296723E-012   9.5508101346482785     
=======
 Added good helicity            1   11.497352292272396       in event            1
 Added good helicity            2  1.82638970741862529E-003  in event            1
 Added good helicity            3  1.10445153422290135E-004  in event            1
 Added good helicity            5  0.11670719708640211       in event            1
 Added good helicity            6  2.07948979636054008E-004  in event            1
 Added good helicity            7  1.78194237151848799E-005  in event            1
 Added good helicity            9  1.42940039387725947E-004  in event            1
 Added good helicity           10  6.93797928112754592E-002  in event            1
 Added good helicity           11  9.06782181866765125E-003  in event            1
 Added good helicity           12  1.33698947916767208E-005  in event            1
 Added good helicity           13  2.92045209136072284E-004  in event            1
 Added good helicity           14   4.2388903819677921       in event            1
 Added good helicity           15  6.58931418586462397E-002  in event            1
 Added good helicity           16  9.82904065697728257E-005  in event            1
 Added good helicity           17  9.82904085133645027E-005  in event            1
 Added good helicity           18  6.58931421252597488E-002  in event            1
 Added good helicity           19   4.2388905285344842       in event            1
 Added good helicity           20  2.92045187808127936E-004  in event            1
 Added good helicity           21  1.33698944172999065E-005  in event            1
 Added good helicity           22  9.06782178173906259E-003  in event            1
 Added good helicity           23  6.93797954201588740E-002  in event            1
 Added good helicity           24  1.42940043386186716E-004  in event            1
 Added good helicity           26  1.78194237721059683E-005  in event            1
 Added good helicity           27  2.07948980870654619E-004  in event            1
 Added good helicity           28  0.11670719707826339       in event            1
 Added good helicity           30  1.10445155226290254E-004  in event            1
 Added good helicity           31  1.82638966329767122E-003  in event            1
 Added good helicity           32   11.497352293051856       in event            1
 Added good helicity            4  2.15699444588863658E-005  in event            2
 Added good helicity           29  2.15699444584737151E-005  in event            2
Warning xbin not returning correct x   2  0.999990E+00  0.997160E+00  0.2837E+03
Warning xbin not returning correct x   2  0.999980E+00  0.994463E+00  0.2837E+03
Warning xbin not returning correct x   2  0.999976E+00  0.993188E+00  0.2837E+03
Warning xbin not returning correct x   2  0.999958E+00  0.988136E+00  0.2837E+03
Warning xbin not returning correct x   2  0.999981E+00  0.994613E+00  0.2837E+03
Warning xbin still not working well. Last message this iteration.
 Iteration  1   Mean: 0.2558E-07 Abs mean: 0.2558E-07   Fluctuation:  0.853E-08   0.521E-05    65.5%
  1    0.2558E-07 0.2558E-07 +- 0.8527E-08     10.54
 Writing out events  7.81098026554344956E-012   10.542758594350286     
>>>>>>> 911b5ec345c81b054214c521136984e9d6306827
 Relative summed weights:
  0.1000E+01  0.0000E+00
 Relative number of events:
  0.1000E+01  0.0000E+00
 Events:
        1000           0
<<<<<<< HEAD
 Iteration  2   Mean: 0.3143E-07 Abs mean: 0.3143E-07   Fluctuation:  0.178E-08   0.133E-05    89.5%
  2    0.3143E-07 0.3143E-07 +- 0.1779E-08      2.53
=======
Warning xbin not returning correct x   2  0.997704E+00  0.999965E+00  0.1568E-01
Warning xbin not returning correct x   2  0.989816E+00  0.999843E+00  0.1568E-01
Warning xbin not returning correct x   2  0.989427E+00  0.999837E+00  0.1568E-01
Warning xbin not returning correct x   2  0.987581E+00  0.999808E+00  0.1568E-01
Warning xbin not returning correct x   2  0.996374E+00  0.999944E+00  0.1568E-01
Warning xbin still not working well. Last message this iteration.
 Iteration  2   Mean: 0.7036E-08 Abs mean: 0.7036E-08   Fluctuation:  0.496E-09   0.343E-06    91.7%
  2    0.7036E-08 0.7036E-08 +- 0.4955E-09      3.15
>>>>>>> 911b5ec345c81b054214c521136984e9d6306827
 Relative summed weights:
  0.1000E+01  0.0000E+00
 Relative number of events:
  0.1000E+01  0.0000E+00
 Events:
        2000           0
<<<<<<< HEAD
 Iteration  3   Mean: 0.3093E-07 Abs mean: 0.3093E-07   Fluctuation:  0.751E-09   0.127E-05    88.5%
  3    0.3093E-07 0.3093E-07 +- 0.7512E-09      1.54
=======
 Iteration  3   Mean: 0.7796E-07 Abs mean: 0.7796E-07   Fluctuation:  0.173E-07   0.511E-04    98.7%
  3    0.7796E-07 0.7796E-07 +- 0.1726E-07     14.00
>>>>>>> 911b5ec345c81b054214c521136984e9d6306827
 Relative summed weights:
  0.1000E+01  0.0000E+00
 Relative number of events:
  0.1000E+01  0.0000E+00
 Events:
        4000           0
<<<<<<< HEAD
 Accuracy:    0.011   0.100   0.022   0.265
 Finished due to accuracy   1.14556181506059000E-002  0.10000000000000001     

 -------------------------------------------------------------------------------
 Accumulated results:   Integral =  0.3104E-07
                        Std dev  =  0.6910E-09
                       Cross sec =  0.3104E-07
             Chi**2 per DoF.     =      0.2648
 -------------------------------------------------------------------------------
 Found          424  events.
 Wrote          278  events.
 Actual xsec   3.10398004265132508E-008
 Correct abs xsec   3.10398004265132508E-008
 Event xsec   3.10398004265133699E-008
 Events wgts > 1:            5
 % Cross section > 1:   2.59746903199211804E-010  0.83681885717713211     
-------------------------------------------------
---------------------------
 Results Last   3 iters: Integral =   0.3104E-07
                     Abs integral =   0.3104E-07
                          Std dev =   0.6910E-09
                  Chi**2 per DoF. =      0.1929
-------------------------------------------------
---------------------------
 Status  0.10000000000000001                4           5
=======
 Accuracy:    1.020   0.100   0.066 240.160
 Found          526  events.
 Wrote            7  events.
 Actual xsec   1.40217742347576882E-008
 Correct abs xsec   1.40217742347576882E-008
 Event xsec   1.40217742347576865E-008
 Events wgts > 1:            0
 % Cross section > 1:    0.0000000000000000        0.0000000000000000     
 Iteration  4   Mean: 0.1063E-06 Abs mean: 0.1063E-06   Fluctuation:  0.178E-07   0.124E-03    99.7%
  4    0.1063E-06 0.1063E-06 +- 0.1784E-07     15.01
 Relative summed weights:
  0.1000E+01  0.0000E+00
 Relative number of events:
  0.1000E+01  0.0000E+00
 Events:
        8000           0
 Accuracy:    0.802   0.100   0.061 171.579
 Found          442  events.
 Wrote            6  events.
 Actual xsec   2.63359444921201076E-008
 Correct abs xsec   2.63359444921201076E-008
 Event xsec   2.63359444921201109E-008
 Events wgts > 1:            0
 % Cross section > 1:    0.0000000000000000        0.0000000000000000     
 Iteration  5   Mean: 0.1231E-06 Abs mean: 0.1231E-06   Fluctuation:  0.129E-07   0.907E-04   100.0%
  5    0.1231E-06 0.1231E-06 +- 0.1288E-07     13.24
 Relative summed weights:
  0.1000E+01  0.0000E+00
 Relative number of events:
  0.1000E+01  0.0000E+00
 Events:
       16000           0
 Accuracy:    0.516   0.100   0.053  95.447
 Found          887  events.
 Wrote           17  events.
 Actual xsec   1.12801158963251144E-007
 Correct abs xsec   1.12801158963251144E-007
 Event xsec   1.12801158963251118E-007
 Events wgts > 1:            2
 % Cross section > 1:   3.61788781255146690E-010  0.32073143980108565     

 -------------------------------------------------------------------------------
 Accumulated results:   Integral =  0.5102E-07
                        Std dev  =  0.2697E-08
                       Cross sec =  0.5102E-07
             Chi**2 per DoF.     =     95.4472
 -------------------------------------------------------------------------------
-------------------------------------------------
---------------------------
 Results Last   3 iters: Integral =   0.1128E-06
                     Abs integral =   0.1128E-06
                          Std dev =   0.9296E-08
                  Chi**2 per DoF. =      2.4260
-------------------------------------------------
---------------------------
 Status  0.10000000000000001                6           5
>>>>>>> 911b5ec345c81b054214c521136984e9d6306827

ls status:
events.lhe
input_app.txt
<<<<<<< HEAD
multijob.dat
results.dat
run_01_log.txt
run_01_results.dat
run_02_log.txt
run_02_results.dat
run_03_log.txt
run_03_results.dat
=======
results.dat
>>>>>>> 911b5ec345c81b054214c521136984e9d6306827
run1_app.log
