 Process in group number            1
 No PDF is used, alpha_s(MZ) from param_card is used
 Value of alpha_s from param_card:   0.11800000071525575     
 The default order of alpha_s running is fixed to            2
 Warning: pt or E min of a gamma should in general be >0
 Warning: pt or E min of a gamma should in general be >0
 *****************************************************
 *               MadGraph/MadEvent                   *
 *        --------------------------------           *
 *          http://madgraph.hep.uiuc.edu             *
 *          http://madgraph.phys.ucl.ac.be           *
 *          http://madgraph.roma2.infn.it            *
 *        --------------------------------           *
 *                                                   *
 *          PARAMETER AND COUPLING VALUES            *
 *                                                   *
 *****************************************************

  External Params
  ---------------------------------
  
 mdl_MB =    4.6999998092651367     
 mdl_MT =    173.00000000000000     
 mdl_Me =   5.10999991092830896E-004
 mdl_MM =   0.10565999895334244     
 mdl_MTA =    1.7769999504089355     
 mdl_MZ =    91.188003540039063     
 mdl_MH =    125.00000000000000     
 aEWM1 =    132.50700378417969     
 mdl_Gf =   1.16639000000000003E-005
 aS =   0.11800000071525575     
 mdl_ymb =    4.6999998092651367     
 mdl_ymt =    173.00000000000000     
 mdl_yme =   5.10999991092830896E-004
 mdl_ymm =   0.10565999895334244     
 mdl_ymtau =    1.7769999504089355     
 mdl_WT =    1.4915000200271606     
 mdl_WTau =   2.26999999999999982E-012
 mdl_WZ =    2.4414041042327881     
 mdl_WW =    2.0476000308990479     
 mdl_WH =   6.38233916833996773E-003
  Internal Params
  ---------------------------------
  
 mdl_conjg__CKM3x3 =    1.0000000000000000     
 mdl_CKM3x3 =    1.0000000000000000     
 mdl_conjg__CKM1x1 =    1.0000000000000000     
 mdl_complexi =  (  0.0000000000000000     ,  1.0000000000000000     )
 mdl_MZ__exp__2 =    8315.2519896181766     
 mdl_MZ__exp__4 =    69143415.650849044     
 mdl_sqrt__2 =    1.4142135623730951     
 mdl_MH__exp__2 =    15625.000000000000     
 mdl_aEW =   7.54677089845565054E-003
 mdl_MW =    80.419007276179556     
 mdl_sqrt__aEW =   8.68721526063194194E-002
 mdl_ee =   0.30795376284704501     
 mdl_MW__exp__2 =    6467.2167312862202     
 mdl_sw2 =   0.22224645274001076     
 mdl_cw =   0.88190336616887299     
 mdl_sqrt__sw2 =   0.47143022043565552     
 mdl_sw =   0.47143022043565552     
 mdl_g1 =   0.34919218438279087     
 mdl_gw =   0.65323296958447097     
 mdl_vev =    246.21845810181631     
 mdl_vev__exp__2 =    60623.529110035874     
 mdl_lam =   0.12886910601690271     
 mdl_yb =   2.69955531549349904E-002
 mdl_ye =   2.93504850670934038E-006
 mdl_ym =   6.06883028478528356E-004
 mdl_yt =   0.99366614581500645     
 mdl_ytau =   1.02066167158167895E-002
 mdl_muH =    88.388347648318444     
 mdl_I1x33 =  ( 2.69955531549349904E-002,  0.0000000000000000     )
 mdl_I2x33 =  ( 0.99366614581500645     ,  0.0000000000000000     )
 mdl_I3x33 =  ( 0.99366614581500645     ,  0.0000000000000000     )
 mdl_I4x33 =  ( 2.69955531549349904E-002,  0.0000000000000000     )
 mdl_ee__exp__2 =   9.48355200516540348E-002
 mdl_sw__exp__2 =   0.22224645274001076     
 mdl_cw__exp__2 =   0.77775354725998924     
  Internal Params evaluated point by point
  ----------------------------------------
  
 mdl_sqrt__aS =   0.34351128178744839     
 mdl_G__exp__2 =    1.4828317414825511     
  Couplings of sm-lepton_masses
  ---------------------------------
  
         GC_3 =  -0.00000E+00  -0.30795E+00

 Collider parameters:
 --------------------

 Running at e e   machine @   7.00000000000000067E-002  GeV
 PDF set = none   
 alpha_s(Mz)= 0.1180 running at 2 loops.
 alpha_s(Mz)= 0.1180 running at 2 loops.
 Renormalization scale fixed @    91.188000000000002     
 Factorization scales  fixed @    91.188000000000002        91.188000000000002     


 getting user params
Enter number of events and max and min iterations: 
 Number of events and iterations         2000           9           3
Enter desired fractional accuracy: 
 Desired fractional accuracy:  -1.69639999999999989E-005
Enter 0 for fixed, 2 for adjustable grid: 
Suppress amplitude (0 no, 1 yes)? 
 Using suppressed amplitude.
Exact helicity sum (0 yes, n = number/event)? 
 Explicitly summing over helicities
Enter Configuration Number: 
Running Configuration Number:    1
 Not subdividing B.W.
 Attempting mappinvarients           1           4
 Completed mapping           4
 about to integrate            2        2000           9           3           2           1
 Using non-zero grid deformation.
  2 dimensions   2000 events  2 invarients  9 iterations  1 config(s),  (0.99)
 Using h-tuple random number sequence.
 Error opening grid
 Using Uniform Grid!
 Using uniform alpha   1.0000000000000000     
 Grid defined OK
 Set CM energy to          0.07
 Mapping Graph           1  to config           1
 Warning: No cutoff for shat integral found
          Minimum set to    204.08163265306121     
Setting grid   1    0.20408E+03   1
 Masses: 0.511E-03 0.511E-03 0.000E+00 0.000E+00
   1   1   2
 Got moffset          18
Using random seed offsets     1 :      1
  with seed                  267
 Ranmar initialization seeds       26466        6315
  Particle       3       4
      Et >     0.0     0.0
       E >     0.0     0.0
     Eta <    -1.0    -1.0
   xqcut:      0.0     0.0
d R # 3  >    -0.0     0.0
s min # 3>     0.0     0.0
xqcutij # 3>     0.0     0.0
 alpha_s for scale    91.188000000000002       is   0.11800000071525575     
 Added good helicity            1  3.45066142701330562E-003  in event            1
 Added good helicity            2  6.83165989140126803E-004  in event            1
 Added good helicity            3  6.83165989140126695E-004  in event            1
 Added good helicity            6   6.3869569579590317       in event            1
 Added good helicity            7   1.6082260486258753       in event            1
 Added good helicity           10   1.6082260486258753       in event            1
 Added good helicity           11   6.3869569579590317       in event            1
 Added good helicity           14  6.83165989140126695E-004  in event            1
 Added good helicity           15  6.83165989140126803E-004  in event            1
 Added good helicity           16  3.45066142701330562E-003  in event            1
 Iteration  1   Mean: 0.3575E+09 Abs mean: 0.3575E+09   Fluctuation:  0.175E+09   0.348E+12   100.0%
  1    0.3575E+09 0.3575E+09 +- 0.1747E+09     21.86
 Writing out events   19859.768171168504        21.860541142386243     
 Relative summed weights:
  0.7480E+00  0.0000E+00
  0.2520E+00  0.0000E+00
 Relative number of events:
  0.4895E+00  0.0000E+00
  0.5105E+00  0.0000E+00
 Events:
         979           0
        1021           0
Warning xbin not returning correct x   1  0.991919E+00  0.999875E+00  0.1570E-01
 Iteration  2   Mean: 0.9492E+08 Abs mean: 0.9492E+08   Fluctuation:  0.421E+07   0.325E+10   100.0%
  2    0.9492E+08 0.9492E+08 +- 0.4215E+07      2.81
 Relative summed weights:
  0.4842E+00  0.0000E+00
  0.5158E+00  0.0000E+00
 Relative number of events:
  0.5105E+00  0.0000E+00
  0.4895E+00  0.0000E+00
 Events:
        2042           0
        1958           0
 Iteration  3   Mean: 0.2912E+09 Abs mean: 0.2912E+09   Fluctuation:  0.102E+09   0.793E+12   100.0%
  3    0.2912E+09 0.2912E+09 +- 0.1025E+09     31.48
 Relative summed weights:
  0.3066E+00  0.0000E+00
  0.6934E+00  0.0000E+00
 Relative number of events:
  0.5041E+00  0.0000E+00
  0.4959E+00  0.0000E+00
 Events:
        4033           0
        3967           0
 Found          769  events.
 Wrote            2  events.
 Actual xsec    100083509.76968631     
 Correct abs xsec    100083509.76968631     
 Event xsec    100083509.76968631     
 Events wgts > 1:            1
 % Cross section > 1:   6.41936063766479492E-002  6.41400431743163773E-008
 Checking number of events   1697.8166597329584                2  chi2:    3.5747143606645242     
 Found          769  events.
 Wrote            2  events.
 Actual xsec    100083509.76968631     
 Correct abs xsec    100083509.76968631     
 Event xsec    100083509.76968631     
 Events wgts > 1:            1
 % Cross section > 1:   6.41936063766479492E-002  6.41400431743163773E-008
 Iteration  4   Mean: 0.2613E+09 Abs mean: 0.2613E+09   Fluctuation:  0.239E+08   0.210E+12   100.0%
  4    0.2613E+09 0.2613E+09 +- 0.2389E+08     11.57
 Relative summed weights:
  0.5554E+00  0.0000E+00
  0.4446E+00  0.0000E+00
 Relative number of events:
  0.4965E+00  0.0000E+00
  0.5035E+00  0.0000E+00
 Events:
        7944           0
        8056           0
 Found          881  events.
 Wrote           27  events.
 Actual xsec    128747275.03451918     
 Correct abs xsec    128747275.03451918     
 Event xsec    128747275.03451931     
 Events wgts > 1:            1
 % Cross section > 1:    1033457.3544948511       0.80270231289770111     
 Checking number of events   2184.0687736855834               27  chi2:    48.850940034945232     
 Found          881  events.
 Wrote           25  events.
 Actual xsec    128747275.03451918     
 Correct abs xsec    128747275.03451918     
 Event xsec    128747275.03451928     
 Events wgts > 1:            1
 % Cross section > 1:    1115417.6641833298       0.86636215320616894     
 Iteration  5   Mean: 0.2896E+09 Abs mean: 0.2896E+09   Fluctuation:  0.114E+08   0.847E+11   100.0%
  5    0.2896E+09 0.2896E+09 +- 0.1139E+08      7.04
 Relative summed weights:
  0.5243E+00  0.0000E+00
  0.4757E+00  0.0000E+00
 Relative number of events:
  0.4968E+00  0.0000E+00
  0.5032E+00  0.0000E+00
 Events:
       15896           0
       16104           0
 Found         2470  events.
 Wrote          142  events.
 Actual xsec    285251477.29623508     
 Correct abs xsec    285251477.29623508     
 Event xsec    285251477.29623550     
 Events wgts > 1:            9
 % Cross section > 1:    1877563.2435205949       0.65821332857488879     
 Checking number of events   4839.0060608533313              142  chi2:   0.57947330904761363     
 Found         2470  events.
 Wrote          113  events.
 Actual xsec    285251477.29623508     
 Correct abs xsec    285251477.29623508     
 Event xsec    285251477.29623449     
 Events wgts > 1:            9
 % Cross section > 1:    2355436.9061037367       0.82574047588809107     
 Iteration  6   Mean: 0.2800E+09 Abs mean: 0.2800E+09   Fluctuation:  0.201E+07   0.757E+10   100.0%
  6    0.2800E+09 0.2800E+09 +- 0.2015E+07      1.82
 Relative summed weights:
  0.4994E+00  0.0000E+00
  0.5006E+00  0.0000E+00
 Relative number of events:
  0.4998E+00  0.0000E+00
  0.5002E+00  0.0000E+00
 Events:
       31987           0
       32013           0
 Found         5826  events.
 Wrote         3609  events.
 Actual xsec    280168195.33020449     
 Correct abs xsec    280168195.33020449     
 Event xsec    280168195.33019418     
 Events wgts > 1:          248
 % Cross section > 1:    2753870.0536663169       0.98293457272004925     
 Checking number of events   4752.7732655815889             3609  chi2:   0.66215895779695733     
 Found         5826  events.
 Wrote         3532  events.
 Actual xsec    280168195.33020449     
 Correct abs xsec    280168195.33020449     
 Event xsec    280168195.33018678     
 Events wgts > 1:          248
 % Cross section > 1:    2813303.4393847147        1.0041480390267534     
 Iteration  7   Mean: 0.2793E+09 Abs mean: 0.2793E+09   Fluctuation:  0.718E+06   0.201E+10   100.0%
  7    0.2793E+09 0.2793E+09 +- 0.7176E+06      0.92
 Relative summed weights:
  0.4987E+00  0.0000E+00
  0.5013E+00  0.0000E+00
 Relative number of events:
  0.5004E+00  0.0000E+00
  0.4996E+00  0.0000E+00
 Events:
       64047           0
       63953           0
 Found        12771  events.
 Wrote        12766  events.
 Actual xsec    279372386.83601850     
 Correct abs xsec    279372386.83601850     
 Event xsec    279372386.83597267     
 Events wgts > 1:            0
 % Cross section > 1:    0.0000000000000000        0.0000000000000000     
 Checking number of events   4739.2731702862175            12766  chi2:   0.46212773949027486     

 -------------------------------------------------------------------------------
 Accumulated results:   Integral =  0.2788E+09
                        Std dev  =  0.6722E+06
                       Cross sec =  0.3719E+02
             Chi**2 per DoF.     =
-------------------------------------------------
---------------------------
 Results Last   3 iters: Integral =   0.2794E+09
                     Abs integral =   0.2794E+09
                          Std dev =   0.6748E+06
                  Chi**2 per DoF. =      0.4621
-------------------------------------------------
---------------------------
 Status -1.69639999999999989E-005           8           9
 We found enough events       12766   4739.2731702862175     

ls status:
events.lhe
ftn25
ftn26
input_sg.txt
moffset.dat
results.dat
run_01_ftn26.gz
run_01_log.txt
run_01_results.dat
run_12_ftn26.gz
run_12_log.txt
run_12_results.dat
run_13_ftn26.gz
run_13_log.txt
run_13_results.dat
run_14_ftn26.gz
run_14_log.txt
run_14_results.dat
run_15_ftn26.gz
run_15_log.txt
run_15_results.dat
run1_app.log
run_20_ftn26.gz
run_20_log.txt
run_20_results.dat
run_21_ftn26.gz
run_21_log.txt
run_21_results.dat
run_25_ftn26.gz
run_25_log.txt
run_25_results.dat
