 Process in group number            0
 No PDF is used, alpha_s(MZ) from param_card is used
 Value of alpha_s from param_card:   0.11800000071525575     
 The default order of alpha_s running is fixed to            2
 *****************************************************
 *               MadGraph/MadEvent                   *
 *        --------------------------------           *
 *          http://madgraph.hep.uiuc.edu             *
 *          http://madgraph.phys.ucl.ac.be           *
 *          http://madgraph.roma2.infn.it            *
 *        --------------------------------           *
 *                                                   *
 *          PARAMETER AND COUPLING VALUES            *
 *                                                   *
 *****************************************************

  External Params
  ---------------------------------
  
 aEWM1 =    132.50700378417969     
 mdl_Gf =   1.16639000000000003E-005
 aS =   0.11800000071525575     
 mdl_ymb =    4.6999998092651367     
 mdl_ymt =    173.00000000000000     
 mdl_yme =   5.10999991092830896E-004
 mdl_ymm =   0.10565999895334244     
 mdl_ymtau =    1.7769999504089355     
 mdl_MZ =    91.188003540039063     
 mdl_MT =    173.00000000000000     
 mdl_MB =    4.6999998092651367     
 mdl_MH =    125.00000000000000     
 mdl_Me =   5.10999991092830896E-004
 mdl_MM =   0.10565999895334244     
 mdl_MTA =    1.7769999504089355     
 mdl_WZ =    2.4414041042327881     
 mdl_WW =    2.0476000308990479     
 mdl_WT =    1.4915000200271606     
 mdl_WH =   6.38233916833996773E-003
 mdl_WTau =   2.26999999999999982E-012
  Internal Params
  ---------------------------------
  
 mdl_conjg__CKM3x3 =    1.0000000000000000     
 mdl_CKM3x3 =    1.0000000000000000     
 mdl_conjg__CKM1x1 =    1.0000000000000000     
 mdl_complexi =  (  0.0000000000000000     ,  1.0000000000000000     )
 mdl_MZ__exp__2 =    8315.2519896181766     
 mdl_MZ__exp__4 =    69143415.650849044     
 mdl_sqrt__2 =    1.4142135623730951     
 mdl_MH__exp__2 =    15625.000000000000     
 mdl_aEW =   7.54677089845565054E-003
 mdl_MW =    80.419007276179556     
 mdl_sqrt__aEW =   8.68721526063194194E-002
 mdl_ee =   0.30795376284704501     
 mdl_MW__exp__2 =    6467.2167312862202     
 mdl_sw2 =   0.22224645274001076     
 mdl_cw =   0.88190336616887299     
 mdl_sqrt__sw2 =   0.47143022043565552     
 mdl_sw =   0.47143022043565552     
 mdl_g1 =   0.34919218438279087     
 mdl_gw =   0.65323296958447097     
 mdl_vev =    246.21845810181631     
 mdl_vev__exp__2 =    60623.529110035874     
 mdl_lam =   0.12886910601690271     
 mdl_yb =   2.69955531549349904E-002
 mdl_ye =   2.93504850670934038E-006
 mdl_ym =   6.06883028478528356E-004
 mdl_yt =   0.99366614581500645     
 mdl_ytau =   1.02066167158167895E-002
 mdl_muH =    88.388347648318444     
 mdl_I1x33 =  ( 2.69955531549349904E-002,  0.0000000000000000     )
 mdl_I2x33 =  ( 0.99366614581500645     ,  0.0000000000000000     )
 mdl_I3x33 =  ( 0.99366614581500645     ,  0.0000000000000000     )
 mdl_I4x33 =  ( 2.69955531549349904E-002,  0.0000000000000000     )
 mdl_ee__exp__2 =   9.48355200516540348E-002
 mdl_sw__exp__2 =   0.22224645274001076     
 mdl_cw__exp__2 =   0.77775354725998924     
  Internal Params evaluated point by point
  ----------------------------------------
  
 mdl_sqrt__aS =   0.34351128178744839     
 mdl_G__exp__2 =    1.4828317414825511     
  Couplings of sm-lepton_masses
  ---------------------------------
  
         GC_3 =  -0.00000E+00  -0.30795E+00
        GC_50 =  -0.00000E+00  -0.28804E+00
        GC_59 =   0.00000E+00   0.82310E-01
        GC_89 =  -0.00000E+00  -0.20754E-05

 Collider parameters:
 --------------------

 Running at e e   machine @   7.14879999999999960E-002  GeV
 PDF set = none   
 alpha_s(Mz)= 0.1180 running at 2 loops.
 alpha_s(Mz)= 0.1180 running at 2 loops.
 Renormalization scale fixed @    91.188000000000002     
 Factorization scales  fixed @    91.188000000000002        91.188000000000002     


 getting user params
Enter number of events and max and min iterations: 
 Number of events and iterations         2000           9           3
Enter desired fractional accuracy: 
 Desired fractional accuracy:  -5.74259999999999987E-006
Enter 0 for fixed, 2 for adjustable grid: 
Suppress amplitude (0 no, 1 yes)? 
 Using suppressed amplitude.
Exact helicity sum (0 yes, n = number/event)? 
 Explicitly summing over helicities
Enter Configuration Number: 
Running Configuration Number:   22
 Not subdividing B.W.
 Attempting mappinvarients           1           5
 Completed mapping           5
 about to integrate            5        2000           9           3           5           1
 Using non-zero grid deformation.
  5 dimensions   2000 events  5 invarients  9 iterations  1 config(s),  (0.99)
 Using h-tuple random number sequence.
 Error opening grid
 Using Uniform Grid!
 Using uniform alpha   1.0000000000000000     
 Grid defined OK
 Set CM energy to          0.07
 Mapping Graph          22  to config          22
Setting grid   1    0.51095E-04   1
Setting grid   2    0.51095E-04   1
 Masses: 0.511E-03 0.511E-03 0.000E+00 0.511E-03 0.511E-03
  22   1   2   3   4   5
 Got moffset           5
Using random seed offsets    22 :      1
  with seed                   87
 Ranmar initialization seeds       17634       25249
  Particle       3       4       5
      Et >     0.0     0.0     0.0
       E >     0.0     0.0     0.0
     Eta <    -1.0    -1.0    -1.0
   xqcut:      0.0     0.0     0.0
d R # 3  >    -0.0     0.0     0.0
d R # 4  >    -0.0    -0.0     0.0
s min # 3>     0.0     0.0     0.0
s min # 4>     0.0     0.0     0.0
xqcutij # 3>     0.0     0.0     0.0
xqcutij # 4>     0.0     0.0     0.0
 alpha_s for scale    91.188000000000002       is   0.11800000071525575     
 Added good helicity            1   5.9090528024424351       in event            1
 Added good helicity            3  1.40948106840516948E-002  in event            1
 Added good helicity            5   2.0976741648982671       in event            1
 Added good helicity           10   5.8256186039371354       in event            1
 Added good helicity           12  1.37415058382295858E-002  in event            1
 Added good helicity           14   2.1398161958412474       in event            1
 Added good helicity           19   2.1398161972750893       in event            1
 Added good helicity           21  1.37415058567458941E-002  in event            1
 Added good helicity           23   5.8256186078455539       in event            1
 Added good helicity           28   2.0976741648988115       in event            1
 Added good helicity           30  1.40948106935805499E-002  in event            1
 Added good helicity           32   5.9090528024411233       in event            1
 Added good helicity            2  1.67247677302039960E-005  in event            2
 Added good helicity            6  1.51885125641434160E-005  in event            2
 Added good helicity            7  1.88702945784431956E-005  in event            2
 Added good helicity            9  1.70239979799237974E-005  in event            2
 Added good helicity           11  6.99402404693860117E-003  in event            2
 Added good helicity           13  1.58350800236410611E-005  in event            2
 Added good helicity           15  6.57259242259027564E-003  in event            2
 Added good helicity           16  1.81960964384497789E-005  in event            2
 Added good helicity           17  1.81960984990352661E-005  in event            2
 Added good helicity           18  6.57259242549906864E-003  in event            2
 Added good helicity           20  1.58350818141642555E-005  in event            2
 Added good helicity           22  6.99402404387823064E-003  in event            2
 Added good helicity           24  1.70239999303935751E-005  in event            2
 Added good helicity           26  1.88702925334323607E-005  in event            2
 Added good helicity           27  1.51885143805494267E-005  in event            2
 Added good helicity           31  1.67247697228605241E-005  in event            2
 Added good helicity            4  1.80607294704693402E-005  in event           16
 Added good helicity           29  1.80607296934375702E-005  in event           16
 Iteration  1   Mean: 0.2460E+10 Abs mean: 0.2460E+10   Fluctuation:  0.170E+09   0.110E+12    83.1%
  1    0.2460E+10 0.2460E+10 +- 0.1696E+09      3.08
 Writing out events   164454.24168030763        3.0835299630355064     
 Relative summed weights:
  0.1000E+01  0.0000E+00
 Relative number of events:
  0.1000E+01  0.0000E+00
 Events:
        2000           0
 Iteration  2   Mean: 0.2622E+10 Abs mean: 0.2622E+10   Fluctuation:  0.708E+08   0.437E+11    86.5%
  2    0.2622E+10 0.2622E+10 +- 0.7079E+08      1.71
 Relative summed weights:
  0.1000E+01  0.0000E+00
 Relative number of events:
  0.1000E+01  0.0000E+00
 Events:
        4000           0
 Iteration  3   Mean: 0.2459E+10 Abs mean: 0.2459E+10   Fluctuation:  0.369E+08   0.233E+11    81.8%
  3    0.2459E+10 0.2459E+10 +- 0.3691E+08      1.34
 Relative summed weights:
  0.1000E+01  0.0000E+00
 Relative number of events:
  0.1000E+01  0.0000E+00
 Events:
        8000           0
 Found          925  events.
 Wrote          920  events.
 Actual xsec    2495979420.8469291     
 Correct abs xsec    2495979420.8469291     
 Event xsec    2495979420.8469057     
 Events wgts > 1:            7
 % Cross section > 1:    897096.00171407638       3.59416425560786304E-002
 Checking number of events   14333.411422155574              920  chi2:    2.1193846580918407     
 Found          925  events.
 Wrote          920  events.
 Actual xsec    2495979420.8469291     
 Correct abs xsec    2495979420.8469291     
 Event xsec    2495979420.8469057     
 Events wgts > 1:            7
 % Cross section > 1:    897096.00171407638       3.59416425560786304E-002
 Iteration  4   Mean: 0.2439E+10 Abs mean: 0.2439E+10   Fluctuation:  0.226E+08   0.483E+11    77.7%
  4    0.2439E+10 0.2439E+10 +- 0.2264E+08      1.17
 Relative summed weights:
  0.1000E+01  0.0000E+00
 Relative number of events:
  0.1000E+01  0.0000E+00
 Events:
       16000           0
 Found         2038  events.
 Wrote         2033  events.
 Actual xsec    2458648807.2637210     
 Correct abs xsec    2458648807.2637210     
 Event xsec    2458648807.2637362     
 Events wgts > 1:            5
 % Cross section > 1:    2440673.4932470992       9.92688946073334577E-002
 Checking number of events   14119.036640592643             2033  chi2:    3.0297440497387056     
 Found         2038  events.
 Wrote         2033  events.
 Actual xsec    2458648807.2637210     
 Correct abs xsec    2458648807.2637210     
 Event xsec    2458648807.2637362     
 Events wgts > 1:            5
 % Cross section > 1:    2440673.4932470992       9.92688946073334577E-002
 Iteration  5   Mean: 0.2421E+10 Abs mean: 0.2421E+10   Fluctuation:  0.150E+08   0.311E+11    73.9%
  5    0.2421E+10 0.2421E+10 +- 0.1501E+08      1.11
 Relative summed weights:
  0.1000E+01  0.0000E+00
 Relative number of events:
  0.1000E+01  0.0000E+00
 Events:
       32000           0
 Found         4301  events.
 Wrote         4296  events.
 Actual xsec    2430068001.0186038     
 Correct abs xsec    2430068001.0186038     
 Event xsec    2430068001.0184073     
 Events wgts > 1:           12
 % Cross section > 1:    2007378.7725651902       8.26058683017893286E-002
 Checking number of events   13954.908502649434             4296  chi2:   0.56453797266819727     
 Found         4301  events.
 Wrote         4296  events.
 Actual xsec    2430068001.0186038     
 Correct abs xsec    2430068001.0186038     
 Event xsec    2430068001.0184073     
 Events wgts > 1:           12
 % Cross section > 1:    2007378.7725651902       8.26058683017893286E-002
 Iteration  6   Mean: 0.2420E+10 Abs mean: 0.2420E+10   Fluctuation:  0.105E+08   0.411E+11    71.3%
  6    0.2420E+10 0.2420E+10 +- 0.1049E+08      1.10
 Relative summed weights:
  0.1000E+01  0.0000E+00
 Relative number of events:
  0.1000E+01  0.0000E+00
 Events:
       64000           0
 Found         8942  events.
 Wrote         8937  events.
 Actual xsec    2422554520.1273336     
 Correct abs xsec    2422554520.1273336     
 Event xsec    2422554520.1271744     
 Events wgts > 1:           46
 % Cross section > 1:    4434494.1806339789       0.18305033565978054     
 Checking number of events   13911.761587283227             8937  chi2:   0.31792710555150216     
 Found         8942  events.
 Wrote         8937  events.
 Actual xsec    2422554520.1273336     
 Correct abs xsec    2422554520.1273336     
 Event xsec    2422554520.1271744     
 Events wgts > 1:           46
 % Cross section > 1:    4434494.1806339789       0.18305033565978054     
 Iteration  7   Mean: 0.2410E+10 Abs mean: 0.2410E+10   Fluctuation:  0.815E+07   0.382E+12    69.1%
  7    0.2410E+10 0.2410E+10 +- 0.8154E+07      1.21
 Relative summed weights:
  0.1000E+01  0.0000E+00
 Relative number of events:
  0.1000E+01  0.0000E+00
 Events:
      128000           0
 Found        18467  events.
 Wrote        18462  events.
 Actual xsec    2414562521.7987394     
 Correct abs xsec    2414562521.7987394     
 Event xsec    2414562521.7993360     
 Events wgts > 1:          121
 % Cross section > 1:    12428229.332158865       0.51471971506032188     
 Checking number of events   13865.866737681441            18462  chi2:   0.40043808008888238     

 -------------------------------------------------------------------------------
 Accumulated results:   Integral =  0.2419E+10
                        Std dev  =  0.5635E+07
                       Cross sec =  0.2184E+01
             Chi**2 per DoF.     =
-------------------------------------------------
---------------------------
 Results Last   3 iters: Integral =   0.2415E+10
                     Abs integral =   0.2415E+10
                          Std dev =   0.5916E+07
                  Chi**2 per DoF. =      0.4004
-------------------------------------------------
---------------------------
 Status -5.74259999999999987E-006           8           9
 We found enough events       18462   13865.866737681441     

ls status:
events.lhe
ftn25
ftn26
input_sg.txt
moffset.dat
results.dat
run_01_ftn26.gz
run_01_log.txt
run_01_results.dat
run_02_ftn26.gz
run_02_log.txt
run_02_results.dat
run_03_ftn26.gz
run_03_log.txt
run_03_results.dat
run1_app.log
