 Process in group number            0
 No PDF is used, alpha_s(MZ) from param_card is used
 Value of alpha_s from param_card:   0.11800000071525575     
 The default order of alpha_s running is fixed to            2
 Warning: pt or E min of a gamma should in general be >0
 *****************************************************
 *               MadGraph/MadEvent                   *
 *        --------------------------------           *
 *          http://madgraph.hep.uiuc.edu             *
 *          http://madgraph.phys.ucl.ac.be           *
 *          http://madgraph.roma2.infn.it            *
 *        --------------------------------           *
 *                                                   *
 *          PARAMETER AND COUPLING VALUES            *
 *                                                   *
 *****************************************************

  External Params
  ---------------------------------
  
 aEWM1 =    132.50700378417969     
 mdl_Gf =   1.16639000000000003E-005
 aS =   0.11800000071525575     
 mdl_ymb =    4.6999998092651367     
 mdl_ymt =    173.00000000000000     
 mdl_yme =   5.10999991092830896E-004
 mdl_ymm =   0.10565999895334244     
 mdl_ymtau =    1.7769999504089355     
 mdl_MZ =    91.188003540039063     
 mdl_MT =    173.00000000000000     
 mdl_MB =    4.6999998092651367     
 mdl_MH =    125.00000000000000     
 mdl_Me =   5.10999991092830896E-004
 mdl_MM =   0.10565999895334244     
 mdl_MTA =    1.7769999504089355     
 mdl_WZ =    2.4414041042327881     
 mdl_WW =    2.0476000308990479     
 mdl_WT =    1.4915000200271606     
 mdl_WH =   6.38233916833996773E-003
 mdl_WTau =   2.26999999999999982E-012
  Internal Params
  ---------------------------------
  
 mdl_conjg__CKM3x3 =    1.0000000000000000     
 mdl_CKM3x3 =    1.0000000000000000     
 mdl_conjg__CKM1x1 =    1.0000000000000000     
 mdl_complexi =  (  0.0000000000000000     ,  1.0000000000000000     )
 mdl_MZ__exp__2 =    8315.2519896181766     
 mdl_MZ__exp__4 =    69143415.650849044     
 mdl_sqrt__2 =    1.4142135623730951     
 mdl_MH__exp__2 =    15625.000000000000     
 mdl_aEW =   7.54677089845565054E-003
 mdl_MW =    80.419007276179556     
 mdl_sqrt__aEW =   8.68721526063194194E-002
 mdl_ee =   0.30795376284704501     
 mdl_MW__exp__2 =    6467.2167312862202     
 mdl_sw2 =   0.22224645274001076     
 mdl_cw =   0.88190336616887299     
 mdl_sqrt__sw2 =   0.47143022043565552     
 mdl_sw =   0.47143022043565552     
 mdl_g1 =   0.34919218438279087     
 mdl_gw =   0.65323296958447097     
 mdl_vev =    246.21845810181631     
 mdl_vev__exp__2 =    60623.529110035874     
 mdl_lam =   0.12886910601690271     
 mdl_yb =   2.69955531549349904E-002
 mdl_ye =   2.93504850670934038E-006
 mdl_ym =   6.06883028478528356E-004
 mdl_yt =   0.99366614581500645     
 mdl_ytau =   1.02066167158167895E-002
 mdl_muH =    88.388347648318444     
 mdl_I1x33 =  ( 2.69955531549349904E-002,  0.0000000000000000     )
 mdl_I2x33 =  ( 0.99366614581500645     ,  0.0000000000000000     )
 mdl_I3x33 =  ( 0.99366614581500645     ,  0.0000000000000000     )
 mdl_I4x33 =  ( 2.69955531549349904E-002,  0.0000000000000000     )
 mdl_ee__exp__2 =   9.48355200516540348E-002
 mdl_sw__exp__2 =   0.22224645274001076     
 mdl_cw__exp__2 =   0.77775354725998924     
  Internal Params evaluated point by point
  ----------------------------------------
  
 mdl_sqrt__aS =   0.34351128178744839     
 mdl_G__exp__2 =    1.4828317414825511     
  Couplings of sm-lepton_masses
  ---------------------------------
  
         GC_3 =  -0.00000E+00  -0.30795E+00
        GC_50 =  -0.00000E+00  -0.28804E+00
        GC_59 =   0.00000E+00   0.82310E-01
        GC_89 =  -0.00000E+00  -0.20754E-05

 Collider parameters:
 --------------------

 Running at e e   machine @   7.00000000000000067E-002  GeV
 PDF set = none   
 alpha_s(Mz)= 0.1180 running at 2 loops.
 alpha_s(Mz)= 0.1180 running at 2 loops.
 Renormalization scale fixed @    91.188000000000002     
 Factorization scales  fixed @    91.188000000000002        91.188000000000002     


 getting user params
Enter number of events and max and min iterations: 
 Number of events and iterations         1000           5           3
Enter desired fractional accuracy: 
 Desired fractional accuracy:   0.10000000000000001     
Enter 0 for fixed, 2 for adjustable grid: 
Suppress amplitude (0 no, 1 yes)? 
 Using suppressed amplitude.
Exact helicity sum (0 yes, n = number/event)? 
 Explicitly summing over helicities
Enter Configuration Number: 
Running Configuration Number:   13
 Not subdividing B.W.
 Attempting mappinvarients           1           5
 Completed mapping           5
 about to integrate            5        1000           5           3           5           1
 Using non-zero grid deformation.
  5 dimensions   1000 events  5 invarients  5 iterations  1 config(s),  (0.99)
 Using h-tuple random number sequence.
 Error opening grid
 Using Uniform Grid!
 Using uniform alpha   1.0000000000000000     
 Grid defined OK
 Set CM energy to          0.07
 Mapping Graph          13  to config          13
Setting grid   1    0.53290E-04   1
 Warning: No cutoff for shat integral found
          Minimum set to    204.08163265306121     
Setting grid   2    0.20408E+03   1
 Masses: 0.511E-03 0.511E-03 0.000E+00 0.511E-03 0.511E-03
  13   1   2   3   4   5
Using random seed offsets    13 :      1
  with seed                   24
 Ranmar initialization seeds       31071        9398
  Particle       3       4       5
      Et >     0.0     0.0     0.0
       E >     0.0     0.0     0.0
     Eta <    -1.0    -1.0    -1.0
   xqcut:      0.0     0.0     0.0
d R # 3  >    -0.0     0.0     0.0
d R # 4  >    -0.0    -0.0     0.4
s min # 3>     0.0     0.0     0.0
s min # 4>     0.0     0.0     0.0
xqcutij # 3>     0.0     0.0     0.0
xqcutij # 4>     0.0     0.0     0.0
 alpha_s for scale    91.188000000000002       is   0.11800000071525575     
 Added good helicity            1   9.2022174285755156       in event            1
 Added good helicity            2  1.07483139802893451E-005  in event            1
 Added good helicity            3  1.06886866327085398E-003  in event            1
 Added good helicity            5  0.53984339166573159       in event            1
 Added good helicity            6  1.81691430532343126E-005  in event            1
 Added good helicity            7  7.23335768592729418E-005  in event            1
 Added good helicity            9  6.62659674764101052E-005  in event            1
 Added good helicity           10   4.9578478025400479       in event            1
 Added good helicity           11  2.15954207295170932E-003  in event            1
 Added good helicity           12  8.26637853862805514E-005  in event            1
 Added good helicity           13  2.04010759260544315E-005  in event            1
 Added good helicity           14   1.2948755460914190       in event            1
 Added good helicity           15  1.61469642481973093E-003  in event            1
 Added good helicity           16  1.02022760610539186E-004  in event            1
 Added good helicity           17  1.02022763251617758E-004  in event            1
 Added good helicity           18  1.61469640757350239E-003  in event            1
 Added good helicity           19   1.2948755847517623       in event            1
 Added good helicity           20  2.04010747498367661E-005  in event            1
 Added good helicity           21  8.26637969451173384E-005  in event            1
 Added good helicity           22  2.15954209577454538E-003  in event            1
 Added good helicity           23   4.9578479447586075       in event            1
 Added good helicity           24  6.62659692301062790E-005  in event            1
 Added good helicity           26  7.23335769030676216E-005  in event            1
 Added good helicity           27  1.81691431731292310E-005  in event            1
 Added good helicity           28  0.53984339166699358       in event            1
 Added good helicity           30  1.06886869278568011E-003  in event            1
 Added good helicity           31  1.07483132042346774E-005  in event            1
 Added good helicity           32   9.2022174285691420       in event            1
 Added good helicity            4  1.90099872148699754E-005  in event           15
 Added good helicity           29  1.90099872344528452E-005  in event           15
Warning xbin not returning correct x   2  0.999992E+00  0.997828E+00  0.2837E+03
Warning xbin not returning correct x   2  0.999996E+00  0.998805E+00  0.2837E+03
Warning xbin not returning correct x   2  0.999969E+00  0.991229E+00  0.2837E+03
Warning xbin not returning correct x   2  0.999975E+00  0.992899E+00  0.2837E+03
Warning xbin not returning correct x   2  0.999989E+00  0.996813E+00  0.2837E+03
 Iteration  1   Mean: 0.9616E+09 Abs mean: 0.9616E+09   Fluctuation:  0.526E+09   0.487E+12    87.9%
  1    0.9616E+09 0.9616E+09 +- 0.5264E+09     17.31
 Writing out events   218869.71586455707        17.309596030776401     
 Relative summed weights:
  0.1000E+01  0.0000E+00
 Relative number of events:
  0.1000E+01  0.0000E+00
 Events:
        1000           0
Warning xbin not returning correct x   2  0.985856E+00  0.999790E+00  0.1505E-01
Warning xbin not returning correct x   2  0.988353E+00  0.999827E+00  0.1505E-01
Warning xbin not returning correct x   2  0.990007E+00  0.999852E+00  0.1505E-01
Warning xbin not returning correct x   2  0.987029E+00  0.999808E+00  0.1505E-01
Warning xbin not returning correct x   2  0.991308E+00  0.999871E+00  0.1505E-01
Warning xbin still not working well. Last message this iteration.
 Iteration  2   Mean: 0.2755E+11 Abs mean: 0.2755E+11   Fluctuation:  0.273E+11   0.546E+14    85.0%
  2    0.2755E+11 0.2755E+11 +- 0.2732E+11     44.33
 Relative summed weights:
  0.1000E+01  0.0000E+00
 Relative number of events:
  0.1000E+01  0.0000E+00
 Events:
        2000           0
 Iteration  3   Mean: 0.3856E+11 Abs mean: 0.3856E+11   Fluctuation:  0.263E+11   0.101E+15    87.2%
  3    0.3856E+11 0.3856E+11 +- 0.2633E+11     43.18
 Relative summed weights:
  0.1000E+01  0.0000E+00
 Relative number of events:
  0.1000E+01  0.0000E+00
 Events:
        4000           0
 Accuracy:    0.702   0.100   0.392   3.200
 Found           21  events.
 Wrote            2  events.
 Actual xsec    17531201933.558887     
 Correct abs xsec    17531201933.558887     
 Event xsec    17531201933.558887     
 Events wgts > 1:            0
 % Cross section > 1:    0.0000000000000000        0.0000000000000000     
 Iteration  4   Mean: 0.1264E+11 Abs mean: 0.1264E+11   Fluctuation:  0.519E+10   0.388E+14    92.8%
  4    0.1264E+11 0.1264E+11 +- 0.5194E+10     36.74
 Relative summed weights:
  0.1000E+01  0.0000E+00
 Relative number of events:
  0.1000E+01  0.0000E+00
 Events:
        8000           0
 Accuracy:    0.487   0.100   0.284   2.944
 Found          108  events.
 Wrote            1  events.
 Actual xsec    20430000946.631969     
 Correct abs xsec    20430000946.631969     
 Event xsec    20430000946.631969     
 Events wgts > 1:            1
 % Cross section > 1:    4959.6497840881348       2.42763071673071429E-005
 Iteration  5   Mean: 0.1220E+11 Abs mean: 0.1220E+11   Fluctuation:  0.453E+10   0.694E+14    95.3%
  5    0.1220E+11 0.1220E+11 +- 0.4525E+10     46.94
 Relative summed weights:
  0.1000E+01  0.0000E+00
 Relative number of events:
  0.1000E+01  0.0000E+00
 Events:
       16000           0
 Accuracy:    0.365   0.100   0.225   2.621
 Found          614  events.
 Wrote            2  events.
 Actual xsec    16056766056.955954     
 Correct abs xsec    16056766056.955954     
 Event xsec    16056766056.955952     
 Events wgts > 1:            1
 % Cross section > 1:    195.65751361846924       1.21853624150990507E-006

 -------------------------------------------------------------------------------
 Accumulated results:   Integral =  0.1409E+11
                        Std dev  =  0.3176E+10
                       Cross sec =  0.1409E+11
             Chi**2 per DoF.     =      2.6214
 -------------------------------------------------------------------------------
-------------------------------------------------
---------------------------
 Results Last   3 iters: Integral =   0.1606E+11
                     Abs integral =   0.1606E+11
                          Std dev =   0.4100E+10
                  Chi**2 per DoF. =      0.9451
-------------------------------------------------
---------------------------
 Status  0.10000000000000001                6           5

ls status:
events.lhe
input_app.txt
results.dat
run1_app.log
