 Process in group number            0
 No PDF is used, alpha_s(MZ) from param_card is used
 Value of alpha_s from param_card:   0.11800000071525575     
 The default order of alpha_s running is fixed to            2
 *****************************************************
 *               MadGraph/MadEvent                   *
 *        --------------------------------           *
 *          http://madgraph.hep.uiuc.edu             *
 *          http://madgraph.phys.ucl.ac.be           *
 *          http://madgraph.roma2.infn.it            *
 *        --------------------------------           *
 *                                                   *
 *          PARAMETER AND COUPLING VALUES            *
 *                                                   *
 *****************************************************

  External Params
  ---------------------------------
  
 aEWM1 =    132.50700378417969     
 mdl_Gf =   1.16639000000000003E-005
 aS =   0.11800000071525575     
 mdl_ymb =    4.6999998092651367     
 mdl_ymt =    173.00000000000000     
 mdl_yme =   5.10999991092830896E-004
 mdl_ymm =   0.10565999895334244     
 mdl_ymtau =    1.7769999504089355     
 mdl_MZ =    91.188003540039063     
 mdl_MT =    173.00000000000000     
 mdl_MB =    4.6999998092651367     
 mdl_MH =    125.00000000000000     
 mdl_Me =   5.10999991092830896E-004
 mdl_MM =   0.10565999895334244     
 mdl_MTA =    1.7769999504089355     
 mdl_WZ =    2.4414041042327881     
 mdl_WW =    2.0476000308990479     
 mdl_WT =    1.4915000200271606     
 mdl_WH =   6.38233916833996773E-003
 mdl_WTau =   2.26999999999999982E-012
  Internal Params
  ---------------------------------
  
 mdl_conjg__CKM3x3 =    1.0000000000000000     
 mdl_CKM3x3 =    1.0000000000000000     
 mdl_conjg__CKM1x1 =    1.0000000000000000     
 mdl_complexi =  (  0.0000000000000000     ,  1.0000000000000000     )
 mdl_MZ__exp__2 =    8315.2519896181766     
 mdl_MZ__exp__4 =    69143415.650849044     
 mdl_sqrt__2 =    1.4142135623730951     
 mdl_MH__exp__2 =    15625.000000000000     
 mdl_aEW =   7.54677089845565054E-003
 mdl_MW =    80.419007276179556     
 mdl_sqrt__aEW =   8.68721526063194194E-002
 mdl_ee =   0.30795376284704501     
 mdl_MW__exp__2 =    6467.2167312862202     
 mdl_sw2 =   0.22224645274001076     
 mdl_cw =   0.88190336616887299     
 mdl_sqrt__sw2 =   0.47143022043565552     
 mdl_sw =   0.47143022043565552     
 mdl_g1 =   0.34919218438279087     
 mdl_gw =   0.65323296958447097     
 mdl_vev =    246.21845810181631     
 mdl_vev__exp__2 =    60623.529110035874     
 mdl_lam =   0.12886910601690271     
 mdl_yb =   2.69955531549349904E-002
 mdl_ye =   2.93504850670934038E-006
 mdl_ym =   6.06883028478528356E-004
 mdl_yt =   0.99366614581500645     
 mdl_ytau =   1.02066167158167895E-002
 mdl_muH =    88.388347648318444     
 mdl_I1x33 =  ( 2.69955531549349904E-002,  0.0000000000000000     )
 mdl_I2x33 =  ( 0.99366614581500645     ,  0.0000000000000000     )
 mdl_I3x33 =  ( 0.99366614581500645     ,  0.0000000000000000     )
 mdl_I4x33 =  ( 2.69955531549349904E-002,  0.0000000000000000     )
 mdl_ee__exp__2 =   9.48355200516540348E-002
 mdl_sw__exp__2 =   0.22224645274001076     
 mdl_cw__exp__2 =   0.77775354725998924     
  Internal Params evaluated point by point
  ----------------------------------------
  
 mdl_sqrt__aS =   0.34351128178744839     
 mdl_G__exp__2 =    1.4828317414825511     
  Couplings of sm-lepton_masses
  ---------------------------------
  
         GC_3 =  -0.00000E+00  -0.30795E+00
        GC_50 =  -0.00000E+00  -0.28804E+00
        GC_59 =   0.00000E+00   0.82310E-01
        GC_89 =  -0.00000E+00  -0.20754E-05

 Collider parameters:
 --------------------

 Running at e e   machine @   7.14879999999999960E-002  GeV
 PDF set = none   
 alpha_s(Mz)= 0.1180 running at 2 loops.
 alpha_s(Mz)= 0.1180 running at 2 loops.
 Renormalization scale fixed @    91.188000000000002     
 Factorization scales  fixed @    91.188000000000002        91.188000000000002     


 getting user params
Enter number of events and max and min iterations: 
 Number of events and iterations         2000           9           3
Enter desired fractional accuracy: 
 Desired fractional accuracy:  -5.74259999999999987E-006
Enter 0 for fixed, 2 for adjustable grid: 
Suppress amplitude (0 no, 1 yes)? 
 Using suppressed amplitude.
Exact helicity sum (0 yes, n = number/event)? 
 Explicitly summing over helicities
Enter Configuration Number: 
Running Configuration Number:   16
 Not subdividing B.W.
 Attempting mappinvarients           1           5
 Completed mapping           5
 about to integrate            5        2000           9           3           5           1
 Using non-zero grid deformation.
  5 dimensions   2000 events  5 invarients  9 iterations  1 config(s),  (0.99)
 Using h-tuple random number sequence.
 Error opening grid
 Using Uniform Grid!
 Using uniform alpha   1.0000000000000000     
 Grid defined OK
 Set CM energy to          0.07
 Mapping Graph          16  to config          16
Setting grid   1    0.51095E-04   1
Setting grid   2    0.51095E-04   1
 Masses: 0.511E-03 0.511E-03 0.000E+00 0.511E-03 0.511E-03
  16   1   2   3   4   5
 Got moffset          15
Using random seed offsets    16 :      1
  with seed                   87
 Ranmar initialization seeds       17628       26738
  Particle       3       4       5
      Et >     0.0     0.0     0.0
       E >     0.0     0.0     0.0
     Eta <    -1.0    -1.0    -1.0
   xqcut:      0.0     0.0     0.0
d R # 3  >    -0.0     0.0     0.0
d R # 4  >    -0.0    -0.0     0.0
s min # 3>     0.0     0.0     0.0
s min # 4>     0.0     0.0     0.0
xqcutij # 3>     0.0     0.0     0.0
xqcutij # 4>     0.0     0.0     0.0
 alpha_s for scale    91.188000000000002       is   0.11800000071525575     
 Added good helicity            1   2.5909879022349145       in event            1
 Added good helicity            2   7.0220731137197507       in event            1
 Added good helicity            3  7.77584047191758328E-006  in event            1
 Added good helicity            4  2.11003627053488024E-005  in event            1
 Added good helicity            5  0.16806051930767796       in event            1
 Added good helicity            6  7.81567599837807395E-006  in event            1
 Added good helicity            9  7.78493280891664232E-006  in event            1
 Added good helicity           10  0.10638741829971884       in event            1
 Added good helicity           11  3.51689814480682632E-004  in event            1
 Added good helicity           12  9.18008354276941005E-004  in event            1
 Added good helicity           13   4.4657658503129127       in event            1
 Added good helicity           14   1.6453294566509147       in event            1
 Added good helicity           15  7.31243832751053517E-005  in event            1
 Added good helicity           16  7.78664951375244356E-006  in event            1
 Added good helicity           17  7.78664993256689330E-006  in event            1
 Added good helicity           18  7.31243855787719408E-005  in event            1
 Added good helicity           19   1.6453295341050416       in event            1
 Added good helicity           20   4.4657660607334657       in event            1
 Added good helicity           21  9.18008353612762983E-004  in event            1
 Added good helicity           22  3.51689813065539402E-004  in event            1
 Added good helicity           23  0.10638742330487042       in event            1
 Added good helicity           24  7.78493322435816791E-006  in event            1
 Added good helicity           27  7.81567641225269530E-006  in event            1
 Added good helicity           28  0.16806051929823188       in event            1
 Added good helicity           29  2.11003615706432865E-005  in event            1
 Added good helicity           30  7.77584005583350189E-006  in event            1
 Added good helicity           31   7.0220731135400101       in event            1
 Added good helicity           32   2.5909879023579077       in event            1
 Added good helicity            7  1.14568908833735047E-006  in event            3
 Added good helicity           26  1.14568908294770206E-006  in event            3
 Iteration  1   Mean: 0.2616E+10 Abs mean: 0.2616E+10   Fluctuation:  0.176E+09   0.117E+12    84.4%
  1    0.2616E+10 0.2616E+10 +- 0.1760E+09      3.01
 Writing out events   172188.64953819968        3.0092330507749105     
 Relative summed weights:
  0.1000E+01  0.0000E+00
 Relative number of events:
  0.1000E+01  0.0000E+00
 Events:
        2000           0
 Iteration  2   Mean: 0.2410E+10 Abs mean: 0.2410E+10   Fluctuation:  0.654E+08   0.372E+11    86.2%
  2    0.2410E+10 0.2410E+10 +- 0.6539E+08      1.72
 Relative summed weights:
  0.1000E+01  0.0000E+00
 Relative number of events:
  0.1000E+01  0.0000E+00
 Events:
        4000           0
 Iteration  3   Mean: 0.2417E+10 Abs mean: 0.2417E+10   Fluctuation:  0.358E+08   0.267E+11    81.6%
  3    0.2417E+10 0.2417E+10 +- 0.3576E+08      1.32
 Relative summed weights:
  0.1000E+01  0.0000E+00
 Relative number of events:
  0.1000E+01  0.0000E+00
 Events:
        8000           0
 Found         1013  events.
 Wrote         1008  events.
 Actual xsec    2422397215.3792853     
 Correct abs xsec    2422397215.3792853     
 Event xsec    2422397215.3792377     
 Events wgts > 1:            9
 % Cross section > 1:    3491527.1807689266       0.14413520452393319     
 Checking number of events   13910.858249037085             1008  chi2:   0.63317005866570208     
 Found         1013  events.
 Wrote         1008  events.
 Actual xsec    2422397215.3792853     
 Correct abs xsec    2422397215.3792853     
 Event xsec    2422397215.3792377     
 Events wgts > 1:            9
 % Cross section > 1:    3491527.1807689266       0.14413520452393319     
 Iteration  4   Mean: 0.2427E+10 Abs mean: 0.2427E+10   Fluctuation:  0.225E+08   0.260E+11    77.6%
  4    0.2427E+10 0.2427E+10 +- 0.2249E+08      1.17
 Relative summed weights:
  0.1000E+01  0.0000E+00
 Relative number of events:
  0.1000E+01  0.0000E+00
 Events:
       16000           0
 Found         2075  events.
 Wrote         2071  events.
 Actual xsec    2422997501.0286136     
 Correct abs xsec    2422997501.0286136     
 Event xsec    2422997501.0285587     
 Events wgts > 1:            1
 % Cross section > 1:    450052.23229948827       1.85741930030238096E-002
 Checking number of events   13914.305449406917             2071  chi2:   5.12312328224128130E-002
 Found         2075  events.
 Wrote         2071  events.
 Actual xsec    2422997501.0286136     
 Correct abs xsec    2422997501.0286136     
 Event xsec    2422997501.0285587     
 Events wgts > 1:            1
 % Cross section > 1:    450052.23229948827       1.85741930030238096E-002
 Iteration  5   Mean: 0.2414E+10 Abs mean: 0.2414E+10   Fluctuation:  0.151E+08   0.350E+11    74.4%
  5    0.2414E+10 0.2414E+10 +- 0.1509E+08      1.12
 Relative summed weights:
  0.1000E+01  0.0000E+00
 Relative number of events:
  0.1000E+01  0.0000E+00
 Events:
       32000           0
 Found         4338  events.
 Wrote         4334  events.
 Actual xsec    2417817620.8256488     
 Correct abs xsec    2417817620.8256488     
 Event xsec    2417817620.8256593     
 Events wgts > 1:           14
 % Cross section > 1:    1918031.9603707166       7.93290587284134763E-002
 Checking number of events   13884.559469353371             4334  chi2:   0.11810151901572499     
 Found         4338  events.
 Wrote         4334  events.
 Actual xsec    2417817620.8256488     
 Correct abs xsec    2417817620.8256488     
 Event xsec    2417817620.8256593     
 Events wgts > 1:           14
 % Cross section > 1:    1918031.9603707166       7.93290587284134763E-002
 Iteration  6   Mean: 0.2423E+10 Abs mean: 0.2423E+10   Fluctuation:  0.107E+08   0.650E+11    71.7%
  6    0.2423E+10 0.2423E+10 +- 0.1071E+08      1.12
 Relative summed weights:
  0.1000E+01  0.0000E+00
 Relative number of events:
  0.1000E+01  0.0000E+00
 Events:
       64000           0
 Found         8849  events.
 Wrote         8845  events.
 Actual xsec    2420580095.6611381     
 Correct abs xsec    2420580095.6611381     
 Event xsec    2420580095.6613569     
 Events wgts > 1:           37
 % Cross section > 1:    8367528.7690743376       0.34568278835607547     
 Checking number of events   13900.423257343651             8845  chi2:   0.15664717211715257     
 Found         8849  events.
 Wrote         8845  events.
 Actual xsec    2420580095.6611381     
 Correct abs xsec    2420580095.6611381     
 Event xsec    2420580095.6613569     
 Events wgts > 1:           37
 % Cross section > 1:    8367528.7690743376       0.34568278835607547     
 Iteration  7   Mean: 0.2433E+10 Abs mean: 0.2433E+10   Fluctuation:  0.762E+07   0.129E+12    69.2%
  7    0.2433E+10 0.2433E+10 +- 0.7619E+07      1.12
 Relative summed weights:
  0.1000E+01  0.0000E+00
 Relative number of events:
  0.1000E+01  0.0000E+00
 Events:
      128000           0
 Found        18606  events.
 Wrote        18601  events.
 Actual xsec    2427092722.5394697     
 Correct abs xsec    2427092722.5394697     
 Event xsec    2427092722.5393863     
 Events wgts > 1:          128
 % Cross section > 1:    9468724.6617012024       0.39012620217469035     
 Checking number of events   13937.822668455159            18601  chi2:   0.75097726794709452     

 -------------------------------------------------------------------------------
 Accumulated results:   Integral =  0.2427E+10
                        Std dev  =  0.5476E+07
                       Cross sec =  0.4963E+00
             Chi**2 per DoF.     =
-------------------------------------------------
---------------------------
 Results Last   3 iters: Integral =   0.2427E+10
                     Abs integral =   0.2427E+10
                          Std dev =   0.5742E+07
                  Chi**2 per DoF. =      0.7510
-------------------------------------------------
---------------------------
 Status -5.74259999999999987E-006           8           9
 We found enough events       18601   13937.822668455159     

ls status:
events.lhe
ftn25
ftn26
input_sg.txt
moffset.dat
results.dat
run_01_ftn26.gz
run_01_log.txt
run_01_results.dat
run_02_ftn26.gz
run_02_log.txt
run_02_results.dat
run_03_ftn26.gz
run_03_log.txt
run_03_results.dat
run1_app.log
