 Process in group number            0
 No PDF is used, alpha_s(MZ) from param_card is used
 Value of alpha_s from param_card:   0.11800000071525575     
 The default order of alpha_s running is fixed to            2
 *****************************************************
 *               MadGraph/MadEvent                   *
 *        --------------------------------           *
 *          http://madgraph.hep.uiuc.edu             *
 *          http://madgraph.phys.ucl.ac.be           *
 *          http://madgraph.roma2.infn.it            *
 *        --------------------------------           *
 *                                                   *
 *          PARAMETER AND COUPLING VALUES            *
 *                                                   *
 *****************************************************

  External Params
  ---------------------------------
  
 aEWM1 =    132.50700378417969     
 mdl_Gf =   1.16639000000000003E-005
 aS =   0.11800000071525575     
 mdl_ymb =    4.6999998092651367     
 mdl_ymt =    173.00000000000000     
 mdl_yme =   5.10999991092830896E-004
 mdl_ymm =   0.10565999895334244     
 mdl_ymtau =    1.7769999504089355     
 mdl_MZ =    91.188003540039063     
 mdl_MT =    173.00000000000000     
 mdl_MB =    4.6999998092651367     
 mdl_MH =    125.00000000000000     
 mdl_Me =   5.10999991092830896E-004
 mdl_MM =   0.10565999895334244     
 mdl_MTA =    1.7769999504089355     
 mdl_WZ =    2.4414041042327881     
 mdl_WW =    2.0476000308990479     
 mdl_WT =    1.4915000200271606     
 mdl_WH =   6.38233916833996773E-003
 mdl_WTau =   2.26999999999999982E-012
  Internal Params
  ---------------------------------
  
 mdl_conjg__CKM3x3 =    1.0000000000000000     
 mdl_CKM3x3 =    1.0000000000000000     
 mdl_conjg__CKM1x1 =    1.0000000000000000     
 mdl_complexi =  (  0.0000000000000000     ,  1.0000000000000000     )
 mdl_MZ__exp__2 =    8315.2519896181766     
 mdl_MZ__exp__4 =    69143415.650849044     
 mdl_sqrt__2 =    1.4142135623730951     
 mdl_MH__exp__2 =    15625.000000000000     
 mdl_aEW =   7.54677089845565054E-003
 mdl_MW =    80.419007276179556     
 mdl_sqrt__aEW =   8.68721526063194194E-002
 mdl_ee =   0.30795376284704501     
 mdl_MW__exp__2 =    6467.2167312862202     
 mdl_sw2 =   0.22224645274001076     
 mdl_cw =   0.88190336616887299     
 mdl_sqrt__sw2 =   0.47143022043565552     
 mdl_sw =   0.47143022043565552     
 mdl_g1 =   0.34919218438279087     
 mdl_gw =   0.65323296958447097     
 mdl_vev =    246.21845810181631     
 mdl_vev__exp__2 =    60623.529110035874     
 mdl_lam =   0.12886910601690271     
 mdl_yb =   2.69955531549349904E-002
 mdl_ye =   2.93504850670934038E-006
 mdl_ym =   6.06883028478528356E-004
 mdl_yt =   0.99366614581500645     
 mdl_ytau =   1.02066167158167895E-002
 mdl_muH =    88.388347648318444     
 mdl_I1x33 =  ( 2.69955531549349904E-002,  0.0000000000000000     )
 mdl_I2x33 =  ( 0.99366614581500645     ,  0.0000000000000000     )
 mdl_I3x33 =  ( 0.99366614581500645     ,  0.0000000000000000     )
 mdl_I4x33 =  ( 2.69955531549349904E-002,  0.0000000000000000     )
 mdl_ee__exp__2 =   9.48355200516540348E-002
 mdl_sw__exp__2 =   0.22224645274001076     
 mdl_cw__exp__2 =   0.77775354725998924     
  Internal Params evaluated point by point
  ----------------------------------------
  
 mdl_sqrt__aS =   0.34351128178744839     
 mdl_G__exp__2 =    1.4828317414825511     
  Couplings of sm-lepton_masses
  ---------------------------------
  
         GC_3 =  -0.00000E+00  -0.30795E+00
        GC_50 =  -0.00000E+00  -0.28804E+00
        GC_59 =   0.00000E+00   0.82310E-01
        GC_89 =  -0.00000E+00  -0.20754E-05

 Collider parameters:
 --------------------

 Running at e e   machine @   7.14879999999999960E-002  GeV
 PDF set = none   
 alpha_s(Mz)= 0.1180 running at 2 loops.
 alpha_s(Mz)= 0.1180 running at 2 loops.
 Renormalization scale fixed @    91.188000000000002     
 Factorization scales  fixed @    91.188000000000002        91.188000000000002     


 getting user params
Enter number of events and max and min iterations: 
 Number of events and iterations         2000           9           3
Enter desired fractional accuracy: 
 Desired fractional accuracy:  -5.74259999999999987E-006
Enter 0 for fixed, 2 for adjustable grid: 
Suppress amplitude (0 no, 1 yes)? 
 Using suppressed amplitude.
Exact helicity sum (0 yes, n = number/event)? 
 Explicitly summing over helicities
Enter Configuration Number: 
Running Configuration Number:    7
 Not subdividing B.W.
 Attempting mappinvarients           1           5
 Completed mapping           5
 about to integrate            5        2000           9           3           5           1
 Using non-zero grid deformation.
  5 dimensions   2000 events  5 invarients  9 iterations  1 config(s),  (0.99)
 Using h-tuple random number sequence.
 Error opening grid
 Using Uniform Grid!
 Using uniform alpha   1.0000000000000000     
 Grid defined OK
 Set CM energy to          0.07
 Mapping Graph           7  to config           7
Setting grid   1    0.17611E-04   1
Setting grid   2    0.51095E-04   1
 Masses: 0.511E-03 0.511E-03 0.000E+00 0.511E-03 0.511E-03
   7   1   2   3   4   5
 Got moffset          21
Using random seed offsets     7 :      1
  with seed                   87
 Ranmar initialization seeds       17619       15599
  Particle       3       4       5
      Et >     0.0     0.0     0.0
       E >     0.0     0.0     0.0
     Eta <    -1.0    -1.0    -1.0
   xqcut:      0.0     0.0     0.0
d R # 3  >    -0.0     0.0     0.0
d R # 4  >    -0.0    -0.0     0.0
s min # 3>     0.0     0.0     0.0
s min # 4>     0.0     0.0     0.0
xqcutij # 3>     0.0     0.0     0.0
xqcutij # 4>     0.0     0.0     0.0
 alpha_s for scale    91.188000000000002       is   0.11800000071525575     
 Added good helicity            1   8.8763008358298361       in event            1
 Added good helicity            2  2.58009559015688313E-003  in event            1
 Added good helicity            3  7.88294408696211223E-003  in event            1
 Added good helicity            5   5.0721626307981325       in event            1
 Added good helicity            6  1.38223440250135090E-006  in event            1
 Added good helicity            7  1.54571078293782639E-005  in event            1
 Added good helicity            9  1.73005967755862873E-006  in event            1
 Added good helicity           10  0.95205430304564687       in event            1
 Added good helicity           11  0.29694217507676968       in event            1
 Added good helicity           12  7.55774085818773089E-002  in event            1
 Added good helicity           13  1.05315214740898381E-006  in event            1
 Added good helicity           14  0.54850605650703355       in event            1
 Added good helicity           15  0.16797068893747491       in event            1
 Added good helicity           16  3.01806591225922212E-006  in event            1
 Added good helicity           17  3.01806824766688521E-006  in event            1
 Added good helicity           18  0.16797068897251749       in event            1
 Added good helicity           19  0.54850617792108103       in event            1
 Added good helicity           20  1.05315314139580165E-006  in event            1
 Added good helicity           21  7.55774084383997874E-002  in event            1
 Added good helicity           22  0.29694217499443787       in event            1
 Added good helicity           23  0.95205451377499561       in event            1
 Added good helicity           24  1.73006138412684600E-006  in event            1
 Added good helicity           26  1.54571032668351512E-005  in event            1
 Added good helicity           27  1.38223303231350155E-006  in event            1
 Added good helicity           28   5.0721626306054128       in event            1
 Added good helicity           30  7.88294233978751972E-003  in event            1
 Added good helicity           31  2.58009556848288373E-003  in event            1
 Added good helicity           32   8.8763008360502749       in event            1
 Added good helicity            4  6.33798363283488994E-006  in event           20
 Added good helicity           29  6.33798361950648516E-006  in event           20
 Iteration  1   Mean: 0.1641E+10 Abs mean: 0.1641E+10   Fluctuation:  0.102E+09   0.607E+11    74.2%
  1    0.1641E+10 0.1641E+10 +- 0.1019E+09      2.78
 Writing out events   122903.67615401883        2.7759388832984846     
 Relative summed weights:
  0.1000E+01  0.0000E+00
 Relative number of events:
  0.1000E+01  0.0000E+00
 Events:
        2000           0
 Iteration  2   Mean: 0.1698E+10 Abs mean: 0.1698E+10   Fluctuation:  0.401E+08   0.262E+11    84.1%
  2    0.1698E+10 0.1698E+10 +- 0.4005E+08      1.49
 Relative summed weights:
  0.1000E+01  0.0000E+00
 Relative number of events:
  0.1000E+01  0.0000E+00
 Events:
        4000           0
 Iteration  3   Mean: 0.1711E+10 Abs mean: 0.1711E+10   Fluctuation:  0.210E+08   0.206E+11    81.4%
  3    0.1711E+10 0.1711E+10 +- 0.2103E+08      1.10
 Relative summed weights:
  0.1000E+01  0.0000E+00
 Relative number of events:
  0.1000E+01  0.0000E+00
 Events:
        8000           0
 Found         1008  events.
 Wrote         1003  events.
 Actual xsec    1706501035.9623110     
 Correct abs xsec    1706501035.9623110     
 Event xsec    1706501035.9623413     
 Events wgts > 1:            5
 % Cross section > 1:    1223238.4386131191       7.16810838572566333E-002
 Checking number of events   9799.7528491171670             1003  chi2:   0.25701703751009958     
 Found         1008  events.
 Wrote         1003  events.
 Actual xsec    1706501035.9623110     
 Correct abs xsec    1706501035.9623110     
 Event xsec    1706501035.9623413     
 Events wgts > 1:            5
 % Cross section > 1:    1223238.4386131191       7.16810838572566333E-002
 Iteration  4   Mean: 0.1745E+10 Abs mean: 0.1745E+10   Fluctuation:  0.132E+08   0.126E+11    78.6%
  4    0.1745E+10 0.1745E+10 +- 0.1323E+08      0.96
 Relative summed weights:
  0.1000E+01  0.0000E+00
 Relative number of events:
  0.1000E+01  0.0000E+00
 Events:
       16000           0
 Found         2070  events.
 Wrote         2065  events.
 Actual xsec    1733202360.8969831     
 Correct abs xsec    1733202360.8969831     
 Event xsec    1733202360.8969922     
 Events wgts > 1:            0
 % Cross section > 1:    0.0000000000000000        0.0000000000000000     
 Checking number of events   9953.0878776870159             2065  chi2:    1.3343219417693035     
 Found         2070  events.
 Wrote         2065  events.
 Actual xsec    1733202360.8969831     
 Correct abs xsec    1733202360.8969831     
 Event xsec    1733202360.8969922     
 Events wgts > 1:            0
 % Cross section > 1:    0.0000000000000000        0.0000000000000000     
 Iteration  5   Mean: 0.1713E+10 Abs mean: 0.1713E+10   Fluctuation:  0.873E+07   0.181E+11    76.2%
  5    0.1713E+10 0.1713E+10 +- 0.8727E+07      0.91
 Relative summed weights:
  0.1000E+01  0.0000E+00
 Relative number of events:
  0.1000E+01  0.0000E+00
 Events:
       32000           0
 Found         4128  events.
 Wrote         4124  events.
 Actual xsec    1721912857.9064929     
 Correct abs xsec    1721912857.9064929     
 Event xsec    1721912857.9065633     
 Events wgts > 1:            2
 % Cross section > 1:    211509.59119713341       1.22834085491572917E-002
 Checking number of events   9888.2567778138255             4124  chi2:    2.1619928794508292     
 Found         4128  events.
 Wrote         4124  events.
 Actual xsec    1721912857.9064929     
 Correct abs xsec    1721912857.9064929     
 Event xsec    1721912857.9065633     
 Events wgts > 1:            2
 % Cross section > 1:    211509.59119713341       1.22834085491572917E-002
 Iteration  6   Mean: 0.1730E+10 Abs mean: 0.1730E+10   Fluctuation:  0.607E+07   0.263E+11    75.0%
  6    0.1730E+10 0.1730E+10 +- 0.6074E+07      0.89
 Relative summed weights:
  0.1000E+01  0.0000E+00
 Relative number of events:
  0.1000E+01  0.0000E+00
 Events:
       64000           0
 Found         8574  events.
 Wrote         8569  events.
 Actual xsec    1727182967.2058721     
 Correct abs xsec    1727182967.2058721     
 Event xsec    1727182967.2057869     
 Events wgts > 1:           13
 % Cross section > 1:    960418.33274819446       5.56060562768255010E-002
 Checking number of events   9918.5209074764407             8569  chi2:    2.3058675302322427     
 Found         8574  events.
 Wrote         8569  events.
 Actual xsec    1727182967.2058721     
 Correct abs xsec    1727182967.2058721     
 Event xsec    1727182967.2057869     
 Events wgts > 1:           13
 % Cross section > 1:    960418.33274819446       5.56060562768255010E-002
 Iteration  7   Mean: 0.1732E+10 Abs mean: 0.1732E+10   Fluctuation:  0.430E+07   0.448E+11    73.5%
  7    0.1732E+10 0.1732E+10 +- 0.4301E+07      0.89
 Relative summed weights:
  0.1000E+01  0.0000E+00
 Relative number of events:
  0.1000E+01  0.0000E+00
 Events:
      128000           0
 Found        17333  events.
 Wrote        17329  events.
 Actual xsec    1728626281.8914769     
 Correct abs xsec    1728626281.8914769     
 Event xsec    1728626281.8920538     
 Events wgts > 1:           33
 % Cross section > 1:    1784022.7706073036       0.10320465385118499     
 Checking number of events   9926.8092863899947            17329  chi2:    1.8243048748641724     

 -------------------------------------------------------------------------------
 Accumulated results:   Integral =  0.1729E+10
                        Std dev  =  0.3116E+07
                       Cross sec =  0.1177E+01
             Chi**2 per DoF.     =
-------------------------------------------------
---------------------------
 Results Last   3 iters: Integral =   0.1729E+10
                     Abs integral =   0.1729E+10
                          Std dev =   0.3257E+07
                  Chi**2 per DoF. =      1.8243
-------------------------------------------------
---------------------------
 Status -5.74259999999999987E-006           8           9
 We found enough events       17329   9926.8092863899947     

ls status:
events.lhe
ftn25
ftn26
input_sg.txt
moffset.dat
results.dat
run_01_ftn26.gz
run_01_log.txt
run_01_results.dat
run_02_ftn26.gz
run_02_log.txt
run_02_results.dat
run1_app.log
