 Process in group number            0
 No PDF is used, alpha_s(MZ) from param_card is used
 Value of alpha_s from param_card:   0.11800000071525575     
 The default order of alpha_s running is fixed to            2
 *****************************************************
 *               MadGraph/MadEvent                   *
 *        --------------------------------           *
 *          http://madgraph.hep.uiuc.edu             *
 *          http://madgraph.phys.ucl.ac.be           *
 *          http://madgraph.roma2.infn.it            *
 *        --------------------------------           *
 *                                                   *
 *          PARAMETER AND COUPLING VALUES            *
 *                                                   *
 *****************************************************

  External Params
  ---------------------------------
  
 aEWM1 =    132.50700378417969     
 mdl_Gf =   1.16639000000000003E-005
 aS =   0.11800000071525575     
 mdl_ymb =    4.6999998092651367     
 mdl_ymt =    173.00000000000000     
 mdl_yme =   5.10999991092830896E-004
 mdl_ymm =   0.10565999895334244     
 mdl_ymtau =    1.7769999504089355     
 mdl_MZ =    91.188003540039063     
 mdl_MT =    173.00000000000000     
 mdl_MB =    4.6999998092651367     
 mdl_MH =    125.00000000000000     
 mdl_Me =   5.10999991092830896E-004
 mdl_MM =   0.10565999895334244     
 mdl_MTA =    1.7769999504089355     
 mdl_WZ =    2.4414041042327881     
 mdl_WW =    2.0476000308990479     
 mdl_WT =    1.4915000200271606     
 mdl_WH =   6.38233916833996773E-003
 mdl_WTau =   2.26999999999999982E-012
  Internal Params
  ---------------------------------
  
 mdl_conjg__CKM3x3 =    1.0000000000000000     
 mdl_CKM3x3 =    1.0000000000000000     
 mdl_conjg__CKM1x1 =    1.0000000000000000     
 mdl_complexi =  (  0.0000000000000000     ,  1.0000000000000000     )
 mdl_MZ__exp__2 =    8315.2519896181766     
 mdl_MZ__exp__4 =    69143415.650849044     
 mdl_sqrt__2 =    1.4142135623730951     
 mdl_MH__exp__2 =    15625.000000000000     
 mdl_aEW =   7.54677089845565054E-003
 mdl_MW =    80.419007276179556     
 mdl_sqrt__aEW =   8.68721526063194194E-002
 mdl_ee =   0.30795376284704501     
 mdl_MW__exp__2 =    6467.2167312862202     
 mdl_sw2 =   0.22224645274001076     
 mdl_cw =   0.88190336616887299     
 mdl_sqrt__sw2 =   0.47143022043565552     
 mdl_sw =   0.47143022043565552     
 mdl_g1 =   0.34919218438279087     
 mdl_gw =   0.65323296958447097     
 mdl_vev =    246.21845810181631     
 mdl_vev__exp__2 =    60623.529110035874     
 mdl_lam =   0.12886910601690271     
 mdl_yb =   2.69955531549349904E-002
 mdl_ye =   2.93504850670934038E-006
 mdl_ym =   6.06883028478528356E-004
 mdl_yt =   0.99366614581500645     
 mdl_ytau =   1.02066167158167895E-002
 mdl_muH =    88.388347648318444     
 mdl_I1x33 =  ( 2.69955531549349904E-002,  0.0000000000000000     )
 mdl_I2x33 =  ( 0.99366614581500645     ,  0.0000000000000000     )
 mdl_I3x33 =  ( 0.99366614581500645     ,  0.0000000000000000     )
 mdl_I4x33 =  ( 2.69955531549349904E-002,  0.0000000000000000     )
 mdl_ee__exp__2 =   9.48355200516540348E-002
 mdl_sw__exp__2 =   0.22224645274001076     
 mdl_cw__exp__2 =   0.77775354725998924     
  Internal Params evaluated point by point
  ----------------------------------------
  
 mdl_sqrt__aS =   0.34351128178744839     
 mdl_G__exp__2 =    1.4828317414825511     
  Couplings of sm-lepton_masses
  ---------------------------------
  
         GC_3 =  -0.00000E+00  -0.30795E+00
        GC_50 =  -0.00000E+00  -0.28804E+00
        GC_59 =   0.00000E+00   0.82310E-01
        GC_89 =  -0.00000E+00  -0.20754E-05

 Collider parameters:
 --------------------

 Running at e e   machine @   7.14879999999999960E-002  GeV
 PDF set = none   
 alpha_s(Mz)= 0.1180 running at 2 loops.
 alpha_s(Mz)= 0.1180 running at 2 loops.
 Renormalization scale fixed @    91.188000000000002     
 Factorization scales  fixed @    91.188000000000002        91.188000000000002     


 getting user params
Enter number of events and max and min iterations: 
 Number of events and iterations         2000           9           3
Enter desired fractional accuracy: 
 Desired fractional accuracy:  -5.74259999999999987E-006
Enter 0 for fixed, 2 for adjustable grid: 
Suppress amplitude (0 no, 1 yes)? 
 Using suppressed amplitude.
Exact helicity sum (0 yes, n = number/event)? 
 Explicitly summing over helicities
Enter Configuration Number: 
Running Configuration Number:   22
 Not subdividing B.W.
 Attempting mappinvarients           1           5
 Completed mapping           5
 about to integrate            5        2000           9           3           5           1
 Using non-zero grid deformation.
  5 dimensions   2000 events  5 invarients  9 iterations  1 config(s),  (0.99)
 Using h-tuple random number sequence.
 Error opening grid
 Using Uniform Grid!
 Using uniform alpha   1.0000000000000000     
 Grid defined OK
 Set CM energy to          0.07
 Mapping Graph          22  to config          22
Setting grid   1    0.51095E-04   1
Setting grid   2    0.51095E-04   1
 Masses: 0.511E-03 0.511E-03 0.000E+00 0.511E-03 0.511E-03
  22   1   2   3   4   5
 Got moffset          21
Using random seed offsets    22 :      1
  with seed                   87
 Ranmar initialization seeds       17634       15599
  Particle       3       4       5
      Et >     0.0     0.0     0.0
       E >     0.0     0.0     0.0
     Eta <    -1.0    -1.0    -1.0
   xqcut:      0.0     0.0     0.0
d R # 3  >    -0.0     0.0     0.0
d R # 4  >    -0.0    -0.0     0.0
s min # 3>     0.0     0.0     0.0
s min # 4>     0.0     0.0     0.0
xqcutij # 3>     0.0     0.0     0.0
xqcutij # 4>     0.0     0.0     0.0
 alpha_s for scale    91.188000000000002       is   0.11800000071525575     
 Added good helicity            1   5.7981210225966633       in event            1
 Added good helicity            3  8.30737735966361433E-004  in event            1
 Added good helicity            5   2.2510928938800121       in event            1
 Added good helicity            7  1.64572692232780663E-006  in event            1
 Added good helicity           10   5.7061603371000995       in event            1
 Added good helicity           12  9.14819479849674627E-004  in event            1
 Added good helicity           14   2.2428755758129189       in event            1
 Added good helicity           16  1.64305777969341594E-006  in event            1
 Added good helicity           17  1.64305778077961076E-006  in event            1
 Added good helicity           19   2.2428755772677609       in event            1
 Added good helicity           21  9.14819477059665193E-004  in event            1
 Added good helicity           23   5.7061603407985340       in event            1
 Added good helicity           26  1.64572692181949284E-006  in event            1
 Added good helicity           28   2.2510928938795618       in event            1
 Added good helicity           30  8.30737732688224340E-004  in event            1
 Added good helicity           32   5.7981210225978979       in event            1
 Added good helicity            2  5.00972513469189842E-006  in event            2
 Added good helicity           31  5.00972510742365813E-006  in event            2
 Added good helicity           11  1.06049214353731678E-005  in event            3
 Added good helicity           13  7.91221227496551558E-006  in event            3
 Added good helicity           20  7.91221230222766231E-006  in event            3
 Added good helicity           22  1.06049214145396623E-005  in event            3
 Added good helicity            6  3.79242227125356090E-006  in event            4
 Added good helicity           15  1.75519901746910641E-006  in event            4
 Added good helicity           18  1.75519901802004163E-006  in event            4
 Added good helicity           27  3.79242227301548896E-006  in event            4
 Added good helicity            9  6.17047696726679161E-005  in event            5
 Added good helicity           24  6.17047711909323799E-005  in event            5
 Added good helicity            4  1.06864439047308474E-006  in event            9
 Added good helicity           29  1.06864439213024118E-006  in event            9
 Iteration  1   Mean: 0.2422E+10 Abs mean: 0.2422E+10   Fluctuation:  0.157E+09   0.106E+12    83.1%
  1    0.2422E+10 0.2422E+10 +- 0.1565E+09      2.89
 Writing out events   161914.35006435815        2.8905793421067676     
 Relative summed weights:
  0.1000E+01  0.0000E+00
 Relative number of events:
  0.1000E+01  0.0000E+00
 Events:
        2000           0
 Iteration  2   Mean: 0.2394E+10 Abs mean: 0.2394E+10   Fluctuation:  0.673E+08   0.435E+11    85.5%
  2    0.2394E+10 0.2394E+10 +- 0.6728E+08      1.78
 Relative summed weights:
  0.1000E+01  0.0000E+00
 Relative number of events:
  0.1000E+01  0.0000E+00
 Events:
        4000           0
 Iteration  3   Mean: 0.2434E+10 Abs mean: 0.2434E+10   Fluctuation:  0.363E+08   0.239E+11    81.9%
  3    0.2434E+10 0.2434E+10 +- 0.3628E+08      1.33
 Relative summed weights:
  0.1000E+01  0.0000E+00
 Relative number of events:
  0.1000E+01  0.0000E+00
 Events:
        8000           0
 Found          992  events.
 Wrote          987  events.
 Actual xsec    2424836976.9968090     
 Correct abs xsec    2424836976.9968090     
 Event xsec    2424836976.9968219     
 Events wgts > 1:           10
 % Cross section > 1:    2501315.5843303250       0.10315396903210468     
 Checking number of events   13924.868824101875              987  chi2:   0.13510184912849471     
 Found          992  events.
 Wrote          987  events.
 Actual xsec    2424836976.9968090     
 Correct abs xsec    2424836976.9968090     
 Event xsec    2424836976.9968219     
 Events wgts > 1:           10
 % Cross section > 1:    2501315.5843303250       0.10315396903210468     
 Iteration  4   Mean: 0.2362E+10 Abs mean: 0.2362E+10   Fluctuation:  0.219E+08   0.288E+11    77.5%
  4    0.2362E+10 0.2362E+10 +- 0.2189E+08      1.17
 Relative summed weights:
  0.1000E+01  0.0000E+00
 Relative number of events:
  0.1000E+01  0.0000E+00
 Events:
       16000           0
 Found         1948  events.
 Wrote         1944  events.
 Actual xsec    2382683307.0861974     
 Correct abs xsec    2382683307.0861974     
 Event xsec    2382683307.0862823     
 Events wgts > 1:            7
 % Cross section > 1:    1122109.8006218795       4.70943745349891515E-002
 Checking number of events   13682.797159273197             1944  chi2:    1.4598501511370270     
 Found         1948  events.
 Wrote         1944  events.
 Actual xsec    2382683307.0861974     
 Correct abs xsec    2382683307.0861974     
 Event xsec    2382683307.0862823     
 Events wgts > 1:            7
 % Cross section > 1:    1122109.8006218795       4.70943745349891515E-002
 Iteration  5   Mean: 0.2427E+10 Abs mean: 0.2427E+10   Fluctuation:  0.153E+08   0.699E+11    74.4%
  5    0.2427E+10 0.2427E+10 +- 0.1533E+08      1.13
 Relative summed weights:
  0.1000E+01  0.0000E+00
 Relative number of events:
  0.1000E+01  0.0000E+00
 Events:
       32000           0
 Found         4392  events.
 Wrote         4389  events.
 Actual xsec    2409052551.6979074     
 Correct abs xsec    2409052551.6979074     
 Event xsec    2409052551.6978955     
 Events wgts > 1:           21
 % Cross section > 1:    6034902.6073260009       0.25050937984198868     
 Checking number of events   13834.225183380404             4389  chi2:    3.2226723722578736     
 Found         4392  events.
 Wrote         4389  events.
 Actual xsec    2409052551.6979074     
 Correct abs xsec    2409052551.6979074     
 Event xsec    2409052551.6978955     
 Events wgts > 1:           21
 % Cross section > 1:    6034902.6073260009       0.25050937984198868     
 Iteration  6   Mean: 0.2419E+10 Abs mean: 0.2419E+10   Fluctuation:  0.105E+08   0.777E+11    71.8%
  6    0.2419E+10 0.2419E+10 +- 0.1052E+08      1.10
 Relative summed weights:
  0.1000E+01  0.0000E+00
 Relative number of events:
  0.1000E+01  0.0000E+00
 Events:
       64000           0
 Found         8876  events.
 Wrote         8872  events.
 Actual xsec    2413407103.1495142     
 Correct abs xsec    2413407103.1495142     
 Event xsec    2413407103.1493239     
 Events wgts > 1:           40
 % Cross section > 1:    4719295.1624600403       0.19554492718206132     
 Checking number of events   13859.231630546399             8872  chi2:    3.2754029363053618     
 Found         8876  events.
 Wrote         8872  events.
 Actual xsec    2413407103.1495142     
 Correct abs xsec    2413407103.1495142     
 Event xsec    2413407103.1493239     
 Events wgts > 1:           40
 % Cross section > 1:    4719295.1624600403       0.19554492718206132     
 Iteration  7   Mean: 0.2422E+10 Abs mean: 0.2422E+10   Fluctuation:  0.759E+07   0.988E+11    69.6%
  7    0.2422E+10 0.2422E+10 +- 0.7585E+07      1.12
 Relative summed weights:
  0.1000E+01  0.0000E+00
 Relative number of events:
  0.1000E+01  0.0000E+00
 Events:
      128000           0
 Found        18389  events.
 Wrote        18385  events.
 Actual xsec    2421770703.6164970     
 Correct abs xsec    2421770703.6164970     
 Event xsec    2421770703.6171570     
 Events wgts > 1:          138
 % Cross section > 1:    10134452.663542129       0.41847284090130044     
 Checking number of events   13907.260442588096            18385  chi2:   9.95196095853554952E-002

 -------------------------------------------------------------------------------
 Accumulated results:   Integral =  0.2418E+10
                        Std dev  =  0.5442E+07
                       Cross sec =  0.1208E+01
             Chi**2 per DoF.     =
-------------------------------------------------
---------------------------
 Results Last   3 iters: Integral =   0.2422E+10
                     Abs integral =   0.2422E+10
                          Std dev =   0.5710E+07
                  Chi**2 per DoF. =      0.0995
-------------------------------------------------
---------------------------
 Status -5.74259999999999987E-006           8           9
 We found enough events       18385   13907.260442588096     

ls status:
events.lhe
ftn25
ftn26
input_sg.txt
moffset.dat
results.dat
run_01_ftn26.gz
run_01_log.txt
run_01_results.dat
run_02_ftn26.gz
run_02_log.txt
run_02_results.dat
run_03_ftn26.gz
run_03_log.txt
run_03_results.dat
run1_app.log
