 Process in group number            1
 No PDF is used, alpha_s(MZ) from param_card is used
 Value of alpha_s from param_card:   0.11800000071525575     
 The default order of alpha_s running is fixed to            2
 Warning: pt or E min of a gamma should in general be >0
 Warning: pt or E min of a gamma should in general be >0
 *****************************************************
 *               MadGraph/MadEvent                   *
 *        --------------------------------           *
 *          http://madgraph.hep.uiuc.edu             *
 *          http://madgraph.phys.ucl.ac.be           *
 *          http://madgraph.roma2.infn.it            *
 *        --------------------------------           *
 *                                                   *
 *          PARAMETER AND COUPLING VALUES            *
 *                                                   *
 *****************************************************

  External Params
  ---------------------------------
  
 mdl_MB =    4.6999998092651367     
 mdl_MT =    173.00000000000000     
 mdl_Me =   5.10999991092830896E-004
 mdl_MM =   0.10565999895334244     
 mdl_MTA =    1.7769999504089355     
 mdl_MZ =    91.188003540039063     
 mdl_MH =    125.00000000000000     
 aEWM1 =    132.50700378417969     
 mdl_Gf =   1.16639000000000003E-005
 aS =   0.11800000071525575     
 mdl_ymb =    4.6999998092651367     
 mdl_ymt =    173.00000000000000     
 mdl_yme =   5.10999991092830896E-004
 mdl_ymm =   0.10565999895334244     
 mdl_ymtau =    1.7769999504089355     
 mdl_WT =    1.4915000200271606     
 mdl_WTau =   2.26999999999999982E-012
 mdl_WZ =    2.4414041042327881     
 mdl_WW =    2.0476000308990479     
 mdl_WH =   6.38233916833996773E-003
  Internal Params
  ---------------------------------
  
 mdl_conjg__CKM3x3 =    1.0000000000000000     
 mdl_CKM3x3 =    1.0000000000000000     
 mdl_conjg__CKM1x1 =    1.0000000000000000     
 mdl_complexi =  (  0.0000000000000000     ,  1.0000000000000000     )
 mdl_MZ__exp__2 =    8315.2519896181766     
 mdl_MZ__exp__4 =    69143415.650849044     
 mdl_sqrt__2 =    1.4142135623730951     
 mdl_MH__exp__2 =    15625.000000000000     
 mdl_aEW =   7.54677089845565054E-003
 mdl_MW =    80.419007276179556     
 mdl_sqrt__aEW =   8.68721526063194194E-002
 mdl_ee =   0.30795376284704501     
 mdl_MW__exp__2 =    6467.2167312862202     
 mdl_sw2 =   0.22224645274001076     
 mdl_cw =   0.88190336616887299     
 mdl_sqrt__sw2 =   0.47143022043565552     
 mdl_sw =   0.47143022043565552     
 mdl_g1 =   0.34919218438279087     
 mdl_gw =   0.65323296958447097     
 mdl_vev =    246.21845810181631     
 mdl_vev__exp__2 =    60623.529110035874     
 mdl_lam =   0.12886910601690271     
 mdl_yb =   2.69955531549349904E-002
 mdl_ye =   2.93504850670934038E-006
 mdl_ym =   6.06883028478528356E-004
 mdl_yt =   0.99366614581500645     
 mdl_ytau =   1.02066167158167895E-002
 mdl_muH =    88.388347648318444     
 mdl_I1x33 =  ( 2.69955531549349904E-002,  0.0000000000000000     )
 mdl_I2x33 =  ( 0.99366614581500645     ,  0.0000000000000000     )
 mdl_I3x33 =  ( 0.99366614581500645     ,  0.0000000000000000     )
 mdl_I4x33 =  ( 2.69955531549349904E-002,  0.0000000000000000     )
 mdl_ee__exp__2 =   9.48355200516540348E-002
 mdl_sw__exp__2 =   0.22224645274001076     
 mdl_cw__exp__2 =   0.77775354725998924     
  Internal Params evaluated point by point
  ----------------------------------------
  
 mdl_sqrt__aS =   0.34351128178744839     
 mdl_G__exp__2 =    1.4828317414825511     
  Couplings of sm-lepton_masses
  ---------------------------------
  
         GC_3 =  -0.00000E+00  -0.30795E+00

 Collider parameters:
 --------------------

 Running at e e   machine @   7.00000000000000067E-002  GeV
 PDF set = none   
 alpha_s(Mz)= 0.1180 running at 2 loops.
 alpha_s(Mz)= 0.1180 running at 2 loops.
 Renormalization scale fixed @    91.188000000000002     
 Factorization scales  fixed @    91.188000000000002        91.188000000000002     


 getting user params
Enter number of events and max and min iterations: 
 Number of events and iterations         2000           9           3
Enter desired fractional accuracy: 
 Desired fractional accuracy:  -1.69639999999999989E-005
Enter 0 for fixed, 2 for adjustable grid: 
Suppress amplitude (0 no, 1 yes)? 
 Using suppressed amplitude.
Exact helicity sum (0 yes, n = number/event)? 
 Explicitly summing over helicities
Enter Configuration Number: 
Running Configuration Number:    1
 Not subdividing B.W.
 Attempting mappinvarients           1           4
 Completed mapping           4
 about to integrate            2        2000           9           3           2           1
 Using non-zero grid deformation.
  2 dimensions   2000 events  2 invarients  9 iterations  1 config(s),  (0.99)
 Using h-tuple random number sequence.
 Error opening grid
 Using Uniform Grid!
 Using uniform alpha   1.0000000000000000     
 Grid defined OK
 Set CM energy to          0.07
 Mapping Graph           1  to config           1
 Warning: No cutoff for shat integral found
          Minimum set to    204.08163265306121     
Setting grid   1    0.20408E+03   1
 Masses: 0.511E-03 0.511E-03 0.000E+00 0.000E+00
   1   1   2
 Got moffset           5
Using random seed offsets     1 :      1
  with seed                  267
 Ranmar initialization seeds       26466       25436
  Particle       3       4
      Et >     0.0     0.0
       E >     0.0     0.0
     Eta <    -1.0    -1.0
   xqcut:      0.0     0.0
d R # 3  >    -0.0     0.0
s min # 3>     0.0     0.0
xqcutij # 3>     0.0     0.0
 alpha_s for scale    91.188000000000002       is   0.11800000071525575     
 Added good helicity            1  4.16514928476287034E-003  in event            1
 Added good helicity            2  3.42901356934864425E-004  in event            1
 Added good helicity            3  3.42901356934864588E-004  in event            1
 Added good helicity            6   7.6571952810831894       in event            1
 Added good helicity            7  0.33795376690634721       in event            1
 Added good helicity           10  0.33795376690634721       in event            1
 Added good helicity           11   7.6571952810831894       in event            1
 Added good helicity           14  3.42901356934864588E-004  in event            1
 Added good helicity           15  3.42901356934864425E-004  in event            1
 Added good helicity           16  4.16514928476287034E-003  in event            1
 Iteration  1   Mean: 0.1678E+09 Abs mean: 0.1678E+09   Fluctuation:  0.183E+08   0.269E+11   100.0%
  1    0.1678E+09 0.1678E+09 +- 0.1829E+08      4.87
 Writing out events   9322.3424561949869        4.8745296900479760     
 Relative summed weights:
  0.5644E+00  0.0000E+00
  0.4356E+00  0.0000E+00
 Relative number of events:
  0.5010E+00  0.0000E+00
  0.4990E+00  0.0000E+00
 Events:
        1002           0
         998           0
Warning xbin not returning correct x   1  0.987302E+00  0.999804E+00  0.1570E-01
 Iteration  2   Mean: 0.8856E+08 Abs mean: 0.8856E+08   Fluctuation:  0.392E+07   0.275E+10   100.0%
  2    0.8856E+08 0.8856E+08 +- 0.3917E+07      2.80
 Relative summed weights:
  0.5694E+00  0.0000E+00
  0.4306E+00  0.0000E+00
 Relative number of events:
  0.5068E+00  0.0000E+00
  0.4933E+00  0.0000E+00
 Events:
        2027           0
        1973           0
 Iteration  3   Mean: 0.2211E+09 Abs mean: 0.2211E+09   Fluctuation:  0.262E+08   0.109E+12   100.0%
  3    0.2211E+09 0.2211E+09 +- 0.2618E+08     10.59
 Relative summed weights:
  0.5396E+00  0.0000E+00
  0.4604E+00  0.0000E+00
 Relative number of events:
  0.4963E+00  0.0000E+00
  0.5038E+00  0.0000E+00
 Events:
        3970           0
        4030           0
 Found          861  events.
 Wrote           14  events.
 Actual xsec    112754941.65924630     
 Correct abs xsec    112754941.65924630     
 Event xsec    112754941.65924628     
 Events wgts > 1:            1
 % Cross section > 1:   0.15255751647055149       1.35300071310037584E-007
 Checking number of events   1912.7748303074541               14  chi2:    32.182373187802035     
 Found          861  events.
 Wrote            8  events.
 Actual xsec    112754941.65924630     
 Correct abs xsec    112754941.65924630     
 Event xsec    112754941.65924627     
 Events wgts > 1:            1
 % Cross section > 1:   0.26697565242648125       2.36775123553610038E-007
 Iteration  4   Mean: 0.2789E+09 Abs mean: 0.2789E+09   Fluctuation:  0.312E+08   0.323E+12   100.0%
  4    0.2789E+09 0.2789E+09 +- 0.3120E+08     14.15
 Relative summed weights:
  0.5714E+00  0.0000E+00
  0.4286E+00  0.0000E+00
 Relative number of events:
  0.4963E+00  0.0000E+00
  0.5037E+00  0.0000E+00
 Events:
        7941           0
        8059           0
 Found         1083  events.
 Wrote           17  events.
 Actual xsec    125795102.22432858     
 Correct abs xsec    125795102.22432858     
 Event xsec    125795102.22432858     
 Events wgts > 1:            1
 % Cross section > 1:    2.1122018154710531       1.67908112328919946E-006
 Checking number of events   2133.9881141335100               17  chi2:    63.856150594589074     
 Found         1083  events.
 Wrote           13  events.
 Actual xsec    125795102.22432858     
 Correct abs xsec    125795102.22432858     
 Event xsec    125795102.22432856     
 Events wgts > 1:            1
 % Cross section > 1:    2.7621100526303053       2.19572145798226325E-006
 Iteration  5   Mean: 0.2832E+09 Abs mean: 0.2832E+09   Fluctuation:  0.499E+07   0.190E+11   100.0%
  5    0.2832E+09 0.2832E+09 +- 0.4994E+07      3.15
 Relative summed weights:
  0.5086E+00  0.0000E+00
  0.4914E+00  0.0000E+00
 Relative number of events:
  0.5050E+00  0.0000E+00
  0.4950E+00  0.0000E+00
 Events:
       16160           0
       15840           0
 Found         2697  events.
 Wrote          725  events.
 Actual xsec    281770431.54617912     
 Correct abs xsec    281770431.54617912     
 Event xsec    281770431.54617691     
 Events wgts > 1:           44
 % Cross section > 1:    2563710.1760493806       0.90985777392658618     
 Checking number of events   4779.9536007493825              725  chi2:    2.7261102986651973     
 Found         2697  events.
 Wrote          678  events.
 Actual xsec    281770431.54617912     
 Correct abs xsec    281770431.54617912     
 Event xsec    281770431.54618376     
 Events wgts > 1:           44
 % Cross section > 1:    2739702.4926527161       0.97231724337394265     
 Iteration  6   Mean: 0.2797E+09 Abs mean: 0.2797E+09   Fluctuation:  0.143E+07   0.329E+10   100.0%
  6    0.2797E+09 0.2797E+09 +- 0.1426E+07      1.29
 Relative summed weights:
  0.4954E+00  0.0000E+00
  0.5046E+00  0.0000E+00
 Relative number of events:
  0.4977E+00  0.0000E+00
  0.5023E+00  0.0000E+00
 Events:
       31852           0
       32148           0
 Found         6371  events.
 Wrote         6366  events.
 Actual xsec    280006364.01167917     
 Correct abs xsec    280006364.01167917     
 Event xsec    280006364.01164174     
 Events wgts > 1:          154
 % Cross section > 1:    459926.87153012143       0.16425586366708408     
 Checking number of events   4750.0279590941254             6366  chi2:   0.22059214316772255     

 -------------------------------------------------------------------------------
 Accumulated results:   Integral =  0.2774E+09
                        Std dev  =  0.1346E+07
                       Cross sec =  0.5142E+02
             Chi**2 per DoF.     =
-------------------------------------------------
---------------------------
 Results Last   3 iters: Integral =   0.2800E+09
                     Abs integral =   0.2800E+09
                          Std dev =   0.1370E+07
                  Chi**2 per DoF. =      0.2206
-------------------------------------------------
---------------------------
 Status -1.69639999999999989E-005           7           9
 We found enough events        6366   4750.0279590941254     

ls status:
events.lhe
ftn25
ftn26
input_sg.txt
moffset.dat
results.dat
run_01_ftn26.gz
run_01_log.txt
run_01_results.dat
run_03_ftn26.gz
run_03_log.txt
run_03_results.dat
run_04_ftn26.gz
run_04_log.txt
run_04_results.dat
run_05_ftn26.gz
run_05_log.txt
run_05_results.dat
run_06_ftn26.gz
run_06_log.txt
run_06_results.dat
run_07_ftn26.gz
run_07_log.txt
run_07_results.dat
run_08_ftn26.gz
run_08_log.txt
run_08_results.dat
run_09_ftn26.gz
run_09_log.txt
run_09_results.dat
run_10_ftn26.gz
run_10_log.txt
run_10_results.dat
run_11_ftn26.gz
run_11_log.txt
run_11_results.dat
run_12_ftn26.gz
run_12_log.txt
run_12_results.dat
run_13_ftn26.gz
run_13_log.txt
run_13_results.dat
run_14_ftn26.gz
run_14_log.txt
run_14_results.dat
run_15_ftn26.gz
run_15_log.txt
run_15_results.dat
run_19_ftn26.gz
run_19_log.txt
run_19_results.dat
run1_app.log
run_20_ftn26.gz
run_20_log.txt
run_20_results.dat
run_21_ftn26.gz
run_21_log.txt
run_21_results.dat
run_22_ftn26.gz
run_22_log.txt
run_22_results.dat
run_23_ftn26.gz
run_23_log.txt
run_23_results.dat
run_24_ftn26.gz
run_24_log.txt
run_24_results.dat
run_25_ftn26.gz
run_25_log.txt
run_25_results.dat
