 Process in group number            1
 No PDF is used, alpha_s(MZ) from param_card is used
 Value of alpha_s from param_card:   0.11800000071525575     
 The default order of alpha_s running is fixed to            2
 *****************************************************
 *               MadGraph/MadEvent                   *
 *        --------------------------------           *
 *          http://madgraph.hep.uiuc.edu             *
 *          http://madgraph.phys.ucl.ac.be           *
 *          http://madgraph.roma2.infn.it            *
 *        --------------------------------           *
 *                                                   *
 *          PARAMETER AND COUPLING VALUES            *
 *                                                   *
 *****************************************************

  External Params
  ---------------------------------
  
 aEWM1 =    132.50700378417969     
 mdl_Gf =   1.16639000000000003E-005
 aS =   0.11800000071525575     
 mdl_ymb =    4.6999998092651367     
 mdl_ymt =    173.00000000000000     
 mdl_ymtau =    1.7769999504089355     
 mdl_MZ =    91.188003540039063     
 mdl_MT =    173.00000000000000     
 mdl_MB =    4.6999998092651367     
 mdl_MH =    125.00000000000000     
 mdl_MTA =    1.7769999504089355     
 mdl_WZ =    2.4414041042327881     
 mdl_WW =    2.0476000308990479     
 mdl_WT =    1.4915000200271606     
 mdl_WH =   6.38233916833996773E-003
  Internal Params
  ---------------------------------
  
 mdl_conjg__CKM3x3 =    1.0000000000000000     
 mdl_CKM3x3 =    1.0000000000000000     
 mdl_conjg__CKM1x1 =    1.0000000000000000     
 mdl_complexi =  (  0.0000000000000000     ,  1.0000000000000000     )
 mdl_MZ__exp__2 =    8315.2519896181766     
 mdl_MZ__exp__4 =    69143415.650849044     
 mdl_sqrt__2 =    1.4142135623730951     
 mdl_MH__exp__2 =    15625.000000000000     
 mdl_aEW =   7.54677089845565054E-003
 mdl_MW =    80.419007276179556     
 mdl_sqrt__aEW =   8.68721526063194194E-002
 mdl_ee =   0.30795376284704501     
 mdl_MW__exp__2 =    6467.2167312862202     
 mdl_sw2 =   0.22224645274001076     
 mdl_cw =   0.88190336616887299     
 mdl_sqrt__sw2 =   0.47143022043565552     
 mdl_sw =   0.47143022043565552     
 mdl_g1 =   0.34919218438279087     
 mdl_gw =   0.65323296958447097     
 mdl_vev =    246.21845810181631     
 mdl_vev__exp__2 =    60623.529110035874     
 mdl_lam =   0.12886910601690271     
 mdl_yb =   2.69955531549349904E-002
 mdl_yt =   0.99366614581500645     
 mdl_ytau =   1.02066167158167895E-002
 mdl_muH =    88.388347648318444     
 mdl_I1x33 =  ( 2.69955531549349904E-002,  0.0000000000000000     )
 mdl_I2x33 =  ( 0.99366614581500645     ,  0.0000000000000000     )
 mdl_I3x33 =  ( 0.99366614581500645     ,  0.0000000000000000     )
 mdl_I4x33 =  ( 2.69955531549349904E-002,  0.0000000000000000     )
 mdl_ee__exp__2 =   9.48355200516540348E-002
 mdl_sw__exp__2 =   0.22224645274001076     
 mdl_cw__exp__2 =   0.77775354725998924     
  Internal Params evaluated point by point
  ----------------------------------------
  
 mdl_sqrt__aS =   0.34351128178744839     
 mdl_G__exp__2 =    1.4828317414825511     
  Couplings of sm
  ---------------------------------
  
         GC_3 =  -0.00000E+00  -0.30795E+00

 Collider parameters:
 --------------------

 Running at e e   machine @    13000.000000000000       GeV
 PDF set = none   
 alpha_s(Mz)= 0.1180 running at 2 loops.
 alpha_s(Mz)= 0.1180 running at 2 loops.
 Renormalization scale set on event-by-event basis
 Factorization   scale set on event-by-event basis


 getting user params
Enter number of events and max and min iterations: 
 Number of events and iterations         2000           9           3
Enter desired fractional accuracy: 
 Desired fractional accuracy:   -2624700.0000000000     
Enter 0 for fixed, 2 for adjustable grid: 
Suppress amplitude (0 no, 1 yes)? 
 Using suppressed amplitude.
Exact helicity sum (0 yes, n = number/event)? 
 Explicitly summing over helicities
Enter Configuration Number: 
Running Configuration Number:    1
 Not subdividing B.W.
 Attempting mappinvarients           1           5
 Completed mapping           5
 about to integrate            5        2000           9           3           5           1
 Using non-zero grid deformation.
  5 dimensions   2000 events  5 invarients  9 iterations  1 config(s),  (0.99)
 Using h-tuple random number sequence.
 Error opening grid
 Using Uniform Grid!
 Using uniform alpha   1.0000000000000000     
 Grid defined OK
 Set CM energy to      13000.00
 Mapping Graph           1  to config           1
Setting grid   1    0.59172E-06   1
Setting grid   2    0.59172E-06   1
 Masses: 0.000E+00 0.000E+00 0.000E+00 0.000E+00 0.000E+00
   1   1   2   3   4   5
 Got moffset           6
Using random seed offsets     1 :      1
  with seed                   27
 Ranmar initialization seeds        4635       28344
  Particle       3       4       5
      Et >    10.0    10.0    10.0
       E >     0.0     0.0     0.0
     Eta <     2.5     2.5     2.5
   xqcut:      0.0     0.0     0.0
d R # 3  >    -0.0     0.4     0.4
d R # 4  >    -0.0    -0.0     0.4
s min # 3>     0.0     0.0     0.0
s min # 4>     0.0     0.0     0.0
xqcutij # 3>     0.0     0.0     0.0
xqcutij # 4>     0.0     0.0     0.0
 alpha_s for scale    78.691293339127284       is   0.12068376918807729     
 Added good helicity           10   2.5990852231020014       in event            1
 Added good helicity           11   4.8072744764924167       in event            1
 Added good helicity           12  2.27929166743553622E-004  in event            1
 Added good helicity           13  4.71245866475337733E-004  in event            1
 Added good helicity           14   1.8217205363163063       in event            1
 Added good helicity           15   6.7712205890560595       in event            1
 Added good helicity           18   6.7712205890560595       in event            1
 Added good helicity           19   1.8217205363163063       in event            1
 Added good helicity           20  4.71245866475337733E-004  in event            1
 Added good helicity           21  2.27929166743553622E-004  in event            1
 Added good helicity           22   4.8072744764924167       in event            1
 Added good helicity           23   2.5990852231020014       in event            1
 Iteration  1   Mean: 0.5636E-03 Abs mean: 0.5636E-03   Fluctuation:  0.157E-03   0.219E+00    11.4%
  1    0.5636E-03 0.5636E-03 +- 0.1568E-03     12.44
 Writing out events  2.74836958057391850E-007   12.441586325176841     
 Relative summed weights:
  0.8226E-01  0.0000E+00
  0.2793E+00  0.0000E+00
  0.1175E+00  0.0000E+00
  0.3154E+00  0.0000E+00
  0.1011E+00  0.0000E+00
  0.1045E+00  0.0000E+00
 Relative number of events:
  0.1655E+00  0.0000E+00
  0.1570E+00  0.0000E+00
  0.1665E+00  0.0000E+00
  0.1715E+00  0.0000E+00
  0.1785E+00  0.0000E+00
  0.1610E+00  0.0000E+00
 Events:
         331           0
         314           0
         333           0
         343           0
         357           0
         322           0
 Iteration  2   Mean: 0.3938E-03 Abs mean: 0.3938E-03   Fluctuation:  0.220E-04   0.535E-01    17.1%
  2    0.3938E-03 0.3938E-03 +- 0.2204E-04      3.54
 Relative summed weights:
  0.1321E+00  0.0000E+00
  0.1451E+00  0.0000E+00
  0.2001E+00  0.0000E+00
  0.2070E+00  0.0000E+00
  0.1565E+00  0.0000E+00
  0.1592E+00  0.0000E+00
 Relative number of events:
  0.1550E+00  0.0000E+00
  0.1653E+00  0.0000E+00
  0.1715E+00  0.0000E+00
  0.1655E+00  0.0000E+00
  0.1598E+00  0.0000E+00
  0.1830E+00  0.0000E+00
 Events:
         620           0
         661           0
         686           0
         662           0
         639           0
         732           0
 Iteration  3   Mean: 0.3813E-03 Abs mean: 0.3813E-03   Fluctuation:  0.781E-05   0.159E-01    17.0%
  3    0.3813E-03 0.3813E-03 +- 0.7810E-05      1.83
 Relative summed weights:
  0.1720E+00  0.0000E+00
  0.1629E+00  0.0000E+00
  0.1784E+00  0.0000E+00
  0.1633E+00  0.0000E+00
  0.1604E+00  0.0000E+00
  0.1631E+00  0.0000E+00
 Relative number of events:
  0.1673E+00  0.0000E+00
  0.1663E+00  0.0000E+00
  0.1730E+00  0.0000E+00
  0.1644E+00  0.0000E+00
  0.1620E+00  0.0000E+00
  0.1671E+00  0.0000E+00
 Events:
        1338           0
        1330           0
        1384           0
        1315           0
        1296           0
        1337           0
 Found         3594  events.
 Wrote          405  events.
 Actual xsec   3.83663918729260165E-004
 Correct abs xsec   3.83663918729260165E-004
 Event xsec   3.83663918729256425E-004
 Events wgts > 1:            8
 % Cross section > 1:   4.08270030015029131E-006   1.0641345461081440     
 Checking number of events   1007.0026874886892              405  chi2:   0.80898957328172649     
 Found         3594  events.
 Wrote          436  events.
 Actual xsec   3.83663918729260165E-004
 Correct abs xsec   3.83663918729260165E-004
 Event xsec   3.83663918729261195E-004
 Events wgts > 1:            8
 % Cross section > 1:   3.79528811397055267E-006  0.98922205834235888     
 Iteration  4   Mean: 0.3907E-03 Abs mean: 0.3907E-03   Fluctuation:  0.500E-05   0.166E-01    15.4%
  4    0.3907E-03 0.3907E-03 +- 0.5003E-05      1.62
 Relative summed weights:
  0.1631E+00  0.0000E+00
  0.1660E+00  0.0000E+00
  0.1651E+00  0.0000E+00
  0.1722E+00  0.0000E+00
  0.1674E+00  0.0000E+00
  0.1662E+00  0.0000E+00
 Relative number of events:
  0.1684E+00  0.0000E+00
  0.1661E+00  0.0000E+00
  0.1639E+00  0.0000E+00
  0.1643E+00  0.0000E+00
  0.1648E+00  0.0000E+00
  0.1726E+00  0.0000E+00
 Events:
        2694           0
        2657           0
        2622           0
        2629           0
        2637           0
        2761           0
 Found         8551  events.
 Wrote         1144  events.
 Actual xsec   3.88301916397647891E-004
 Correct abs xsec   3.88301916397647891E-004
 Event xsec   3.88301916397654342E-004
 Events wgts > 1:           23
 % Cross section > 1:   3.83374781720181275E-006  0.98731107298366449     
 Checking number of events   1019.1760399689064             1144  chi2:   0.54811946020534008     

 -------------------------------------------------------------------------------
 Accumulated results:   Integral =  0.3886E-03
                        Std dev  =  0.4138E-05
                       Cross sec =  0.1232E+01
             Chi**2 per DoF.     =
-------------------------------------------------
---------------------------
 Results Last   3 iters: Integral =   0.3883E-03
                     Abs integral =   0.3883E-03
                          Std dev =   0.4139E-05
                  Chi**2 per DoF. =      0.5481
-------------------------------------------------
---------------------------
 Status  -2624700.0000000000                5           9
 We found enough events        1144   1019.1760399689064     

ls status:
events.lhe
ftn25
ftn26
input_sg.txt
moffset.dat
results.dat
run1_app.log
