 Process in group number            0
 No PDF is used, alpha_s(MZ) from param_card is used
 Value of alpha_s from param_card:   0.11800000071525575     
 The default order of alpha_s running is fixed to            2
 Warning: pt or E min of a gamma should in general be >0
 *****************************************************
 *               MadGraph/MadEvent                   *
 *        --------------------------------           *
 *          http://madgraph.hep.uiuc.edu             *
 *          http://madgraph.phys.ucl.ac.be           *
 *          http://madgraph.roma2.infn.it            *
 *        --------------------------------           *
 *                                                   *
 *          PARAMETER AND COUPLING VALUES            *
 *                                                   *
 *****************************************************

  External Params
  ---------------------------------
  
 aEWM1 =    132.50700378417969     
 mdl_Gf =   1.16639000000000003E-005
 aS =   0.11800000071525575     
 mdl_ymb =    4.6999998092651367     
 mdl_ymt =    173.00000000000000     
 mdl_yme =   5.10999991092830896E-004
 mdl_ymm =   0.10565999895334244     
 mdl_ymtau =    1.7769999504089355     
 mdl_MZ =    91.188003540039063     
 mdl_MT =    173.00000000000000     
 mdl_MB =    4.6999998092651367     
 mdl_MH =    125.00000000000000     
 mdl_Me =   5.10999991092830896E-004
 mdl_MM =   0.10565999895334244     
 mdl_MTA =    1.7769999504089355     
 mdl_WZ =    2.4414041042327881     
 mdl_WW =    2.0476000308990479     
 mdl_WT =    1.4915000200271606     
 mdl_WH =   6.38233916833996773E-003
 mdl_WTau =   2.26999999999999982E-012
  Internal Params
  ---------------------------------
  
 mdl_conjg__CKM3x3 =    1.0000000000000000     
 mdl_CKM3x3 =    1.0000000000000000     
 mdl_conjg__CKM1x1 =    1.0000000000000000     
 mdl_complexi =  (  0.0000000000000000     ,  1.0000000000000000     )
 mdl_MZ__exp__2 =    8315.2519896181766     
 mdl_MZ__exp__4 =    69143415.650849044     
 mdl_sqrt__2 =    1.4142135623730951     
 mdl_MH__exp__2 =    15625.000000000000     
 mdl_aEW =   7.54677089845565054E-003
 mdl_MW =    80.419007276179556     
 mdl_sqrt__aEW =   8.68721526063194194E-002
 mdl_ee =   0.30795376284704501     
 mdl_MW__exp__2 =    6467.2167312862202     
 mdl_sw2 =   0.22224645274001076     
 mdl_cw =   0.88190336616887299     
 mdl_sqrt__sw2 =   0.47143022043565552     
 mdl_sw =   0.47143022043565552     
 mdl_g1 =   0.34919218438279087     
 mdl_gw =   0.65323296958447097     
 mdl_vev =    246.21845810181631     
 mdl_vev__exp__2 =    60623.529110035874     
 mdl_lam =   0.12886910601690271     
 mdl_yb =   2.69955531549349904E-002
 mdl_ye =   2.93504850670934038E-006
 mdl_ym =   6.06883028478528356E-004
 mdl_yt =   0.99366614581500645     
 mdl_ytau =   1.02066167158167895E-002
 mdl_muH =    88.388347648318444     
 mdl_I1x33 =  ( 2.69955531549349904E-002,  0.0000000000000000     )
 mdl_I2x33 =  ( 0.99366614581500645     ,  0.0000000000000000     )
 mdl_I3x33 =  ( 0.99366614581500645     ,  0.0000000000000000     )
 mdl_I4x33 =  ( 2.69955531549349904E-002,  0.0000000000000000     )
 mdl_ee__exp__2 =   9.48355200516540348E-002
 mdl_sw__exp__2 =   0.22224645274001076     
 mdl_cw__exp__2 =   0.77775354725998924     
  Internal Params evaluated point by point
  ----------------------------------------
  
 mdl_sqrt__aS =   0.34351128178744839     
 mdl_G__exp__2 =    1.4828317414825511     
  Couplings of sm-lepton_masses
  ---------------------------------
  
         GC_3 =  -0.00000E+00  -0.30795E+00
        GC_50 =  -0.00000E+00  -0.28804E+00
        GC_59 =   0.00000E+00   0.82310E-01
        GC_89 =  -0.00000E+00  -0.20754E-05

 Collider parameters:
 --------------------

 Running at e e   machine @   7.00000000000000067E-002  GeV
 PDF set = none   
 alpha_s(Mz)= 0.1180 running at 2 loops.
 alpha_s(Mz)= 0.1180 running at 2 loops.
 Renormalization scale fixed @    91.188000000000002     
 Factorization scales  fixed @    91.188000000000002        91.188000000000002     


 getting user params
Enter number of events and max and min iterations: 
 Number of events and iterations         2000           9           3
Enter desired fractional accuracy: 
 Desired fractional accuracy:  -6.26620000000000013E-037
Enter 0 for fixed, 2 for adjustable grid: 
Suppress amplitude (0 no, 1 yes)? 
 Using suppressed amplitude.
Exact helicity sum (0 yes, n = number/event)? 
 Explicitly summing over helicities
Enter Configuration Number: 
Running Configuration Number:   16
 Not subdividing B.W.
 Attempting mappinvarients           1           5
 Completed mapping           5
 about to integrate            5        2000           9           3           5           1
 Keeping grid fixed.
  5 dimensions   2000 events  5 invarients  9 iterations  1 config(s),  (0.99)
 Using h-tuple random number sequence.
 Grid read from file
 Grid defined OK
 Set CM energy to          0.07
 Mapping Graph          16  to config          16
 No modification is setgrid, grid read from file
 No modification is setgrid, grid read from file
 Masses: 0.511E-03 0.511E-03 0.000E+00 0.511E-03 0.511E-03
  16   1   2   3   4   5
 Got moffset          18
Using random seed offsets    16 :      1
  with seed                   30
 Ranmar initialization seeds        8307        6069
  Particle       3       4       5
      Et >     0.0     0.0     0.0
       E >     0.0     0.0     0.0
     Eta <    -1.0    -1.0    -1.0
   xqcut:      0.0     0.0     0.0
d R # 3  >    -0.0     0.0     0.0
d R # 4  >    -0.0    -0.0     0.4
s min # 3>     0.0     0.0     0.0
s min # 4>     0.0     0.0     0.0
xqcutij # 3>     0.0     0.0     0.0
xqcutij # 4>     0.0     0.0     0.0
 alpha_s for scale    91.188000000000002       is   0.11800000071525575     
 Added good helicity            1   4.3684497302145973       in event            1
 Added good helicity            2  3.16424444429518892E-002  in event            1
 Added good helicity            5   3.5999078252373220       in event            1
 Added good helicity           10   3.5999078252374450       in event            1
 Added good helicity           13  3.16424444429529092E-002  in event            1
 Added good helicity           14   4.3684497302147438       in event            1
 Added good helicity           19   4.3684497302147438       in event            1
 Added good helicity           20  3.16424444429529508E-002  in event            1
 Added good helicity           23   3.5999078252374441       in event            1
 Added good helicity           28   3.5999078252373229       in event            1
 Added good helicity           31  3.16424444429518475E-002  in event            1
 Added good helicity           32   4.3684497302145973       in event            1
 Added good helicity            3   7.2969300316512982       in event           59
 Added good helicity            4  5.59268998572116410E-006  in event           59
 Added good helicity           11  6.19202483896661268E-006  in event           59
 Added good helicity           12   6.7655085485556796       in event           59
 Added good helicity           21   6.7655085491530569       in event           59
 Added good helicity           22  6.19202483951341649E-006  in event           59
 Added good helicity           29  5.59268998669478527E-006  in event           59
 Added good helicity           30   7.2969300318666139       in event           59
 Added good helicity            6  1.56104342701620549E-005  in event           71
 Added good helicity            7  1.16148284914572956E-005  in event           71
 Added good helicity            9  1.54333301871451150E-005  in event           71
 Added good helicity           15   1.4919303625698388       in event           71
 Added good helicity           16  1.54857160193274862E-005  in event           71
 Added good helicity           17  1.54857067318319225E-005  in event           71
 Added good helicity           18   1.4919303619842865       in event           71
 Added good helicity           24  1.54333208817316128E-005  in event           71
 Added good helicity           26  1.16148354927739651E-005  in event           71
 Added good helicity           27  1.56104249454374009E-005  in event           71
 Iteration  1   Mean: 0.1916E+34 Abs mean: 0.1916E+34   Fluctuation:  0.851E+33   0.143E+37    99.6%
  1    0.1916E+34 0.1916E+34 +- 0.8513E+33     19.87
 Writing out events  1.06882119321442318E+029   19.867241118994020     
 Relative summed weights:
  0.1000E+01  0.0000E+00
 Relative number of events:
  0.1000E+01  0.0000E+00
 Events:
        2000           0
 Iteration  2   Mean: 0.2737E+34 Abs mean: 0.2737E+34   Fluctuation:  0.130E+34   0.466E+37    99.5%
  2    0.2737E+34 0.2737E+34 +- 0.1298E+34     29.99
 Relative summed weights:
  0.1000E+01  0.0000E+00
 Relative number of events:
  0.1000E+01  0.0000E+00
 Events:
        4000           0
 Iteration  3   Mean: 0.1075E+35 Abs mean: 0.1075E+35   Fluctuation:  0.599E+34   0.451E+38    99.4%
  3    0.1075E+35 0.1075E+35 +- 0.5985E+34     49.79
 Relative summed weights:
  0.1000E+01  0.0000E+00
 Relative number of events:
  0.1000E+01  0.0000E+00
 Events:
        8000           0
 Found           83  events.
 Wrote            2  events.
 Actual xsec   4.44016657995144372E+033
 Correct abs xsec   4.44016657995144372E+033
 Event xsec   4.44016657995144372E+033
 Events wgts > 1:            1
 % Cross section > 1:   6.57885874783225845E+026  1.48166935392414987E-005
 Checking number of events  2.78229718232917388E-003           2  chi2:    5.8119107217198760     

 -------------------------------------------------------------------------------
 Accumulated results:   Integral =  0.4440E+34
                        Std dev  =  0.1244E+34
                       Cross sec =  0.4405E+01
             Chi**2 per DoF.     =
-------------------------------------------------
---------------------------
 Results Last   3 iters: Integral =   0.4440E+34
                     Abs integral =   0.4440E+34
                          Std dev =   0.1244E+34
                  Chi**2 per DoF. =      5.8119
-------------------------------------------------
---------------------------
 Status -6.26620000000000013E-037           4           9
 We found enough events           2  2.78229718232917388E-003

ls status:
events.lhe
ftn25
ftn26
input_sg.txt
log.txt
moffset.dat
results.dat
run1_app.log
