 Process in group number            1
 No PDF is used, alpha_s(MZ) from param_card is used
 Value of alpha_s from param_card:   0.11800000071525575     
 The default order of alpha_s running is fixed to            2
 *****************************************************
 *               MadGraph/MadEvent                   *
 *        --------------------------------           *
 *          http://madgraph.hep.uiuc.edu             *
 *          http://madgraph.phys.ucl.ac.be           *
 *          http://madgraph.roma2.infn.it            *
 *        --------------------------------           *
 *                                                   *
 *          PARAMETER AND COUPLING VALUES            *
 *                                                   *
 *****************************************************

  External Params
  ---------------------------------
  
 mdl_MB =    4.6999998092651367     
 mdl_MT =    173.00000000000000     
 mdl_Me =   5.10999991092830896E-004
 mdl_MM =   0.10565999895334244     
 mdl_MTA =    1.7769999504089355     
 mdl_MZ =    91.188003540039063     
 mdl_MH =    125.00000000000000     
 aEWM1 =    132.50700378417969     
 mdl_Gf =   1.16639000000000003E-005
 aS =   0.11800000071525575     
 mdl_ymb =    4.6999998092651367     
 mdl_ymt =    173.00000000000000     
 mdl_yme =   5.10999991092830896E-004
 mdl_ymm =   0.10565999895334244     
 mdl_ymtau =    1.7769999504089355     
 mdl_WT =    1.4915000200271606     
 mdl_WTau =   2.26999999999999982E-012
 mdl_WZ =    2.4414041042327881     
 mdl_WW =    2.0476000308990479     
 mdl_WH =   6.38233916833996773E-003
  Internal Params
  ---------------------------------
  
 mdl_conjg__CKM3x3 =    1.0000000000000000     
 mdl_CKM3x3 =    1.0000000000000000     
 mdl_conjg__CKM1x1 =    1.0000000000000000     
 mdl_complexi =  (  0.0000000000000000     ,  1.0000000000000000     )
 mdl_MZ__exp__2 =    8315.2519896181766     
 mdl_MZ__exp__4 =    69143415.650849044     
 mdl_sqrt__2 =    1.4142135623730951     
 mdl_MH__exp__2 =    15625.000000000000     
 mdl_aEW =   7.54677089845565054E-003
 mdl_MW =    80.419007276179556     
 mdl_sqrt__aEW =   8.68721526063194194E-002
 mdl_ee =   0.30795376284704501     
 mdl_MW__exp__2 =    6467.2167312862202     
 mdl_sw2 =   0.22224645274001076     
 mdl_cw =   0.88190336616887299     
 mdl_sqrt__sw2 =   0.47143022043565552     
 mdl_sw =   0.47143022043565552     
 mdl_g1 =   0.34919218438279087     
 mdl_gw =   0.65323296958447097     
 mdl_vev =    246.21845810181631     
 mdl_vev__exp__2 =    60623.529110035874     
 mdl_lam =   0.12886910601690271     
 mdl_yb =   2.69955531549349904E-002
 mdl_ye =   2.93504850670934038E-006
 mdl_ym =   6.06883028478528356E-004
 mdl_yt =   0.99366614581500645     
 mdl_ytau =   1.02066167158167895E-002
 mdl_muH =    88.388347648318444     
 mdl_I1x33 =  ( 2.69955531549349904E-002,  0.0000000000000000     )
 mdl_I2x33 =  ( 0.99366614581500645     ,  0.0000000000000000     )
 mdl_I3x33 =  ( 0.99366614581500645     ,  0.0000000000000000     )
 mdl_I4x33 =  ( 2.69955531549349904E-002,  0.0000000000000000     )
 mdl_ee__exp__2 =   9.48355200516540348E-002
 mdl_sw__exp__2 =   0.22224645274001076     
 mdl_cw__exp__2 =   0.77775354725998924     
  Internal Params evaluated point by point
  ----------------------------------------
  
 mdl_sqrt__aS =   0.34351128178744839     
 mdl_G__exp__2 =    1.4828317414825511     
  Couplings of sm-lepton_masses
  ---------------------------------
  
         GC_3 =  -0.00000E+00  -0.30795E+00

 Collider parameters:
 --------------------

 Running at e e   machine @   4.00000000000000008E-003  GeV
 PDF set = none   
 alpha_s(Mz)= 0.1180 running at 2 loops.
 alpha_s(Mz)= 0.1180 running at 2 loops.
 Renormalization scale fixed @    91.188000000000002     
 Factorization scales  fixed @    91.188000000000002        91.188000000000002     


 getting user params
Enter number of events and max and min iterations: 
 Number of events and iterations         2000           9           3
Enter desired fractional accuracy: 
 Desired fractional accuracy:  -6.34919999999999971E-007
Enter 0 for fixed, 2 for adjustable grid: 
Suppress amplitude (0 no, 1 yes)? 
 Using suppressed amplitude.
Exact helicity sum (0 yes, n = number/event)? 
 Explicitly summing over helicities
Enter Configuration Number: 
Running Configuration Number:    1
 Not subdividing B.W.
 Attempting mappinvarients           1           4
 Completed mapping           4
 about to integrate            2        2000           9           3           2           1
 Using non-zero grid deformation.
  2 dimensions   2000 events  2 invarients  9 iterations  1 config(s),  (0.99)
 Using h-tuple random number sequence.
 Error opening grid
 Using Uniform Grid!
 Using uniform alpha   1.0000000000000000     
 Grid defined OK
 Set CM energy to          0.00
 Mapping Graph           1  to config           1
 Warning: No cutoff for shat integral found
          Minimum set to    62500.000000000000     
Setting grid   1    0.62500E+05   1
 Masses: 0.511E-03 0.511E-03 0.000E+00 0.000E+00
   1   1   2
 Got moffset          23
Using random seed offsets     1 :      1
  with seed                   99
 Ranmar initialization seeds        2160       21926
  Particle       3       4
      Et >     0.0     0.0
       E >    -1.0    -1.0
     Eta <    -1.0    -1.0
   xqcut:      0.0     0.0
d R # 3  >    -0.0    -1.0
s min # 3>     0.0     0.0
xqcutij # 3>     0.0     0.0
 alpha_s for scale    91.188000000000002       is   0.11800000071525575     
 Added good helicity            1   5.6649020417677116       in event            1
 Added good helicity            2  1.08798981973936854E-003  in event            1
 Added good helicity            3  1.08798981973936876E-003  in event            1
 Added good helicity            4  1.61327050625444677E-003  in event            1
 Added good helicity            6   2.3311895541246259       in event            1
 Added good helicity            7  1.19153961928420506E-004  in event            1
 Added good helicity           10  1.19153961928420506E-004  in event            1
 Added good helicity           11   2.3311895541246259       in event            1
 Added good helicity           13  1.61327050625444677E-003  in event            1
 Added good helicity           14  1.08798981973936876E-003  in event            1
 Added good helicity           15  1.08798981973936854E-003  in event            1
 Added good helicity           16   5.6649020417677116       in event            1
 Iteration  1   Mean: 0.4045E+11 Abs mean: 0.4045E+11   Fluctuation:  0.203E+10   0.534E+12   100.0%
  1    0.4045E+11 0.4045E+11 +- 0.2031E+10      2.25
 Writing out events   2247288.1424298049        2.2451677505199887     
 Relative summed weights:
  0.4566E+00  0.0000E+00
  0.5434E+00  0.0000E+00
 Relative number of events:
  0.4900E+00  0.0000E+00
  0.5100E+00  0.0000E+00
 Events:
         980           0
        1020           0
 Iteration  2   Mean: 0.3197E+11 Abs mean: 0.3197E+11   Fluctuation:  0.130E+10   0.101E+13   100.0%
  2    0.3197E+11 0.3197E+11 +- 0.1297E+10      2.57
 Relative summed weights:
  0.4870E+00  0.0000E+00
  0.5130E+00  0.0000E+00
 Relative number of events:
  0.5010E+00  0.0000E+00
  0.4990E+00  0.0000E+00
 Events:
        2004           0
        1996           0
 Iteration  3   Mean: 0.3954E+11 Abs mean: 0.3954E+11   Fluctuation:  0.120E+10   0.135E+13   100.0%
  3    0.3954E+11 0.3954E+11 +- 0.1197E+10      2.71
 Relative summed weights:
  0.4878E+00  0.0000E+00
  0.5122E+00  0.0000E+00
 Relative number of events:
  0.4981E+00  0.0000E+00
  0.5019E+00  0.0000E+00
 Events:
        3985           0
        4015           0
 Found          779  events.
 Wrote          279  events.
 Actual xsec    37521073618.664597     
 Correct abs xsec    37521073618.664597     
 Event xsec    37521073618.664444     
 Events wgts > 1:           40
 % Cross section > 1:    374366341.86347401       0.99774954647686209     
 Checking number of events   23822.880061962525              279  chi2:    11.628035718006640     
 Found          779  events.
 Wrote          278  events.
 Actual xsec    37521073618.664597     
 Correct abs xsec    37521073618.664597     
 Event xsec    37521073618.664589     
 Events wgts > 1:           40
 % Cross section > 1:    375699499.42394733        1.0013026365990185     
 Iteration  4   Mean: 0.3910E+11 Abs mean: 0.3910E+11   Fluctuation:  0.399E+09   0.415E+12   100.0%
  4    0.3910E+11 0.3910E+11 +- 0.3990E+09      1.29
 Relative summed weights:
  0.5015E+00  0.0000E+00
  0.4985E+00  0.0000E+00
 Relative number of events:
  0.4953E+00  0.0000E+00
  0.5048E+00  0.0000E+00
 Events:
        7924           0
        8076           0
 Found         1592  events.
 Wrote         1589  events.
 Actual xsec    38757022737.878304     
 Correct abs xsec    38757022737.878304     
 Event xsec    38757022737.878304     
 Events wgts > 1:            4
 % Cross section > 1:    2276018.2277393192       5.87253113618271816E-003
 Checking number of events   24607.608876733691             1589  chi2:    14.269136659526364     
 Found         1592  events.
 Wrote         1589  events.
 Actual xsec    38757022737.878304     
 Correct abs xsec    38757022737.878304     
 Event xsec    38757022737.878304     
 Events wgts > 1:            4
 % Cross section > 1:    2276018.2277393192       5.87253113618271816E-003
 Iteration  5   Mean: 0.3928E+11 Abs mean: 0.3928E+11   Fluctuation:  0.154E+09   0.161E+12   100.0%
  5    0.3928E+11 0.3928E+11 +- 0.1539E+09      0.70
 Relative summed weights:
  0.5042E+00  0.0000E+00
  0.4958E+00  0.0000E+00
 Relative number of events:
  0.5014E+00  0.0000E+00
  0.4986E+00  0.0000E+00
 Events:
       16046           0
       15954           0
 Found         3199  events.
 Wrote         3194  events.
 Actual xsec    39262382408.325150     
 Correct abs xsec    39262382408.325150     
 Event xsec    39262382408.327934     
 Events wgts > 1:            0
 % Cross section > 1:    0.0000000000000000        0.0000000000000000     
 Checking number of events   24928.471838693804             3194  chi2:   0.12191994640219922     
 Found         3199  events.
 Wrote         3194  events.
 Actual xsec    39262382408.325150     
 Correct abs xsec    39262382408.325150     
 Event xsec    39262382408.327934     
 Events wgts > 1:            0
 % Cross section > 1:    0.0000000000000000        0.0000000000000000     
 Iteration  6   Mean: 0.3927E+11 Abs mean: 0.3927E+11   Fluctuation:  0.688E+08   0.973E+11   100.0%
  6    0.3927E+11 0.3927E+11 +- 0.6880E+08      0.44
 Relative summed weights:
  0.5008E+00  0.0000E+00
  0.4992E+00  0.0000E+00
 Relative number of events:
  0.5019E+00  0.0000E+00
  0.4981E+00  0.0000E+00
 Events:
       32123           0
       31877           0
 Found         6341  events.
 Wrote         6337  events.
 Actual xsec    39270281827.526993     
 Correct abs xsec    39270281827.526993     
 Event xsec    39270281827.527695     
 Events wgts > 1:            0
 % Cross section > 1:    0.0000000000000000        0.0000000000000000     
 Checking number of events   24933.487337933439             6337  chi2:   9.80449854237669532E-002
 Found         6341  events.
 Wrote         6337  events.
 Actual xsec    39270281827.526993     
 Correct abs xsec    39270281827.526993     
 Event xsec    39270281827.527695     
 Events wgts > 1:            0
 % Cross section > 1:    0.0000000000000000        0.0000000000000000     
 Iteration  7   Mean: 0.3917E+11 Abs mean: 0.3917E+11   Fluctuation:  0.328E+08   0.716E+11   100.0%
  7    0.3917E+11 0.3917E+11 +- 0.3278E+08      0.30
 Relative summed weights:
  0.5004E+00  0.0000E+00
  0.4996E+00  0.0000E+00
 Relative number of events:
  0.5004E+00  0.0000E+00
  0.4996E+00  0.0000E+00
 Events:
       64057           0
       63943           0
 Found        12811  events.
 Wrote        12807  events.
 Actual xsec    39195865574.689102     
 Correct abs xsec    39195865574.689102     
 Event xsec    39195865574.691322     
 Events wgts > 1:            0
 % Cross section > 1:    0.0000000000000000        0.0000000000000000     
 Checking number of events   24886.238970681603            12807  chi2:    1.0015980911132649     
 Found        12811  events.
 Wrote        12807  events.
 Actual xsec    39195865574.689102     
 Correct abs xsec    39195865574.689102     
 Event xsec    39195865574.691322     
 Events wgts > 1:            0
 % Cross section > 1:    0.0000000000000000        0.0000000000000000     
 Iteration  8   Mean: 0.3922E+11 Abs mean: 0.3922E+11   Fluctuation:  0.162E+08   0.591E+11   100.0%
  8    0.3922E+11 0.3922E+11 +- 0.1624E+08      0.21
 Relative summed weights:
  0.5002E+00  0.0000E+00
  0.4998E+00  0.0000E+00
 Relative number of events:
  0.5004E+00  0.0000E+00
  0.4996E+00  0.0000E+00
 Events:
      128098           0
      127902           0
 Found        25634  events.
 Wrote        25629  events.
 Actual xsec    39211092787.950768     
 Correct abs xsec    39211092787.950768     
 Event xsec    39211092787.977150     
 Events wgts > 1:            0
 % Cross section > 1:    0.0000000000000000        0.0000000000000000     
 Checking number of events   24895.907032925701            25629  chi2:    1.0924931559350441     

 -------------------------------------------------------------------------------
 Accumulated results:   Integral =  0.3921E+11
                        Std dev  =  0.1417E+08
                       Cross sec =  0.3382E+01
             Chi**2 per DoF.     =
-------------------------------------------------
---------------------------
 Results Last   3 iters: Integral =   0.3921E+11
                     Abs integral =   0.3921E+11
                          Std dev =   0.1424E+08
                  Chi**2 per DoF. =      1.0925
-------------------------------------------------
---------------------------
 Status -6.34919999999999971E-007           9           9
 We found enough events       25629   24895.907032925701     

ls status:
events.lhe
ftn25
ftn26
input_sg.txt
moffset.dat
results.dat
run_06_ftn26.gz
run_06_log.txt
run_06_results.dat
run_07_ftn26.gz
run_07_log.txt
run_07_results.dat
run_08_ftn26.gz
run_08_log.txt
run_08_results.dat
run1_app.log
