 Process in group number            0
 No PDF is used, alpha_s(MZ) from param_card is used
 Value of alpha_s from param_card:   0.11800000071525575     
 The default order of alpha_s running is fixed to            2
<<<<<<< HEAD
=======
 Warning: pt or E min of a gamma should in general be >0
>>>>>>> 911b5ec345c81b054214c521136984e9d6306827
 *****************************************************
 *               MadGraph/MadEvent                   *
 *        --------------------------------           *
 *          http://madgraph.hep.uiuc.edu             *
 *          http://madgraph.phys.ucl.ac.be           *
 *          http://madgraph.roma2.infn.it            *
 *        --------------------------------           *
 *                                                   *
 *          PARAMETER AND COUPLING VALUES            *
 *                                                   *
 *****************************************************

  External Params
  ---------------------------------
  
 aEWM1 =    132.50700378417969     
 mdl_Gf =   1.16639000000000003E-005
 aS =   0.11800000071525575     
 mdl_ymb =    4.6999998092651367     
 mdl_ymt =    173.00000000000000     
 mdl_yme =   5.10999991092830896E-004
 mdl_ymm =   0.10565999895334244     
 mdl_ymtau =    1.7769999504089355     
 mdl_MZ =    91.188003540039063     
 mdl_MT =    173.00000000000000     
 mdl_MB =    4.6999998092651367     
 mdl_MH =    125.00000000000000     
 mdl_Me =   5.10999991092830896E-004
 mdl_MM =   0.10565999895334244     
 mdl_MTA =    1.7769999504089355     
 mdl_WZ =    2.4414041042327881     
 mdl_WW =    2.0476000308990479     
 mdl_WT =    1.4915000200271606     
 mdl_WH =   6.38233916833996773E-003
 mdl_WTau =   2.26999999999999982E-012
  Internal Params
  ---------------------------------
  
 mdl_conjg__CKM3x3 =    1.0000000000000000     
 mdl_CKM3x3 =    1.0000000000000000     
 mdl_conjg__CKM1x1 =    1.0000000000000000     
 mdl_complexi =  (  0.0000000000000000     ,  1.0000000000000000     )
 mdl_MZ__exp__2 =    8315.2519896181766     
 mdl_MZ__exp__4 =    69143415.650849044     
 mdl_sqrt__2 =    1.4142135623730951     
 mdl_MH__exp__2 =    15625.000000000000     
 mdl_aEW =   7.54677089845565054E-003
 mdl_MW =    80.419007276179556     
 mdl_sqrt__aEW =   8.68721526063194194E-002
 mdl_ee =   0.30795376284704501     
 mdl_MW__exp__2 =    6467.2167312862202     
 mdl_sw2 =   0.22224645274001076     
 mdl_cw =   0.88190336616887299     
 mdl_sqrt__sw2 =   0.47143022043565552     
 mdl_sw =   0.47143022043565552     
 mdl_g1 =   0.34919218438279087     
 mdl_gw =   0.65323296958447097     
 mdl_vev =    246.21845810181631     
 mdl_vev__exp__2 =    60623.529110035874     
 mdl_lam =   0.12886910601690271     
 mdl_yb =   2.69955531549349904E-002
 mdl_ye =   2.93504850670934038E-006
 mdl_ym =   6.06883028478528356E-004
 mdl_yt =   0.99366614581500645     
 mdl_ytau =   1.02066167158167895E-002
 mdl_muH =    88.388347648318444     
 mdl_I1x33 =  ( 2.69955531549349904E-002,  0.0000000000000000     )
 mdl_I2x33 =  ( 0.99366614581500645     ,  0.0000000000000000     )
 mdl_I3x33 =  ( 0.99366614581500645     ,  0.0000000000000000     )
 mdl_I4x33 =  ( 2.69955531549349904E-002,  0.0000000000000000     )
 mdl_ee__exp__2 =   9.48355200516540348E-002
 mdl_sw__exp__2 =   0.22224645274001076     
 mdl_cw__exp__2 =   0.77775354725998924     
  Internal Params evaluated point by point
  ----------------------------------------
  
 mdl_sqrt__aS =   0.34351128178744839     
 mdl_G__exp__2 =    1.4828317414825511     
  Couplings of sm-lepton_masses
  ---------------------------------
  
         GC_3 =  -0.00000E+00  -0.30795E+00
        GC_50 =  -0.00000E+00  -0.28804E+00
        GC_59 =   0.00000E+00   0.82310E-01
        GC_89 =  -0.00000E+00  -0.20754E-05

 Collider parameters:
 --------------------

<<<<<<< HEAD
 Running at e e   machine @   7.14879999999999960E-002  GeV
=======
 Running at e e   machine @   7.00000000000000067E-002  GeV
>>>>>>> 911b5ec345c81b054214c521136984e9d6306827
 PDF set = none   
 alpha_s(Mz)= 0.1180 running at 2 loops.
 alpha_s(Mz)= 0.1180 running at 2 loops.
 Renormalization scale fixed @    91.188000000000002     
 Factorization scales  fixed @    91.188000000000002        91.188000000000002     


 getting user params
Enter number of events and max and min iterations: 
 Number of events and iterations         1000           5           3
Enter desired fractional accuracy: 
 Desired fractional accuracy:   0.10000000000000001     
Enter 0 for fixed, 2 for adjustable grid: 
Suppress amplitude (0 no, 1 yes)? 
 Using suppressed amplitude.
Exact helicity sum (0 yes, n = number/event)? 
 Explicitly summing over helicities
Enter Configuration Number: 
Running Configuration Number:   22
 Not subdividing B.W.
 Attempting mappinvarients           1           5
 Completed mapping           5
 about to integrate            5        1000           5           3           5           1
 Using non-zero grid deformation.
  5 dimensions   1000 events  5 invarients  5 iterations  1 config(s),  (0.99)
 Using h-tuple random number sequence.
 Error opening grid
 Using Uniform Grid!
 Using uniform alpha   1.0000000000000000     
 Grid defined OK
 Set CM energy to          0.07
 Mapping Graph          22  to config          22
<<<<<<< HEAD
Setting grid   1    0.51095E-04   1
Setting grid   2    0.51095E-04   1
 Masses: 0.511E-03 0.511E-03 0.000E+00 0.511E-03 0.511E-03
  22   1   2   3   4   5
 Got moffset           1
Using random seed offsets    22 :      1
  with seed                   84
 Ranmar initialization seeds       13977       12618
=======
Setting grid   1    0.53290E-04   1
Setting grid   2    0.53290E-04   1
 Masses: 0.511E-03 0.511E-03 0.000E+00 0.511E-03 0.511E-03
  22   1   2   3   4   5
Using random seed offsets    22 :      1
  with seed                   24
 Ranmar initialization seeds       31080        9398
>>>>>>> 911b5ec345c81b054214c521136984e9d6306827
  Particle       3       4       5
      Et >     0.0     0.0     0.0
       E >     0.0     0.0     0.0
     Eta <    -1.0    -1.0    -1.0
   xqcut:      0.0     0.0     0.0
d R # 3  >    -0.0     0.0     0.0
<<<<<<< HEAD
d R # 4  >    -0.0    -0.0     0.0
=======
d R # 4  >    -0.0    -0.0     0.4
>>>>>>> 911b5ec345c81b054214c521136984e9d6306827
s min # 3>     0.0     0.0     0.0
s min # 4>     0.0     0.0     0.0
xqcutij # 3>     0.0     0.0     0.0
xqcutij # 4>     0.0     0.0     0.0
 alpha_s for scale    91.188000000000002       is   0.11800000071525575     
<<<<<<< HEAD
 Added good helicity            1   8.8704242287892150       in event            1
 Added good helicity            2  3.68805886387412921E-005  in event            1
 Added good helicity            3  0.95939231782381973       in event            1
 Added good helicity            4  3.00761300971440525E-006  in event            1
 Added good helicity            5  0.11558769847197502       in event            1
 Added good helicity            7  1.77507539838793235E-005  in event            1
 Added good helicity            9  4.17485711030909462E-005  in event            1
 Added good helicity           10   5.4375666844014106       in event            1
 Added good helicity           11  1.41171564971891926E-005  in event            1
 Added good helicity           12  0.52353410606950990       in event            1
 Added good helicity           13  3.98183208297955848E-004  in event            1
 Added good helicity           14  9.13893098794487241E-002  in event            1
 Added good helicity           15  1.57295308615676356E-003  in event            1
 Added good helicity           16  2.00896438807273343E-005  in event            1
 Added good helicity           17  2.00896453068728417E-005  in event            1
 Added good helicity           18  1.57295311489661282E-003  in event            1
 Added good helicity           19  9.13893156832682879E-002  in event            1
 Added good helicity           20  3.98183208655381743E-004  in event            1
 Added good helicity           21  0.52353413713829355       in event            1
 Added good helicity           22  1.41171566530923845E-005  in event            1
 Added good helicity           23   5.4375670247668157       in event            1
 Added good helicity           24  4.17485738035792574E-005  in event            1
 Added good helicity           26  1.77507523824934397E-005  in event            1
 Added good helicity           28  0.11558769845590716       in event            1
 Added good helicity           29  3.00761323162920830E-006  in event            1
 Added good helicity           30  0.95939231799478442       in event            1
 Added good helicity           31  3.68805913021856744E-005  in event            1
 Added good helicity           32   8.8704242319975908       in event            1
 Added good helicity            6  1.25109907190512091E-005  in event            2
 Added good helicity           27  1.25109916041245941E-005  in event            2
 Iteration  1   Mean: 0.1979E+10 Abs mean: 0.1979E+10   Fluctuation:  0.176E+09   0.609E+11    83.8%
  1    0.1979E+10 0.1979E+10 +- 0.1762E+09      2.82
 Writing out events   472553.61655312794        2.8157170325935676     
=======
 Added good helicity            1   5.6021502281410811       in event            1
 Added good helicity            3  0.96870747225134035       in event            1
 Added good helicity            5   1.4328700608709517       in event            1
 Added good helicity           10   5.5957987866380030       in event            1
 Added good helicity           12  0.96657149870333303       in event            1
 Added good helicity           14   1.4339016688300801       in event            1
 Added good helicity           19   1.4339016689758763       in event            1
 Added good helicity           21  0.96657149883632487       in event            1
 Added good helicity           23   5.5957987872069017       in event            1
 Added good helicity           28   1.4328700608709537       in event            1
 Added good helicity           30  0.96870747228614218       in event            1
 Added good helicity           32   5.6021502281411104       in event            1
 Added good helicity            2  7.33006196095243815E-006  in event            3
 Added good helicity            6  2.57445409026726451E-006  in event            3
 Added good helicity            7  4.60452307323246890E-006  in event            3
 Added good helicity            9  7.84446434292074901E-006  in event            3
 Added good helicity           13  2.82024353066425113E-006  in event            3
 Added good helicity           15  1.35737914416001793E-006  in event            3
 Added good helicity           16  4.64643672359695283E-006  in event            3
 Added good helicity           17  4.64643676870586862E-006  in event            3
 Added good helicity           18  1.35737916766575481E-006  in event            3
 Added good helicity           20  2.82024353542432514E-006  in event            3
 Added good helicity           24  7.84446441355409296E-006  in event            3
 Added good helicity           26  4.60452302458448175E-006  in event            3
 Added good helicity           27  2.57445410393516771E-006  in event            3
 Added good helicity           31  7.33006206080223204E-006  in event            3
 Added good helicity           11  4.40954830111607923E-003  in event            7
 Added good helicity           22  4.40954833954592187E-003  in event            7
 Added good helicity            4  2.90523129124228498E-005  in event           31
 Added good helicity           29  2.90523129124790182E-005  in event           31
 Iteration  1   Mean: 0.8011E+20 Abs mean: 0.8011E+20   Fluctuation:  0.715E+20   0.713E+23    99.0%
  1    0.8011E+20 0.8011E+20 +- 0.7149E+20     28.22
 Writing out events   16182065463618670.        28.219855179768039     
>>>>>>> 911b5ec345c81b054214c521136984e9d6306827
 Relative summed weights:
  0.1000E+01  0.0000E+00
 Relative number of events:
  0.1000E+01  0.0000E+00
 Events:
        1000           0
<<<<<<< HEAD
 Iteration  2   Mean: 0.2503E+10 Abs mean: 0.2503E+10   Fluctuation:  0.108E+09   0.476E+11    87.5%
  2    0.2503E+10 0.2503E+10 +- 0.1083E+09      1.93
=======
 Iteration  2   Mean: 0.3026E+28 Abs mean: 0.3026E+28   Fluctuation:  0.222E+28   0.403E+31    98.6%
  2    0.3026E+28 0.3026E+28 +- 0.2220E+28     32.81
>>>>>>> 911b5ec345c81b054214c521136984e9d6306827
 Relative summed weights:
  0.1000E+01  0.0000E+00
 Relative number of events:
  0.1000E+01  0.0000E+00
 Events:
        2000           0
<<<<<<< HEAD
 Iteration  3   Mean: 0.2472E+10 Abs mean: 0.2472E+10   Fluctuation:  0.543E+08   0.284E+11    81.3%
  3    0.2472E+10 0.2472E+10 +- 0.5427E+08      1.39
=======
 Iteration  3   Mean: 0.2219E+31 Abs mean: 0.2219E+31   Fluctuation:  0.207E+31   0.828E+34    99.3%
  3    0.2219E+31 0.2219E+31 +- 0.2072E+31     59.04
>>>>>>> 911b5ec345c81b054214c521136984e9d6306827
 Relative summed weights:
  0.1000E+01  0.0000E+00
 Relative number of events:
  0.1000E+01  0.0000E+00
 Events:
        4000           0
<<<<<<< HEAD
 Accuracy:    0.030   0.100   0.019   2.524
 Finished due to accuracy   3.03757117888111411E-002  0.10000000000000001     

 -------------------------------------------------------------------------------
 Accumulated results:   Integral =  0.2456E+10
                        Std dev  =  0.4695E+08
                       Cross sec =  0.2456E+10
             Chi**2 per DoF.     =      2.5244
 -------------------------------------------------------------------------------
 Found          486  events.
 Wrote          482  events.
 Actual xsec    2455639676.7083292     
 Correct abs xsec    2455639676.7083292     
 Event xsec    2455639676.7083564     
 Events wgts > 1:            6
 % Cross section > 1:    5216934.7660013838       0.21244707908427285     
-------------------------------------------------
---------------------------
 Results Last   3 iters: Integral =   0.2456E+10
                     Abs integral =   0.2456E+10
                          Std dev =   0.4695E+08
                  Chi**2 per DoF. =      3.8036
-------------------------------------------------
---------------------------
 Status  0.10000000000000001                4           5
=======
 Accuracy:    1.161   0.100   0.484   5.745
 Found           24  events.
 Wrote            1  events.
 Actual xsec   5.98996640862980313E+029
 Correct abs xsec   5.98996640862980313E+029
 Event xsec   5.98996640862980313E+029
 Events wgts > 1:            1
 % Cross section > 1:   1.62238912873667158E+022  2.70851123037898781E-006
 Iteration  4   Mean: 0.8857E+32 Abs mean: 0.8857E+32   Fluctuation:  0.572E+32   0.427E+36    99.6%
  4    0.8857E+32 0.8857E+32 +- 0.5725E+32     57.81
 Relative summed weights:
  0.1000E+01  0.0000E+00
 Relative number of events:
  0.1000E+01  0.0000E+00
 Events:
        8000           0
 Accuracy:    0.756   0.100   0.388   3.804
 Found           27  events.
 Wrote            1  events.
 Actual xsec   3.97445342878238125E+031
 Correct abs xsec   3.97445342878238125E+031
 Event xsec   3.97445342878238125E+031
 Events wgts > 1:            1
 % Cross section > 1:   4.21992508359463300E+024  1.06176236788550191E-005
 Iteration  5   Mean: 0.7055E+33 Abs mean: 0.7055E+33   Fluctuation:  0.417E+33   0.627E+37    99.4%
  5    0.7055E+33 0.7055E+33 +- 0.4167E+33     74.71
 Relative summed weights:
  0.1000E+01  0.0000E+00
 Relative number of events:
  0.1000E+01  0.0000E+00
 Events:
       16000           0
 Accuracy:    0.662   0.100   0.324   4.167
 Found           79  events.
 Wrote            3  events.
 Actual xsec   3.49063323598292860E+032
 Correct abs xsec   3.49063323598292860E+032
 Event xsec   3.49063323598292860E+032
 Events wgts > 1:            0
 % Cross section > 1:    0.0000000000000000        0.0000000000000000     

 -------------------------------------------------------------------------------
 Accumulated results:   Integral =  0.2349E+33
                        Std dev  =  0.7614E+32
                       Cross sec =  0.2349E+33
             Chi**2 per DoF.     =      4.1667
 -------------------------------------------------------------------------------
-------------------------------------------------
---------------------------
 Results Last   3 iters: Integral =   0.3491E+33
                     Abs integral =   0.3491E+33
                          Std dev =   0.1379E+33
                  Chi**2 per DoF. =  14022.4246
-------------------------------------------------
---------------------------
 Status  0.10000000000000001                6           5
>>>>>>> 911b5ec345c81b054214c521136984e9d6306827

ls status:
events.lhe
input_app.txt
<<<<<<< HEAD
input_sg.txt
moffset.dat
multijob.dat
results.dat
run_01_log.txt
run_01_results.dat
run_02_ftn26.gz
run_02_log.txt
run_02_results.dat
run_03_log.txt
run_03_results.dat
=======
results.dat
>>>>>>> 911b5ec345c81b054214c521136984e9d6306827
run1_app.log
