 Process in group number            0
 No PDF is used, alpha_s(MZ) from param_card is used
 Value of alpha_s from param_card:   0.11800000071525575     
 The default order of alpha_s running is fixed to            2
<<<<<<< HEAD
=======
 Warning: pt or E min of a gamma should in general be >0
>>>>>>> 911b5ec345c81b054214c521136984e9d6306827
 *****************************************************
 *               MadGraph/MadEvent                   *
 *        --------------------------------           *
 *          http://madgraph.hep.uiuc.edu             *
 *          http://madgraph.phys.ucl.ac.be           *
 *          http://madgraph.roma2.infn.it            *
 *        --------------------------------           *
 *                                                   *
 *          PARAMETER AND COUPLING VALUES            *
 *                                                   *
 *****************************************************

  External Params
  ---------------------------------
  
 aEWM1 =    132.50700378417969     
 mdl_Gf =   1.16639000000000003E-005
 aS =   0.11800000071525575     
 mdl_ymb =    4.6999998092651367     
 mdl_ymt =    173.00000000000000     
 mdl_yme =   5.10999991092830896E-004
 mdl_ymm =   0.10565999895334244     
 mdl_ymtau =    1.7769999504089355     
 mdl_MZ =    91.188003540039063     
 mdl_MT =    173.00000000000000     
 mdl_MB =    4.6999998092651367     
 mdl_MH =    125.00000000000000     
 mdl_Me =   5.10999991092830896E-004
 mdl_MM =   0.10565999895334244     
 mdl_MTA =    1.7769999504089355     
 mdl_WZ =    2.4414041042327881     
 mdl_WW =    2.0476000308990479     
 mdl_WT =    1.4915000200271606     
 mdl_WH =   6.38233916833996773E-003
 mdl_WTau =   2.26999999999999982E-012
  Internal Params
  ---------------------------------
  
 mdl_conjg__CKM3x3 =    1.0000000000000000     
 mdl_CKM3x3 =    1.0000000000000000     
 mdl_conjg__CKM1x1 =    1.0000000000000000     
 mdl_complexi =  (  0.0000000000000000     ,  1.0000000000000000     )
 mdl_MZ__exp__2 =    8315.2519896181766     
 mdl_MZ__exp__4 =    69143415.650849044     
 mdl_sqrt__2 =    1.4142135623730951     
 mdl_MH__exp__2 =    15625.000000000000     
 mdl_aEW =   7.54677089845565054E-003
 mdl_MW =    80.419007276179556     
 mdl_sqrt__aEW =   8.68721526063194194E-002
 mdl_ee =   0.30795376284704501     
 mdl_MW__exp__2 =    6467.2167312862202     
 mdl_sw2 =   0.22224645274001076     
 mdl_cw =   0.88190336616887299     
 mdl_sqrt__sw2 =   0.47143022043565552     
 mdl_sw =   0.47143022043565552     
 mdl_g1 =   0.34919218438279087     
 mdl_gw =   0.65323296958447097     
 mdl_vev =    246.21845810181631     
 mdl_vev__exp__2 =    60623.529110035874     
 mdl_lam =   0.12886910601690271     
 mdl_yb =   2.69955531549349904E-002
 mdl_ye =   2.93504850670934038E-006
 mdl_ym =   6.06883028478528356E-004
 mdl_yt =   0.99366614581500645     
 mdl_ytau =   1.02066167158167895E-002
 mdl_muH =    88.388347648318444     
 mdl_I1x33 =  ( 2.69955531549349904E-002,  0.0000000000000000     )
 mdl_I2x33 =  ( 0.99366614581500645     ,  0.0000000000000000     )
 mdl_I3x33 =  ( 0.99366614581500645     ,  0.0000000000000000     )
 mdl_I4x33 =  ( 2.69955531549349904E-002,  0.0000000000000000     )
 mdl_ee__exp__2 =   9.48355200516540348E-002
 mdl_sw__exp__2 =   0.22224645274001076     
 mdl_cw__exp__2 =   0.77775354725998924     
  Internal Params evaluated point by point
  ----------------------------------------
  
 mdl_sqrt__aS =   0.34351128178744839     
 mdl_G__exp__2 =    1.4828317414825511     
  Couplings of sm-lepton_masses
  ---------------------------------
  
         GC_3 =  -0.00000E+00  -0.30795E+00
        GC_50 =  -0.00000E+00  -0.28804E+00
        GC_59 =   0.00000E+00   0.82310E-01
        GC_89 =  -0.00000E+00  -0.20754E-05

 Collider parameters:
 --------------------

<<<<<<< HEAD
 Running at e e   machine @   7.14879999999999960E-002  GeV
=======
 Running at e e   machine @   7.00000000000000067E-002  GeV
>>>>>>> 911b5ec345c81b054214c521136984e9d6306827
 PDF set = none   
 alpha_s(Mz)= 0.1180 running at 2 loops.
 alpha_s(Mz)= 0.1180 running at 2 loops.
 Renormalization scale fixed @    91.188000000000002     
 Factorization scales  fixed @    91.188000000000002        91.188000000000002     


 getting user params
Enter number of events and max and min iterations: 
 Number of events and iterations         1000           5           3
Enter desired fractional accuracy: 
 Desired fractional accuracy:   0.10000000000000001     
Enter 0 for fixed, 2 for adjustable grid: 
Suppress amplitude (0 no, 1 yes)? 
 Using suppressed amplitude.
Exact helicity sum (0 yes, n = number/event)? 
 Explicitly summing over helicities
Enter Configuration Number: 
Running Configuration Number:   11
 Using dconfig=           2
 BW Setting            2           0           0
 Attempting mappinvarients           1           5
 Completed mapping           5
 about to integrate            5        1000           5           3           5           1
 Using non-zero grid deformation.
  5 dimensions   1000 events  5 invarients  5 iterations  1 config(s),  (0.99)
 Using h-tuple random number sequence.
 Error opening grid
 Using Uniform Grid!
 Using uniform alpha   1.0000000000000000     
 Grid defined OK
 Set CM energy to          0.07
 Mapping Graph          11  to config          11
<<<<<<< HEAD
Setting grid   1    0.20438E-03   1
Setting grid   2    0.17611E-04   1
 Masses: 0.511E-03 0.511E-03 0.000E+00 0.511E-03 0.511E-03
  11   1   2   3   4   5
Using random seed offsets    11 :      1
  with seed                   84
 Ranmar initialization seeds       13966        9461
=======
Setting grid   1    0.21316E-03   1
 Warning: No cutoff for shat integral found
          Minimum set to    204.08163265306121     
Setting grid   2    0.20408E+03   1
 Masses: 0.511E-03 0.511E-03 0.000E+00 0.511E-03 0.511E-03
  11   1   2   3   4   5
Using random seed offsets    11 :      1
  with seed                   24
 Ranmar initialization seeds       31069        9398
>>>>>>> 911b5ec345c81b054214c521136984e9d6306827
  Particle       3       4       5
      Et >     0.0     0.0     0.0
       E >     0.0     0.0     0.0
     Eta <    -1.0    -1.0    -1.0
   xqcut:      0.0     0.0     0.0
d R # 3  >    -0.0     0.0     0.0
<<<<<<< HEAD
d R # 4  >    -0.0    -0.0     0.0
=======
d R # 4  >    -0.0    -0.0     0.4
>>>>>>> 911b5ec345c81b054214c521136984e9d6306827
s min # 3>     0.0     0.0     0.0
s min # 4>     0.0     0.0     0.0
xqcutij # 3>     0.0     0.0     0.0
xqcutij # 4>     0.0     0.0     0.0
 Excluding BW           -1           1
 alpha_s for scale    91.188000000000002       is   0.11800000071525575     
<<<<<<< HEAD
 Added good helicity            1   9.2026551607730855       in event            1
 Added good helicity            2  4.56127070552789162E-004  in event            1
 Added good helicity            3  3.51470242235607164E-004  in event            1
 Added good helicity            4  2.50001013430980517E-006  in event            1
 Added good helicity            5  1.79361760135136258E-002  in event            1
 Added good helicity            6  4.90040963016331993E-005  in event            1
 Added good helicity            7  8.21646469444143213E-005  in event            1
 Added good helicity            9  6.57550308980599046E-005  in event            1
 Added good helicity           10  0.27115662413556119       in event            1
 Added good helicity           11   5.2584623246248796       in event            1
 Added good helicity           12  3.01304201972800549E-002  in event            1
 Added good helicity           13  4.15875584355894067E-003  in event            1
 Added good helicity           14  2.05884526583801665E-002  in event            1
 Added good helicity           15   1.1937088629546520       in event            1
 Added good helicity           16  1.96214790643288879E-004  in event            1
 Added good helicity           17  1.96214802723963962E-004  in event            1
 Added good helicity           18   1.1937088615554012       in event            1
 Added good helicity           19  2.05884499105899663E-002  in event            1
 Added good helicity           20  4.15875581092668787E-003  in event            1
 Added good helicity           21  3.01304199480576830E-002  in event            1
 Added good helicity           22   5.2584623307762666       in event            1
 Added good helicity           23  0.27115658049838409       in event            1
 Added good helicity           24  6.57550374062907213E-005  in event            1
 Added good helicity           26  8.21646515483066619E-005  in event            1
 Added good helicity           27  4.90040940809337313E-005  in event            1
 Added good helicity           28  1.79361760159047340E-002  in event            1
 Added good helicity           29  2.50001013474866311E-006  in event            1
 Added good helicity           30  3.51470228068393213E-004  in event            1
 Added good helicity           31  4.56127080317550156E-004  in event            1
 Added good helicity           32   9.2026551601024487       in event            1
 Iteration  1   Mean: 0.9657E-28 Abs mean: 0.9657E-28   Fluctuation:  0.229E-28   0.147E-25    80.1%
  1    0.9657E-28 0.9657E-28 +- 0.2290E-28      7.50
 Writing out events  2.41032388825153207E-032   7.4979824779383968     
=======
 Added good helicity            1   10.776799618463190       in event            1
 Added good helicity            2  3.26230393753060722E-003  in event            1
 Added good helicity            3  1.07539961572115776E-003  in event            1
 Added good helicity            4  1.60664202532767711E-006  in event            1
 Added good helicity            5  1.63524038952009600E-002  in event            1
 Added good helicity            6  3.13706687062010985E-004  in event            1
 Added good helicity            7  1.36495847557024659E-004  in event            1
 Added good helicity            9  3.27765716237920525E-004  in event            1
 Added good helicity           10  0.91294996418381547       in event            1
 Added good helicity           11   3.8351142908504348       in event            1
 Added good helicity           12  3.55415704518616329E-002  in event            1
 Added good helicity           13  2.64341744514148477E-003  in event            1
 Added good helicity           14  0.20239212417428587       in event            1
 Added good helicity           15  0.21275171041803878       in event            1
 Added good helicity           16  3.37603885272873847E-004  in event            1
 Added good helicity           17  3.37603898619676947E-004  in event            1
 Added good helicity           18  0.21275170970058283       in event            1
 Added good helicity           19  0.20239213206071074       in event            1
 Added good helicity           20  2.64341741832319109E-003  in event            1
 Added good helicity           21  3.55415702279835988E-002  in event            1
 Added good helicity           22   3.8351143037545135       in event            1
 Added good helicity           23  0.91294998349164236       in event            1
 Added good helicity           24  3.27765729326018622E-004  in event            1
 Added good helicity           26  1.36495847477173331E-004  in event            1
 Added good helicity           27  3.13706687032444900E-004  in event            1
 Added good helicity           28  1.63524039046026512E-002  in event            1
 Added good helicity           29  1.60664202993634653E-006  in event            1
 Added good helicity           30  1.07539962740088764E-003  in event            1
 Added good helicity           31  3.26230388643313158E-003  in event            1
 Added good helicity           32   10.776799612919854       in event            1
 Iteration  1   Mean: 0.5242E-28 Abs mean: 0.5242E-28   Fluctuation:  0.139E-28   0.824E-26    66.9%
  1    0.5242E-28 0.5242E-28 +- 0.1385E-28      8.36
 Writing out events  1.56624929832837836E-032   8.3559199716841892     
>>>>>>> 911b5ec345c81b054214c521136984e9d6306827
 Relative summed weights:
  0.1000E+01  0.0000E+00
 Relative number of events:
  0.1000E+01  0.0000E+00
 Events:
        1000           0
<<<<<<< HEAD
 Iteration  2   Mean: 0.9300E-28 Abs mean: 0.9300E-28   Fluctuation:  0.466E-29   0.283E-26    91.7%
  2    0.9300E-28 0.9300E-28 +- 0.4657E-29      2.24
=======
Warning xbin not returning correct x   2  0.988017E+00  0.999815E+00  0.1569E-01
Warning xbin not returning correct x   2  0.985406E+00  0.999775E+00  0.1569E-01
Warning xbin not returning correct x   2  0.988176E+00  0.999817E+00  0.1569E-01
Warning xbin not returning correct x   2  0.986524E+00  0.999792E+00  0.1569E-01
Warning xbin not returning correct x   2  0.986470E+00  0.999791E+00  0.1569E-01
Warning xbin still not working well. Last message this iteration.
 Iteration  2   Mean: 0.1812E-28 Abs mean: 0.1812E-28   Fluctuation:  0.118E-29   0.758E-27    91.5%
  2    0.1812E-28 0.1812E-28 +- 0.1182E-29      2.92
>>>>>>> 911b5ec345c81b054214c521136984e9d6306827
 Relative summed weights:
  0.1000E+01  0.0000E+00
 Relative number of events:
  0.1000E+01  0.0000E+00
 Events:
        2000           0
<<<<<<< HEAD
 Iteration  3   Mean: 0.8420E-28 Abs mean: 0.8420E-28   Fluctuation:  0.170E-29   0.103E-26    88.7%
  3    0.8420E-28 0.8420E-28 +- 0.1699E-29      1.28
=======
 Iteration  3   Mean: 0.2913E-27 Abs mean: 0.2913E-27   Fluctuation:  0.802E-28   0.260E-24    98.9%
  3    0.2913E-27 0.2913E-27 +- 0.8023E-28     17.42
>>>>>>> 911b5ec345c81b054214c521136984e9d6306827
 Relative summed weights:
  0.1000E+01  0.0000E+00
 Relative number of events:
  0.1000E+01  0.0000E+00
 Events:
        4000           0
<<<<<<< HEAD
 Accuracy:    0.026   0.100   0.019   1.965
 Finished due to accuracy   2.61527776126003406E-002  0.10000000000000001     

 -------------------------------------------------------------------------------
 Accumulated results:   Integral =  0.8550E-28
                        Std dev  =  0.1595E-29
                       Cross sec =  0.8550E-28
             Chi**2 per DoF.     =      1.9653
 -------------------------------------------------------------------------------
 Found          390  events.
 Wrote          387  events.
 Actual xsec   8.55014250950796171E-029
 Correct abs xsec   8.55014250950796171E-029
 Event xsec   8.55014250950799759E-029
 Events wgts > 1:            6
 % Cross section > 1:   1.65931449563856514E-031  0.19406863614183750     
-------------------------------------------------
---------------------------
 Results Last   3 iters: Integral =   0.8550E-28
                     Abs integral =   0.8550E-28
                          Std dev =   0.1595E-29
                  Chi**2 per DoF. =      1.7046
-------------------------------------------------
---------------------------
 Status  0.10000000000000001                4           5
=======
 Accuracy:    1.253   0.100   0.062 412.425
 Found          550  events.
 Wrote            3  events.
 Actual xsec   3.37097099237336817E-029
 Correct abs xsec   3.37097099237336817E-029
 Event xsec   3.37097099237336873E-029
 Events wgts > 1:            0
 % Cross section > 1:    0.0000000000000000        0.0000000000000000     
 Iteration  4   Mean: 0.4873E-27 Abs mean: 0.4873E-27   Fluctuation:  0.169E-27   0.113E-23    99.8%
  4    0.4873E-27 0.4873E-27 +- 0.1688E-27     30.98
 Relative summed weights:
  0.1000E+01  0.0000E+00
 Relative number of events:
  0.1000E+01  0.0000E+00
 Events:
        8000           0
 Accuracy:    1.187   0.100   0.061 381.405
 Found          367  events.
 Wrote            2  events.
 Actual xsec   4.74057220733289776E-029
 Correct abs xsec   4.74057220733289776E-029
 Event xsec   4.74057220733289776E-029
 Events wgts > 1:            0
 % Cross section > 1:    0.0000000000000000        0.0000000000000000     
 Iteration  5   Mean: 0.5112E-27 Abs mean: 0.5112E-27   Fluctuation:  0.102E-27   0.125E-23   100.0%
  5    0.5112E-27 0.5112E-27 +- 0.1015E-27     25.12
 Relative summed weights:
  0.1000E+01  0.0000E+00
 Relative number of events:
  0.1000E+01  0.0000E+00
 Events:
       16000           0
 Accuracy:    0.916   0.100   0.058 248.475
 Found          724  events.
 Wrote            8  events.
 Actual xsec   4.45077011122808302E-028
 Correct abs xsec   4.45077011122808302E-028
 Event xsec   4.45077011122808302E-028
 Events wgts > 1:            0
 % Cross section > 1:    0.0000000000000000        0.0000000000000000     

 -------------------------------------------------------------------------------
 Accumulated results:   Integral =  0.8733E-28
                        Std dev  =  0.5074E-29
                       Cross sec =  0.8733E-28
             Chi**2 per DoF.     =    248.4751
 -------------------------------------------------------------------------------
-------------------------------------------------
---------------------------
 Results Last   3 iters: Integral =   0.4451E-27
                     Abs integral =   0.4451E-27
                          Std dev =   0.6501E-28
                  Chi**2 per DoF. =      2.0794
-------------------------------------------------
---------------------------
 Status  0.10000000000000001                6           5
>>>>>>> 911b5ec345c81b054214c521136984e9d6306827

ls status:
events.lhe
input_app.txt
<<<<<<< HEAD
multijob.dat
results.dat
run_01_log.txt
run_01_results.dat
run_02_log.txt
run_02_results.dat
run_03_log.txt
run_03_results.dat
=======
results.dat
>>>>>>> 911b5ec345c81b054214c521136984e9d6306827
run1_app.log
