 Process in group number            0
 No PDF is used, alpha_s(MZ) from param_card is used
 Value of alpha_s from param_card:   0.11800000071525575     
 The default order of alpha_s running is fixed to            2
<<<<<<< HEAD
=======
 Warning: pt or E min of a gamma should in general be >0
>>>>>>> 911b5ec345c81b054214c521136984e9d6306827
 *****************************************************
 *               MadGraph/MadEvent                   *
 *        --------------------------------           *
 *          http://madgraph.hep.uiuc.edu             *
 *          http://madgraph.phys.ucl.ac.be           *
 *          http://madgraph.roma2.infn.it            *
 *        --------------------------------           *
 *                                                   *
 *          PARAMETER AND COUPLING VALUES            *
 *                                                   *
 *****************************************************

  External Params
  ---------------------------------
  
 aEWM1 =    132.50700378417969     
 mdl_Gf =   1.16639000000000003E-005
 aS =   0.11800000071525575     
 mdl_ymb =    4.6999998092651367     
 mdl_ymt =    173.00000000000000     
 mdl_yme =   5.10999991092830896E-004
 mdl_ymm =   0.10565999895334244     
 mdl_ymtau =    1.7769999504089355     
 mdl_MZ =    91.188003540039063     
 mdl_MT =    173.00000000000000     
 mdl_MB =    4.6999998092651367     
 mdl_MH =    125.00000000000000     
 mdl_Me =   5.10999991092830896E-004
 mdl_MM =   0.10565999895334244     
 mdl_MTA =    1.7769999504089355     
 mdl_WZ =    2.4414041042327881     
 mdl_WW =    2.0476000308990479     
 mdl_WT =    1.4915000200271606     
 mdl_WH =   6.38233916833996773E-003
 mdl_WTau =   2.26999999999999982E-012
  Internal Params
  ---------------------------------
  
 mdl_conjg__CKM3x3 =    1.0000000000000000     
 mdl_CKM3x3 =    1.0000000000000000     
 mdl_conjg__CKM1x1 =    1.0000000000000000     
 mdl_complexi =  (  0.0000000000000000     ,  1.0000000000000000     )
 mdl_MZ__exp__2 =    8315.2519896181766     
 mdl_MZ__exp__4 =    69143415.650849044     
 mdl_sqrt__2 =    1.4142135623730951     
 mdl_MH__exp__2 =    15625.000000000000     
 mdl_aEW =   7.54677089845565054E-003
 mdl_MW =    80.419007276179556     
 mdl_sqrt__aEW =   8.68721526063194194E-002
 mdl_ee =   0.30795376284704501     
 mdl_MW__exp__2 =    6467.2167312862202     
 mdl_sw2 =   0.22224645274001076     
 mdl_cw =   0.88190336616887299     
 mdl_sqrt__sw2 =   0.47143022043565552     
 mdl_sw =   0.47143022043565552     
 mdl_g1 =   0.34919218438279087     
 mdl_gw =   0.65323296958447097     
 mdl_vev =    246.21845810181631     
 mdl_vev__exp__2 =    60623.529110035874     
 mdl_lam =   0.12886910601690271     
 mdl_yb =   2.69955531549349904E-002
 mdl_ye =   2.93504850670934038E-006
 mdl_ym =   6.06883028478528356E-004
 mdl_yt =   0.99366614581500645     
 mdl_ytau =   1.02066167158167895E-002
 mdl_muH =    88.388347648318444     
 mdl_I1x33 =  ( 2.69955531549349904E-002,  0.0000000000000000     )
 mdl_I2x33 =  ( 0.99366614581500645     ,  0.0000000000000000     )
 mdl_I3x33 =  ( 0.99366614581500645     ,  0.0000000000000000     )
 mdl_I4x33 =  ( 2.69955531549349904E-002,  0.0000000000000000     )
 mdl_ee__exp__2 =   9.48355200516540348E-002
 mdl_sw__exp__2 =   0.22224645274001076     
 mdl_cw__exp__2 =   0.77775354725998924     
  Internal Params evaluated point by point
  ----------------------------------------
  
 mdl_sqrt__aS =   0.34351128178744839     
 mdl_G__exp__2 =    1.4828317414825511     
  Couplings of sm-lepton_masses
  ---------------------------------
  
         GC_3 =  -0.00000E+00  -0.30795E+00
        GC_50 =  -0.00000E+00  -0.28804E+00
        GC_59 =   0.00000E+00   0.82310E-01
        GC_89 =  -0.00000E+00  -0.20754E-05

 Collider parameters:
 --------------------

<<<<<<< HEAD
 Running at e e   machine @   7.14879999999999960E-002  GeV
=======
 Running at e e   machine @   7.00000000000000067E-002  GeV
>>>>>>> 911b5ec345c81b054214c521136984e9d6306827
 PDF set = none   
 alpha_s(Mz)= 0.1180 running at 2 loops.
 alpha_s(Mz)= 0.1180 running at 2 loops.
 Renormalization scale fixed @    91.188000000000002     
 Factorization scales  fixed @    91.188000000000002        91.188000000000002     


 getting user params
Enter number of events and max and min iterations: 
 Number of events and iterations         2000           9           3
Enter desired fractional accuracy: 
<<<<<<< HEAD
 Desired fractional accuracy:  -5.74259999999999987E-006
=======
 Desired fractional accuracy:  -6.26620000000000013E-037
>>>>>>> 911b5ec345c81b054214c521136984e9d6306827
Enter 0 for fixed, 2 for adjustable grid: 
Suppress amplitude (0 no, 1 yes)? 
 Using suppressed amplitude.
Exact helicity sum (0 yes, n = number/event)? 
 Explicitly summing over helicities
Enter Configuration Number: 
Running Configuration Number:   16
 Not subdividing B.W.
 Attempting mappinvarients           1           5
 Completed mapping           5
 about to integrate            5        2000           9           3           5           1
<<<<<<< HEAD
 Using non-zero grid deformation.
  5 dimensions   2000 events  5 invarients  9 iterations  1 config(s),  (0.99)
 Using h-tuple random number sequence.
 Error opening grid
 Using Uniform Grid!
 Using uniform alpha   1.0000000000000000     
 Grid defined OK
 Set CM energy to          0.07
 Mapping Graph          16  to config          16
Setting grid   1    0.51095E-04   1
Setting grid   2    0.51095E-04   1
=======
 Keeping grid fixed.
  5 dimensions   2000 events  5 invarients  9 iterations  1 config(s),  (0.99)
 Using h-tuple random number sequence.
 Grid read from file
 Grid defined OK
 Set CM energy to          0.07
 Mapping Graph          16  to config          16
 No modification is setgrid, grid read from file
 No modification is setgrid, grid read from file
>>>>>>> 911b5ec345c81b054214c521136984e9d6306827
 Masses: 0.511E-03 0.511E-03 0.000E+00 0.511E-03 0.511E-03
  16   1   2   3   4   5
 Got moffset           5
Using random seed offsets    16 :      1
<<<<<<< HEAD
  with seed                   87
 Ranmar initialization seeds       17628       25249
=======
  with seed                   30
 Ranmar initialization seeds        8307       25190
>>>>>>> 911b5ec345c81b054214c521136984e9d6306827
  Particle       3       4       5
      Et >     0.0     0.0     0.0
       E >     0.0     0.0     0.0
     Eta <    -1.0    -1.0    -1.0
   xqcut:      0.0     0.0     0.0
d R # 3  >    -0.0     0.0     0.0
<<<<<<< HEAD
d R # 4  >    -0.0    -0.0     0.0
=======
d R # 4  >    -0.0    -0.0     0.4
>>>>>>> 911b5ec345c81b054214c521136984e9d6306827
s min # 3>     0.0     0.0     0.0
s min # 4>     0.0     0.0     0.0
xqcutij # 3>     0.0     0.0     0.0
xqcutij # 4>     0.0     0.0     0.0
 alpha_s for scale    91.188000000000002       is   0.11800000071525575     
<<<<<<< HEAD
 Added good helicity            1   6.8870982656296125       in event            1
 Added good helicity            2  3.28151375599868532E-003  in event            1
 Added good helicity            5   1.3323633090938356       in event            1
 Added good helicity            6  1.12524125371454966E-005  in event            1
 Added good helicity            9  1.33396501970500351E-005  in event            1
 Added good helicity           10   1.5908697883583947       in event            1
 Added good helicity           13  2.86365580244732658E-003  in event            1
 Added good helicity           14   6.1834958366274453       in event            1
 Added good helicity           16  1.87250438727419007E-006  in event            1
 Added good helicity           17  1.87250439068938265E-006  in event            1
 Added good helicity           19   6.1834958498280006       in event            1
 Added good helicity           20  2.86365582017940584E-003  in event            1
 Added good helicity           23   1.5908697917739432       in event            1
 Added good helicity           24  1.33396502261781039E-005  in event            1
 Added good helicity           27  1.12524125331499253E-005  in event            1
 Added good helicity           28   1.3323633090998084       in event            1
 Added good helicity           31  3.28151374334051046E-003  in event            1
 Added good helicity           32   6.8870982655969470       in event            1
 Added good helicity            3  5.59961653647049926E-006  in event            3
 Added good helicity           30  5.59961648971152263E-006  in event            3
 Added good helicity            7  5.26005592991728962E-006  in event            5
 Added good helicity           11  7.67347229674770099E-005  in event            5
 Added good helicity           12  2.11322417238825928E-005  in event            5
 Added good helicity           21  2.11322415978553727E-005  in event            5
 Added good helicity           22  7.67347188600660382E-005  in event            5
 Added good helicity           26  5.26005585002509630E-006  in event            5
 Added good helicity           15  3.18077073460861930E-005  in event            7
 Added good helicity           18  3.18077096176930526E-005  in event            7
 Added good helicity            4  1.78515400677697072E-006  in event           19
 Added good helicity           29  1.78515399291280743E-006  in event           19
 Iteration  1   Mean: 0.2602E+10 Abs mean: 0.2602E+10   Fluctuation:  0.179E+09   0.122E+12    83.6%
  1    0.2602E+10 0.2602E+10 +- 0.1787E+09      3.07
 Writing out events   172892.97052952912        3.0710818401441968     
=======
 Added good helicity            1   4.0028046961332509       in event            1
 Added good helicity            5   3.9971952584011525       in event            1
 Added good helicity           10   3.9971952584011836       in event            1
 Added good helicity           14   4.0028046961336656       in event            1
 Added good helicity           19   4.0028046961336656       in event            1
 Added good helicity           23   3.9971952584011845       in event            1
 Added good helicity           28   3.9971952584011516       in event            1
 Added good helicity           32   4.0028046961332509       in event            1
 Added good helicity            2  2.52815409535615175E-006  in event            5
 Added good helicity           13  2.52815409535606239E-006  in event            5
 Added good helicity           20  2.52815409535615429E-006  in event            5
 Added good helicity           31  2.52815409535605943E-006  in event            5
 Added good helicity            3   3.4902784039660655       in event           57
 Added good helicity            4  1.28801854715323402E-006  in event           57
 Added good helicity            9  1.32532661165932315E-006  in event           57
 Added good helicity           11  1.44044021595839140E-006  in event           57
 Added good helicity           12   3.3204156960413393       in event           57
 Added good helicity           21   3.3204156964175113       in event           57
 Added good helicity           22  1.44044021612159390E-006  in event           57
 Added good helicity           24  1.32532661552982602E-006  in event           57
 Added good helicity           29  1.28801854748041616E-006  in event           57
 Added good helicity           30   3.4902784041538522       in event           57
 Iteration  1   Mean: 0.6461E+36 Abs mean: 0.6461E+36   Fluctuation:  0.612E+36   0.122E+40    99.9%
  1    0.6461E+36 0.6461E+36 +- 0.6118E+36     42.35
 Writing out events  3.59489549057122019E+031   42.347203901517425     
>>>>>>> 911b5ec345c81b054214c521136984e9d6306827
 Relative summed weights:
  0.1000E+01  0.0000E+00
 Relative number of events:
  0.1000E+01  0.0000E+00
 Events:
        2000           0
<<<<<<< HEAD
 Iteration  2   Mean: 0.2370E+10 Abs mean: 0.2370E+10   Fluctuation:  0.638E+08   0.312E+11    84.0%
  2    0.2370E+10 0.2370E+10 +- 0.6380E+08      1.70
=======
 Iteration  2   Mean: 0.2458E+39 Abs mean: 0.2458E+39   Fluctuation:  0.238E+39   0.950E+42    99.5%
  2    0.2458E+39 0.2458E+39 +- 0.2376E+39     61.12
>>>>>>> 911b5ec345c81b054214c521136984e9d6306827
 Relative summed weights:
  0.1000E+01  0.0000E+00
 Relative number of events:
  0.1000E+01  0.0000E+00
 Events:
        4000           0
<<<<<<< HEAD
 Iteration  3   Mean: 0.2428E+10 Abs mean: 0.2428E+10   Fluctuation:  0.357E+08   0.382E+11    81.4%
  3    0.2428E+10 0.2428E+10 +- 0.3568E+08      1.31
=======
 Iteration  3   Mean: 0.5875E+38 Abs mean: 0.5875E+38   Fluctuation:  0.371E+38   0.235E+42    99.5%
  3    0.5875E+38 0.5875E+38 +- 0.3711E+38     56.49
>>>>>>> 911b5ec345c81b054214c521136984e9d6306827
 Relative summed weights:
  0.1000E+01  0.0000E+00
 Relative number of events:
  0.1000E+01  0.0000E+00
 Events:
        8000           0
<<<<<<< HEAD
 Found          999  events.
 Wrote          994  events.
 Actual xsec    2421243028.8096857     
 Correct abs xsec    2421243028.8096857     
 Event xsec    2421243028.8096561     
 Events wgts > 1:            6
 % Cross section > 1:    6098451.4437425993       0.25187275177166957     
 Checking number of events   13904.230217242501              994  chi2:   0.85501386120644607     
 Found          999  events.
 Wrote          994  events.
 Actual xsec    2421243028.8096857     
 Correct abs xsec    2421243028.8096857     
 Event xsec    2421243028.8096561     
 Events wgts > 1:            6
 % Cross section > 1:    6098451.4437425993       0.25187275177166957     
 Iteration  4   Mean: 0.2412E+10 Abs mean: 0.2412E+10   Fluctuation:  0.224E+08   0.365E+11    77.0%
  4    0.2412E+10 0.2412E+10 +- 0.2238E+08      1.17
=======
 Found           14  events.
 Wrote            2  events.
 Actual xsec   8.76216011059574960E+037
 Correct abs xsec   8.76216011059574960E+037
 Event xsec   8.76216011059574960E+037
 Events wgts > 1:            0
 % Cross section > 1:    0.0000000000000000        0.0000000000000000     
 Checking number of events   54.905447685015091                2  chi2:    10105.345752516769     
 Found           14  events.
 Wrote            2  events.
 Actual xsec   8.76216011059574960E+037
 Correct abs xsec   8.76216011059574960E+037
 Event xsec   8.76216011059574960E+037
 Events wgts > 1:            0
 % Cross section > 1:    0.0000000000000000        0.0000000000000000     
 Iteration  4   Mean: 0.8774E+38 Abs mean: 0.8774E+38   Fluctuation:  0.777E+38   0.124E+43    99.4%
  4    0.8774E+38 0.8774E+38 +- 0.7772E+38    112.04
>>>>>>> 911b5ec345c81b054214c521136984e9d6306827
 Relative summed weights:
  0.1000E+01  0.0000E+00
 Relative number of events:
  0.1000E+01  0.0000E+00
 Events:
       16000           0
<<<<<<< HEAD
 Found         2035  events.
 Wrote         2030  events.
 Actual xsec    2412724797.5148282     
 Correct abs xsec    2412724797.5148282     
 Event xsec    2412724797.5148230     
 Events wgts > 1:            8
 % Cross section > 1:    4087091.5520183258       0.16939733682963551     
 Checking number of events   13855.313422208652             2030  chi2:   0.32113042623003218     
 Found         2035  events.
 Wrote         2030  events.
 Actual xsec    2412724797.5148282     
 Correct abs xsec    2412724797.5148282     
 Event xsec    2412724797.5148230     
 Events wgts > 1:            8
 % Cross section > 1:    4087091.5520183258       0.16939733682963551     
 Iteration  5   Mean: 0.2428E+10 Abs mean: 0.2428E+10   Fluctuation:  0.151E+08   0.408E+11    73.8%
  5    0.2428E+10 0.2428E+10 +- 0.1511E+08      1.11
=======
 Found           26  events.
 Wrote            1  events.
 Actual xsec   1.07646413985046115E+038
 Correct abs xsec   1.07646413985046115E+038
 Event xsec   1.07646413985046115E+038
 Events wgts > 1:            1
 % Cross section > 1:   6.42299378983499033E+030  5.96675128511689350E-006
 Checking number of events   67.453395931309601                1  chi2:    1.0701958420338475     
 Found           26  events.
 Wrote            1  events.
 Actual xsec   1.07646413985046115E+038
 Correct abs xsec   1.07646413985046115E+038
 Event xsec   1.07646413985046115E+038
 Events wgts > 1:            1
 % Cross section > 1:   6.42299378983499033E+030  5.96675128511689350E-006
 Iteration  5   Mean: 0.2800E+38 Abs mean: 0.2800E+38   Fluctuation:  0.198E+38   0.610E+42    99.5%
  5    0.2800E+38 0.2800E+38 +- 0.1978E+38    126.39
>>>>>>> 911b5ec345c81b054214c521136984e9d6306827
 Relative summed weights:
  0.1000E+01  0.0000E+00
 Relative number of events:
  0.1000E+01  0.0000E+00
 Events:
       32000           0
<<<<<<< HEAD
 Found         4342  events.
 Wrote         4338  events.
 Actual xsec    2423387448.1596670     
 Correct abs xsec    2423387448.1596670     
 Event xsec    2423387448.1598554     
 Events wgts > 1:           22
 % Cross section > 1:    4373936.6599414414       0.18048854149437357     
 Checking number of events   13916.544759801704             4338  chi2:   0.19053926560452816     
 Found         4342  events.
 Wrote         4338  events.
 Actual xsec    2423387448.1596670     
 Correct abs xsec    2423387448.1596670     
 Event xsec    2423387448.1598554     
 Events wgts > 1:           22
 % Cross section > 1:    4373936.6599414414       0.18048854149437357     
 Iteration  6   Mean: 0.2420E+10 Abs mean: 0.2420E+10   Fluctuation:  0.105E+08   0.664E+11    71.3%
  6    0.2420E+10 0.2420E+10 +- 0.1053E+08      1.10
=======
 Found           34  events.
 Wrote            1  events.
 Actual xsec   5.44892044841417306E+037
 Correct abs xsec   5.44892044841417306E+037
 Event xsec   5.44892044841417306E+037
 Events wgts > 1:            1
 % Cross section > 1:   2.73326171727406327E+030  5.01615272814184411E-006
 Checking number of events   34.144025313852893                1  chi2:   0.99444291426540266     
 Found           34  events.
 Wrote            2  events.
 Actual xsec   5.44892044841417306E+037
 Correct abs xsec   5.44892044841417306E+037
 Event xsec   5.44892044841417400E+037
 Events wgts > 1:            1
 % Cross section > 1:   1.36663089169359702E+030  2.50807642473718696E-006
 Iteration  6   Mean: 0.1486E+38 Abs mean: 0.1486E+38   Fluctuation:  0.729E+37   0.397E+42    99.5%
  6    0.1486E+38 0.1486E+38 +- 0.7293E+37    124.16
>>>>>>> 911b5ec345c81b054214c521136984e9d6306827
 Relative summed weights:
  0.1000E+01  0.0000E+00
 Relative number of events:
  0.1000E+01  0.0000E+00
 Events:
       64000           0
<<<<<<< HEAD
 Found         8946  events.
 Wrote         8941  events.
 Actual xsec    2421221517.4111285     
 Correct abs xsec    2421221517.4111285     
 Event xsec    2421221517.4105568     
 Events wgts > 1:           39
 % Cross section > 1:    5022707.6635603765       0.20744519357039468     
 Checking number of events   13904.106685885146             8941  chi2:   0.19274958184550439     
 Found         8946  events.
 Wrote         8941  events.
 Actual xsec    2421221517.4111285     
 Correct abs xsec    2421221517.4111285     
 Event xsec    2421221517.4105568     
 Events wgts > 1:           39
 % Cross section > 1:    5022707.6635603765       0.20744519357039468     
 Iteration  7   Mean: 0.2422E+10 Abs mean: 0.2422E+10   Fluctuation:  0.753E+07   0.961E+11    68.9%
  7    0.2422E+10 0.2422E+10 +- 0.7528E+07      1.11
=======
 Found          112  events.
 Wrote            3  events.
 Actual xsec   3.09063764222139779E+037
 Correct abs xsec   3.09063764222139779E+037
 Event xsec   3.09063764222139827E+037
 Events wgts > 1:            0
 % Cross section > 1:    0.0000000000000000        0.0000000000000000     
 Checking number of events   19.366553593687723                3  chi2:    2.6990884185945245     
 Found          112  events.
 Wrote            2  events.
 Actual xsec   3.09063764222139779E+037
 Correct abs xsec   3.09063764222139779E+037
 Event xsec   3.09063764222139779E+037
 Events wgts > 1:            0
 % Cross section > 1:    0.0000000000000000        0.0000000000000000     
 Iteration  7   Mean: 0.1833E+42 Abs mean: 0.1833E+42   Fluctuation:  0.183E+42   0.235E+47    99.5%
  7    0.1833E+42 0.1833E+42 +- 0.1832E+42    357.62
>>>>>>> 911b5ec345c81b054214c521136984e9d6306827
 Relative summed weights:
  0.1000E+01  0.0000E+00
 Relative number of events:
  0.1000E+01  0.0000E+00
 Events:
      128000           0
<<<<<<< HEAD
 Found        18598  events.
 Wrote        18593  events.
 Actual xsec    2422443424.4586153     
 Correct abs xsec    2422443424.4586153     
 Event xsec    2422443424.4595265     
 Events wgts > 1:          120
 % Cross section > 1:    7993379.5041902438       0.32997177244598203     
 Checking number of events   13911.123609296044            18593  chi2:   8.77652110719689543E-002

 -------------------------------------------------------------------------------
 Accumulated results:   Integral =  0.2422E+10
                        Std dev  =  0.5415E+07
                       Cross sec =  0.3726E+00
             Chi**2 per DoF.     =
-------------------------------------------------
---------------------------
 Results Last   3 iters: Integral =   0.2422E+10
                     Abs integral =   0.2422E+10
                          Std dev =   0.5676E+07
                  Chi**2 per DoF. =      0.0878
-------------------------------------------------
---------------------------
 Status -5.74259999999999987E-006           8           9
 We found enough events       18593   13911.123609296044     
=======
 Found          309  events.
 Wrote            1  events.
 Actual xsec   2.56526887135319332E+040
 Correct abs xsec   2.56526887135319332E+040
 Event xsec   2.56526887135319332E+040
 Events wgts > 1:            1
 % Cross section > 1:   4.00916579725495351E+033  1.56286377698104469E-005
 Checking number of events   16074.487801673380                1  chi2:    7018219.1692968421     
 Found          309  events.
 Wrote            1  events.
 Actual xsec   2.56526887135319332E+040
 Correct abs xsec   2.56526887135319332E+040
 Event xsec   2.56526887135319332E+040
 Events wgts > 1:            1
 % Cross section > 1:   4.00916579725495351E+033  1.56286377698104469E-005
 Iteration  8   Mean: 0.2332E+39 Abs mean: 0.2332E+39   Fluctuation:  0.187E+39   0.475E+44    99.5%
  8    0.2332E+39 0.2332E+39 +- 0.1870E+39    405.71
 Relative summed weights:
  0.1000E+01  0.0000E+00
 Relative number of events:
  0.1000E+01  0.0000E+00
 Events:
      256000           0
 Found           11  events.
 Wrote            1  events.
 Actual xsec   2.74111110198768356E+040
 Correct abs xsec   2.74111110198768356E+040
 Event xsec   2.74111110198768356E+040
 Events wgts > 1:            1
 % Cross section > 1:   3.88525359906688340E+033  1.41740099343275019E-005
 Checking number of events   17176.350387275223                1  chi2:    7066703.0888912668     
 Found           11  events.
 Wrote            1  events.
 Actual xsec   2.74111110198768356E+040
 Correct abs xsec   2.74111110198768356E+040
 Event xsec   2.74111110198768356E+040
 Events wgts > 1:            1
 % Cross section > 1:   3.88525359906688340E+033  1.41740099343275019E-005
 Iteration  9   Mean: 0.2086E+39 Abs mean: 0.2086E+39   Fluctuation:  0.148E+39   0.751E+44    99.5%
  9    0.2086E+39 0.2086E+39 +- 0.1479E+39    507.44
 Relative summed weights:
  0.1000E+01  0.0000E+00
 Relative number of events:
  0.1000E+01  0.0000E+00
 Events:
      512000           0
 Found          321  events.
 Wrote            1  events.
 Actual xsec   4.05366225883938366E+040
 Correct abs xsec   4.05366225883938366E+040
 Event xsec   4.05366225883938366E+040
 Events wgts > 1:            1
 % Cross section > 1:   1.66473985862636827E+033  4.10675520634766694E-006
 Checking number of events   25401.058446339346                1  chi2:    60377.563603916540     
 Found          321  events.
 Wrote            1  events.
 Actual xsec   4.05366225883938366E+040
 Correct abs xsec   4.05366225883938366E+040
 Event xsec   4.05366225883938366E+040
 Events wgts > 1:            1
 % Cross section > 1:   1.66473985862636827E+033  4.10675520634766694E-006

 -------------------------------------------------------------------------------
 Accumulated results:   Integral =   +Infinity
                        Std dev  =   +Infinity
                       Cross sec =   +Infinity
             Chi**2 per DoF.     =     32.0776
 -------------------------------------------------------------------------------
-------------------------------------------------
---------------------------
 Results Last   3 iters: Integral =   0.4054E+41
                     Abs integral =   0.4054E+41
                          Std dev =   0.1902E+41
                  Chi**2 per DoF. =  60377.5636
-------------------------------------------------
---------------------------
 Status -6.26620000000000013E-037          10           9
 Trying w/ fresh grid
 Starting w/ ncall =         8000
 Keeping grid fixed.
  5 dimensions   8000 events  5 invarients  8 iterations  1 config(s),  (0.99)
 Using h-tuple random number sequence.
 Error opening grid
 Using Uniform Grid!
 Using uniform alpha   1.0000000000000000     
 Grid defined OK
Setting grid   1    0.53290E-04   1
Setting grid   2    0.53290E-04   1
 Iteration  1   Mean: 0.7539E+27 Abs mean: 0.7539E+27   Fluctuation:  0.753E+27   0.602E+31    98.2%
  1    0.7539E+27 0.7539E+27 +- 0.7531E+27     89.35
 Relative summed weights:
  0.1000E+01  0.0000E+00
 Relative number of events:
  0.1000E+01  0.0000E+00
 Events:
        8000           0
 Iteration  2   Mean: 0.1535E+33 Abs mean: 0.1535E+33   Fluctuation:  0.151E+33   0.242E+37    97.0%
  2    0.1535E+33 0.1535E+33 +- 0.1513E+33    124.64
 Relative summed weights:
  0.1000E+01  0.0000E+00
 Relative number of events:
  0.1000E+01  0.0000E+00
 Events:
       16000           0
 Iteration  3   Mean: 0.2592E+32 Abs mean: 0.2592E+32   Fluctuation:  0.193E+32   0.594E+36    99.3%
  3    0.2592E+32 0.2592E+32 +- 0.1934E+32    133.49
 Relative summed weights:
  0.1000E+01  0.0000E+00
 Relative number of events:
  0.1000E+01  0.0000E+00
 Events:
       32000           0
 Found           15  events.
 Wrote            1  events.
 Actual xsec   5.34605179089760595E+031
 Correct abs xsec   5.34605179089760595E+031
 Event xsec   5.34605179089760595E+031
 Events wgts > 1:            1
 % Cross section > 1:   3.60010447571962004E+024  6.73413692297051291E-006
 Checking number of events  3.34994297321225797E-005           1  chi2:    2519569958.0479927     
 Found           15  events.
 Wrote            2  events.
 Actual xsec   5.34605179089760595E+031
 Correct abs xsec   5.34605179089760595E+031
 Event xsec   5.34605179089760505E+031
 Events wgts > 1:            1
 % Cross section > 1:   1.80005229640660518E+024  3.36706857099933798E-006
 Iteration  4   Mean: 0.1106E+35 Abs mean: 0.1106E+35   Fluctuation:  0.108E+35   0.691E+39    99.3%
  4    0.1106E+35 0.1106E+35 +- 0.1080E+35    247.04
 Relative summed weights:
  0.1000E+01  0.0000E+00
 Relative number of events:
  0.1000E+01  0.0000E+00
 Events:
       64000           0
 Found          180  events.
 Wrote            1  events.
 Actual xsec   3.04582362473544198E+033
 Correct abs xsec   3.04582362473544198E+033
 Event xsec   3.04582362473544198E+033
 Events wgts > 1:            1
 % Cross section > 1:   3.41460782195536200E+026  1.12107864494351748E-005
 Checking number of events  1.90857399973172275E-003           1  chi2:    12374.764127697299     
 Found          180  events.
 Wrote            1  events.
 Actual xsec   3.04582362473544198E+033
 Correct abs xsec   3.04582362473544198E+033
 Event xsec   3.04582362473544198E+033
 Events wgts > 1:            1
 % Cross section > 1:   3.41460782195536200E+026  1.12107864494351748E-005
 Iteration  5   Mean: 0.3462E+34 Abs mean: 0.3462E+34   Fluctuation:  0.140E+34   0.128E+39    99.0%
  5    0.3462E+34 0.3462E+34 +- 0.1400E+34    144.66
 Relative summed weights:
  0.1000E+01  0.0000E+00
 Relative number of events:
  0.1000E+01  0.0000E+00
 Events:
      128000           0
 Found           89  events.
 Wrote            4  events.
 Actual xsec   3.66246885405913495E+033
 Correct abs xsec   3.66246885405913495E+033
 Event xsec   3.66246885405913495E+033
 Events wgts > 1:            0
 % Cross section > 1:    0.0000000000000000        0.0000000000000000     
 Checking number of events  2.29497623333053524E-003           4  chi2:    17679.149503899964     
 Found           89  events.
 Wrote            5  events.
 Actual xsec   3.66246885405913495E+033
 Correct abs xsec   3.66246885405913495E+033
 Event xsec   3.66246885405913495E+033
 Events wgts > 1:            0
 % Cross section > 1:    0.0000000000000000        0.0000000000000000     
 Fixing grid
 Iteration  6   Mean: 0.4598E+37 Abs mean: 0.4598E+37   Fluctuation:  0.459E+37   0.117E+43    99.3%
  6    0.4598E+37 0.4598E+37 +- 0.4589E+37    505.06
 Relative summed weights:
  0.1000E+01  0.0000E+00
 Relative number of events:
  0.1000E+01  0.0000E+00
 Events:
      256000           0
 Found          496  events.
 Wrote            1  events.
 Actual xsec   5.68822181580500347E+035
 Correct abs xsec   5.68822181580500347E+035
 Event xsec   5.68822181580500347E+035
 Events wgts > 1:            0
 % Cross section > 1:    0.0000000000000000        0.0000000000000000     
 Checking number of events  0.35643535542197313                1  chi2:    82889.426465069177     
 Found          496  events.
 Wrote            1  events.
 Actual xsec   5.68822181580500347E+035
 Correct abs xsec   5.68822181580500347E+035
 Event xsec   5.68822181580500347E+035
 Events wgts > 1:            0
 % Cross section > 1:    0.0000000000000000        0.0000000000000000     
 Iteration  7   Mean: 0.3485E+36 Abs mean: 0.3485E+36   Fluctuation:  0.323E+36   0.165E+42    99.3%
  7    0.3485E+36 0.3485E+36 +- 0.3228E+36    662.66
 Relative summed weights:
  0.1000E+01  0.0000E+00
 Relative number of events:
  0.1000E+01  0.0000E+00
 Events:
      512000           0
 Found           36  events.
 Wrote            1  events.
 Actual xsec   6.08410519879957513E+035
 Correct abs xsec   6.08410519879957513E+035
 Event xsec   6.08410519879957439E+035
 Events wgts > 1:            1
 % Cross section > 1:   3.51204533677588539E+028  5.77249278574083596E-006
 Checking number of events  0.38124219996717901                1  chi2:    93377.091176924660     
 Found           36  events.
 Wrote            1  events.
 Actual xsec   6.08410519879957513E+035
 Correct abs xsec   6.08410519879957513E+035
 Event xsec   6.08410519879957439E+035
 Events wgts > 1:            1
 % Cross section > 1:   3.51204533677588539E+028  5.77249278574083596E-006
 Iteration  8   Mean: 0.1006E+37 Abs mean: 0.1006E+37   Fluctuation:  0.965E+36   0.988E+42    99.3%
  8    0.1006E+37 0.1006E+37 +- 0.9652E+36    971.34
 Relative summed weights:
  0.1000E+01  0.0000E+00
 Relative number of events:
  0.1000E+01  0.0000E+00
 Events:
     1024000           0
 Found          293  events.
 Wrote            1  events.
 Actual xsec   9.81897022518328905E+037
 Correct abs xsec   9.81897022518328905E+037
 Event xsec   9.81897022518328905E+037
 Events wgts > 1:            1
 % Cross section > 1:   1.39716447422286704E+031  1.42292362863009523E-005
 Checking number of events   1.1766234830491429                1  chi2:    11.806903036362216     
 Found          293  events.
 Wrote            1  events.
 Actual xsec   9.81897022518328905E+037
 Correct abs xsec   9.81897022518328905E+037
 Event xsec   9.81897022518328905E+037
 Events wgts > 1:            1
 % Cross section > 1:   1.39716447422286704E+031  1.42292362863009523E-005

 -------------------------------------------------------------------------------
 Accumulated results:   Integral =  0.4313E+36
                        Std dev  =  0.1143E+36
                       Cross sec =  0.4313E+36
             Chi**2 per DoF.     =     15.2106
 -------------------------------------------------------------------------------
-------------------------------------------------
---------------------------
 Results Last   3 iters: Integral =   0.1878E+37
                     Abs integral =   0.1878E+37
                         Std dev =   0.1041E+37
                 Chi**2 per DoF. =     11.8069
-------------------------------------------------
---------------------------
>>>>>>> 911b5ec345c81b054214c521136984e9d6306827

ls status:
events.lhe
ftn25
ftn26
input_sg.txt
<<<<<<< HEAD
moffset.dat
results.dat
run_01_ftn26.gz
run_01_log.txt
run_01_results.dat
run_02_ftn26.gz
run_02_log.txt
run_02_results.dat
run_03_ftn26.gz
run_03_log.txt
run_03_results.dat
=======
log.txt
moffset.dat
results.dat
>>>>>>> 911b5ec345c81b054214c521136984e9d6306827
run1_app.log
