 Process in group number            0
 No PDF is used, alpha_s(MZ) from param_card is used
 Value of alpha_s from param_card:   0.11800000071525575     
 The default order of alpha_s running is fixed to            2
 *****************************************************
 *               MadGraph/MadEvent                   *
 *        --------------------------------           *
 *          http://madgraph.hep.uiuc.edu             *
 *          http://madgraph.phys.ucl.ac.be           *
 *          http://madgraph.roma2.infn.it            *
 *        --------------------------------           *
 *                                                   *
 *          PARAMETER AND COUPLING VALUES            *
 *                                                   *
 *****************************************************

  External Params
  ---------------------------------
  
 aEWM1 =    132.50700378417969     
 mdl_Gf =   1.16639000000000003E-005
 aS =   0.11800000071525575     
 mdl_ymb =    4.6999998092651367     
 mdl_ymt =    173.00000000000000     
 mdl_yme =   5.10999991092830896E-004
 mdl_ymm =   0.10565999895334244     
 mdl_ymtau =    1.7769999504089355     
 mdl_MZ =    91.188003540039063     
 mdl_MT =    173.00000000000000     
 mdl_MB =    4.6999998092651367     
 mdl_MH =    125.00000000000000     
 mdl_Me =   5.10999991092830896E-004
 mdl_MM =   0.10565999895334244     
 mdl_MTA =    1.7769999504089355     
 mdl_WZ =    2.4414041042327881     
 mdl_WW =    2.0476000308990479     
 mdl_WT =    1.4915000200271606     
 mdl_WH =   6.38233916833996773E-003
 mdl_WTau =   2.26999999999999982E-012
  Internal Params
  ---------------------------------
  
 mdl_conjg__CKM3x3 =    1.0000000000000000     
 mdl_CKM3x3 =    1.0000000000000000     
 mdl_conjg__CKM1x1 =    1.0000000000000000     
 mdl_complexi =  (  0.0000000000000000     ,  1.0000000000000000     )
 mdl_MZ__exp__2 =    8315.2519896181766     
 mdl_MZ__exp__4 =    69143415.650849044     
 mdl_sqrt__2 =    1.4142135623730951     
 mdl_MH__exp__2 =    15625.000000000000     
 mdl_aEW =   7.54677089845565054E-003
 mdl_MW =    80.419007276179556     
 mdl_sqrt__aEW =   8.68721526063194194E-002
 mdl_ee =   0.30795376284704501     
 mdl_MW__exp__2 =    6467.2167312862202     
 mdl_sw2 =   0.22224645274001076     
 mdl_cw =   0.88190336616887299     
 mdl_sqrt__sw2 =   0.47143022043565552     
 mdl_sw =   0.47143022043565552     
 mdl_g1 =   0.34919218438279087     
 mdl_gw =   0.65323296958447097     
 mdl_vev =    246.21845810181631     
 mdl_vev__exp__2 =    60623.529110035874     
 mdl_lam =   0.12886910601690271     
 mdl_yb =   2.69955531549349904E-002
 mdl_ye =   2.93504850670934038E-006
 mdl_ym =   6.06883028478528356E-004
 mdl_yt =   0.99366614581500645     
 mdl_ytau =   1.02066167158167895E-002
 mdl_muH =    88.388347648318444     
 mdl_I1x33 =  ( 2.69955531549349904E-002,  0.0000000000000000     )
 mdl_I2x33 =  ( 0.99366614581500645     ,  0.0000000000000000     )
 mdl_I3x33 =  ( 0.99366614581500645     ,  0.0000000000000000     )
 mdl_I4x33 =  ( 2.69955531549349904E-002,  0.0000000000000000     )
 mdl_ee__exp__2 =   9.48355200516540348E-002
 mdl_sw__exp__2 =   0.22224645274001076     
 mdl_cw__exp__2 =   0.77775354725998924     
  Internal Params evaluated point by point
  ----------------------------------------
  
 mdl_sqrt__aS =   0.34351128178744839     
 mdl_G__exp__2 =    1.4828317414825511     
  Couplings of sm-lepton_masses
  ---------------------------------
  
         GC_3 =  -0.00000E+00  -0.30795E+00
        GC_50 =  -0.00000E+00  -0.28804E+00
        GC_59 =   0.00000E+00   0.82310E-01
        GC_89 =  -0.00000E+00  -0.20754E-05

 Collider parameters:
 --------------------

 Running at e e   machine @   7.14879999999999960E-002  GeV
 PDF set = none   
 alpha_s(Mz)= 0.1180 running at 2 loops.
 alpha_s(Mz)= 0.1180 running at 2 loops.
 Renormalization scale fixed @    91.188000000000002     
 Factorization scales  fixed @    91.188000000000002        91.188000000000002     


 getting user params
Enter number of events and max and min iterations: 
 Number of events and iterations         2000           9           3
Enter desired fractional accuracy: 
 Desired fractional accuracy:  -5.74259999999999987E-006
Enter 0 for fixed, 2 for adjustable grid: 
Suppress amplitude (0 no, 1 yes)? 
 Using suppressed amplitude.
Exact helicity sum (0 yes, n = number/event)? 
 Explicitly summing over helicities
Enter Configuration Number: 
Running Configuration Number:    7
 Not subdividing B.W.
 Attempting mappinvarients           1           5
 Completed mapping           5
 about to integrate            5        2000           9           3           5           1
 Using non-zero grid deformation.
  5 dimensions   2000 events  5 invarients  9 iterations  1 config(s),  (0.99)
 Using h-tuple random number sequence.
 Error opening grid
 Using Uniform Grid!
 Using uniform alpha   1.0000000000000000     
 Grid defined OK
 Set CM energy to          0.07
 Mapping Graph           7  to config           7
Setting grid   1    0.17611E-04   1
Setting grid   2    0.51095E-04   1
 Masses: 0.511E-03 0.511E-03 0.000E+00 0.511E-03 0.511E-03
   7   1   2   3   4   5
 Got moffset          16
Using random seed offsets     7 :      1
  with seed                   87
 Ranmar initialization seeds       17619       29895
  Particle       3       4       5
      Et >     0.0     0.0     0.0
       E >     0.0     0.0     0.0
     Eta <    -1.0    -1.0    -1.0
   xqcut:      0.0     0.0     0.0
d R # 3  >    -0.0     0.0     0.0
d R # 4  >    -0.0    -0.0     0.0
s min # 3>     0.0     0.0     0.0
s min # 4>     0.0     0.0     0.0
xqcutij # 3>     0.0     0.0     0.0
xqcutij # 4>     0.0     0.0     0.0
 alpha_s for scale    91.188000000000002       is   0.11800000071525575     
 Added good helicity            1   7.4122215882932769       in event            1
 Added good helicity            2  4.19886010279139818E-006  in event            1
 Added good helicity            3  2.23537583276670199E-002  in event            1
 Added good helicity            5  0.93755232883812634       in event            1
 Added good helicity            7  1.90862553266238572E-005  in event            1
 Added good helicity            9  3.71035749100187590E-006  in event            1
 Added good helicity           10   6.7622072318907387       in event            1
 Added good helicity           11  1.47492905723378015E-006  in event            1
 Added good helicity           12  2.70469216886210333E-002  in event            1
 Added good helicity           14  0.83857034655398555       in event            1
 Added good helicity           16  1.78757068310313111E-005  in event            1
 Added good helicity           17  1.78757069157265861E-005  in event            1
 Added good helicity           19  0.83857035048018325       in event            1
 Added good helicity           21  2.70469216497359194E-002  in event            1
 Added good helicity           22  1.47492905975651383E-006  in event            1
 Added good helicity           23   6.7622072635559887       in event            1
 Added good helicity           24  3.71035750914147018E-006  in event            1
 Added good helicity           26  1.90862552854004916E-005  in event            1
 Added good helicity           28  0.93755232883795969       in event            1
 Added good helicity           30  2.23537581828802817E-002  in event            1
 Added good helicity           31  4.19886013704998031E-006  in event            1
 Added good helicity           32   7.4122215883053526       in event            1
 Added good helicity           13  5.11290663090341255E-002  in event            4
 Added good helicity           15  1.86062956540664338E-006  in event            4
 Added good helicity           18  1.86062956572761889E-006  in event            4
 Added good helicity           20  5.11290663185296479E-002  in event            4
 Added good helicity            4  1.37522093498357011E-006  in event           15
 Added good helicity            6  5.84263047009063444E-005  in event           15
 Added good helicity           27  5.84262953558786833E-005  in event           15
 Added good helicity           29  1.37522154349771094E-006  in event           15
 Iteration  1   Mean: 0.1856E+10 Abs mean: 0.1856E+10   Fluctuation:  0.114E+09   0.568E+11    75.0%
  1    0.1856E+10 0.1856E+10 +- 0.1144E+09      2.76
 Writing out events   137442.41833934886        2.7566008385907721     
 Relative summed weights:
  0.1000E+01  0.0000E+00
 Relative number of events:
  0.1000E+01  0.0000E+00
 Events:
        2000           0
 Iteration  2   Mean: 0.1681E+10 Abs mean: 0.1681E+10   Fluctuation:  0.374E+08   0.232E+11    84.7%
  2    0.1681E+10 0.1681E+10 +- 0.3737E+08      1.41
 Relative summed weights:
  0.1000E+01  0.0000E+00
 Relative number of events:
  0.1000E+01  0.0000E+00
 Events:
        4000           0
 Iteration  3   Mean: 0.1741E+10 Abs mean: 0.1741E+10   Fluctuation:  0.213E+08   0.227E+11    81.4%
  3    0.1741E+10 0.1741E+10 +- 0.2128E+08      1.09
 Relative summed weights:
  0.1000E+01  0.0000E+00
 Relative number of events:
  0.1000E+01  0.0000E+00
 Events:
        8000           0
 Found         1010  events.
 Wrote         1005  events.
 Actual xsec    1730683362.1405218     
 Correct abs xsec    1730683362.1405218     
 Event xsec    1730683362.1404960     
 Events wgts > 1:            6
 % Cross section > 1:    2396080.2906682603       0.13844706334408893     
 Checking number of events   9938.6222754281607             1005  chi2:    1.6126689514260428     
 Found         1010  events.
 Wrote         1005  events.
 Actual xsec    1730683362.1405218     
 Correct abs xsec    1730683362.1405218     
 Event xsec    1730683362.1404960     
 Events wgts > 1:            6
 % Cross section > 1:    2396080.2906682603       0.13844706334408893     
 Iteration  4   Mean: 0.1725E+10 Abs mean: 0.1725E+10   Fluctuation:  0.129E+08   0.129E+11    78.9%
  4    0.1725E+10 0.1725E+10 +- 0.1290E+08      0.95
 Relative summed weights:
  0.1000E+01  0.0000E+00
 Relative number of events:
  0.1000E+01  0.0000E+00
 Events:
       16000           0
 Found         2011  events.
 Wrote         2006  events.
 Actual xsec    1725626942.8957975     
 Correct abs xsec    1725626942.8957975     
 Event xsec    1725626942.8957903     
 Events wgts > 1:            0
 % Cross section > 1:    0.0000000000000000        0.0000000000000000     
 Checking number of events   9909.5852822734068             2006  chi2:   0.98448563898334851     
 Found         2011  events.
 Wrote         2006  events.
 Actual xsec    1725626942.8957975     
 Correct abs xsec    1725626942.8957975     
 Event xsec    1725626942.8957903     
 Events wgts > 1:            0
 % Cross section > 1:    0.0000000000000000        0.0000000000000000     
 Iteration  5   Mean: 0.1740E+10 Abs mean: 0.1740E+10   Fluctuation:  0.877E+07   0.443E+11    76.8%
  5    0.1740E+10 0.1740E+10 +- 0.8772E+07      0.90
 Relative summed weights:
  0.1000E+01  0.0000E+00
 Relative number of events:
  0.1000E+01  0.0000E+00
 Events:
       32000           0
 Found         4236  events.
 Wrote         4232  events.
 Actual xsec    1736069061.7321398     
 Correct abs xsec    1736069061.7321398     
 Event xsec    1736069061.7320004     
 Events wgts > 1:            3
 % Cross section > 1:    1118645.3574312797       6.44355332451611168E-002
 Checking number of events   9969.5501939029855             4232  chi2:   0.50844233324778199     
 Found         4236  events.
 Wrote         4232  events.
 Actual xsec    1736069061.7321398     
 Correct abs xsec    1736069061.7321398     
 Event xsec    1736069061.7320004     
 Events wgts > 1:            3
 % Cross section > 1:    1118645.3574312797       6.44355332451611168E-002
 Iteration  6   Mean: 0.1726E+10 Abs mean: 0.1726E+10   Fluctuation:  0.602E+07   0.242E+11    74.7%
  6    0.1726E+10 0.1726E+10 +- 0.6024E+07      0.88
 Relative summed weights:
  0.1000E+01  0.0000E+00
 Relative number of events:
  0.1000E+01  0.0000E+00
 Events:
       64000           0
 Found         8419  events.
 Wrote         8414  events.
 Actual xsec    1729829729.1638434     
 Correct abs xsec    1729829729.1638434     
 Event xsec    1729829729.1641896     
 Events wgts > 1:           11
 % Cross section > 1:    818251.29128167976       4.73024181216401135E-002
 Checking number of events   9933.7202026962877             8414  chi2:   0.99484465691526780     
 Found         8419  events.
 Wrote         8414  events.
 Actual xsec    1729829729.1638434     
 Correct abs xsec    1729829729.1638434     
 Event xsec    1729829729.1641896     
 Events wgts > 1:           11
 % Cross section > 1:    818251.29128167976       4.73024181216401135E-002
 Iteration  7   Mean: 0.1736E+10 Abs mean: 0.1736E+10   Fluctuation:  0.431E+07   0.290E+11    73.4%
  7    0.1736E+10 0.1736E+10 +- 0.4309E+07      0.89
 Relative summed weights:
  0.1000E+01  0.0000E+00
 Relative number of events:
  0.1000E+01  0.0000E+00
 Events:
      128000           0
 Found        17682  events.
 Wrote        17678  events.
 Actual xsec    1733577139.1712520     
 Correct abs xsec    1733577139.1712520     
 Event xsec    1733577139.1710126     
 Events wgts > 1:           41
 % Cross section > 1:    1305327.2702576660       7.52967514835749668E-002
 Checking number of events   9955.2400794048317            17678  chi2:    1.2487590237415547     

 -------------------------------------------------------------------------------
 Accumulated results:   Integral =  0.1733E+10
                        Std dev  =  0.3110E+07
                       Cross sec =  0.1036E+01
             Chi**2 per DoF.     =
-------------------------------------------------
---------------------------
 Results Last   3 iters: Integral =   0.1734E+10
                     Abs integral =   0.1734E+10
                          Std dev =   0.3255E+07
                  Chi**2 per DoF. =      1.2488
-------------------------------------------------
---------------------------
 Status -5.74259999999999987E-006           8           9
 We found enough events       17678   9955.2400794048317     

ls status:
events.lhe
ftn25
ftn26
input_sg.txt
moffset.dat
results.dat
run_01_ftn26.gz
run_01_log.txt
run_01_results.dat
run_02_ftn26.gz
run_02_log.txt
run_02_results.dat
run1_app.log
