 Process in group number            0
 No PDF is used, alpha_s(MZ) from param_card is used
 Value of alpha_s from param_card:   0.11800000071525575     
 The default order of alpha_s running is fixed to            2
<<<<<<< HEAD
=======
 Warning: pt or E min of a gamma should in general be >0
>>>>>>> 911b5ec345c81b054214c521136984e9d6306827
 *****************************************************
 *               MadGraph/MadEvent                   *
 *        --------------------------------           *
 *          http://madgraph.hep.uiuc.edu             *
 *          http://madgraph.phys.ucl.ac.be           *
 *          http://madgraph.roma2.infn.it            *
 *        --------------------------------           *
 *                                                   *
 *          PARAMETER AND COUPLING VALUES            *
 *                                                   *
 *****************************************************

  External Params
  ---------------------------------
  
 aEWM1 =    132.50700378417969     
 mdl_Gf =   1.16639000000000003E-005
 aS =   0.11800000071525575     
 mdl_ymb =    4.6999998092651367     
 mdl_ymt =    173.00000000000000     
 mdl_yme =   5.10999991092830896E-004
 mdl_ymm =   0.10565999895334244     
 mdl_ymtau =    1.7769999504089355     
 mdl_MZ =    91.188003540039063     
 mdl_MT =    173.00000000000000     
 mdl_MB =    4.6999998092651367     
 mdl_MH =    125.00000000000000     
 mdl_Me =   5.10999991092830896E-004
 mdl_MM =   0.10565999895334244     
 mdl_MTA =    1.7769999504089355     
 mdl_WZ =    2.4414041042327881     
 mdl_WW =    2.0476000308990479     
 mdl_WT =    1.4915000200271606     
 mdl_WH =   6.38233916833996773E-003
 mdl_WTau =   2.26999999999999982E-012
  Internal Params
  ---------------------------------
  
 mdl_conjg__CKM3x3 =    1.0000000000000000     
 mdl_CKM3x3 =    1.0000000000000000     
 mdl_conjg__CKM1x1 =    1.0000000000000000     
 mdl_complexi =  (  0.0000000000000000     ,  1.0000000000000000     )
 mdl_MZ__exp__2 =    8315.2519896181766     
 mdl_MZ__exp__4 =    69143415.650849044     
 mdl_sqrt__2 =    1.4142135623730951     
 mdl_MH__exp__2 =    15625.000000000000     
 mdl_aEW =   7.54677089845565054E-003
 mdl_MW =    80.419007276179556     
 mdl_sqrt__aEW =   8.68721526063194194E-002
 mdl_ee =   0.30795376284704501     
 mdl_MW__exp__2 =    6467.2167312862202     
 mdl_sw2 =   0.22224645274001076     
 mdl_cw =   0.88190336616887299     
 mdl_sqrt__sw2 =   0.47143022043565552     
 mdl_sw =   0.47143022043565552     
 mdl_g1 =   0.34919218438279087     
 mdl_gw =   0.65323296958447097     
 mdl_vev =    246.21845810181631     
 mdl_vev__exp__2 =    60623.529110035874     
 mdl_lam =   0.12886910601690271     
 mdl_yb =   2.69955531549349904E-002
 mdl_ye =   2.93504850670934038E-006
 mdl_ym =   6.06883028478528356E-004
 mdl_yt =   0.99366614581500645     
 mdl_ytau =   1.02066167158167895E-002
 mdl_muH =    88.388347648318444     
 mdl_I1x33 =  ( 2.69955531549349904E-002,  0.0000000000000000     )
 mdl_I2x33 =  ( 0.99366614581500645     ,  0.0000000000000000     )
 mdl_I3x33 =  ( 0.99366614581500645     ,  0.0000000000000000     )
 mdl_I4x33 =  ( 2.69955531549349904E-002,  0.0000000000000000     )
 mdl_ee__exp__2 =   9.48355200516540348E-002
 mdl_sw__exp__2 =   0.22224645274001076     
 mdl_cw__exp__2 =   0.77775354725998924     
  Internal Params evaluated point by point
  ----------------------------------------
  
 mdl_sqrt__aS =   0.34351128178744839     
 mdl_G__exp__2 =    1.4828317414825511     
  Couplings of sm-lepton_masses
  ---------------------------------
  
         GC_3 =  -0.00000E+00  -0.30795E+00
        GC_50 =  -0.00000E+00  -0.28804E+00
        GC_59 =   0.00000E+00   0.82310E-01
        GC_89 =  -0.00000E+00  -0.20754E-05

 Collider parameters:
 --------------------

<<<<<<< HEAD
 Running at e e   machine @   7.14879999999999960E-002  GeV
=======
 Running at e e   machine @   7.00000000000000067E-002  GeV
>>>>>>> 911b5ec345c81b054214c521136984e9d6306827
 PDF set = none   
 alpha_s(Mz)= 0.1180 running at 2 loops.
 alpha_s(Mz)= 0.1180 running at 2 loops.
 Renormalization scale fixed @    91.188000000000002     
 Factorization scales  fixed @    91.188000000000002        91.188000000000002     


 getting user params
Enter number of events and max and min iterations: 
 Number of events and iterations         2000           9           3
Enter desired fractional accuracy: 
<<<<<<< HEAD
 Desired fractional accuracy:  -5.74259999999999987E-006
=======
 Desired fractional accuracy:  -6.26620000000000013E-037
>>>>>>> 911b5ec345c81b054214c521136984e9d6306827
Enter 0 for fixed, 2 for adjustable grid: 
Suppress amplitude (0 no, 1 yes)? 
 Using suppressed amplitude.
Exact helicity sum (0 yes, n = number/event)? 
 Explicitly summing over helicities
Enter Configuration Number: 
Running Configuration Number:   16
 Not subdividing B.W.
 Attempting mappinvarients           1           5
 Completed mapping           5
 about to integrate            5        2000           9           3           5           1
<<<<<<< HEAD
 Using non-zero grid deformation.
  5 dimensions   2000 events  5 invarients  9 iterations  1 config(s),  (0.99)
 Using h-tuple random number sequence.
 Error opening grid
 Using Uniform Grid!
 Using uniform alpha   1.0000000000000000     
 Grid defined OK
 Set CM energy to          0.07
 Mapping Graph          16  to config          16
Setting grid   1    0.51095E-04   1
Setting grid   2    0.51095E-04   1
=======
 Keeping grid fixed.
  5 dimensions   2000 events  5 invarients  9 iterations  1 config(s),  (0.99)
 Using h-tuple random number sequence.
 Grid read from file
 Grid defined OK
 Set CM energy to          0.07
 Mapping Graph          16  to config          16
 No modification is setgrid, grid read from file
 No modification is setgrid, grid read from file
>>>>>>> 911b5ec345c81b054214c521136984e9d6306827
 Masses: 0.511E-03 0.511E-03 0.000E+00 0.511E-03 0.511E-03
  16   1   2   3   4   5
 Got moffset          16
Using random seed offsets    16 :      1
<<<<<<< HEAD
  with seed                   87
 Ranmar initialization seeds       17628       29895
=======
  with seed                   30
 Ranmar initialization seeds        8307       29836
>>>>>>> 911b5ec345c81b054214c521136984e9d6306827
  Particle       3       4       5
      Et >     0.0     0.0     0.0
       E >     0.0     0.0     0.0
     Eta <    -1.0    -1.0    -1.0
   xqcut:      0.0     0.0     0.0
d R # 3  >    -0.0     0.0     0.0
<<<<<<< HEAD
d R # 4  >    -0.0    -0.0     0.0
=======
d R # 4  >    -0.0    -0.0     0.4
>>>>>>> 911b5ec345c81b054214c521136984e9d6306827
s min # 3>     0.0     0.0     0.0
s min # 4>     0.0     0.0     0.0
xqcutij # 3>     0.0     0.0     0.0
xqcutij # 4>     0.0     0.0     0.0
 alpha_s for scale    91.188000000000002       is   0.11800000071525575     
<<<<<<< HEAD
 Added good helicity            1   6.9824330757265116       in event            1
 Added good helicity            2   1.0317748890748348       in event            1
 Added good helicity            5  8.91769126306559412E-002  in event            1
 Added good helicity            6  2.68132993102354123E-005  in event            1
 Added good helicity            9  2.69173476031276713E-005  in event            1
 Added good helicity           10  8.94745764230237689E-002  in event            1
 Added good helicity           13   1.0442425148946255       in event            1
 Added good helicity           14   6.7628442359615644       in event            1
 Added good helicity           19   6.7628442362960195       in event            1
 Added good helicity           20   1.0442425148316565       in event            1
 Added good helicity           23  8.94745764275255845E-002  in event            1
 Added good helicity           24  2.69173476044826022E-005  in event            1
 Added good helicity           27  2.68132993102914791E-005  in event            1
 Added good helicity           28  8.91769126306574539E-002  in event            1
 Added good helicity           31   1.0317748891905090       in event            1
 Added good helicity           32   6.9824330757307855       in event            1
 Added good helicity            3  1.30131041035447906E-005  in event            2
 Added good helicity            7  8.54253837822372008E-006  in event            2
 Added good helicity           11  4.74796595369418803E-002  in event            2
 Added good helicity           12  4.23797876181757341E-006  in event            2
 Added good helicity           15  4.19648226068655428E-002  in event            2
 Added good helicity           16  1.26891414761522418E-005  in event            2
 Added good helicity           17  1.26891448555853361E-005  in event            2
 Added good helicity           18  4.19648226045704550E-002  in event            2
 Added good helicity           21  4.23798050708792332E-006  in event            2
 Added good helicity           22  4.74796595405486757E-002  in event            2
 Added good helicity           26  8.54253588918065689E-006  in event            2
 Added good helicity           30  1.30131006528571518E-005  in event            2
 Added good helicity            4  2.10456620239089213E-005  in event           14
 Added good helicity           29  2.10456620519250070E-005  in event           14
 Iteration  1   Mean: 0.2628E+10 Abs mean: 0.2628E+10   Fluctuation:  0.182E+09   0.950E+11    82.8%
  1    0.2628E+10 0.2628E+10 +- 0.1821E+09      3.10
 Writing out events   176311.65255344476        3.0981716516248521     
=======
 Added good helicity            1   4.0325547091598253       in event            1
 Added good helicity            2  2.42453432622218949E-006  in event            1
 Added good helicity            5   3.9674428662981471       in event            1
 Added good helicity           10   3.9674428662826147       in event            1
 Added good helicity           13  2.42453432621273025E-006  in event            1
 Added good helicity           14   4.0325547091440797       in event            1
 Added good helicity           19   4.0325547091440797       in event            1
 Added good helicity           20  2.42453432621273872E-006  in event            1
 Added good helicity           23   3.9674428662826156       in event            1
 Added good helicity           28   3.9674428662981471       in event            1
 Added good helicity           31  2.42453432622218102E-006  in event            1
 Added good helicity           32   4.0325547091598253       in event            1
 Iteration  1   Mean: 0.2018E+35 Abs mean: 0.2018E+35   Fluctuation:  0.202E+35   0.403E+38    98.4%
  1    0.2018E+35 0.2018E+35 +- 0.2015E+35     44.66
 Writing out events  1.13907447236270452E+030   44.661518246756877     
>>>>>>> 911b5ec345c81b054214c521136984e9d6306827
 Relative summed weights:
  0.1000E+01  0.0000E+00
 Relative number of events:
  0.1000E+01  0.0000E+00
 Events:
        2000           0
<<<<<<< HEAD
 Iteration  2   Mean: 0.2572E+10 Abs mean: 0.2572E+10   Fluctuation:  0.680E+08   0.506E+11    85.8%
  2    0.2572E+10 0.2572E+10 +- 0.6805E+08      1.67
=======
 Iteration  2   Mean: 0.1422E+33 Abs mean: 0.1422E+33   Fluctuation:  0.683E+32   0.217E+36    99.1%
  2    0.1422E+33 0.1422E+33 +- 0.6832E+32     30.39
>>>>>>> 911b5ec345c81b054214c521136984e9d6306827
 Relative summed weights:
  0.1000E+01  0.0000E+00
 Relative number of events:
  0.1000E+01  0.0000E+00
 Events:
        4000           0
<<<<<<< HEAD
 Iteration  3   Mean: 0.2419E+10 Abs mean: 0.2419E+10   Fluctuation:  0.350E+08   0.259E+11    80.4%
  3    0.2419E+10 0.2419E+10 +- 0.3500E+08      1.29
=======
 Iteration  3   Mean: 0.4275E+34 Abs mean: 0.4275E+34   Fluctuation:  0.408E+34   0.326E+38    99.2%
  3    0.4275E+34 0.4275E+34 +- 0.4076E+34     85.27
>>>>>>> 911b5ec345c81b054214c521136984e9d6306827
 Relative summed weights:
  0.1000E+01  0.0000E+00
 Relative number of events:
  0.1000E+01  0.0000E+00
 Events:
        8000           0
<<<<<<< HEAD
 Found          934  events.
 Wrote          930  events.
 Actual xsec    2460099161.6008129     
 Correct abs xsec    2460099161.6008129     
 Event xsec    2460099161.6007929     
 Events wgts > 1:            3
 % Cross section > 1:    1652633.8432308985       6.71775296307781933E-002
 Checking number of events   14127.365445408828              930  chi2:    2.4423184021126092     
 Found          934  events.
 Wrote          930  events.
 Actual xsec    2460099161.6008129     
 Correct abs xsec    2460099161.6008129     
 Event xsec    2460099161.6007929     
 Events wgts > 1:            3
 % Cross section > 1:    1652633.8432308985       6.71775296307781933E-002
 Iteration  4   Mean: 0.2404E+10 Abs mean: 0.2404E+10   Fluctuation:  0.225E+08   0.286E+11    77.0%
  4    0.2404E+10 0.2404E+10 +- 0.2248E+08      1.18
=======
 Found           48  events.
 Wrote            1  events.
 Actual xsec   3.97110238099253255E+033
 Correct abs xsec   3.97110238099253255E+033
 Event xsec   3.97110238099253313E+033
 Events wgts > 1:            1
 % Cross section > 1:   5.55165422234059798E+026  1.39801337001868589E-005
 Checking number of events  2.48837217397754069E-003           1  chi2:    1570.7421424998183     
 Found           48  events.
 Wrote            1  events.
 Actual xsec   3.97110238099253255E+033
 Correct abs xsec   3.97110238099253255E+033
 Event xsec   3.97110238099253313E+033
 Events wgts > 1:            1
 % Cross section > 1:   5.55165422234059798E+026  1.39801337001868589E-005
 Iteration  4   Mean: 0.3094E+33 Abs mean: 0.3094E+33   Fluctuation:  0.207E+33   0.326E+37    99.0%
  4    0.3094E+33 0.3094E+33 +- 0.2068E+33     84.55
>>>>>>> 911b5ec345c81b054214c521136984e9d6306827
 Relative summed weights:
  0.1000E+01  0.0000E+00
 Relative number of events:
  0.1000E+01  0.0000E+00
 Events:
       16000           0
<<<<<<< HEAD
 Found         2050  events.
 Wrote         2045  events.
 Actual xsec    2421834863.6111012     
 Correct abs xsec    2421834863.6111012     
 Event xsec    2421834863.6110215     
 Events wgts > 1:            6
 % Cross section > 1:    1603958.6216996806       6.62290664735140089E-002
 Checking number of events   13907.628887773109             2045  chi2:    2.7332227325356446     
 Found         2050  events.
 Wrote         2045  events.
 Actual xsec    2421834863.6111012     
 Correct abs xsec    2421834863.6111012     
 Event xsec    2421834863.6110215     
 Events wgts > 1:            6
 % Cross section > 1:    1603958.6216996806       6.62290664735140089E-002
 Iteration  5   Mean: 0.2445E+10 Abs mean: 0.2445E+10   Fluctuation:  0.153E+08   0.726E+11    74.1%
  5    0.2445E+10 0.2445E+10 +- 0.1530E+08      1.12
=======
 Found           19  events.
 Wrote            1  events.
 Actual xsec   7.83831316578087905E+032
 Correct abs xsec   7.83831316578087905E+032
 Event xsec   7.83831316578088049E+032
 Events wgts > 1:            0
 % Cross section > 1:    0.0000000000000000        0.0000000000000000     
 Checking number of events  4.91164379594161431E-004           1  chi2:    47.098425660586983     
 Found           19  events.
 Wrote            3  events.
 Actual xsec   7.83831316578087905E+032
 Correct abs xsec   7.83831316578087905E+032
 Event xsec   7.83831316578087905E+032
 Events wgts > 1:            0
 % Cross section > 1:    0.0000000000000000        0.0000000000000000     
 Iteration  5   Mean: 0.2082E+33 Abs mean: 0.2082E+33   Fluctuation:  0.102E+33   0.298E+37    99.1%
  5    0.2082E+33 0.2082E+33 +- 0.1016E+33     87.27
>>>>>>> 911b5ec345c81b054214c521136984e9d6306827
 Relative summed weights:
  0.1000E+01  0.0000E+00
 Relative number of events:
  0.1000E+01  0.0000E+00
 Events:
       32000           0
<<<<<<< HEAD
 Found         4437  events.
 Wrote         4433  events.
 Actual xsec    2430578296.8761039     
 Correct abs xsec    2430578296.8761039     
 Event xsec    2430578296.8760939     
 Events wgts > 1:           16
 % Cross section > 1:    3995521.5352868377       0.16438563367500197     
 Checking number of events   13957.838927640714             4433  chi2:    1.1568246900135191     
 Found         4437  events.
 Wrote         4433  events.
 Actual xsec    2430578296.8761039     
 Correct abs xsec    2430578296.8761039     
 Event xsec    2430578296.8760939     
 Events wgts > 1:           16
 % Cross section > 1:    3995521.5352868377       0.16438563367500197     
 Iteration  6   Mean: 0.2433E+10 Abs mean: 0.2433E+10   Fluctuation:  0.105E+08   0.519E+11    71.1%
  6    0.2433E+10 0.2433E+10 +- 0.1052E+08      1.09
=======
 Found          145  events.
 Wrote            3  events.
 Actual xsec   8.31678390838778871E+032
 Correct abs xsec   8.31678390838778871E+032
 Event xsec   8.31678390838778871E+032
 Events wgts > 1:            1
 % Cross section > 1:   1.50277643589972016E+024  1.80692014179196555E-007
 Checking number of events  5.21146313267395640E-004           3  chi2:    22.393359105365992     
 Found          145  events.
 Wrote            4  events.
 Actual xsec   8.31678390838778871E+032
 Correct abs xsec   8.31678390838778871E+032
 Event xsec   8.31678390838778871E+032
 Events wgts > 1:            1
 % Cross section > 1:   1.12708233593198938E+024  1.35519011717412128E-007
 Iteration  6   Mean: 0.5106E+38 Abs mean: 0.5106E+38   Fluctuation:  0.511E+38   0.327E+43    99.1%
  6    0.5106E+38 0.5106E+38 +- 0.5106E+38    252.98
>>>>>>> 911b5ec345c81b054214c521136984e9d6306827
 Relative summed weights:
  0.1000E+01  0.0000E+00
 Relative number of events:
  0.1000E+01  0.0000E+00
 Events:
       64000           0
<<<<<<< HEAD
 Found         9047  events.
 Wrote         9042  events.
 Actual xsec    2432763175.1578813     
 Correct abs xsec    2432763175.1578813     
 Event xsec    2432763175.1579437     
 Events wgts > 1:           39
 % Cross section > 1:    3660584.2639543316       0.15047022666793999     
 Checking number of events   13970.385809661648             9042  chi2:    1.1068100841621809     
 Found         9047  events.
 Wrote         9042  events.
 Actual xsec    2432763175.1578813     
 Correct abs xsec    2432763175.1578813     
 Event xsec    2432763175.1579437     
 Events wgts > 1:           39
 % Cross section > 1:    3660584.2639543316       0.15047022666793999     
 Iteration  7   Mean: 0.2412E+10 Abs mean: 0.2412E+10   Fluctuation:  0.751E+07   0.959E+11    68.9%
  7    0.2412E+10 0.2412E+10 +- 0.7506E+07      1.11
=======
 Found          259  events.
 Wrote            1  events.
 Actual xsec   6.86388529662651911E+036
 Correct abs xsec   6.86388529662651911E+036
 Event xsec   6.86388529662651911E+036
 Events wgts > 1:            1
 % Cross section > 1:   1.68073927302923133E+030  2.44867039642297900E-005
 Checking number of events   4.3010478045721099                1  chi2:    2834671685.5552521     
 Found          259  events.
 Wrote            1  events.
 Actual xsec   6.86388529662651911E+036
 Correct abs xsec   6.86388529662651911E+036
 Event xsec   6.86388529662651911E+036
 Events wgts > 1:            1
 % Cross section > 1:   1.68073927302923133E+030  2.44867039642297900E-005
 Iteration  7   Mean: 0.1443E+35 Abs mean: 0.1443E+35   Fluctuation:  0.973E+34   0.113E+40    99.1%
  7    0.1443E+35 0.1443E+35 +- 0.9734E+34    241.33
>>>>>>> 911b5ec345c81b054214c521136984e9d6306827
 Relative summed weights:
  0.1000E+01  0.0000E+00
 Relative number of events:
  0.1000E+01  0.0000E+00
 Events:
      128000           0
<<<<<<< HEAD
 Found        18414  events.
 Wrote        18409  events.
 Actual xsec    2422737844.7711501     
 Correct abs xsec    2422737844.7711501     
 Event xsec    2422737844.7704716     
 Events wgts > 1:          116
 % Cross section > 1:    8750600.6909670606       0.36118644490799567     
 Checking number of events   13912.814347382806            18409  chi2:    2.5592587850470432     

 -------------------------------------------------------------------------------
 Accumulated results:   Integral =  0.2423E+10
                        Std dev  =  0.5416E+07
                       Cross sec =  0.2119E+01
             Chi**2 per DoF.     =
-------------------------------------------------
---------------------------
 Results Last   3 iters: Integral =   0.2423E+10
                     Abs integral =   0.2423E+10
                          Std dev =   0.5674E+07
                  Chi**2 per DoF. =      2.5593
-------------------------------------------------
---------------------------
 Status -5.74259999999999987E-006           8           9
 We found enough events       18409   13912.814347382806     
=======
 Found            7  events.
 Wrote            2  events.
 Actual xsec   6.90531401427171558E+036
 Correct abs xsec   6.90531401427171558E+036
 Event xsec   6.90531401427171558E+036
 Events wgts > 1:            0
 % Cross section > 1:    0.0000000000000000        0.0000000000000000     
 Checking number of events   4.3270078676229424                2  chi2:    2311808228.5691810     
 Found            7  events.
 Wrote            2  events.
 Actual xsec   6.90531401427171558E+036
 Correct abs xsec   6.90531401427171558E+036
 Event xsec   6.90531401427171558E+036
 Events wgts > 1:            0
 % Cross section > 1:    0.0000000000000000        0.0000000000000000     
 Iteration  8   Mean: 0.4264E+36 Abs mean: 0.4264E+36   Fluctuation:  0.407E+36   0.104E+42    99.1%
  8    0.4264E+36 0.4264E+36 +- 0.4072E+36    483.19
 Relative summed weights:
  0.1000E+01  0.0000E+00
 Relative number of events:
  0.1000E+01  0.0000E+00
 Events:
      256000           0
 Found          141  events.
 Wrote            1  events.
 Actual xsec   1.20075569383931157E+037
 Correct abs xsec   1.20075569383931157E+037
 Event xsec   1.20075569383931157E+037
 Events wgts > 1:            0
 % Cross section > 1:    0.0000000000000000        0.0000000000000000     
 Checking number of events   7.5241753287358941                1  chi2:    759357.63731379132     
 Found          141  events.
 Wrote            1  events.
 Actual xsec   1.20075569383931157E+037
 Correct abs xsec   1.20075569383931157E+037
 Event xsec   1.20075569383931157E+037
 Events wgts > 1:            0
 % Cross section > 1:    0.0000000000000000        0.0000000000000000     
 Iteration  9   Mean: 0.8332E+34 Abs mean: 0.8332E+34   Fluctuation:  0.367E+34   0.127E+40    99.0%
  9    0.8332E+34 0.8332E+34 +- 0.3665E+34    314.73
 Relative summed weights:
  0.1000E+01  0.0000E+00
 Relative number of events:
  0.1000E+01  0.0000E+00
 Events:
      512000           0
 Found           44  events.
 Wrote            3  events.
 Actual xsec   6.40779051321134071E+034
 Correct abs xsec   6.40779051321134071E+034
 Event xsec   6.40779051321133979E+034
 Events wgts > 1:            0
 % Cross section > 1:    0.0000000000000000        0.0000000000000000     
 Checking number of events  4.01524969138849011E-002           3  chi2:    129.07464562685294     
 Found           44  events.
 Wrote            4  events.
 Actual xsec   6.40779051321134071E+034
 Correct abs xsec   6.40779051321134071E+034
 Event xsec   6.40779051321134071E+034
 Events wgts > 1:            0
 % Cross section > 1:    0.0000000000000000        0.0000000000000000     

 -------------------------------------------------------------------------------
 Accumulated results:   Integral =  0.2312E+37
                        Std dev  =  0.4891E+36
                       Cross sec =  0.2312E+37
             Chi**2 per DoF.     =     58.2177
 -------------------------------------------------------------------------------
-------------------------------------------------
---------------------------
 Results Last   3 iters: Integral =   0.6408E+35
                     Abs integral =   0.6408E+35
                          Std dev =   0.2203E+35
                  Chi**2 per DoF. =    129.0746
-------------------------------------------------
---------------------------
 Status -6.26620000000000013E-037          10           9
 Trying w/ fresh grid
 Starting w/ ncall =         8000
 Keeping grid fixed.
  5 dimensions   8000 events  5 invarients  8 iterations  1 config(s),  (0.99)
 Using h-tuple random number sequence.
 Error opening grid
 Using Uniform Grid!
 Using uniform alpha   1.0000000000000000     
 Grid defined OK
Setting grid   1    0.53290E-04   1
Setting grid   2    0.53290E-04   1
 Iteration  1   Mean: 0.1508E+29 Abs mean: 0.1508E+29   Fluctuation:  0.134E+29   0.106E+33    98.1%
  1    0.1508E+29 0.1508E+29 +- 0.1337E+29     79.30
 Relative summed weights:
  0.1000E+01  0.0000E+00
 Relative number of events:
  0.1000E+01  0.0000E+00
 Events:
        8000           0
 Iteration  2   Mean: 0.2641E+32 Abs mean: 0.2641E+32   Fluctuation:  0.249E+32   0.399E+36    97.4%
  2    0.2641E+32 0.2641E+32 +- 0.2494E+32    119.45
 Relative summed weights:
  0.1000E+01  0.0000E+00
 Relative number of events:
  0.1000E+01  0.0000E+00
 Events:
       16000           0
 Iteration  3   Mean: 0.1008E+32 Abs mean: 0.1008E+32   Fluctuation:  0.691E+31   0.198E+36    98.7%
  3    0.1008E+32 0.1008E+32 +- 0.6908E+31    122.65
 Relative summed weights:
  0.1000E+01  0.0000E+00
 Relative number of events:
  0.1000E+01  0.0000E+00
 Events:
       32000           0
 Found           19  events.
 Wrote            1  events.
 Actual xsec   1.12964974369188890E+031
 Correct abs xsec   1.12964974369188890E+031
 Event xsec   1.12964974369188890E+031
 Events wgts > 1:            1
 % Cross section > 1:   1.65238509228304443E+023  1.46274108546492183E-006
 Checking number of events  7.07861122392211398E-006           1  chi2:    356179.63221611298     
 Found           19  events.
 Wrote            1  events.
 Actual xsec   1.12964974369188890E+031
 Correct abs xsec   1.12964974369188890E+031
 Event xsec   1.12964974369188890E+031
 Events wgts > 1:            1
 % Cross section > 1:   1.65238509228304443E+023  1.46274108546492183E-006
 Iteration  4   Mean: 0.4199E+32 Abs mean: 0.4199E+32   Fluctuation:  0.294E+32   0.185E+37    99.0%
  4    0.4199E+32 0.4199E+32 +- 0.2941E+32    177.20
 Relative summed weights:
  0.1000E+01  0.0000E+00
 Relative number of events:
  0.1000E+01  0.0000E+00
 Events:
       64000           0
 Found           97  events.
 Wrote            1  events.
 Actual xsec   2.58444311690122451E+031
 Correct abs xsec   2.58444311690122451E+031
 Event xsec   2.58444311690122451E+031
 Events wgts > 1:            0
 % Cross section > 1:    0.0000000000000000        0.0000000000000000     
 Checking number of events  1.61946374591264539E-005           1  chi2:    2.7558323505304170     

 -------------------------------------------------------------------------------
 Accumulated results:   Integral =  0.2084E+32
                        Std dev  =  0.8135E+31
                       Cross sec =  0.1340E+01
             Chi**2 per DoF.     =
-------------------------------------------------
---------------------------
 Results Last   3 iters: Integral =   0.2584E+32
                     Abs integral =   0.2584E+32
                         Std dev =   0.1124E+32
                 Chi**2 per DoF. =      2.7558
-------------------------------------------------
---------------------------
>>>>>>> 911b5ec345c81b054214c521136984e9d6306827

ls status:
events.lhe
ftn25
ftn26
input_sg.txt
<<<<<<< HEAD
moffset.dat
results.dat
run_01_ftn26.gz
run_01_log.txt
run_01_results.dat
run_02_ftn26.gz
run_02_log.txt
run_02_results.dat
run_03_ftn26.gz
run_03_log.txt
run_03_results.dat
=======
log.txt
moffset.dat
results.dat
>>>>>>> 911b5ec345c81b054214c521136984e9d6306827
run1_app.log
