 Process in group number            0
 No PDF is used, alpha_s(MZ) from param_card is used
 Value of alpha_s from param_card:   0.11800000071525575     
 The default order of alpha_s running is fixed to            2
 Warning: pt or E min of a gamma should in general be >0
 Warning: pt or E min of a gamma should in general be >0
 Warning: pt or E min of a gamma should in general be >0
 *****************************************************
 *               MadGraph/MadEvent                   *
 *        --------------------------------           *
 *          http://madgraph.hep.uiuc.edu             *
 *          http://madgraph.phys.ucl.ac.be           *
 *          http://madgraph.roma2.infn.it            *
 *        --------------------------------           *
 *                                                   *
 *          PARAMETER AND COUPLING VALUES            *
 *                                                   *
 *****************************************************

  External Params
  ---------------------------------
  
 aEWM1 =    132.50700378417969     
 mdl_Gf =   1.16639000000000003E-005
 aS =   0.11800000071525575     
 mdl_ymb =    4.6999998092651367     
 mdl_ymt =    173.00000000000000     
 mdl_yme =   5.10999991092830896E-004
 mdl_ymm =   0.10565999895334244     
 mdl_ymtau =    1.7769999504089355     
 mdl_MZ =    91.188003540039063     
 mdl_MT =    173.00000000000000     
 mdl_MB =    4.6999998092651367     
 mdl_MH =    125.00000000000000     
 mdl_Me =   5.10999991092830896E-004
 mdl_MM =   0.10565999895334244     
 mdl_MTA =    1.7769999504089355     
 mdl_WZ =    2.4414041042327881     
 mdl_WW =    2.0476000308990479     
 mdl_WT =    1.4915000200271606     
 mdl_WH =   6.38233916833996773E-003
 mdl_WTau =   2.26999999999999982E-012
  Internal Params
  ---------------------------------
  
 mdl_conjg__CKM3x3 =    1.0000000000000000     
 mdl_CKM3x3 =    1.0000000000000000     
 mdl_conjg__CKM1x1 =    1.0000000000000000     
 mdl_complexi =  (  0.0000000000000000     ,  1.0000000000000000     )
 mdl_MZ__exp__2 =    8315.2519896181766     
 mdl_MZ__exp__4 =    69143415.650849044     
 mdl_sqrt__2 =    1.4142135623730951     
 mdl_MH__exp__2 =    15625.000000000000     
 mdl_aEW =   7.54677089845565054E-003
 mdl_MW =    80.419007276179556     
 mdl_sqrt__aEW =   8.68721526063194194E-002
 mdl_ee =   0.30795376284704501     
 mdl_MW__exp__2 =    6467.2167312862202     
 mdl_sw2 =   0.22224645274001076     
 mdl_cw =   0.88190336616887299     
 mdl_sqrt__sw2 =   0.47143022043565552     
 mdl_sw =   0.47143022043565552     
 mdl_g1 =   0.34919218438279087     
 mdl_gw =   0.65323296958447097     
 mdl_vev =    246.21845810181631     
 mdl_vev__exp__2 =    60623.529110035874     
 mdl_lam =   0.12886910601690271     
 mdl_yb =   2.69955531549349904E-002
 mdl_ye =   2.93504850670934038E-006
 mdl_ym =   6.06883028478528356E-004
 mdl_yt =   0.99366614581500645     
 mdl_ytau =   1.02066167158167895E-002
 mdl_muH =    88.388347648318444     
 mdl_I1x33 =  ( 2.69955531549349904E-002,  0.0000000000000000     )
 mdl_I2x33 =  ( 0.99366614581500645     ,  0.0000000000000000     )
 mdl_I3x33 =  ( 0.99366614581500645     ,  0.0000000000000000     )
 mdl_I4x33 =  ( 2.69955531549349904E-002,  0.0000000000000000     )
 mdl_ee__exp__2 =   9.48355200516540348E-002
 mdl_sw__exp__2 =   0.22224645274001076     
 mdl_cw__exp__2 =   0.77775354725998924     
  Internal Params evaluated point by point
  ----------------------------------------
  
 mdl_sqrt__aS =   0.34351128178744839     
 mdl_G__exp__2 =    1.4828317414825511     
  Couplings of sm-lepton_masses
  ---------------------------------
  
         GC_3 =  -0.00000E+00  -0.30795E+00

 Collider parameters:
 --------------------

 Running at e e   machine @   7.00000000000000067E-002  GeV
 PDF set = none   
 alpha_s(Mz)= 0.1180 running at 2 loops.
 alpha_s(Mz)= 0.1180 running at 2 loops.
 Renormalization scale fixed @    91.188000000000002     
 Factorization scales  fixed @    91.188000000000002        91.188000000000002     


 getting user params
Enter number of events and max and min iterations: 
 Number of events and iterations         1000           9           3
Enter desired fractional accuracy: 
 Desired fractional accuracy:  -4.27509999999999978E-004
Enter 0 for fixed, 2 for adjustable grid: 
Suppress amplitude (0 no, 1 yes)? 
 Using suppressed amplitude.
Exact helicity sum (0 yes, n = number/event)? 
 Explicitly summing over helicities
Enter Configuration Number: 
Running Configuration Number:    1
 Not subdividing B.W.
 Attempting mappinvarients           1           5
 Completed mapping           5
 about to integrate            5        1000           9           3           5           1
 Keeping grid fixed.
  5 dimensions   1000 events  5 invarients  9 iterations  1 config(s),  (0.99)
 Using h-tuple random number sequence.
 Grid read from file
 Grid defined OK
 Set CM energy to          0.07
 Mapping Graph           1  to config           1
 Warning: No cutoff for shat integral found
          Minimum set to    204.08163265306121     
 No modification is setgrid, grid read from file
 Warning: No cutoff for shat integral found
          Minimum set to    204.08163265306121     
 No modification is setgrid, grid read from file
 Masses: 0.511E-03 0.511E-03 0.000E+00 0.000E+00 0.000E+00
   1   1   2   3   4   5
 Got moffset           9
Using random seed offsets     1 :      1
  with seed                   48
 Ranmar initialization seeds       30234        7755
  Particle       3       4       5
      Et >     0.0     0.0     0.0
       E >     0.0     0.0     0.0
     Eta <    -1.0    -1.0    -1.0
   xqcut:      0.0     0.0     0.0
d R # 3  >    -0.0     0.0     0.0
d R # 4  >    -0.0    -0.0     0.0
s min # 3>     0.0     0.0     0.0
s min # 4>     0.0     0.0     0.0
xqcutij # 3>     0.0     0.0     0.0
xqcutij # 4>     0.0     0.0     0.0
 alpha_s for scale    91.188000000000002       is   0.11800000071525575     
 Added good helicity            1  1.75687425419978165E-002  in event            1
 Added good helicity            2  1.63649027256403783E-002  in event            1
 Added good helicity            3  6.07480510674102240E-005  in event            1
 Added good helicity            4  4.97765106150731992E-005  in event            1
 Added good helicity            5  7.75751356262713429E-004  in event            1
 Added good helicity            6  4.91993908447602100E-005  in event            1
 Added good helicity           11   8.2344202329539655       in event            1
 Added good helicity           12   7.7171776226768785       in event            1
 Added good helicity           13  7.06257296261014744E-003  in event            1
 Added good helicity           14  6.46971046614802647E-003  in event            1
 Added good helicity           19  6.46971046614802647E-003  in event            1
 Added good helicity           20  7.06257296261014744E-003  in event            1
 Added good helicity           21   7.7171776226768802       in event            1
 Added good helicity           22   8.2344202329539637       in event            1
 Added good helicity           27  4.91993908447601694E-005  in event            1
 Added good helicity           28  7.75751356262713429E-004  in event            1
 Added good helicity           29  4.97765106150732127E-005  in event            1
 Added good helicity           30  6.07480510674102375E-005  in event            1
 Added good helicity           31  1.63649027256403783E-002  in event            1
 Added good helicity           32  1.75687425419978165E-002  in event            1
 Added good helicity           15   5.0179735971345965       in event            2
 Added good helicity           18   5.0179735971345947       in event            2
 Added good helicity           10  1.55803832136223811E-005  in event            3
 Added good helicity           23  1.55803832136223811E-005  in event            3
 Added good helicity            7  4.62514215097007829E-004  in event            6
 Added good helicity           26  4.62514215097007829E-004  in event            6
 Iteration  1   Mean: 0.1129E+09 Abs mean: 0.1129E+09   Fluctuation:  0.586E+07   0.274E+10    99.5%
  1    0.1129E+09 0.1129E+09 +- 0.5861E+07      1.64
 Writing out events   12608.146540436463        1.6414891753394121     
 Relative summed weights:
  0.1884E+00  0.0000E+00
  0.2091E+00  0.0000E+00
  0.1598E+00  0.0000E+00
  0.1250E+00  0.0000E+00
  0.1580E+00  0.0000E+00
  0.1598E+00  0.0000E+00
 Relative number of events:
  0.1790E+00  0.0000E+00
  0.1530E+00  0.0000E+00
  0.1730E+00  0.0000E+00
  0.1660E+00  0.0000E+00
  0.1560E+00  0.0000E+00
  0.1730E+00  0.0000E+00
 Events:
         179           0
         153           0
         173           0
         166           0
         156           0
         173           0
 Iteration  2   Mean: 0.1130E+09 Abs mean: 0.1130E+09   Fluctuation:  0.437E+07   0.398E+10    99.4%
  2    0.1130E+09 0.1130E+09 +- 0.4367E+07      1.73
 Relative summed weights:
  0.1936E+00  0.0000E+00
  0.1529E+00  0.0000E+00
  0.1608E+00  0.0000E+00
  0.1715E+00  0.0000E+00
  0.1653E+00  0.0000E+00
  0.1558E+00  0.0000E+00
 Relative number of events:
  0.1815E+00  0.0000E+00
  0.1565E+00  0.0000E+00
  0.1605E+00  0.0000E+00
  0.1660E+00  0.0000E+00
  0.1805E+00  0.0000E+00
  0.1550E+00  0.0000E+00
 Events:
         363           0
         313           0
         321           0
         332           0
         361           0
         310           0
 Iteration  3   Mean: 0.1230E+09 Abs mean: 0.1230E+09   Fluctuation:  0.694E+07   0.199E+11    99.5%
  3    0.1230E+09 0.1230E+09 +- 0.6937E+07      3.57
 Relative summed weights:
  0.2107E+00  0.0000E+00
  0.1728E+00  0.0000E+00
  0.1402E+00  0.0000E+00
  0.1373E+00  0.0000E+00
  0.1795E+00  0.0000E+00
  0.1595E+00  0.0000E+00
 Relative number of events:
  0.1698E+00  0.0000E+00
  0.1578E+00  0.0000E+00
  0.1675E+00  0.0000E+00
  0.1640E+00  0.0000E+00
  0.1715E+00  0.0000E+00
  0.1695E+00  0.0000E+00
 Events:
         679           0
         631           0
         670           0
         656           0
         686           0
         678           0
 Found          372  events.
 Wrote           30  events.
 Actual xsec    115326146.97747551     
 Correct abs xsec    115326146.97747551     
 Event xsec    115326146.97747546     
 Events wgts > 1:            0
 % Cross section > 1:    0.0000000000000000        0.0000000000000000     
 Checking number of events   49303.081094340552               30  chi2:   0.83891986047122902     
 Found          372  events.
 Wrote           25  events.
 Actual xsec    115326146.97747551     
 Correct abs xsec    115326146.97747551     
 Event xsec    115326146.97747557     
 Events wgts > 1:            0
 % Cross section > 1:    0.0000000000000000        0.0000000000000000     
 Iteration  4   Mean: 0.1161E+09 Abs mean: 0.1161E+09   Fluctuation:  0.396E+07   0.156E+11    99.2%
  4    0.1161E+09 0.1161E+09 +- 0.3960E+07      3.05
 Relative summed weights:
  0.1715E+00  0.0000E+00
  0.1788E+00  0.0000E+00
  0.1881E+00  0.0000E+00
  0.1576E+00  0.0000E+00
  0.1610E+00  0.0000E+00
  0.1429E+00  0.0000E+00
 Relative number of events:
  0.1659E+00  0.0000E+00
  0.1681E+00  0.0000E+00
  0.1693E+00  0.0000E+00
  0.1690E+00  0.0000E+00
  0.1684E+00  0.0000E+00
  0.1594E+00  0.0000E+00
 Events:
        1327           0
        1345           0
        1354           0
        1352           0
        1347           0
        1275           0
 Found          673  events.
 Wrote           65  events.
 Actual xsec    116165701.26367939     
 Correct abs xsec    116165701.26367939     
 Event xsec    116165701.26367913     
 Events wgts > 1:            3
 % Cross section > 1:    721340.89570669644       0.62095858576134988     
 Checking number of events   49661.998947235574               65  chi2:   0.74575841940248733     
 Found          673  events.
 Wrote           78  events.
 Actual xsec    116165701.26367939     
 Correct abs xsec    116165701.26367939     
 Event xsec    116165701.26367907     
 Events wgts > 1:            3
 % Cross section > 1:    601740.17263323674       0.51800158401951624     
 Iteration  5   Mean: 0.1186E+09 Abs mean: 0.1186E+09   Fluctuation:  0.299E+07   0.198E+11    99.3%
  5    0.1186E+09 0.1186E+09 +- 0.2985E+07      3.18
 Relative summed weights:
  0.1712E+00  0.0000E+00
  0.1683E+00  0.0000E+00
  0.1804E+00  0.0000E+00
  0.1641E+00  0.0000E+00
  0.1592E+00  0.0000E+00
  0.1569E+00  0.0000E+00
 Relative number of events:
  0.1720E+00  0.0000E+00
  0.1673E+00  0.0000E+00
  0.1634E+00  0.0000E+00
  0.1674E+00  0.0000E+00
  0.1655E+00  0.0000E+00
  0.1644E+00  0.0000E+00
 Events:
        2752           0
        2677           0
        2615           0
        2678           0
        2648           0
        2630           0
 Found         1508  events.
 Wrote          127  events.
 Actual xsec    118344696.58394997     
 Correct abs xsec    118344696.58394997     
 Event xsec    118344696.58394970     
 Events wgts > 1:            3
 % Cross section > 1:    694105.67709483823       0.58651185657691329     
 Checking number of events   50593.541236604447              127  chi2:   0.39659286879471878     
 Found         1508  events.
 Wrote          133  events.
 Actual xsec    118344696.58394997     
 Correct abs xsec    118344696.58394997     
 Event xsec    118344696.58394991     
 Events wgts > 1:            3
 % Cross section > 1:    662968.05495135451       0.56020089965000364     
 Iteration  6   Mean: 0.1211E+09 Abs mean: 0.1211E+09   Fluctuation:  0.207E+07   0.240E+11    99.3%
  6    0.1211E+09 0.1211E+09 +- 0.2073E+07      3.06
 Relative summed weights:
  0.1531E+00  0.0000E+00
  0.1789E+00  0.0000E+00
  0.1665E+00  0.0000E+00
  0.1641E+00  0.0000E+00
  0.1677E+00  0.0000E+00
  0.1697E+00  0.0000E+00
 Relative number of events:
  0.1651E+00  0.0000E+00
  0.1692E+00  0.0000E+00
  0.1645E+00  0.0000E+00
  0.1650E+00  0.0000E+00
  0.1695E+00  0.0000E+00
  0.1668E+00  0.0000E+00
 Events:
        5282           0
        5415           0
        5263           0
        5280           0
        5424           0
        5336           0
 Found         2893  events.
 Wrote          341  events.
 Actual xsec    119699926.98678645     
 Correct abs xsec    119699926.98678645     
 Event xsec    119699926.98678653     
 Events wgts > 1:            6
 % Cross section > 1:    1117137.4842491369       0.93328167557901320     
 Checking number of events   51172.915786121077              341  chi2:   0.70834969470865927     
 Found         2893  events.
 Wrote          324  events.
 Actual xsec    119699926.98678645     
 Correct abs xsec    119699926.98678645     
 Event xsec    119699926.98678674     
 Events wgts > 1:            6
 % Cross section > 1:    1175177.2561455972       0.98176940097492360     
 Iteration  7   Mean: 0.1216E+09 Abs mean: 0.1216E+09   Fluctuation:  0.211E+07   0.609E+11    99.3%
  7    0.1216E+09 0.1216E+09 +- 0.2107E+07      4.38
 Relative summed weights:
  0.1692E+00  0.0000E+00
  0.1654E+00  0.0000E+00
  0.1675E+00  0.0000E+00
  0.1614E+00  0.0000E+00
  0.1693E+00  0.0000E+00
  0.1672E+00  0.0000E+00
 Relative number of events:
  0.1693E+00  0.0000E+00
  0.1664E+00  0.0000E+00
  0.1641E+00  0.0000E+00
  0.1687E+00  0.0000E+00
  0.1666E+00  0.0000E+00
  0.1649E+00  0.0000E+00
 Events:
       10833           0
       10650           0
       10501           0
       10799           0
       10664           0
       10553           0
 Found         5752  events.
 Wrote          186  events.
 Actual xsec    120827341.09377481     
 Correct abs xsec    120827341.09377481     
 Event xsec    120827341.09377418     
 Events wgts > 1:            4
 % Cross section > 1:    662207.92004785512       0.54806131960970250     
 Checking number of events   51654.896590999670              186  chi2:   0.34146161469596120     
 Found         5752  events.
 Wrote          192  events.
 Actual xsec    120827341.09377481     
 Correct abs xsec    120827341.09377481     
 Event xsec    120827341.09377474     
 Events wgts > 1:            4
 % Cross section > 1:    641623.81291935977       0.53102535163907327     
 Iteration  8   Mean: 0.1220E+09 Abs mean: 0.1220E+09   Fluctuation:  0.173E+07   0.113E+12    99.3%
  8    0.1220E+09 0.1220E+09 +- 0.1727E+07      5.07
 Relative summed weights:
  0.1738E+00  0.0000E+00
  0.1638E+00  0.0000E+00
  0.1624E+00  0.0000E+00
  0.1683E+00  0.0000E+00
  0.1592E+00  0.0000E+00
  0.1726E+00  0.0000E+00
 Relative number of events:
  0.1667E+00  0.0000E+00
  0.1674E+00  0.0000E+00
  0.1676E+00  0.0000E+00
  0.1676E+00  0.0000E+00
  0.1632E+00  0.0000E+00
  0.1675E+00  0.0000E+00
 Events:
       21332           0
       21431           0
       21447           0
       21458           0
       20891           0
       21441           0
 Found        11465  events.
 Wrote          387  events.
 Actual xsec    121605542.69879401     
 Correct abs xsec    121605542.69879401     
 Event xsec    121605542.69879267     
 Events wgts > 1:            7
 % Cross section > 1:    1124443.4633453027       0.92466464800084036     
 Checking number of events   51987.585559161424              387  chi2:   5.13316792125664972E-002
 Found        11465  events.
 Wrote          376  events.
 Actual xsec    121605542.69879401     
 Correct abs xsec    121605542.69879401     
 Event xsec    121605542.69879428     
 Events wgts > 1:            7
 % Cross section > 1:    1157026.4243541972       0.95145862489183164     
 Iteration  9   Mean: 0.1227E+09 Abs mean: 0.1227E+09   Fluctuation:  0.121E+07   0.129E+12    99.3%
  9    0.1227E+09 0.1227E+09 +- 0.1209E+07      4.98
 Relative summed weights:
  0.1702E+00  0.0000E+00
  0.1622E+00  0.0000E+00
  0.1720E+00  0.0000E+00
  0.1604E+00  0.0000E+00
  0.1659E+00  0.0000E+00
  0.1693E+00  0.0000E+00
 Relative number of events:
  0.1667E+00  0.0000E+00
  0.1664E+00  0.0000E+00
  0.1667E+00  0.0000E+00
  0.1666E+00  0.0000E+00
  0.1665E+00  0.0000E+00
  0.1671E+00  0.0000E+00
 Events:
       42676           0
       42608           0
       42678           0
       42639           0
       42627           0
       42772           0
 Found        22795  events.
 Wrote          685  events.
 Actual xsec    122311004.69188891     
 Correct abs xsec    122311004.69188891     
 Event xsec    122311004.69188625     
 Events wgts > 1:            8
 % Cross section > 1:    1077735.0341215131       0.88114314557094542     
 Checking number of events   52289.177615829423              685  chi2:   0.13491675881385920     
 Found        22795  events.
 Wrote          670  events.
 Actual xsec    122311004.69188891     
 Correct abs xsec    122311004.69188891     
 Event xsec    122311004.69188668     
 Events wgts > 1:            8
 % Cross section > 1:    1101646.1077399028       0.90069255053137409     

 -------------------------------------------------------------------------------
 Accumulated results:   Integral =  0.1214E+09
                        Std dev  =  0.7550E+06
                       Cross sec =  0.1214E+09
             Chi**2 per DoF.     =      1.1069
 -------------------------------------------------------------------------------
-------------------------------------------------
---------------------------
 Results Last   3 iters: Integral =   0.1223E+09
                     Abs integral =   0.1223E+09
                          Std dev =   0.8962E+06
                  Chi**2 per DoF. =      0.1349
-------------------------------------------------
---------------------------
 Status -4.27509999999999978E-004          10           9
 Trying w/ fresh grid
 Starting w/ ncall =         4000
 Keeping grid fixed.
  5 dimensions   4000 events  5 invarients  8 iterations  1 config(s),  (0.99)
 Using h-tuple random number sequence.
 Error opening grid
 Using Uniform Grid!
 Using uniform alpha   1.0000000000000000     
 Grid defined OK
 Warning: No cutoff for shat integral found
          Minimum set to    204.08163265306121     
Setting grid   1    0.20408E+03   1
 Warning: No cutoff for shat integral found
          Minimum set to    204.08163265306121     
Setting grid   2    0.20408E+03   1
Warning xbin not returning correct x   2  0.999957E+00  0.987746E+00  0.2837E+03
Warning xbin not returning correct x   2  0.999974E+00  0.992615E+00  0.2837E+03
Warning xbin not returning correct x   2  0.999982E+00  0.995020E+00  0.2837E+03
Warning xbin not returning correct x   2  0.999981E+00  0.994517E+00  0.2837E+03
Warning xbin not returning correct x   2  0.999988E+00  0.996640E+00  0.2837E+03
Warning xbin still not working well. Last message this iteration.
 Iteration  1   Mean: 0.3524E+08 Abs mean: 0.3524E+08   Fluctuation:  0.831E+07   0.179E+11    99.0%
  1    0.3524E+08 0.3524E+08 +- 0.8311E+07     14.91
 Relative summed weights:
  0.2770E+00  0.0000E+00
  0.3457E-01  0.0000E+00
  0.1441E+00  0.0000E+00
  0.2918E+00  0.0000E+00
  0.6983E-01  0.0000E+00
  0.1828E+00  0.0000E+00
 Relative number of events:
  0.1705E+00  0.0000E+00
  0.1665E+00  0.0000E+00
  0.1745E+00  0.0000E+00
  0.1650E+00  0.0000E+00
  0.1537E+00  0.0000E+00
  0.1698E+00  0.0000E+00
 Events:
         682           0
         666           0
         698           0
         660           0
         615           0
         679           0
Warning xbin not returning correct x   1  0.987496E+00  0.999812E+00  0.1528E-01
Warning xbin not returning correct x   1  0.989739E+00  0.999846E+00  0.1528E-01
Warning xbin not returning correct x   1  0.988446E+00  0.999826E+00  0.1528E-01
Warning xbin not returning correct x   1  0.987905E+00  0.999818E+00  0.1528E-01
Warning xbin not returning correct x   1  0.991054E+00  0.999865E+00  0.1528E-01
Warning xbin still not working well. Last message this iteration.
 Iteration  2   Mean: 0.2637E+07 Abs mean: 0.2637E+07   Fluctuation:  0.129E+06   0.503E+09    96.5%
  2    0.2637E+07 0.2637E+07 +- 0.1293E+06      4.39
 Relative summed weights:
  0.1509E+00  0.0000E+00
  0.1864E+00  0.0000E+00
  0.1801E+00  0.0000E+00
  0.1651E+00  0.0000E+00
  0.1455E+00  0.0000E+00
  0.1721E+00  0.0000E+00
 Relative number of events:
  0.1601E+00  0.0000E+00
  0.1701E+00  0.0000E+00
  0.1654E+00  0.0000E+00
  0.1645E+00  0.0000E+00
  0.1721E+00  0.0000E+00
  0.1678E+00  0.0000E+00
 Events:
        1281           0
        1361           0
        1323           0
        1316           0
        1377           0
        1342           0
 Iteration  3   Mean: 0.1417E+09 Abs mean: 0.1417E+09   Fluctuation:  0.986E+08   0.156E+13    99.9%
  3    0.1417E+09 0.1417E+09 +- 0.9860E+08     88.03
 Relative summed weights:
  0.4814E-01  0.0000E+00
  0.3593E-01  0.0000E+00
  0.3053E-01  0.0000E+00
  0.4233E-01  0.0000E+00
  0.8081E+00  0.0000E+00
  0.3499E-01  0.0000E+00
 Relative number of events:
  0.1708E+00  0.0000E+00
  0.1612E+00  0.0000E+00
  0.1652E+00  0.0000E+00
  0.1702E+00  0.0000E+00
  0.1664E+00  0.0000E+00
  0.1663E+00  0.0000E+00
 Events:
        2733           0
        2579           0
        2643           0
        2723           0
        2662           0
        2660           0
 Found         2015  events.
 Wrote            2  events.
 Actual xsec    4639954.5487194546     
 Correct abs xsec    4639954.5487194546     
 Event xsec    4639954.5487194555     
 Events wgts > 1:            1
 % Cross section > 1:   3.09347966685891151E-002  6.66704734793718286E-007
 Checking number of events   1983.6269691230539                2  chi2:    127.78548767719909     
 Found         2015  events.
 Wrote            2  events.
 Actual xsec    4639954.5487194546     
 Correct abs xsec    4639954.5487194546     
 Event xsec    4639954.5487194555     
 Events wgts > 1:            1
 % Cross section > 1:   3.09347966685891151E-002  6.66704734793718286E-007
 Iteration  4   Mean: 0.8698E+08 Abs mean: 0.8698E+08   Fluctuation:  0.176E+08   0.354E+12    99.9%
  4    0.8698E+08 0.8698E+08 +- 0.1756E+08     36.10
 Relative summed weights:
  0.2223E+00  0.0000E+00
  0.8339E-01  0.0000E+00
  0.1798E+00  0.0000E+00
  0.1718E+00  0.0000E+00
  0.1624E+00  0.0000E+00
  0.1803E+00  0.0000E+00
 Relative number of events:
  0.1682E+00  0.0000E+00
  0.1667E+00  0.0000E+00
  0.1660E+00  0.0000E+00
  0.1635E+00  0.0000E+00
  0.1691E+00  0.0000E+00
  0.1666E+00  0.0000E+00
 Events:
        5383           0
        5334           0
        5311           0
        5231           0
        5410           0
        5331           0
 Found          614  events.
 Wrote            8  events.
 Actual xsec    7963848.2488544118     
 Correct abs xsec    7963848.2488544118     
 Event xsec    7963848.2488544118     
 Events wgts > 1:            0
 % Cross section > 1:    0.0000000000000000        0.0000000000000000     
 Checking number of events   3404.6247648677495                8  chi2:    859.96641714810050     
 Found          614  events.
 Wrote            6  events.
 Actual xsec    7963848.2488544118     
 Correct abs xsec    7963848.2488544118     
 Event xsec    7963848.2488544127     
 Events wgts > 1:            0
 % Cross section > 1:    0.0000000000000000        0.0000000000000000     
 Iteration  5   Mean: 0.7851E+08 Abs mean: 0.7851E+08   Fluctuation:  0.755E+07   0.362E+12    99.6%
  5    0.7851E+08 0.7851E+08 +- 0.7549E+07     24.32
 Relative summed weights:
  0.1798E+00  0.0000E+00
  0.2207E+00  0.0000E+00
  0.1876E+00  0.0000E+00
  0.1351E+00  0.0000E+00
  0.1541E+00  0.0000E+00
  0.1227E+00  0.0000E+00
 Relative number of events:
  0.1639E+00  0.0000E+00
  0.1661E+00  0.0000E+00
  0.1703E+00  0.0000E+00
  0.1652E+00  0.0000E+00
  0.1694E+00  0.0000E+00
  0.1652E+00  0.0000E+00
 Events:
       10487           0
       10631           0
       10896           0
       10572           0
       10840           0
       10574           0
 Found         2699  events.
 Wrote           18  events.
 Actual xsec    81022452.864117146     
 Correct abs xsec    81022452.864117146     
 Event xsec    81022452.864117160     
 Events wgts > 1:            0
 % Cross section > 1:    0.0000000000000000        0.0000000000000000     
 Checking number of events   34637.908823938720               18  chi2:   0.30211447300895777     
 Found         2699  events.
 Wrote           23  events.
 Actual xsec    81022452.864117146     
 Correct abs xsec    81022452.864117146     
 Event xsec    81022452.864117116     
 Events wgts > 1:            0
 % Cross section > 1:    0.0000000000000000        0.0000000000000000     
 Fixing grid
 Iteration  6   Mean: 0.1061E+09 Abs mean: 0.1061E+09   Fluctuation:  0.861E+07   0.701E+12    98.8%
  6    0.1061E+09 0.1061E+09 +- 0.8610E+07     29.03
 Relative summed weights:
  0.1286E+00  0.0000E+00
  0.1869E+00  0.0000E+00
  0.1447E+00  0.0000E+00
  0.1814E+00  0.0000E+00
  0.2139E+00  0.0000E+00
  0.1444E+00  0.0000E+00
 Relative number of events:
  0.1666E+00  0.0000E+00
  0.1664E+00  0.0000E+00
  0.1647E+00  0.0000E+00
  0.1663E+00  0.0000E+00
  0.1681E+00  0.0000E+00
  0.1679E+00  0.0000E+00
 Events:
       21327           0
       21296           0
       21082           0
       21288           0
       21513           0
       21494           0
 Found         9232  events.
 Wrote           27  events.
 Actual xsec    93982338.128187746     
 Correct abs xsec    93982338.128187746     
 Event xsec    93982338.128187716     
 Events wgts > 1:            1
 % Cross section > 1:    808157.05447280128       0.85990311644567852     
 Checking number of events   40178.389373181541               27  chi2:    3.1745308756123487     
 Found         9232  events.
 Wrote           22  events.
 Actual xsec    93982338.128187746     
 Correct abs xsec    93982338.128187746     
 Event xsec    93982338.128187701     
 Events wgts > 1:            1
 % Cross section > 1:    989894.53640569374        1.0532771966744665     
 Iteration  7   Mean: 0.1040E+09 Abs mean: 0.1040E+09   Fluctuation:  0.522E+07   0.652E+12    98.8%
  7    0.1040E+09 0.1040E+09 +- 0.5217E+07     25.39
 Relative summed weights:
  0.1880E+00  0.0000E+00
  0.1739E+00  0.0000E+00
  0.1817E+00  0.0000E+00
  0.1556E+00  0.0000E+00
  0.1414E+00  0.0000E+00
  0.1595E+00  0.0000E+00
 Relative number of events:
  0.1676E+00  0.0000E+00
  0.1665E+00  0.0000E+00
  0.1667E+00  0.0000E+00
  0.1664E+00  0.0000E+00
  0.1666E+00  0.0000E+00
  0.1661E+00  0.0000E+00
 Events:
       42913           0
       42635           0
       42678           0
       42603           0
       42662           0
       42509           0
 Found        14273  events.
 Wrote           38  events.
 Actual xsec    100286615.44970995     
 Correct abs xsec    100286615.44970995     
 Event xsec    100286615.44970988     
 Events wgts > 1:            2
 % Cross section > 1:    593974.18061333662       0.59227662430306394     
 Checking number of events   42873.530970905500               38  chi2:    4.6414707654605278     
 Found        14273  events.
 Wrote           44  events.
 Actual xsec    100286615.44970995     
 Correct abs xsec    100286615.44970995     
 Event xsec    100286615.44970995     
 Events wgts > 1:            2
 % Cross section > 1:    513392.34273474244       0.51192508634633282     
 Iteration  8   Mean: 0.1412E+09 Abs mean: 0.1412E+09   Fluctuation:  0.388E+08   0.198E+14    98.8%
  8    0.1412E+09 0.1412E+09 +- 0.3884E+08    196.89
 Relative summed weights:
  0.1204E+00  0.0000E+00
  0.3953E+00  0.0000E+00
  0.1180E+00  0.0000E+00
  0.1250E+00  0.0000E+00
  0.1256E+00  0.0000E+00
  0.1156E+00  0.0000E+00
 Relative number of events:
  0.1673E+00  0.0000E+00
  0.1673E+00  0.0000E+00
  0.1664E+00  0.0000E+00
  0.1659E+00  0.0000E+00
  0.1660E+00  0.0000E+00
  0.1672E+00  0.0000E+00
 Events:
       85668           0
       85636           0
       85203           0
       84918           0
       84993           0
       85582           0
 Found        29121  events.
 Wrote            3  events.
 Actual xsec    122041697.47484878     
 Correct abs xsec    122041697.47484878     
 Event xsec    122041697.47484878     
 Events wgts > 1:            0
 % Cross section > 1:    0.0000000000000000        0.0000000000000000     
 Checking number of events   45074.448297107796                3  chi2:   0.46495309003893370     
 Found        29121  events.
 Wrote            2  events.
 Actual xsec    122041697.47484878     
 Correct abs xsec    122041697.47484878     
 Event xsec    122041697.47484878     
 Events wgts > 1:            0
 % Cross section > 1:    0.0000000000000000        0.0000000000000000     

 -------------------------------------------------------------------------------
 Accumulated results:   Integral =  0.6361E+08
                        Std dev  =  0.1891E+07
                       Cross sec =  0.6361E+08
             Chi**2 per DoF.     =     92.2503
 -------------------------------------------------------------------------------
-------------------------------------------------
---------------------------
 Results Last   3 iters: Integral =   0.1054E+09
                     Abs integral =   0.1054E+09
                         Std dev =   0.4446E+07
                 Chi**2 per DoF. =      0.4650
-------------------------------------------------
---------------------------

ls status:
events.lhe
ftn25
ftn26
input_sg.txt
log.txt
moffset.dat
results.dat
run_01_ftn26.gz
run_01_log.txt
run_01_results.dat
run_02_ftn26.gz
run_02_log.txt
run_02_results.dat
run1_app.log
