 Process in group number            0
 No PDF is used, alpha_s(MZ) from param_card is used
 Value of alpha_s from param_card:   0.11800000071525575     
 The default order of alpha_s running is fixed to            2
<<<<<<< HEAD
=======
 Warning: pt or E min of a gamma should in general be >0
>>>>>>> 911b5ec345c81b054214c521136984e9d6306827
 *****************************************************
 *               MadGraph/MadEvent                   *
 *        --------------------------------           *
 *          http://madgraph.hep.uiuc.edu             *
 *          http://madgraph.phys.ucl.ac.be           *
 *          http://madgraph.roma2.infn.it            *
 *        --------------------------------           *
 *                                                   *
 *          PARAMETER AND COUPLING VALUES            *
 *                                                   *
 *****************************************************

  External Params
  ---------------------------------
  
 aEWM1 =    132.50700378417969     
 mdl_Gf =   1.16639000000000003E-005
 aS =   0.11800000071525575     
 mdl_ymb =    4.6999998092651367     
 mdl_ymt =    173.00000000000000     
 mdl_yme =   5.10999991092830896E-004
 mdl_ymm =   0.10565999895334244     
 mdl_ymtau =    1.7769999504089355     
 mdl_MZ =    91.188003540039063     
 mdl_MT =    173.00000000000000     
 mdl_MB =    4.6999998092651367     
 mdl_MH =    125.00000000000000     
 mdl_Me =   5.10999991092830896E-004
 mdl_MM =   0.10565999895334244     
 mdl_MTA =    1.7769999504089355     
 mdl_WZ =    2.4414041042327881     
 mdl_WW =    2.0476000308990479     
 mdl_WT =    1.4915000200271606     
 mdl_WH =   6.38233916833996773E-003
 mdl_WTau =   2.26999999999999982E-012
  Internal Params
  ---------------------------------
  
 mdl_conjg__CKM3x3 =    1.0000000000000000     
 mdl_CKM3x3 =    1.0000000000000000     
 mdl_conjg__CKM1x1 =    1.0000000000000000     
 mdl_complexi =  (  0.0000000000000000     ,  1.0000000000000000     )
 mdl_MZ__exp__2 =    8315.2519896181766     
 mdl_MZ__exp__4 =    69143415.650849044     
 mdl_sqrt__2 =    1.4142135623730951     
 mdl_MH__exp__2 =    15625.000000000000     
 mdl_aEW =   7.54677089845565054E-003
 mdl_MW =    80.419007276179556     
 mdl_sqrt__aEW =   8.68721526063194194E-002
 mdl_ee =   0.30795376284704501     
 mdl_MW__exp__2 =    6467.2167312862202     
 mdl_sw2 =   0.22224645274001076     
 mdl_cw =   0.88190336616887299     
 mdl_sqrt__sw2 =   0.47143022043565552     
 mdl_sw =   0.47143022043565552     
 mdl_g1 =   0.34919218438279087     
 mdl_gw =   0.65323296958447097     
 mdl_vev =    246.21845810181631     
 mdl_vev__exp__2 =    60623.529110035874     
 mdl_lam =   0.12886910601690271     
 mdl_yb =   2.69955531549349904E-002
 mdl_ye =   2.93504850670934038E-006
 mdl_ym =   6.06883028478528356E-004
 mdl_yt =   0.99366614581500645     
 mdl_ytau =   1.02066167158167895E-002
 mdl_muH =    88.388347648318444     
 mdl_I1x33 =  ( 2.69955531549349904E-002,  0.0000000000000000     )
 mdl_I2x33 =  ( 0.99366614581500645     ,  0.0000000000000000     )
 mdl_I3x33 =  ( 0.99366614581500645     ,  0.0000000000000000     )
 mdl_I4x33 =  ( 2.69955531549349904E-002,  0.0000000000000000     )
 mdl_ee__exp__2 =   9.48355200516540348E-002
 mdl_sw__exp__2 =   0.22224645274001076     
 mdl_cw__exp__2 =   0.77775354725998924     
  Internal Params evaluated point by point
  ----------------------------------------
  
 mdl_sqrt__aS =   0.34351128178744839     
 mdl_G__exp__2 =    1.4828317414825511     
  Couplings of sm-lepton_masses
  ---------------------------------
  
         GC_3 =  -0.00000E+00  -0.30795E+00
        GC_50 =  -0.00000E+00  -0.28804E+00
        GC_59 =   0.00000E+00   0.82310E-01
        GC_89 =  -0.00000E+00  -0.20754E-05

 Collider parameters:
 --------------------

<<<<<<< HEAD
 Running at e e   machine @   7.14879999999999960E-002  GeV
=======
 Running at e e   machine @   7.00000000000000067E-002  GeV
>>>>>>> 911b5ec345c81b054214c521136984e9d6306827
 PDF set = none   
 alpha_s(Mz)= 0.1180 running at 2 loops.
 alpha_s(Mz)= 0.1180 running at 2 loops.
 Renormalization scale fixed @    91.188000000000002     
 Factorization scales  fixed @    91.188000000000002        91.188000000000002     


 getting user params
Enter number of events and max and min iterations: 
 Number of events and iterations         1000           5           3
Enter desired fractional accuracy: 
 Desired fractional accuracy:   0.10000000000000001     
Enter 0 for fixed, 2 for adjustable grid: 
Suppress amplitude (0 no, 1 yes)? 
 Using suppressed amplitude.
Exact helicity sum (0 yes, n = number/event)? 
 Explicitly summing over helicities
Enter Configuration Number: 
Running Configuration Number:   15
 Not subdividing B.W.
 Attempting mappinvarients           1           5
 Completed mapping           5
 about to integrate            5        1000           5           3           5           1
 Using non-zero grid deformation.
  5 dimensions   1000 events  5 invarients  5 iterations  1 config(s),  (0.99)
 Using h-tuple random number sequence.
 Error opening grid
 Using Uniform Grid!
 Using uniform alpha   1.0000000000000000     
 Grid defined OK
 Set CM energy to          0.07
 Mapping Graph          15  to config          15
<<<<<<< HEAD
Setting grid   1    0.51095E-04   1
Setting grid   2    0.17611E-04   1
 Masses: 0.511E-03 0.511E-03 0.000E+00 0.511E-03 0.511E-03
  15   1   2   3   4   5
Using random seed offsets    15 :      1
  with seed                   84
 Ranmar initialization seeds       13970        9461
=======
Setting grid   1    0.53290E-04   1
 Warning: No cutoff for shat integral found
          Minimum set to    204.08163265306121     
Setting grid   2    0.20408E+03   1
 Masses: 0.511E-03 0.511E-03 0.000E+00 0.511E-03 0.511E-03
  15   1   2   3   4   5
Using random seed offsets    15 :      1
  with seed                   24
 Ranmar initialization seeds       31073        9398
>>>>>>> 911b5ec345c81b054214c521136984e9d6306827
  Particle       3       4       5
      Et >     0.0     0.0     0.0
       E >     0.0     0.0     0.0
     Eta <    -1.0    -1.0    -1.0
   xqcut:      0.0     0.0     0.0
d R # 3  >    -0.0     0.0     0.0
<<<<<<< HEAD
d R # 4  >    -0.0    -0.0     0.0
=======
d R # 4  >    -0.0    -0.0     0.4
>>>>>>> 911b5ec345c81b054214c521136984e9d6306827
s min # 3>     0.0     0.0     0.0
s min # 4>     0.0     0.0     0.0
xqcutij # 3>     0.0     0.0     0.0
xqcutij # 4>     0.0     0.0     0.0
 alpha_s for scale    91.188000000000002       is   0.11800000071525575     
<<<<<<< HEAD
 Added good helicity            1   7.9093824627316165       in event            1
 Added good helicity            2   1.3542325928403225       in event            1
 Added good helicity            3  9.38913165670060210E-003  in event            1
 Added good helicity            5  1.10747274964347019E-002  in event            1
 Added good helicity            6  4.79267343681281450E-005  in event            1
 Added good helicity            7  1.10427709266987058E-006  in event            1
 Added good helicity            9  2.18774718473039461E-005  in event            1
 Added good helicity           10  4.51239757464449824E-003  in event            1
 Added good helicity           11  1.89237454064585916E-005  in event            1
 Added good helicity           13   3.6754495034380654       in event            1
 Added good helicity           14   3.0198254131699978       in event            1
 Added good helicity           15  1.60437630710074455E-002  in event            1
 Added good helicity           18  1.60437630620225251E-002  in event            1
 Added good helicity           19   3.0198254236391180       in event            1
 Added good helicity           20   3.6754495025684299       in event            1
 Added good helicity           22  1.89237454048677994E-005  in event            1
 Added good helicity           23  4.51239759084148730E-003  in event            1
 Added good helicity           24  2.18774719324935022E-005  in event            1
 Added good helicity           26  1.10427709735886604E-006  in event            1
 Added good helicity           27  4.79267343967277787E-005  in event            1
 Added good helicity           28  1.10747274963318119E-002  in event            1
 Added good helicity           30  9.38913166984372237E-003  in event            1
 Added good helicity           31   1.3542325981494974       in event            1
 Added good helicity           32   7.9093824635683720       in event            1
 Added good helicity            4  1.83064486179810588E-006  in event            4
 Added good helicity           16  3.42104145001041613E-006  in event            4
 Added good helicity           17  3.42103961054127507E-006  in event            4
 Added good helicity           29  1.83064394563257072E-006  in event            4
 Added good helicity           12  2.17769492019877208E-005  in event            5
 Added good helicity           21  2.17769531698515458E-005  in event            5
 Iteration  1   Mean: 0.8812E-07 Abs mean: 0.8812E-07   Fluctuation:  0.303E-07   0.260E-04    75.7%
  1    0.8812E-07 0.8812E-07 +- 0.3028E-07     10.87
 Writing out events  2.32803039781834219E-011   10.868275661384269     
=======
 Added good helicity            1   10.175834878369061       in event            1
 Added good helicity            2  3.76904760618231873E-004  in event            1
 Added good helicity            3  2.66814732066640537E-003  in event            1
 Added good helicity            5  1.99434424660756733E-002  in event            1
 Added good helicity            6  2.67481904572325609E-005  in event            1
 Added good helicity            7  1.01020900363903352E-004  in event            1
 Added good helicity            9  2.20138391294955407E-004  in event            1
 Added good helicity           10   1.2511710166307981       in event            1
 Added good helicity           11  6.40163092713339366E-003  in event            1
 Added good helicity           12  4.27970079512079982E-004  in event            1
 Added good helicity           13  7.72582625674182732E-003  in event            1
 Added good helicity           14   4.1429520382574045       in event            1
 Added good helicity           15  0.39209242493075980       in event            1
 Added good helicity           16  5.70116330808717768E-005  in event            1
 Added good helicity           17  5.70116344096364237E-005  in event            1
 Added good helicity           18  0.39209242411465500       in event            1
 Added good helicity           19   4.1429521419779292       in event            1
 Added good helicity           20  7.72582617499368001E-003  in event            1
 Added good helicity           21  4.27970070250391018E-004  in event            1
 Added good helicity           22  6.40163094063260062E-003  in event            1
 Added good helicity           23   1.2511710468173067       in event            1
 Added good helicity           24  2.20138397747614046E-004  in event            1
 Added good helicity           26  1.01020898473625745E-004  in event            1
 Added good helicity           27  2.67481908956455150E-005  in event            1
 Added good helicity           28  1.99434424701543933E-002  in event            1
 Added good helicity           30  2.66814735930877116E-003  in event            1
 Added good helicity           31  3.76904739643951780E-004  in event            1
 Added good helicity           32   10.175834876311640       in event            1
 Added good helicity            4  2.52784279640584862E-006  in event            9
 Added good helicity           29  2.52784279620486846E-006  in event            9
Warning xbin not returning correct x   2  0.999990E+00  0.997254E+00  0.2837E+03
Warning xbin not returning correct x   2  0.999990E+00  0.997209E+00  0.2837E+03
Warning xbin not returning correct x   2  0.999970E+00  0.991561E+00  0.2837E+03
 Iteration  1   Mean: 0.4677E-07 Abs mean: 0.4677E-07   Fluctuation:  0.294E-07   0.290E-04    86.1%
  1    0.4677E-07 0.4677E-07 +- 0.2937E-07     19.86
 Writing out events  1.08600626074074128E-011   19.860190527439368     
>>>>>>> 911b5ec345c81b054214c521136984e9d6306827
 Relative summed weights:
  0.1000E+01  0.0000E+00
 Relative number of events:
  0.1000E+01  0.0000E+00
 Events:
        1000           0
<<<<<<< HEAD
 Iteration  2   Mean: 0.5810E-07 Abs mean: 0.5810E-07   Fluctuation:  0.470E-08   0.687E-05    91.2%
  2    0.5810E-07 0.5810E-07 +- 0.4695E-08      3.61
=======
Warning xbin not returning correct x   2  0.992561E+00  0.999892E+00  0.1479E-01
Warning xbin not returning correct x   2  0.992082E+00  0.999885E+00  0.1479E-01
Warning xbin not returning correct x   2  0.985893E+00  0.999794E+00  0.1479E-01
Warning xbin not returning correct x   2  0.990652E+00  0.999864E+00  0.1479E-01
Warning xbin not returning correct x   2  0.990438E+00  0.999861E+00  0.1479E-01
Warning xbin still not working well. Last message this iteration.
 Iteration  2   Mean: 0.1299E-07 Abs mean: 0.1299E-07   Fluctuation:  0.362E-08   0.634E-05    97.1%
  2    0.1299E-07 0.1299E-07 +- 0.3617E-08     12.45
>>>>>>> 911b5ec345c81b054214c521136984e9d6306827
 Relative summed weights:
  0.1000E+01  0.0000E+00
 Relative number of events:
  0.1000E+01  0.0000E+00
 Events:
        2000           0
<<<<<<< HEAD
 Iteration  3   Mean: 0.5816E-07 Abs mean: 0.5816E-07   Fluctuation:  0.162E-08   0.204E-05    89.9%
  3    0.5816E-07 0.5816E-07 +- 0.1621E-08      1.76
=======
 Iteration  3   Mean: 0.5653E-07 Abs mean: 0.5653E-07   Fluctuation:  0.251E-07   0.983E-04    99.4%
  3    0.5653E-07 0.5653E-07 +- 0.2512E-07     28.10
>>>>>>> 911b5ec345c81b054214c521136984e9d6306827
 Relative summed weights:
  0.1000E+01  0.0000E+00
 Relative number of events:
  0.1000E+01  0.0000E+00
 Events:
        4000           0
<<<<<<< HEAD
 Accuracy:    0.028   0.100   0.026   1.110
 Finished due to accuracy   2.76773003064758605E-002  0.10000000000000001     

 -------------------------------------------------------------------------------
 Accumulated results:   Integral =  0.5833E-07
                        Std dev  =  0.1532E-08
                       Cross sec =  0.5833E-07
             Chi**2 per DoF.     =      1.1101
 -------------------------------------------------------------------------------
 Found          432  events.
 Wrote          250  events.
 Actual xsec   5.83326064990621151E-008
 Correct abs xsec   5.83326064990621151E-008
 Event xsec   5.83326064990617445E-008
 Events wgts > 1:            6
 % Cross section > 1:   5.12897847932066661E-010  0.87926440924651017     
-------------------------------------------------
---------------------------
 Results Last   3 iters: Integral =   0.5833E-07
                     Abs integral =   0.5833E-07
                          Std dev =   0.1532E-08
                  Chi**2 per DoF. =      0.4902
-------------------------------------------------
---------------------------
 Status  0.10000000000000001                4           5
=======
 Accuracy:    0.498   0.100   0.221   5.080
 Found          343  events.
 Wrote            2  events.
 Actual xsec   2.79252522224028977E-008
 Correct abs xsec   2.79252522224028977E-008
 Event xsec   2.79252522224028944E-008
 Events wgts > 1:            1
 % Cross section > 1:   2.93733605684090991E-017  1.05185658967278595E-007
 Iteration  4   Mean: 0.7807E-07 Abs mean: 0.7807E-07   Fluctuation:  0.127E-07   0.622E-04    99.5%
  4    0.7807E-07 0.7807E-07 +- 0.1268E-07     14.53
 Relative summed weights:
  0.1000E+01  0.0000E+00
 Relative number of events:
  0.1000E+01  0.0000E+00
 Events:
        8000           0
 Accuracy:    0.254   0.100   0.131   3.772
 Found          425  events.
 Wrote           10  events.
 Actual xsec   6.10955587521128649E-008
 Correct abs xsec   6.10955587521128649E-008
 Event xsec   6.10955587521128649E-008
 Events wgts > 1:            1
 % Cross section > 1:   1.09028317421507577E-016  1.78455389636218120E-007
 Iteration  5   Mean: 0.1638E-06 Abs mean: 0.1638E-06   Fluctuation:  0.317E-07   0.420E-03    99.7%
  5    0.1638E-06 0.1638E-06 +- 0.3173E-07     24.50
 Relative summed weights:
  0.1000E+01  0.0000E+00
 Relative number of events:
  0.1000E+01  0.0000E+00
 Events:
       16000           0
 Accuracy:    0.284   0.100   0.108   6.869
 Found         1237  events.
 Wrote            7  events.
 Actual xsec   1.09340721905161331E-007
 Correct abs xsec   1.09340721905161331E-007
 Event xsec   1.09340721905161318E-007
 Events wgts > 1:            0
 % Cross section > 1:    0.0000000000000000        0.0000000000000000     

 -------------------------------------------------------------------------------
 Accumulated results:   Integral =  0.9287E-07
                        Std dev  =  0.1007E-07
                       Cross sec =  0.9287E-07
             Chi**2 per DoF.     =      6.8691
 -------------------------------------------------------------------------------
-------------------------------------------------
---------------------------
 Results Last   3 iters: Integral =   0.1093E-06
                     Abs integral =   0.1093E-06
                          Std dev =   0.1310E-07
                  Chi**2 per DoF. =      6.7257
-------------------------------------------------
---------------------------
 Status  0.10000000000000001                6           5
>>>>>>> 911b5ec345c81b054214c521136984e9d6306827

ls status:
events.lhe
input_app.txt
<<<<<<< HEAD
multijob.dat
results.dat
run_01_log.txt
run_01_results.dat
run_02_log.txt
run_02_results.dat
run_03_log.txt
run_03_results.dat
=======
results.dat
>>>>>>> 911b5ec345c81b054214c521136984e9d6306827
run1_app.log
