 Process in group number            0
 No PDF is used, alpha_s(MZ) from param_card is used
 Value of alpha_s from param_card:   0.11800000071525575     
 The default order of alpha_s running is fixed to            2
 Warning: pt or E min of a gamma should in general be >0
 Warning: pt or E min of a gamma should in general be >0
 Warning: pt or E min of a gamma should in general be >0
 *****************************************************
 *               MadGraph/MadEvent                   *
 *        --------------------------------           *
 *          http://madgraph.hep.uiuc.edu             *
 *          http://madgraph.phys.ucl.ac.be           *
 *          http://madgraph.roma2.infn.it            *
 *        --------------------------------           *
 *                                                   *
 *          PARAMETER AND COUPLING VALUES            *
 *                                                   *
 *****************************************************

  External Params
  ---------------------------------
  
 aEWM1 =    132.50700378417969     
 mdl_Gf =   1.16639000000000003E-005
 aS =   0.11800000071525575     
 mdl_ymb =    4.6999998092651367     
 mdl_ymt =    173.00000000000000     
 mdl_yme =   5.10999991092830896E-004
 mdl_ymm =   0.10565999895334244     
 mdl_ymtau =    1.7769999504089355     
 mdl_MZ =    91.188003540039063     
 mdl_MT =    173.00000000000000     
 mdl_MB =    4.6999998092651367     
 mdl_MH =    125.00000000000000     
 mdl_Me =   5.10999991092830896E-004
 mdl_MM =   0.10565999895334244     
 mdl_MTA =    1.7769999504089355     
 mdl_WZ =    2.4414041042327881     
 mdl_WW =    2.0476000308990479     
 mdl_WT =    1.4915000200271606     
 mdl_WH =   6.38233916833996773E-003
 mdl_WTau =   2.26999999999999982E-012
  Internal Params
  ---------------------------------
  
 mdl_conjg__CKM3x3 =    1.0000000000000000     
 mdl_CKM3x3 =    1.0000000000000000     
 mdl_conjg__CKM1x1 =    1.0000000000000000     
 mdl_complexi =  (  0.0000000000000000     ,  1.0000000000000000     )
 mdl_MZ__exp__2 =    8315.2519896181766     
 mdl_MZ__exp__4 =    69143415.650849044     
 mdl_sqrt__2 =    1.4142135623730951     
 mdl_MH__exp__2 =    15625.000000000000     
 mdl_aEW =   7.54677089845565054E-003
 mdl_MW =    80.419007276179556     
 mdl_sqrt__aEW =   8.68721526063194194E-002
 mdl_ee =   0.30795376284704501     
 mdl_MW__exp__2 =    6467.2167312862202     
 mdl_sw2 =   0.22224645274001076     
 mdl_cw =   0.88190336616887299     
 mdl_sqrt__sw2 =   0.47143022043565552     
 mdl_sw =   0.47143022043565552     
 mdl_g1 =   0.34919218438279087     
 mdl_gw =   0.65323296958447097     
 mdl_vev =    246.21845810181631     
 mdl_vev__exp__2 =    60623.529110035874     
 mdl_lam =   0.12886910601690271     
 mdl_yb =   2.69955531549349904E-002
 mdl_ye =   2.93504850670934038E-006
 mdl_ym =   6.06883028478528356E-004
 mdl_yt =   0.99366614581500645     
 mdl_ytau =   1.02066167158167895E-002
 mdl_muH =    88.388347648318444     
 mdl_I1x33 =  ( 2.69955531549349904E-002,  0.0000000000000000     )
 mdl_I2x33 =  ( 0.99366614581500645     ,  0.0000000000000000     )
 mdl_I3x33 =  ( 0.99366614581500645     ,  0.0000000000000000     )
 mdl_I4x33 =  ( 2.69955531549349904E-002,  0.0000000000000000     )
 mdl_ee__exp__2 =   9.48355200516540348E-002
 mdl_sw__exp__2 =   0.22224645274001076     
 mdl_cw__exp__2 =   0.77775354725998924     
  Internal Params evaluated point by point
  ----------------------------------------
  
 mdl_sqrt__aS =   0.34351128178744839     
 mdl_G__exp__2 =    1.4828317414825511     
  Couplings of sm-lepton_masses
  ---------------------------------
  
         GC_3 =  -0.00000E+00  -0.30795E+00

 Collider parameters:
 --------------------

 Running at e e   machine @   7.00000000000000067E-002  GeV
 PDF set = none   
 alpha_s(Mz)= 0.1180 running at 2 loops.
 alpha_s(Mz)= 0.1180 running at 2 loops.
 Renormalization scale fixed @    91.188000000000002     
 Factorization scales  fixed @    91.188000000000002        91.188000000000002     


 getting user params
Enter number of events and max and min iterations: 
 Number of events and iterations         1000           9           3
Enter desired fractional accuracy: 
 Desired fractional accuracy:  -4.19009999999999974E-005
Enter 0 for fixed, 2 for adjustable grid: 
Suppress amplitude (0 no, 1 yes)? 
 Using suppressed amplitude.
Exact helicity sum (0 yes, n = number/event)? 
 Explicitly summing over helicities
Enter Configuration Number: 
Running Configuration Number:    1
 Not subdividing B.W.
 Attempting mappinvarients           1           5
 Completed mapping           5
 about to integrate            5        1000           9           3           5           1
 Keeping grid fixed.
  5 dimensions   1000 events  5 invarients  9 iterations  1 config(s),  (0.99)
 Using h-tuple random number sequence.
 Grid read from file
 Grid defined OK
 Set CM energy to          0.07
 Mapping Graph           1  to config           1
 Warning: No cutoff for shat integral found
          Minimum set to    204.08163265306121     
 No modification is setgrid, grid read from file
 Warning: No cutoff for shat integral found
          Minimum set to    204.08163265306121     
 No modification is setgrid, grid read from file
 Masses: 0.511E-03 0.511E-03 0.000E+00 0.000E+00 0.000E+00
   1   1   2   3   4   5
 Got moffset          23
Using random seed offsets     1 :      1
  with seed                   30
 Ranmar initialization seeds        8292       21854
  Particle       3       4       5
      Et >     0.0     0.0     0.0
       E >     0.0     0.0     0.0
     Eta <    -1.0    -1.0    -1.0
   xqcut:      0.0     0.0     0.0
d R # 3  >    -0.0     0.0     0.0
d R # 4  >    -0.0    -0.0     0.0
s min # 3>     0.0     0.0     0.0
s min # 4>     0.0     0.0     0.0
xqcutij # 3>     0.0     0.0     0.0
xqcutij # 4>     0.0     0.0     0.0
 alpha_s for scale    91.188000000000002       is   0.11800000071525575     
 Added good helicity            1   2.8153654311831215       in event            1
 Added good helicity            2   10.544420464054824       in event            1
 Added good helicity            5  3.40648611108933133E-004  in event            1
 Added good helicity           13   2.6397210307219141       in event            1
 Added good helicity           14  1.52172393432102712E-004  in event            1
 Added good helicity           19  1.52172393432102712E-004  in event            1
 Added good helicity           20   2.6397210307219141       in event            1
 Added good helicity           28  3.40648611108933241E-004  in event            1
 Added good helicity           31   10.544420464054824       in event            1
 Added good helicity           32   2.8153654311831215       in event            1
 Added good helicity            3  8.64734808522645559E-002  in event            2
 Added good helicity            4  1.62990967942920243E-005  in event            2
 Added good helicity            6  1.44781737446348709E-005  in event            2
 Added good helicity           10  6.31516488507997281E-005  in event            2
 Added good helicity           11   6.2425640405146980       in event            2
 Added good helicity           12   9.5578938582197299       in event            2
 Added good helicity           21   9.5578938582197299       in event            2
 Added good helicity           22   6.2425640405146954       in event            2
 Added good helicity           23  6.31516488507996197E-005  in event            2
 Added good helicity           27  1.44781737446348709E-005  in event            2
 Added good helicity           29  1.62990967942920175E-005  in event            2
 Added good helicity           30  8.64734808522645559E-002  in event            2
 Added good helicity            7  8.53141627217637172E-004  in event            3
 Added good helicity           15   3.4519920464615126       in event            3
 Added good helicity           18   3.4519920464615126       in event            3
 Added good helicity           26  8.53141627217637172E-004  in event            3
 Iteration  1   Mean: 0.1124E+09 Abs mean: 0.1124E+09   Fluctuation:  0.781E+07   0.538E+10    99.4%
  1    0.1124E+09 0.1124E+09 +- 0.7810E+07      2.20
 Writing out events   12567.483493349086        2.1966804567894225     
 Relative summed weights:
  0.1571E+00  0.0000E+00
  0.1462E+00  0.0000E+00
  0.1641E+00  0.0000E+00
  0.1729E+00  0.0000E+00
  0.2273E+00  0.0000E+00
  0.1325E+00  0.0000E+00
 Relative number of events:
  0.1750E+00  0.0000E+00
  0.1570E+00  0.0000E+00
  0.1800E+00  0.0000E+00
  0.1650E+00  0.0000E+00
  0.1720E+00  0.0000E+00
  0.1510E+00  0.0000E+00
 Events:
         175           0
         157           0
         180           0
         165           0
         172           0
         151           0
 Iteration  2   Mean: 0.1073E+09 Abs mean: 0.1073E+09   Fluctuation:  0.463E+07   0.438E+10    99.8%
  2    0.1073E+09 0.1073E+09 +- 0.4631E+07      1.93
 Relative summed weights:
  0.1463E+00  0.0000E+00
  0.1377E+00  0.0000E+00
  0.1996E+00  0.0000E+00
  0.1673E+00  0.0000E+00
  0.1771E+00  0.0000E+00
  0.1719E+00  0.0000E+00
 Relative number of events:
  0.1655E+00  0.0000E+00
  0.1565E+00  0.0000E+00
  0.1660E+00  0.0000E+00
  0.1655E+00  0.0000E+00
  0.1680E+00  0.0000E+00
  0.1785E+00  0.0000E+00
 Events:
         331           0
         313           0
         332           0
         331           0
         336           0
         357           0
 Iteration  3   Mean: 0.1138E+09 Abs mean: 0.1138E+09   Fluctuation:  0.547E+07   0.998E+10    99.4%
  3    0.1138E+09 0.1138E+09 +- 0.5472E+07      3.04
 Relative summed weights:
  0.1615E+00  0.0000E+00
  0.1726E+00  0.0000E+00
  0.1589E+00  0.0000E+00
  0.1505E+00  0.0000E+00
  0.1632E+00  0.0000E+00
  0.1934E+00  0.0000E+00
 Relative number of events:
  0.1683E+00  0.0000E+00
  0.1772E+00  0.0000E+00
  0.1610E+00  0.0000E+00
  0.1620E+00  0.0000E+00
  0.1615E+00  0.0000E+00
  0.1700E+00  0.0000E+00
 Events:
         673           0
         709           0
         644           0
         648           0
         646           0
         680           0
 Found          358  events.
 Wrote           61  events.
 Actual xsec    110594184.41865672     
 Correct abs xsec    110594184.41865672     
 Event xsec    110594184.41865651     
 Events wgts > 1:            2
 % Cross section > 1:    473950.20947137126       0.42854894401790894     
 Checking number of events   4634.0069213261349               61  chi2:   0.45440000567350763     
 Found          358  events.
 Wrote           55  events.
 Actual xsec    110594184.41865672     
 Correct abs xsec    110594184.41865672     
 Event xsec    110594184.41865669     
 Events wgts > 1:            2
 % Cross section > 1:    525408.23616484366       0.47507763534463926     
 Iteration  4   Mean: 0.1378E+09 Abs mean: 0.1378E+09   Fluctuation:  0.172E+08   0.127E+12    99.2%
  4    0.1378E+09 0.1378E+09 +- 0.1723E+08     11.18
 Relative summed weights:
  0.1513E+00  0.0000E+00
  0.1216E+00  0.0000E+00
  0.1401E+00  0.0000E+00
  0.1584E+00  0.0000E+00
  0.2955E+00  0.0000E+00
  0.1332E+00  0.0000E+00
 Relative number of events:
  0.1709E+00  0.0000E+00
  0.1615E+00  0.0000E+00
  0.1646E+00  0.0000E+00
  0.1671E+00  0.0000E+00
  0.1693E+00  0.0000E+00
  0.1666E+00  0.0000E+00
 Events:
        1367           0
        1292           0
        1317           0
        1337           0
        1354           0
        1333           0
 Found          746  events.
 Wrote           11  events.
 Actual xsec    111910534.75033335     
 Correct abs xsec    111910534.75033335     
 Event xsec    111910534.75033332     
 Events wgts > 1:            0
 % Cross section > 1:    0.0000000000000000        0.0000000000000000     
 Checking number of events   4689.1633165737176               11  chi2:    1.6874963095459368     
 Found          746  events.
 Wrote            8  events.
 Actual xsec    111910534.75033335     
 Correct abs xsec    111910534.75033335     
 Event xsec    111910534.75033332     
 Events wgts > 1:            0
 % Cross section > 1:    0.0000000000000000        0.0000000000000000     
 Iteration  5   Mean: 0.1177E+09 Abs mean: 0.1177E+09   Fluctuation:  0.456E+07   0.496E+11    99.3%
  5    0.1177E+09 0.1177E+09 +- 0.4556E+07      4.90
 Relative summed weights:
  0.1454E+00  0.0000E+00
  0.1621E+00  0.0000E+00
  0.1964E+00  0.0000E+00
  0.1585E+00  0.0000E+00
  0.1648E+00  0.0000E+00
  0.1728E+00  0.0000E+00
 Relative number of events:
  0.1604E+00  0.0000E+00
  0.1656E+00  0.0000E+00
  0.1681E+00  0.0000E+00
  0.1636E+00  0.0000E+00
  0.1688E+00  0.0000E+00
  0.1736E+00  0.0000E+00
 Events:
        2566           0
        2649           0
        2690           0
        2617           0
        2701           0
        2777           0
 Found         1188  events.
 Wrote           38  events.
 Actual xsec    117372495.32932216     
 Correct abs xsec    117372495.32932216     
 Event xsec    117372495.32932214     
 Events wgts > 1:            1
 % Cross section > 1:   0.31181007018312812       2.65658550845541526E-007
 Checking number of events   4918.0249267939271               38  chi2:   0.91877978700070229     
 Found         1188  events.
 Wrote           30  events.
 Actual xsec    117372495.32932216     
 Correct abs xsec    117372495.32932216     
 Event xsec    117372495.32932220     
 Events wgts > 1:            1
 % Cross section > 1:   0.39495942182838917       3.36500830727179501E-007
 Iteration  6   Mean: 0.1126E+09 Abs mean: 0.1126E+09   Fluctuation:  0.249E+07   0.603E+11    99.3%
  6    0.1126E+09 0.1126E+09 +- 0.2492E+07      3.96
 Relative summed weights:
  0.1591E+00  0.0000E+00
  0.1596E+00  0.0000E+00
  0.1799E+00  0.0000E+00
  0.1747E+00  0.0000E+00
  0.1613E+00  0.0000E+00
  0.1652E+00  0.0000E+00
 Relative number of events:
  0.1687E+00  0.0000E+00
  0.1628E+00  0.0000E+00
  0.1641E+00  0.0000E+00
  0.1659E+00  0.0000E+00
  0.1715E+00  0.0000E+00
  0.1671E+00  0.0000E+00
 Events:
        5397           0
        5208           0
        5251           0
        5308           0
        5488           0
        5348           0
 Found         2801  events.
 Wrote           52  events.
 Actual xsec    114391488.37510848     
 Correct abs xsec    114391488.37510848     
 Event xsec    114391488.37510836     
 Events wgts > 1:            1
 % Cross section > 1:   0.19064448773860931       1.66659679357833792E-007
 Checking number of events   4793.1177544054199               52  chi2:    1.4592211675509017     
 Found         2801  events.
 Wrote           59  events.
 Actual xsec    114391488.37510848     
 Correct abs xsec    114391488.37510848     
 Event xsec    114391488.37510841     
 Events wgts > 1:            1
 % Cross section > 1:   0.16802565054967999       1.46886497357824740E-007
 Iteration  7   Mean: 0.1217E+09 Abs mean: 0.1217E+09   Fluctuation:  0.332E+07   0.137E+12    99.2%
  7    0.1217E+09 0.1217E+09 +- 0.3321E+07      6.90
 Relative summed weights:
  0.1613E+00  0.0000E+00
  0.1843E+00  0.0000E+00
  0.1594E+00  0.0000E+00
  0.1582E+00  0.0000E+00
  0.1626E+00  0.0000E+00
  0.1743E+00  0.0000E+00
 Relative number of events:
  0.1683E+00  0.0000E+00
  0.1648E+00  0.0000E+00
  0.1669E+00  0.0000E+00
  0.1623E+00  0.0000E+00
  0.1690E+00  0.0000E+00
  0.1686E+00  0.0000E+00
 Events:
       10772           0
       10550           0
       10684           0
       10384           0
       10819           0
       10791           0
 Found         5878  events.
 Wrote           74  events.
 Actual xsec    116445464.17979364     
 Correct abs xsec    116445464.17979364     
 Event xsec    116445464.17979361     
 Events wgts > 1:            1
 % Cross section > 1:    641859.12298578070       0.55121006859892818     
 Checking number of events   4879.1813945975327               74  chi2:    2.5028854163919849     
 Found         5878  events.
 Wrote           81  events.
 Actual xsec    116445464.17979364     
 Correct abs xsec    116445464.17979364     
 Event xsec    116445464.17979331     
 Events wgts > 1:            1
 % Cross section > 1:    586669.27854168718       0.50381462487526529     
 Iteration  8   Mean: 0.1293E+09 Abs mean: 0.1293E+09   Fluctuation:  0.671E+07   0.720E+12    99.3%
  8    0.1293E+09 0.1293E+09 +- 0.6712E+07     18.57
 Relative summed weights:
  0.1513E+00  0.0000E+00
  0.1649E+00  0.0000E+00
  0.1703E+00  0.0000E+00
  0.1438E+00  0.0000E+00
  0.1999E+00  0.0000E+00
  0.1698E+00  0.0000E+00
 Relative number of events:
  0.1674E+00  0.0000E+00
  0.1660E+00  0.0000E+00
  0.1654E+00  0.0000E+00
  0.1662E+00  0.0000E+00
  0.1680E+00  0.0000E+00
  0.1670E+00  0.0000E+00
 Events:
       21426           0
       21245           0
       21169           0
       21276           0
       21505           0
       21379           0
 Found        10821  events.
 Wrote           26  events.
 Actual xsec    117493607.04935244     
 Correct abs xsec    117493607.04935244     
 Event xsec    117493607.04935256     
 Events wgts > 1:            0
 % Cross section > 1:    0.0000000000000000        0.0000000000000000     
 Checking number of events   4923.0996289749164               26  chi2:    4.3133873038873336     
 Found        10821  events.
 Wrote           22  events.
 Actual xsec    117493607.04935244     
 Correct abs xsec    117493607.04935244     
 Event xsec    117493607.04935250     
 Events wgts > 1:            0
 % Cross section > 1:    0.0000000000000000        0.0000000000000000     
 Iteration  9   Mean: 0.1290E+09 Abs mean: 0.1290E+09   Fluctuation:  0.472E+07   0.981E+12    99.3%
  9    0.1290E+09 0.1290E+09 +- 0.4720E+07     18.51
 Relative summed weights:
  0.1625E+00  0.0000E+00
  0.1908E+00  0.0000E+00
  0.1642E+00  0.0000E+00
  0.1695E+00  0.0000E+00
  0.1550E+00  0.0000E+00
  0.1580E+00  0.0000E+00
 Relative number of events:
  0.1663E+00  0.0000E+00
  0.1671E+00  0.0000E+00
  0.1674E+00  0.0000E+00
  0.1661E+00  0.0000E+00
  0.1656E+00  0.0000E+00
  0.1675E+00  0.0000E+00
 Events:
       42574           0
       42788           0
       42860           0
       42510           0
       42386           0
       42882           0
 Found        20412  events.
 Wrote           34  events.
 Actual xsec    125078864.73852424     
 Correct abs xsec    125078864.73852424     
 Event xsec    125078864.73852421     
 Events wgts > 1:            0
 % Cross section > 1:    0.0000000000000000        0.0000000000000000     
 Checking number of events   5240.9295114089036               34  chi2:    1.0679926646457143     
 Found        20412  events.
 Wrote           37  events.
 Actual xsec    125078864.73852424     
 Correct abs xsec    125078864.73852424     
 Event xsec    125078864.73852421     
 Events wgts > 1:            0
 % Cross section > 1:    0.0000000000000000        0.0000000000000000     

 -------------------------------------------------------------------------------
 Accumulated results:   Integral =  0.1178E+09
                        Std dev  =  0.1471E+07
                       Cross sec =  0.1178E+09
             Chi**2 per DoF.     =      2.8620
 -------------------------------------------------------------------------------
-------------------------------------------------
---------------------------
 Results Last   3 iters: Integral =   0.1251E+09
                     Abs integral =   0.1251E+09
                          Std dev =   0.2521E+07
                  Chi**2 per DoF. =      1.0680
-------------------------------------------------
---------------------------
 Status -4.19009999999999974E-005          10           9
 Trying w/ fresh grid
 Starting w/ ncall =         4000
 Keeping grid fixed.
  5 dimensions   4000 events  5 invarients  8 iterations  1 config(s),  (0.99)
 Using h-tuple random number sequence.
 Error opening grid
 Using Uniform Grid!
 Using uniform alpha   1.0000000000000000     
 Grid defined OK
 Warning: No cutoff for shat integral found
          Minimum set to    204.08163265306121     
Setting grid   1    0.20408E+03   1
 Warning: No cutoff for shat integral found
          Minimum set to    204.08163265306121     
Setting grid   2    0.20408E+03   1
Warning xbin not returning correct x   2  0.999994E+00  0.998412E+00  0.2837E+03
Warning xbin not returning correct x   2  0.999992E+00  0.997727E+00  0.2837E+03
Warning xbin not returning correct x   2  0.999971E+00  0.991680E+00  0.2837E+03
Warning xbin not returning correct x   2  0.999993E+00  0.997969E+00  0.2837E+03
Warning xbin not returning correct x   2  0.999982E+00  0.994921E+00  0.2837E+03
Warning xbin still not working well. Last message this iteration.
 Iteration  1   Mean: 0.4143E+08 Abs mean: 0.4143E+08   Fluctuation:  0.121E+08   0.366E+11    99.0%
  1    0.4143E+08 0.4143E+08 +- 0.1213E+08     18.51
 Relative summed weights:
  0.2803E+00  0.0000E+00
  0.3231E-01  0.0000E+00
  0.6298E-01  0.0000E+00
  0.9027E-01  0.0000E+00
  0.3619E+00  0.0000E+00
  0.1722E+00  0.0000E+00
 Relative number of events:
  0.1645E+00  0.0000E+00
  0.1638E+00  0.0000E+00
  0.1660E+00  0.0000E+00
  0.1598E+00  0.0000E+00
  0.1757E+00  0.0000E+00
  0.1703E+00  0.0000E+00
 Events:
         658           0
         655           0
         664           0
         639           0
         703           0
         681           0
Warning xbin not returning correct x   1  0.992629E+00  0.999890E+00  0.1512E-01
Warning xbin not returning correct x   1  0.993795E+00  0.999908E+00  0.1512E-01
Warning xbin not returning correct x   1  0.988370E+00  0.999827E+00  0.1512E-01
Warning xbin not returning correct x   1  0.989701E+00  0.999847E+00  0.1512E-01
Warning xbin not returning correct x   1  0.986234E+00  0.999795E+00  0.1512E-01
Warning xbin still not working well. Last message this iteration.
 Iteration  2   Mean: 0.2711E+07 Abs mean: 0.2711E+07   Fluctuation:  0.244E+06   0.169E+10    96.2%
  2    0.2711E+07 0.2711E+07 +- 0.2438E+06      8.04
 Relative summed weights:
  0.2034E+00  0.0000E+00
  0.1515E+00  0.0000E+00
  0.1413E+00  0.0000E+00
  0.1290E+00  0.0000E+00
  0.2251E+00  0.0000E+00
  0.1497E+00  0.0000E+00
 Relative number of events:
  0.1718E+00  0.0000E+00
  0.1624E+00  0.0000E+00
  0.1708E+00  0.0000E+00
  0.1646E+00  0.0000E+00
  0.1614E+00  0.0000E+00
  0.1691E+00  0.0000E+00
 Events:
        1374           0
        1299           0
        1366           0
        1317           0
        1291           0
        1353           0
 Iteration  3   Mean: 0.4704E+08 Abs mean: 0.4704E+08   Fluctuation:  0.140E+08   0.203E+12    99.9%
  3    0.4704E+08 0.4704E+08 +- 0.1401E+08     37.68
 Relative summed weights:
  0.1320E+00  0.0000E+00
  0.1254E+00  0.0000E+00
  0.4641E-01  0.0000E+00
  0.3972E+00  0.0000E+00
  0.1569E+00  0.0000E+00
  0.1420E+00  0.0000E+00
 Relative number of events:
  0.1663E+00  0.0000E+00
  0.1685E+00  0.0000E+00
  0.1647E+00  0.0000E+00
  0.1698E+00  0.0000E+00
  0.1662E+00  0.0000E+00
  0.1645E+00  0.0000E+00
 Events:
        2661           0
        2696           0
        2635           0
        2717           0
        2659           0
        2632           0
 Found         1941  events.
 Wrote            3  events.
 Actual xsec    9200799.7502252068     
 Correct abs xsec    9200799.7502252068     
 Event xsec    9200799.7502252068     
 Events wgts > 1:            0
 % Cross section > 1:    0.0000000000000000        0.0000000000000000     
 Checking number of events   385.52271033418634                3  chi2:    361.38661070562233     
 Found         1941  events.
 Wrote            3  events.
 Actual xsec    9200799.7502252068     
 Correct abs xsec    9200799.7502252068     
 Event xsec    9200799.7502252068     
 Events wgts > 1:            0
 % Cross section > 1:    0.0000000000000000        0.0000000000000000     
 Iteration  4   Mean: 0.7352E+08 Abs mean: 0.7352E+08   Fluctuation:  0.132E+08   0.273E+12    99.9%
  4    0.7352E+08 0.7352E+08 +- 0.1321E+08     32.14
 Relative summed weights:
  0.1174E+00  0.0000E+00
  0.1600E+00  0.0000E+00
  0.1463E+00  0.0000E+00
  0.1609E+00  0.0000E+00
  0.2270E+00  0.0000E+00
  0.1885E+00  0.0000E+00
 Relative number of events:
  0.1688E+00  0.0000E+00
  0.1643E+00  0.0000E+00
  0.1654E+00  0.0000E+00
  0.1674E+00  0.0000E+00
  0.1685E+00  0.0000E+00
  0.1656E+00  0.0000E+00
 Events:
        5401           0
        5256           0
        5292           0
        5358           0
        5393           0
        5300           0
 Found         1214  events.
 Wrote           11  events.
 Actual xsec    18940058.202348210     
 Correct abs xsec    18940058.202348210     
 Event xsec    18940058.202348214     
 Events wgts > 1:            1
 % Cross section > 1:   3.06906229816377163E-002  1.62040806072246669E-007
 Checking number of events   793.60737873659230               11  chi2:    2225.7830504975818     
 Found         1214  events.
 Wrote            9  events.
 Actual xsec    18940058.202348210     
 Correct abs xsec    18940058.202348210     
 Event xsec    18940058.202348210     
 Events wgts > 1:            1
 % Cross section > 1:   3.75107615254819393E-002  1.98049874634658252E-007
 Iteration  5   Mean: 0.7751E+08 Abs mean: 0.7751E+08   Fluctuation:  0.519E+07   0.187E+12    99.7%
  5    0.7751E+08 0.7751E+08 +- 0.5193E+07     16.95
 Relative summed weights:
  0.1857E+00  0.0000E+00
  0.1906E+00  0.0000E+00
  0.1375E+00  0.0000E+00
  0.1578E+00  0.0000E+00
  0.1248E+00  0.0000E+00
  0.2035E+00  0.0000E+00
 Relative number of events:
  0.1679E+00  0.0000E+00
  0.1673E+00  0.0000E+00
  0.1646E+00  0.0000E+00
  0.1666E+00  0.0000E+00
  0.1660E+00  0.0000E+00
  0.1677E+00  0.0000E+00
 Events:
       10748           0
       10705           0
       10536           0
       10660           0
       10621           0
       10730           0
 Found         3674  events.
 Wrote           26  events.
 Actual xsec    75751095.851763368     
 Correct abs xsec    75751095.851763368     
 Event xsec    75751095.851763323     
 Events wgts > 1:            0
 % Cross section > 1:    0.0000000000000000        0.0000000000000000     
 Checking number of events   3174.0466672847365               26  chi2:    2.1698435900575301     
 Found         3674  events.
 Wrote           32  events.
 Actual xsec    75751095.851763368     
 Correct abs xsec    75751095.851763368     
 Event xsec    75751095.851763308     
 Events wgts > 1:            0
 % Cross section > 1:    0.0000000000000000        0.0000000000000000     
 Fixing grid
 Iteration  6   Mean: 0.1019E+09 Abs mean: 0.1019E+09   Fluctuation:  0.859E+07   0.974E+12    99.2%
  6    0.1019E+09 0.1019E+09 +- 0.8586E+07     30.14
 Relative summed weights:
  0.1434E+00  0.0000E+00
  0.1618E+00  0.0000E+00
  0.1531E+00  0.0000E+00
  0.1595E+00  0.0000E+00
  0.1705E+00  0.0000E+00
  0.2116E+00  0.0000E+00
 Relative number of events:
  0.1658E+00  0.0000E+00
  0.1660E+00  0.0000E+00
  0.1661E+00  0.0000E+00
  0.1679E+00  0.0000E+00
  0.1666E+00  0.0000E+00
  0.1676E+00  0.0000E+00
 Events:
       21222           0
       21244           0
       21261           0
       21490           0
       21330           0
       21453           0
 Found         9373  events.
 Wrote           17  events.
 Actual xsec    85918843.118923560     
 Correct abs xsec    85918843.118923560     
 Event xsec    85918843.118923619     
 Events wgts > 1:            0
 % Cross section > 1:    0.0000000000000000        0.0000000000000000     
 Checking number of events   3600.0854455260160               17  chi2:    3.4898164077788012     
 Found         9373  events.
 Wrote           11  events.
 Actual xsec    85918843.118923560     
 Correct abs xsec    85918843.118923560     
 Event xsec    85918843.118923590     
 Events wgts > 1:            0
 % Cross section > 1:    0.0000000000000000        0.0000000000000000     
 Iteration  7   Mean: 0.1220E+09 Abs mean: 0.1220E+09   Fluctuation:  0.295E+08   0.741E+13    99.2%
  7    0.1220E+09 0.1220E+09 +- 0.2952E+08    122.42
 Relative summed weights:
  0.3582E+00  0.0000E+00
  0.1557E+00  0.0000E+00
  0.1196E+00  0.0000E+00
  0.1196E+00  0.0000E+00
  0.1137E+00  0.0000E+00
  0.1332E+00  0.0000E+00
 Relative number of events:
  0.1669E+00  0.0000E+00
  0.1656E+00  0.0000E+00
  0.1662E+00  0.0000E+00
  0.1678E+00  0.0000E+00
  0.1661E+00  0.0000E+00
  0.1675E+00  0.0000E+00
 Events:
       42725           0
       42394           0
       42545           0
       42946           0
       42516           0
       42874           0
 Found        15003  events.
 Wrote            4  events.
 Actual xsec    88545347.932528481     
 Correct abs xsec    88545347.932528481     
 Event xsec    88545347.932528481     
 Events wgts > 1:            0
 % Cross section > 1:    0.0000000000000000        0.0000000000000000     
 Checking number of events   3710.1386237208758                4  chi2:    4.1149171843232111     
 Found        15003  events.
 Wrote            5  events.
 Actual xsec    88545347.932528481     
 Correct abs xsec    88545347.932528481     
 Event xsec    88545347.932528481     
 Events wgts > 1:            0
 % Cross section > 1:    0.0000000000000000        0.0000000000000000     
 Iteration  8   Mean: 0.1073E+09 Abs mean: 0.1073E+09   Fluctuation:  0.606E+07   0.146E+13    99.2%
  8    0.1073E+09 0.1073E+09 +- 0.6056E+07     40.40
 Relative summed weights:
  0.1955E+00  0.0000E+00
  0.1553E+00  0.0000E+00
  0.1498E+00  0.0000E+00
  0.1613E+00  0.0000E+00
  0.1415E+00  0.0000E+00
  0.1966E+00  0.0000E+00
 Relative number of events:
  0.1671E+00  0.0000E+00
  0.1664E+00  0.0000E+00
  0.1668E+00  0.0000E+00
  0.1666E+00  0.0000E+00
  0.1665E+00  0.0000E+00
  0.1667E+00  0.0000E+00
 Events:
       85533           0
       85176           0
       85392           0
       85299           0
       85261           0
       85339           0
 Found        25636  events.
 Wrote           40  events.
 Actual xsec    122587524.98026550     
 Correct abs xsec    122587524.98026550     
 Event xsec    122587524.98026551     
 Events wgts > 1:            3
 % Cross section > 1:    544209.69085750030       0.44393562146320248     
 Checking number of events   4450.4312758990181               40  chi2:   0.28276236084416623     
 Found        25636  events.
 Wrote           39  events.
 Actual xsec    122587524.98026550     
 Correct abs xsec    122587524.98026550     
 Event xsec    122587524.98026566     
 Events wgts > 1:            3
 % Cross section > 1:    558100.25713987509       0.45526676326136689     

 -------------------------------------------------------------------------------
 Accumulated results:   Integral =  0.8141E+08
                        Std dev  =  0.2757E+07
                       Cross sec =  0.8141E+08
             Chi**2 per DoF.     =     23.7243
 -------------------------------------------------------------------------------
-------------------------------------------------
---------------------------
 Results Last   3 iters: Integral =   0.1062E+09
                     Abs integral =   0.1062E+09
                         Std dev =   0.4890E+07
                 Chi**2 per DoF. =      0.2828
-------------------------------------------------
---------------------------

ls status:
events.lhe
ftn25
ftn26
input_sg.txt
log.txt
moffset.dat
results.dat
run1_app.log
