 Process in group number            0
 No PDF is used, alpha_s(MZ) from param_card is used
 Value of alpha_s from param_card:   0.11800000071525575     
 The default order of alpha_s running is fixed to            2
 Warning: pt or E min of a gamma should in general be >0
 *****************************************************
 *               MadGraph/MadEvent                   *
 *        --------------------------------           *
 *          http://madgraph.hep.uiuc.edu             *
 *          http://madgraph.phys.ucl.ac.be           *
 *          http://madgraph.roma2.infn.it            *
 *        --------------------------------           *
 *                                                   *
 *          PARAMETER AND COUPLING VALUES            *
 *                                                   *
 *****************************************************

  External Params
  ---------------------------------
  
 aEWM1 =    132.50700378417969     
 mdl_Gf =   1.16639000000000003E-005
 aS =   0.11800000071525575     
 mdl_ymb =    4.6999998092651367     
 mdl_ymt =    173.00000000000000     
 mdl_yme =   5.10999991092830896E-004
 mdl_ymm =   0.10565999895334244     
 mdl_ymtau =    1.7769999504089355     
 mdl_MZ =    91.188003540039063     
 mdl_MT =    173.00000000000000     
 mdl_MB =    4.6999998092651367     
 mdl_MH =    125.00000000000000     
 mdl_Me =   5.10999991092830896E-004
 mdl_MM =   0.10565999895334244     
 mdl_MTA =    1.7769999504089355     
 mdl_WZ =    2.4414041042327881     
 mdl_WW =    2.0476000308990479     
 mdl_WT =    1.4915000200271606     
 mdl_WH =   6.38233916833996773E-003
 mdl_WTau =   2.26999999999999982E-012
  Internal Params
  ---------------------------------
  
 mdl_conjg__CKM3x3 =    1.0000000000000000     
 mdl_CKM3x3 =    1.0000000000000000     
 mdl_conjg__CKM1x1 =    1.0000000000000000     
 mdl_complexi =  (  0.0000000000000000     ,  1.0000000000000000     )
 mdl_MZ__exp__2 =    8315.2519896181766     
 mdl_MZ__exp__4 =    69143415.650849044     
 mdl_sqrt__2 =    1.4142135623730951     
 mdl_MH__exp__2 =    15625.000000000000     
 mdl_aEW =   7.54677089845565054E-003
 mdl_MW =    80.419007276179556     
 mdl_sqrt__aEW =   8.68721526063194194E-002
 mdl_ee =   0.30795376284704501     
 mdl_MW__exp__2 =    6467.2167312862202     
 mdl_sw2 =   0.22224645274001076     
 mdl_cw =   0.88190336616887299     
 mdl_sqrt__sw2 =   0.47143022043565552     
 mdl_sw =   0.47143022043565552     
 mdl_g1 =   0.34919218438279087     
 mdl_gw =   0.65323296958447097     
 mdl_vev =    246.21845810181631     
 mdl_vev__exp__2 =    60623.529110035874     
 mdl_lam =   0.12886910601690271     
 mdl_yb =   2.69955531549349904E-002
 mdl_ye =   2.93504850670934038E-006
 mdl_ym =   6.06883028478528356E-004
 mdl_yt =   0.99366614581500645     
 mdl_ytau =   1.02066167158167895E-002
 mdl_muH =    88.388347648318444     
 mdl_I1x33 =  ( 2.69955531549349904E-002,  0.0000000000000000     )
 mdl_I2x33 =  ( 0.99366614581500645     ,  0.0000000000000000     )
 mdl_I3x33 =  ( 0.99366614581500645     ,  0.0000000000000000     )
 mdl_I4x33 =  ( 2.69955531549349904E-002,  0.0000000000000000     )
 mdl_ee__exp__2 =   9.48355200516540348E-002
 mdl_sw__exp__2 =   0.22224645274001076     
 mdl_cw__exp__2 =   0.77775354725998924     
  Internal Params evaluated point by point
  ----------------------------------------
  
 mdl_sqrt__aS =   0.34351128178744839     
 mdl_G__exp__2 =    1.4828317414825511     
  Couplings of sm-lepton_masses
  ---------------------------------
  
         GC_3 =  -0.00000E+00  -0.30795E+00
        GC_50 =  -0.00000E+00  -0.28804E+00
        GC_59 =   0.00000E+00   0.82310E-01
        GC_89 =  -0.00000E+00  -0.20754E-05

 Collider parameters:
 --------------------

 Running at e e   machine @   7.14879999999999960E-002  GeV
 PDF set = none   
 alpha_s(Mz)= 0.1180 running at 2 loops.
 alpha_s(Mz)= 0.1180 running at 2 loops.
 Renormalization scale fixed @    91.188000000000002     
 Factorization scales  fixed @    91.188000000000002        91.188000000000002     


 getting user params
Enter number of events and max and min iterations: 
 Number of events and iterations         2000           9           3
Enter desired fractional accuracy: 
 Desired fractional accuracy:  -1.09789999999999995E-035
Enter 0 for fixed, 2 for adjustable grid: 
Suppress amplitude (0 no, 1 yes)? 
 Using suppressed amplitude.
Exact helicity sum (0 yes, n = number/event)? 
 Explicitly summing over helicities
Enter Configuration Number: 
Running Configuration Number:   16
 Not subdividing B.W.
 Attempting mappinvarients           1           5
 Completed mapping           5
 about to integrate            5        2000           9           3           5           1
 Keeping grid fixed.
  5 dimensions   2000 events  5 invarients  9 iterations  1 config(s),  (0.99)
 Using h-tuple random number sequence.
 Grid read from file
 Grid defined OK
 Set CM energy to          0.07
 Mapping Graph          16  to config          16
 No modification is setgrid, grid read from file
 No modification is setgrid, grid read from file
 Masses: 0.511E-03 0.511E-03 0.000E+00 0.511E-03 0.511E-03
  16   1   2   3   4   5
 Got moffset           3
Using random seed offsets    16 :      1
  with seed                   57
 Ranmar initialization seeds       11139       18904
  Particle       3       4       5
      Et >     0.0     0.0     0.0
       E >     0.0     0.0     0.0
     Eta <    -1.0    -1.0    -1.0
   xqcut:      0.0     0.0     0.0
d R # 3  >    -0.0     0.0     0.0
d R # 4  >    -0.0    -0.0     0.4
s min # 3>     0.0     0.0     0.0
s min # 4>     0.0     0.0     0.0
xqcutij # 3>     0.0     0.0     0.0
xqcutij # 4>     0.0     0.0     0.0
 alpha_s for scale    91.188000000000002       is   0.11800000071525575     
 Added good helicity            1   4.1476909603657877       in event            1
 Added good helicity            2  7.45945211789028270E-003  in event            1
 Added good helicity            5   3.8448495875053750       in event            1
 Added good helicity           10   3.8448495875053696       in event            1
 Added good helicity           13  7.45945211789028097E-003  in event            1
 Added good helicity           14   4.1476909603657823       in event            1
 Added good helicity           19   4.1476909603657823       in event            1
 Added good helicity           20  7.45945211789027316E-003  in event            1
 Added good helicity           23   3.8448495875053692       in event            1
 Added good helicity           28   3.8448495875053750       in event            1
 Added good helicity           31  7.45945211789029051E-003  in event            1
 Added good helicity           32   4.1476909603657877       in event            1
 Iteration  1   Mean: 0.5819E+38 Abs mean: 0.5819E+38   Fluctuation:  0.581E+38   0.116E+42    99.5%
  1    0.5819E+38 0.5819E+38 +- 0.5806E+38     44.62
 Writing out events  3.24874239439561420E+033   44.621721609770105     
 Relative summed weights:
  0.1000E+01  0.0000E+00
 Relative number of events:
  0.1000E+01  0.0000E+00
 Events:
        2000           0
 Iteration  2   Mean: 0.6094E+36 Abs mean: 0.6094E+36   Fluctuation:  0.414E+36   0.155E+40    99.5%
  2    0.6094E+36 0.6094E+36 +- 0.4135E+36     42.91
 Relative summed weights:
  0.1000E+01  0.0000E+00
 Relative number of events:
  0.1000E+01  0.0000E+00
 Events:
        4000           0
 Iteration  3   Mean: 0.1567E+39 Abs mean: 0.1567E+39   Fluctuation:  0.150E+39   0.120E+43    99.5%
  3    0.1567E+39 0.1567E+39 +- 0.1501E+39     85.70
 Relative summed weights:
  0.1000E+01  0.0000E+00
 Relative number of events:
  0.1000E+01  0.0000E+00
 Events:
        8000           0
 Found           29  events.
 Wrote            1  events.
 Actual xsec   5.40203746457258886E+037
 Correct abs xsec   5.40203746457258886E+037
 Event xsec   5.40203746457258886E+037
 Events wgts > 1:            0
 % Cross section > 1:    0.0000000000000000        0.0000000000000000     
 Checking number of events   593.08969323542453                1  chi2:    8342.0833396844173     
 Found           29  events.
 Wrote            1  events.
 Actual xsec   5.40203746457258886E+037
 Correct abs xsec   5.40203746457258886E+037
 Event xsec   5.40203746457258886E+037
 Events wgts > 1:            0
 % Cross section > 1:    0.0000000000000000        0.0000000000000000     
 Iteration  4   Mean: 0.1379E+36 Abs mean: 0.1379E+36   Fluctuation:  0.547E+35   0.639E+39    99.4%
  4    0.1379E+36 0.1379E+36 +- 0.5468E+35     50.16
 Relative summed weights:
  0.1000E+01  0.0000E+00
 Relative number of events:
  0.1000E+01  0.0000E+00
 Events:
       16000           0
 Found            7  events.
 Wrote            2  events.
 Actual xsec   1.79696400109581575E+037
 Correct abs xsec   1.79696400109581575E+037
 Event xsec   1.79696400109581575E+037
 Events wgts > 1:            0
 % Cross section > 1:    0.0000000000000000        0.0000000000000000     
 Checking number of events   197.28867768030960                2  chi2:    54059.978699411127     
 Found            7  events.
 Wrote            2  events.
 Actual xsec   1.79696400109581575E+037
 Correct abs xsec   1.79696400109581575E+037
 Event xsec   1.79696400109581575E+037
 Events wgts > 1:            0
 % Cross section > 1:    0.0000000000000000        0.0000000000000000     
 Iteration  5   Mean: 0.6132E+36 Abs mean: 0.6132E+36   Fluctuation:  0.246E+36   0.632E+40    99.5%
  5    0.6132E+36 0.6132E+36 +- 0.2463E+36     71.86
 Relative summed weights:
  0.1000E+01  0.0000E+00
 Relative number of events:
  0.1000E+01  0.0000E+00
 Events:
       32000           0
 Found          243  events.
 Wrote            2  events.
 Actual xsec   1.28509462221686543E+037
 Correct abs xsec   1.28509462221686543E+037
 Event xsec   1.28509462221686543E+037
 Events wgts > 1:            1
 % Cross section > 1:   1.11398261786470254E+029  8.66848711842724507E-007
 Checking number of events   141.09053857318966                2  chi2:    28264.618515381379     
 Found          243  events.
 Wrote            4  events.
 Actual xsec   1.28509462221686543E+037
 Correct abs xsec   1.28509462221686543E+037
 Event xsec   1.28509462221686567E+037
 Events wgts > 1:            1
 % Cross section > 1:   5.56991308932351272E+028  4.33424355921362148E-007
 Iteration  6   Mean: 0.9265E+37 Abs mean: 0.9265E+37   Fluctuation:  0.608E+37   0.327E+42    99.5%
  6    0.9265E+37 0.9265E+37 +- 0.6079E+37    166.01
 Relative summed weights:
  0.1000E+01  0.0000E+00
 Relative number of events:
  0.1000E+01  0.0000E+00
 Events:
       64000           0
 Found          257  events.
 Wrote            1  events.
 Actual xsec   1.76057892201750026E+036
 Correct abs xsec   1.76057892201750026E+036
 Event xsec   1.76057892201750026E+036
 Events wgts > 1:            0
 % Cross section > 1:    0.0000000000000000        0.0000000000000000     
 Checking number of events   19.329395984830136                1  chi2:    451.98754572468130     
 Found          257  events.
 Wrote            2  events.
 Actual xsec   1.76057892201750026E+036
 Correct abs xsec   1.76057892201750026E+036
 Event xsec   1.76057892201750026E+036
 Events wgts > 1:            0
 % Cross section > 1:    0.0000000000000000        0.0000000000000000     
 Iteration  7   Mean: 0.3221E+38 Abs mean: 0.3221E+38   Fluctuation:  0.239E+38   0.292E+43    99.5%
  7    0.3221E+38 0.3221E+38 +- 0.2386E+38    264.99
 Relative summed weights:
  0.1000E+01  0.0000E+00
 Relative number of events:
  0.1000E+01  0.0000E+00
 Events:
      128000           0
 Found          131  events.
 Wrote            2  events.
 Actual xsec   8.12622400229509901E+036
 Correct abs xsec   8.12622400229509901E+036
 Event xsec   8.12622400229510019E+036
 Events wgts > 1:            1
 % Cross section > 1:   6.87615625682549882E+028  8.46168682389687615E-007
 Checking number of events   89.217813321197895                2  chi2:    465.67295848643147     
 Found          131  events.
 Wrote            1  events.
 Actual xsec   8.12622400229509901E+036
 Correct abs xsec   8.12622400229509901E+036
 Event xsec   8.12622400229509901E+036
 Events wgts > 1:            1
 % Cross section > 1:   1.37523123955918356E+029  1.69233735025120588E-006
 Iteration  8   Mean: 0.1884E+39 Abs mean: 0.1884E+39   Fluctuation:  0.131E+39   0.276E+44    99.5%
  8    0.1884E+39 0.1884E+39 +- 0.1314E+39    353.00
 Relative summed weights:
  0.1000E+01  0.0000E+00
 Relative number of events:
  0.1000E+01  0.0000E+00
 Events:
      256000           0
 Found          151  events.
 Wrote            2  events.
 Actual xsec   7.53774363219700784E+037
 Correct abs xsec   7.53774363219700784E+037
 Event xsec   7.53774363219700784E+037
 Events wgts > 1:            0
 % Cross section > 1:    0.0000000000000000        0.0000000000000000     
 Checking number of events   827.56887337890942                2  chi2:    61.136296276786496     
 Found          151  events.
 Wrote            2  events.
 Actual xsec   7.53774363219700784E+037
 Correct abs xsec   7.53774363219700784E+037
 Event xsec   7.53774363219700784E+037
 Events wgts > 1:            0
 % Cross section > 1:    0.0000000000000000        0.0000000000000000     
 Iteration  9   Mean: 0.1015E+40 Abs mean: 0.1015E+40   Fluctuation:  0.682E+39   0.320E+45    99.5%
  9    0.1015E+40 0.1015E+40 +- 0.6825E+39    480.96
 Relative summed weights:
  0.1000E+01  0.0000E+00
 Relative number of events:
  0.1000E+01  0.0000E+00
 Events:
      512000           0
 Found          136  events.
 Wrote            1  events.
 Actual xsec   4.42159600311369867E+038
 Correct abs xsec   4.42159600311369867E+038
 Event xsec   4.42159600311369867E+038
 Events wgts > 1:            1
 % Cross section > 1:   1.05274425625416290E+032  2.38091461886797853E-005
 Checking number of events   4854.4702518185295                1  chi2:    149.81495419343867     
 Found          136  events.
 Wrote            1  events.
 Actual xsec   4.42159600311369867E+038
 Correct abs xsec   4.42159600311369867E+038
 Event xsec   4.42159600311369867E+038
 Events wgts > 1:            1
 % Cross section > 1:   1.05274425625416290E+032  2.38091461886797853E-005

 -------------------------------------------------------------------------------
 Accumulated results:   Integral =  0.1169E+39
                        Std dev  =  0.2327E+38
                       Cross sec =  0.1169E+39
             Chi**2 per DoF.     =     18.6799
 -------------------------------------------------------------------------------
-------------------------------------------------
---------------------------
 Results Last   3 iters: Integral =   0.4422E+39
                     Abs integral =   0.4422E+39
                          Std dev =   0.1792E+39
                  Chi**2 per DoF. =    149.8150
-------------------------------------------------
---------------------------
 Status -1.09789999999999995E-035          10           9
 Trying w/ fresh grid
 Starting w/ ncall =         8000
 Keeping grid fixed.
  5 dimensions   8000 events  5 invarients  8 iterations  1 config(s),  (0.99)
 Using h-tuple random number sequence.
 Error opening grid
 Using Uniform Grid!
 Using uniform alpha   1.0000000000000000     
 Grid defined OK
Setting grid   1    0.51095E-04   1
Setting grid   2    0.51095E-04   1
 Iteration  1   Mean: 0.1311E+28 Abs mean: 0.1311E+28   Fluctuation:  0.131E+28   0.105E+32    98.2%
  1    0.1311E+28 0.1311E+28 +- 0.1309E+28     89.30
 Relative summed weights:
  0.1000E+01  0.0000E+00
 Relative number of events:
  0.1000E+01  0.0000E+00
 Events:
        8000           0
 Iteration  2   Mean: 0.7194E+30 Abs mean: 0.7194E+30   Fluctuation:  0.466E+30   0.540E+34    98.3%
  2    0.7194E+30 0.7194E+30 +- 0.4658E+30     81.91
 Relative summed weights:
  0.1000E+01  0.0000E+00
 Relative number of events:
  0.1000E+01  0.0000E+00
 Events:
       16000           0
 Iteration  3   Mean: 0.4546E+36 Abs mean: 0.4546E+36   Fluctuation:  0.305E+36   0.696E+40    99.5%
  3    0.4546E+36 0.4546E+36 +- 0.3049E+36    120.00
 Relative summed weights:
  0.1000E+01  0.0000E+00
 Relative number of events:
  0.1000E+01  0.0000E+00
 Events:
       32000           0
 Found          177  events.
 Wrote            2  events.
 Actual xsec   1.80054023259196582E+035
 Correct abs xsec   1.80054023259196582E+035
 Event xsec   1.80054023259196582E+035
 Events wgts > 1:            2
 % Cross section > 1:   1.77068389516281574E+033  0.98341812257859396     
 Checking number of events   1.9768131213627191                2  chi2:    9461557258124166.0     
 Found          177  events.
 Wrote            2  events.
 Actual xsec   1.80054023259196582E+035
 Correct abs xsec   1.80054023259196582E+035
 Event xsec   1.80054023259196582E+035
 Events wgts > 1:            2
 % Cross section > 1:   1.77068389516281574E+033  0.98341812257859396     
 Iteration  4   Mean: 0.5654E+41 Abs mean: 0.5654E+41   Fluctuation:  0.565E+41   0.362E+46    99.5%
  4    0.5654E+41 0.5654E+41 +- 0.5654E+41    252.98
 Relative summed weights:
  0.1000E+01  0.0000E+00
 Relative number of events:
  0.1000E+01  0.0000E+00
 Events:
       64000           0
 Found           29  events.
 Wrote            1  events.
 Actual xsec   1.00843332435030351E+040
 Correct abs xsec   1.00843332435030351E+040
 Event xsec   1.00843332435030351E+040
 Events wgts > 1:            1
 % Cross section > 1:   1.33653347675520712E+032  1.32535631705376890E-006
 Checking number of events   110715.89468041982                1  chi2:   2.34332769274096484E+020
 Found           29  events.
 Wrote            1  events.
 Actual xsec   1.00843332435030351E+040
 Correct abs xsec   1.00843332435030351E+040
 Event xsec   1.00843332435030351E+040
 Events wgts > 1:            1
 % Cross section > 1:   1.33653347675520712E+032  1.32535631705376890E-006
 Iteration  5   Mean: 0.1367E+39 Abs mean: 0.1367E+39   Fluctuation:  0.134E+39   0.171E+44    99.5%
  5    0.1367E+39 0.1367E+39 +- 0.1339E+39    350.40
 Relative summed weights:
  0.1000E+01  0.0000E+00
 Relative number of events:
  0.1000E+01  0.0000E+00
 Events:
      128000           0
 Found            7  events.
 Wrote            1  events.
 Actual xsec   1.32919536276086725E+040
 Correct abs xsec   1.32919536276086725E+040
 Event xsec   1.32919536276086725E+040
 Events wgts > 1:            1
 % Cross section > 1:   1.63720369342334277E+033  1.23172540266971171E-005
 Checking number of events   145932.35887751559                1  chi2:    949907446.29902375     
 Found            7  events.
 Wrote            1  events.
 Actual xsec   1.32919536276086725E+040
 Correct abs xsec   1.32919536276086725E+040
 Event xsec   1.32919536276086725E+040
 Events wgts > 1:            1
 % Cross section > 1:   1.63720369342334277E+033  1.23172540266971171E-005
 Fixing grid
 Iteration  6   Mean: 0.5303E+40 Abs mean: 0.5303E+40   Fluctuation:  0.476E+40   0.121E+46    99.5%
  6    0.5303E+40 0.5303E+40 +- 0.4758E+40    454.02
 Relative summed weights:
  0.1000E+01  0.0000E+00
 Relative number of events:
  0.1000E+01  0.0000E+00
 Events:
      256000           0
 Found           79  events.
 Wrote            1  events.
 Actual xsec   1.92638240724855966E+040
 Correct abs xsec   1.92638240724855966E+040
 Event xsec   1.92638240724855990E+040
 Events wgts > 1:            1
 % Cross section > 1:   5.49472916920985898E+032  2.85235639016136315E-006
 Checking number of events   211497.52449181935                1  chi2:    10214.283267855508     
 Found           79  events.
 Wrote            1  events.
 Actual xsec   1.92638240724855966E+040
 Correct abs xsec   1.92638240724855966E+040
 Event xsec   1.92638240724855990E+040
 Events wgts > 1:            1
 % Cross section > 1:   5.49472916920985898E+032  2.85235639016136315E-006
 Iteration  7   Mean: 0.6207E+39 Abs mean: 0.6207E+39   Fluctuation:  0.407E+39   0.197E+45    99.5%
  7    0.6207E+39 0.6207E+39 +- 0.4071E+39    469.33
 Relative summed weights:
  0.1000E+01  0.0000E+00
 Relative number of events:
  0.1000E+01  0.0000E+00
 Events:
      512000           0
 Found           59  events.
 Wrote            2  events.
 Actual xsec   1.77278221594553872E+039
 Correct abs xsec   1.77278221594553872E+039
 Event xsec   1.77278221594553872E+039
 Events wgts > 1:            1
 % Cross section > 1:   6.90009365957438234E+031  3.89223989134735270E-006
 Checking number of events   19463.375948866069                2  chi2:    78.982029115734889     
 Found           59  events.
 Wrote            1  events.
 Actual xsec   1.77278221594553872E+039
 Correct abs xsec   1.77278221594553872E+039
 Event xsec   1.77278221594553872E+039
 Events wgts > 1:            1
 % Cross section > 1:   1.38001867751321459E+032  7.78447947582304576E-006
 Iteration  8   Mean: 0.3614E+39 Abs mean: 0.3614E+39   Fluctuation:  0.230E+39   0.229E+45    99.5%
  8    0.3614E+39 0.3614E+39 +- 0.2301E+39    644.42
 Relative summed weights:
  0.1000E+01  0.0000E+00
 Relative number of events:
  0.1000E+01  0.0000E+00
 Events:
     1024000           0
 Found          175  events.
 Wrote            1  events.
 Actual xsec   6.54124911429666640E+038
 Correct abs xsec   6.54124911429666640E+038
 Event xsec   6.54124911429666715E+038
 Events wgts > 1:            0
 % Cross section > 1:    0.0000000000000000        0.0000000000000000     
 Checking number of events   16233.558473227158                1  chi2:    14.325403100804238     
 Found          175  events.
 Wrote            1  events.
 Actual xsec   6.54124911429666640E+038
 Correct abs xsec   6.54124911429666640E+038
 Event xsec   6.54124911429666715E+038
 Events wgts > 1:            0
 % Cross section > 1:    0.0000000000000000        0.0000000000000000     

 -------------------------------------------------------------------------------
 Accumulated results:   Integral =   +Infinity
                        Std dev  =   +Infinity
                       Cross sec =   +Infinity
             Chi**2 per DoF.     =     18.1423
 -------------------------------------------------------------------------------
-------------------------------------------------
---------------------------
 Results Last   3 iters: Integral =   0.1479E+40
                     Abs integral =   0.1479E+40
                         Std dev =   0.6020E+39
                 Chi**2 per DoF. =     14.3254
-------------------------------------------------
---------------------------

ls status:
events.lhe
ftn25
ftn26
input_sg.txt
log.txt
moffset.dat
results.dat
run_01_ftn26.gz
run_01_log.txt
run_01_results.dat
run_02_ftn26.gz
run_02_log.txt
run_02_results.dat
run_03_ftn26.gz
run_03_log.txt
run_03_results.dat
run1_app.log
