 Process in group number            1
 No PDF is used, alpha_s(MZ) from param_card is used
 Value of alpha_s from param_card:   0.11800000071525575     
 The default order of alpha_s running is fixed to            2
 Warning: pt or E min of a gamma should in general be >0
 Warning: pt or E min of a gamma should in general be >0
 *****************************************************
 *               MadGraph/MadEvent                   *
 *        --------------------------------           *
 *          http://madgraph.hep.uiuc.edu             *
 *          http://madgraph.phys.ucl.ac.be           *
 *          http://madgraph.roma2.infn.it            *
 *        --------------------------------           *
 *                                                   *
 *          PARAMETER AND COUPLING VALUES            *
 *                                                   *
 *****************************************************

  External Params
  ---------------------------------
  
 mdl_MB =    4.6999998092651367     
 mdl_MT =    173.00000000000000     
 mdl_Me =   5.10999991092830896E-004
 mdl_MM =   0.10565999895334244     
 mdl_MTA =    1.7769999504089355     
 mdl_MZ =    91.188003540039063     
 mdl_MH =    125.00000000000000     
 aEWM1 =    132.50700378417969     
 mdl_Gf =   1.16639000000000003E-005
 aS =   0.11800000071525575     
 mdl_ymb =    4.6999998092651367     
 mdl_ymt =    173.00000000000000     
 mdl_yme =   5.10999991092830896E-004
 mdl_ymm =   0.10565999895334244     
 mdl_ymtau =    1.7769999504089355     
 mdl_WT =    1.4915000200271606     
 mdl_WTau =   2.26999999999999982E-012
 mdl_WZ =    2.4414041042327881     
 mdl_WW =    2.0476000308990479     
 mdl_WH =   6.38233916833996773E-003
  Internal Params
  ---------------------------------
  
 mdl_conjg__CKM3x3 =    1.0000000000000000     
 mdl_CKM3x3 =    1.0000000000000000     
 mdl_conjg__CKM1x1 =    1.0000000000000000     
 mdl_complexi =  (  0.0000000000000000     ,  1.0000000000000000     )
 mdl_MZ__exp__2 =    8315.2519896181766     
 mdl_MZ__exp__4 =    69143415.650849044     
 mdl_sqrt__2 =    1.4142135623730951     
 mdl_MH__exp__2 =    15625.000000000000     
 mdl_aEW =   7.54677089845565054E-003
 mdl_MW =    80.419007276179556     
 mdl_sqrt__aEW =   8.68721526063194194E-002
 mdl_ee =   0.30795376284704501     
 mdl_MW__exp__2 =    6467.2167312862202     
 mdl_sw2 =   0.22224645274001076     
 mdl_cw =   0.88190336616887299     
 mdl_sqrt__sw2 =   0.47143022043565552     
 mdl_sw =   0.47143022043565552     
 mdl_g1 =   0.34919218438279087     
 mdl_gw =   0.65323296958447097     
 mdl_vev =    246.21845810181631     
 mdl_vev__exp__2 =    60623.529110035874     
 mdl_lam =   0.12886910601690271     
 mdl_yb =   2.69955531549349904E-002
 mdl_ye =   2.93504850670934038E-006
 mdl_ym =   6.06883028478528356E-004
 mdl_yt =   0.99366614581500645     
 mdl_ytau =   1.02066167158167895E-002
 mdl_muH =    88.388347648318444     
 mdl_I1x33 =  ( 2.69955531549349904E-002,  0.0000000000000000     )
 mdl_I2x33 =  ( 0.99366614581500645     ,  0.0000000000000000     )
 mdl_I3x33 =  ( 0.99366614581500645     ,  0.0000000000000000     )
 mdl_I4x33 =  ( 2.69955531549349904E-002,  0.0000000000000000     )
 mdl_ee__exp__2 =   9.48355200516540348E-002
 mdl_sw__exp__2 =   0.22224645274001076     
 mdl_cw__exp__2 =   0.77775354725998924     
  Internal Params evaluated point by point
  ----------------------------------------
  
 mdl_sqrt__aS =   0.34351128178744839     
 mdl_G__exp__2 =    1.4828317414825511     
  Couplings of sm-lepton_masses
  ---------------------------------
  
         GC_3 =  -0.00000E+00  -0.30795E+00

 Collider parameters:
 --------------------

 Running at e e   machine @   7.00000000000000067E-002  GeV
 PDF set = none   
 alpha_s(Mz)= 0.1180 running at 2 loops.
 alpha_s(Mz)= 0.1180 running at 2 loops.
 Renormalization scale fixed @    91.188000000000002     
 Factorization scales  fixed @    91.188000000000002        91.188000000000002     


 getting user params
Enter number of events and max and min iterations: 
 Number of events and iterations         2000           9           3
Enter desired fractional accuracy: 
 Desired fractional accuracy:  -1.69639999999999989E-005
Enter 0 for fixed, 2 for adjustable grid: 
Suppress amplitude (0 no, 1 yes)? 
 Using suppressed amplitude.
Exact helicity sum (0 yes, n = number/event)? 
 Explicitly summing over helicities
Enter Configuration Number: 
Running Configuration Number:    1
 Not subdividing B.W.
 Attempting mappinvarients           1           4
 Completed mapping           4
 about to integrate            2        2000           9           3           2           1
 Using non-zero grid deformation.
  2 dimensions   2000 events  2 invarients  9 iterations  1 config(s),  (0.99)
 Using h-tuple random number sequence.
 Error opening grid
 Using Uniform Grid!
 Using uniform alpha   1.0000000000000000     
 Grid defined OK
 Set CM energy to          0.07
 Mapping Graph           1  to config           1
 Warning: No cutoff for shat integral found
          Minimum set to    204.08163265306121     
Setting grid   1    0.20408E+03   1
 Masses: 0.511E-03 0.511E-03 0.000E+00 0.000E+00
   1   1   2
 Got moffset          17
Using random seed offsets     1 :      1
  with seed                  267
 Ranmar initialization seeds       26466        3158
  Particle       3       4
      Et >     0.0     0.0
       E >     0.0     0.0
     Eta <    -1.0    -1.0
   xqcut:      0.0     0.0
d R # 3  >    -0.0     0.0
s min # 3>     0.0     0.0
xqcutij # 3>     0.0     0.0
 alpha_s for scale    91.188000000000002       is   0.11800000071525575     
 Added good helicity            1  3.41582212645289438E-003  in event            1
 Added good helicity            2  7.78208685060280598E-004  in event            1
 Added good helicity            3  7.78208685060280706E-004  in event            1
 Added good helicity            6   5.6258975134233022       in event            1
 Added good helicity            7   2.3691302470704216       in event            1
 Added good helicity           10   2.3691302470704216       in event            1
 Added good helicity           11   5.6258975134233022       in event            1
 Added good helicity           14  7.78208685060280706E-004  in event            1
 Added good helicity           15  7.78208685060280598E-004  in event            1
 Added good helicity           16  3.41582212645289438E-003  in event            1
 Iteration  1   Mean: 0.2536E+09 Abs mean: 0.2536E+09   Fluctuation:  0.591E+08   0.102E+12   100.0%
  1    0.2536E+09 0.2536E+09 +- 0.5912E+08     10.43
 Writing out events   14086.120840560530        10.428016602018534     
 Relative summed weights:
  0.3720E+00  0.0000E+00
  0.6280E+00  0.0000E+00
 Relative number of events:
  0.4860E+00  0.0000E+00
  0.5140E+00  0.0000E+00
 Events:
         972           0
        1028           0
 Iteration  2   Mean: 0.9052E+08 Abs mean: 0.9052E+08   Fluctuation:  0.401E+07   0.341E+10   100.0%
  2    0.9052E+08 0.9052E+08 +- 0.4008E+07      2.80
 Relative summed weights:
  0.4791E+00  0.0000E+00
  0.5209E+00  0.0000E+00
 Relative number of events:
  0.4918E+00  0.0000E+00
  0.5082E+00  0.0000E+00
 Events:
        1967           0
        2033           0
 Iteration  3   Mean: 0.2707E+09 Abs mean: 0.2707E+09   Fluctuation:  0.920E+08   0.726E+12   100.0%
  3    0.2707E+09 0.2707E+09 +- 0.9198E+08     30.39
 Relative summed weights:
  0.6552E+00  0.0000E+00
  0.3448E+00  0.0000E+00
 Relative number of events:
  0.4958E+00  0.0000E+00
  0.5042E+00  0.0000E+00
 Events:
        3966           0
        4034           0
 Found          835  events.
 Wrote            2  events.
 Actual xsec    99008064.172435120     
 Correct abs xsec    99008064.172435120     
 Event xsec    99008064.172435120     
 Events wgts > 1:            0
 % Cross section > 1:    0.0000000000000000        0.0000000000000000     
 Checking number of events   1679.5728006211893                2  chi2:    7.3992644840568840     
 Found          835  events.
 Wrote            1  events.
 Actual xsec    99008064.172435120     
 Correct abs xsec    99008064.172435120     
 Event xsec    99008064.172435120     
 Events wgts > 1:            0
 % Cross section > 1:    0.0000000000000000        0.0000000000000000     
 Iteration  4   Mean: 0.3465E+09 Abs mean: 0.3465E+09   Fluctuation:  0.406E+08   0.249E+12   100.0%
  4    0.3465E+09 0.3465E+09 +- 0.4056E+08     14.80
 Relative summed weights:
  0.5577E+00  0.0000E+00
  0.4423E+00  0.0000E+00
 Relative number of events:
  0.4973E+00  0.0000E+00
  0.5027E+00  0.0000E+00
 Events:
        7957           0
        8043           0
 Found          965  events.
 Wrote           28  events.
 Actual xsec    124739157.98697081     
 Correct abs xsec    124739157.98697081     
 Event xsec    124739157.98697087     
 Events wgts > 1:            3
 % Cross section > 1:    187983.23788454477       0.15070106365811753     
 Checking number of events   2116.0750760909727               28  chi2:    52.654361980823815     
 Found          965  events.
 Wrote           23  events.
 Actual xsec    124739157.98697081     
 Correct abs xsec    124739157.98697081     
 Event xsec    124739157.98697080     
 Events wgts > 1:            3
 % Cross section > 1:    228774.21021419391       0.18340207991310134     
 Iteration  5   Mean: 0.2822E+09 Abs mean: 0.2822E+09   Fluctuation:  0.324E+07   0.664E+10   100.0%
  5    0.2822E+09 0.2822E+09 +- 0.3242E+07      2.06
 Relative summed weights:
  0.5053E+00  0.0000E+00
  0.4947E+00  0.0000E+00
 Relative number of events:
  0.5041E+00  0.0000E+00
  0.4959E+00  0.0000E+00
 Events:
       16131           0
       15869           0
 Found         2492  events.
 Wrote         1906  events.
 Actual xsec    282780887.66807169     
 Correct abs xsec    282780887.66807169     
 Event xsec    282780887.66806161     
 Events wgts > 1:          136
 % Cross section > 1:    2789482.3750129929       0.98644657282757653     
 Checking number of events   4797.0949784011682             1906  chi2:    1.2612745249736241     
 Found         2492  events.
 Wrote         1888  events.
 Actual xsec    282780887.66807169     
 Correct abs xsec    282780887.66807169     
 Event xsec    282780887.66806275     
 Events wgts > 1:          136
 % Cross section > 1:    2815812.1981367092       0.99575760630683063     
 Iteration  6   Mean: 0.2780E+09 Abs mean: 0.2780E+09   Fluctuation:  0.113E+07   0.208E+10   100.0%
  6    0.2780E+09 0.2780E+09 +- 0.1132E+07      1.03
 Relative summed weights:
  0.5028E+00  0.0000E+00
  0.4972E+00  0.0000E+00
 Relative number of events:
  0.5037E+00  0.0000E+00
  0.4963E+00  0.0000E+00
 Events:
       32237           0
       31763           0
 Found         6262  events.
 Wrote         6257  events.
 Actual xsec    278558941.75558501     
 Correct abs xsec    278558941.75558501     
 Event xsec    278558941.75559396     
 Events wgts > 1:            0
 % Cross section > 1:    0.0000000000000000        0.0000000000000000     
 Checking number of events   4725.4738879417437             6257  chi2:    2.1411026395857502     

 -------------------------------------------------------------------------------
 Accumulated results:   Integral =  0.2772E+09
                        Std dev  =  0.1059E+07
                       Cross sec =  0.4782E+02
             Chi**2 per DoF.     =
-------------------------------------------------
---------------------------
 Results Last   3 iters: Integral =   0.2786E+09
                     Abs integral =   0.2786E+09
                          Std dev =   0.1068E+07
                  Chi**2 per DoF. =      2.1411
-------------------------------------------------
---------------------------
 Status -1.69639999999999989E-005           7           9
 We found enough events        6257   4725.4738879417437     

ls status:
events.lhe
ftn25
ftn26
input_sg.txt
moffset.dat
results.dat
run_01_ftn26.gz
run_01_log.txt
run_01_results.dat
run_12_ftn26.gz
run_12_log.txt
run_12_results.dat
run_13_ftn26.gz
run_13_log.txt
run_13_results.dat
run_14_ftn26.gz
run_14_log.txt
run_14_results.dat
run_15_ftn26.gz
run_15_log.txt
run_15_results.dat
run1_app.log
run_20_ftn26.gz
run_20_log.txt
run_20_results.dat
run_21_ftn26.gz
run_21_log.txt
run_21_results.dat
run_25_ftn26.gz
run_25_log.txt
run_25_results.dat
