 Process in group number            0
 No PDF is used, alpha_s(MZ) from param_card is used
 Value of alpha_s from param_card:   0.11800000071525575     
 The default order of alpha_s running is fixed to            2
 Warning: pt or E min of a gamma should in general be >0
 Warning: pt or E min of a gamma should in general be >0
 Warning: pt or E min of a gamma should in general be >0
 *****************************************************
 *               MadGraph/MadEvent                   *
 *        --------------------------------           *
 *          http://madgraph.hep.uiuc.edu             *
 *          http://madgraph.phys.ucl.ac.be           *
 *          http://madgraph.roma2.infn.it            *
 *        --------------------------------           *
 *                                                   *
 *          PARAMETER AND COUPLING VALUES            *
 *                                                   *
 *****************************************************

  External Params
  ---------------------------------
  
 aEWM1 =    132.50700378417969     
 mdl_Gf =   1.16639000000000003E-005
 aS =   0.11800000071525575     
 mdl_ymb =    4.6999998092651367     
 mdl_ymt =    173.00000000000000     
 mdl_yme =   5.10999991092830896E-004
 mdl_ymm =   0.10565999895334244     
 mdl_ymtau =    1.7769999504089355     
 mdl_MZ =    91.188003540039063     
 mdl_MT =    173.00000000000000     
 mdl_MB =    4.6999998092651367     
 mdl_MH =    125.00000000000000     
 mdl_Me =   5.10999991092830896E-004
 mdl_MM =   0.10565999895334244     
 mdl_MTA =    1.7769999504089355     
 mdl_WZ =    2.4414041042327881     
 mdl_WW =    2.0476000308990479     
 mdl_WT =    1.4915000200271606     
 mdl_WH =   6.38233916833996773E-003
 mdl_WTau =   2.26999999999999982E-012
  Internal Params
  ---------------------------------
  
 mdl_conjg__CKM3x3 =    1.0000000000000000     
 mdl_CKM3x3 =    1.0000000000000000     
 mdl_conjg__CKM1x1 =    1.0000000000000000     
 mdl_complexi =  (  0.0000000000000000     ,  1.0000000000000000     )
 mdl_MZ__exp__2 =    8315.2519896181766     
 mdl_MZ__exp__4 =    69143415.650849044     
 mdl_sqrt__2 =    1.4142135623730951     
 mdl_MH__exp__2 =    15625.000000000000     
 mdl_aEW =   7.54677089845565054E-003
 mdl_MW =    80.419007276179556     
 mdl_sqrt__aEW =   8.68721526063194194E-002
 mdl_ee =   0.30795376284704501     
 mdl_MW__exp__2 =    6467.2167312862202     
 mdl_sw2 =   0.22224645274001076     
 mdl_cw =   0.88190336616887299     
 mdl_sqrt__sw2 =   0.47143022043565552     
 mdl_sw =   0.47143022043565552     
 mdl_g1 =   0.34919218438279087     
 mdl_gw =   0.65323296958447097     
 mdl_vev =    246.21845810181631     
 mdl_vev__exp__2 =    60623.529110035874     
 mdl_lam =   0.12886910601690271     
 mdl_yb =   2.69955531549349904E-002
 mdl_ye =   2.93504850670934038E-006
 mdl_ym =   6.06883028478528356E-004
 mdl_yt =   0.99366614581500645     
 mdl_ytau =   1.02066167158167895E-002
 mdl_muH =    88.388347648318444     
 mdl_I1x33 =  ( 2.69955531549349904E-002,  0.0000000000000000     )
 mdl_I2x33 =  ( 0.99366614581500645     ,  0.0000000000000000     )
 mdl_I3x33 =  ( 0.99366614581500645     ,  0.0000000000000000     )
 mdl_I4x33 =  ( 2.69955531549349904E-002,  0.0000000000000000     )
 mdl_ee__exp__2 =   9.48355200516540348E-002
 mdl_sw__exp__2 =   0.22224645274001076     
 mdl_cw__exp__2 =   0.77775354725998924     
  Internal Params evaluated point by point
  ----------------------------------------
  
 mdl_sqrt__aS =   0.34351128178744839     
 mdl_G__exp__2 =    1.4828317414825511     
  Couplings of sm-lepton_masses
  ---------------------------------
  
         GC_3 =  -0.00000E+00  -0.30795E+00

 Collider parameters:
 --------------------

 Running at e e   machine @   7.00000000000000067E-002  GeV
 PDF set = none   
 alpha_s(Mz)= 0.1180 running at 2 loops.
 alpha_s(Mz)= 0.1180 running at 2 loops.
 Renormalization scale fixed @    91.188000000000002     
 Factorization scales  fixed @    91.188000000000002        91.188000000000002     


 getting user params
Enter number of events and max and min iterations: 
 Number of events and iterations         1000           9           3
Enter desired fractional accuracy: 
 Desired fractional accuracy:  -4.19009999999999974E-005
Enter 0 for fixed, 2 for adjustable grid: 
Suppress amplitude (0 no, 1 yes)? 
 Using suppressed amplitude.
Exact helicity sum (0 yes, n = number/event)? 
 Explicitly summing over helicities
Enter Configuration Number: 
Running Configuration Number:    1
 Not subdividing B.W.
 Attempting mappinvarients           1           5
 Completed mapping           5
 about to integrate            5        1000           9           3           5           1
 Keeping grid fixed.
  5 dimensions   1000 events  5 invarients  9 iterations  1 config(s),  (0.99)
 Using h-tuple random number sequence.
 Grid read from file
 Grid defined OK
 Set CM energy to          0.07
 Mapping Graph           1  to config           1
 Warning: No cutoff for shat integral found
          Minimum set to    204.08163265306121     
 No modification is setgrid, grid read from file
 Warning: No cutoff for shat integral found
          Minimum set to    204.08163265306121     
 No modification is setgrid, grid read from file
 Masses: 0.511E-03 0.511E-03 0.000E+00 0.000E+00 0.000E+00
   1   1   2   3   4   5
 Got moffset          12
Using random seed offsets     1 :      1
  with seed                   30
 Ranmar initialization seeds        8292       17208
  Particle       3       4       5
      Et >     0.0     0.0     0.0
       E >     0.0     0.0     0.0
     Eta <    -1.0    -1.0    -1.0
   xqcut:      0.0     0.0     0.0
d R # 3  >    -0.0     0.0     0.0
d R # 4  >    -0.0    -0.0     0.0
s min # 3>     0.0     0.0     0.0
s min # 4>     0.0     0.0     0.0
xqcutij # 3>     0.0     0.0     0.0
xqcutij # 4>     0.0     0.0     0.0
 alpha_s for scale    91.188000000000002       is   0.11800000071525575     
 Added good helicity            1  5.36344254151439707E-003  in event            1
 Added good helicity            2  4.82505775753423651E-003  in event            1
 Added good helicity            3  2.85562881907233332E-004  in event            1
 Added good helicity            4  2.21142445775280178E-004  in event            1
 Added good helicity            5  2.93127244663885357E-004  in event            1
 Added good helicity            6  2.94376515172881516E-004  in event            1
 Added good helicity           10  5.93244800219322880E-005  in event            1
 Added good helicity           11  0.22458933375580564       in event            1
 Added good helicity           12  0.15115006215671789       in event            1
 Added good helicity           13   7.1209583072221081       in event            1
 Added good helicity           14   8.4918895234878207       in event            1
 Added good helicity           15  7.07265411549242167E-005  in event            1
 Added good helicity           18  7.07265411549251789E-005  in event            1
 Added good helicity           19   8.4918895234878207       in event            1
 Added good helicity           20   7.1209583072221081       in event            1
 Added good helicity           21  0.15115006215671789       in event            1
 Added good helicity           22  0.22458933375580564       in event            1
 Added good helicity           23  5.93244800219317730E-005  in event            1
 Added good helicity           27  2.94376515172881516E-004  in event            1
 Added good helicity           28  2.93127244663885357E-004  in event            1
 Added good helicity           29  2.21142445775280178E-004  in event            1
 Added good helicity           30  2.85562881907233440E-004  in event            1
 Added good helicity           31  4.82505775753423651E-003  in event            1
 Added good helicity           32  5.36344254151439707E-003  in event            1
 Added good helicity            7  1.53690828511561333E-004  in event            3
 Added good helicity           26  1.53690828511561333E-004  in event            3
 Iteration  1   Mean: 0.1083E+09 Abs mean: 0.1083E+09   Fluctuation:  0.967E+07   0.860E+10    99.7%
  1    0.1083E+09 0.1083E+09 +- 0.9669E+07      2.82
 Writing out events   12072.115644157468        2.8225976296611912     
 Relative summed weights:
  0.1468E+00  0.0000E+00
  0.2542E+00  0.0000E+00
  0.1526E+00  0.0000E+00
  0.1380E+00  0.0000E+00
  0.1503E+00  0.0000E+00
  0.1581E+00  0.0000E+00
 Relative number of events:
  0.1730E+00  0.0000E+00
  0.1690E+00  0.0000E+00
  0.1640E+00  0.0000E+00
  0.1670E+00  0.0000E+00
  0.1680E+00  0.0000E+00
  0.1590E+00  0.0000E+00
 Events:
         173           0
         169           0
         164           0
         167           0
         168           0
         159           0
 Iteration  2   Mean: 0.1197E+09 Abs mean: 0.1197E+09   Fluctuation:  0.121E+08   0.197E+11    99.2%
  2    0.1197E+09 0.1197E+09 +- 0.1210E+08      4.52
 Relative summed weights:
  0.1712E+00  0.0000E+00
  0.1197E+00  0.0000E+00
  0.2152E+00  0.0000E+00
  0.2107E+00  0.0000E+00
  0.1476E+00  0.0000E+00
  0.1356E+00  0.0000E+00
 Relative number of events:
  0.1630E+00  0.0000E+00
  0.1700E+00  0.0000E+00
  0.1620E+00  0.0000E+00
  0.1760E+00  0.0000E+00
  0.1675E+00  0.0000E+00
  0.1615E+00  0.0000E+00
 Events:
         326           0
         340           0
         324           0
         352           0
         335           0
         323           0
 Iteration  3   Mean: 0.1070E+09 Abs mean: 0.1070E+09   Fluctuation:  0.410E+07   0.778E+10    99.5%
  3    0.1070E+09 0.1070E+09 +- 0.4100E+07      2.42
 Relative summed weights:
  0.1573E+00  0.0000E+00
  0.1644E+00  0.0000E+00
  0.2001E+00  0.0000E+00
  0.1496E+00  0.0000E+00
  0.1722E+00  0.0000E+00
  0.1563E+00  0.0000E+00
 Relative number of events:
  0.1630E+00  0.0000E+00
  0.1688E+00  0.0000E+00
  0.1792E+00  0.0000E+00
  0.1595E+00  0.0000E+00
  0.1560E+00  0.0000E+00
  0.1735E+00  0.0000E+00
 Events:
         652           0
         675           0
         717           0
         638           0
         624           0
         694           0
 Found          322  events.
 Wrote           62  events.
 Actual xsec    108529602.45372330     
 Correct abs xsec    108529602.45372330     
 Event xsec    108529602.45372328     
 Events wgts > 1:            1
 % Cross section > 1:    165419.68300689175       0.15241895231066219     
 Checking number of events   4547.4988724134591               62  chi2:   0.50316994634693635     
 Found          322  events.
 Wrote           64  events.
 Actual xsec    108529602.45372330     
 Correct abs xsec    108529602.45372330     
 Event xsec    108529602.45372315     
 Events wgts > 1:            1
 % Cross section > 1:    160257.95114699309       0.14766289337079883     
 Iteration  4   Mean: 0.1368E+09 Abs mean: 0.1368E+09   Fluctuation:  0.157E+08   0.871E+11    99.5%
  4    0.1368E+09 0.1368E+09 +- 0.1566E+08     10.24
 Relative summed weights:
  0.2102E+00  0.0000E+00
  0.1472E+00  0.0000E+00
  0.2322E+00  0.0000E+00
  0.1478E+00  0.0000E+00
  0.1465E+00  0.0000E+00
  0.1160E+00  0.0000E+00
 Relative number of events:
  0.1691E+00  0.0000E+00
  0.1639E+00  0.0000E+00
  0.1678E+00  0.0000E+00
  0.1689E+00  0.0000E+00
  0.1704E+00  0.0000E+00
  0.1600E+00  0.0000E+00
 Events:
        1353           0
        1311           0
        1342           0
        1351           0
        1363           0
        1280           0
 Found          742  events.
 Wrote           17  events.
 Actual xsec    111078840.06008551     
 Correct abs xsec    111078840.06008551     
 Event xsec    111078840.06008549     
 Events wgts > 1:            1
 % Cross section > 1:    274437.32419114560       0.24706534929847590     
 Checking number of events   4654.3144773576423               17  chi2:    2.1063400921217008     
 Found          742  events.
 Wrote           16  events.
 Actual xsec    111078840.06008551     
 Correct abs xsec    111078840.06008551     
 Event xsec    111078840.06008551     
 Events wgts > 1:            1
 % Cross section > 1:    291544.63784197625       0.26246640465841375     
 Iteration  5   Mean: 0.1212E+09 Abs mean: 0.1212E+09   Fluctuation:  0.801E+07   0.116E+12    99.5%
  5    0.1212E+09 0.1212E+09 +- 0.8007E+07      8.36
 Relative summed weights:
  0.1485E+00  0.0000E+00
  0.1512E+00  0.0000E+00
  0.1540E+00  0.0000E+00
  0.1350E+00  0.0000E+00
  0.1804E+00  0.0000E+00
  0.2309E+00  0.0000E+00
 Relative number of events:
  0.1674E+00  0.0000E+00
  0.1662E+00  0.0000E+00
  0.1685E+00  0.0000E+00
  0.1618E+00  0.0000E+00
  0.1659E+00  0.0000E+00
  0.1703E+00  0.0000E+00
 Events:
        2678           0
        2659           0
        2696           0
        2588           0
        2654           0
        2725           0
 Found         1255  events.
 Wrote           15  events.
 Actual xsec    112567317.38430478     
 Correct abs xsec    112567317.38430478     
 Event xsec    112567317.38430479     
 Events wgts > 1:            0
 % Cross section > 1:    0.0000000000000000        0.0000000000000000     
 Checking number of events   4716.6831657197545               15  chi2:    2.7090754280986369     
 Found         1255  events.
 Wrote           20  events.
 Actual xsec    112567317.38430478     
 Correct abs xsec    112567317.38430478     
 Event xsec    112567317.38430478     
 Events wgts > 1:            0
 % Cross section > 1:    0.0000000000000000        0.0000000000000000     
 Iteration  6   Mean: 0.1243E+09 Abs mean: 0.1243E+09   Fluctuation:  0.586E+07   0.135E+12    99.5%
  6    0.1243E+09 0.1243E+09 +- 0.5860E+07      8.43
 Relative summed weights:
  0.1822E+00  0.0000E+00
  0.1609E+00  0.0000E+00
  0.1751E+00  0.0000E+00
  0.1638E+00  0.0000E+00
  0.1628E+00  0.0000E+00
  0.1553E+00  0.0000E+00
 Relative number of events:
  0.1696E+00  0.0000E+00
  0.1685E+00  0.0000E+00
  0.1648E+00  0.0000E+00
  0.1634E+00  0.0000E+00
  0.1676E+00  0.0000E+00
  0.1661E+00  0.0000E+00
 Events:
        5428           0
        5393           0
        5274           0
        5228           0
        5362           0
        5315           0
 Found         2666  events.
 Wrote           26  events.
 Actual xsec    124623162.86728738     
 Correct abs xsec    124623162.86728738     
 Event xsec    124623162.86728734     
 Events wgts > 1:            0
 % Cross section > 1:    0.0000000000000000        0.0000000000000000     
 Checking number of events   5221.8351473022085               26  chi2:   0.39366305551174308     
 Found         2666  events.
 Wrote           35  events.
 Actual xsec    124623162.86728738     
 Correct abs xsec    124623162.86728738     
 Event xsec    124623162.86728752     
 Events wgts > 1:            0
 % Cross section > 1:    0.0000000000000000        0.0000000000000000     
 Iteration  7   Mean: 0.1238E+09 Abs mean: 0.1238E+09   Fluctuation:  0.369E+07   0.112E+12    99.5%
  7    0.1238E+09 0.1238E+09 +- 0.3686E+07      7.53
 Relative summed weights:
  0.1460E+00  0.0000E+00
  0.1663E+00  0.0000E+00
  0.1577E+00  0.0000E+00
  0.1558E+00  0.0000E+00
  0.2021E+00  0.0000E+00
  0.1721E+00  0.0000E+00
 Relative number of events:
  0.1656E+00  0.0000E+00
  0.1670E+00  0.0000E+00
  0.1664E+00  0.0000E+00
  0.1674E+00  0.0000E+00
  0.1662E+00  0.0000E+00
  0.1675E+00  0.0000E+00
 Events:
       10596           0
       10686           0
       10648           0
       10714           0
       10635           0
       10721           0
 Found         5120  events.
 Wrote           92  events.
 Actual xsec    123608694.14246944     
 Correct abs xsec    123608694.14246944     
 Event xsec    123608694.14246927     
 Events wgts > 1:            4
 % Cross section > 1:    668668.73505043983       0.54095607084057018     
 Checking number of events   5179.3278932636113               92  chi2:   5.47313209311429336E-002
 Found         5120  events.
 Wrote           90  events.
 Actual xsec    123608694.14246944     
 Correct abs xsec    123608694.14246944     
 Event xsec    123608694.14246930     
 Events wgts > 1:            4
 % Cross section > 1:    683445.88156295591       0.55291085008569674     
 Iteration  8   Mean: 0.1224E+09 Abs mean: 0.1224E+09   Fluctuation:  0.260E+07   0.173E+12    99.5%
  8    0.1224E+09 0.1224E+09 +- 0.2603E+07      7.61
 Relative summed weights:
  0.1893E+00  0.0000E+00
  0.1571E+00  0.0000E+00
  0.1571E+00  0.0000E+00
  0.1630E+00  0.0000E+00
  0.1759E+00  0.0000E+00
  0.1576E+00  0.0000E+00
 Relative number of events:
  0.1650E+00  0.0000E+00
  0.1638E+00  0.0000E+00
  0.1692E+00  0.0000E+00
  0.1672E+00  0.0000E+00
  0.1668E+00  0.0000E+00
  0.1680E+00  0.0000E+00
 Events:
       21118           0
       20971           0
       21658           0
       21399           0
       21350           0
       21504           0
 Found        10426  events.
 Wrote          186  events.
 Actual xsec    123041068.29771908     
 Correct abs xsec    123041068.29771908     
 Event xsec    123041068.29771954     
 Events wgts > 1:            3
 % Cross section > 1:    994154.03852993366       0.80798553871818057     
 Checking number of events   5155.5438027427263              186  chi2:   7.77336128111876107E-002
 Found        10426  events.
 Wrote          181  events.
 Actual xsec    123041068.29771908     
 Correct abs xsec    123041068.29771908     
 Event xsec    123041068.29771976     
 Events wgts > 1:            3
 % Cross section > 1:    1021388.8828410528       0.83012029802083698     
 Iteration  9   Mean: 0.1231E+09 Abs mean: 0.1231E+09   Fluctuation:  0.200E+07   0.233E+12    99.5%
  9    0.1231E+09 0.1231E+09 +- 0.2003E+07      8.23
 Relative summed weights:
  0.1674E+00  0.0000E+00
  0.1674E+00  0.0000E+00
  0.1703E+00  0.0000E+00
  0.1677E+00  0.0000E+00
  0.1677E+00  0.0000E+00
  0.1595E+00  0.0000E+00
 Relative number of events:
  0.1655E+00  0.0000E+00
  0.1674E+00  0.0000E+00
  0.1668E+00  0.0000E+00
  0.1668E+00  0.0000E+00
  0.1666E+00  0.0000E+00
  0.1670E+00  0.0000E+00
 Events:
       42369           0
       42865           0
       42690           0
       42689           0
       42641           0
       42746           0
 Found        20931  events.
 Wrote          316  events.
 Actual xsec    123007525.48180069     
 Correct abs xsec    123007525.48180069     
 Event xsec    123007525.48180221     
 Events wgts > 1:            5
 % Cross section > 1:    1192886.7444988848       0.96976728848623250     
 Checking number of events   5154.1383252129308              316  chi2:   5.46772146240597501E-002
 Found        20931  events.
 Wrote          319  events.
 Actual xsec    123007525.48180069     
 Correct abs xsec    123007525.48180069     
 Event xsec    123007525.48180251     
 Events wgts > 1:            5
 % Cross section > 1:    1181776.1526561202       0.96073483961836947     

 -------------------------------------------------------------------------------
 Accumulated results:   Integral =  0.1217E+09
                        Std dev  =  0.1299E+07
                       Cross sec =  0.1217E+09
             Chi**2 per DoF.     =      1.7315
 -------------------------------------------------------------------------------
-------------------------------------------------
---------------------------
 Results Last   3 iters: Integral =   0.1230E+09
                     Abs integral =   0.1230E+09
                          Std dev =   0.1458E+07
                  Chi**2 per DoF. =      0.0547
-------------------------------------------------
---------------------------
 Status -4.19009999999999974E-005          10           9
 Trying w/ fresh grid
 Starting w/ ncall =         4000
 Keeping grid fixed.
  5 dimensions   4000 events  5 invarients  8 iterations  1 config(s),  (0.99)
 Using h-tuple random number sequence.
 Error opening grid
 Using Uniform Grid!
 Using uniform alpha   1.0000000000000000     
 Grid defined OK
 Warning: No cutoff for shat integral found
          Minimum set to    204.08163265306121     
Setting grid   1    0.20408E+03   1
 Warning: No cutoff for shat integral found
          Minimum set to    204.08163265306121     
Setting grid   2    0.20408E+03   1
Warning xbin not returning correct x   2  0.999984E+00  0.995346E+00  0.2837E+03
Warning xbin not returning correct x   2  0.999982E+00  0.994762E+00  0.2837E+03
Warning xbin not returning correct x   2  0.999979E+00  0.994176E+00  0.2837E+03
Warning xbin not returning correct x   2  0.999965E+00  0.990168E+00  0.2837E+03
Warning xbin not returning correct x   2  0.999992E+00  0.997589E+00  0.2837E+03
Warning xbin still not working well. Last message this iteration.
 Iteration  1   Mean: 0.4805E+08 Abs mean: 0.4805E+08   Fluctuation:  0.214E+08   0.831E+11    99.0%
  1    0.4805E+08 0.4805E+08 +- 0.2141E+08     28.18
 Relative summed weights:
  0.1806E+00  0.0000E+00
  0.1276E+00  0.0000E+00
  0.4903E-01  0.0000E+00
  0.6036E-01  0.0000E+00
  0.6466E-01  0.0000E+00
  0.5178E+00  0.0000E+00
 Relative number of events:
  0.1713E+00  0.0000E+00
  0.1750E+00  0.0000E+00
  0.1698E+00  0.0000E+00
  0.1620E+00  0.0000E+00
  0.1665E+00  0.0000E+00
  0.1555E+00  0.0000E+00
 Events:
         685           0
         700           0
         679           0
         648           0
         666           0
         622           0
Warning xbin not returning correct x   1  0.985576E+00  0.999782E+00  0.1536E-01
Warning xbin not returning correct x   1  0.987737E+00  0.999814E+00  0.1536E-01
Warning xbin not returning correct x   1  0.991135E+00  0.999866E+00  0.1536E-01
Warning xbin not returning correct x   1  0.992459E+00  0.999886E+00  0.1536E-01
Warning xbin not returning correct x   1  0.990296E+00  0.999853E+00  0.1536E-01
Warning xbin still not working well. Last message this iteration.
 Iteration  2   Mean: 0.2722E+07 Abs mean: 0.2722E+07   Fluctuation:  0.202E+06   0.107E+10    96.4%
  2    0.2722E+07 0.2722E+07 +- 0.2021E+06      6.64
 Relative summed weights:
  0.1488E+00  0.0000E+00
  0.1353E+00  0.0000E+00
  0.2455E+00  0.0000E+00
  0.1411E+00  0.0000E+00
  0.1222E+00  0.0000E+00
  0.2070E+00  0.0000E+00
 Relative number of events:
  0.1737E+00  0.0000E+00
  0.1636E+00  0.0000E+00
  0.1604E+00  0.0000E+00
  0.1666E+00  0.0000E+00
  0.1700E+00  0.0000E+00
  0.1656E+00  0.0000E+00
 Events:
        1390           0
        1309           0
        1283           0
        1333           0
        1360           0
        1325           0
 Iteration  3   Mean: 0.3952E+08 Abs mean: 0.3952E+08   Fluctuation:  0.876E+07   0.837E+11   100.0%
  3    0.3952E+08 0.3952E+08 +- 0.8757E+07     28.03
 Relative summed weights:
  0.3785E+00  0.0000E+00
  0.7865E-01  0.0000E+00
  0.1123E+00  0.0000E+00
  0.1217E+00  0.0000E+00
  0.1333E+00  0.0000E+00
  0.1756E+00  0.0000E+00
 Relative number of events:
  0.1697E+00  0.0000E+00
  0.1637E+00  0.0000E+00
  0.1668E+00  0.0000E+00
  0.1678E+00  0.0000E+00
  0.1652E+00  0.0000E+00
  0.1669E+00  0.0000E+00
 Events:
        2715           0
        2619           0
        2669           0
        2684           0
        2643           0
        2670           0
 Found         1900  events.
 Wrote            8  events.
 Actual xsec    7450950.0687217284     
 Correct abs xsec    7450950.0687217284     
 Event xsec    7450950.0687217284     
 Events wgts > 1:            1
 % Cross section > 1:    64801.636057034251       0.86970970761251520     
 Checking number of events   312.20225882950911                8  chi2:    282.13449605057332     
 Found         1900  events.
 Wrote            9  events.
 Actual xsec    7450950.0687217284     
 Correct abs xsec    7450950.0687217284     
 Event xsec    7450950.0687217293     
 Events wgts > 1:            1
 % Cross section > 1:    57657.170941009186       0.77382307503371495     
 Iteration  4   Mean: 0.7563E+08 Abs mean: 0.7563E+08   Fluctuation:  0.244E+08   0.667E+12    99.9%
  4    0.7563E+08 0.7563E+08 +- 0.2440E+08     57.70
 Relative summed weights:
  0.7078E-01  0.0000E+00
  0.7065E-01  0.0000E+00
  0.2632E+00  0.0000E+00
  0.1227E+00  0.0000E+00
  0.7600E-01  0.0000E+00
  0.3967E+00  0.0000E+00
 Relative number of events:
  0.1647E+00  0.0000E+00
  0.1658E+00  0.0000E+00
  0.1682E+00  0.0000E+00
  0.1697E+00  0.0000E+00
  0.1660E+00  0.0000E+00
  0.1658E+00  0.0000E+00
 Events:
        5269           0
        5304           0
        5381           0
        5430           0
        5312           0
        5304           0
 Found         1206  events.
 Wrote            3  events.
 Actual xsec    9584433.2670625784     
 Correct abs xsec    9584433.2670625784     
 Event xsec    9584433.2670625765     
 Events wgts > 1:            1
 % Cross section > 1:   9.84452292323112488E-002  1.02713667557813348E-006
 Checking number of events   401.59733832318909                3  chi2:    585.73650949178648     
 Found         1206  events.
 Wrote            5  events.
 Actual xsec    9584433.2670625784     
 Correct abs xsec    9584433.2670625784     
 Event xsec    9584433.2670625784     
 Events wgts > 1:            1
 % Cross section > 1:   5.90671377722173929E-002  6.16282007776138392E-007
 Iteration  5   Mean: 0.2108E+09 Abs mean: 0.2108E+09   Fluctuation:  0.124E+09   0.786E+13    99.5%
  5    0.2108E+09 0.2108E+09 +- 0.1237E+09    148.45
 Relative summed weights:
  0.1250E+00  0.0000E+00
  0.6295E-01  0.0000E+00
  0.4629E-01  0.0000E+00
  0.6428E+00  0.0000E+00
  0.6534E-01  0.0000E+00
  0.5768E-01  0.0000E+00
 Relative number of events:
  0.1658E+00  0.0000E+00
  0.1652E+00  0.0000E+00
  0.1666E+00  0.0000E+00
  0.1665E+00  0.0000E+00
  0.1661E+00  0.0000E+00
  0.1699E+00  0.0000E+00
 Events:
       10612           0
       10571           0
       10660           0
       10658           0
       10628           0
       10871           0
 Found         3157  events.
 Wrote            1  events.
 Actual xsec    65204641.684582524     
 Correct abs xsec    65204641.684582524     
 Event xsec    65204641.684582524     
 Events wgts > 1:            1
 % Cross section > 1:   0.32652349025011063       5.00767248794369653E-007
 Checking number of events   2732.1396912256923                1  chi2:    5.0864970659140383     
 Found         3157  events.
 Wrote            2  events.
 Actual xsec    65204641.684582524     
 Correct abs xsec    65204641.684582524     
 Event xsec    65204641.684582517     
 Events wgts > 1:            1
 % Cross section > 1:   0.16326174512505531       2.50383624397184826E-007
 Fixing grid
 Iteration  6   Mean: 0.1149E+09 Abs mean: 0.1149E+09   Fluctuation:  0.214E+08   0.267E+13    99.7%
  6    0.1149E+09 0.1149E+09 +- 0.2137E+08     66.54
 Relative summed weights:
  0.1345E+00  0.0000E+00
  0.3063E+00  0.0000E+00
  0.1304E+00  0.0000E+00
  0.1429E+00  0.0000E+00
  0.1569E+00  0.0000E+00
  0.1290E+00  0.0000E+00
 Relative number of events:
  0.1687E+00  0.0000E+00
  0.1658E+00  0.0000E+00
  0.1658E+00  0.0000E+00
  0.1660E+00  0.0000E+00
  0.1667E+00  0.0000E+00
  0.1671E+00  0.0000E+00
 Events:
       21592           0
       21218           0
       21224           0
       21244           0
       21336           0
       21386           0
 Found         3878  events.
 Wrote            5  events.
 Actual xsec    112525892.30104770     
 Correct abs xsec    112525892.30104770     
 Event xsec    112525892.30104770     
 Events wgts > 1:            1
 % Cross section > 1:    1.4990767277777195       1.33220603464946887E-006
 Checking number of events   4714.9474133061995                5  chi2:    1.4653325703373696     
 Found         3878  events.
 Wrote            9  events.
 Actual xsec    112525892.30104770     
 Correct abs xsec    112525892.30104770     
 Event xsec    112525892.30104770     
 Events wgts > 1:            1
 % Cross section > 1:   0.83282040804624557       7.40114467004756599E-007
 Iteration  7   Mean: 0.5352E+09 Abs mean: 0.5352E+09   Fluctuation:  0.406E+09   0.104E+15    99.7%
  7    0.5352E+09 0.5352E+09 +- 0.4060E+09    383.78
 Relative summed weights:
  0.2739E-01  0.0000E+00
  0.8043E+00  0.0000E+00
  0.4650E-01  0.0000E+00
  0.3153E-01  0.0000E+00
  0.3012E-01  0.0000E+00
  0.6014E-01  0.0000E+00
 Relative number of events:
  0.1666E+00  0.0000E+00
  0.1667E+00  0.0000E+00
  0.1665E+00  0.0000E+00
  0.1672E+00  0.0000E+00
  0.1674E+00  0.0000E+00
  0.1656E+00  0.0000E+00
 Events:
       42657           0
       42684           0
       42620           0
       42796           0
       42861           0
       42382           0
 Found        12926  events.
 Wrote            2  events.
 Actual xsec    144986653.88396439     
 Correct abs xsec    144986653.88396439     
 Event xsec    144986653.88396436     
 Events wgts > 1:            1
 % Cross section > 1:   0.97915856540203094       6.75343929369989202E-007
 Checking number of events   6075.0857843919912                2  chi2:    1.5932944622234833     
 Found        12926  events.
 Wrote            2  events.
 Actual xsec    144986653.88396439     
 Correct abs xsec    144986653.88396439     
 Event xsec    144986653.88396436     
 Events wgts > 1:            1
 % Cross section > 1:   0.97915856540203094       6.75343929369989202E-007
 Iteration  8   Mean: 0.1146E+09 Abs mean: 0.1146E+09   Fluctuation:  0.714E+07   0.255E+13    99.7%
  8    0.1146E+09 0.1146E+09 +- 0.7139E+07     44.59
 Relative summed weights:
  0.1554E+00  0.0000E+00
  0.1606E+00  0.0000E+00
  0.2078E+00  0.0000E+00
  0.1358E+00  0.0000E+00
  0.1388E+00  0.0000E+00
  0.2017E+00  0.0000E+00
 Relative number of events:
  0.1673E+00  0.0000E+00
  0.1669E+00  0.0000E+00
  0.1660E+00  0.0000E+00
  0.1660E+00  0.0000E+00
  0.1668E+00  0.0000E+00
  0.1670E+00  0.0000E+00
 Events:
       85650           0
       85446           0
       84993           0
       85010           0
       85392           0
       85509           0
 Found         6807  events.
 Wrote           21  events.
 Actual xsec    122761900.67106761     
 Correct abs xsec    122761900.67106761     
 Event xsec    122761900.67106760     
 Events wgts > 1:            0
 % Cross section > 1:    0.0000000000000000        0.0000000000000000     
 Checking number of events   4908.7140687876199               21  chi2:   0.60048431113016287     
 Found         6807  events.
 Wrote           14  events.
 Actual xsec    122761900.67106761     
 Correct abs xsec    122761900.67106761     
 Event xsec    122761900.67106767     
 Events wgts > 1:            0
 % Cross section > 1:    0.0000000000000000        0.0000000000000000     

 -------------------------------------------------------------------------------
 Accumulated results:   Integral =  0.7221E+08
                        Std dev  =  0.3206E+07
                       Cross sec =  0.7221E+08
             Chi**2 per DoF.     =     50.5144
 -------------------------------------------------------------------------------
-------------------------------------------------
---------------------------
 Results Last   3 iters: Integral =   0.1172E+09
                     Abs integral =   0.1172E+09
                         Std dev =   0.6901E+07
                 Chi**2 per DoF. =      0.6005
-------------------------------------------------
---------------------------

ls status:
events.lhe
ftn25
ftn26
input_sg.txt
log.txt
moffset.dat
results.dat
run1_app.log
