 Process in group number            0
 No PDF is used, alpha_s(MZ) from param_card is used
 Value of alpha_s from param_card:   0.11800000071525575     
 The default order of alpha_s running is fixed to            2
<<<<<<< HEAD
=======
 Warning: pt or E min of a gamma should in general be >0
>>>>>>> 911b5ec345c81b054214c521136984e9d6306827
 *****************************************************
 *               MadGraph/MadEvent                   *
 *        --------------------------------           *
 *          http://madgraph.hep.uiuc.edu             *
 *          http://madgraph.phys.ucl.ac.be           *
 *          http://madgraph.roma2.infn.it            *
 *        --------------------------------           *
 *                                                   *
 *          PARAMETER AND COUPLING VALUES            *
 *                                                   *
 *****************************************************

  External Params
  ---------------------------------
  
 aEWM1 =    132.50700378417969     
 mdl_Gf =   1.16639000000000003E-005
 aS =   0.11800000071525575     
 mdl_ymb =    4.6999998092651367     
 mdl_ymt =    173.00000000000000     
 mdl_yme =   5.10999991092830896E-004
 mdl_ymm =   0.10565999895334244     
 mdl_ymtau =    1.7769999504089355     
 mdl_MZ =    91.188003540039063     
 mdl_MT =    173.00000000000000     
 mdl_MB =    4.6999998092651367     
 mdl_MH =    125.00000000000000     
 mdl_Me =   5.10999991092830896E-004
 mdl_MM =   0.10565999895334244     
 mdl_MTA =    1.7769999504089355     
 mdl_WZ =    2.4414041042327881     
 mdl_WW =    2.0476000308990479     
 mdl_WT =    1.4915000200271606     
 mdl_WH =   6.38233916833996773E-003
 mdl_WTau =   2.26999999999999982E-012
  Internal Params
  ---------------------------------
  
 mdl_conjg__CKM3x3 =    1.0000000000000000     
 mdl_CKM3x3 =    1.0000000000000000     
 mdl_conjg__CKM1x1 =    1.0000000000000000     
 mdl_complexi =  (  0.0000000000000000     ,  1.0000000000000000     )
 mdl_MZ__exp__2 =    8315.2519896181766     
 mdl_MZ__exp__4 =    69143415.650849044     
 mdl_sqrt__2 =    1.4142135623730951     
 mdl_MH__exp__2 =    15625.000000000000     
 mdl_aEW =   7.54677089845565054E-003
 mdl_MW =    80.419007276179556     
 mdl_sqrt__aEW =   8.68721526063194194E-002
 mdl_ee =   0.30795376284704501     
 mdl_MW__exp__2 =    6467.2167312862202     
 mdl_sw2 =   0.22224645274001076     
 mdl_cw =   0.88190336616887299     
 mdl_sqrt__sw2 =   0.47143022043565552     
 mdl_sw =   0.47143022043565552     
 mdl_g1 =   0.34919218438279087     
 mdl_gw =   0.65323296958447097     
 mdl_vev =    246.21845810181631     
 mdl_vev__exp__2 =    60623.529110035874     
 mdl_lam =   0.12886910601690271     
 mdl_yb =   2.69955531549349904E-002
 mdl_ye =   2.93504850670934038E-006
 mdl_ym =   6.06883028478528356E-004
 mdl_yt =   0.99366614581500645     
 mdl_ytau =   1.02066167158167895E-002
 mdl_muH =    88.388347648318444     
 mdl_I1x33 =  ( 2.69955531549349904E-002,  0.0000000000000000     )
 mdl_I2x33 =  ( 0.99366614581500645     ,  0.0000000000000000     )
 mdl_I3x33 =  ( 0.99366614581500645     ,  0.0000000000000000     )
 mdl_I4x33 =  ( 2.69955531549349904E-002,  0.0000000000000000     )
 mdl_ee__exp__2 =   9.48355200516540348E-002
 mdl_sw__exp__2 =   0.22224645274001076     
 mdl_cw__exp__2 =   0.77775354725998924     
  Internal Params evaluated point by point
  ----------------------------------------
  
 mdl_sqrt__aS =   0.34351128178744839     
 mdl_G__exp__2 =    1.4828317414825511     
  Couplings of sm-lepton_masses
  ---------------------------------
  
         GC_3 =  -0.00000E+00  -0.30795E+00
        GC_50 =  -0.00000E+00  -0.28804E+00
        GC_59 =   0.00000E+00   0.82310E-01
        GC_89 =  -0.00000E+00  -0.20754E-05

 Collider parameters:
 --------------------

<<<<<<< HEAD
 Running at e e   machine @   7.14879999999999960E-002  GeV
=======
 Running at e e   machine @   7.00000000000000067E-002  GeV
>>>>>>> 911b5ec345c81b054214c521136984e9d6306827
 PDF set = none   
 alpha_s(Mz)= 0.1180 running at 2 loops.
 alpha_s(Mz)= 0.1180 running at 2 loops.
 Renormalization scale fixed @    91.188000000000002     
 Factorization scales  fixed @    91.188000000000002        91.188000000000002     


 getting user params
Enter number of events and max and min iterations: 
<<<<<<< HEAD
 Number of events and iterations         2000           9           3
Enter desired fractional accuracy: 
 Desired fractional accuracy:  -1.49309999999999992E-004
=======
 Number of events and iterations         1000           5           3
Enter desired fractional accuracy: 
 Desired fractional accuracy:   0.10000000000000001     
>>>>>>> 911b5ec345c81b054214c521136984e9d6306827
Enter 0 for fixed, 2 for adjustable grid: 
Suppress amplitude (0 no, 1 yes)? 
 Using suppressed amplitude.
Exact helicity sum (0 yes, n = number/event)? 
 Explicitly summing over helicities
Enter Configuration Number: 
Running Configuration Number:   19
 Not subdividing B.W.
 Attempting mappinvarients           1           5
 Completed mapping           5
<<<<<<< HEAD
 about to integrate            5        2000           9           3           5           1
 Using non-zero grid deformation.
  5 dimensions   2000 events  5 invarients  9 iterations  1 config(s),  (0.99)
=======
 about to integrate            5        1000           5           3           5           1
 Using non-zero grid deformation.
  5 dimensions   1000 events  5 invarients  5 iterations  1 config(s),  (0.99)
>>>>>>> 911b5ec345c81b054214c521136984e9d6306827
 Using h-tuple random number sequence.
 Error opening grid
 Using Uniform Grid!
 Using uniform alpha   1.0000000000000000     
 Grid defined OK
 Set CM energy to          0.07
 Mapping Graph          19  to config          19
<<<<<<< HEAD
Setting grid   1    0.20438E-03   1
Setting grid   2    0.17611E-04   1
 Masses: 0.511E-03 0.511E-03 0.000E+00 0.511E-03 0.511E-03
  19   1   2   3   4   5
 Got moffset           1
Using random seed offsets    19 :      1
  with seed                   87
 Ranmar initialization seeds       17631       12621
=======
Setting grid   1    0.21316E-03   1
 Warning: No cutoff for shat integral found
          Minimum set to    204.08163265306121     
Setting grid   2    0.20408E+03   1
 Masses: 0.511E-03 0.511E-03 0.000E+00 0.511E-03 0.511E-03
  19   1   2   3   4   5
Using random seed offsets    19 :      1
  with seed                   24
 Ranmar initialization seeds       31077        9398
>>>>>>> 911b5ec345c81b054214c521136984e9d6306827
  Particle       3       4       5
      Et >     0.0     0.0     0.0
       E >     0.0     0.0     0.0
     Eta <    -1.0    -1.0    -1.0
   xqcut:      0.0     0.0     0.0
d R # 3  >    -0.0     0.0     0.0
<<<<<<< HEAD
d R # 4  >    -0.0    -0.0     0.0
=======
d R # 4  >    -0.0    -0.0     0.4
>>>>>>> 911b5ec345c81b054214c521136984e9d6306827
s min # 3>     0.0     0.0     0.0
s min # 4>     0.0     0.0     0.0
xqcutij # 3>     0.0     0.0     0.0
xqcutij # 4>     0.0     0.0     0.0
 alpha_s for scale    91.188000000000002       is   0.11800000071525575     
<<<<<<< HEAD
 Added good helicity            1   5.1879123294172924       in event            1
 Added good helicity            2  5.71495583246845861E-003  in event            1
 Added good helicity            3  2.37993361704825048E-003  in event            1
 Added good helicity            4  5.93231923316374067E-005  in event            1
 Added good helicity            5  9.52723933673897872E-005  in event            1
 Added good helicity            6  9.88147167634155239E-004  in event            1
 Added good helicity            7  1.06516974352995254E-004  in event            1
 Added good helicity            9  2.30550293812304476E-004  in event            1
 Added good helicity           10  0.26394455115420279       in event            1
 Added good helicity           11   3.4632602347893129       in event            1
 Added good helicity           12  0.20780472220157215       in event            1
 Added good helicity           13  0.42764488197140782       in event            1
 Added good helicity           14   5.5884867953359496       in event            1
 Added good helicity           15  0.85114566334856989       in event            1
 Added good helicity           16  2.26138994711412166E-004  in event            1
 Added good helicity           17  2.26139005664496742E-004  in event            1
 Added good helicity           18  0.85114566511475120       in event            1
 Added good helicity           19   5.5884867657360253       in event            1
 Added good helicity           20  0.42764488115248978       in event            1
 Added good helicity           21  0.20780472205745223       in event            1
 Added good helicity           22   3.4632602275540374       in event            1
 Added good helicity           23  0.26394455256286320       in event            1
 Added good helicity           24  2.30550305518107063E-004  in event            1
 Added good helicity           26  1.06516974613864447E-004  in event            1
 Added good helicity           27  9.88147163263206974E-004  in event            1
 Added good helicity           28  9.52723930264897902E-005  in event            1
 Added good helicity           29  5.93231923590020868E-005  in event            1
 Added good helicity           30  2.37993363142508093E-003  in event            1
 Added good helicity           31  5.71495583803752465E-003  in event            1
 Added good helicity           32   5.1879123296271956       in event            1
 Iteration  1   Mean: 0.2473E+07 Abs mean: 0.2473E+07   Fluctuation:  0.140E+06   0.136E+09    78.4%
  1    0.2473E+07 0.2473E+07 +- 0.1400E+06      2.53
 Writing out events   175.33531325283792        2.5315514277973512     
=======
 Added good helicity            1   10.321566501673848       in event            1
 Added good helicity            2  1.82785430167458165E-005  in event            1
 Added good helicity            3  8.19732483718333907E-005  in event            1
 Added good helicity            5   3.5560150547495759       in event            1
 Added good helicity            6  4.84377557152891654E-005  in event            1
 Added good helicity            7  2.51854497772616391E-005  in event            1
 Added good helicity            9  2.35332207464902634E-005  in event            1
 Added good helicity           10  0.61378673187303057       in event            1
 Added good helicity           11  0.10176885784042219       in event            1
 Added good helicity           12  1.04822468144274255E-005  in event            1
 Added good helicity           13  4.87413282734688543E-004  in event            1
 Added good helicity           14   1.1348796967560479       in event            1
 Added good helicity           15  0.27126820547578184       in event            1
 Added good helicity           16  1.94287638116976955E-005  in event            1
 Added good helicity           17  1.94287672708321873E-005  in event            1
 Added good helicity           18  0.27126820414009944       in event            1
 Added good helicity           19   1.1348798905728310       in event            1
 Added good helicity           20  4.87413282697368678E-004  in event            1
 Added good helicity           21  1.04822475359419417E-005  in event            1
 Added good helicity           22  0.10176885834335866       in event            1
 Added good helicity           23  0.61378683583444360       in event            1
 Added good helicity           24  2.35332251382661638E-005  in event            1
 Added good helicity           26  2.51854512118961344E-005  in event            1
 Added good helicity           27  4.84377608807597218E-005  in event            1
 Added good helicity           28   3.5560150571942626       in event            1
 Added good helicity           30  8.19732508445144675E-005  in event            1
 Added good helicity           31  1.82785528180955575E-005  in event            1
 Added good helicity           32   10.321566494537917       in event            1
 Added good helicity            4  2.56270192310936331E-005  in event            4
 Added good helicity           29  2.56270192766126755E-005  in event            4
Warning xbin not returning correct x   2  0.999965E+00  0.990170E+00  0.2837E+03
Warning xbin not returning correct x   2  0.999992E+00  0.997858E+00  0.2837E+03
Warning xbin not returning correct x   2  0.999986E+00  0.996073E+00  0.2837E+03
Warning xbin not returning correct x   2  0.999964E+00  0.989797E+00  0.2837E+03
Warning xbin not returning correct x   2  0.999990E+00  0.997096E+00  0.2837E+03
Warning xbin still not working well. Last message this iteration.
 Iteration  1   Mean: 0.4216E+07 Abs mean: 0.4216E+07   Fluctuation:  0.141E+07   0.120E+10    64.5%
  1    0.4216E+07 0.4216E+07 +- 0.1414E+07     10.61
 Writing out events   1306.8401446842963        10.605830888922290     
 Relative summed weights:
  0.1000E+01  0.0000E+00
 Relative number of events:
  0.1000E+01  0.0000E+00
 Events:
        1000           0
Warning xbin not returning correct x   2  0.987473E+00  0.999806E+00  0.1571E-01
Warning xbin not returning correct x   2  0.984615E+00  0.999762E+00  0.1571E-01
Warning xbin not returning correct x   2  0.988214E+00  0.999818E+00  0.1571E-01
Warning xbin not returning correct x   2  0.991208E+00  0.999864E+00  0.1571E-01
Warning xbin not returning correct x   2  0.995980E+00  0.999938E+00  0.1571E-01
Warning xbin still not working well. Last message this iteration.
 Iteration  2   Mean: 0.9534E+06 Abs mean: 0.9534E+06   Fluctuation:  0.602E+05   0.642E+08    75.0%
  2    0.9534E+06 0.9534E+06 +- 0.6016E+05      2.82
>>>>>>> 911b5ec345c81b054214c521136984e9d6306827
 Relative summed weights:
  0.1000E+01  0.0000E+00
 Relative number of events:
  0.1000E+01  0.0000E+00
 Events:
        2000           0
<<<<<<< HEAD
 Iteration  2   Mean: 0.2507E+07 Abs mean: 0.2507E+07   Fluctuation:  0.792E+05   0.221E+09    95.3%
  2    0.2507E+07 0.2507E+07 +- 0.7915E+05      2.00
=======
 Iteration  3   Mean: 0.5938E+07 Abs mean: 0.5938E+07   Fluctuation:  0.347E+07   0.138E+11    81.7%
  3    0.5938E+07 0.5938E+07 +- 0.3473E+07     37.00
>>>>>>> 911b5ec345c81b054214c521136984e9d6306827
 Relative summed weights:
  0.1000E+01  0.0000E+00
 Relative number of events:
  0.1000E+01  0.0000E+00
 Events:
        4000           0
<<<<<<< HEAD
 Iteration  3   Mean: 0.2602E+07 Abs mean: 0.2602E+07   Fluctuation:  0.387E+05   0.137E+09    93.2%
  3    0.2602E+07 0.2602E+07 +- 0.3873E+05      1.33
=======
 Accuracy:    0.493   0.100   0.062  63.883
 Found          523  events.
 Wrote            1  events.
 Actual xsec    1119074.5744361272     
 Correct abs xsec    1119074.5744361272     
 Event xsec    1119074.5744361272     
 Events wgts > 1:            0
 % Cross section > 1:    0.0000000000000000        0.0000000000000000     
 Iteration  4   Mean: 0.4853E+07 Abs mean: 0.4853E+07   Fluctuation:  0.663E+06   0.335E+10    83.0%
  4    0.4853E+07 0.4853E+07 +- 0.6630E+06     12.22
>>>>>>> 911b5ec345c81b054214c521136984e9d6306827
 Relative summed weights:
  0.1000E+01  0.0000E+00
 Relative number of events:
  0.1000E+01  0.0000E+00
 Events:
        8000           0
<<<<<<< HEAD
 Found          889  events.
 Wrote          426  events.
 Actual xsec    2579123.1224646010     
 Correct abs xsec    2579123.1224646010     
 Event xsec    2579123.1224645926     
 Events wgts > 1:            6
 % Cross section > 1:    16052.583783349435       0.62240470970651818     
 Checking number of events   385.08887341518954              426  chi2:   0.87853757668445431     

 -------------------------------------------------------------------------------
 Accumulated results:   Integral =  0.2579E+07
                        Std dev  =  0.3378E+05
                       Cross sec =  0.8362E+00
             Chi**2 per DoF.     =
-------------------------------------------------
---------------------------
 Results Last   3 iters: Integral =   0.2579E+07
                     Abs integral =   0.2579E+07
                          Std dev =   0.3378E+05
                  Chi**2 per DoF. =      0.8785
-------------------------------------------------
---------------------------
 Status -1.49309999999999992E-004           4           9
 We found enough events         426   385.08887341518954     

ls status:
events.lhe
ftn25
ftn26
input_app.txt
input_sg.txt
log.txt
moffset.dat
multijob.dat
results.dat
run_01_ftn26.gz
run_01_log.txt
run_01_results.dat
run_02_log.txt
run_02_results.dat
run_03_log.txt
run_03_results.dat
=======
 Accuracy:    0.518   0.100   0.056  84.860
 Found          388  events.
 Wrote           12  events.
 Actual xsec    1679733.2722930789     
 Correct abs xsec    1679733.2722930789     
 Event xsec    1679733.2722930789     
 Events wgts > 1:            0
 % Cross section > 1:    0.0000000000000000        0.0000000000000000     
 Iteration  5   Mean: 0.5794E+07 Abs mean: 0.5794E+07   Fluctuation:  0.865E+06   0.125E+11    79.7%
  5    0.5794E+07 0.5794E+07 +- 0.8655E+06     18.90
 Relative summed weights:
  0.1000E+01  0.0000E+00
 Relative number of events:
  0.1000E+01  0.0000E+00
 Events:
       16000           0
 Accuracy:    0.440   0.100   0.053  70.084
 Found         1322  events.
 Wrote           10  events.
 Actual xsec    5300358.9073532177     
 Correct abs xsec    5300358.9073532177     
 Event xsec    5300358.9073532168     
 Events wgts > 1:            0
 % Cross section > 1:    0.0000000000000000        0.0000000000000000     

 -------------------------------------------------------------------------------
 Accumulated results:   Integral =  0.2252E+07
                        Std dev  =  0.1185E+06
                       Cross sec =  0.2252E+07
             Chi**2 per DoF.     =     70.0843
 -------------------------------------------------------------------------------
-------------------------------------------------
---------------------------
 Results Last   3 iters: Integral =   0.5300E+07
                     Abs integral =   0.5300E+07
                          Std dev =   0.5266E+06
                  Chi**2 per DoF. =      0.4069
-------------------------------------------------
---------------------------
 Status  0.10000000000000001                6           5

ls status:
events.lhe
input_app.txt
results.dat
>>>>>>> 911b5ec345c81b054214c521136984e9d6306827
run1_app.log
