 Process in group number            0
 No PDF is used, alpha_s(MZ) from param_card is used
 Value of alpha_s from param_card:   0.11800000071525575     
 The default order of alpha_s running is fixed to            2
 Warning: pt or E min of a gamma should in general be >0
 *****************************************************
 *               MadGraph/MadEvent                   *
 *        --------------------------------           *
 *          http://madgraph.hep.uiuc.edu             *
 *          http://madgraph.phys.ucl.ac.be           *
 *          http://madgraph.roma2.infn.it            *
 *        --------------------------------           *
 *                                                   *
 *          PARAMETER AND COUPLING VALUES            *
 *                                                   *
 *****************************************************

  External Params
  ---------------------------------
  
 aEWM1 =    132.50700378417969     
 mdl_Gf =   1.16639000000000003E-005
 aS =   0.11800000071525575     
 mdl_ymb =    4.6999998092651367     
 mdl_ymt =    173.00000000000000     
 mdl_yme =   5.10999991092830896E-004
 mdl_ymm =   0.10565999895334244     
 mdl_ymtau =    1.7769999504089355     
 mdl_MZ =    91.188003540039063     
 mdl_MT =    173.00000000000000     
 mdl_MB =    4.6999998092651367     
 mdl_MH =    125.00000000000000     
 mdl_Me =   5.10999991092830896E-004
 mdl_MM =   0.10565999895334244     
 mdl_MTA =    1.7769999504089355     
 mdl_WZ =    2.4414041042327881     
 mdl_WW =    2.0476000308990479     
 mdl_WT =    1.4915000200271606     
 mdl_WH =   6.38233916833996773E-003
 mdl_WTau =   2.26999999999999982E-012
  Internal Params
  ---------------------------------
  
 mdl_conjg__CKM3x3 =    1.0000000000000000     
 mdl_CKM3x3 =    1.0000000000000000     
 mdl_conjg__CKM1x1 =    1.0000000000000000     
 mdl_complexi =  (  0.0000000000000000     ,  1.0000000000000000     )
 mdl_MZ__exp__2 =    8315.2519896181766     
 mdl_MZ__exp__4 =    69143415.650849044     
 mdl_sqrt__2 =    1.4142135623730951     
 mdl_MH__exp__2 =    15625.000000000000     
 mdl_aEW =   7.54677089845565054E-003
 mdl_MW =    80.419007276179556     
 mdl_sqrt__aEW =   8.68721526063194194E-002
 mdl_ee =   0.30795376284704501     
 mdl_MW__exp__2 =    6467.2167312862202     
 mdl_sw2 =   0.22224645274001076     
 mdl_cw =   0.88190336616887299     
 mdl_sqrt__sw2 =   0.47143022043565552     
 mdl_sw =   0.47143022043565552     
 mdl_g1 =   0.34919218438279087     
 mdl_gw =   0.65323296958447097     
 mdl_vev =    246.21845810181631     
 mdl_vev__exp__2 =    60623.529110035874     
 mdl_lam =   0.12886910601690271     
 mdl_yb =   2.69955531549349904E-002
 mdl_ye =   2.93504850670934038E-006
 mdl_ym =   6.06883028478528356E-004
 mdl_yt =   0.99366614581500645     
 mdl_ytau =   1.02066167158167895E-002
 mdl_muH =    88.388347648318444     
 mdl_I1x33 =  ( 2.69955531549349904E-002,  0.0000000000000000     )
 mdl_I2x33 =  ( 0.99366614581500645     ,  0.0000000000000000     )
 mdl_I3x33 =  ( 0.99366614581500645     ,  0.0000000000000000     )
 mdl_I4x33 =  ( 2.69955531549349904E-002,  0.0000000000000000     )
 mdl_ee__exp__2 =   9.48355200516540348E-002
 mdl_sw__exp__2 =   0.22224645274001076     
 mdl_cw__exp__2 =   0.77775354725998924     
  Internal Params evaluated point by point
  ----------------------------------------
  
 mdl_sqrt__aS =   0.34351128178744839     
 mdl_G__exp__2 =    1.4828317414825511     
  Couplings of sm-lepton_masses
  ---------------------------------
  
         GC_3 =  -0.00000E+00  -0.30795E+00
        GC_50 =  -0.00000E+00  -0.28804E+00
        GC_59 =   0.00000E+00   0.82310E-01
        GC_89 =  -0.00000E+00  -0.20754E-05

 Collider parameters:
 --------------------

 Running at e e   machine @   7.14879999999999960E-002  GeV
 PDF set = none   
 alpha_s(Mz)= 0.1180 running at 2 loops.
 alpha_s(Mz)= 0.1180 running at 2 loops.
 Renormalization scale fixed @    91.188000000000002     
 Factorization scales  fixed @    91.188000000000002        91.188000000000002     


 getting user params
Enter number of events and max and min iterations: 
 Number of events and iterations         1000           5           3
Enter desired fractional accuracy: 
 Desired fractional accuracy:   0.10000000000000001     
Enter 0 for fixed, 2 for adjustable grid: 
Suppress amplitude (0 no, 1 yes)? 
 Using suppressed amplitude.
Exact helicity sum (0 yes, n = number/event)? 
 Explicitly summing over helicities
Enter Configuration Number: 
Running Configuration Number:   12
 Using dconfig=           2
 BW Setting            2           0           0
 Attempting mappinvarients           1           5
 Completed mapping           5
 about to integrate            5        1000           5           3           5           1
 Using non-zero grid deformation.
  5 dimensions   1000 events  5 invarients  5 iterations  1 config(s),  (0.99)
 Using h-tuple random number sequence.
 Error opening grid
 Using Uniform Grid!
 Using uniform alpha   1.0000000000000000     
 Grid defined OK
 Set CM energy to          0.07
 Mapping Graph          12  to config          12
Setting grid   1    0.20438E-03   1
 Warning: No cutoff for shat integral found
          Minimum set to    195.67426257665173     
Setting grid   2    0.19567E+03   1
 Masses: 0.511E-03 0.511E-03 0.000E+00 0.511E-03 0.511E-03
  12   1   2   3   4   5
Using random seed offsets    12 :      1
  with seed                   51
 Ranmar initialization seeds        3821        9427
  Particle       3       4       5
      Et >     0.0     0.0     0.0
       E >     0.0     0.0     0.0
     Eta <    -1.0    -1.0    -1.0
   xqcut:      0.0     0.0     0.0
d R # 3  >    -0.0     0.0     0.0
d R # 4  >    -0.0    -0.0     0.4
s min # 3>     0.0     0.0     0.0
s min # 4>     0.0     0.0     0.0
xqcutij # 3>     0.0     0.0     0.0
xqcutij # 4>     0.0     0.0     0.0
 Excluding BW           -1           1
 alpha_s for scale    91.188000000000002       is   0.11800000071525575     
 Added good helicity            1   10.634237149131144       in event            1
 Added good helicity            2  2.67013998479278180E-004  in event            1
 Added good helicity            3  4.84069156072068101E-005  in event            1
 Added good helicity            5   3.4000488336924310       in event            1
 Added good helicity            6  2.21475168536021296E-005  in event            1
 Added good helicity            7  3.73247989912265439E-005  in event            1
 Added good helicity            9  1.13052077832789277E-005  in event            1
 Added good helicity           10  0.94152098365922943       in event            1
 Added good helicity           11  0.38317074134450363       in event            1
 Added good helicity           12  1.30778767008195556E-003  in event            1
 Added good helicity           13  7.58651478010730039E-006  in event            1
 Added good helicity           14  0.54432622877234227       in event            1
 Added good helicity           15  9.49797092547272209E-002  in event            1
 Added good helicity           16  1.45682023963151330E-005  in event            1
 Added good helicity           17  1.45682060303709189E-005  in event            1
 Added good helicity           18  9.49797098032105214E-002  in event            1
 Added good helicity           19  0.54432631909181528       in event            1
 Added good helicity           20  7.58651556423579729E-006  in event            1
 Added good helicity           21  1.30778764671700670E-003  in event            1
 Added good helicity           22  0.38317073913767741       in event            1
 Added good helicity           23  0.94152113395891035       in event            1
 Added good helicity           24  1.13052105047966173E-005  in event            1
 Added good helicity           26  3.73247944507095337E-005  in event            1
 Added good helicity           27  2.21475149317057684E-005  in event            1
 Added good helicity           28   3.4000488284159966       in event            1
 Added good helicity           30  4.84068978675426074E-005  in event            1
 Added good helicity           31  2.67013986230096314E-004  in event            1
 Added good helicity           32   10.634237165671536       in event            1
 Added good helicity            4  1.94891980627482889E-006  in event            5
 Added good helicity           29  1.94891980710669825E-006  in event            5
 Iteration  1   Mean: 0.3169E-07 Abs mean: 0.3169E-07   Fluctuation:  0.103E-07   0.775E-05    64.1%
  1    0.3169E-07 0.3169E-07 +- 0.1029E-07     10.27
 Writing out events  9.89269360285753418E-012   10.273073670699644     
 Relative summed weights:
  0.1000E+01  0.0000E+00
 Relative number of events:
  0.1000E+01  0.0000E+00
 Events:
        1000           0
Warning xbin not returning correct x   2  0.994231E+00  0.999911E+00  0.1565E-01
Warning xbin not returning correct x   2  0.986640E+00  0.999794E+00  0.1565E-01
Warning xbin not returning correct x   2  0.986419E+00  0.999791E+00  0.1565E-01
Warning xbin not returning correct x   2  0.989786E+00  0.999843E+00  0.1565E-01
Warning xbin not returning correct x   2  0.987748E+00  0.999811E+00  0.1565E-01
Warning xbin still not working well. Last message this iteration.
 Iteration  2   Mean: 0.6933E-08 Abs mean: 0.6933E-08   Fluctuation:  0.481E-09   0.340E-06    91.7%
  2    0.6933E-08 0.6933E-08 +- 0.4811E-09      3.10
 Relative summed weights:
  0.1000E+01  0.0000E+00
 Relative number of events:
  0.1000E+01  0.0000E+00
 Events:
        2000           0
 Iteration  3   Mean: 0.1477E-06 Abs mean: 0.1477E-06   Fluctuation:  0.567E-07   0.210E-03    98.6%
  3    0.1477E-06 0.1477E-06 +- 0.5672E-07     24.29
 Relative summed weights:
  0.1000E+01  0.0000E+00
 Relative number of events:
  0.1000E+01  0.0000E+00
 Events:
        4000           0
 Accuracy:    1.412   0.100   0.067 446.498
 Found          543  events.
 Wrote            2  events.
 Actual xsec   1.22437243117185736E-008
 Correct abs xsec   1.22437243117185736E-008
 Event xsec   1.22437243117185736E-008
 Events wgts > 1:            0
 % Cross section > 1:    0.0000000000000000        0.0000000000000000     
 Iteration  4   Mean: 0.1296E-06 Abs mean: 0.1296E-06   Fluctuation:  0.240E-07   0.154E-03    99.8%
  4    0.1296E-06 0.1296E-06 +- 0.2402E-07     16.58
 Relative summed weights:
  0.1000E+01  0.0000E+00
 Relative number of events:
  0.1000E+01  0.0000E+00
 Events:
        8000           0
 Accuracy:    0.986   0.100   0.063 245.756
 Found          321  events.
 Wrote            6  events.
 Actual xsec   2.55190051207184574E-008
 Correct abs xsec   2.55190051207184574E-008
 Event xsec   2.55190051207184541E-008
 Events wgts > 1:            0
 % Cross section > 1:    0.0000000000000000        0.0000000000000000     
 Iteration  5   Mean: 0.1554E-06 Abs mean: 0.1554E-06   Fluctuation:  0.155E-07   0.144E-03   100.0%
  5    0.1554E-06 0.1554E-06 +- 0.1550E-07     12.62
 Relative summed weights:
  0.1000E+01  0.0000E+00
 Relative number of events:
  0.1000E+01  0.0000E+00
 Events:
       16000           0
 Accuracy:    0.553   0.100   0.053 108.292
 Found         1002  events.
 Wrote           19  events.
 Actual xsec   1.49532960638767378E-007
 Correct abs xsec   1.49532960638767378E-007
 Event xsec   1.49532960638767325E-007
 Events wgts > 1:            1
 % Cross section > 1:   1.35034484564871111E-009  0.90304160359052366     

 -------------------------------------------------------------------------------
 Accumulated results:   Integral =  0.6262E-07
                        Std dev  =  0.3330E-08
                       Cross sec =  0.6262E-07
             Chi**2 per DoF.     =    108.2924
 -------------------------------------------------------------------------------
-------------------------------------------------
---------------------------
 Results Last   3 iters: Integral =   0.1495E-06
                     Abs integral =   0.1495E-06
                          Std dev =   0.1280E-07
                  Chi**2 per DoF. =      0.4161
-------------------------------------------------
---------------------------
 Status  0.10000000000000001                6           5

ls status:
events.lhe
input_app.txt
multijob.dat
results.dat
run_01_log.txt
run_01_results.dat
run_02_log.txt
run_02_results.dat
run_03_log.txt
run_03_results.dat
run1_app.log
