 Process in group number            0
 No PDF is used, alpha_s(MZ) from param_card is used
 Value of alpha_s from param_card:   0.11800000071525575     
 The default order of alpha_s running is fixed to            2
 *****************************************************
 *               MadGraph/MadEvent                   *
 *        --------------------------------           *
 *          http://madgraph.hep.uiuc.edu             *
 *          http://madgraph.phys.ucl.ac.be           *
 *          http://madgraph.roma2.infn.it            *
 *        --------------------------------           *
 *                                                   *
 *          PARAMETER AND COUPLING VALUES            *
 *                                                   *
 *****************************************************

  External Params
  ---------------------------------
  
 aEWM1 =    132.50700378417969     
 mdl_Gf =   1.16639000000000003E-005
 aS =   0.11800000071525575     
 mdl_ymb =    4.6999998092651367     
 mdl_ymt =    173.00000000000000     
 mdl_yme =   5.10999991092830896E-004
 mdl_ymm =   0.10565999895334244     
 mdl_ymtau =    1.7769999504089355     
 mdl_MZ =    91.188003540039063     
 mdl_MT =    173.00000000000000     
 mdl_MB =    4.6999998092651367     
 mdl_MH =    125.00000000000000     
 mdl_Me =   5.10999991092830896E-004
 mdl_MM =   0.10565999895334244     
 mdl_MTA =    1.7769999504089355     
 mdl_WZ =    2.4414041042327881     
 mdl_WW =    2.0476000308990479     
 mdl_WT =    1.4915000200271606     
 mdl_WH =   6.38233916833996773E-003
 mdl_WTau =   2.26999999999999982E-012
  Internal Params
  ---------------------------------
  
 mdl_conjg__CKM3x3 =    1.0000000000000000     
 mdl_CKM3x3 =    1.0000000000000000     
 mdl_conjg__CKM1x1 =    1.0000000000000000     
 mdl_complexi =  (  0.0000000000000000     ,  1.0000000000000000     )
 mdl_MZ__exp__2 =    8315.2519896181766     
 mdl_MZ__exp__4 =    69143415.650849044     
 mdl_sqrt__2 =    1.4142135623730951     
 mdl_MH__exp__2 =    15625.000000000000     
 mdl_aEW =   7.54677089845565054E-003
 mdl_MW =    80.419007276179556     
 mdl_sqrt__aEW =   8.68721526063194194E-002
 mdl_ee =   0.30795376284704501     
 mdl_MW__exp__2 =    6467.2167312862202     
 mdl_sw2 =   0.22224645274001076     
 mdl_cw =   0.88190336616887299     
 mdl_sqrt__sw2 =   0.47143022043565552     
 mdl_sw =   0.47143022043565552     
 mdl_g1 =   0.34919218438279087     
 mdl_gw =   0.65323296958447097     
 mdl_vev =    246.21845810181631     
 mdl_vev__exp__2 =    60623.529110035874     
 mdl_lam =   0.12886910601690271     
 mdl_yb =   2.69955531549349904E-002
 mdl_ye =   2.93504850670934038E-006
 mdl_ym =   6.06883028478528356E-004
 mdl_yt =   0.99366614581500645     
 mdl_ytau =   1.02066167158167895E-002
 mdl_muH =    88.388347648318444     
 mdl_I1x33 =  ( 2.69955531549349904E-002,  0.0000000000000000     )
 mdl_I2x33 =  ( 0.99366614581500645     ,  0.0000000000000000     )
 mdl_I3x33 =  ( 0.99366614581500645     ,  0.0000000000000000     )
 mdl_I4x33 =  ( 2.69955531549349904E-002,  0.0000000000000000     )
 mdl_ee__exp__2 =   9.48355200516540348E-002
 mdl_sw__exp__2 =   0.22224645274001076     
 mdl_cw__exp__2 =   0.77775354725998924     
  Internal Params evaluated point by point
  ----------------------------------------
  
 mdl_sqrt__aS =   0.34351128178744839     
 mdl_G__exp__2 =    1.4828317414825511     
  Couplings of sm-lepton_masses
  ---------------------------------
  
         GC_3 =  -0.00000E+00  -0.30795E+00
        GC_50 =  -0.00000E+00  -0.28804E+00
        GC_59 =   0.00000E+00   0.82310E-01
        GC_89 =  -0.00000E+00  -0.20754E-05

 Collider parameters:
 --------------------

 Running at e e   machine @   7.14879999999999960E-002  GeV
 PDF set = none   
 alpha_s(Mz)= 0.1180 running at 2 loops.
 alpha_s(Mz)= 0.1180 running at 2 loops.
 Renormalization scale fixed @    91.188000000000002     
 Factorization scales  fixed @    91.188000000000002        91.188000000000002     


 getting user params
Enter number of events and max and min iterations: 
 Number of events and iterations         2000           9           3
Enter desired fractional accuracy: 
 Desired fractional accuracy:  -6.70389999999999983E-004
Enter 0 for fixed, 2 for adjustable grid: 
Suppress amplitude (0 no, 1 yes)? 
 Using suppressed amplitude.
Exact helicity sum (0 yes, n = number/event)? 
 Explicitly summing over helicities
Enter Configuration Number: 
Running Configuration Number:   10
 Not subdividing B.W.
 Attempting mappinvarients           1           5
 Completed mapping           5
 about to integrate            5        2000           9           3           5           1
 Using non-zero grid deformation.
  5 dimensions   2000 events  5 invarients  9 iterations  1 config(s),  (0.99)
 Using h-tuple random number sequence.
 Error opening grid
 Using Uniform Grid!
 Using uniform alpha   1.0000000000000000     
 Grid defined OK
 Set CM energy to          0.07
 Mapping Graph          10  to config          10
Setting grid   1    0.20438E-03   1
Setting grid   2    0.20438E-03   1
 Masses: 0.511E-03 0.511E-03 0.000E+00 0.511E-03 0.511E-03
  10   1   2   3   4   5
 Got moffset           2
Using random seed offsets    10 :      1
  with seed                   78
 Ranmar initialization seeds        6651       15769
  Particle       3       4       5
      Et >     0.0     0.0     0.0
       E >     0.0     0.0     0.0
     Eta <    -1.0    -1.0    -1.0
   xqcut:      0.0     0.0     0.0
d R # 3  >    -0.0     0.0     0.0
d R # 4  >    -0.0    -0.0     0.0
s min # 3>     0.0     0.0     0.0
s min # 4>     0.0     0.0     0.0
xqcutij # 3>     0.0     0.0     0.0
xqcutij # 4>     0.0     0.0     0.0
 alpha_s for scale    91.188000000000002       is   0.11800000071525575     
 Added good helicity            1  0.22821483149106453       in event            1
 Added good helicity            2  7.57366675460607815E-005  in event            1
 Added good helicity            3  2.86931646946123606E-004  in event            1
 Added good helicity            4  6.31073375997765265E-004  in event            1
 Added good helicity            5  6.31203216984958316E-004  in event            1
 Added good helicity            6  8.00426070893164809E-006  in event            1
 Added good helicity            7  2.45064916420944017E-005  in event            1
 Added good helicity            9  3.73586753389617987E-006  in event            1
 Added good helicity           10  3.84465757667160346E-002  in event            1
 Added good helicity           11  4.33446221393311501E-003  in event            1
 Added good helicity           12  0.66185730189021674       in event            1
 Added good helicity           13   14.402451110173375       in event            1
 Added good helicity           14  0.31371486204770149       in event            1
 Added good helicity           15  0.34931820799270352       in event            1
 Added good helicity           16  1.45499053582041866E-006  in event            1
 Added good helicity           17  1.45499060864836483E-006  in event            1
 Added good helicity           18  0.34931820816792575       in event            1
 Added good helicity           19  0.31371486578406205       in event            1
 Added good helicity           20   14.402451109647807       in event            1
 Added good helicity           21  0.66185730185408742       in event            1
 Added good helicity           22  4.33446221040945361E-003  in event            1
 Added good helicity           23  3.84465762262919120E-002  in event            1
 Added good helicity           24  3.73586765110996537E-006  in event            1
 Added good helicity           26  2.45064914708562018E-005  in event            1
 Added good helicity           27  8.00426076876690760E-006  in event            1
 Added good helicity           28  6.31203216991052182E-004  in event            1
 Added good helicity           29  6.31073375991911332E-004  in event            1
 Added good helicity           30  2.86931649103145075E-004  in event            1
 Added good helicity           31  7.57366668533330866E-005  in event            1
 Added good helicity           32  0.22821483149047694       in event            1
 Iteration  1   Mean: 0.1327E+07 Abs mean: 0.1327E+07   Fluctuation:  0.602E+05   0.643E+08    65.2%
  1    0.1327E+07 0.1327E+07 +- 0.6021E+05      2.03
 Writing out events   113.04830714550077        2.0284082077002754     
 Relative summed weights:
  0.1000E+01  0.0000E+00
 Relative number of events:
  0.1000E+01  0.0000E+00
 Events:
        2000           0
Warning xbin not returning correct x   2  0.998351E+00  0.100000E+01  0.1334E-03
 Iteration  2   Mean: 0.1430E+07 Abs mean: 0.1430E+07   Fluctuation:  0.300E+05   0.386E+08    91.9%
  2    0.1430E+07 0.1430E+07 +- 0.2999E+05      1.33
 Relative summed weights:
  0.1000E+01  0.0000E+00
 Relative number of events:
  0.1000E+01  0.0000E+00
 Events:
        4000           0
Warning xbin not returning correct x   2  0.998575E+00  0.100000E+01  0.1681E-03
Warning xbin not returning correct x   2  0.998243E+00  0.100000E+01  0.1681E-03
Warning xbin not returning correct x   2  0.998477E+00  0.100000E+01  0.1681E-03
 Iteration  3   Mean: 0.1437E+07 Abs mean: 0.1437E+07   Fluctuation:  0.182E+05   0.384E+08    92.4%
  3    0.1437E+07 0.1437E+07 +- 0.1815E+05      1.13
 Relative summed weights:
  0.1000E+01  0.0000E+00
 Relative number of events:
  0.1000E+01  0.0000E+00
 Events:
        8000           0
 Found          853  events.
 Wrote          714  events.
 Actual xsec    1429087.8673198593     
 Correct abs xsec    1429087.8673198593     
 Event xsec    1429087.8673198516     
 Events wgts > 1:           11
 % Cross section > 1:    13657.078792607903       0.95565004118471331     
 Checking number of events   958.04621537256048              714  chi2:    1.5146564286684563     
 Found          853  events.
 Wrote          702  events.
 Actual xsec    1429087.8673198593     
 Correct abs xsec    1429087.8673198593     
 Event xsec    1429087.8673198442     
 Events wgts > 1:           11
 % Cross section > 1:    13888.264358224131       0.97182718262597900     
Warning xbin not returning correct x   2  0.998299E+00  0.100000E+01  0.1839E-03
Warning xbin not returning correct x   2  0.998711E+00  0.100000E+01  0.1839E-03
Warning xbin not returning correct x   2  0.998347E+00  0.100000E+01  0.1839E-03
 Iteration  4   Mean: 0.1405E+07 Abs mean: 0.1405E+07   Fluctuation:  0.945E+04   0.172E+08    91.1%
  4    0.1405E+07 0.1405E+07 +- 0.9452E+04      0.85
 Relative summed weights:
  0.1000E+01  0.0000E+00
 Relative number of events:
  0.1000E+01  0.0000E+00
 Events:
       16000           0
 Found         1660  events.
 Wrote         1655  events.
 Actual xsec    1413016.0796081431     
 Correct abs xsec    1413016.0796081431     
 Event xsec    1413016.0796081894     
 Events wgts > 1:            2
 % Cross section > 1:    478.92861588902747       3.38940669395516037E-002
 Checking number of events   947.27184960850298             1655  chi2:    1.4080120492091375     

 -------------------------------------------------------------------------------
 Accumulated results:   Integral =  0.1412E+07
                        Std dev  =  0.8004E+04
                       Cross sec =  0.1546E+01
             Chi**2 per DoF.     =
-------------------------------------------------
---------------------------
 Results Last   3 iters: Integral =   0.1413E+07
                     Abs integral =   0.1413E+07
                          Std dev =   0.8075E+04
                  Chi**2 per DoF. =      1.4080
-------------------------------------------------
---------------------------
 Status -6.70389999999999983E-004           5           9
 We found enough events        1655   947.27184960850298     

ls status:
events.lhe
ftn25
ftn26
input_sg.txt
moffset.dat
results.dat
run1_app.log
