 Process in group number            0
 No PDF is used, alpha_s(MZ) from param_card is used
 Value of alpha_s from param_card:   0.11800000071525575     
 The default order of alpha_s running is fixed to            2
 Warning: pt or E min of a gamma should in general be >0
 Warning: pt or E min of a gamma should in general be >0
 Warning: pt or E min of a gamma should in general be >0
 *****************************************************
 *               MadGraph/MadEvent                   *
 *        --------------------------------           *
 *          http://madgraph.hep.uiuc.edu             *
 *          http://madgraph.phys.ucl.ac.be           *
 *          http://madgraph.roma2.infn.it            *
 *        --------------------------------           *
 *                                                   *
 *          PARAMETER AND COUPLING VALUES            *
 *                                                   *
 *****************************************************

  External Params
  ---------------------------------
  
 aEWM1 =    132.50700378417969     
 mdl_Gf =   1.16639000000000003E-005
 aS =   0.11800000071525575     
 mdl_ymb =    4.6999998092651367     
 mdl_ymt =    173.00000000000000     
 mdl_yme =   5.10999991092830896E-004
 mdl_ymm =   0.10565999895334244     
 mdl_ymtau =    1.7769999504089355     
 mdl_MZ =    91.188003540039063     
 mdl_MT =    173.00000000000000     
 mdl_MB =    4.6999998092651367     
 mdl_MH =    125.00000000000000     
 mdl_Me =   5.10999991092830896E-004
 mdl_MM =   0.10565999895334244     
 mdl_MTA =    1.7769999504089355     
 mdl_WZ =    2.4414041042327881     
 mdl_WW =    2.0476000308990479     
 mdl_WT =    1.4915000200271606     
 mdl_WH =   6.38233916833996773E-003
 mdl_WTau =   2.26999999999999982E-012
  Internal Params
  ---------------------------------
  
 mdl_conjg__CKM3x3 =    1.0000000000000000     
 mdl_CKM3x3 =    1.0000000000000000     
 mdl_conjg__CKM1x1 =    1.0000000000000000     
 mdl_complexi =  (  0.0000000000000000     ,  1.0000000000000000     )
 mdl_MZ__exp__2 =    8315.2519896181766     
 mdl_MZ__exp__4 =    69143415.650849044     
 mdl_sqrt__2 =    1.4142135623730951     
 mdl_MH__exp__2 =    15625.000000000000     
 mdl_aEW =   7.54677089845565054E-003
 mdl_MW =    80.419007276179556     
 mdl_sqrt__aEW =   8.68721526063194194E-002
 mdl_ee =   0.30795376284704501     
 mdl_MW__exp__2 =    6467.2167312862202     
 mdl_sw2 =   0.22224645274001076     
 mdl_cw =   0.88190336616887299     
 mdl_sqrt__sw2 =   0.47143022043565552     
 mdl_sw =   0.47143022043565552     
 mdl_g1 =   0.34919218438279087     
 mdl_gw =   0.65323296958447097     
 mdl_vev =    246.21845810181631     
 mdl_vev__exp__2 =    60623.529110035874     
 mdl_lam =   0.12886910601690271     
 mdl_yb =   2.69955531549349904E-002
 mdl_ye =   2.93504850670934038E-006
 mdl_ym =   6.06883028478528356E-004
 mdl_yt =   0.99366614581500645     
 mdl_ytau =   1.02066167158167895E-002
 mdl_muH =    88.388347648318444     
 mdl_I1x33 =  ( 2.69955531549349904E-002,  0.0000000000000000     )
 mdl_I2x33 =  ( 0.99366614581500645     ,  0.0000000000000000     )
 mdl_I3x33 =  ( 0.99366614581500645     ,  0.0000000000000000     )
 mdl_I4x33 =  ( 2.69955531549349904E-002,  0.0000000000000000     )
 mdl_ee__exp__2 =   9.48355200516540348E-002
 mdl_sw__exp__2 =   0.22224645274001076     
 mdl_cw__exp__2 =   0.77775354725998924     
  Internal Params evaluated point by point
  ----------------------------------------
  
 mdl_sqrt__aS =   0.34351128178744839     
 mdl_G__exp__2 =    1.4828317414825511     
  Couplings of sm-lepton_masses
  ---------------------------------
  
         GC_3 =  -0.00000E+00  -0.30795E+00

 Collider parameters:
 --------------------

 Running at e e   machine @   7.00000000000000067E-002  GeV
 PDF set = none   
 alpha_s(Mz)= 0.1180 running at 2 loops.
 alpha_s(Mz)= 0.1180 running at 2 loops.
 Renormalization scale fixed @    91.188000000000002     
 Factorization scales  fixed @    91.188000000000002        91.188000000000002     


 getting user params
Enter number of events and max and min iterations: 
 Number of events and iterations         1000           9           3
Enter desired fractional accuracy: 
 Desired fractional accuracy:  -4.19009999999999974E-005
Enter 0 for fixed, 2 for adjustable grid: 
Suppress amplitude (0 no, 1 yes)? 
 Using suppressed amplitude.
Exact helicity sum (0 yes, n = number/event)? 
 Explicitly summing over helicities
Enter Configuration Number: 
Running Configuration Number:    1
 Not subdividing B.W.
 Attempting mappinvarients           1           5
 Completed mapping           5
 about to integrate            5        1000           9           3           5           1
 Keeping grid fixed.
  5 dimensions   1000 events  5 invarients  9 iterations  1 config(s),  (0.99)
 Using h-tuple random number sequence.
 Grid read from file
 Grid defined OK
 Set CM energy to          0.07
 Mapping Graph           1  to config           1
 Warning: No cutoff for shat integral found
          Minimum set to    204.08163265306121     
 No modification is setgrid, grid read from file
 Warning: No cutoff for shat integral found
          Minimum set to    204.08163265306121     
 No modification is setgrid, grid read from file
 Masses: 0.511E-03 0.511E-03 0.000E+00 0.000E+00 0.000E+00
   1   1   2   3   4   5
 Got moffset          15
Using random seed offsets     1 :      1
  with seed                   30
 Ranmar initialization seeds        8292       26679
  Particle       3       4       5
      Et >     0.0     0.0     0.0
       E >     0.0     0.0     0.0
     Eta <    -1.0    -1.0    -1.0
   xqcut:      0.0     0.0     0.0
d R # 3  >    -0.0     0.0     0.0
d R # 4  >    -0.0    -0.0     0.0
s min # 3>     0.0     0.0     0.0
s min # 4>     0.0     0.0     0.0
xqcutij # 3>     0.0     0.0     0.0
xqcutij # 4>     0.0     0.0     0.0
 alpha_s for scale    91.188000000000002       is   0.11800000071525575     
 Added good helicity            1  1.89076426148832473E-002  in event            1
 Added good helicity            3   13.021914321233002       in event            1
 Added good helicity            5   2.5239416107590213       in event            1
 Added good helicity           11  1.79594871286073259E-002  in event            1
 Added good helicity           12  1.01842430524811716E-006  in event            1
 Added good helicity           13  0.41718429580762145       in event            1
 Added good helicity           14  1.07476023496433094E-006  in event            1
 Added good helicity           15  9.02063970697601115E-005  in event            1
 Added good helicity           18  9.02063970697601115E-005  in event            1
 Added good helicity           19  1.07476023496433094E-006  in event            1
 Added good helicity           20  0.41718429580762145       in event            1
 Added good helicity           21  1.01842430524811716E-006  in event            1
 Added good helicity           22  1.79594871286073259E-002  in event            1
 Added good helicity           28   2.5239416107590209       in event            1
 Added good helicity           30   13.021914321233002       in event            1
 Added good helicity           32  1.89076426148832473E-002  in event            1
 Added good helicity            2  4.52702293262260914E-005  in event            2
 Added good helicity            4  4.52703877545228655E-005  in event            2
 Added good helicity            7  4.52697442649149803E-005  in event            2
 Added good helicity           10   7.9765075633118414       in event            2
 Added good helicity           23   7.9765075633118414       in event            2
 Added good helicity           26  4.52697442649149803E-005  in event            2
 Added good helicity           29  4.52703877545228655E-005  in event            2
 Added good helicity           31  4.52702293262260914E-005  in event            2
 Added good helicity            6  1.23620721724417828E-005  in event            3
 Added good helicity           27  1.23620721724417828E-005  in event            3
 Iteration  1   Mean: 0.1050E+09 Abs mean: 0.1050E+09   Fluctuation:  0.106E+08   0.946E+10    99.3%
  1    0.1050E+09 0.1050E+09 +- 0.1059E+08      3.19
 Writing out events   11743.967412343665        3.1920688009366804     
 Relative summed weights:
  0.1279E+00  0.0000E+00
  0.1963E+00  0.0000E+00
  0.2367E+00  0.0000E+00
  0.1234E+00  0.0000E+00
  0.1561E+00  0.0000E+00
  0.1596E+00  0.0000E+00
 Relative number of events:
  0.1640E+00  0.0000E+00
  0.1720E+00  0.0000E+00
  0.1850E+00  0.0000E+00
  0.1470E+00  0.0000E+00
  0.1730E+00  0.0000E+00
  0.1590E+00  0.0000E+00
 Events:
         164           0
         172           0
         185           0
         147           0
         173           0
         159           0
 Iteration  2   Mean: 0.1232E+09 Abs mean: 0.1232E+09   Fluctuation:  0.122E+08   0.205E+11    99.0%
  2    0.1232E+09 0.1232E+09 +- 0.1220E+08      4.43
 Relative summed weights:
  0.1356E+00  0.0000E+00
  0.1732E+00  0.0000E+00
  0.1875E+00  0.0000E+00
  0.1412E+00  0.0000E+00
  0.1246E+00  0.0000E+00
  0.2380E+00  0.0000E+00
 Relative number of events:
  0.1605E+00  0.0000E+00
  0.1840E+00  0.0000E+00
  0.1515E+00  0.0000E+00
  0.1780E+00  0.0000E+00
  0.1575E+00  0.0000E+00
  0.1685E+00  0.0000E+00
 Events:
         321           0
         368           0
         303           0
         356           0
         315           0
         337           0
 Iteration  3   Mean: 0.1119E+09 Abs mean: 0.1119E+09   Fluctuation:  0.594E+07   0.151E+11    99.3%
  3    0.1119E+09 0.1119E+09 +- 0.5936E+07      3.36
 Relative summed weights:
  0.1669E+00  0.0000E+00
  0.1572E+00  0.0000E+00
  0.1862E+00  0.0000E+00
  0.1549E+00  0.0000E+00
  0.1464E+00  0.0000E+00
  0.1884E+00  0.0000E+00
 Relative number of events:
  0.1805E+00  0.0000E+00
  0.1565E+00  0.0000E+00
  0.1710E+00  0.0000E+00
  0.1715E+00  0.0000E+00
  0.1537E+00  0.0000E+00
  0.1668E+00  0.0000E+00
 Events:
         722           0
         626           0
         684           0
         686           0
         615           0
         667           0
 Found          330  events.
 Wrote           36  events.
 Actual xsec    112734283.03011461     
 Correct abs xsec    112734283.03011461     
 Event xsec    112734283.03011452     
 Events wgts > 1:            1
 % Cross section > 1:    678457.14045153046       0.60181971465618433     
 Checking number of events   4723.6791932448314               36  chi2:   0.64607418245101267     
 Found          330  events.
 Wrote           45  events.
 Actual xsec    112734283.03011461     
 Correct abs xsec    112734283.03011461     
 Event xsec    112734283.03011467     
 Events wgts > 1:            1
 % Cross section > 1:    543419.79385177325       0.48203596922385156     
 Iteration  4   Mean: 0.1174E+09 Abs mean: 0.1174E+09   Fluctuation:  0.650E+07   0.454E+11    99.3%
  4    0.1174E+09 0.1174E+09 +- 0.6496E+07      4.95
 Relative summed weights:
  0.1546E+00  0.0000E+00
  0.1603E+00  0.0000E+00
  0.1490E+00  0.0000E+00
  0.1493E+00  0.0000E+00
  0.2034E+00  0.0000E+00
  0.1834E+00  0.0000E+00
 Relative number of events:
  0.1664E+00  0.0000E+00
  0.1708E+00  0.0000E+00
  0.1684E+00  0.0000E+00
  0.1665E+00  0.0000E+00
  0.1659E+00  0.0000E+00
  0.1621E+00  0.0000E+00
 Events:
        1331           0
        1366           0
        1347           0
        1332           0
        1327           0
        1297           0
 Found          757  events.
 Wrote           25  events.
 Actual xsec    115645006.74243681     
 Correct abs xsec    115645006.74243681     
 Event xsec    115645006.74243681     
 Events wgts > 1:            1
 % Cross section > 1:   0.24504590127617121       2.11894925841402347E-007
 Checking number of events   4845.6414275148445               25  chi2:   0.42740177161392101     
 Found          757  events.
 Wrote           23  events.
 Actual xsec    115645006.74243681     
 Correct abs xsec    115645006.74243681     
 Event xsec    115645006.74243674     
 Events wgts > 1:            1
 % Cross section > 1:   0.26635424140840769       2.30320572337056351E-007
 Iteration  5   Mean: 0.1221E+09 Abs mean: 0.1221E+09   Fluctuation:  0.727E+07   0.839E+11    99.4%
  5    0.1221E+09 0.1221E+09 +- 0.7270E+07      7.53
 Relative summed weights:
  0.1766E+00  0.0000E+00
  0.1784E+00  0.0000E+00
  0.1523E+00  0.0000E+00
  0.2005E+00  0.0000E+00
  0.1407E+00  0.0000E+00
  0.1516E+00  0.0000E+00
 Relative number of events:
  0.1698E+00  0.0000E+00
  0.1679E+00  0.0000E+00
  0.1657E+00  0.0000E+00
  0.1688E+00  0.0000E+00
  0.1664E+00  0.0000E+00
  0.1614E+00  0.0000E+00
 Events:
        2717           0
        2686           0
        2651           0
        2701           0
        2662           0
        2583           0
 Found         1372  events.
 Wrote           18  events.
 Actual xsec    116726210.37593731     
 Correct abs xsec    116726210.37593731     
 Event xsec    116726210.37593730     
 Events wgts > 1:            1
 % Cross section > 1:   0.14045348763465881       1.20327291687362803E-007
 Checking number of events   4890.9449409621493               18  chi2:   0.60761723570436676     
 Found         1372  events.
 Wrote           24  events.
 Actual xsec    116726210.37593731     
 Correct abs xsec    116726210.37593731     
 Event xsec    116726210.37593734     
 Events wgts > 1:            1
 % Cross section > 1:   0.10534011665731668       9.02454695633913445E-008
 Iteration  6   Mean: 0.1160E+09 Abs mean: 0.1160E+09   Fluctuation:  0.267E+07   0.481E+11    99.3%
  6    0.1160E+09 0.1160E+09 +- 0.2675E+07      4.12
 Relative summed weights:
  0.1757E+00  0.0000E+00
  0.1639E+00  0.0000E+00
  0.1612E+00  0.0000E+00
  0.1812E+00  0.0000E+00
  0.1649E+00  0.0000E+00
  0.1531E+00  0.0000E+00
 Relative number of events:
  0.1656E+00  0.0000E+00
  0.1652E+00  0.0000E+00
  0.1671E+00  0.0000E+00
  0.1684E+00  0.0000E+00
  0.1682E+00  0.0000E+00
  0.1655E+00  0.0000E+00
 Events:
        5299           0
        5287           0
        5346           0
        5390           0
        5383           0
        5295           0
 Found         2729  events.
 Wrote          151  events.
 Actual xsec    116876759.44678280     
 Correct abs xsec    116876759.44678280     
 Event xsec    116876759.44678272     
 Events wgts > 1:            3
 % Cross section > 1:    1089526.1177872429       0.93220082670356275     
 Checking number of events   4897.2530975796453              151  chi2:   0.31023572663419580     
 Found         2729  events.
 Wrote          156  events.
 Actual xsec    116876759.44678280     
 Correct abs xsec    116876759.44678280     
 Event xsec    116876759.44678280     
 Events wgts > 1:            3
 % Cross section > 1:    1054920.6005042857       0.90259227368861139     
 Iteration  7   Mean: 0.1188E+09 Abs mean: 0.1188E+09   Fluctuation:  0.238E+07   0.752E+11    99.4%
  7    0.1188E+09 0.1188E+09 +- 0.2385E+07      5.08
 Relative summed weights:
  0.1598E+00  0.0000E+00
  0.1779E+00  0.0000E+00
  0.1670E+00  0.0000E+00
  0.1628E+00  0.0000E+00
  0.1682E+00  0.0000E+00
  0.1643E+00  0.0000E+00
 Relative number of events:
  0.1690E+00  0.0000E+00
  0.1695E+00  0.0000E+00
  0.1674E+00  0.0000E+00
  0.1638E+00  0.0000E+00
  0.1661E+00  0.0000E+00
  0.1642E+00  0.0000E+00
 Events:
       10819           0
       10851           0
       10714           0
       10480           0
       10630           0
       10506           0
 Found         5674  events.
 Wrote          137  events.
 Actual xsec    117890000.52033849     
 Correct abs xsec    117890000.52033849     
 Event xsec    117890000.52033888     
 Events wgts > 1:            2
 % Cross section > 1:    282691.96166077419       0.23979299381884639     
 Checking number of events   4939.7089118027025              137  chi2:   0.49100047422507359     
 Found         5674  events.
 Wrote          134  events.
 Actual xsec    117890000.52033849     
 Correct abs xsec    117890000.52033849     
 Event xsec    117890000.52033886     
 Events wgts > 1:            2
 % Cross section > 1:    289005.37092262949       0.24514833289255022     
