 Process in group number            1
 No PDF is used, alpha_s(MZ) from param_card is used
 Value of alpha_s from param_card:   0.11800000071525575     
 The default order of alpha_s running is fixed to            2
 *****************************************************
 *               MadGraph/MadEvent                   *
 *        --------------------------------           *
 *          http://madgraph.hep.uiuc.edu             *
 *          http://madgraph.phys.ucl.ac.be           *
 *          http://madgraph.roma2.infn.it            *
 *        --------------------------------           *
 *                                                   *
 *          PARAMETER AND COUPLING VALUES            *
 *                                                   *
 *****************************************************

  External Params
  ---------------------------------
  
 aEWM1 =    132.50700378417969     
 mdl_Gf =   1.16639000000000003E-005
 aS =   0.11800000071525575     
 mdl_ymb =    4.6999998092651367     
 mdl_ymt =    173.00000000000000     
 mdl_ymtau =    1.7769999504089355     
 mdl_MZ =    91.188003540039063     
 mdl_MT =    173.00000000000000     
 mdl_MB =    4.6999998092651367     
 mdl_MH =    125.00000000000000     
 mdl_MTA =    1.7769999504089355     
 mdl_WZ =    2.4414041042327881     
 mdl_WW =    2.0476000308990479     
 mdl_WT =    1.4915000200271606     
 mdl_WH =   6.38233916833996773E-003
  Internal Params
  ---------------------------------
  
 mdl_conjg__CKM3x3 =    1.0000000000000000     
 mdl_CKM3x3 =    1.0000000000000000     
 mdl_conjg__CKM1x1 =    1.0000000000000000     
 mdl_complexi =  (  0.0000000000000000     ,  1.0000000000000000     )
 mdl_MZ__exp__2 =    8315.2519896181766     
 mdl_MZ__exp__4 =    69143415.650849044     
 mdl_sqrt__2 =    1.4142135623730951     
 mdl_MH__exp__2 =    15625.000000000000     
 mdl_aEW =   7.54677089845565054E-003
 mdl_MW =    80.419007276179556     
 mdl_sqrt__aEW =   8.68721526063194194E-002
 mdl_ee =   0.30795376284704501     
 mdl_MW__exp__2 =    6467.2167312862202     
 mdl_sw2 =   0.22224645274001076     
 mdl_cw =   0.88190336616887299     
 mdl_sqrt__sw2 =   0.47143022043565552     
 mdl_sw =   0.47143022043565552     
 mdl_g1 =   0.34919218438279087     
 mdl_gw =   0.65323296958447097     
 mdl_vev =    246.21845810181631     
 mdl_vev__exp__2 =    60623.529110035874     
 mdl_lam =   0.12886910601690271     
 mdl_yb =   2.69955531549349904E-002
 mdl_yt =   0.99366614581500645     
 mdl_ytau =   1.02066167158167895E-002
 mdl_muH =    88.388347648318444     
 mdl_I1x33 =  ( 2.69955531549349904E-002,  0.0000000000000000     )
 mdl_I2x33 =  ( 0.99366614581500645     ,  0.0000000000000000     )
 mdl_I3x33 =  ( 0.99366614581500645     ,  0.0000000000000000     )
 mdl_I4x33 =  ( 2.69955531549349904E-002,  0.0000000000000000     )
 mdl_ee__exp__2 =   9.48355200516540348E-002
 mdl_sw__exp__2 =   0.22224645274001076     
 mdl_cw__exp__2 =   0.77775354725998924     
  Internal Params evaluated point by point
  ----------------------------------------
  
 mdl_sqrt__aS =   0.34351128178744839     
 mdl_G__exp__2 =    1.4828317414825511     
  Couplings of sm
  ---------------------------------
  
         GC_3 =  -0.00000E+00  -0.30795E+00

 Collider parameters:
 --------------------

 Running at e e   machine @    13000.000000000000       GeV
 PDF set = none   
 alpha_s(Mz)= 0.1180 running at 2 loops.
 alpha_s(Mz)= 0.1180 running at 2 loops.
 Renormalization scale set on event-by-event basis
 Factorization   scale set on event-by-event basis


 getting user params
Enter number of events and max and min iterations: 
 Number of events and iterations         2000           9           3
Enter desired fractional accuracy: 
 Desired fractional accuracy:   -2624700.0000000000     
Enter 0 for fixed, 2 for adjustable grid: 
Suppress amplitude (0 no, 1 yes)? 
 Using suppressed amplitude.
Exact helicity sum (0 yes, n = number/event)? 
 Explicitly summing over helicities
Enter Configuration Number: 
Running Configuration Number:    1
 Not subdividing B.W.
 Attempting mappinvarients           1           5
 Completed mapping           5
 about to integrate            5        2000           9           3           5           1
 Using non-zero grid deformation.
  5 dimensions   2000 events  5 invarients  9 iterations  1 config(s),  (0.99)
 Using h-tuple random number sequence.
 Error opening grid
 Using Uniform Grid!
 Using uniform alpha   1.0000000000000000     
 Grid defined OK
 Set CM energy to      13000.00
 Mapping Graph           1  to config           1
Setting grid   1    0.59172E-06   1
Setting grid   2    0.59172E-06   1
 Masses: 0.000E+00 0.000E+00 0.000E+00 0.000E+00 0.000E+00
   1   1   2   3   4   5
 Got moffset           8
Using random seed offsets     1 :      1
  with seed                   27
 Ranmar initialization seeds        4635        4577
  Particle       3       4       5
      Et >    10.0    10.0    10.0
       E >     0.0     0.0     0.0
     Eta <     2.5     2.5     2.5
   xqcut:      0.0     0.0     0.0
d R # 3  >    -0.0     0.4     0.4
d R # 4  >    -0.0    -0.0     0.4
s min # 3>     0.0     0.0     0.0
s min # 4>     0.0     0.0     0.0
xqcutij # 3>     0.0     0.0     0.0
xqcutij # 4>     0.0     0.0     0.0
 alpha_s for scale    75.469285005776200       is   0.12146790391294746     
 Added good helicity           10   10.407806795622978       in event            1
 Added good helicity           11  2.18076349854164882E-005  in event            1
 Added good helicity           12   4.5175651001110584       in event            1
 Added good helicity           13  0.49396294648599409       in event            1
 Added good helicity           14  1.17849482389883603E-002  in event            1
 Added good helicity           15  0.56885840190599568       in event            1
 Added good helicity           18  0.56885840190599568       in event            1
 Added good helicity           19  1.17849482389883603E-002  in event            1
 Added good helicity           20  0.49396294648599409       in event            1
 Added good helicity           21   4.5175651001110584       in event            1
 Added good helicity           22  2.18076349854164882E-005  in event            1
 Added good helicity           23   10.407806795622978       in event            1
 Iteration  1   Mean: 0.4264E-03 Abs mean: 0.4264E-03   Fluctuation:  0.753E-04   0.131E+00    11.3%
  1    0.4264E-03 0.4264E-03 +- 0.7525E-04      7.89
 Writing out events  2.09468997516371663E-007   7.8925319855308960     
 Relative summed weights:
  0.1275E+00  0.0000E+00
  0.2564E+00  0.0000E+00
  0.1944E+00  0.0000E+00
  0.1701E+00  0.0000E+00
  0.1444E+00  0.0000E+00
  0.1072E+00  0.0000E+00
 Relative number of events:
  0.1705E+00  0.0000E+00
  0.1635E+00  0.0000E+00
  0.1750E+00  0.0000E+00
  0.1625E+00  0.0000E+00
  0.1715E+00  0.0000E+00
  0.1570E+00  0.0000E+00
 Events:
         341           0
         327           0
         350           0
         325           0
         343           0
         314           0
 Iteration  2   Mean: 0.3653E-03 Abs mean: 0.3653E-03   Fluctuation:  0.217E-04   0.607E-01    18.1%
  2    0.3653E-03 0.3653E-03 +- 0.2167E-04      3.75
 Relative summed weights:
  0.2006E+00  0.0000E+00
  0.2048E+00  0.0000E+00
  0.1515E+00  0.0000E+00
  0.1509E+00  0.0000E+00
  0.1570E+00  0.0000E+00
  0.1352E+00  0.0000E+00
 Relative number of events:
  0.1718E+00  0.0000E+00
  0.1777E+00  0.0000E+00
  0.1675E+00  0.0000E+00
  0.1608E+00  0.0000E+00
  0.1562E+00  0.0000E+00
  0.1660E+00  0.0000E+00
 Events:
         687           0
         711           0
         670           0
         643           0
         625           0
         664           0
 Iteration  3   Mean: 0.4016E-03 Abs mean: 0.4016E-03   Fluctuation:  0.110E-04   0.371E-01    16.1%
  3    0.4016E-03 0.4016E-03 +- 0.1100E-04      2.45
 Relative summed weights:
  0.1603E+00  0.0000E+00
  0.1838E+00  0.0000E+00
  0.1763E+00  0.0000E+00
  0.1664E+00  0.0000E+00
  0.1554E+00  0.0000E+00
  0.1578E+00  0.0000E+00
 Relative number of events:
  0.1684E+00  0.0000E+00
  0.1714E+00  0.0000E+00
  0.1584E+00  0.0000E+00
  0.1714E+00  0.0000E+00
  0.1655E+00  0.0000E+00
  0.1650E+00  0.0000E+00
 Events:
        1347           0
        1371           0
        1267           0
        1371           0
        1324           0
        1320           0
 Found         3939  events.
 Wrote          132  events.
 Actual xsec   3.95812216259977209E-004
 Correct abs xsec   3.95812216259977209E-004
 Event xsec   3.95812216259976450E-004
 Events wgts > 1:            3
 % Cross section > 1:   2.31992951510282814E-006  0.58611872494078288     
 Checking number of events   1038.8883240175621              132  chi2:    1.2108781065009842     
 Found         3939  events.
 Wrote          133  events.
 Actual xsec   3.95812216259977209E-004
 Correct abs xsec   3.95812216259977209E-004
 Event xsec   3.95812216259978618E-004
 Events wgts > 1:            3
 % Cross section > 1:   2.30258790896591101E-006  0.58173745386714337     
 Iteration  4   Mean: 0.3859E-03 Abs mean: 0.3859E-03   Fluctuation:  0.526E-05   0.199E-01    15.0%
  4    0.3859E-03 0.3859E-03 +- 0.5263E-05      1.72
 Relative summed weights:
  0.1661E+00  0.0000E+00
  0.1713E+00  0.0000E+00
  0.1671E+00  0.0000E+00
  0.1659E+00  0.0000E+00
  0.1733E+00  0.0000E+00
  0.1563E+00  0.0000E+00
 Relative number of events:
  0.1621E+00  0.0000E+00
  0.1706E+00  0.0000E+00
  0.1697E+00  0.0000E+00
  0.1664E+00  0.0000E+00
  0.1680E+00  0.0000E+00
  0.1632E+00  0.0000E+00
 Events:
        2594           0
        2730           0
        2715           0
        2662           0
        2688           0
        2611           0
 Found         8218  events.
 Wrote          859  events.
 Actual xsec   3.88086268157229655E-004
 Correct abs xsec   3.88086268157229655E-004
 Event xsec   3.88086268157230847E-004
 Events wgts > 1:           15
 % Cross section > 1:   3.73844959333306720E-006  0.96330375488020525     
 Checking number of events   1018.6100280322806              859  chi2:    1.3874762092448871     
 Found         8218  events.
 Wrote          863  events.
 Actual xsec   3.88086268157229655E-004
 Correct abs xsec   3.88086268157229655E-004
 Event xsec   3.88086268157224830E-004
 Events wgts > 1:           15
 % Cross section > 1:   3.72128805319037110E-006  0.95888166073497128     
 Iteration  5   Mean: 0.3881E-03 Abs mean: 0.3881E-03   Fluctuation:  0.331E-05   0.155E-01    14.7%
  5    0.3881E-03 0.3881E-03 +- 0.3308E-05      1.53
 Relative summed weights:
  0.1663E+00  0.0000E+00
  0.1721E+00  0.0000E+00
  0.1688E+00  0.0000E+00
  0.1621E+00  0.0000E+00
  0.1624E+00  0.0000E+00
  0.1682E+00  0.0000E+00
 Relative number of events:
  0.1678E+00  0.0000E+00
  0.1681E+00  0.0000E+00
  0.1695E+00  0.0000E+00
  0.1638E+00  0.0000E+00
  0.1647E+00  0.0000E+00
  0.1660E+00  0.0000E+00
 Events:
        5371           0
        5378           0
        5425           0
        5243           0
        5271           0
        5312           0
 Found        17983  events.
 Wrote         2544  events.
 Actual xsec   3.88402180600196567E-004
 Correct abs xsec   3.88402180600196567E-004
 Event xsec   3.88402180600215215E-004
 Events wgts > 1:           52
 % Cross section > 1:   3.91427717455739632E-006   1.0077897010023191     
 Checking number of events   1019.4392034213359             2544  chi2:   0.83092081816569596     

 -------------------------------------------------------------------------------
 Accumulated results:   Integral =  0.3881E-03
                        Std dev  =  0.2692E-05
                       Cross sec =  0.7663E+00
             Chi**2 per DoF.     =
-------------------------------------------------
---------------------------
 Results Last   3 iters: Integral =   0.3884E-03
                     Abs integral =   0.3884E-03
                          Std dev =   0.2715E-05
                  Chi**2 per DoF. =      0.8309
-------------------------------------------------
---------------------------
 Status  -2624700.0000000000                6           9
 We found enough events        2544   1019.4392034213359     

ls status:
events.lhe
ftn25
ftn26
input_sg.txt
moffset.dat
results.dat
run1_app.log
