 Process in group number            0
 No PDF is used, alpha_s(MZ) from param_card is used
 Value of alpha_s from param_card:   0.11800000071525575     
 The default order of alpha_s running is fixed to            2
 Warning: pt or E min of a gamma should in general be >0
 Warning: pt or E min of a gamma should in general be >0
 Warning: pt or E min of a gamma should in general be >0
 *****************************************************
 *               MadGraph/MadEvent                   *
 *        --------------------------------           *
 *          http://madgraph.hep.uiuc.edu             *
 *          http://madgraph.phys.ucl.ac.be           *
 *          http://madgraph.roma2.infn.it            *
 *        --------------------------------           *
 *                                                   *
 *          PARAMETER AND COUPLING VALUES            *
 *                                                   *
 *****************************************************

  External Params
  ---------------------------------
  
 aEWM1 =    132.50700378417969     
 mdl_Gf =   1.16639000000000003E-005
 aS =   0.11800000071525575     
 mdl_ymb =    4.6999998092651367     
 mdl_ymt =    173.00000000000000     
 mdl_yme =   5.10999991092830896E-004
 mdl_ymm =   0.10565999895334244     
 mdl_ymtau =    1.7769999504089355     
 mdl_MZ =    91.188003540039063     
 mdl_MT =    173.00000000000000     
 mdl_MB =    4.6999998092651367     
 mdl_MH =    125.00000000000000     
 mdl_Me =   5.10999991092830896E-004
 mdl_MM =   0.10565999895334244     
 mdl_MTA =    1.7769999504089355     
 mdl_WZ =    2.4414041042327881     
 mdl_WW =    2.0476000308990479     
 mdl_WT =    1.4915000200271606     
 mdl_WH =   6.38233916833996773E-003
 mdl_WTau =   2.26999999999999982E-012
  Internal Params
  ---------------------------------
  
 mdl_conjg__CKM3x3 =    1.0000000000000000     
 mdl_CKM3x3 =    1.0000000000000000     
 mdl_conjg__CKM1x1 =    1.0000000000000000     
 mdl_complexi =  (  0.0000000000000000     ,  1.0000000000000000     )
 mdl_MZ__exp__2 =    8315.2519896181766     
 mdl_MZ__exp__4 =    69143415.650849044     
 mdl_sqrt__2 =    1.4142135623730951     
 mdl_MH__exp__2 =    15625.000000000000     
 mdl_aEW =   7.54677089845565054E-003
 mdl_MW =    80.419007276179556     
 mdl_sqrt__aEW =   8.68721526063194194E-002
 mdl_ee =   0.30795376284704501     
 mdl_MW__exp__2 =    6467.2167312862202     
 mdl_sw2 =   0.22224645274001076     
 mdl_cw =   0.88190336616887299     
 mdl_sqrt__sw2 =   0.47143022043565552     
 mdl_sw =   0.47143022043565552     
 mdl_g1 =   0.34919218438279087     
 mdl_gw =   0.65323296958447097     
 mdl_vev =    246.21845810181631     
 mdl_vev__exp__2 =    60623.529110035874     
 mdl_lam =   0.12886910601690271     
 mdl_yb =   2.69955531549349904E-002
 mdl_ye =   2.93504850670934038E-006
 mdl_ym =   6.06883028478528356E-004
 mdl_yt =   0.99366614581500645     
 mdl_ytau =   1.02066167158167895E-002
 mdl_muH =    88.388347648318444     
 mdl_I1x33 =  ( 2.69955531549349904E-002,  0.0000000000000000     )
 mdl_I2x33 =  ( 0.99366614581500645     ,  0.0000000000000000     )
 mdl_I3x33 =  ( 0.99366614581500645     ,  0.0000000000000000     )
 mdl_I4x33 =  ( 2.69955531549349904E-002,  0.0000000000000000     )
 mdl_ee__exp__2 =   9.48355200516540348E-002
 mdl_sw__exp__2 =   0.22224645274001076     
 mdl_cw__exp__2 =   0.77775354725998924     
  Internal Params evaluated point by point
  ----------------------------------------
  
 mdl_sqrt__aS =   0.34351128178744839     
 mdl_G__exp__2 =    1.4828317414825511     
  Couplings of sm-lepton_masses
  ---------------------------------
  
         GC_3 =  -0.00000E+00  -0.30795E+00

 Collider parameters:
 --------------------

 Running at e e   machine @   7.00000000000000067E-002  GeV
 PDF set = none   
 alpha_s(Mz)= 0.1180 running at 2 loops.
 alpha_s(Mz)= 0.1180 running at 2 loops.
 Renormalization scale fixed @    91.188000000000002     
 Factorization scales  fixed @    91.188000000000002        91.188000000000002     


 getting user params
Enter number of events and max and min iterations: 
 Number of events and iterations         1000           9           3
Enter desired fractional accuracy: 
 Desired fractional accuracy:  -4.19009999999999974E-005
Enter 0 for fixed, 2 for adjustable grid: 
Suppress amplitude (0 no, 1 yes)? 
 Using suppressed amplitude.
Exact helicity sum (0 yes, n = number/event)? 
 Explicitly summing over helicities
Enter Configuration Number: 
Running Configuration Number:    1
 Not subdividing B.W.
 Attempting mappinvarients           1           5
 Completed mapping           5
 about to integrate            5        1000           9           3           5           1
 Keeping grid fixed.
  5 dimensions   1000 events  5 invarients  9 iterations  1 config(s),  (0.99)
 Using h-tuple random number sequence.
 Grid read from file
 Grid defined OK
 Set CM energy to          0.07
 Mapping Graph           1  to config           1
 Warning: No cutoff for shat integral found
          Minimum set to    204.08163265306121     
 No modification is setgrid, grid read from file
 Warning: No cutoff for shat integral found
          Minimum set to    204.08163265306121     
 No modification is setgrid, grid read from file
 Masses: 0.511E-03 0.511E-03 0.000E+00 0.000E+00 0.000E+00
   1   1   2   3   4   5
 Got moffset          26
Using random seed offsets     1 :      1
  with seed                   30
 Ranmar initialization seeds        8292        1244
  Particle       3       4       5
      Et >     0.0     0.0     0.0
       E >     0.0     0.0     0.0
     Eta <    -1.0    -1.0    -1.0
   xqcut:      0.0     0.0     0.0
d R # 3  >    -0.0     0.0     0.0
d R # 4  >    -0.0    -0.0     0.0
s min # 3>     0.0     0.0     0.0
s min # 4>     0.0     0.0     0.0
xqcutij # 3>     0.0     0.0     0.0
xqcutij # 4>     0.0     0.0     0.0
 alpha_s for scale    91.188000000000002       is   0.11800000071525575     
 Added good helicity            1   1.5158069180981502       in event            1
 Added good helicity            5   1.5133402924365857       in event            1
 Added good helicity           11   6.4732602955047209       in event            1
 Added good helicity           15   6.4975905455897127       in event            1
 Added good helicity           18   6.4975905455897127       in event            1
 Added good helicity           22   6.4732602955047236       in event            1
 Added good helicity           28   1.5133402924365866       in event            1
 Added good helicity           32   1.5158069180981510       in event            1
 Added good helicity            2  0.53640506447070990       in event            2
 Added good helicity            3  2.56151975397457740E-006  in event            2
 Added good helicity           10  2.73887820463930857E-006  in event            2
 Added good helicity           12  0.62124097124499000       in event            2
 Added good helicity           13  2.33110946277766669E-006  in event            2
 Added good helicity           20  2.33110946277766669E-006  in event            2
 Added good helicity           21  0.62124097124499000       in event            2
 Added good helicity           23  2.73887820463930857E-006  in event            2
 Added good helicity           30  2.56151975397457740E-006  in event            2
 Added good helicity           31  0.53640506447070990       in event            2
 Added good helicity            4  2.42017488639430897E-005  in event            3
 Added good helicity            6  1.18109343340737453E-005  in event            3
 Added good helicity           14   10.452588190517046       in event            3
 Added good helicity           19   10.452588190517046       in event            3
 Added good helicity           27  1.18109343340737521E-005  in event            3
 Added good helicity           29  2.42017488639430897E-005  in event            3
 Added good helicity            7  3.58973866984918028E-005  in event            5
 Added good helicity           26  3.58973866984918028E-005  in event            5
 Iteration  1   Mean: 0.1072E+09 Abs mean: 0.1072E+09   Fluctuation:  0.539E+07   0.310E+10    99.4%
  1    0.1072E+09 0.1072E+09 +- 0.5388E+07      1.59
 Writing out events   11980.275260452747        1.5897218030778182     
 Relative summed weights:
  0.1876E+00  0.0000E+00
  0.1414E+00  0.0000E+00
  0.1647E+00  0.0000E+00
  0.1227E+00  0.0000E+00
  0.2169E+00  0.0000E+00
  0.1667E+00  0.0000E+00
 Relative number of events:
  0.1710E+00  0.0000E+00
  0.1540E+00  0.0000E+00
  0.1690E+00  0.0000E+00
  0.1540E+00  0.0000E+00
  0.1810E+00  0.0000E+00
  0.1710E+00  0.0000E+00
 Events:
         171           0
         154           0
         169           0
         154           0
         181           0
         171           0
 Iteration  2   Mean: 0.1061E+09 Abs mean: 0.1061E+09   Fluctuation:  0.406E+07   0.539E+10    99.7%
  2    0.1061E+09 0.1061E+09 +- 0.4064E+07      1.71
 Relative summed weights:
  0.1928E+00  0.0000E+00
  0.1614E+00  0.0000E+00
  0.1492E+00  0.0000E+00
  0.1702E+00  0.0000E+00
  0.1535E+00  0.0000E+00
  0.1728E+00  0.0000E+00
 Relative number of events:
  0.1600E+00  0.0000E+00
  0.1600E+00  0.0000E+00
  0.1600E+00  0.0000E+00
  0.1755E+00  0.0000E+00
  0.1645E+00  0.0000E+00
  0.1800E+00  0.0000E+00
 Events:
         320           0
         320           0
         320           0
         351           0
         329           0
         360           0
 Iteration  3   Mean: 0.1265E+09 Abs mean: 0.1265E+09   Fluctuation:  0.915E+07   0.268E+11    99.6%
  3    0.1265E+09 0.1265E+09 +- 0.9152E+07      4.58
 Relative summed weights:
  0.1648E+00  0.0000E+00
  0.1355E+00  0.0000E+00
  0.1283E+00  0.0000E+00
  0.1458E+00  0.0000E+00
  0.2573E+00  0.0000E+00
  0.1684E+00  0.0000E+00
 Relative number of events:
  0.1713E+00  0.0000E+00
  0.1673E+00  0.0000E+00
  0.1588E+00  0.0000E+00
  0.1610E+00  0.0000E+00
  0.1693E+00  0.0000E+00
  0.1725E+00  0.0000E+00
 Events:
         685           0
         669           0
         635           0
         644           0
         677           0
         690           0
 Found          385  events.
 Wrote           22  events.
 Actual xsec    109528620.85914923     
 Correct abs xsec    109528620.85914923     
 Event xsec    109528620.85914922     
 Events wgts > 1:            1
 % Cross section > 1:   0.70233738329261541       6.41236398106209991E-007
 Checking number of events   4589.3587426192116               22  chi2:    2.1643958655779549     
 Found          385  events.
 Wrote           19  events.
 Actual xsec    109528620.85914923     
 Correct abs xsec    109528620.85914923     
 Event xsec    109528620.85914922     
 Events wgts > 1:            1
 % Cross section > 1:   0.81323275901377201       7.42484249901737428E-007
 Iteration  4   Mean: 0.1192E+09 Abs mean: 0.1192E+09   Fluctuation:  0.452E+07   0.202E+11    99.5%
  4    0.1192E+09 0.1192E+09 +- 0.4524E+07      3.40
 Relative summed weights:
  0.1438E+00  0.0000E+00
  0.1644E+00  0.0000E+00
  0.1978E+00  0.0000E+00
  0.1666E+00  0.0000E+00
  0.1747E+00  0.0000E+00
  0.1527E+00  0.0000E+00
 Relative number of events:
  0.1641E+00  0.0000E+00
  0.1653E+00  0.0000E+00
  0.1724E+00  0.0000E+00
  0.1633E+00  0.0000E+00
  0.1668E+00  0.0000E+00
  0.1683E+00  0.0000E+00
 Events:
        1313           0
        1322           0
        1379           0
        1306           0
        1334           0
        1346           0
 Found          660  events.
 Wrote           44  events.
 Actual xsec    114395359.08352067     
 Correct abs xsec    114395359.08352067     
 Event xsec    114395359.08352065     
 Events wgts > 1:            1
 % Cross section > 1:   0.35153735289350152       3.07300362278545086E-007
 Checking number of events   4793.2799409585987               44  chi2:    3.5001902811991155     
 Found          660  events.
 Wrote           51  events.
 Actual xsec    114395359.08352067     
 Correct abs xsec    114395359.08352067     
 Event xsec    114395359.08352059     
 Events wgts > 1:            1
 % Cross section > 1:   0.30328712798655033       2.65121881181490019E-007
 Iteration  5   Mean: 0.1113E+09 Abs mean: 0.1113E+09   Fluctuation:  0.205E+07   0.133E+11    99.5%
  5    0.1113E+09 0.1113E+09 +- 0.2046E+07      2.32
 Relative summed weights:
  0.1574E+00  0.0000E+00
  0.1845E+00  0.0000E+00
  0.1719E+00  0.0000E+00
  0.1767E+00  0.0000E+00
  0.1559E+00  0.0000E+00
  0.1535E+00  0.0000E+00
 Relative number of events:
  0.1663E+00  0.0000E+00
  0.1704E+00  0.0000E+00
  0.1705E+00  0.0000E+00
  0.1659E+00  0.0000E+00
  0.1647E+00  0.0000E+00
  0.1623E+00  0.0000E+00
 Events:
        2660           0
        2727           0
        2728           0
        2654           0
        2635           0
        2596           0
 Found         1458  events.
 Wrote          341  events.
 Actual xsec    113509057.77952754     
 Correct abs xsec    113509057.77952754     
 Event xsec    113509057.77952601     
 Events wgts > 1:            6
 % Cross section > 1:    1133023.0715850270       0.99817855398443267     
 Checking number of events   4756.1430300199836              341  chi2:    2.3547108538990216     
 Found         1458  events.
 Wrote          369  events.
 Actual xsec    113509057.77952754     
 Correct abs xsec    113509057.77952754     
 Event xsec    113509057.77952731     
 Events wgts > 1:            6
 % Cross section > 1:    1047842.0834397739       0.92313521399766607     
 Iteration  6   Mean: 0.1227E+09 Abs mean: 0.1227E+09   Fluctuation:  0.522E+07   0.137E+12    99.5%
  6    0.1227E+09 0.1227E+09 +- 0.5222E+07      7.62
 Relative summed weights:
  0.1537E+00  0.0000E+00
  0.2086E+00  0.0000E+00
  0.1650E+00  0.0000E+00
  0.1548E+00  0.0000E+00
  0.1491E+00  0.0000E+00
  0.1688E+00  0.0000E+00
 Relative number of events:
  0.1661E+00  0.0000E+00
  0.1664E+00  0.0000E+00
  0.1647E+00  0.0000E+00
  0.1667E+00  0.0000E+00
  0.1718E+00  0.0000E+00
  0.1644E+00  0.0000E+00
 Events:
        5315           0
        5324           0
        5269           0
        5333           0
        5499           0
        5260           0
 Found         2984  events.
 Wrote           31  events.
 Actual xsec    114119015.01311538     
 Correct abs xsec    114119015.01311538     
 Event xsec    114119015.01311535     
 Events wgts > 1:            1
 % Cross section > 1:   7.69190602004528046E-002  6.74024922065904044E-008
 Checking number of events   4781.7008480645472               31  chi2:    2.8848182253501218     
 Found         2984  events.
 Wrote           35  events.
 Actual xsec    114119015.01311538     
 Correct abs xsec    114119015.01311538     
 Event xsec    114119015.01311524     
 Events wgts > 1:            1
 % Cross section > 1:   6.81283101439476013E-002  5.96993499603180779E-008
 Iteration  7   Mean: 0.1189E+09 Abs mean: 0.1189E+09   Fluctuation:  0.228E+07   0.924E+11    99.5%
  7    0.1189E+09 0.1189E+09 +- 0.2281E+07      4.85
 Relative summed weights:
  0.1634E+00  0.0000E+00
  0.1711E+00  0.0000E+00
  0.1631E+00  0.0000E+00
  0.1605E+00  0.0000E+00
  0.1626E+00  0.0000E+00
  0.1793E+00  0.0000E+00
 Relative number of events:
  0.1639E+00  0.0000E+00
  0.1672E+00  0.0000E+00
  0.1689E+00  0.0000E+00
  0.1664E+00  0.0000E+00
  0.1667E+00  0.0000E+00
  0.1668E+00  0.0000E+00
 Events:
       10492           0
       10699           0
       10809           0
       10651           0
       10671           0
       10678           0
 Found         5392  events.
 Wrote          131  events.
 Actual xsec    115623927.76133965     
 Correct abs xsec    115623927.76133965     
 Event xsec    115623927.76134014     
 Events wgts > 1:            1
 % Cross section > 1:    590628.50154287682       0.51081857620508764     
 Checking number of events   4844.7581971278923              131  chi2:    4.1073902008139225     
 Found         5392  events.
 Wrote          132  events.
 Actual xsec    115623927.76133965     
 Correct abs xsec    115623927.76133965     
 Event xsec    115623927.76133968     
 Events wgts > 1:            1
 % Cross section > 1:    586176.72728582728       0.50696835735917878     
 Iteration  8   Mean: 0.1195E+09 Abs mean: 0.1195E+09   Fluctuation:  0.151E+07   0.788E+11    99.5%
  8    0.1195E+09 0.1195E+09 +- 0.1509E+07      4.52
 Relative summed weights:
  0.1587E+00  0.0000E+00
  0.1705E+00  0.0000E+00
  0.1693E+00  0.0000E+00
  0.1660E+00  0.0000E+00
  0.1650E+00  0.0000E+00
  0.1705E+00  0.0000E+00
 Relative number of events:
  0.1668E+00  0.0000E+00
  0.1658E+00  0.0000E+00
  0.1677E+00  0.0000E+00
  0.1649E+00  0.0000E+00
  0.1668E+00  0.0000E+00
  0.1679E+00  0.0000E+00
 Events:
       21356           0
       21227           0
       21471           0
       21102           0
       21353           0
       21491           0
 Found        11257  events.
 Wrote          552  events.
 Actual xsec    119492148.25472409     
 Correct abs xsec    119492148.25472409     
 Event xsec    119492148.25472178     
 Events wgts > 1:           11
 % Cross section > 1:    1210308.8833597996        1.0128773321405022     
 Checking number of events   5006.8405040211937              552  chi2:   0.22223514207030912     
 Found        11257  events.
 Wrote          552  events.
 Actual xsec    119492148.25472409     
 Correct abs xsec    119492148.25472409     
 Event xsec    119492148.25472178     
 Events wgts > 1:           11
 % Cross section > 1:    1210308.8833597996        1.0128773321405022     
 Iteration  9   Mean: 0.1210E+09 Abs mean: 0.1210E+09   Fluctuation:  0.204E+07   0.404E+12    99.5%
  9    0.1210E+09 0.1210E+09 +- 0.2042E+07      8.54
 Relative summed weights:
  0.1707E+00  0.0000E+00
  0.1671E+00  0.0000E+00
  0.1556E+00  0.0000E+00
  0.1695E+00  0.0000E+00
  0.1794E+00  0.0000E+00
  0.1577E+00  0.0000E+00
 Relative number of events:
  0.1673E+00  0.0000E+00
  0.1669E+00  0.0000E+00
  0.1659E+00  0.0000E+00
  0.1674E+00  0.0000E+00
  0.1664E+00  0.0000E+00
  0.1661E+00  0.0000E+00
 Events:
       42825           0
       42736           0
       42469           0
       42850           0
       42594           0
       42526           0
 Found        22279  events.
 Wrote          169  events.
 Actual xsec    119781795.07884468     
 Correct abs xsec    119781795.07884468     
 Event xsec    119781795.07884453     
 Events wgts > 1:            1
 % Cross section > 1:    914372.75092749065       0.76336537645442593     
 Checking number of events   5018.9769955986703              169  chi2:   0.28431764854039820     
 Found        22279  events.
 Wrote          194  events.
 Actual xsec    119781795.07884468     
 Correct abs xsec    119781795.07884468     
 Event xsec    119781795.07884504     
 Events wgts > 1:            1
 % Cross section > 1:    797325.55457359261       0.66564836004399652     

 -------------------------------------------------------------------------------
 Accumulated results:   Integral =  0.1177E+09
                        Std dev  =  0.8782E+06
                       Cross sec =  0.1177E+09
             Chi**2 per DoF.     =      3.1297
 -------------------------------------------------------------------------------
-------------------------------------------------
---------------------------
 Results Last   3 iters: Integral =   0.1198E+09
                     Abs integral =   0.1198E+09
                          Std dev =   0.1071E+07
                  Chi**2 per DoF. =      0.2843
-------------------------------------------------
---------------------------
 Status -4.19009999999999974E-005          10           9
 Trying w/ fresh grid
 Starting w/ ncall =         4000
 Keeping grid fixed.
  5 dimensions   4000 events  5 invarients  8 iterations  1 config(s),  (0.99)
 Using h-tuple random number sequence.
 Error opening grid
 Using Uniform Grid!
 Using uniform alpha   1.0000000000000000     
 Grid defined OK
 Warning: No cutoff for shat integral found
          Minimum set to    204.08163265306121     
Setting grid   1    0.20408E+03   1
 Warning: No cutoff for shat integral found
          Minimum set to    204.08163265306121     
Setting grid   2    0.20408E+03   1
Warning xbin not returning correct x   2  0.999976E+00  0.993123E+00  0.2837E+03
Warning xbin not returning correct x   2  0.999971E+00  0.991691E+00  0.2837E+03
Warning xbin not returning correct x   2  0.999987E+00  0.996408E+00  0.2837E+03
Warning xbin not returning correct x   2  0.999982E+00  0.994913E+00  0.2837E+03
Warning xbin not returning correct x   2  0.999996E+00  0.998885E+00  0.2837E+03
Warning xbin still not working well. Last message this iteration.
 Iteration  1   Mean: 0.2395E+08 Abs mean: 0.2395E+08   Fluctuation:  0.709E+07   0.261E+11    98.8%
  1    0.2395E+08 0.2395E+08 +- 0.7087E+07     18.72
 Relative summed weights:
  0.4380E+00  0.0000E+00
  0.1819E+00  0.0000E+00
  0.8168E-01  0.0000E+00
  0.8448E-01  0.0000E+00
  0.1447E+00  0.0000E+00
  0.6927E-01  0.0000E+00
 Relative number of events:
  0.1690E+00  0.0000E+00
  0.1615E+00  0.0000E+00
  0.1762E+00  0.0000E+00
  0.1615E+00  0.0000E+00
  0.1650E+00  0.0000E+00
  0.1668E+00  0.0000E+00
 Events:
         676           0
         646           0
         705           0
         646           0
         660           0
         667           0
Warning xbin not returning correct x   1  0.985043E+00  0.999769E+00  0.1567E-01
Warning xbin not returning correct x   1  0.992398E+00  0.999883E+00  0.1567E-01
Warning xbin not returning correct x   1  0.994503E+00  0.999915E+00  0.1567E-01
Warning xbin not returning correct x   1  0.991457E+00  0.999868E+00  0.1567E-01
Warning xbin not returning correct x   1  0.986837E+00  0.999797E+00  0.1567E-01
Warning xbin still not working well. Last message this iteration.
 Iteration  2   Mean: 0.2882E+07 Abs mean: 0.2882E+07   Fluctuation:  0.165E+06   0.653E+09    95.3%
  2    0.2882E+07 0.2882E+07 +- 0.1645E+06      5.11
 Relative summed weights:
  0.1530E+00  0.0000E+00
  0.1509E+00  0.0000E+00
  0.1934E+00  0.0000E+00
  0.1513E+00  0.0000E+00
  0.1618E+00  0.0000E+00
  0.1895E+00  0.0000E+00
 Relative number of events:
  0.1613E+00  0.0000E+00
  0.1673E+00  0.0000E+00
  0.1648E+00  0.0000E+00
  0.1671E+00  0.0000E+00
  0.1669E+00  0.0000E+00
  0.1727E+00  0.0000E+00
 Events:
        1290           0
        1338           0
        1318           0
        1337           0
        1335           0
        1382           0
 Iteration  3   Mean: 0.5761E+08 Abs mean: 0.5761E+08   Fluctuation:  0.285E+08   0.440E+12    99.9%
  3    0.5761E+08 0.5761E+08 +- 0.2852E+08     62.62
 Relative summed weights:
  0.5385E+00  0.0000E+00
  0.6074E-01  0.0000E+00
  0.1032E+00  0.0000E+00
  0.1632E+00  0.0000E+00
  0.8559E-01  0.0000E+00
  0.4880E-01  0.0000E+00
 Relative number of events:
  0.1664E+00  0.0000E+00
  0.1664E+00  0.0000E+00
  0.1706E+00  0.0000E+00
  0.1641E+00  0.0000E+00
  0.1676E+00  0.0000E+00
  0.1649E+00  0.0000E+00
 Events:
        2663           0
        2663           0
        2729           0
        2625           0
        2682           0
        2638           0
 Found         1829  events.
 Wrote            2  events.
 Actual xsec    4320857.2670834353     
 Correct abs xsec    4320857.2670834353     
 Event xsec    4320857.2670834353     
 Events wgts > 1:            0
 % Cross section > 1:    0.0000000000000000        0.0000000000000000     
 Checking number of events   181.04824034806302                2  chi2:    43.830919967989765     
 Found         1829  events.
 Wrote            1  events.
 Actual xsec    4320857.2670834353     
 Correct abs xsec    4320857.2670834353     
 Event xsec    4320857.2670834353     
 Events wgts > 1:            0
 % Cross section > 1:    0.0000000000000000        0.0000000000000000     
 Iteration  4   Mean: 0.7885E+08 Abs mean: 0.7885E+08   Fluctuation:  0.218E+08   0.615E+12    99.7%
  4    0.7885E+08 0.7885E+08 +- 0.2176E+08     49.38
 Relative summed weights:
  0.8879E-01  0.0000E+00
  0.9702E-01  0.0000E+00
  0.1732E+00  0.0000E+00
  0.1653E+00  0.0000E+00
  0.1648E+00  0.0000E+00
  0.3108E+00  0.0000E+00
 Relative number of events:
  0.1696E+00  0.0000E+00
  0.1662E+00  0.0000E+00
  0.1659E+00  0.0000E+00
  0.1691E+00  0.0000E+00
  0.1652E+00  0.0000E+00
  0.1640E+00  0.0000E+00
 Events:
        5428           0
        5319           0
        5310           0
        5411           0
        5285           0
        5247           0
 Found          968  events.
 Wrote            5  events.
 Actual xsec    6647799.4524334045     
 Correct abs xsec    6647799.4524334045     
 Event xsec    6647799.4524334045     
 Events wgts > 1:            0
 % Cross section > 1:    0.0000000000000000        0.0000000000000000     
 Checking number of events   278.54944485641204                5  chi2:    269.07745193512523     
 Found          968  events.
 Wrote            2  events.
 Actual xsec    6647799.4524334045     
 Correct abs xsec    6647799.4524334045     
 Event xsec    6647799.4524334045     
 Events wgts > 1:            0
 % Cross section > 1:    0.0000000000000000        0.0000000000000000     
 Iteration  5   Mean: 0.8694E+08 Abs mean: 0.8694E+08   Fluctuation:  0.926E+07   0.513E+12    99.2%
  5    0.8694E+08 0.8694E+08 +- 0.9262E+07     26.95
 Relative summed weights:
  0.1492E+00  0.0000E+00
  0.1224E+00  0.0000E+00
  0.1519E+00  0.0000E+00
  0.1482E+00  0.0000E+00
  0.2466E+00  0.0000E+00
  0.1816E+00  0.0000E+00
 Relative number of events:
  0.1660E+00  0.0000E+00
  0.1685E+00  0.0000E+00
  0.1678E+00  0.0000E+00
  0.1679E+00  0.0000E+00
  0.1658E+00  0.0000E+00
  0.1640E+00  0.0000E+00
 Events:
       10627           0
       10784           0
       10738           0
       10744           0
       10611           0
       10496           0
 Found         3442  events.
 Wrote           11  events.
 Actual xsec    84797617.599744752     
 Correct abs xsec    84797617.599744752     
 Event xsec    84797617.599744752     
 Events wgts > 1:            0
 % Cross section > 1:    0.0000000000000000        0.0000000000000000     
 Checking number of events   3553.1049750469047               11  chi2:   0.51836990705807762     
 Found         3442  events.
 Wrote           17  events.
 Actual xsec    84797617.599744752     
 Correct abs xsec    84797617.599744752     
 Event xsec    84797617.599744767     
 Events wgts > 1:            0
 % Cross section > 1:    0.0000000000000000        0.0000000000000000     
 Fixing grid
 Iteration  6   Mean: 0.9055E+08 Abs mean: 0.9055E+08   Fluctuation:  0.336E+07   0.238E+12    99.2%
  6    0.9055E+08 0.9055E+08 +- 0.3364E+07     13.29
 Relative summed weights:
  0.1574E+00  0.0000E+00
  0.1590E+00  0.0000E+00
  0.1834E+00  0.0000E+00
  0.1496E+00  0.0000E+00
  0.1696E+00  0.0000E+00
  0.1811E+00  0.0000E+00
 Relative number of events:
  0.1668E+00  0.0000E+00
  0.1687E+00  0.0000E+00
  0.1667E+00  0.0000E+00
  0.1663E+00  0.0000E+00
  0.1646E+00  0.0000E+00
  0.1669E+00  0.0000E+00
 Events:
       21353           0
       21595           0
       21336           0
       21290           0
       21066           0
       21360           0
 Found         8545  events.
 Wrote           54  events.
 Actual xsec    89981301.207132578     
 Correct abs xsec    89981301.207132578     
 Event xsec    89981301.207132638     
 Events wgts > 1:            1
 % Cross section > 1:   6.54666575137525797E-002  7.27558466431280859E-008
 Checking number of events   3770.3065018800621               54  chi2:   0.19912268743760242     
 Found         8545  events.
 Wrote           41  events.
 Actual xsec    89981301.207132578     
 Correct abs xsec    89981301.207132578     
 Event xsec    89981301.207132578     
 Events wgts > 1:            1
 % Cross section > 1:   8.62243776209652424E-002  9.58247729964261396E-008
 Iteration  7   Mean: 0.1206E+09 Abs mean: 0.1206E+09   Fluctuation:  0.151E+08   0.261E+13    99.2%
  7    0.1206E+09 0.1206E+09 +- 0.1507E+08     63.19
 Relative summed weights:
  0.1706E+00  0.0000E+00
  0.1504E+00  0.0000E+00
  0.2861E+00  0.0000E+00
  0.1385E+00  0.0000E+00
  0.1363E+00  0.0000E+00
  0.1181E+00  0.0000E+00
 Relative number of events:
  0.1679E+00  0.0000E+00
  0.1669E+00  0.0000E+00
  0.1678E+00  0.0000E+00
  0.1658E+00  0.0000E+00
  0.1657E+00  0.0000E+00
  0.1659E+00  0.0000E+00
 Events:
       42974           0
       42738           0
       42949           0
       42450           0
       42421           0
       42468           0
 Found        16304  events.
 Wrote           12  events.
 Actual xsec    92389435.115037590     
 Correct abs xsec    92389435.115037590     
 Event xsec    92389435.115037575     
 Events wgts > 1:            2
 % Cross section > 1:    292094.71534748562       0.31615597062996159     
 Checking number of events   3871.2097207551897               12  chi2:    2.0792658215032631     
 Found        16304  events.
 Wrote           16  events.
 Actual xsec    92389435.115037590     
 Correct abs xsec    92389435.115037590     
 Event xsec    92389435.115037546     
 Events wgts > 1:            2
 % Cross section > 1:    219244.32501656655       0.23730454109128088     
 Iteration  8   Mean: 0.1256E+09 Abs mean: 0.1256E+09   Fluctuation:  0.147E+08   0.609E+13    99.2%
  8    0.1256E+09 0.1256E+09 +- 0.1467E+08     83.60
 Relative summed weights:
  0.1498E+00  0.0000E+00
  0.1257E+00  0.0000E+00
  0.1639E+00  0.0000E+00
  0.2236E+00  0.0000E+00
  0.1747E+00  0.0000E+00
  0.1622E+00  0.0000E+00
 Relative number of events:
  0.1664E+00  0.0000E+00
  0.1666E+00  0.0000E+00
  0.1673E+00  0.0000E+00
  0.1665E+00  0.0000E+00
  0.1667E+00  0.0000E+00
  0.1665E+00  0.0000E+00
 Events:
       85205           0
       85297           0
       85637           0
       85264           0
       85331           0
       85266           0
 Found        25728  events.
 Wrote           12  events.
 Actual xsec    121105766.90197191     
 Correct abs xsec    121105766.90197191     
 Event xsec    121105766.90197192     
 Events wgts > 1:            0
 % Cross section > 1:    0.0000000000000000        0.0000000000000000     
 Checking number of events   4012.8259143040764               12  chi2:    4.6305833813848079     
 Found        25728  events.
 Wrote           10  events.
 Actual xsec    121105766.90197191     
 Correct abs xsec    121105766.90197191     
 Event xsec    121105766.90197194     
 Events wgts > 1:            0
 % Cross section > 1:    0.0000000000000000        0.0000000000000000     

 -------------------------------------------------------------------------------
 Accumulated results:   Integral =  0.7206E+08
                        Std dev  =  0.2010E+07
                       Cross sec =  0.7206E+08
             Chi**2 per DoF.     =     58.4540
 -------------------------------------------------------------------------------
-------------------------------------------------
---------------------------
 Results Last   3 iters: Integral =   0.9577E+08
                     Abs integral =   0.9577E+08
                         Std dev =   0.3262E+07
                 Chi**2 per DoF. =      4.6306
-------------------------------------------------
---------------------------

ls status:
events.lhe
ftn25
ftn26
input_sg.txt
log.txt
moffset.dat
results.dat
run1_app.log
