 Process in group number            1
 No PDF is used, alpha_s(MZ) from param_card is used
 Value of alpha_s from param_card:   0.11800000071525575     
 The default order of alpha_s running is fixed to            2
 Warning: pt or E min of a gamma should in general be >0
 Warning: pt or E min of a gamma should in general be >0
 *****************************************************
 *               MadGraph/MadEvent                   *
 *        --------------------------------           *
 *          http://madgraph.hep.uiuc.edu             *
 *          http://madgraph.phys.ucl.ac.be           *
 *          http://madgraph.roma2.infn.it            *
 *        --------------------------------           *
 *                                                   *
 *          PARAMETER AND COUPLING VALUES            *
 *                                                   *
 *****************************************************

  External Params
  ---------------------------------
  
 mdl_MB =    4.6999998092651367     
 mdl_MT =    173.00000000000000     
 mdl_Me =   5.10999991092830896E-004
 mdl_MM =   0.10565999895334244     
 mdl_MTA =    1.7769999504089355     
 mdl_MZ =    91.188003540039063     
 mdl_MH =    125.00000000000000     
 aEWM1 =    132.50700378417969     
 mdl_Gf =   1.16639000000000003E-005
 aS =   0.11800000071525575     
 mdl_ymb =    4.6999998092651367     
 mdl_ymt =    173.00000000000000     
 mdl_yme =   5.10999991092830896E-004
 mdl_ymm =   0.10565999895334244     
 mdl_ymtau =    1.7769999504089355     
 mdl_WT =    1.4915000200271606     
 mdl_WTau =   2.26999999999999982E-012
 mdl_WZ =    2.4414041042327881     
 mdl_WW =    2.0476000308990479     
 mdl_WH =   6.38233916833996773E-003
  Internal Params
  ---------------------------------
  
 mdl_conjg__CKM3x3 =    1.0000000000000000     
 mdl_CKM3x3 =    1.0000000000000000     
 mdl_conjg__CKM1x1 =    1.0000000000000000     
 mdl_complexi =  (  0.0000000000000000     ,  1.0000000000000000     )
 mdl_MZ__exp__2 =    8315.2519896181766     
 mdl_MZ__exp__4 =    69143415.650849044     
 mdl_sqrt__2 =    1.4142135623730951     
 mdl_MH__exp__2 =    15625.000000000000     
 mdl_aEW =   7.54677089845565054E-003
 mdl_MW =    80.419007276179556     
 mdl_sqrt__aEW =   8.68721526063194194E-002
 mdl_ee =   0.30795376284704501     
 mdl_MW__exp__2 =    6467.2167312862202     
 mdl_sw2 =   0.22224645274001076     
 mdl_cw =   0.88190336616887299     
 mdl_sqrt__sw2 =   0.47143022043565552     
 mdl_sw =   0.47143022043565552     
 mdl_g1 =   0.34919218438279087     
 mdl_gw =   0.65323296958447097     
 mdl_vev =    246.21845810181631     
 mdl_vev__exp__2 =    60623.529110035874     
 mdl_lam =   0.12886910601690271     
 mdl_yb =   2.69955531549349904E-002
 mdl_ye =   2.93504850670934038E-006
 mdl_ym =   6.06883028478528356E-004
 mdl_yt =   0.99366614581500645     
 mdl_ytau =   1.02066167158167895E-002
 mdl_muH =    88.388347648318444     
 mdl_I1x33 =  ( 2.69955531549349904E-002,  0.0000000000000000     )
 mdl_I2x33 =  ( 0.99366614581500645     ,  0.0000000000000000     )
 mdl_I3x33 =  ( 0.99366614581500645     ,  0.0000000000000000     )
 mdl_I4x33 =  ( 2.69955531549349904E-002,  0.0000000000000000     )
 mdl_ee__exp__2 =   9.48355200516540348E-002
 mdl_sw__exp__2 =   0.22224645274001076     
 mdl_cw__exp__2 =   0.77775354725998924     
  Internal Params evaluated point by point
  ----------------------------------------
  
 mdl_sqrt__aS =   0.34351128178744839     
 mdl_G__exp__2 =    1.4828317414825511     
  Couplings of sm-lepton_masses
  ---------------------------------
  
         GC_3 =  -0.00000E+00  -0.30795E+00

 Collider parameters:
 --------------------

 Running at e e   machine @   7.00000000000000067E-002  GeV
 PDF set = none   
 alpha_s(Mz)= 0.1180 running at 2 loops.
 alpha_s(Mz)= 0.1180 running at 2 loops.
 Renormalization scale fixed @    91.188000000000002     
 Factorization scales  fixed @    91.188000000000002        91.188000000000002     


 getting user params
Enter number of events and max and min iterations: 
 Number of events and iterations         2000           9           3
Enter desired fractional accuracy: 
 Desired fractional accuracy:  -1.69639999999999989E-005
Enter 0 for fixed, 2 for adjustable grid: 
Suppress amplitude (0 no, 1 yes)? 
 Using suppressed amplitude.
Exact helicity sum (0 yes, n = number/event)? 
 Explicitly summing over helicities
Enter Configuration Number: 
Running Configuration Number:    1
 Not subdividing B.W.
 Attempting mappinvarients           1           4
 Completed mapping           4
 about to integrate            2        2000           9           3           2           1
 Using non-zero grid deformation.
  2 dimensions   2000 events  2 invarients  9 iterations  1 config(s),  (0.99)
 Using h-tuple random number sequence.
 Error opening grid
 Using Uniform Grid!
 Using uniform alpha   1.0000000000000000     
 Grid defined OK
 Set CM energy to          0.07
 Mapping Graph           1  to config           1
 Warning: No cutoff for shat integral found
          Minimum set to    204.08163265306121     
Setting grid   1    0.20408E+03   1
 Masses: 0.511E-03 0.511E-03 0.000E+00 0.000E+00
   1   1   2
 Got moffset          26
Using random seed offsets     1 :      1
  with seed                  267
 Ranmar initialization seeds       26466        1490
  Particle       3       4
      Et >     0.0     0.0
       E >     0.0     0.0
     Eta <    -1.0    -1.0
   xqcut:      0.0     0.0
d R # 3  >    -0.0     0.0
s min # 3>     0.0     0.0
xqcutij # 3>     0.0     0.0
 alpha_s for scale    91.188000000000002       is   0.11800000071525575     
 Added good helicity            1  4.00191252654650241E-003  in event            1
 Added good helicity            2  3.78431571301164995E-004  in event            1
 Added good helicity            3  3.78431571301165049E-004  in event            1
 Added good helicity            6   7.5793990264801003       in event            1
 Added good helicity            7  0.41584219783938625       in event            1
 Added good helicity           10  0.41584219783938625       in event            1
 Added good helicity           11   7.5793990264801003       in event            1
 Added good helicity           14  3.78431571301165049E-004  in event            1
 Added good helicity           15  3.78431571301164995E-004  in event            1
 Added good helicity           16  4.00191252654650241E-003  in event            1
 Iteration  1   Mean: 0.1948E+09 Abs mean: 0.1948E+09   Fluctuation:  0.285E+08   0.361E+11   100.0%
  1    0.1948E+09 0.1948E+09 +- 0.2854E+08      6.55
 Writing out events   10820.060664168681        6.5531466833984098     
 Relative summed weights:
  0.4598E+00  0.0000E+00
  0.5402E+00  0.0000E+00
 Relative number of events:
  0.5070E+00  0.0000E+00
  0.4930E+00  0.0000E+00
 Events:
        1014           0
         986           0
Warning xbin not returning correct x   1  0.986168E+00  0.999786E+00  0.1571E-01
 Iteration  2   Mean: 0.8315E+08 Abs mean: 0.8315E+08   Fluctuation:  0.345E+07   0.293E+10   100.0%
  2    0.8315E+08 0.8315E+08 +- 0.3448E+07      2.62
 Relative summed weights:
  0.5167E+00  0.0000E+00
  0.4833E+00  0.0000E+00
 Relative number of events:
  0.5018E+00  0.0000E+00
  0.4983E+00  0.0000E+00
 Events:
        2007           0
        1993           0
 Iteration  3   Mean: 0.2762E+09 Abs mean: 0.2762E+09   Fluctuation:  0.564E+08   0.375E+12   100.0%
  3    0.2762E+09 0.2762E+09 +- 0.5642E+08     18.27
 Relative summed weights:
  0.5187E+00  0.0000E+00
  0.4813E+00  0.0000E+00
 Relative number of events:
  0.4983E+00  0.0000E+00
  0.5018E+00  0.0000E+00
 Events:
        3986           0
        4014           0
 Found          916  events.
 Wrote            7  events.
 Actual xsec    98216808.254409328     
 Correct abs xsec    98216808.254409328     
 Event xsec    98216808.254409343     
 Events wgts > 1:            0
 % Cross section > 1:    0.0000000000000000        0.0000000000000000     
 Checking number of events   1666.1499352277997                7  chi2:    20.248185512949796     
 Found          916  events.
 Wrote            4  events.
 Actual xsec    98216808.254409328     
 Correct abs xsec    98216808.254409328     
 Event xsec    98216808.254409328     
 Events wgts > 1:            0
 % Cross section > 1:    0.0000000000000000        0.0000000000000000     
 Iteration  4   Mean: 0.3054E+09 Abs mean: 0.3054E+09   Fluctuation:  0.284E+08   0.219E+12   100.0%
  4    0.3054E+09 0.3054E+09 +- 0.2844E+08     11.78
 Relative summed weights:
  0.4216E+00  0.0000E+00
  0.5784E+00  0.0000E+00
 Relative number of events:
  0.5045E+00  0.0000E+00
  0.4955E+00  0.0000E+00
 Events:
        8072           0
        7928           0
 Found          969  events.
 Wrote           24  events.
 Actual xsec    125120522.43237853     
 Correct abs xsec    125120522.43237853     
 Event xsec    125120522.43237850     
 Events wgts > 1:            0
 % Cross section > 1:    0.0000000000000000        0.0000000000000000     
 Checking number of events   2122.5445425428693               24  chi2:    97.760942770212466     
 Found          969  events.
 Wrote           17  events.
 Actual xsec    125120522.43237853     
 Correct abs xsec    125120522.43237853     
 Event xsec    125120522.43237858     
 Events wgts > 1:            0
 % Cross section > 1:    0.0000000000000000        0.0000000000000000     
 Iteration  5   Mean: 0.2839E+09 Abs mean: 0.2839E+09   Fluctuation:  0.391E+07   0.119E+11   100.0%
  5    0.2839E+09 0.2839E+09 +- 0.3914E+07      2.47
 Relative summed weights:
  0.5042E+00  0.0000E+00
  0.4958E+00  0.0000E+00
 Relative number of events:
  0.4966E+00  0.0000E+00
  0.5034E+00  0.0000E+00
 Events:
       15890           0
       16110           0
 Found         2628  events.
 Wrote         1088  events.
 Actual xsec    284328534.88271737     
 Correct abs xsec    284328534.88271737     
 Event xsec    284328534.88272327     
 Events wgts > 1:           68
 % Cross section > 1:    2671542.3093834794       0.93959697379139528     
 Checking number of events   4823.3492657504175             1088  chi2:   0.29062927502235164     
 Found         2628  events.
 Wrote         1076  events.
 Actual xsec    284328534.88271737     
 Correct abs xsec    284328534.88271737     
 Event xsec    284328534.88272148     
 Events wgts > 1:           68
 % Cross section > 1:    2701053.4241769663       0.94997620456599063     
 Iteration  6   Mean: 0.2798E+09 Abs mean: 0.2798E+09   Fluctuation:  0.141E+07   0.401E+10   100.0%
  6    0.2798E+09 0.2798E+09 +- 0.1411E+07      1.28
 Relative summed weights:
  0.4962E+00  0.0000E+00
  0.5038E+00  0.0000E+00
 Relative number of events:
  0.4981E+00  0.0000E+00
  0.5019E+00  0.0000E+00
 Events:
       31878           0
       32122           0
 Found         6286  events.
 Wrote         6281  events.
 Actual xsec    280310608.90332383     
 Correct abs xsec    280310608.90332383     
 Event xsec    280310608.90330732     
 Events wgts > 1:          257
 % Cross section > 1:    1512058.4123310028       0.53942247075371486     
 Checking number of events   4755.1891694359847             6281  chi2:   0.88768083316512991     

 -------------------------------------------------------------------------------
 Accumulated results:   Integral =  0.2777E+09
                        Std dev  =  0.1304E+07
                       Cross sec =  0.5910E+02
             Chi**2 per DoF.     =
-------------------------------------------------
---------------------------
 Results Last   3 iters: Integral =   0.2803E+09
                     Abs integral =   0.2803E+09
                          Std dev =   0.1326E+07
                  Chi**2 per DoF. =      0.8877
-------------------------------------------------
---------------------------
 Status -1.69639999999999989E-005           7           9
 We found enough events        6281   4755.1891694359847     

ls status:
events.lhe
ftn25
ftn26
input_sg.txt
moffset.dat
results.dat
run_01_ftn26.gz
run_01_log.txt
run_01_results.dat
run_12_ftn26.gz
run_12_log.txt
run_12_results.dat
run_13_ftn26.gz
run_13_log.txt
run_13_results.dat
run_14_ftn26.gz
run_14_log.txt
run_14_results.dat
run_15_ftn26.gz
run_15_log.txt
run_15_results.dat
run1_app.log
run_20_ftn26.gz
run_20_log.txt
run_20_results.dat
run_21_ftn26.gz
run_21_log.txt
run_21_results.dat
run_25_ftn26.gz
run_25_log.txt
run_25_results.dat
