 No PDF is used, alpha_s(MZ) from param_card is used
 Value of alpha_s from param_card:   0.11800000071525575     
 The default order of alpha_s running is fixed to            2
<<<<<<< HEAD
 Results.dat xsec =    8226300000.0000000       abs xsec =    8226300000.0000000     
 Found            1  subprocesses
 SubProcess/Channel     kept   read   xsec 
P0_epem_aepem/G1/     510     510 0.247E+07
P0_epem_aepem/G2.2/     510     575 0.247E+07
P0_epem_aepem/G3.2/     510     630 0.247E+07
P0_epem_aepem/G7/  452512  452632 0.173E+10
P0_epem_aepem/G8/  452512  452941 0.173E+10
P0_epem_aepem/G9/  452512  453155 0.173E+10
P0_epem_aepem/G10/  453774  454795 0.174E+10
P0_epem_aepem/G11.2/  453774  455182 0.174E+10
P0_epem_aepem/G12.2/  453774  455617 0.174E+10
P0_epem_aepem/G13/  879799  881642 0.338E+10
P0_epem_aepem/G14/  879799  881801 0.338E+10
P0_epem_aepem/G15/  879799  882051 0.338E+10
P0_epem_aepem/G16/ 1359815 1362067 0.580E+10
P0_epem_aepem/G17/ 1359815 1362169 0.580E+10
P0_epem_aepem/G18/ 1359815 1362223 0.580E+10
P0_epem_aepem/G19/ 1360241 1362649 0.581E+10
P0_epem_aepem/G20.2/ 1360241 1363029 0.581E+10
P0_epem_aepem/G21.2/ 1360241 1363307 0.581E+10
P0_epem_aepem/G22/ 1840247 1843313 0.823E+10
P0_epem_aepem/G23/ 1840247 1843341 0.823E+10
P0_epem_aepem/G24/ 1840247 1843372 0.823E+10
 Found      1030155  events writing first      1000000
 Unweighting selected      1000000  events.
Truncated  0.00% of cross section
=======
 Results.dat xsec =   2.40199999999999991E+040  abs xsec =   2.40199999999999991E+040
 Found            1  subprocesses
 SubProcess/Channel     kept   read   xsec 
P0_epem_aepem/G1/       0      11 0.000E+00
P0_epem_aepem/G2.2/       0      21 0.000E+00
P0_epem_aepem/G3.2/       0      31 0.000E+00
P0_epem_aepem/G7/       1      32 0.100E+36
P0_epem_aepem/G8/       1      38 0.100E+36
P0_epem_aepem/G9/       1      63 0.100E+36
P0_epem_aepem/G10/       1      70 0.100E+36
P0_epem_aepem/G11.2/       1      78 0.100E+36
P0_epem_aepem/G12.2/       1      81 0.100E+36
P0_epem_aepem/G13/       1      83 0.100E+36
P0_epem_aepem/G14/       1      96 0.100E+36
P0_epem_aepem/G15/       1     103 0.100E+36
P0_epem_aepem/G16/      63     165 0.361E+39
P0_epem_aepem/G17/      63     170 0.361E+39
P0_epem_aepem/G18/      63     175 0.361E+39
P0_epem_aepem/G19/      63     185 0.361E+39
P0_epem_aepem/G20.2/      63     194 0.361E+39
P0_epem_aepem/G21.2/      63     211 0.361E+39
P0_epem_aepem/G22/     118     266 0.240E+41
P0_epem_aepem/G23/     118     285 0.240E+41
P0_epem_aepem/G24/     118     310 0.240E+41
 Iteration            1  too large truncation   0.99988543689320464              118
 Iteration            2  too large truncation   0.99985106796116252              118
 Iteration            3  too large truncation   0.99980638834951563              118
 Iteration            4  too large truncation   0.99974830485437005              118
 Iteration            5  too large truncation   0.99967279631067774              118
 Iteration            6  too large truncation   0.99957463520388457              118
 Iteration            7  too large truncation   0.99944753245532825              118
 Iteration            8  too large truncation   0.99928304605154250              118
 Iteration            9  too large truncation   0.99906921372662150              118
 Iteration           10  too large truncation   0.99879123170422179              118
 Iteration           11  too large truncation   0.99842985507510174              118
 Iteration           12  too large truncation   0.99796006545724780              117
 Iteration           13  too large truncation   0.99734933895403666              117
 Iteration           14  too large truncation   0.99655539449986574              117
 Iteration           15  too large truncation   0.99552326670944069              118
 Iteration           16  too large truncation   0.99418150058188315              117
 Iteration           17  too large truncation   0.99243720461606433              117
 Iteration           18  too large truncation   0.99016961986049778              117
 Iteration           19  too large truncation   0.98722175967826142              117
 Iteration           20  too large truncation   0.98338954144135482              117
 Unable to get      1000000  events. Writing          117
 Unweighting selected          117  events.
Truncated 98.34% of cross section
>>>>>>> 911b5ec345c81b054214c521136984e9d6306827
