 Process in group number            0
 No PDF is used, alpha_s(MZ) from param_card is used
 Value of alpha_s from param_card:   0.11800000071525575     
 The default order of alpha_s running is fixed to            2
<<<<<<< HEAD
=======
 Warning: pt or E min of a gamma should in general be >0
>>>>>>> 911b5ec345c81b054214c521136984e9d6306827
 *****************************************************
 *               MadGraph/MadEvent                   *
 *        --------------------------------           *
 *          http://madgraph.hep.uiuc.edu             *
 *          http://madgraph.phys.ucl.ac.be           *
 *          http://madgraph.roma2.infn.it            *
 *        --------------------------------           *
 *                                                   *
 *          PARAMETER AND COUPLING VALUES            *
 *                                                   *
 *****************************************************

  External Params
  ---------------------------------
  
 aEWM1 =    132.50700378417969     
 mdl_Gf =   1.16639000000000003E-005
 aS =   0.11800000071525575     
 mdl_ymb =    4.6999998092651367     
 mdl_ymt =    173.00000000000000     
 mdl_yme =   5.10999991092830896E-004
 mdl_ymm =   0.10565999895334244     
 mdl_ymtau =    1.7769999504089355     
 mdl_MZ =    91.188003540039063     
 mdl_MT =    173.00000000000000     
 mdl_MB =    4.6999998092651367     
 mdl_MH =    125.00000000000000     
 mdl_Me =   5.10999991092830896E-004
 mdl_MM =   0.10565999895334244     
 mdl_MTA =    1.7769999504089355     
 mdl_WZ =    2.4414041042327881     
 mdl_WW =    2.0476000308990479     
 mdl_WT =    1.4915000200271606     
 mdl_WH =   6.38233916833996773E-003
 mdl_WTau =   2.26999999999999982E-012
  Internal Params
  ---------------------------------
  
 mdl_conjg__CKM3x3 =    1.0000000000000000     
 mdl_CKM3x3 =    1.0000000000000000     
 mdl_conjg__CKM1x1 =    1.0000000000000000     
 mdl_complexi =  (  0.0000000000000000     ,  1.0000000000000000     )
 mdl_MZ__exp__2 =    8315.2519896181766     
 mdl_MZ__exp__4 =    69143415.650849044     
 mdl_sqrt__2 =    1.4142135623730951     
 mdl_MH__exp__2 =    15625.000000000000     
 mdl_aEW =   7.54677089845565054E-003
 mdl_MW =    80.419007276179556     
 mdl_sqrt__aEW =   8.68721526063194194E-002
 mdl_ee =   0.30795376284704501     
 mdl_MW__exp__2 =    6467.2167312862202     
 mdl_sw2 =   0.22224645274001076     
 mdl_cw =   0.88190336616887299     
 mdl_sqrt__sw2 =   0.47143022043565552     
 mdl_sw =   0.47143022043565552     
 mdl_g1 =   0.34919218438279087     
 mdl_gw =   0.65323296958447097     
 mdl_vev =    246.21845810181631     
 mdl_vev__exp__2 =    60623.529110035874     
 mdl_lam =   0.12886910601690271     
 mdl_yb =   2.69955531549349904E-002
 mdl_ye =   2.93504850670934038E-006
 mdl_ym =   6.06883028478528356E-004
 mdl_yt =   0.99366614581500645     
 mdl_ytau =   1.02066167158167895E-002
 mdl_muH =    88.388347648318444     
 mdl_I1x33 =  ( 2.69955531549349904E-002,  0.0000000000000000     )
 mdl_I2x33 =  ( 0.99366614581500645     ,  0.0000000000000000     )
 mdl_I3x33 =  ( 0.99366614581500645     ,  0.0000000000000000     )
 mdl_I4x33 =  ( 2.69955531549349904E-002,  0.0000000000000000     )
 mdl_ee__exp__2 =   9.48355200516540348E-002
 mdl_sw__exp__2 =   0.22224645274001076     
 mdl_cw__exp__2 =   0.77775354725998924     
  Internal Params evaluated point by point
  ----------------------------------------
  
 mdl_sqrt__aS =   0.34351128178744839     
 mdl_G__exp__2 =    1.4828317414825511     
  Couplings of sm-lepton_masses
  ---------------------------------
  
         GC_3 =  -0.00000E+00  -0.30795E+00
        GC_50 =  -0.00000E+00  -0.28804E+00
        GC_59 =   0.00000E+00   0.82310E-01
        GC_89 =  -0.00000E+00  -0.20754E-05

 Collider parameters:
 --------------------

<<<<<<< HEAD
 Running at e e   machine @   7.14879999999999960E-002  GeV
=======
 Running at e e   machine @   7.00000000000000067E-002  GeV
>>>>>>> 911b5ec345c81b054214c521136984e9d6306827
 PDF set = none   
 alpha_s(Mz)= 0.1180 running at 2 loops.
 alpha_s(Mz)= 0.1180 running at 2 loops.
 Renormalization scale fixed @    91.188000000000002     
 Factorization scales  fixed @    91.188000000000002        91.188000000000002     


 getting user params
Enter number of events and max and min iterations: 
 Number of events and iterations         2000           9           3
Enter desired fractional accuracy: 
<<<<<<< HEAD
 Desired fractional accuracy:  -5.74259999999999987E-006
=======
 Desired fractional accuracy:  -6.26620000000000013E-037
>>>>>>> 911b5ec345c81b054214c521136984e9d6306827
Enter 0 for fixed, 2 for adjustable grid: 
Suppress amplitude (0 no, 1 yes)? 
 Using suppressed amplitude.
Exact helicity sum (0 yes, n = number/event)? 
 Explicitly summing over helicities
Enter Configuration Number: 
Running Configuration Number:   22
 Not subdividing B.W.
 Attempting mappinvarients           1           5
 Completed mapping           5
 about to integrate            5        2000           9           3           5           1
<<<<<<< HEAD
 Using non-zero grid deformation.
  5 dimensions   2000 events  5 invarients  9 iterations  1 config(s),  (0.99)
 Using h-tuple random number sequence.
 Error opening grid
 Using Uniform Grid!
 Using uniform alpha   1.0000000000000000     
 Grid defined OK
 Set CM energy to          0.07
 Mapping Graph          22  to config          22
Setting grid   1    0.51095E-04   1
Setting grid   2    0.51095E-04   1
=======
 Keeping grid fixed.
  5 dimensions   2000 events  5 invarients  9 iterations  1 config(s),  (0.99)
 Using h-tuple random number sequence.
 Grid read from file
 Grid defined OK
 Set CM energy to          0.07
 Mapping Graph          22  to config          22
 No modification is setgrid, grid read from file
 No modification is setgrid, grid read from file
>>>>>>> 911b5ec345c81b054214c521136984e9d6306827
 Masses: 0.511E-03 0.511E-03 0.000E+00 0.511E-03 0.511E-03
  22   1   2   3   4   5
 Got moffset          19
Using random seed offsets    22 :      1
<<<<<<< HEAD
  with seed                   87
 Ranmar initialization seeds       17634        9285
=======
  with seed                   30
 Ranmar initialization seeds        8313        9226
>>>>>>> 911b5ec345c81b054214c521136984e9d6306827
  Particle       3       4       5
      Et >     0.0     0.0     0.0
       E >     0.0     0.0     0.0
     Eta <    -1.0    -1.0    -1.0
   xqcut:      0.0     0.0     0.0
d R # 3  >    -0.0     0.0     0.0
<<<<<<< HEAD
d R # 4  >    -0.0    -0.0     0.0
=======
d R # 4  >    -0.0    -0.0     0.4
>>>>>>> 911b5ec345c81b054214c521136984e9d6306827
s min # 3>     0.0     0.0     0.0
s min # 4>     0.0     0.0     0.0
xqcutij # 3>     0.0     0.0     0.0
xqcutij # 4>     0.0     0.0     0.0
 alpha_s for scale    91.188000000000002       is   0.11800000071525575     
<<<<<<< HEAD
 Added good helicity            1   5.8676721168960793       in event            1
 Added good helicity            2  6.01020777690842072E-006  in event            1
 Added good helicity            3  7.82944886022091807E-003  in event            1
 Added good helicity            5   2.5358017924565872       in event            1
 Added good helicity            6  2.53740754122430595E-006  in event            1
 Added good helicity            7  7.81400557614839420E-006  in event            1
 Added good helicity            9  5.97728368751680883E-006  in event            1
 Added good helicity           10   5.3072707183984633       in event            1
 Added good helicity           11  1.66820236694164576E-006  in event            1
 Added good helicity           12  6.85141692836223511E-003  in event            1
 Added good helicity           13  2.37619811692732336E-006  in event            1
 Added good helicity           14   2.2745383808646960       in event            1
 Added good helicity           15  2.02183995055441073E-006  in event            1
 Added good helicity           16  7.67869136628039933E-006  in event            1
 Added good helicity           17  7.67869143900208267E-006  in event            1
 Added good helicity           18  2.02183995318064486E-006  in event            1
 Added good helicity           19   2.2745384018376713       in event            1
 Added good helicity           20  2.37619814290164121E-006  in event            1
 Added good helicity           21  6.85141700251452358E-003  in event            1
 Added good helicity           22  1.66820236613324408E-006  in event            1
 Added good helicity           23   5.3072707673518957       in event            1
 Added good helicity           24  5.97728374407219753E-006  in event            1
 Added good helicity           26  7.81400551089757873E-006  in event            1
 Added good helicity           27  2.53740756844087851E-006  in event            1
 Added good helicity           28   2.5358017924546612       in event            1
 Added good helicity           30  7.82944887336504622E-003  in event            1
 Added good helicity           31  6.01020783623220446E-006  in event            1
 Added good helicity           32   5.8676721168974790       in event            1
 Added good helicity            4  9.15495938702991696E-006  in event            4
 Added good helicity           29  9.15495957223474153E-006  in event            4
 Iteration  1   Mean: 0.2261E+10 Abs mean: 0.2261E+10   Fluctuation:  0.164E+09   0.133E+12    84.2%
  1    0.2261E+10 0.2261E+10 +- 0.1638E+09      3.24
 Writing out events   149247.87562348266        3.2389329340755197     
=======
 Added good helicity            1   4.3586063906149208       in event            1
 Added good helicity            3  7.26343502791444284E-003  in event            1
 Added good helicity            5   3.6341301741187659       in event            1
 Added good helicity           10   4.3586063906150763       in event            1
 Added good helicity           12  7.26343502791470218E-003  in event            1
 Added good helicity           14   3.6341301741188965       in event            1
 Added good helicity           19   3.6341301741188965       in event            1
 Added good helicity           21  7.26343502791469958E-003  in event            1
 Added good helicity           23   4.3586063906150763       in event            1
 Added good helicity           28   3.6341301741187659       in event            1
 Added good helicity           30  7.26343502791444023E-003  in event            1
 Added good helicity           32   4.3586063906149208       in event            1
 Added good helicity            2  1.95187119892942349E-005  in event           26
 Added good helicity            6  1.39217977559505199E-005  in event           26
 Added good helicity            7  1.95794012797967990E-005  in event           26
 Added good helicity            9  1.95427100847976059E-005  in event           26
 Added good helicity           11   1.8118284478554074       in event           26
 Added good helicity           13  3.27540117180871518E-002  in event           26
 Added good helicity           15   2.5376815991245683       in event           26
 Added good helicity           16  1.95094642637166964E-005  in event           26
 Added good helicity           17  1.95094540775409884E-005  in event           26
 Added good helicity           18   2.5376815987349244       in event           26
 Added good helicity           20  3.27540118018778484E-002  in event           26
 Added good helicity           22   1.8118284480455220       in event           26
 Added good helicity           24  1.95426998691344618E-005  in event           26
 Added good helicity           26  1.95794114996000369E-005  in event           26
 Added good helicity           27  1.39217904818676861E-005  in event           26
 Added good helicity           31  1.95187017848280159E-005  in event           26
 Iteration  1   Mean: 0.8483E+32 Abs mean: 0.8483E+32   Fluctuation:  0.314E+32   0.384E+35    98.6%
  1    0.8483E+32 0.8483E+32 +- 0.3137E+32     16.54
 Writing out events  4.77891263360553266E+027   16.538809594602903     
>>>>>>> 911b5ec345c81b054214c521136984e9d6306827
 Relative summed weights:
  0.1000E+01  0.0000E+00
 Relative number of events:
  0.1000E+01  0.0000E+00
 Events:
        2000           0
<<<<<<< HEAD
 Iteration  2   Mean: 0.2486E+10 Abs mean: 0.2486E+10   Fluctuation:  0.709E+08   0.399E+11    85.7%
  2    0.2486E+10 0.2486E+10 +- 0.7086E+08      1.80
=======
 Iteration  2   Mean: 0.2174E+33 Abs mean: 0.2174E+33   Fluctuation:  0.931E+32   0.236E+36    98.6%
  2    0.2174E+33 0.2174E+33 +- 0.9306E+32     27.07
>>>>>>> 911b5ec345c81b054214c521136984e9d6306827
 Relative summed weights:
  0.1000E+01  0.0000E+00
 Relative number of events:
  0.1000E+01  0.0000E+00
 Events:
        4000           0
<<<<<<< HEAD
 Iteration  3   Mean: 0.2364E+10 Abs mean: 0.2364E+10   Fluctuation:  0.357E+08   0.246E+11    79.7%
  3    0.2364E+10 0.2364E+10 +- 0.3574E+08      1.35
=======
 Iteration  3   Mean: 0.1460E+35 Abs mean: 0.1460E+35   Fluctuation:  0.139E+35   0.111E+39    98.6%
  3    0.1460E+35 0.1460E+35 +- 0.1394E+35     85.42
>>>>>>> 911b5ec345c81b054214c521136984e9d6306827
 Relative summed weights:
  0.1000E+01  0.0000E+00
 Relative number of events:
  0.1000E+01  0.0000E+00
 Events:
        8000           0
<<<<<<< HEAD
 Found          928  events.
 Wrote          923  events.
 Actual xsec    2386784153.1824389     
 Correct abs xsec    2386784153.1824389     
 Event xsec    2386784153.1823916     
 Events wgts > 1:            6
 % Cross section > 1:    2529234.6664052121       0.10596830312589790     
 Checking number of events   13706.346678065473              923  chi2:    1.4663087943812692     
 Found          928  events.
 Wrote          923  events.
 Actual xsec    2386784153.1824389     
 Correct abs xsec    2386784153.1824389     
 Event xsec    2386784153.1823916     
 Events wgts > 1:            6
 % Cross section > 1:    2529234.6664052121       0.10596830312589790     
 Iteration  4   Mean: 0.2412E+10 Abs mean: 0.2412E+10   Fluctuation:  0.226E+08   0.307E+11    76.9%
  4    0.2412E+10 0.2412E+10 +- 0.2262E+08      1.19
=======
 Found           63  events.
 Wrote            1  events.
 Actual xsec   1.28467741218993721E+033
 Correct abs xsec   1.28467741218993721E+033
 Event xsec   1.28467741218993721E+033
 Events wgts > 1:            1
 % Cross section > 1:   4.84172194664660986E+025  3.76882313077578230E-006
 Checking number of events  8.05004560026458481E-004           1  chi2:    797.54962239071426     
 Found           63  events.
 Wrote            1  events.
 Actual xsec   1.28467741218993721E+033
 Correct abs xsec   1.28467741218993721E+033
 Event xsec   1.28467741218993721E+033
 Events wgts > 1:            1
 % Cross section > 1:   4.84172194664660986E+025  3.76882313077578230E-006
 Iteration  4   Mean: 0.1855E+36 Abs mean: 0.1855E+36   Fluctuation:  0.185E+36   0.296E+40    98.6%
  4    0.1855E+36 0.1855E+36 +- 0.1852E+36    126.27
>>>>>>> 911b5ec345c81b054214c521136984e9d6306827
 Relative summed weights:
  0.1000E+01  0.0000E+00
 Relative number of events:
  0.1000E+01  0.0000E+00
 Events:
       16000           0
<<<<<<< HEAD
 Found         2117  events.
 Wrote         2112  events.
 Actual xsec    2404981289.2135434     
 Correct abs xsec    2404981289.2135434     
 Event xsec    2404981289.2135792     
 Events wgts > 1:            6
 % Cross section > 1:    1552241.9047473159       6.45427850814961485E-002
 Checking number of events   13810.845551437695             2112  chi2:    1.3415740413562629     
 Found         2117  events.
 Wrote         2112  events.
 Actual xsec    2404981289.2135434     
 Correct abs xsec    2404981289.2135434     
 Event xsec    2404981289.2135792     
 Events wgts > 1:            6
 % Cross section > 1:    1552241.9047473159       6.45427850814961485E-002
 Iteration  5   Mean: 0.2395E+10 Abs mean: 0.2395E+10   Fluctuation:  0.150E+08   0.295E+11    73.9%
  5    0.2395E+10 0.2395E+10 +- 0.1496E+08      1.12
=======
 Found           27  events.
 Wrote            1  events.
 Actual xsec   2.69008273990521429E+034
 Correct abs xsec   2.69008273990521429E+034
 Event xsec   2.69008273990521429E+034
 Events wgts > 1:            1
 % Cross section > 1:   3.75634269452125666E+027  1.39636697369896218E-005
 Checking number of events  1.68565964647940554E-002           1  chi2:    41109.359428735530     
 Found           27  events.
 Wrote            1  events.
 Actual xsec   2.69008273990521429E+034
 Correct abs xsec   2.69008273990521429E+034
 Event xsec   2.69008273990521429E+034
 Events wgts > 1:            1
 % Cross section > 1:   3.75634269452125666E+027  1.39636697369896218E-005
 Iteration  5   Mean: 0.2998E+38 Abs mean: 0.2998E+38   Fluctuation:  0.300E+38   0.959E+42    98.6%
  5    0.2998E+38 0.2998E+38 +- 0.2997E+38    178.85
>>>>>>> 911b5ec345c81b054214c521136984e9d6306827
 Relative summed weights:
  0.1000E+01  0.0000E+00
 Relative number of events:
  0.1000E+01  0.0000E+00
 Events:
       32000           0
<<<<<<< HEAD
 Found         4320  events.
 Wrote         4315  events.
 Actual xsec    2396308940.0304527     
 Correct abs xsec    2396308940.0304527     
 Event xsec    2396308940.0304465     
 Events wgts > 1:           15
 % Cross section > 1:    2219008.9969762200       9.26011233321203664E-002
 Checking number of events   13761.043719018877             4315  chi2:   0.63935098402432855     
 Found         4320  events.
 Wrote         4315  events.
 Actual xsec    2396308940.0304527     
 Correct abs xsec    2396308940.0304527     
 Event xsec    2396308940.0304465     
 Events wgts > 1:           15
 % Cross section > 1:    2219008.9969762200       9.26011233321203664E-002
 Iteration  6   Mean: 0.2416E+10 Abs mean: 0.2416E+10   Fluctuation:  0.107E+08   0.113E+12    71.4%
  6    0.2416E+10 0.2416E+10 +- 0.1070E+08      1.12
=======
 Found           15  events.
 Wrote            1  events.
 Actual xsec   9.73807974960661951E+036
 Correct abs xsec   9.73807974960661951E+036
 Event xsec   9.73807974960661951E+036
 Events wgts > 1:            0
 % Cross section > 1:    0.0000000000000000        0.0000000000000000     
 Checking number of events   6.1020755326984997                1  chi2:    244494.10226274972     
 Found           15  events.
 Wrote            1  events.
 Actual xsec   9.73807974960661951E+036
 Correct abs xsec   9.73807974960661951E+036
 Event xsec   9.73807974960661951E+036
 Events wgts > 1:            0
 % Cross section > 1:    0.0000000000000000        0.0000000000000000     
 Iteration  6   Mean: 0.4714E+34 Abs mean: 0.4714E+34   Fluctuation:  0.246E+34   0.126E+39    98.7%
  6    0.4714E+34 0.4714E+34 +- 0.2462E+34    132.10
>>>>>>> 911b5ec345c81b054214c521136984e9d6306827
 Relative summed weights:
  0.1000E+01  0.0000E+00
 Relative number of events:
  0.1000E+01  0.0000E+00
 Events:
       64000           0
<<<<<<< HEAD
 Found         9013  events.
 Wrote         9008  events.
 Actual xsec    2409431447.5672708     
 Correct abs xsec    2409431447.5672708     
 Event xsec    2409431447.5670662     
 Events wgts > 1:           63
 % Cross section > 1:    8343654.0041984720       0.34629140466409669     
 Checking number of events   13836.401030799809             9008  chi2:   0.68062816058736897     
 Found         9013  events.
 Wrote         9008  events.
 Actual xsec    2409431447.5672708     
 Correct abs xsec    2409431447.5672708     
 Event xsec    2409431447.5670662     
 Events wgts > 1:           63
 % Cross section > 1:    8343654.0041984720       0.34629140466409669     
 Iteration  7   Mean: 0.2429E+10 Abs mean: 0.2429E+10   Fluctuation:  0.764E+07   0.129E+12    69.3%
  7    0.2429E+10 0.2429E+10 +- 0.7638E+07      1.13
=======
 Found            6  events.
 Wrote            1  events.
 Actual xsec   5.32359815631591386E+036
 Correct abs xsec   5.32359815631591386E+036
 Event xsec   5.32359815631591386E+036
 Events wgts > 1:            0
 % Cross section > 1:    0.0000000000000000        0.0000000000000000     
 Checking number of events   3.3358730767106781                1  chi2:    2334860.2290375195     
 Found            6  events.
 Wrote            1  events.
 Actual xsec   5.32359815631591386E+036
 Correct abs xsec   5.32359815631591386E+036
 Event xsec   5.32359815631591386E+036
 Events wgts > 1:            0
 % Cross section > 1:    0.0000000000000000        0.0000000000000000     
 Iteration  7   Mean: 0.2691E+36 Abs mean: 0.2691E+36   Fluctuation:  0.239E+36   0.304E+41    98.6%
  7    0.2691E+36 0.2691E+36 +- 0.2389E+36    317.58
>>>>>>> 911b5ec345c81b054214c521136984e9d6306827
 Relative summed weights:
  0.1000E+01  0.0000E+00
 Relative number of events:
  0.1000E+01  0.0000E+00
 Events:
      128000           0
<<<<<<< HEAD
 Found        18515  events.
 Wrote        18510  events.
 Actual xsec    2420196517.1745257     
 Correct abs xsec    2420196517.1745257     
 Event xsec    2420196517.1745429     
 Events wgts > 1:          124
 % Cross section > 1:    10484821.054086162       0.43322188837486059     
 Checking number of events   13898.220519526431            18510  chi2:    2.1110861890838812     

 -------------------------------------------------------------------------------
 Accumulated results:   Integral =  0.2419E+10
                        Std dev  =  0.5479E+07
                       Cross sec =  0.1383E+01
             Chi**2 per DoF.     =
-------------------------------------------------
---------------------------
 Results Last   3 iters: Integral =   0.2420E+10
                     Abs integral =   0.2420E+10
                          Std dev =   0.5742E+07
                  Chi**2 per DoF. =      2.1111
-------------------------------------------------
---------------------------
 Status -5.74259999999999987E-006           8           9
 We found enough events       18510   13898.220519526431     
=======
 Found          270  events.
 Wrote            1  events.
 Actual xsec   5.11160512051869286E+036
 Correct abs xsec   5.11160512051869286E+036
 Event xsec   5.11160512051869286E+036
 Events wgts > 1:            0
 % Cross section > 1:    0.0000000000000000        0.0000000000000000     
 Checking number of events   3.2030340006194233                1  chi2:    2152300.3991308934     
 Found          270  events.
 Wrote            1  events.
 Actual xsec   5.11160512051869286E+036
 Correct abs xsec   5.11160512051869286E+036
 Event xsec   5.11160512051869286E+036
 Events wgts > 1:            0
 % Cross section > 1:    0.0000000000000000        0.0000000000000000     
 Iteration  8   Mean: 0.1863E+35 Abs mean: 0.1863E+35   Fluctuation:  0.650E+34   0.101E+40    98.6%
  8    0.1863E+35 0.1863E+35 +- 0.6499E+34    176.52
 Relative summed weights:
  0.1000E+01  0.0000E+00
 Relative number of events:
  0.1000E+01  0.0000E+00
 Events:
      256000           0
 Found           88  events.
 Wrote            4  events.
 Actual xsec   3.89173481880398870E+034
 Correct abs xsec   3.89173481880398870E+034
 Event xsec   3.89173481880398916E+034
 Events wgts > 1:            0
 % Cross section > 1:    0.0000000000000000        0.0000000000000000     
 Checking number of events  2.43863887215895539E-002           4  chi2:    101.87133530861277     
 Found           88  events.
 Wrote            4  events.
 Actual xsec   3.89173481880398870E+034
 Correct abs xsec   3.89173481880398870E+034
 Event xsec   3.89173481880398916E+034
 Events wgts > 1:            0
 % Cross section > 1:    0.0000000000000000        0.0000000000000000     
 Iteration  9   Mean: 0.3207E+35 Abs mean: 0.3207E+35   Fluctuation:  0.104E+35   0.287E+40    98.7%
  9    0.3207E+35 0.3207E+35 +- 0.1038E+35    231.52
 Relative summed weights:
  0.1000E+01  0.0000E+00
 Relative number of events:
  0.1000E+01  0.0000E+00
 Events:
      512000           0
 Found          591  events.
 Wrote            8  events.
 Actual xsec   4.20701114657611056E+034
 Correct abs xsec   4.20701114657611056E+034
 Event xsec   4.20701114657610964E+034
 Events wgts > 1:            0
 % Cross section > 1:    0.0000000000000000        0.0000000000000000     
 Checking number of events  2.63619732466752257E-002           8  chi2:    7.4209130538102999     

 -------------------------------------------------------------------------------
 Accumulated results:   Integral =  0.8039E+36
                        Std dev  =  0.1294E+36
                       Cross sec =  0.1691E+03
             Chi**2 per DoF.     =
-------------------------------------------------
---------------------------
 Results Last   3 iters: Integral =   0.4207E+35
                     Abs integral =   0.4207E+35
                          Std dev =   0.9642E+34
                  Chi**2 per DoF. =      7.4209
-------------------------------------------------
---------------------------
 Status -6.26620000000000013E-037          10           9
 We found enough events           8  2.63619732466752257E-002
>>>>>>> 911b5ec345c81b054214c521136984e9d6306827

ls status:
events.lhe
ftn25
ftn26
input_sg.txt
<<<<<<< HEAD
moffset.dat
results.dat
run_01_ftn26.gz
run_01_log.txt
run_01_results.dat
run_02_ftn26.gz
run_02_log.txt
run_02_results.dat
run_03_ftn26.gz
run_03_log.txt
run_03_results.dat
=======
log.txt
moffset.dat
results.dat
>>>>>>> 911b5ec345c81b054214c521136984e9d6306827
run1_app.log
