 Process in group number            0
 No PDF is used, alpha_s(MZ) from param_card is used
 Value of alpha_s from param_card:   0.11800000071525575     
 The default order of alpha_s running is fixed to            2
<<<<<<< HEAD
=======
 Warning: pt or E min of a gamma should in general be >0
>>>>>>> 911b5ec345c81b054214c521136984e9d6306827
 *****************************************************
 *               MadGraph/MadEvent                   *
 *        --------------------------------           *
 *          http://madgraph.hep.uiuc.edu             *
 *          http://madgraph.phys.ucl.ac.be           *
 *          http://madgraph.roma2.infn.it            *
 *        --------------------------------           *
 *                                                   *
 *          PARAMETER AND COUPLING VALUES            *
 *                                                   *
 *****************************************************

  External Params
  ---------------------------------
  
 aEWM1 =    132.50700378417969     
 mdl_Gf =   1.16639000000000003E-005
 aS =   0.11800000071525575     
 mdl_ymb =    4.6999998092651367     
 mdl_ymt =    173.00000000000000     
 mdl_yme =   5.10999991092830896E-004
 mdl_ymm =   0.10565999895334244     
 mdl_ymtau =    1.7769999504089355     
 mdl_MZ =    91.188003540039063     
 mdl_MT =    173.00000000000000     
 mdl_MB =    4.6999998092651367     
 mdl_MH =    125.00000000000000     
 mdl_Me =   5.10999991092830896E-004
 mdl_MM =   0.10565999895334244     
 mdl_MTA =    1.7769999504089355     
 mdl_WZ =    2.4414041042327881     
 mdl_WW =    2.0476000308990479     
 mdl_WT =    1.4915000200271606     
 mdl_WH =   6.38233916833996773E-003
 mdl_WTau =   2.26999999999999982E-012
  Internal Params
  ---------------------------------
  
 mdl_conjg__CKM3x3 =    1.0000000000000000     
 mdl_CKM3x3 =    1.0000000000000000     
 mdl_conjg__CKM1x1 =    1.0000000000000000     
 mdl_complexi =  (  0.0000000000000000     ,  1.0000000000000000     )
 mdl_MZ__exp__2 =    8315.2519896181766     
 mdl_MZ__exp__4 =    69143415.650849044     
 mdl_sqrt__2 =    1.4142135623730951     
 mdl_MH__exp__2 =    15625.000000000000     
 mdl_aEW =   7.54677089845565054E-003
 mdl_MW =    80.419007276179556     
 mdl_sqrt__aEW =   8.68721526063194194E-002
 mdl_ee =   0.30795376284704501     
 mdl_MW__exp__2 =    6467.2167312862202     
 mdl_sw2 =   0.22224645274001076     
 mdl_cw =   0.88190336616887299     
 mdl_sqrt__sw2 =   0.47143022043565552     
 mdl_sw =   0.47143022043565552     
 mdl_g1 =   0.34919218438279087     
 mdl_gw =   0.65323296958447097     
 mdl_vev =    246.21845810181631     
 mdl_vev__exp__2 =    60623.529110035874     
 mdl_lam =   0.12886910601690271     
 mdl_yb =   2.69955531549349904E-002
 mdl_ye =   2.93504850670934038E-006
 mdl_ym =   6.06883028478528356E-004
 mdl_yt =   0.99366614581500645     
 mdl_ytau =   1.02066167158167895E-002
 mdl_muH =    88.388347648318444     
 mdl_I1x33 =  ( 2.69955531549349904E-002,  0.0000000000000000     )
 mdl_I2x33 =  ( 0.99366614581500645     ,  0.0000000000000000     )
 mdl_I3x33 =  ( 0.99366614581500645     ,  0.0000000000000000     )
 mdl_I4x33 =  ( 2.69955531549349904E-002,  0.0000000000000000     )
 mdl_ee__exp__2 =   9.48355200516540348E-002
 mdl_sw__exp__2 =   0.22224645274001076     
 mdl_cw__exp__2 =   0.77775354725998924     
  Internal Params evaluated point by point
  ----------------------------------------
  
 mdl_sqrt__aS =   0.34351128178744839     
 mdl_G__exp__2 =    1.4828317414825511     
  Couplings of sm-lepton_masses
  ---------------------------------
  
         GC_3 =  -0.00000E+00  -0.30795E+00
        GC_50 =  -0.00000E+00  -0.28804E+00
        GC_59 =   0.00000E+00   0.82310E-01
        GC_89 =  -0.00000E+00  -0.20754E-05

 Collider parameters:
 --------------------

<<<<<<< HEAD
 Running at e e   machine @   7.14879999999999960E-002  GeV
=======
 Running at e e   machine @   7.00000000000000067E-002  GeV
>>>>>>> 911b5ec345c81b054214c521136984e9d6306827
 PDF set = none   
 alpha_s(Mz)= 0.1180 running at 2 loops.
 alpha_s(Mz)= 0.1180 running at 2 loops.
 Renormalization scale fixed @    91.188000000000002     
 Factorization scales  fixed @    91.188000000000002        91.188000000000002     


 getting user params
Enter number of events and max and min iterations: 
 Number of events and iterations         2000           9           3
Enter desired fractional accuracy: 
<<<<<<< HEAD
 Desired fractional accuracy:  -5.74259999999999987E-006
=======
 Desired fractional accuracy:  -6.26620000000000013E-037
>>>>>>> 911b5ec345c81b054214c521136984e9d6306827
Enter 0 for fixed, 2 for adjustable grid: 
Suppress amplitude (0 no, 1 yes)? 
 Using suppressed amplitude.
Exact helicity sum (0 yes, n = number/event)? 
 Explicitly summing over helicities
Enter Configuration Number: 
Running Configuration Number:   16
 Not subdividing B.W.
 Attempting mappinvarients           1           5
 Completed mapping           5
 about to integrate            5        2000           9           3           5           1
<<<<<<< HEAD
 Using non-zero grid deformation.
  5 dimensions   2000 events  5 invarients  9 iterations  1 config(s),  (0.99)
 Using h-tuple random number sequence.
 Error opening grid
 Using Uniform Grid!
 Using uniform alpha   1.0000000000000000     
 Grid defined OK
 Set CM energy to          0.07
 Mapping Graph          16  to config          16
Setting grid   1    0.51095E-04   1
Setting grid   2    0.51095E-04   1
=======
 Keeping grid fixed.
  5 dimensions   2000 events  5 invarients  9 iterations  1 config(s),  (0.99)
 Using h-tuple random number sequence.
 Grid read from file
 Grid defined OK
 Set CM energy to          0.07
 Mapping Graph          16  to config          16
 No modification is setgrid, grid read from file
 No modification is setgrid, grid read from file
>>>>>>> 911b5ec345c81b054214c521136984e9d6306827
 Masses: 0.511E-03 0.511E-03 0.000E+00 0.511E-03 0.511E-03
  16   1   2   3   4   5
 Got moffset          11
Using random seed offsets    16 :      1
<<<<<<< HEAD
  with seed                   87
 Ranmar initialization seeds       17628       14110
=======
  with seed                   30
 Ranmar initialization seeds        8307       14051
>>>>>>> 911b5ec345c81b054214c521136984e9d6306827
  Particle       3       4       5
      Et >     0.0     0.0     0.0
       E >     0.0     0.0     0.0
     Eta <    -1.0    -1.0    -1.0
   xqcut:      0.0     0.0     0.0
d R # 3  >    -0.0     0.0     0.0
<<<<<<< HEAD
d R # 4  >    -0.0    -0.0     0.0
=======
d R # 4  >    -0.0    -0.0     0.4
>>>>>>> 911b5ec345c81b054214c521136984e9d6306827
s min # 3>     0.0     0.0     0.0
s min # 4>     0.0     0.0     0.0
xqcutij # 3>     0.0     0.0     0.0
xqcutij # 4>     0.0     0.0     0.0
 alpha_s for scale    91.188000000000002       is   0.11800000071525575     
<<<<<<< HEAD
 Added good helicity            1   7.2265693792670698       in event            1
 Added good helicity            2  1.75410418921373640E-004  in event            1
 Added good helicity            3  1.62778990467840287E-003  in event            1
 Added good helicity            5   1.6279556920962559       in event            1
 Added good helicity            6  2.74777718141414183E-005  in event            1
 Added good helicity            9  4.00038709060299876E-005  in event            1
 Added good helicity           10   2.3706486785429695       in event            1
 Added good helicity           12  4.86095916646748063E-004  in event            1
 Added good helicity           13  2.83600496529647810E-004  in event            1
 Added good helicity           14   4.7721837368951867       in event            1
 Added good helicity           15  1.90773786896190428E-006  in event            1
 Added good helicity           18  1.90773787219375849E-006  in event            1
 Added good helicity           19   4.7721837359259043       in event            1
 Added good helicity           20  2.83600495493107816E-004  in event            1
 Added good helicity           21  4.86095917101657231E-004  in event            1
 Added good helicity           23   2.3706486777062219       in event            1
 Added good helicity           24  4.00038708920009536E-005  in event            1
 Added good helicity           27  2.74777718137196670E-005  in event            1
 Added good helicity           28   1.6279556920372475       in event            1
 Added good helicity           30  1.62778990581811359E-003  in event            1
 Added good helicity           31  1.75410419630684858E-004  in event            1
 Added good helicity           32   7.2265693795295443       in event            1
 Added good helicity           11  9.34528245112760222E-006  in event            2
 Added good helicity           16  6.82201172266130322E-006  in event            2
 Added good helicity           17  6.82201176307484179E-006  in event            2
 Added good helicity           22  9.34528248657679335E-006  in event            2
 Added good helicity            7  9.09707974640912000E-005  in event            4
 Added good helicity           26  9.09707974627053457E-005  in event            4
 Added good helicity            4  2.81389878125011967E-005  in event            8
 Added good helicity           29  2.81389862400448050E-005  in event            8
 Iteration  1   Mean: 0.2142E+10 Abs mean: 0.2142E+10   Fluctuation:  0.147E+09   0.847E+11    83.7%
  1    0.2142E+10 0.2142E+10 +- 0.1467E+09      3.06
 Writing out events   142156.76276991339        3.0618502430840757     
=======
 Added good helicity            1   4.0093940595219193       in event            1
 Added good helicity            5   3.9906056398155729       in event            1
 Added good helicity           10   3.9906056398162533       in event            1
 Added good helicity           14   4.0093940595226218       in event            1
 Added good helicity           19   4.0093940595226218       in event            1
 Added good helicity           23   3.9906056398162546       in event            1
 Added good helicity           28   3.9906056398155716       in event            1
 Added good helicity           32   4.0093940595219193       in event            1
 Added good helicity            2  9.50543928419689786E-003  in event            3
 Added good helicity           13  9.50543928420404839E-003  in event            3
 Added good helicity           20  9.50543928420403104E-003  in event            3
 Added good helicity           31  9.50543928419691521E-003  in event            3
 Iteration  1   Mean: 0.2609E+35 Abs mean: 0.2609E+35   Fluctuation:  0.241E+35   0.481E+38    99.8%
  1    0.2609E+35 0.2609E+35 +- 0.2411E+35     41.33
 Writing out events  1.45292463663068361E+030   41.326355381345479     
>>>>>>> 911b5ec345c81b054214c521136984e9d6306827
 Relative summed weights:
  0.1000E+01  0.0000E+00
 Relative number of events:
  0.1000E+01  0.0000E+00
 Events:
        2000           0
<<<<<<< HEAD
 Iteration  2   Mean: 0.2412E+10 Abs mean: 0.2412E+10   Fluctuation:  0.661E+08   0.414E+11    86.9%
  2    0.2412E+10 0.2412E+10 +- 0.6607E+08      1.73
=======
 Iteration  2   Mean: 0.2875E+34 Abs mean: 0.2875E+34   Fluctuation:  0.134E+34   0.454E+37    99.4%
  2    0.2875E+34 0.2875E+34 +- 0.1345E+34     29.58
>>>>>>> 911b5ec345c81b054214c521136984e9d6306827
 Relative summed weights:
  0.1000E+01  0.0000E+00
 Relative number of events:
  0.1000E+01  0.0000E+00
 Events:
        4000           0
<<<<<<< HEAD
 Iteration  3   Mean: 0.2413E+10 Abs mean: 0.2413E+10   Fluctuation:  0.364E+08   0.314E+11    81.8%
  3    0.2413E+10 0.2413E+10 +- 0.3641E+08      1.35
=======
 Iteration  3   Mean: 0.8462E+35 Abs mean: 0.8462E+35   Fluctuation:  0.559E+35   0.427E+39    99.5%
  3    0.8462E+35 0.8462E+35 +- 0.5591E+35     59.10
>>>>>>> 911b5ec345c81b054214c521136984e9d6306827
 Relative summed weights:
  0.1000E+01  0.0000E+00
 Relative number of events:
  0.1000E+01  0.0000E+00
 Events:
        8000           0
<<<<<<< HEAD
 Found         1000  events.
 Wrote          996  events.
 Actual xsec    2403208233.2823019     
 Correct abs xsec    2403208233.2823019     
 Event xsec    2403208233.2823253     
 Events wgts > 1:            7
 % Cross section > 1:    3638845.7894719602       0.15141616690044329     
 Checking number of events   13800.663600446947              996  chi2:    1.6304604494960522     
 Found         1000  events.
 Wrote          996  events.
 Actual xsec    2403208233.2823019     
 Correct abs xsec    2403208233.2823019     
 Event xsec    2403208233.2823253     
 Events wgts > 1:            7
 % Cross section > 1:    3638845.7894719602       0.15141616690044329     
 Iteration  4   Mean: 0.2431E+10 Abs mean: 0.2431E+10   Fluctuation:  0.227E+08   0.486E+11    77.7%
  4    0.2431E+10 0.2431E+10 +- 0.2274E+08      1.18
=======
 Found           89  events.
 Wrote            2  events.
 Actual xsec   2.95649547898912145E+034
 Correct abs xsec   2.95649547898912145E+034
 Event xsec   2.95649547898912145E+034
 Events wgts > 1:            0
 % Cross section > 1:    0.0000000000000000        0.0000000000000000     
 Checking number of events  1.85259919704416319E-002           2  chi2:    197.42630377820811     
 Found           89  events.
 Wrote            1  events.
 Actual xsec   2.95649547898912145E+034
 Correct abs xsec   2.95649547898912145E+034
 Event xsec   2.95649547898912145E+034
 Events wgts > 1:            0
 % Cross section > 1:    0.0000000000000000        0.0000000000000000     
 Iteration  4   Mean: 0.2981E+35 Abs mean: 0.2981E+35   Fluctuation:  0.183E+35   0.280E+39    99.5%
  4    0.2981E+35 0.2981E+35 +- 0.1829E+35     77.63
>>>>>>> 911b5ec345c81b054214c521136984e9d6306827
 Relative summed weights:
  0.1000E+01  0.0000E+00
 Relative number of events:
  0.1000E+01  0.0000E+00
 Events:
       16000           0
<<<<<<< HEAD
 Found         2113  events.
 Wrote         2109  events.
 Actual xsec    2424866700.3486314     
 Correct abs xsec    2424866700.3486314     
 Event xsec    2424866700.3485856     
 Events wgts > 1:            3
 % Cross section > 1:    2797137.7722978499       0.11535222830581775     
 Checking number of events   13925.039513422051             2109  chi2:   0.10464234625517363     
 Found         2113  events.
 Wrote         2109  events.
 Actual xsec    2424866700.3486314     
 Correct abs xsec    2424866700.3486314     
 Event xsec    2424866700.3485856     
 Events wgts > 1:            3
 % Cross section > 1:    2797137.7722978499       0.11535222830581775     
 Iteration  5   Mean: 0.2434E+10 Abs mean: 0.2434E+10   Fluctuation:  0.152E+08   0.376E+11    74.8%
  5    0.2434E+10 0.2434E+10 +- 0.1520E+08      1.12
=======
 Found           40  events.
 Wrote            2  events.
 Actual xsec   3.00605552104537171E+034
 Correct abs xsec   3.00605552104537171E+034
 Event xsec   3.00605552104537125E+034
 Events wgts > 1:            1
 % Cross section > 1:   4.60502582147957507E+025  1.53191642311322100E-007
 Checking number of events  1.88365451059745101E-002           2  chi2:    204.78886610260849     
 Found           40  events.
 Wrote            2  events.
 Actual xsec   3.00605552104537171E+034
 Correct abs xsec   3.00605552104537171E+034
 Event xsec   3.00605552104537125E+034
 Events wgts > 1:            1
 % Cross section > 1:   4.60502582147957507E+025  1.53191642311322100E-007
 Iteration  5   Mean: 0.3556E+36 Abs mean: 0.3556E+36   Fluctuation:  0.252E+36   0.779E+40    99.4%
  5    0.3556E+36 0.3556E+36 +- 0.2524E+36    126.96
>>>>>>> 911b5ec345c81b054214c521136984e9d6306827
 Relative summed weights:
  0.1000E+01  0.0000E+00
 Relative number of events:
  0.1000E+01  0.0000E+00
 Events:
       32000           0
<<<<<<< HEAD
 Found         4347  events.
 Wrote         4342  events.
 Actual xsec    2431182219.3598008     
 Correct abs xsec    2431182219.3598008     
 Event xsec    2431182219.3597789     
 Events wgts > 1:           17
 % Cross section > 1:    2984778.6576174400       0.12277066827197525     
 Checking number of events   13961.307012895591             4342  chi2:   0.14669344247222302     
 Found         4347  events.
 Wrote         4342  events.
 Actual xsec    2431182219.3598008     
 Correct abs xsec    2431182219.3598008     
 Event xsec    2431182219.3597789     
 Events wgts > 1:           17
 % Cross section > 1:    2984778.6576174400       0.12277066827197525     
 Iteration  6   Mean: 0.2430E+10 Abs mean: 0.2430E+10   Fluctuation:  0.107E+08   0.113E+12    71.7%
  6    0.2430E+10 0.2430E+10 +- 0.1071E+08      1.11
=======
 Found          123  events.
 Wrote            1  events.
 Actual xsec   1.41234582071261414E+035
 Correct abs xsec   1.41234582071261414E+035
 Event xsec   1.41234582071261433E+035
 Events wgts > 1:            1
 % Cross section > 1:   6.16427377624476641E+027  4.36456403654348353E-006
 Checking number of events  8.85004138174938226E-002           1  chi2:    19.423030562049291     
 Found          123  events.
 Wrote            1  events.
 Actual xsec   1.41234582071261414E+035
 Correct abs xsec   1.41234582071261414E+035
 Event xsec   1.41234582071261433E+035
 Events wgts > 1:            1
 % Cross section > 1:   6.16427377624476641E+027  4.36456403654348353E-006
 Iteration  6   Mean: 0.4412E+35 Abs mean: 0.4412E+35   Fluctuation:  0.180E+35   0.797E+39    99.5%
  6    0.4412E+35 0.4412E+35 +- 0.1798E+35    103.11
>>>>>>> 911b5ec345c81b054214c521136984e9d6306827
 Relative summed weights:
  0.1000E+01  0.0000E+00
 Relative number of events:
  0.1000E+01  0.0000E+00
 Events:
       64000           0
<<<<<<< HEAD
 Found         8884  events.
 Wrote         8880  events.
 Actual xsec    2431359426.2802768     
 Correct abs xsec    2431359426.2802768     
 Event xsec    2431359426.2800856     
 Events wgts > 1:           48
 % Cross section > 1:    6515085.4284036281       0.26796060500078073     
 Checking number of events   13962.324641357118             8880  chi2:   2.94452696879322316E-002
 Found         8884  events.
 Wrote         8880  events.
 Actual xsec    2431359426.2802768     
 Correct abs xsec    2431359426.2802768     
 Event xsec    2431359426.2800856     
 Events wgts > 1:           48
 % Cross section > 1:    6515085.4284036281       0.26796060500078073     
 Iteration  7   Mean: 0.2417E+10 Abs mean: 0.2417E+10   Fluctuation:  0.749E+07   0.792E+11    69.4%
  7    0.2417E+10 0.2417E+10 +- 0.7488E+07      1.11
=======
 Found           81  events.
 Wrote            7  events.
 Actual xsec   9.85519821319688665E+034
 Correct abs xsec   9.85519821319688665E+034
 Event xsec   9.85519821319688665E+034
 Events wgts > 1:            1
 % Cross section > 1:   1.27168270133533030E+027  1.29036745261241610E-006
 Checking number of events  6.17546430435343338E-002           7  chi2:    12.161506545770592     
 Found           81  events.
 Wrote            2  events.
 Actual xsec   9.85519821319688665E+034
 Correct abs xsec   9.85519821319688665E+034
 Event xsec   9.85519821319688481E+034
 Events wgts > 1:            1
 % Cross section > 1:   4.45088931978184001E+027  4.51628594726968536E-006
 Iteration  7   Mean: 0.6034E+35 Abs mean: 0.6034E+35   Fluctuation:  0.340E+35   0.427E+40    99.5%
  7    0.6034E+35 0.6034E+35 +- 0.3399E+35    201.50
>>>>>>> 911b5ec345c81b054214c521136984e9d6306827
 Relative summed weights:
  0.1000E+01  0.0000E+00
 Relative number of events:
  0.1000E+01  0.0000E+00
 Events:
      128000           0
<<<<<<< HEAD
 Found        18142  events.
 Wrote        18138  events.
 Actual xsec    2423393250.6640749     
 Correct abs xsec    2423393250.6640749     
 Event xsec    2423393250.6641731     
 Events wgts > 1:          128
 % Cross section > 1:    8056041.6608295878       0.33242816280938681     
 Checking number of events   13916.578081263517            18138  chi2:   0.76711158339267627     

 -------------------------------------------------------------------------------
 Accumulated results:   Integral =  0.2423E+10
                        Std dev  =  0.5435E+07
                       Cross sec =  0.7709E+00
             Chi**2 per DoF.     =
-------------------------------------------------
---------------------------
 Results Last   3 iters: Integral =   0.2423E+10
                     Abs integral =   0.2423E+10
                          Std dev =   0.5690E+07
                  Chi**2 per DoF. =      0.7671
-------------------------------------------------
---------------------------
 Status -5.74259999999999987E-006           8           9
 We found enough events       18138   13916.578081263517     
=======
 Found          342  events.
 Wrote            1  events.
 Actual xsec   1.04112776768449865E+035
 Correct abs xsec   1.04112776768449865E+035
 Event xsec   1.04112776768449847E+035
 Events wgts > 1:            0
 % Cross section > 1:    0.0000000000000000        0.0000000000000000     
 Checking number of events  6.52391481786460531E-002           1  chi2:    6.8923152117453492     

 -------------------------------------------------------------------------------
 Accumulated results:   Integral =  0.6767E+35
                        Std dev  =  0.1448E+35
                       Cross sec =  0.7051E+01
             Chi**2 per DoF.     =
-------------------------------------------------
---------------------------
 Results Last   3 iters: Integral =   0.1041E+36
                     Abs integral =   0.1041E+36
                          Std dev =   0.3117E+35
                  Chi**2 per DoF. =      6.8923
-------------------------------------------------
---------------------------
 Status -6.26620000000000013E-037           8           9
 We found enough events           1  6.52391481786460531E-002
>>>>>>> 911b5ec345c81b054214c521136984e9d6306827

ls status:
events.lhe
ftn25
ftn26
input_sg.txt
<<<<<<< HEAD
moffset.dat
results.dat
run_01_ftn26.gz
run_01_log.txt
run_01_results.dat
run_02_ftn26.gz
run_02_log.txt
run_02_results.dat
run_03_ftn26.gz
run_03_log.txt
run_03_results.dat
=======
log.txt
moffset.dat
results.dat
>>>>>>> 911b5ec345c81b054214c521136984e9d6306827
run1_app.log
