 Process in group number            1
 No PDF is used, alpha_s(MZ) from param_card is used
 Value of alpha_s from param_card:   0.11800000071525575     
 The default order of alpha_s running is fixed to            2
 *****************************************************
 *               MadGraph/MadEvent                   *
 *        --------------------------------           *
 *          http://madgraph.hep.uiuc.edu             *
 *          http://madgraph.phys.ucl.ac.be           *
 *          http://madgraph.roma2.infn.it            *
 *        --------------------------------           *
 *                                                   *
 *          PARAMETER AND COUPLING VALUES            *
 *                                                   *
 *****************************************************

  External Params
  ---------------------------------
  
 mdl_MB =    4.6999998092651367     
 mdl_MT =    173.00000000000000     
 mdl_Me =   5.10999991092830896E-004
 mdl_MM =   0.10565999895334244     
 mdl_MTA =    1.7769999504089355     
 mdl_MZ =    91.188003540039063     
 mdl_MH =    125.00000000000000     
 aEWM1 =    132.50700378417969     
 mdl_Gf =   1.16639000000000003E-005
 aS =   0.11800000071525575     
 mdl_ymb =    4.6999998092651367     
 mdl_ymt =    173.00000000000000     
 mdl_yme =   5.10999991092830896E-004
 mdl_ymm =   0.10565999895334244     
 mdl_ymtau =    1.7769999504089355     
 mdl_WT =    1.4915000200271606     
 mdl_WTau =   2.26999999999999982E-012
 mdl_WZ =    2.4414041042327881     
 mdl_WW =    2.0476000308990479     
 mdl_WH =   6.38233916833996773E-003
  Internal Params
  ---------------------------------
  
 mdl_conjg__CKM3x3 =    1.0000000000000000     
 mdl_CKM3x3 =    1.0000000000000000     
 mdl_conjg__CKM1x1 =    1.0000000000000000     
 mdl_complexi =  (  0.0000000000000000     ,  1.0000000000000000     )
 mdl_MZ__exp__2 =    8315.2519896181766     
 mdl_MZ__exp__4 =    69143415.650849044     
 mdl_sqrt__2 =    1.4142135623730951     
 mdl_MH__exp__2 =    15625.000000000000     
 mdl_aEW =   7.54677089845565054E-003
 mdl_MW =    80.419007276179556     
 mdl_sqrt__aEW =   8.68721526063194194E-002
 mdl_ee =   0.30795376284704501     
 mdl_MW__exp__2 =    6467.2167312862202     
 mdl_sw2 =   0.22224645274001076     
 mdl_cw =   0.88190336616887299     
 mdl_sqrt__sw2 =   0.47143022043565552     
 mdl_sw =   0.47143022043565552     
 mdl_g1 =   0.34919218438279087     
 mdl_gw =   0.65323296958447097     
 mdl_vev =    246.21845810181631     
 mdl_vev__exp__2 =    60623.529110035874     
 mdl_lam =   0.12886910601690271     
 mdl_yb =   2.69955531549349904E-002
 mdl_ye =   2.93504850670934038E-006
 mdl_ym =   6.06883028478528356E-004
 mdl_yt =   0.99366614581500645     
 mdl_ytau =   1.02066167158167895E-002
 mdl_muH =    88.388347648318444     
 mdl_I1x33 =  ( 2.69955531549349904E-002,  0.0000000000000000     )
 mdl_I2x33 =  ( 0.99366614581500645     ,  0.0000000000000000     )
 mdl_I3x33 =  ( 0.99366614581500645     ,  0.0000000000000000     )
 mdl_I4x33 =  ( 2.69955531549349904E-002,  0.0000000000000000     )
 mdl_ee__exp__2 =   9.48355200516540348E-002
 mdl_sw__exp__2 =   0.22224645274001076     
 mdl_cw__exp__2 =   0.77775354725998924     
  Internal Params evaluated point by point
  ----------------------------------------
  
 mdl_sqrt__aS =   0.34351128178744839     
 mdl_G__exp__2 =    1.4828317414825511     
  Couplings of sm-lepton_masses
  ---------------------------------
  
         GC_3 =  -0.00000E+00  -0.30795E+00

 Collider parameters:
 --------------------

 Running at e e   machine @   4.00000000000000008E-003  GeV
 PDF set = none   
 alpha_s(Mz)= 0.1180 running at 2 loops.
 alpha_s(Mz)= 0.1180 running at 2 loops.
 Renormalization scale fixed @    91.188000000000002     
 Factorization scales  fixed @    91.188000000000002        91.188000000000002     


 getting user params
Enter number of events and max and min iterations: 
 Number of events and iterations         2000           9           3
Enter desired fractional accuracy: 
 Desired fractional accuracy:  -6.34919999999999971E-007
Enter 0 for fixed, 2 for adjustable grid: 
Suppress amplitude (0 no, 1 yes)? 
 Using suppressed amplitude.
Exact helicity sum (0 yes, n = number/event)? 
 Explicitly summing over helicities
Enter Configuration Number: 
Running Configuration Number:    1
 Not subdividing B.W.
 Attempting mappinvarients           1           4
 Completed mapping           4
 about to integrate            2        2000           9           3           2           1
 Using non-zero grid deformation.
  2 dimensions   2000 events  2 invarients  9 iterations  1 config(s),  (0.99)
 Using h-tuple random number sequence.
 Error opening grid
 Using Uniform Grid!
 Using uniform alpha   1.0000000000000000     
 Grid defined OK
 Set CM energy to          0.00
 Mapping Graph           1  to config           1
 Warning: No cutoff for shat integral found
          Minimum set to    62500.000000000000     
Setting grid   1    0.62500E+05   1
 Masses: 0.511E-03 0.511E-03 0.000E+00 0.000E+00
   1   1   2
 Got moffset          15
Using random seed offsets     1 :      1
  with seed                   99
 Ranmar initialization seeds        2160       26751
  Particle       3       4
      Et >     0.0     0.0
       E >    -1.0    -1.0
     Eta <    -1.0    -1.0
   xqcut:      0.0     0.0
d R # 3  >    -0.0    -1.0
s min # 3>     0.0     0.0
xqcutij # 3>     0.0     0.0
 alpha_s for scale    91.188000000000002       is   0.11800000071525575     
 Added good helicity            1   1.8338477079425162       in event            1
 Added good helicity            2  2.95528696512310750E-002  in event            1
 Added good helicity            3  2.95528696512310750E-002  in event            1
 Added good helicity            4  5.22249528477775017E-004  in event            1
 Added good helicity            6   6.0727762716009179       in event            1
 Added good helicity            7  3.37480316256257157E-002  in event            1
 Added good helicity           10  3.37480316256257157E-002  in event            1
 Added good helicity           11   6.0727762716009179       in event            1
 Added good helicity           13  5.22249528477775017E-004  in event            1
 Added good helicity           14  2.95528696512310750E-002  in event            1
 Added good helicity           15  2.95528696512310750E-002  in event            1
 Added good helicity           16   1.8338477079425162       in event            1
 Iteration  1   Mean: 0.4019E+11 Abs mean: 0.4019E+11   Fluctuation:  0.206E+10   0.534E+12   100.0%
  1    0.4019E+11 0.4019E+11 +- 0.2064E+10      2.30
 Writing out events   2232983.0508233919        2.2960200207151993     
 Relative summed weights:
  0.5045E+00  0.0000E+00
  0.4955E+00  0.0000E+00
 Relative number of events:
  0.5030E+00  0.0000E+00
  0.4970E+00  0.0000E+00
 Events:
        1006           0
         994           0
 Iteration  2   Mean: 0.3127E+11 Abs mean: 0.3127E+11   Fluctuation:  0.127E+10   0.807E+12   100.0%
  2    0.3127E+11 0.3127E+11 +- 0.1273E+10      2.58
 Relative summed weights:
  0.5000E+00  0.0000E+00
  0.5000E+00  0.0000E+00
 Relative number of events:
  0.4928E+00  0.0000E+00
  0.5072E+00  0.0000E+00
 Events:
        1971           0
        2029           0
 Iteration  3   Mean: 0.3719E+11 Abs mean: 0.3719E+11   Fluctuation:  0.106E+10   0.122E+13   100.0%
  3    0.3719E+11 0.3719E+11 +- 0.1061E+10      2.55
 Relative summed weights:
  0.4943E+00  0.0000E+00
  0.5057E+00  0.0000E+00
 Relative number of events:
  0.5029E+00  0.0000E+00
  0.4971E+00  0.0000E+00
 Events:
        4023           0
        3977           0
 Found          806  events.
 Wrote          302  events.
 Actual xsec    36093298810.431633     
 Correct abs xsec    36093298810.431633     
 Event xsec    36093298810.431465     
 Events wgts > 1:           38
 % Cross section > 1:    333810362.12282747       0.92485412285549151     
 Checking number of events   22916.357280719250              302  chi2:    9.6795581338193362     
 Found          806  events.
 Wrote          285  events.
 Actual xsec    36093298810.431633     
 Correct abs xsec    36093298810.431633     
 Event xsec    36093298810.431465     
 Events wgts > 1:           38
 % Cross section > 1:    353526828.19127399       0.97948051256844337     
 Iteration  4   Mean: 0.3921E+11 Abs mean: 0.3921E+11   Fluctuation:  0.398E+09   0.450E+12   100.0%
  4    0.3921E+11 0.3921E+11 +- 0.3980E+09      1.28
 Relative summed weights:
  0.5049E+00  0.0000E+00
  0.4951E+00  0.0000E+00
 Relative number of events:
  0.5017E+00  0.0000E+00
  0.4983E+00  0.0000E+00
 Events:
        8027           0
        7973           0
 Found         1668  events.
 Wrote         1664  events.
 Actual xsec    38584402822.925056     
 Correct abs xsec    38584402822.925056     
 Event xsec    38584402822.925499     
 Events wgts > 1:           25
 % Cross section > 1:    39880655.057102904       0.10335952389914199     
 Checking number of events   24498.009040331577             1664  chi2:    18.601969101220906     
 Found         1668  events.
 Wrote         1664  events.
 Actual xsec    38584402822.925056     
 Correct abs xsec    38584402822.925056     
 Event xsec    38584402822.925499     
 Events wgts > 1:           25
 % Cross section > 1:    39880655.057102904       0.10335952389914199     
 Iteration  5   Mean: 0.3917E+11 Abs mean: 0.3917E+11   Fluctuation:  0.153E+09   0.174E+12   100.0%
  5    0.3917E+11 0.3917E+11 +- 0.1526E+09      0.70
 Relative summed weights:
  0.4998E+00  0.0000E+00
  0.5002E+00  0.0000E+00
 Relative number of events:
  0.5007E+00  0.0000E+00
  0.4993E+00  0.0000E+00
 Events:
       16023           0
       15977           0
 Found         3219  events.
 Wrote         3214  events.
 Actual xsec    39140508666.987183     
 Correct abs xsec    39140508666.987183     
 Event xsec    39140508666.988037     
 Events wgts > 1:            0
 % Cross section > 1:    0.0000000000000000        0.0000000000000000     
 Checking number of events   24851.091762843502             3214  chi2:    1.7153277544341292     
 Found         3219  events.
 Wrote         3214  events.
 Actual xsec    39140508666.987183     
 Correct abs xsec    39140508666.987183     
 Event xsec    39140508666.988037     
 Events wgts > 1:            0
 % Cross section > 1:    0.0000000000000000        0.0000000000000000     
 Iteration  6   Mean: 0.3920E+11 Abs mean: 0.3920E+11   Fluctuation:  0.683E+08   0.104E+12   100.0%
  6    0.3920E+11 0.3920E+11 +- 0.6826E+08      0.44
 Relative summed weights:
  0.4977E+00  0.0000E+00
  0.5023E+00  0.0000E+00
 Relative number of events:
  0.4986E+00  0.0000E+00
  0.5014E+00  0.0000E+00
 Events:
       31910           0
       32090           0
 Found         6393  events.
 Wrote         6388  events.
 Actual xsec    39195762978.994957     
 Correct abs xsec    39195762978.994957     
 Event xsec    39195762978.997368     
 Events wgts > 1:            0
 % Cross section > 1:    0.0000000000000000        0.0000000000000000     
 Checking number of events   24886.173830623477             6388  chi2:   2.34642471350022981E-002
 Found         6393  events.
 Wrote         6388  events.
 Actual xsec    39195762978.994957     
 Correct abs xsec    39195762978.994957     
 Event xsec    39195762978.997368     
 Events wgts > 1:            0
 % Cross section > 1:    0.0000000000000000        0.0000000000000000     
 Iteration  7   Mean: 0.3921E+11 Abs mean: 0.3921E+11   Fluctuation:  0.327E+08   0.751E+11   100.0%
  7    0.3921E+11 0.3921E+11 +- 0.3272E+08      0.30
 Relative summed weights:
  0.5030E+00  0.0000E+00
  0.4970E+00  0.0000E+00
 Relative number of events:
  0.5026E+00  0.0000E+00
  0.4974E+00  0.0000E+00
 Events:
       64327           0
       63673           0
 Found        12855  events.
 Wrote        12851  events.
 Actual xsec    39203216955.309326     
 Correct abs xsec    39203216955.309326     
 Event xsec    39203216955.308945     
 Events wgts > 1:            0
 % Cross section > 1:    0.0000000000000000        0.0000000000000000     
 Checking number of events   24890.906509264998            12851  chi2:   3.26156792058830344E-002
 Found        12855  events.
 Wrote        12851  events.
 Actual xsec    39203216955.309326     
 Correct abs xsec    39203216955.309326     
 Event xsec    39203216955.308945     
 Events wgts > 1:            0
 % Cross section > 1:    0.0000000000000000        0.0000000000000000     
 Iteration  8   Mean: 0.3923E+11 Abs mean: 0.3923E+11   Fluctuation:  0.160E+08   0.606E+11   100.0%
  8    0.3923E+11 0.3923E+11 +- 0.1604E+08      0.21
 Relative summed weights:
  0.5003E+00  0.0000E+00
  0.4997E+00  0.0000E+00
 Relative number of events:
  0.5003E+00  0.0000E+00
  0.4997E+00  0.0000E+00
 Events:
      128085           0
      127915           0
 Found        25677  events.
 Wrote        25674  events.
 Actual xsec    39226422595.547653     
 Correct abs xsec    39226422595.547653     
 Event xsec    39226422595.521019     
 Events wgts > 1:            0
 % Cross section > 1:    0.0000000000000000        0.0000000000000000     
 Checking number of events   24905.640234365113            25674  chi2:   0.35538222489764393     

 -------------------------------------------------------------------------------
 Accumulated results:   Integral =  0.3923E+11
                        Std dev  =  0.1402E+08
                       Cross sec =  0.4170E+01
             Chi**2 per DoF.     =
-------------------------------------------------
---------------------------
 Results Last   3 iters: Integral =   0.3923E+11
                     Abs integral =   0.3923E+11
                          Std dev =   0.1409E+08
                  Chi**2 per DoF. =      0.3554
-------------------------------------------------
---------------------------
 Status -6.34919999999999971E-007           9           9
 We found enough events       25674   24905.640234365113     

ls status:
events.lhe
ftn25
ftn26
input_sg.txt
moffset.dat
results.dat
run_06_ftn26.gz
run_06_log.txt
run_06_results.dat
run_07_ftn26.gz
run_07_log.txt
run_07_results.dat
run_08_ftn26.gz
run_08_log.txt
run_08_results.dat
run1_app.log
