 Process in group number            0
 No PDF is used, alpha_s(MZ) from param_card is used
 Value of alpha_s from param_card:   0.11800000071525575     
 The default order of alpha_s running is fixed to            2
 Warning: pt or E min of a gamma should in general be >0
 Warning: pt or E min of a gamma should in general be >0
 Warning: pt or E min of a gamma should in general be >0
 *****************************************************
 *               MadGraph/MadEvent                   *
 *        --------------------------------           *
 *          http://madgraph.hep.uiuc.edu             *
 *          http://madgraph.phys.ucl.ac.be           *
 *          http://madgraph.roma2.infn.it            *
 *        --------------------------------           *
 *                                                   *
 *          PARAMETER AND COUPLING VALUES            *
 *                                                   *
 *****************************************************

  External Params
  ---------------------------------
  
 aEWM1 =    132.50700378417969     
 mdl_Gf =   1.16639000000000003E-005
 aS =   0.11800000071525575     
 mdl_ymb =    4.6999998092651367     
 mdl_ymt =    173.00000000000000     
 mdl_yme =   5.10999991092830896E-004
 mdl_ymm =   0.10565999895334244     
 mdl_ymtau =    1.7769999504089355     
 mdl_MZ =    91.188003540039063     
 mdl_MT =    173.00000000000000     
 mdl_MB =    4.6999998092651367     
 mdl_MH =    125.00000000000000     
 mdl_Me =   5.10999991092830896E-004
 mdl_MM =   0.10565999895334244     
 mdl_MTA =    1.7769999504089355     
 mdl_WZ =    2.4414041042327881     
 mdl_WW =    2.0476000308990479     
 mdl_WT =    1.4915000200271606     
 mdl_WH =   6.38233916833996773E-003
 mdl_WTau =   2.26999999999999982E-012
  Internal Params
  ---------------------------------
  
 mdl_conjg__CKM3x3 =    1.0000000000000000     
 mdl_CKM3x3 =    1.0000000000000000     
 mdl_conjg__CKM1x1 =    1.0000000000000000     
 mdl_complexi =  (  0.0000000000000000     ,  1.0000000000000000     )
 mdl_MZ__exp__2 =    8315.2519896181766     
 mdl_MZ__exp__4 =    69143415.650849044     
 mdl_sqrt__2 =    1.4142135623730951     
 mdl_MH__exp__2 =    15625.000000000000     
 mdl_aEW =   7.54677089845565054E-003
 mdl_MW =    80.419007276179556     
 mdl_sqrt__aEW =   8.68721526063194194E-002
 mdl_ee =   0.30795376284704501     
 mdl_MW__exp__2 =    6467.2167312862202     
 mdl_sw2 =   0.22224645274001076     
 mdl_cw =   0.88190336616887299     
 mdl_sqrt__sw2 =   0.47143022043565552     
 mdl_sw =   0.47143022043565552     
 mdl_g1 =   0.34919218438279087     
 mdl_gw =   0.65323296958447097     
 mdl_vev =    246.21845810181631     
 mdl_vev__exp__2 =    60623.529110035874     
 mdl_lam =   0.12886910601690271     
 mdl_yb =   2.69955531549349904E-002
 mdl_ye =   2.93504850670934038E-006
 mdl_ym =   6.06883028478528356E-004
 mdl_yt =   0.99366614581500645     
 mdl_ytau =   1.02066167158167895E-002
 mdl_muH =    88.388347648318444     
 mdl_I1x33 =  ( 2.69955531549349904E-002,  0.0000000000000000     )
 mdl_I2x33 =  ( 0.99366614581500645     ,  0.0000000000000000     )
 mdl_I3x33 =  ( 0.99366614581500645     ,  0.0000000000000000     )
 mdl_I4x33 =  ( 2.69955531549349904E-002,  0.0000000000000000     )
 mdl_ee__exp__2 =   9.48355200516540348E-002
 mdl_sw__exp__2 =   0.22224645274001076     
 mdl_cw__exp__2 =   0.77775354725998924     
  Internal Params evaluated point by point
  ----------------------------------------
  
 mdl_sqrt__aS =   0.34351128178744839     
 mdl_G__exp__2 =    1.4828317414825511     
  Couplings of sm-lepton_masses
  ---------------------------------
  
         GC_3 =  -0.00000E+00  -0.30795E+00

 Collider parameters:
 --------------------

 Running at e e   machine @   7.00000000000000067E-002  GeV
 PDF set = none   
 alpha_s(Mz)= 0.1180 running at 2 loops.
 alpha_s(Mz)= 0.1180 running at 2 loops.
 Renormalization scale fixed @    91.188000000000002     
 Factorization scales  fixed @    91.188000000000002        91.188000000000002     


 getting user params
Enter number of events and max and min iterations: 
 Number of events and iterations         1000           9           3
Enter desired fractional accuracy: 
 Desired fractional accuracy:  -4.19009999999999974E-005
Enter 0 for fixed, 2 for adjustable grid: 
Suppress amplitude (0 no, 1 yes)? 
 Using suppressed amplitude.
Exact helicity sum (0 yes, n = number/event)? 
 Explicitly summing over helicities
Enter Configuration Number: 
Running Configuration Number:    1
 Not subdividing B.W.
 Attempting mappinvarients           1           5
 Completed mapping           5
 about to integrate            5        1000           9           3           5           1
 Keeping grid fixed.
  5 dimensions   1000 events  5 invarients  9 iterations  1 config(s),  (0.99)
 Using h-tuple random number sequence.
 Grid read from file
 Grid defined OK
 Set CM energy to          0.07
 Mapping Graph           1  to config           1
 Warning: No cutoff for shat integral found
          Minimum set to    204.08163265306121     
 No modification is setgrid, grid read from file
 Warning: No cutoff for shat integral found
          Minimum set to    204.08163265306121     
 No modification is setgrid, grid read from file
 Masses: 0.511E-03 0.511E-03 0.000E+00 0.000E+00 0.000E+00
   1   1   2   3   4   5
 Got moffset           2
Using random seed offsets     1 :      1
  with seed                   30
 Ranmar initialization seeds        8292       15719
  Particle       3       4       5
      Et >     0.0     0.0     0.0
       E >     0.0     0.0     0.0
     Eta <    -1.0    -1.0    -1.0
   xqcut:      0.0     0.0     0.0
d R # 3  >    -0.0     0.0     0.0
d R # 4  >    -0.0    -0.0     0.0
s min # 3>     0.0     0.0     0.0
s min # 4>     0.0     0.0     0.0
xqcutij # 3>     0.0     0.0     0.0
xqcutij # 4>     0.0     0.0     0.0
 alpha_s for scale    91.188000000000002       is   0.11800000071525575     
 Added good helicity            1  1.65889943536150150E-002  in event            1
 Added good helicity            2  4.96079538426923589E-005  in event            1
 Added good helicity            3  4.95997843730809355E-005  in event            1
 Added good helicity            5  1.64668757155936631E-002  in event            1
 Added good helicity            6  4.93388302068786203E-005  in event            1
 Added good helicity            7  4.90933562913500803E-005  in event            1
 Added good helicity           10  6.65702338361087113E-003  in event            1
 Added good helicity           11   7.9852861318521082       in event            1
 Added good helicity           14  6.70928220257500322E-003  in event            1
 Added good helicity           15   7.9680940451928972       in event            1
 Added good helicity           18   7.9680940451928972       in event            1
 Added good helicity           19  6.70928220257500322E-003  in event            1
 Added good helicity           22   7.9852861318521082       in event            1
 Added good helicity           23  6.65702338361087199E-003  in event            1
 Added good helicity           26  4.90933562913501006E-005  in event            1
 Added good helicity           27  4.93388302068786407E-005  in event            1
 Added good helicity           28  1.64668757155936596E-002  in event            1
 Added good helicity           30  4.95997843730809355E-005  in event            1
 Added good helicity           31  4.96079538426923589E-005  in event            1
 Added good helicity           32  1.65889943536150150E-002  in event            1
 Added good helicity           12   6.5137003616629627       in event            2
 Added good helicity           21   6.5137003616629627       in event            2
 Added good helicity            4  2.94752183992613367E-004  in event            4
 Added good helicity           13   9.3645724155023178       in event            4
 Added good helicity           20   9.3645724155023178       in event            4
 Added good helicity           29  2.94752183992613367E-004  in event            4
 Iteration  1   Mean: 0.1530E+09 Abs mean: 0.1530E+09   Fluctuation:  0.395E+08   0.377E+11    99.4%
  1    0.1530E+09 0.1530E+09 +- 0.3947E+08      8.16
 Writing out events   17105.853497717380        8.1552232893245922     
 Relative summed weights:
  0.1939E+00  0.0000E+00
  0.1320E+00  0.0000E+00
  0.8825E-01  0.0000E+00
  0.1246E+00  0.0000E+00
  0.1199E+00  0.0000E+00
  0.3414E+00  0.0000E+00
 Relative number of events:
  0.1700E+00  0.0000E+00
  0.1840E+00  0.0000E+00
  0.1460E+00  0.0000E+00
  0.1680E+00  0.0000E+00
  0.1750E+00  0.0000E+00
  0.1570E+00  0.0000E+00
 Events:
         170           0
         184           0
         146           0
         168           0
         175           0
         157           0
 Iteration  2   Mean: 0.1663E+09 Abs mean: 0.1663E+09   Fluctuation:  0.521E+08   0.104E+12    99.6%
  2    0.1663E+09 0.1663E+09 +- 0.5214E+08     14.02
 Relative summed weights:
  0.1037E+00  0.0000E+00
  0.4377E+00  0.0000E+00
  0.1161E+00  0.0000E+00
  0.1075E+00  0.0000E+00
  0.9251E-01  0.0000E+00
  0.1424E+00  0.0000E+00
 Relative number of events:
  0.1665E+00  0.0000E+00
  0.1650E+00  0.0000E+00
  0.1670E+00  0.0000E+00
  0.1795E+00  0.0000E+00
  0.1565E+00  0.0000E+00
  0.1655E+00  0.0000E+00
 Events:
         333           0
         330           0
         334           0
         359           0
         313           0
         331           0
 Iteration  3   Mean: 0.1175E+09 Abs mean: 0.1175E+09   Fluctuation:  0.722E+07   0.220E+11    99.6%
  3    0.1175E+09 0.1175E+09 +- 0.7223E+07      3.89
 Relative summed weights:
  0.2125E+00  0.0000E+00
  0.1524E+00  0.0000E+00
  0.1510E+00  0.0000E+00
  0.1737E+00  0.0000E+00
  0.1618E+00  0.0000E+00
  0.1486E+00  0.0000E+00
 Relative number of events:
  0.1705E+00  0.0000E+00
  0.1610E+00  0.0000E+00
  0.1693E+00  0.0000E+00
  0.1648E+00  0.0000E+00
  0.1695E+00  0.0000E+00
  0.1650E+00  0.0000E+00
 Events:
         682           0
         644           0
         677           0
         659           0
         678           0
         660           0
 Found          243  events.
 Wrote           19  events.
 Actual xsec    121070927.97681189     
 Correct abs xsec    121070927.97681189     
 Event xsec    121070927.97681190     
 Events wgts > 1:            1
 % Cross section > 1:   0.46213640552014112       3.81707163926794890E-007
 Checking number of events   5072.9929531563948               19  chi2:   0.82579520500841019     
 Found          243  events.
 Wrote           34  events.
 Actual xsec    121070927.97681189     
 Correct abs xsec    121070927.97681189     
 Event xsec    121070927.97681175     
 Events wgts > 1:            1
 % Cross section > 1:   0.25825269799679518       2.13306945203440828E-007
 Iteration  4   Mean: 0.1327E+09 Abs mean: 0.1327E+09   Fluctuation:  0.153E+08   0.114E+12    99.5%
  4    0.1327E+09 0.1327E+09 +- 0.1527E+08     10.29
 Relative summed weights:
  0.1695E+00  0.0000E+00
  0.1381E+00  0.0000E+00
  0.1478E+00  0.0000E+00
  0.2552E+00  0.0000E+00
  0.1421E+00  0.0000E+00
  0.1472E+00  0.0000E+00
 Relative number of events:
  0.1593E+00  0.0000E+00
  0.1699E+00  0.0000E+00
  0.1689E+00  0.0000E+00
  0.1695E+00  0.0000E+00
  0.1629E+00  0.0000E+00
  0.1696E+00  0.0000E+00
 Events:
        1274           0
        1359           0
        1351           0
        1356           0
        1303           0
        1357           0
 Found          655  events.
 Wrote            9  events.
 Actual xsec    122207497.44709629     
 Correct abs xsec    122207497.44709629     
 Event xsec    122207497.44709632     
 Events wgts > 1:            0
 % Cross section > 1:    0.0000000000000000        0.0000000000000000     
 Checking number of events   5120.6163505307813                9  chi2:   0.80531479722789778     
 Found          655  events.
 Wrote           10  events.
 Actual xsec    122207497.44709629     
 Correct abs xsec    122207497.44709629     
 Event xsec    122207497.44709629     
 Events wgts > 1:            0
 % Cross section > 1:    0.0000000000000000        0.0000000000000000     
 Iteration  5   Mean: 0.1204E+09 Abs mean: 0.1204E+09   Fluctuation:  0.887E+07   0.128E+12    99.4%
  5    0.1204E+09 0.1204E+09 +- 0.8871E+07      9.32
 Relative summed weights:
  0.1406E+00  0.0000E+00
  0.1452E+00  0.0000E+00
  0.2305E+00  0.0000E+00
  0.1532E+00  0.0000E+00
  0.1754E+00  0.0000E+00
  0.1551E+00  0.0000E+00
 Relative number of events:
  0.1666E+00  0.0000E+00
  0.1672E+00  0.0000E+00
  0.1647E+00  0.0000E+00
  0.1654E+00  0.0000E+00
  0.1641E+00  0.0000E+00
  0.1719E+00  0.0000E+00
 Events:
        2666           0
        2675           0
        2635           0
        2647           0
        2626           0
        2751           0
 Found         1193  events.
 Wrote           13  events.
 Actual xsec    120725232.31920156     
 Correct abs xsec    120725232.31920156     
 Event xsec    120725232.31920160     
 Events wgts > 1:            1
 % Cross section > 1:   0.24094947613775730       1.99585017571702617E-007
 Checking number of events   5058.5079594068638               13  chi2:   0.40710464352717551     
 Found         1193  events.
 Wrote           15  events.
 Actual xsec    120725232.31920156     
 Correct abs xsec    120725232.31920156     
 Event xsec    120725232.31920156     
 Events wgts > 1:            1
 % Cross section > 1:   0.20882287994027138       1.72973682409768899E-007
 Iteration  6   Mean: 0.1241E+09 Abs mean: 0.1241E+09   Fluctuation:  0.490E+07   0.110E+12    99.5%
  6    0.1241E+09 0.1241E+09 +- 0.4900E+07      7.06
 Relative summed weights:
  0.1587E+00  0.0000E+00
  0.1718E+00  0.0000E+00
  0.1506E+00  0.0000E+00
  0.1959E+00  0.0000E+00
  0.1670E+00  0.0000E+00
  0.1559E+00  0.0000E+00
 Relative number of events:
  0.1646E+00  0.0000E+00
  0.1681E+00  0.0000E+00
  0.1673E+00  0.0000E+00
  0.1667E+00  0.0000E+00
  0.1668E+00  0.0000E+00
  0.1666E+00  0.0000E+00
 Events:
        5268           0
        5379           0
        5354           0
        5333           0
        5336           0
        5330           0
 Found         2683  events.
 Wrote           30  events.
 Actual xsec    124104202.98794138     
 Correct abs xsec    124104202.98794138     
 Event xsec    124104202.98794131     
 Events wgts > 1:            1
 % Cross section > 1:   0.12939744582399726       1.04265160009585064E-007
 Checking number of events   5200.0902093977320               30  chi2:   0.24470730630420812     
 Found         2683  events.
 Wrote           43  events.
 Actual xsec    124104202.98794138     
 Correct abs xsec    124104202.98794138     
 Event xsec    124104202.98794131     
 Events wgts > 1:            1
 % Cross section > 1:   9.02772881090641022E-002  7.27431351521881748E-008
 Iteration  7   Mean: 0.1301E+09 Abs mean: 0.1301E+09   Fluctuation:  0.588E+07   0.287E+12    99.4%
  7    0.1301E+09 0.1301E+09 +- 0.5877E+07     11.43
 Relative summed weights:
  0.1613E+00  0.0000E+00
  0.1656E+00  0.0000E+00
  0.1854E+00  0.0000E+00
  0.1544E+00  0.0000E+00
  0.1586E+00  0.0000E+00
  0.1746E+00  0.0000E+00
 Relative number of events:
  0.1659E+00  0.0000E+00
  0.1676E+00  0.0000E+00
  0.1713E+00  0.0000E+00
  0.1680E+00  0.0000E+00
  0.1631E+00  0.0000E+00
  0.1640E+00  0.0000E+00
 Events:
       10620           0
       10724           0
       10964           0
       10755           0
       10441           0
       10496           0
 Found         5184  events.
 Wrote           22  events.
 Actual xsec    125826540.39405230     
 Correct abs xsec    125826540.39405230     
 Event xsec    125826540.39405228     
 Events wgts > 1:            1
 % Cross section > 1:   0.10744837112724781       8.53940438883169103E-008
 Checking number of events   5272.2578690511846               22  chi2:   0.50337389333963256     
 Found         5184  events.
 Wrote           31  events.
 Actual xsec    125826540.39405230     
 Correct abs xsec    125826540.39405230     
 Event xsec    125826540.39405227     
 Events wgts > 1:            1
 % Cross section > 1:   7.62536828406155109E-002  6.06022247785014778E-008
 Iteration  8   Mean: 0.1199E+09 Abs mean: 0.1199E+09   Fluctuation:  0.206E+07   0.977E+11    99.5%
  8    0.1199E+09 0.1199E+09 +- 0.2060E+07      6.15
 Relative summed weights:
  0.1607E+00  0.0000E+00
  0.1659E+00  0.0000E+00
  0.1730E+00  0.0000E+00
  0.1700E+00  0.0000E+00
  0.1661E+00  0.0000E+00
  0.1644E+00  0.0000E+00
 Relative number of events:
  0.1658E+00  0.0000E+00
  0.1680E+00  0.0000E+00
  0.1671E+00  0.0000E+00
  0.1678E+00  0.0000E+00
  0.1656E+00  0.0000E+00
  0.1657E+00  0.0000E+00
 Events:
       21228           0
       21502           0
       21387           0
       21472           0
       21201           0
       21210           0
 Found         9808  events.
 Wrote          363  events.
 Actual xsec    121578636.45020051     
 Correct abs xsec    121578636.45020051     
 Event xsec    121578636.45020007     
 Events wgts > 1:            8
 % Cross section > 1:    1134389.3473216023       0.93304990123512410     
 Checking number of events   5094.2664458998515              363  chi2:    1.5247075701950696     
 Found         9808  events.
 Wrote          317  events.
 Actual xsec    121578636.45020051     
 Correct abs xsec    121578636.45020051     
 Event xsec    121578636.45019983     
 Events wgts > 1:            8
 % Cross section > 1:    1297244.6430414873        1.0670004870245895     
 Iteration  9   Mean: 0.1214E+09 Abs mean: 0.1214E+09   Fluctuation:  0.138E+07   0.136E+12    99.5%
  9    0.1214E+09 0.1214E+09 +- 0.1378E+07      5.75
 Relative summed weights:
  0.1720E+00  0.0000E+00
  0.1643E+00  0.0000E+00
  0.1684E+00  0.0000E+00
  0.1709E+00  0.0000E+00
  0.1644E+00  0.0000E+00
  0.1600E+00  0.0000E+00
 Relative number of events:
  0.1674E+00  0.0000E+00
  0.1659E+00  0.0000E+00
  0.1665E+00  0.0000E+00
  0.1666E+00  0.0000E+00
  0.1663E+00  0.0000E+00
  0.1673E+00  0.0000E+00
 Events:
       42850           0
       42478           0
       42620           0
       42657           0
       42563           0
       42832           0
 Found        21558  events.
 Wrote          767  events.
 Actual xsec    121292490.83712889     
 Correct abs xsec    121292490.83712889     
 Event xsec    121292490.83712526     
 Events wgts > 1:           14
 % Cross section > 1:    1158487.3707749750       0.95511878994275279     
 Checking number of events   5082.2766585665377              767  chi2:    1.3539757411798494     
 Found        21558  events.
 Wrote          751  events.
 Actual xsec    121292490.83712889     
 Correct abs xsec    121292490.83712889     
 Event xsec    121292490.83712627     
 Events wgts > 1:           14
 % Cross section > 1:    1182928.1484422504       0.97526907088643067     

 -------------------------------------------------------------------------------
 Accumulated results:   Integral =  0.1215E+09
                        Std dev  =  0.1073E+07
                       Cross sec =  0.1215E+09
             Chi**2 per DoF.     =      0.8374
 -------------------------------------------------------------------------------
-------------------------------------------------
---------------------------
 Results Last   3 iters: Integral =   0.1213E+09
                     Abs integral =   0.1213E+09
                          Std dev =   0.1125E+07
                  Chi**2 per DoF. =      1.3540
-------------------------------------------------
---------------------------
 Status -4.19009999999999974E-005          10           9
 Trying w/ fresh grid
 Starting w/ ncall =         4000
 Keeping grid fixed.
  5 dimensions   4000 events  5 invarients  8 iterations  1 config(s),  (0.99)
 Using h-tuple random number sequence.
 Error opening grid
 Using Uniform Grid!
 Using uniform alpha   1.0000000000000000     
 Grid defined OK
 Warning: No cutoff for shat integral found
          Minimum set to    204.08163265306121     
Setting grid   1    0.20408E+03   1
 Warning: No cutoff for shat integral found
          Minimum set to    204.08163265306121     
Setting grid   2    0.20408E+03   1
Warning xbin not returning correct x   2  0.999972E+00  0.992072E+00  0.2837E+03
Warning xbin not returning correct x   2  0.999979E+00  0.993941E+00  0.2837E+03
Warning xbin not returning correct x   2  0.999972E+00  0.992146E+00  0.2837E+03
Warning xbin not returning correct x   2  0.999976E+00  0.993269E+00  0.2837E+03
Warning xbin not returning correct x   2  0.999972E+00  0.992089E+00  0.2837E+03
Warning xbin still not working well. Last message this iteration.
 Iteration  1   Mean: 0.2916E+08 Abs mean: 0.2916E+08   Fluctuation:  0.132E+08   0.515E+11    99.1%
  1    0.2916E+08 0.2916E+08 +- 0.1318E+08     28.59
 Relative summed weights:
  0.4896E+00  0.0000E+00
  0.1097E+00  0.0000E+00
  0.1313E+00  0.0000E+00
  0.1260E+00  0.0000E+00
  0.6944E-01  0.0000E+00
  0.7397E-01  0.0000E+00
 Relative number of events:
  0.1620E+00  0.0000E+00
  0.1750E+00  0.0000E+00
  0.1673E+00  0.0000E+00
  0.1660E+00  0.0000E+00
  0.1645E+00  0.0000E+00
  0.1653E+00  0.0000E+00
 Events:
         648           0
         700           0
         669           0
         664           0
         658           0
         661           0
Warning xbin not returning correct x   1  0.986691E+00  0.999797E+00  0.1551E-01
Warning xbin not returning correct x   1  0.986258E+00  0.999790E+00  0.1551E-01
Warning xbin not returning correct x   1  0.997715E+00  0.999965E+00  0.1551E-01
Warning xbin not returning correct x   1  0.995140E+00  0.999926E+00  0.1551E-01
Warning xbin not returning correct x   1  0.991599E+00  0.999872E+00  0.1551E-01
Warning xbin still not working well. Last message this iteration.
 Iteration  2   Mean: 0.2612E+07 Abs mean: 0.2612E+07   Fluctuation:  0.118E+06   0.272E+09    95.3%
  2    0.2612E+07 0.2612E+07 +- 0.1179E+06      4.04
 Relative summed weights:
  0.1849E+00  0.0000E+00
  0.1787E+00  0.0000E+00
  0.1692E+00  0.0000E+00
  0.1574E+00  0.0000E+00
  0.1507E+00  0.0000E+00
  0.1592E+00  0.0000E+00
 Relative number of events:
  0.1683E+00  0.0000E+00
  0.1643E+00  0.0000E+00
  0.1691E+00  0.0000E+00
  0.1714E+00  0.0000E+00
  0.1679E+00  0.0000E+00
  0.1591E+00  0.0000E+00
 Events:
        1346           0
        1314           0
        1353           0
        1371           0
        1343           0
        1273           0
 Iteration  3   Mean: 0.6698E+08 Abs mean: 0.6698E+08   Fluctuation:  0.179E+08   0.153E+12    99.9%
  3    0.6698E+08 0.6698E+08 +- 0.1795E+08     33.89
 Relative summed weights:
  0.1806E+00  0.0000E+00
  0.7619E-01  0.0000E+00
  0.2464E+00  0.0000E+00
  0.1878E+00  0.0000E+00
  0.2005E+00  0.0000E+00
  0.1085E+00  0.0000E+00
 Relative number of events:
  0.1658E+00  0.0000E+00
  0.1671E+00  0.0000E+00
  0.1606E+00  0.0000E+00
  0.1717E+00  0.0000E+00
  0.1695E+00  0.0000E+00
  0.1653E+00  0.0000E+00
 Events:
        2653           0
        2674           0
        2569           0
        2747           0
        2712           0
        2645           0
 Found         2062  events.
 Wrote           10  events.
 Actual xsec    4625196.7996708453     
 Correct abs xsec    4625196.7996708453     
 Event xsec    4625196.7996708443     
 Events wgts > 1:            1
 % Cross section > 1:   2.27069518296048045E-002  4.90940230504802799E-007
 Checking number of events   193.80037110300808               10  chi2:    153.66722837134699     
 Found         2062  events.
 Wrote            6  events.
 Actual xsec    4625196.7996708453     
 Correct abs xsec    4625196.7996708453     
 Event xsec    4625196.7996708462     
 Events wgts > 1:            1
 % Cross section > 1:   3.78449194831773639E-002  8.18233712474042473E-007
 Iteration  4   Mean: 0.6936E+08 Abs mean: 0.6936E+08   Fluctuation:  0.120E+08   0.278E+12    99.6%
  4    0.6936E+08 0.6936E+08 +- 0.1196E+08     30.85
 Relative summed weights:
  0.1673E+00  0.0000E+00
  0.1591E+00  0.0000E+00
  0.2261E+00  0.0000E+00
  0.2231E+00  0.0000E+00
  0.1178E+00  0.0000E+00
  0.1067E+00  0.0000E+00
 Relative number of events:
  0.1643E+00  0.0000E+00
  0.1687E+00  0.0000E+00
  0.1680E+00  0.0000E+00
  0.1665E+00  0.0000E+00
  0.1656E+00  0.0000E+00
  0.1669E+00  0.0000E+00
 Events:
        5257           0
        5397           0
        5377           0
        5329           0
        5299           0
        5341           0
 Found          927  events.
 Wrote           12  events.
 Actual xsec    8441370.8840512596     
 Correct abs xsec    8441370.8840512596     
 Event xsec    8441370.8840512615     
 Events wgts > 1:            0
 % Cross section > 1:    0.0000000000000000        0.0000000000000000     
 Checking number of events   353.70188141263179               12  chi2:    1241.5708107550836     
 Found          927  events.
 Wrote            4  events.
 Actual xsec    8441370.8840512596     
 Correct abs xsec    8441370.8840512596     
 Event xsec    8441370.8840512596     
 Events wgts > 1:            0
 % Cross section > 1:    0.0000000000000000        0.0000000000000000     
 Iteration  5   Mean: 0.7782E+08 Abs mean: 0.7782E+08   Fluctuation:  0.493E+07   0.128E+12    98.9%
  5    0.7782E+08 0.7782E+08 +- 0.4926E+07     16.01
 Relative summed weights:
  0.1839E+00  0.0000E+00
  0.2006E+00  0.0000E+00
  0.1419E+00  0.0000E+00
  0.1276E+00  0.0000E+00
  0.2062E+00  0.0000E+00
  0.1398E+00  0.0000E+00
 Relative number of events:
  0.1663E+00  0.0000E+00
  0.1679E+00  0.0000E+00
  0.1663E+00  0.0000E+00
  0.1660E+00  0.0000E+00
  0.1669E+00  0.0000E+00
  0.1667E+00  0.0000E+00
 Events:
       10640           0
       10744           0
       10646           0
       10621           0
       10681           0
       10668           0
 Found         3421  events.
 Wrote           39  events.
 Actual xsec    76358033.531829894     
 Correct abs xsec    76358033.531829894     
 Event xsec    76358033.531829938     
 Events wgts > 1:            2
 % Cross section > 1:    77035.732466095127       0.10088752800840881     
 Checking number of events   3199.4779630172043               39  chi2:   0.35180598474703806     
 Found         3421  events.
 Wrote           44  events.
 Actual xsec    76358033.531829894     
 Correct abs xsec    76358033.531829894     
 Event xsec    76358033.531829998     
 Events wgts > 1:            2
 % Cross section > 1:    68289.501002840232       8.94332892614024960E-002
 Fixing grid
 Iteration  6   Mean: 0.1061E+09 Abs mean: 0.1061E+09   Fluctuation:  0.105E+08   0.916E+12    99.8%
  6    0.1061E+09 0.1061E+09 +- 0.1051E+08     35.44
 Relative summed weights:
  0.1427E+00  0.0000E+00
  0.1968E+00  0.0000E+00
  0.1417E+00  0.0000E+00
  0.1573E+00  0.0000E+00
  0.1381E+00  0.0000E+00
  0.2235E+00  0.0000E+00
 Relative number of events:
  0.1674E+00  0.0000E+00
  0.1657E+00  0.0000E+00
  0.1674E+00  0.0000E+00
  0.1674E+00  0.0000E+00
  0.1661E+00  0.0000E+00
  0.1660E+00  0.0000E+00
 Events:
       21429           0
       21207           0
       21425           0
       21432           0
       21258           0
       21249           0
 Found         8407  events.
 Wrote           15  events.
 Actual xsec    84577490.499713898     
 Correct abs xsec    84577490.499713898     
 Event xsec    84577490.499713868     
 Events wgts > 1:            0
 % Cross section > 1:    0.0000000000000000        0.0000000000000000     
 Checking number of events   3543.8814294285116               15  chi2:    3.8520716458943887     
 Found         8407  events.
 Wrote           20  events.
 Actual xsec    84577490.499713898     
 Correct abs xsec    84577490.499713898     
 Event xsec    84577490.499713928     
 Events wgts > 1:            0
 % Cross section > 1:    0.0000000000000000        0.0000000000000000     
 Iteration  7   Mean: 0.1108E+09 Abs mean: 0.1108E+09   Fluctuation:  0.993E+07   0.155E+13    99.7%
  7    0.1108E+09 0.1108E+09 +- 0.9930E+07     45.35
 Relative summed weights:
  0.2565E+00  0.0000E+00
  0.1303E+00  0.0000E+00
  0.1742E+00  0.0000E+00
  0.1154E+00  0.0000E+00
  0.1518E+00  0.0000E+00
  0.1718E+00  0.0000E+00
 Relative number of events:
  0.1669E+00  0.0000E+00
  0.1676E+00  0.0000E+00
  0.1654E+00  0.0000E+00
  0.1673E+00  0.0000E+00
  0.1660E+00  0.0000E+00
  0.1668E+00  0.0000E+00
 Events:
       42737           0
       42896           0
       42336           0
       42840           0
       42497           0
       42694           0
 Found        13220  events.
 Wrote           16  events.
 Actual xsec    92504241.509217665     
 Correct abs xsec    92504241.509217665     
 Event xsec    92504241.509217680     
 Events wgts > 1:            2
 % Cross section > 1:    405008.73368116468       0.43782720345942971     
 Checking number of events   3876.0202234777289               16  chi2:    6.9763925304069190     
 Found        13220  events.
 Wrote           22  events.
 Actual xsec    92504241.509217665     
 Correct abs xsec    92504241.509217665     
 Event xsec    92504241.509217709     
 Events wgts > 1:            2
 % Cross section > 1:    294903.94350140821       0.31880045573047816     
 Iteration  8   Mean: 0.1167E+09 Abs mean: 0.1167E+09   Fluctuation:  0.850E+07   0.205E+13    99.7%
  8    0.1167E+09 0.1167E+09 +- 0.8501E+07     52.14
 Relative summed weights:
  0.1684E+00  0.0000E+00
  0.1360E+00  0.0000E+00
  0.1416E+00  0.0000E+00
  0.1675E+00  0.0000E+00
  0.2224E+00  0.0000E+00
  0.1640E+00  0.0000E+00
 Relative number of events:
  0.1671E+00  0.0000E+00
  0.1679E+00  0.0000E+00
  0.1675E+00  0.0000E+00
  0.1665E+00  0.0000E+00
  0.1658E+00  0.0000E+00
  0.1653E+00  0.0000E+00
 Events:
       85544           0
       85940           0
       85754           0
       85244           0
       84908           0
       84610           0
 Found        25262  events.
 Wrote           41  events.
 Actual xsec    121089486.67534998     
 Correct abs xsec    121089486.67534998     
 Event xsec    121089486.67534974     
 Events wgts > 1:            1
 % Cross section > 1:    723835.68825125089       0.59776922681315037     
 Checking number of events   4706.2434179167358               41  chi2:   0.31579212428978354     
 Found        25262  events.
 Wrote           32  events.
 Actual xsec    121089486.67534998     
 Correct abs xsec    121089486.67534998     
 Event xsec    121089486.67534986     
 Events wgts > 1:            1
 % Cross section > 1:    925857.89924531011       0.76460634582389930     

 -------------------------------------------------------------------------------
 Accumulated results:   Integral =  0.5853E+08
                        Std dev  =  0.1684E+07
                       Cross sec =  0.5853E+08
             Chi**2 per DoF.     =    118.6882
 -------------------------------------------------------------------------------
-------------------------------------------------
---------------------------
 Results Last   3 iters: Integral =   0.1123E+09
                     Abs integral =   0.1123E+09
                         Std dev =   0.5515E+07
                 Chi**2 per DoF. =      0.3158
-------------------------------------------------
---------------------------

ls status:
events.lhe
ftn25
ftn26
input_sg.txt
log.txt
moffset.dat
results.dat
run1_app.log
