 Process in group number            0
 No PDF is used, alpha_s(MZ) from param_card is used
 Value of alpha_s from param_card:   0.11800000071525575     
 The default order of alpha_s running is fixed to            2
 *****************************************************
 *               MadGraph/MadEvent                   *
 *        --------------------------------           *
 *          http://madgraph.hep.uiuc.edu             *
 *          http://madgraph.phys.ucl.ac.be           *
 *          http://madgraph.roma2.infn.it            *
 *        --------------------------------           *
 *                                                   *
 *          PARAMETER AND COUPLING VALUES            *
 *                                                   *
 *****************************************************

  External Params
  ---------------------------------
  
 aEWM1 =    132.50700378417969     
 mdl_Gf =   1.16639000000000003E-005
 aS =   0.11800000071525575     
 mdl_ymb =    4.6999998092651367     
 mdl_ymt =    173.00000000000000     
 mdl_yme =   5.10999991092830896E-004
 mdl_ymm =   0.10565999895334244     
 mdl_ymtau =    1.7769999504089355     
 mdl_MZ =    91.188003540039063     
 mdl_MT =    173.00000000000000     
 mdl_MB =    4.6999998092651367     
 mdl_MH =    125.00000000000000     
 mdl_Me =   5.10999991092830896E-004
 mdl_MM =   0.10565999895334244     
 mdl_MTA =    1.7769999504089355     
 mdl_WZ =    2.4414041042327881     
 mdl_WW =    2.0476000308990479     
 mdl_WT =    1.4915000200271606     
 mdl_WH =   6.38233916833996773E-003
 mdl_WTau =   2.26999999999999982E-012
  Internal Params
  ---------------------------------
  
 mdl_conjg__CKM3x3 =    1.0000000000000000     
 mdl_CKM3x3 =    1.0000000000000000     
 mdl_conjg__CKM1x1 =    1.0000000000000000     
 mdl_complexi =  (  0.0000000000000000     ,  1.0000000000000000     )
 mdl_MZ__exp__2 =    8315.2519896181766     
 mdl_MZ__exp__4 =    69143415.650849044     
 mdl_sqrt__2 =    1.4142135623730951     
 mdl_MH__exp__2 =    15625.000000000000     
 mdl_aEW =   7.54677089845565054E-003
 mdl_MW =    80.419007276179556     
 mdl_sqrt__aEW =   8.68721526063194194E-002
 mdl_ee =   0.30795376284704501     
 mdl_MW__exp__2 =    6467.2167312862202     
 mdl_sw2 =   0.22224645274001076     
 mdl_cw =   0.88190336616887299     
 mdl_sqrt__sw2 =   0.47143022043565552     
 mdl_sw =   0.47143022043565552     
 mdl_g1 =   0.34919218438279087     
 mdl_gw =   0.65323296958447097     
 mdl_vev =    246.21845810181631     
 mdl_vev__exp__2 =    60623.529110035874     
 mdl_lam =   0.12886910601690271     
 mdl_yb =   2.69955531549349904E-002
 mdl_ye =   2.93504850670934038E-006
 mdl_ym =   6.06883028478528356E-004
 mdl_yt =   0.99366614581500645     
 mdl_ytau =   1.02066167158167895E-002
 mdl_muH =    88.388347648318444     
 mdl_I1x33 =  ( 2.69955531549349904E-002,  0.0000000000000000     )
 mdl_I2x33 =  ( 0.99366614581500645     ,  0.0000000000000000     )
 mdl_I3x33 =  ( 0.99366614581500645     ,  0.0000000000000000     )
 mdl_I4x33 =  ( 2.69955531549349904E-002,  0.0000000000000000     )
 mdl_ee__exp__2 =   9.48355200516540348E-002
 mdl_sw__exp__2 =   0.22224645274001076     
 mdl_cw__exp__2 =   0.77775354725998924     
  Internal Params evaluated point by point
  ----------------------------------------
  
 mdl_sqrt__aS =   0.34351128178744839     
 mdl_G__exp__2 =    1.4828317414825511     
  Couplings of sm-lepton_masses
  ---------------------------------
  
         GC_3 =  -0.00000E+00  -0.30795E+00
        GC_50 =  -0.00000E+00  -0.28804E+00
        GC_59 =   0.00000E+00   0.82310E-01
        GC_89 =  -0.00000E+00  -0.20754E-05

 Collider parameters:
 --------------------

 Running at e e   machine @   7.14879999999999960E-002  GeV
 PDF set = none   
 alpha_s(Mz)= 0.1180 running at 2 loops.
 alpha_s(Mz)= 0.1180 running at 2 loops.
 Renormalization scale fixed @    91.188000000000002     
 Factorization scales  fixed @    91.188000000000002        91.188000000000002     


 getting user params
Enter number of events and max and min iterations: 
 Number of events and iterations         2000           9           3
Enter desired fractional accuracy: 
 Desired fractional accuracy:  -5.74259999999999987E-006
Enter 0 for fixed, 2 for adjustable grid: 
Suppress amplitude (0 no, 1 yes)? 
 Using suppressed amplitude.
Exact helicity sum (0 yes, n = number/event)? 
 Explicitly summing over helicities
Enter Configuration Number: 
Running Configuration Number:   13
 Not subdividing B.W.
 Attempting mappinvarients           1           5
 Completed mapping           5
 about to integrate            5        2000           9           3           5           1
 Using non-zero grid deformation.
  5 dimensions   2000 events  5 invarients  9 iterations  1 config(s),  (0.99)
 Using h-tuple random number sequence.
 Error opening grid
 Using Uniform Grid!
 Using uniform alpha   1.0000000000000000     
 Grid defined OK
 Set CM energy to          0.07
 Mapping Graph          13  to config          13
Setting grid   1    0.51095E-04   1
Setting grid   2    0.17611E-04   1
 Masses: 0.511E-03 0.511E-03 0.000E+00 0.511E-03 0.511E-03
  13   1   2   3   4   5
 Got moffset          24
Using random seed offsets    13 :      1
  with seed                   87
 Ranmar initialization seeds       17625       25070
  Particle       3       4       5
      Et >     0.0     0.0     0.0
       E >     0.0     0.0     0.0
     Eta <    -1.0    -1.0    -1.0
   xqcut:      0.0     0.0     0.0
d R # 3  >    -0.0     0.0     0.0
d R # 4  >    -0.0    -0.0     0.0
s min # 3>     0.0     0.0     0.0
s min # 4>     0.0     0.0     0.0
xqcutij # 3>     0.0     0.0     0.0
xqcutij # 4>     0.0     0.0     0.0
 alpha_s for scale    91.188000000000002       is   0.11800000071525575     
 Added good helicity            1   12.649790575719775       in event            1
 Added good helicity            2  0.12970244773949383       in event            1
 Added good helicity            3  0.14839028289053502       in event            1
 Added good helicity            5  6.64751729326001006E-005  in event            1
 Added good helicity            6  2.28854944520931400E-006  in event            1
 Added good helicity            7  1.58316802787210544E-006  in event            1
 Added good helicity            9  1.29507104029797081E-006  in event            1
 Added good helicity           10  1.22495865603288376E-005  in event            1
 Added good helicity           11  4.15188066098670502E-006  in event            1
 Added good helicity           13   1.2194076123398634       in event            1
 Added good helicity           14   1.2108384439568756       in event            1
 Added good helicity           15  0.64178135654907242       in event            1
 Added good helicity           18  0.64178135657201696       in event            1
 Added good helicity           19   1.2108384451867102       in event            1
 Added good helicity           20   1.2194076122849091       in event            1
 Added good helicity           22  4.15188066071352419E-006  in event            1
 Added good helicity           23  1.22495865718255667E-005  in event            1
 Added good helicity           24  1.29507104113803459E-006  in event            1
 Added good helicity           26  1.58316802806151979E-006  in event            1
 Added good helicity           27  2.28854944575408663E-006  in event            1
 Added good helicity           28  6.64751729313206607E-005  in event            1
 Added good helicity           30  0.14839028293761131       in event            1
 Added good helicity           31  0.12970244776071352       in event            1
 Added good helicity           32   12.649790575794261       in event            1
 Added good helicity           12  5.02599573292852769E-006  in event            2
 Added good helicity           16  1.71583376590435214E-005  in event            2
 Added good helicity           17  1.71583392260623682E-005  in event            2
 Added good helicity           21  5.02599563253632524E-006  in event            2
 Added good helicity            4  1.10281387218767516E-006  in event           29
 Added good helicity           29  1.10281390099277521E-006  in event           29
 Iteration  1   Mean: 0.4363E+09 Abs mean: 0.4363E+09   Fluctuation:  0.122E+09   0.163E+12    74.7%
  1    0.4363E+09 0.4363E+09 +- 0.1220E+09     12.51
 Writing out events   32470.692116857503        12.508699196331163     
 Relative summed weights:
  0.1000E+01  0.0000E+00
 Relative number of events:
  0.1000E+01  0.0000E+00
 Events:
        2000           0
 Iteration  2   Mean: 0.8401E+09 Abs mean: 0.8401E+09   Fluctuation:  0.169E+09   0.632E+12    79.1%
  2    0.8401E+09 0.8401E+09 +- 0.1685E+09     12.69
 Relative summed weights:
  0.1000E+01  0.0000E+00
 Relative number of events:
  0.1000E+01  0.0000E+00
 Events:
        4000           0
 Iteration  3   Mean: 0.1552E+10 Abs mean: 0.1552E+10   Fluctuation:  0.881E+08   0.284E+12    80.6%
  3    0.1552E+10 0.1552E+10 +- 0.8807E+08      5.08
 Relative summed weights:
  0.1000E+01  0.0000E+00
 Relative number of events:
  0.1000E+01  0.0000E+00
 Events:
        8000           0
 Found         1049  events.
 Wrote           35  events.
 Actual xsec    1459795671.1597438     
 Correct abs xsec    1459795671.1597438     
 Event xsec    1459795671.1597424     
 Events wgts > 1:            2
 % Cross section > 1:    3115365.0056039840       0.21341103191030603     
 Checking number of events   8383.0226212019443               35  chi2:    42.463171746058364     
 Found         1049  events.
 Wrote           41  events.
 Actual xsec    1459795671.1597438     
 Correct abs xsec    1459795671.1597438     
 Event xsec    1459795671.1597431     
 Events wgts > 1:            2
 % Cross section > 1:    2660288.7632767931       0.18223706343527593     
 Iteration  4   Mean: 0.1678E+10 Abs mean: 0.1678E+10   Fluctuation:  0.277E+08   0.724E+11    76.4%
  4    0.1678E+10 0.1678E+10 +- 0.2771E+08      2.09
 Relative summed weights:
  0.1000E+01  0.0000E+00
 Relative number of events:
  0.1000E+01  0.0000E+00
 Events:
       16000           0
 Found         2098  events.
 Wrote          830  events.
 Actual xsec    1663173989.2738194     
 Correct abs xsec    1663173989.2738194     
 Event xsec    1663173989.2737682     
 Events wgts > 1:           18
 % Cross section > 1:    16299859.067437910       0.98004533335416755     
 Checking number of events   9550.9429508038356              830  chi2:    12.872957202262512     
 Found         2098  events.
 Wrote          880  events.
 Actual xsec    1663173989.2738194     
 Correct abs xsec    1663173989.2738194     
 Event xsec    1663173989.2737997     
 Events wgts > 1:           18
 % Cross section > 1:    15382296.249774313       0.92487595098157860     
 Iteration  5   Mean: 0.1647E+10 Abs mean: 0.1647E+10   Fluctuation:  0.121E+08   0.244E+11    77.9%
  5    0.1647E+10 0.1647E+10 +- 0.1214E+08      1.32
 Relative summed weights:
  0.1000E+01  0.0000E+00
 Relative number of events:
  0.1000E+01  0.0000E+00
 Events:
       32000           0
 Found         4041  events.
 Wrote         4037  events.
 Actual xsec    1650792403.8269579     
 Correct abs xsec    1650792403.8269579     
 Event xsec    1650792403.8270204     
 Events wgts > 1:           63
 % Cross section > 1:    4941417.4677473586       0.29933609194540184     
 Checking number of events   9479.8404582166877             4037  chi2:    1.1725664972181082     
 Found         4041  events.
 Wrote         4037  events.
 Actual xsec    1650792403.8269579     
 Correct abs xsec    1650792403.8269579     
 Event xsec    1650792403.8270204     
 Events wgts > 1:           63
 % Cross section > 1:    4941417.4677473586       0.29933609194540184     
 Iteration  6   Mean: 0.1652E+10 Abs mean: 0.1652E+10   Fluctuation:  0.697E+07   0.291E+11    78.0%
  6    0.1652E+10 0.1652E+10 +- 0.6973E+07      1.07
 Relative summed weights:
  0.1000E+01  0.0000E+00
 Relative number of events:
  0.1000E+01  0.0000E+00
 Events:
       64000           0
 Found         8114  events.
 Wrote         8109  events.
 Actual xsec    1651701968.4825845     
 Correct abs xsec    1651701968.4825845     
 Event xsec    1651701968.4824824     
 Events wgts > 1:            8
 % Cross section > 1:    441702.44859501615       2.67422608329779127E-002
 Checking number of events   9485.0637242080902             8109  chi2:   0.53228789500561080     
 Found         8114  events.
 Wrote         8109  events.
 Actual xsec    1651701968.4825845     
 Correct abs xsec    1651701968.4825845     
 Event xsec    1651701968.4824824     
 Events wgts > 1:            8
 % Cross section > 1:    441702.44859501615       2.67422608329779127E-002
 Iteration  7   Mean: 0.1646E+10 Abs mean: 0.1646E+10   Fluctuation:  0.448E+07   0.494E+11    77.2%
  7    0.1646E+10 0.1646E+10 +- 0.4483E+07      0.97
 Relative summed weights:
  0.1000E+01  0.0000E+00
 Relative number of events:
  0.1000E+01  0.0000E+00
 Events:
      128000           0
 Found        16720  events.
 Wrote        16716  events.
 Actual xsec    1647818202.5032914     
 Correct abs xsec    1647818202.5032914     
 Event xsec    1647818202.5030620     
 Events wgts > 1:           22
 % Cross section > 1:    1323252.1186006700       8.03032832499743637E-002
 Checking number of events   9462.7608096954009            16716  chi2:   0.19293701951600398     

 -------------------------------------------------------------------------------
 Accumulated results:   Integral =  0.1648E+10
                        Std dev  =  0.3567E+07
                       Cross sec =  0.2594E+01
             Chi**2 per DoF.     =
-------------------------------------------------
---------------------------
 Results Last   3 iters: Integral =   0.1648E+10
                     Abs integral =   0.1648E+10
                          Std dev =   0.3601E+07
                  Chi**2 per DoF. =      0.1929
-------------------------------------------------
---------------------------
 Status -5.74259999999999987E-006           8           9
 We found enough events       16716   9462.7608096954009     

ls status:
events.lhe
ftn25
ftn26
input_sg.txt
moffset.dat
results.dat
run_01_ftn26.gz
run_01_log.txt
run_01_results.dat
run_02_ftn26.gz
run_02_log.txt
run_02_results.dat
run1_app.log
