 Process in group number            0
 No PDF is used, alpha_s(MZ) from param_card is used
 Value of alpha_s from param_card:   0.11800000071525575     
 The default order of alpha_s running is fixed to            2
<<<<<<< HEAD
=======
 Warning: pt or E min of a gamma should in general be >0
>>>>>>> 911b5ec345c81b054214c521136984e9d6306827
 *****************************************************
 *               MadGraph/MadEvent                   *
 *        --------------------------------           *
 *          http://madgraph.hep.uiuc.edu             *
 *          http://madgraph.phys.ucl.ac.be           *
 *          http://madgraph.roma2.infn.it            *
 *        --------------------------------           *
 *                                                   *
 *          PARAMETER AND COUPLING VALUES            *
 *                                                   *
 *****************************************************

  External Params
  ---------------------------------
  
 aEWM1 =    132.50700378417969     
 mdl_Gf =   1.16639000000000003E-005
 aS =   0.11800000071525575     
 mdl_ymb =    4.6999998092651367     
 mdl_ymt =    173.00000000000000     
 mdl_yme =   5.10999991092830896E-004
 mdl_ymm =   0.10565999895334244     
 mdl_ymtau =    1.7769999504089355     
 mdl_MZ =    91.188003540039063     
 mdl_MT =    173.00000000000000     
 mdl_MB =    4.6999998092651367     
 mdl_MH =    125.00000000000000     
 mdl_Me =   5.10999991092830896E-004
 mdl_MM =   0.10565999895334244     
 mdl_MTA =    1.7769999504089355     
 mdl_WZ =    2.4414041042327881     
 mdl_WW =    2.0476000308990479     
 mdl_WT =    1.4915000200271606     
 mdl_WH =   6.38233916833996773E-003
 mdl_WTau =   2.26999999999999982E-012
  Internal Params
  ---------------------------------
  
 mdl_conjg__CKM3x3 =    1.0000000000000000     
 mdl_CKM3x3 =    1.0000000000000000     
 mdl_conjg__CKM1x1 =    1.0000000000000000     
 mdl_complexi =  (  0.0000000000000000     ,  1.0000000000000000     )
 mdl_MZ__exp__2 =    8315.2519896181766     
 mdl_MZ__exp__4 =    69143415.650849044     
 mdl_sqrt__2 =    1.4142135623730951     
 mdl_MH__exp__2 =    15625.000000000000     
 mdl_aEW =   7.54677089845565054E-003
 mdl_MW =    80.419007276179556     
 mdl_sqrt__aEW =   8.68721526063194194E-002
 mdl_ee =   0.30795376284704501     
 mdl_MW__exp__2 =    6467.2167312862202     
 mdl_sw2 =   0.22224645274001076     
 mdl_cw =   0.88190336616887299     
 mdl_sqrt__sw2 =   0.47143022043565552     
 mdl_sw =   0.47143022043565552     
 mdl_g1 =   0.34919218438279087     
 mdl_gw =   0.65323296958447097     
 mdl_vev =    246.21845810181631     
 mdl_vev__exp__2 =    60623.529110035874     
 mdl_lam =   0.12886910601690271     
 mdl_yb =   2.69955531549349904E-002
 mdl_ye =   2.93504850670934038E-006
 mdl_ym =   6.06883028478528356E-004
 mdl_yt =   0.99366614581500645     
 mdl_ytau =   1.02066167158167895E-002
 mdl_muH =    88.388347648318444     
 mdl_I1x33 =  ( 2.69955531549349904E-002,  0.0000000000000000     )
 mdl_I2x33 =  ( 0.99366614581500645     ,  0.0000000000000000     )
 mdl_I3x33 =  ( 0.99366614581500645     ,  0.0000000000000000     )
 mdl_I4x33 =  ( 2.69955531549349904E-002,  0.0000000000000000     )
 mdl_ee__exp__2 =   9.48355200516540348E-002
 mdl_sw__exp__2 =   0.22224645274001076     
 mdl_cw__exp__2 =   0.77775354725998924     
  Internal Params evaluated point by point
  ----------------------------------------
  
 mdl_sqrt__aS =   0.34351128178744839     
 mdl_G__exp__2 =    1.4828317414825511     
  Couplings of sm-lepton_masses
  ---------------------------------
  
         GC_3 =  -0.00000E+00  -0.30795E+00
        GC_50 =  -0.00000E+00  -0.28804E+00
        GC_59 =   0.00000E+00   0.82310E-01
        GC_89 =  -0.00000E+00  -0.20754E-05

 Collider parameters:
 --------------------

<<<<<<< HEAD
 Running at e e   machine @   7.14879999999999960E-002  GeV
=======
 Running at e e   machine @   7.00000000000000067E-002  GeV
>>>>>>> 911b5ec345c81b054214c521136984e9d6306827
 PDF set = none   
 alpha_s(Mz)= 0.1180 running at 2 loops.
 alpha_s(Mz)= 0.1180 running at 2 loops.
 Renormalization scale fixed @    91.188000000000002     
 Factorization scales  fixed @    91.188000000000002        91.188000000000002     


 getting user params
Enter number of events and max and min iterations: 
 Number of events and iterations         2000           9           3
Enter desired fractional accuracy: 
<<<<<<< HEAD
 Desired fractional accuracy:  -5.74259999999999987E-006
=======
 Desired fractional accuracy:  -6.26620000000000013E-037
>>>>>>> 911b5ec345c81b054214c521136984e9d6306827
Enter 0 for fixed, 2 for adjustable grid: 
Suppress amplitude (0 no, 1 yes)? 
 Using suppressed amplitude.
Exact helicity sum (0 yes, n = number/event)? 
 Explicitly summing over helicities
Enter Configuration Number: 
Running Configuration Number:   16
 Not subdividing B.W.
 Attempting mappinvarients           1           5
 Completed mapping           5
 about to integrate            5        2000           9           3           5           1
<<<<<<< HEAD
 Using non-zero grid deformation.
  5 dimensions   2000 events  5 invarients  9 iterations  1 config(s),  (0.99)
 Using h-tuple random number sequence.
 Error opening grid
 Using Uniform Grid!
 Using uniform alpha   1.0000000000000000     
 Grid defined OK
 Set CM energy to          0.07
 Mapping Graph          16  to config          16
Setting grid   1    0.51095E-04   1
Setting grid   2    0.51095E-04   1
=======
 Keeping grid fixed.
  5 dimensions   2000 events  5 invarients  9 iterations  1 config(s),  (0.99)
 Using h-tuple random number sequence.
 Grid read from file
 Grid defined OK
 Set CM energy to          0.07
 Mapping Graph          16  to config          16
 No modification is setgrid, grid read from file
 No modification is setgrid, grid read from file
>>>>>>> 911b5ec345c81b054214c521136984e9d6306827
 Masses: 0.511E-03 0.511E-03 0.000E+00 0.511E-03 0.511E-03
  16   1   2   3   4   5
 Got moffset          22
Using random seed offsets    16 :      1
<<<<<<< HEAD
  with seed                   87
 Ranmar initialization seeds       17628       18756
=======
  with seed                   30
 Ranmar initialization seeds        8307       18697
>>>>>>> 911b5ec345c81b054214c521136984e9d6306827
  Particle       3       4       5
      Et >     0.0     0.0     0.0
       E >     0.0     0.0     0.0
     Eta <    -1.0    -1.0    -1.0
   xqcut:      0.0     0.0     0.0
d R # 3  >    -0.0     0.0     0.0
<<<<<<< HEAD
d R # 4  >    -0.0    -0.0     0.0
=======
d R # 4  >    -0.0    -0.0     0.4
>>>>>>> 911b5ec345c81b054214c521136984e9d6306827
s min # 3>     0.0     0.0     0.0
s min # 4>     0.0     0.0     0.0
xqcutij # 3>     0.0     0.0     0.0
xqcutij # 4>     0.0     0.0     0.0
 alpha_s for scale    91.188000000000002       is   0.11800000071525575     
<<<<<<< HEAD
 Added good helicity            1   8.0824576217372606       in event            1
 Added good helicity            2  3.39634833939156180E-002  in event            1
 Added good helicity            3  3.85076563132873856E-006  in event            1
 Added good helicity            5  0.20374457571975130       in event            1
 Added good helicity            6  4.43747058468933232E-005  in event            1
 Added good helicity            9  4.88008835114431107E-005  in event            1
 Added good helicity           10  0.23958806905453300       in event            1
 Added good helicity           11  3.54806428958517474E-006  in event            1
 Added good helicity           13  2.72867319453734894E-002  in event            1
 Added good helicity           14   7.4128397734228804       in event            1
 Added good helicity           15  1.08589178777900724E-005  in event            1
 Added good helicity           16  7.54591480192248563E-006  in event            1
 Added good helicity           17  7.54591484567465962E-006  in event            1
 Added good helicity           18  1.08589179508992157E-005  in event            1
 Added good helicity           19   7.4128398145242826       in event            1
 Added good helicity           20  2.72867321645828970E-002  in event            1
 Added good helicity           22  3.54806426484080252E-006  in event            1
 Added good helicity           23  0.23958807039613830       in event            1
 Added good helicity           24  4.88008837750145561E-005  in event            1
 Added good helicity           27  4.43747058261769234E-005  in event            1
 Added good helicity           28  0.20374457571947932       in event            1
 Added good helicity           30  3.85076554161437490E-006  in event            1
 Added good helicity           31  3.39634833216589313E-002  in event            1
 Added good helicity           32   8.0824576217326012       in event            1
 Added good helicity            7  2.06675061931313746E-006  in event            2
 Added good helicity           12  1.28021847649149141E-004  in event            2
 Added good helicity           21  1.28021836236453076E-004  in event            2
 Added good helicity           26  2.06675151952186786E-006  in event            2
 Added good helicity            4  5.50219145970989414E-006  in event            4
 Added good helicity           29  5.50219133963231480E-006  in event            4
 Iteration  1   Mean: 0.2221E+10 Abs mean: 0.2221E+10   Fluctuation:  0.158E+09   0.909E+11    82.7%
  1    0.2221E+10 0.2221E+10 +- 0.1583E+09      3.19
 Writing out events   149207.13786740223        3.1876697303857560     
=======
 Added good helicity            1   4.1751797384437408       in event            1
 Added good helicity            2  2.58581366373767784E-003  in event            1
 Added good helicity            5   3.8222344478671770       in event            1
 Added good helicity           10   3.8222344478412844       in event            1
 Added good helicity           13  2.58581366372158828E-003  in event            1
 Added good helicity           14   4.1751797384155900       in event            1
 Added good helicity           19   4.1751797384155864       in event            1
 Added good helicity           20  2.58581366372158698E-003  in event            1
 Added good helicity           23   3.8222344478412853       in event            1
 Added good helicity           28   3.8222344478671757       in event            1
 Added good helicity           31  2.58581366373767914E-003  in event            1
 Added good helicity           32   4.1751797384437443       in event            1
 Added good helicity            3  3.98873198130642380E-006  in event           73
 Added good helicity            6  3.97925066178218307E-006  in event           73
 Added good helicity            7  3.96864122155584751E-006  in event           73
 Added good helicity            9  3.97989179208335787E-006  in event           73
 Added good helicity           12  3.97030251682408952E-006  in event           73
 Added good helicity           16  3.98902144199969751E-006  in event           73
 Added good helicity           17  3.98902147316844830E-006  in event           73
 Added good helicity           21  3.97030254778263975E-006  in event           73
 Added good helicity           24  3.97989182318156690E-006  in event           73
 Added good helicity           26  3.96864119058311455E-006  in event           73
 Added good helicity           27  3.97925069291152395E-006  in event           73
 Added good helicity           30  3.98873195012280420E-006  in event           73
 Added good helicity           11  2.54720615705790823E-004  in event           83
 Added good helicity           15  2.45633531639399914E-004  in event           83
 Added good helicity           18  2.45633531653754100E-004  in event           83
 Added good helicity           22  2.54720615696764460E-004  in event           83
 Iteration  1   Mean: 0.1987E+34 Abs mean: 0.1987E+34   Fluctuation:  0.129E+34   0.247E+37    99.4%
  1    0.1987E+34 0.1987E+34 +- 0.1288E+34     28.98
 Writing out events  1.11126760343494334E+029   28.977090035828518     
>>>>>>> 911b5ec345c81b054214c521136984e9d6306827
 Relative summed weights:
  0.1000E+01  0.0000E+00
 Relative number of events:
  0.1000E+01  0.0000E+00
 Events:
        2000           0
<<<<<<< HEAD
 Iteration  2   Mean: 0.2339E+10 Abs mean: 0.2339E+10   Fluctuation:  0.660E+08   0.353E+11    85.3%
  2    0.2339E+10 0.2339E+10 +- 0.6596E+08      1.78
=======
 Iteration  2   Mean: 0.1556E+37 Abs mean: 0.1556E+37   Fluctuation:  0.155E+37   0.618E+40    99.5%
  2    0.1556E+37 0.1556E+37 +- 0.1545E+37     62.82
>>>>>>> 911b5ec345c81b054214c521136984e9d6306827
 Relative summed weights:
  0.1000E+01  0.0000E+00
 Relative number of events:
  0.1000E+01  0.0000E+00
 Events:
        4000           0
<<<<<<< HEAD
 Iteration  3   Mean: 0.2440E+10 Abs mean: 0.2440E+10   Fluctuation:  0.374E+08   0.245E+11    81.5%
  3    0.2440E+10 0.2440E+10 +- 0.3739E+08      1.37
=======
 Iteration  3   Mean: 0.6274E+34 Abs mean: 0.6274E+34   Fluctuation:  0.305E+34   0.225E+38    99.5%
  3    0.6274E+34 0.6274E+34 +- 0.3046E+34     43.43
 Relative summed weights:
  0.1000E+01  0.0000E+00
 Relative number of events:
  0.1000E+01  0.0000E+00
 Events:
        8000           0
 Found            7  events.
 Wrote            2  events.
 Actual xsec   2.10539770599032934E+035
 Correct abs xsec   2.10539770599032934E+035
 Event xsec   2.10539770599032934E+035
 Events wgts > 1:            0
 % Cross section > 1:    0.0000000000000000        0.0000000000000000     
 Checking number of events  0.13192843105276603                2  chi2:    15363.291533020270     
 Found            7  events.
 Wrote            2  events.
 Actual xsec   2.10539770599032934E+035
 Correct abs xsec   2.10539770599032934E+035
 Event xsec   2.10539770599032934E+035
 Events wgts > 1:            0
 % Cross section > 1:    0.0000000000000000        0.0000000000000000     
 Iteration  4   Mean: 0.9510E+35 Abs mean: 0.9510E+35   Fluctuation:  0.775E+35   0.123E+40    99.3%
  4    0.9510E+35 0.9510E+35 +- 0.7753E+35    103.12
 Relative summed weights:
  0.1000E+01  0.0000E+00
 Relative number of events:
  0.1000E+01  0.0000E+00
 Events:
       16000           0
 Found           88  events.
 Wrote            1  events.
 Actual xsec   2.58324184035335490E+035
 Correct abs xsec   2.58324184035335490E+035
 Event xsec   2.58324184035335490E+035
 Events wgts > 1:            1
 % Cross section > 1:   5.88459523316930131E+028  2.27798851088768468E-005
 Checking number of events  0.16187110020022194                1  chi2:    3425.3206261378718     
 Found           88  events.
 Wrote            1  events.
 Actual xsec   2.58324184035335490E+035
 Correct abs xsec   2.58324184035335490E+035
 Event xsec   2.58324184035335490E+035
 Events wgts > 1:            1
 % Cross section > 1:   5.88459523316930131E+028  2.27798851088768468E-005
 Iteration  5   Mean: 0.2894E+37 Abs mean: 0.2894E+37   Fluctuation:  0.232E+37   0.711E+41    99.5%
  5    0.2894E+37 0.2894E+37 +- 0.2317E+37    143.23
 Relative summed weights:
  0.1000E+01  0.0000E+00
 Relative number of events:
  0.1000E+01  0.0000E+00
 Events:
       32000           0
 Found           83  events.
 Wrote            1  events.
 Actual xsec   6.40960923985611928E+035
 Correct abs xsec   6.40960923985611928E+035
 Event xsec   6.40960923985611928E+035
 Events wgts > 1:            0
 % Cross section > 1:    0.0000000000000000        0.0000000000000000     
 Checking number of events  0.40163893418786417                1  chi2:    21728.345819361337     
 Found           83  events.
 Wrote            1  events.
 Actual xsec   6.40960923985611928E+035
 Correct abs xsec   6.40960923985611928E+035
 Event xsec   6.40960923985611928E+035
 Events wgts > 1:            0
 % Cross section > 1:    0.0000000000000000        0.0000000000000000     
 Iteration  6   Mean: 0.5151E+35 Abs mean: 0.5151E+35   Fluctuation:  0.225E+35   0.131E+40    99.4%
  6    0.5151E+35 0.5151E+35 +- 0.2245E+35    110.25
 Relative summed weights:
  0.1000E+01  0.0000E+00
 Relative number of events:
  0.1000E+01  0.0000E+00
 Events:
       64000           0
 Found           27  events.
 Wrote            1  events.
 Actual xsec   5.91628884018018988E+035
 Correct abs xsec   5.91628884018018988E+035
 Event xsec   5.91628884018018988E+035
 Events wgts > 1:            0
 % Cross section > 1:    0.0000000000000000        0.0000000000000000     
 Checking number of events  0.37072649130337104                1  chi2:    310.38832155301162     
 Found           27  events.
 Wrote            2  events.
 Actual xsec   5.91628884018018988E+035
 Correct abs xsec   5.91628884018018988E+035
 Event xsec   5.91628884018018988E+035
 Events wgts > 1:            0
 % Cross section > 1:    0.0000000000000000        0.0000000000000000     
 Iteration  7   Mean: 0.3189E+36 Abs mean: 0.3189E+36   Fluctuation:  0.152E+36   0.142E+41    99.4%
  7    0.3189E+36 0.3189E+36 +- 0.1523E+36    170.88
 Relative summed weights:
  0.1000E+01  0.0000E+00
 Relative number of events:
  0.1000E+01  0.0000E+00
 Events:
      128000           0
 Found          351  events.
 Wrote            3  events.
 Actual xsec   5.51630744077344523E+035
 Correct abs xsec   5.51630744077344523E+035
 Event xsec   5.51630744077344597E+035
 Events wgts > 1:            0
 % Cross section > 1:    0.0000000000000000        0.0000000000000000     
 Checking number of events  0.34566285685374565                3  chi2:    249.78878131930378     
 Found          351  events.
 Wrote            3  events.
 Actual xsec   5.51630744077344523E+035
 Correct abs xsec   5.51630744077344523E+035
 Event xsec   5.51630744077344597E+035
 Events wgts > 1:            0
 % Cross section > 1:    0.0000000000000000        0.0000000000000000     
 Iteration  8   Mean: 0.3670E+37 Abs mean: 0.3670E+37   Fluctuation:  0.266E+37   0.663E+42    99.4%
  8    0.3670E+37 0.3670E+37 +- 0.2658E+37    366.46
 Relative summed weights:
  0.1000E+01  0.0000E+00
 Relative number of events:
  0.1000E+01  0.0000E+00
 Events:
      256000           0
 Found          329  events.
 Wrote            1  events.
 Actual xsec   7.49862676319744936E+035
 Correct abs xsec   7.49862676319744936E+035
 Event xsec   7.49862676319744936E+035
 Events wgts > 1:            1
 % Cross section > 1:   6.84996053731786269E+028  9.13495331030052309E-006
 Checking number of events  0.46987895023547860                1  chi2:    488.38524138408576     
 Found          329  events.
 Wrote            1  events.
 Actual xsec   7.49862676319744936E+035
 Correct abs xsec   7.49862676319744936E+035
 Event xsec   7.49862676319744936E+035
 Events wgts > 1:            1
 % Cross section > 1:   6.84996053731786269E+028  9.13495331030052309E-006
 Iteration  9   Mean: 0.1973E+38 Abs mean: 0.1973E+38   Fluctuation:  0.138E+38   0.618E+43    99.4%
  9    0.1973E+38 0.1973E+38 +- 0.1376E+38    498.78
 Relative summed weights:
  0.1000E+01  0.0000E+00
 Relative number of events:
  0.1000E+01  0.0000E+00
 Events:
      512000           0
 Found          218  events.
 Wrote            2  events.
 Actual xsec   5.87059986879637335E+036
 Correct abs xsec   5.87059986879637335E+036
 Event xsec   5.87059986879637335E+036
 Events wgts > 1:            1
 % Cross section > 1:   5.63932774455102399E+028  9.60605026843233561E-007
 Checking number of events   3.6786352897851837                2  chi2:    665.04004612675146     
 Found          218  events.
 Wrote            2  events.
 Actual xsec   5.87059986879637335E+036
 Correct abs xsec   5.87059986879637335E+036
 Event xsec   5.87059986879637335E+036
 Events wgts > 1:            1
 % Cross section > 1:   5.63932774455102399E+028  9.60605026843233561E-007

 -------------------------------------------------------------------------------
 Accumulated results:   Integral =  0.2284E+37
                        Std dev  =  0.4633E+36
                       Cross sec =  0.2284E+37
             Chi**2 per DoF.     =     17.1576
 -------------------------------------------------------------------------------
-------------------------------------------------
---------------------------
 Results Last   3 iters: Integral =   0.5871E+37
                     Abs integral =   0.5871E+37
                          Std dev =   0.2032E+37
                  Chi**2 per DoF. =    665.0400
-------------------------------------------------
---------------------------
 Status -6.26620000000000013E-037          10           9
 Trying w/ fresh grid
 Starting w/ ncall =         8000
 Keeping grid fixed.
  5 dimensions   8000 events  5 invarients  8 iterations  1 config(s),  (0.99)
 Using h-tuple random number sequence.
 Error opening grid
 Using Uniform Grid!
 Using uniform alpha   1.0000000000000000     
 Grid defined OK
Setting grid   1    0.53290E-04   1
Setting grid   2    0.53290E-04   1
 Iteration  1   Mean: 0.2458E+30 Abs mean: 0.2458E+30   Fluctuation:  0.246E+30   0.197E+34    98.2%
  1    0.2458E+30 0.2458E+30 +- 0.2457E+30     89.42
>>>>>>> 911b5ec345c81b054214c521136984e9d6306827
 Relative summed weights:
  0.1000E+01  0.0000E+00
 Relative number of events:
  0.1000E+01  0.0000E+00
 Events:
        8000           0
<<<<<<< HEAD
 Found         1044  events.
 Wrote         1040  events.
 Actual xsec    2409871482.5292244     
 Correct abs xsec    2409871482.5292244     
 Event xsec    2409871482.5291996     
 Events wgts > 1:           16
 % Cross section > 1:    4884706.2042369880       0.20269571384405982     
 Checking number of events   13838.927975572324             1040  chi2:    1.6177540099393999     
 Found         1044  events.
 Wrote         1040  events.
 Actual xsec    2409871482.5292244     
 Correct abs xsec    2409871482.5292244     
 Event xsec    2409871482.5291996     
 Events wgts > 1:           16
 % Cross section > 1:    4884706.2042369880       0.20269571384405982     
 Iteration  4   Mean: 0.2435E+10 Abs mean: 0.2435E+10   Fluctuation:  0.228E+08   0.400E+11    77.4%
  4    0.2435E+10 0.2435E+10 +- 0.2282E+08      1.19
=======
 Iteration  2   Mean: 0.3967E+32 Abs mean: 0.3967E+32   Fluctuation:  0.325E+32   0.511E+36    97.7%
  2    0.3967E+32 0.3967E+32 +- 0.3247E+32    103.52
>>>>>>> 911b5ec345c81b054214c521136984e9d6306827
 Relative summed weights:
  0.1000E+01  0.0000E+00
 Relative number of events:
  0.1000E+01  0.0000E+00
 Events:
       16000           0
<<<<<<< HEAD
 Found         2077  events.
 Wrote         2072  events.
 Actual xsec    2429062633.3991284     
 Correct abs xsec    2429062633.3991284     
 Event xsec    2429062633.3990822     
 Events wgts > 1:            8
 % Cross section > 1:    2205367.8883486716       9.07909025492115024E-002
 Checking number of events   13949.135078557834             2072  chi2:    1.0164109304820996     
 Found         2077  events.
 Wrote         2072  events.
 Actual xsec    2429062633.3991284     
 Correct abs xsec    2429062633.3991284     
 Event xsec    2429062633.3990822     
 Events wgts > 1:            8
 % Cross section > 1:    2205367.8883486716       9.07909025492115024E-002
 Iteration  5   Mean: 0.2459E+10 Abs mean: 0.2459E+10   Fluctuation:  0.153E+08   0.295E+11    74.5%
  5    0.2459E+10 0.2459E+10 +- 0.1529E+08      1.11
=======
 Iteration  3   Mean: 0.1381E+36 Abs mean: 0.1381E+36   Fluctuation:  0.137E+36   0.439E+40    99.2%
  3    0.1381E+36 0.1381E+36 +- 0.1372E+36    177.73
>>>>>>> 911b5ec345c81b054214c521136984e9d6306827
 Relative summed weights:
  0.1000E+01  0.0000E+00
 Relative number of events:
  0.1000E+01  0.0000E+00
 Events:
       32000           0
<<<<<<< HEAD
 Found         4354  events.
 Wrote         4349  events.
 Actual xsec    2450598575.0654473     
 Correct abs xsec    2450598575.0654473     
 Event xsec    2450598575.0653672     
 Events wgts > 1:           11
 % Cross section > 1:    1499388.7540160827       6.11845925837155163E-002
 Checking number of events   14072.807377170837             4349  chi2:   0.43257098981249009     
 Found         4354  events.
 Wrote         4349  events.
 Actual xsec    2450598575.0654473     
 Correct abs xsec    2450598575.0654473     
 Event xsec    2450598575.0653672     
 Events wgts > 1:           11
 % Cross section > 1:    1499388.7540160827       6.11845925837155163E-002
 Iteration  6   Mean: 0.2422E+10 Abs mean: 0.2422E+10   Fluctuation:  0.105E+08   0.777E+11    71.3%
  6    0.2422E+10 0.2422E+10 +- 0.1054E+08      1.10
=======
 Found           34  events.
 Wrote            1  events.
 Actual xsec   3.99236763173507857E+034
 Correct abs xsec   3.99236763173507857E+034
 Event xsec   3.99236763173507903E+034
 Events wgts > 1:            0
 % Cross section > 1:    0.0000000000000000        0.0000000000000000     
 Checking number of events  2.50169740539783504E-002           1  chi2:    13199612633.783745     
 Found           34  events.
 Wrote            1  events.
 Actual xsec   3.99236763173507857E+034
 Correct abs xsec   3.99236763173507857E+034
 Event xsec   3.99236763173507903E+034
 Events wgts > 1:            0
 % Cross section > 1:    0.0000000000000000        0.0000000000000000     
 Iteration  4   Mean: 0.8954E+33 Abs mean: 0.8954E+33   Fluctuation:  0.536E+33   0.298E+38    99.3%
  4    0.8954E+33 0.8954E+33 +- 0.5358E+33    151.40
>>>>>>> 911b5ec345c81b054214c521136984e9d6306827
 Relative summed weights:
  0.1000E+01  0.0000E+00
 Relative number of events:
  0.1000E+01  0.0000E+00
 Events:
       64000           0
<<<<<<< HEAD
 Found         8734  events.
 Wrote         8730  events.
 Actual xsec    2434540095.6271319     
 Correct abs xsec    2434540095.6271319     
 Event xsec    2434540095.6273451     
 Events wgts > 1:           28
 % Cross section > 1:    4490362.2502305834       0.18444396369957847     
 Checking number of events   13980.589953148368             8730  chi2:    1.9741491321209823     
 Found         8734  events.
 Wrote         8730  events.
 Actual xsec    2434540095.6271319     
 Correct abs xsec    2434540095.6271319     
 Event xsec    2434540095.6273451     
 Events wgts > 1:           28
 % Cross section > 1:    4490362.2502305834       0.18444396369957847     
 Iteration  7   Mean: 0.2413E+10 Abs mean: 0.2413E+10   Fluctuation:  0.746E+07   0.139E+12    68.9%
  7    0.2413E+10 0.2413E+10 +- 0.7459E+07      1.11
=======
 Found           10  events.
 Wrote            1  events.
 Actual xsec   2.68951527384406624E+034
 Correct abs xsec   2.68951527384406624E+034
 Event xsec   2.68951527384406624E+034
 Events wgts > 1:            0
 % Cross section > 1:    0.0000000000000000        0.0000000000000000     
 Checking number of events  1.68530406089616898E-002           1  chi2:    343252.04119627184     
 Found           10  events.
 Wrote            2  events.
 Actual xsec   2.68951527384406624E+034
 Correct abs xsec   2.68951527384406624E+034
 Event xsec   2.68951527384406624E+034
 Events wgts > 1:            0
 % Cross section > 1:    0.0000000000000000        0.0000000000000000     
 Iteration  5   Mean: 0.1208E+35 Abs mean: 0.1208E+35   Fluctuation:  0.100E+35   0.128E+40    99.2%
  5    0.1208E+35 0.1208E+35 +- 0.1002E+35    296.78
>>>>>>> 911b5ec345c81b054214c521136984e9d6306827
 Relative summed weights:
  0.1000E+01  0.0000E+00
 Relative number of events:
  0.1000E+01  0.0000E+00
 Events:
      128000           0
<<<<<<< HEAD
 Found        18417  events.
 Wrote        18412  events.
 Actual xsec    2422351540.0417976     
 Correct abs xsec    2422351540.0417976     
 Event xsec    2422351540.0418286     
 Events wgts > 1:           98
 % Cross section > 1:    6620418.2020021817       0.27330542625897569     
 Checking number of events   13910.595953844027            18412  chi2:    3.6526913862142814     

 -------------------------------------------------------------------------------
 Accumulated results:   Integral =  0.2423E+10
                        Std dev  =  0.5411E+07
                       Cross sec =  0.1811E+01
             Chi**2 per DoF.     =
-------------------------------------------------
---------------------------
 Results Last   3 iters: Integral =   0.2422E+10
                     Abs integral =   0.2422E+10
                          Std dev =   0.5657E+07
                  Chi**2 per DoF. =      3.6527
-------------------------------------------------
---------------------------
 Status -5.74259999999999987E-006           8           9
 We found enough events       18412   13910.595953844027     
=======
 Found          284  events.
 Wrote            2  events.
 Actual xsec   3.04266233232909853E+034
 Correct abs xsec   3.04266233232909853E+034
 Event xsec   3.04266233232909853E+034
 Events wgts > 1:            0
 % Cross section > 1:    0.0000000000000000        0.0000000000000000     
 Checking number of events  1.90659307068405982E-002           2  chi2:    1520.6305749574185     
 Found          284  events.
 Wrote            2  events.
 Actual xsec   3.04266233232909853E+034
 Correct abs xsec   3.04266233232909853E+034
 Event xsec   3.04266233232909853E+034
 Events wgts > 1:            0
 % Cross section > 1:    0.0000000000000000        0.0000000000000000     
 Fixing grid
 Iteration  6   Mean: 0.1455E+36 Abs mean: 0.1455E+36   Fluctuation:  0.116E+36   0.294E+41    99.3%
  6    0.1455E+36 0.1455E+36 +- 0.1159E+36    403.13
 Relative summed weights:
  0.1000E+01  0.0000E+00
 Relative number of events:
  0.1000E+01  0.0000E+00
 Events:
      256000           0
 Found          350  events.
 Wrote            1  events.
 Actual xsec   4.28285527198435900E+034
 Correct abs xsec   4.28285527198435900E+034
 Event xsec   4.28285527198435900E+034
 Events wgts > 1:            1
 % Cross section > 1:   8.72466114720542944E+027  2.03711323244482757E-005
 Checking number of events  2.68372277053083898E-002           1  chi2:    3067.1227568666736     
 Found          350  events.
 Wrote            1  events.
 Actual xsec   4.28285527198435900E+034
 Correct abs xsec   4.28285527198435900E+034
 Event xsec   4.28285527198435900E+034
 Events wgts > 1:            1
 % Cross section > 1:   8.72466114720542944E+027  2.03711323244482757E-005
 Iteration  7   Mean: 0.5783E+36 Abs mean: 0.5783E+36   Fluctuation:  0.419E+36   0.205E+42    99.4%
  7    0.5783E+36 0.5783E+36 +- 0.4193E+36    518.80
 Relative summed weights:
  0.1000E+01  0.0000E+00
 Relative number of events:
  0.1000E+01  0.0000E+00
 Events:
      512000           0
 Found          228  events.
 Wrote            1  events.
 Actual xsec   2.73159567048003939E+035
 Correct abs xsec   2.73159567048003939E+035
 Event xsec   2.73159567048003939E+035
 Events wgts > 1:            1
 % Cross section > 1:   6.78090269377162037E+028  2.48239619320379566E-005
 Checking number of events  0.17116724790362023                1  chi2:    340.12973892041322     
 Found          228  events.
 Wrote            1  events.
 Actual xsec   2.73159567048003939E+035
 Correct abs xsec   2.73159567048003939E+035
 Event xsec   2.73159567048003939E+035
 Events wgts > 1:            1
 % Cross section > 1:   6.78090269377162037E+028  2.48239619320379566E-005
 Iteration  8   Mean: 0.1088E+36 Abs mean: 0.1088E+36   Fluctuation:  0.713E+35   0.716E+41    99.4%
  8    0.1088E+36 0.1088E+36 +- 0.7133E+35    663.54
 Relative summed weights:
  0.1000E+01  0.0000E+00
 Relative number of events:
  0.1000E+01  0.0000E+00
 Events:
     1024000           0
 Found          241  events.
 Wrote            2  events.
 Actual xsec   6.67595942613478441E+036
 Correct abs xsec   6.67595942613478441E+036
 Event xsec   6.67595942613478441E+036
 Events wgts > 1:            1
 % Cross section > 1:   7.24620568172218623E+029  1.08541787317565523E-005
 Checking number of events  0.17085345894758899                2  chi2:    3.5063712793753985     

 -------------------------------------------------------------------------------
 Accumulated results:   Integral =  0.1285E+36
                        Std dev  =  0.3491E+35
                       Cross sec =  0.4259E+01
             Chi**2 per DoF.     =
-------------------------------------------------
---------------------------
 Results Last   3 iters: Integral =   0.6676E+37
                     Abs integral =   0.6676E+37
                         Std dev =   0.2663E+37
                 Chi**2 per DoF. =   4344.5956
-------------------------------------------------
---------------------------
>>>>>>> 911b5ec345c81b054214c521136984e9d6306827

ls status:
events.lhe
ftn25
ftn26
input_sg.txt
<<<<<<< HEAD
moffset.dat
results.dat
run_01_ftn26.gz
run_01_log.txt
run_01_results.dat
run_02_ftn26.gz
run_02_log.txt
run_02_results.dat
run_03_ftn26.gz
run_03_log.txt
run_03_results.dat
=======
log.txt
moffset.dat
results.dat
>>>>>>> 911b5ec345c81b054214c521136984e9d6306827
run1_app.log
