 Process in group number            0
 No PDF is used, alpha_s(MZ) from param_card is used
 Value of alpha_s from param_card:   0.11800000071525575     
 The default order of alpha_s running is fixed to            2
 *****************************************************
 *               MadGraph/MadEvent                   *
 *        --------------------------------           *
 *          http://madgraph.hep.uiuc.edu             *
 *          http://madgraph.phys.ucl.ac.be           *
 *          http://madgraph.roma2.infn.it            *
 *        --------------------------------           *
 *                                                   *
 *          PARAMETER AND COUPLING VALUES            *
 *                                                   *
 *****************************************************

  External Params
  ---------------------------------
  
 aEWM1 =    132.50700378417969     
 mdl_Gf =   1.16639000000000003E-005
 aS =   0.11800000071525575     
 mdl_ymb =    4.6999998092651367     
 mdl_ymt =    173.00000000000000     
 mdl_yme =   5.10999991092830896E-004
 mdl_ymm =   0.10565999895334244     
 mdl_ymtau =    1.7769999504089355     
 mdl_MZ =    91.188003540039063     
 mdl_MT =    173.00000000000000     
 mdl_MB =    4.6999998092651367     
 mdl_MH =    125.00000000000000     
 mdl_Me =   5.10999991092830896E-004
 mdl_MM =   0.10565999895334244     
 mdl_MTA =    1.7769999504089355     
 mdl_WZ =    2.4414041042327881     
 mdl_WW =    2.0476000308990479     
 mdl_WT =    1.4915000200271606     
 mdl_WH =   6.38233916833996773E-003
 mdl_WTau =   2.26999999999999982E-012
  Internal Params
  ---------------------------------
  
 mdl_conjg__CKM3x3 =    1.0000000000000000     
 mdl_CKM3x3 =    1.0000000000000000     
 mdl_conjg__CKM1x1 =    1.0000000000000000     
 mdl_complexi =  (  0.0000000000000000     ,  1.0000000000000000     )
 mdl_MZ__exp__2 =    8315.2519896181766     
 mdl_MZ__exp__4 =    69143415.650849044     
 mdl_sqrt__2 =    1.4142135623730951     
 mdl_MH__exp__2 =    15625.000000000000     
 mdl_aEW =   7.54677089845565054E-003
 mdl_MW =    80.419007276179556     
 mdl_sqrt__aEW =   8.68721526063194194E-002
 mdl_ee =   0.30795376284704501     
 mdl_MW__exp__2 =    6467.2167312862202     
 mdl_sw2 =   0.22224645274001076     
 mdl_cw =   0.88190336616887299     
 mdl_sqrt__sw2 =   0.47143022043565552     
 mdl_sw =   0.47143022043565552     
 mdl_g1 =   0.34919218438279087     
 mdl_gw =   0.65323296958447097     
 mdl_vev =    246.21845810181631     
 mdl_vev__exp__2 =    60623.529110035874     
 mdl_lam =   0.12886910601690271     
 mdl_yb =   2.69955531549349904E-002
 mdl_ye =   2.93504850670934038E-006
 mdl_ym =   6.06883028478528356E-004
 mdl_yt =   0.99366614581500645     
 mdl_ytau =   1.02066167158167895E-002
 mdl_muH =    88.388347648318444     
 mdl_I1x33 =  ( 2.69955531549349904E-002,  0.0000000000000000     )
 mdl_I2x33 =  ( 0.99366614581500645     ,  0.0000000000000000     )
 mdl_I3x33 =  ( 0.99366614581500645     ,  0.0000000000000000     )
 mdl_I4x33 =  ( 2.69955531549349904E-002,  0.0000000000000000     )
 mdl_ee__exp__2 =   9.48355200516540348E-002
 mdl_sw__exp__2 =   0.22224645274001076     
 mdl_cw__exp__2 =   0.77775354725998924     
  Internal Params evaluated point by point
  ----------------------------------------
  
 mdl_sqrt__aS =   0.34351128178744839     
 mdl_G__exp__2 =    1.4828317414825511     
  Couplings of sm-lepton_masses
  ---------------------------------
  
         GC_3 =  -0.00000E+00  -0.30795E+00
        GC_50 =  -0.00000E+00  -0.28804E+00
        GC_59 =   0.00000E+00   0.82310E-01
        GC_89 =  -0.00000E+00  -0.20754E-05

 Collider parameters:
 --------------------

 Running at e e   machine @   7.14879999999999960E-002  GeV
 PDF set = none   
 alpha_s(Mz)= 0.1180 running at 2 loops.
 alpha_s(Mz)= 0.1180 running at 2 loops.
 Renormalization scale fixed @    91.188000000000002     
 Factorization scales  fixed @    91.188000000000002        91.188000000000002     


 getting user params
Enter number of events and max and min iterations: 
 Number of events and iterations         2000           9           3
Enter desired fractional accuracy: 
 Desired fractional accuracy:  -5.74259999999999987E-006
Enter 0 for fixed, 2 for adjustable grid: 
Suppress amplitude (0 no, 1 yes)? 
 Using suppressed amplitude.
Exact helicity sum (0 yes, n = number/event)? 
 Explicitly summing over helicities
Enter Configuration Number: 
Running Configuration Number:    7
 Not subdividing B.W.
 Attempting mappinvarients           1           5
 Completed mapping           5
 about to integrate            5        2000           9           3           5           1
 Using non-zero grid deformation.
  5 dimensions   2000 events  5 invarients  9 iterations  1 config(s),  (0.99)
 Using h-tuple random number sequence.
 Error opening grid
 Using Uniform Grid!
 Using uniform alpha   1.0000000000000000     
 Grid defined OK
 Set CM energy to          0.07
 Mapping Graph           7  to config           7
Setting grid   1    0.17611E-04   1
Setting grid   2    0.51095E-04   1
 Masses: 0.511E-03 0.511E-03 0.000E+00 0.511E-03 0.511E-03
   7   1   2   3   4   5
 Got moffset           5
Using random seed offsets     7 :      1
  with seed                   87
 Ranmar initialization seeds       17619       25249
  Particle       3       4       5
      Et >     0.0     0.0     0.0
       E >     0.0     0.0     0.0
     Eta <    -1.0    -1.0    -1.0
   xqcut:      0.0     0.0     0.0
d R # 3  >    -0.0     0.0     0.0
d R # 4  >    -0.0    -0.0     0.0
s min # 3>     0.0     0.0     0.0
s min # 4>     0.0     0.0     0.0
xqcutij # 3>     0.0     0.0     0.0
xqcutij # 4>     0.0     0.0     0.0
 alpha_s for scale    91.188000000000002       is   0.11800000071525575     
 Added good helicity            1   7.9040946530981611       in event            1
 Added good helicity            2  4.26626089478914991E-004  in event            1
 Added good helicity            3  0.29935524190419582       in event            1
 Added good helicity            5   2.2193423738931681       in event            1
 Added good helicity            7  6.13712614653041662E-005  in event            1
 Added good helicity            9  1.18389587131662845E-005  in event            1
 Added good helicity           10   3.8662798606126469       in event            1
 Added good helicity           11  5.69867446626859311E-003  in event            1
 Added good helicity           12  0.61280135404367708       in event            1
 Added good helicity           13  3.36408432769577119E-006  in event            1
 Added good helicity           14   1.0903199160083805       in event            1
 Added good helicity           15  1.56059540950041591E-003  in event            1
 Added good helicity           16  4.23482243128193382E-005  in event            1
 Added good helicity           17  4.23482262822638702E-005  in event            1
 Added good helicity           18  1.56059541004516158E-003  in event            1
 Added good helicity           19   1.0903199602317168       in event            1
 Added good helicity           20  3.36408451724961019E-006  in event            1
 Added good helicity           21  0.61280135397086100       in event            1
 Added good helicity           22  5.69867446284735065E-003  in event            1
 Added good helicity           23   3.8662800173560936       in event            1
 Added good helicity           24  1.18389593938276563E-005  in event            1
 Added good helicity           26  6.13712600295133082E-005  in event            1
 Added good helicity           28   2.2193423738734270       in event            1
 Added good helicity           30  0.29935522966327743       in event            1
 Added good helicity           31  4.26626089017416096E-004  in event            1
 Added good helicity           32   7.9040946531464753       in event            1
 Added good helicity            6  7.72554167658142201E-006  in event            2
 Added good helicity           27  7.72554164646810986E-006  in event            2
 Added good helicity            4  1.12396042384336464E-005  in event           37
 Added good helicity           29  1.12396042350177455E-005  in event           37
 Iteration  1   Mean: 0.1776E+10 Abs mean: 0.1776E+10   Fluctuation:  0.112E+09   0.748E+11    74.9%
  1    0.1776E+10 0.1776E+10 +- 0.1124E+09      2.83
 Writing out events   131753.34620985299        2.8305292656126788     
 Relative summed weights:
  0.1000E+01  0.0000E+00
 Relative number of events:
  0.1000E+01  0.0000E+00
 Events:
        2000           0
 Iteration  2   Mean: 0.1703E+10 Abs mean: 0.1703E+10   Fluctuation:  0.391E+08   0.314E+11    84.1%
  2    0.1703E+10 0.1703E+10 +- 0.3913E+08      1.45
 Relative summed weights:
  0.1000E+01  0.0000E+00
 Relative number of events:
  0.1000E+01  0.0000E+00
 Events:
        4000           0
 Iteration  3   Mean: 0.1739E+10 Abs mean: 0.1739E+10   Fluctuation:  0.215E+08   0.167E+11    80.1%
  3    0.1739E+10 0.1739E+10 +- 0.2153E+08      1.11
 Relative summed weights:
  0.1000E+01  0.0000E+00
 Relative number of events:
  0.1000E+01  0.0000E+00
 Events:
        8000           0
 Found         1039  events.
 Wrote         1034  events.
 Actual xsec    1732355713.8457291     
 Correct abs xsec    1732355713.8457291     
 Event xsec    1732355713.8457034     
 Events wgts > 1:            3
 % Cross section > 1:    562645.16431982187       3.24786162462437147E-002
 Checking number of events   9948.2259223304845             1034  chi2:   0.40247151641930867     
 Found         1039  events.
 Wrote         1034  events.
 Actual xsec    1732355713.8457291     
 Correct abs xsec    1732355713.8457291     
 Event xsec    1732355713.8457034     
 Events wgts > 1:            3
 % Cross section > 1:    562645.16431982187       3.24786162462437147E-002
 Iteration  4   Mean: 0.1735E+10 Abs mean: 0.1735E+10   Fluctuation:  0.133E+08   0.160E+11    77.9%
  4    0.1735E+10 0.1735E+10 +- 0.1327E+08      0.97
 Relative summed weights:
  0.1000E+01  0.0000E+00
 Relative number of events:
  0.1000E+01  0.0000E+00
 Events:
       16000           0
 Found         2052  events.
 Wrote         2047  events.
 Actual xsec    1733700768.0166516     
 Correct abs xsec    1733700768.0166516     
 Event xsec    1733700768.0166981     
 Events wgts > 1:            1
 % Cross section > 1:    151617.37739972968       8.74530254567375091E-003
 Checking number of events   9955.9500304124231             2047  chi2:   0.34100565085080686     
 Found         2052  events.
 Wrote         2047  events.
 Actual xsec    1733700768.0166516     
 Correct abs xsec    1733700768.0166516     
 Event xsec    1733700768.0166981     
 Events wgts > 1:            1
 % Cross section > 1:    151617.37739972968       8.74530254567375091E-003
 Iteration  5   Mean: 0.1742E+10 Abs mean: 0.1742E+10   Fluctuation:  0.879E+07   0.179E+11    76.2%
  5    0.1742E+10 0.1742E+10 +- 0.8790E+07      0.90
 Relative summed weights:
  0.1000E+01  0.0000E+00
 Relative number of events:
  0.1000E+01  0.0000E+00
 Events:
       32000           0
 Found         4163  events.
 Wrote         4158  events.
 Actual xsec    1739706270.9397519     
 Correct abs xsec    1739706270.9397519     
 Event xsec    1739706270.9399223     
 Events wgts > 1:            3
 % Cross section > 1:    297090.08410216175       1.70770255338362938E-002
 Checking number of events   9990.4372314986194             4158  chi2:   9.28501437092793119E-002
 Found         4163  events.
 Wrote         4158  events.
 Actual xsec    1739706270.9397519     
 Correct abs xsec    1739706270.9397519     
 Event xsec    1739706270.9399223     
 Events wgts > 1:            3
 % Cross section > 1:    297090.08410216175       1.70770255338362938E-002
 Iteration  6   Mean: 0.1731E+10 Abs mean: 0.1731E+10   Fluctuation:  0.607E+07   0.185E+11    74.3%
  6    0.1731E+10 0.1731E+10 +- 0.6075E+07      0.89
 Relative summed weights:
  0.1000E+01  0.0000E+00
 Relative number of events:
  0.1000E+01  0.0000E+00
 Events:
       64000           0
 Found         8501  events.
 Wrote         8496  events.
 Actual xsec    1734793327.1736259     
 Correct abs xsec    1734793327.1736259     
 Event xsec    1734793327.1738193     
 Events wgts > 1:            5
 % Cross section > 1:    258214.21549153238       1.48844367479896555E-002
 Checking number of events   9962.2241606272637             8496  chi2:   0.48340435191682846     
 Found         8501  events.
 Wrote         8496  events.
 Actual xsec    1734793327.1736259     
 Correct abs xsec    1734793327.1736259     
 Event xsec    1734793327.1738193     
 Events wgts > 1:            5
 % Cross section > 1:    258214.21549153238       1.48844367479896555E-002
 Iteration  7   Mean: 0.1733E+10 Abs mean: 0.1733E+10   Fluctuation:  0.430E+07   0.253E+11    73.0%
  7    0.1733E+10 0.1733E+10 +- 0.4301E+07      0.89
 Relative summed weights:
  0.1000E+01  0.0000E+00
 Relative number of events:
  0.1000E+01  0.0000E+00
 Events:
      128000           0
 Found        17569  events.
 Wrote        17564  events.
 Actual xsec    1733680295.1578820     
 Correct abs xsec    1733680295.1578820     
 Event xsec    1733680295.1582599     
 Events wgts > 1:           38
 % Cross section > 1:    1483888.8523258050       8.55918393068167971E-002
 Checking number of events   9955.8324629736526            17564  chi2:   0.52305692842755613     

 -------------------------------------------------------------------------------
 Accumulated results:   Integral =  0.1734E+10
                        Std dev  =  0.3121E+07
                       Cross sec =  0.3103E+00
             Chi**2 per DoF.     =
-------------------------------------------------
---------------------------
 Results Last   3 iters: Integral =   0.1734E+10
                     Abs integral =   0.1734E+10
                          Std dev =   0.3260E+07
                  Chi**2 per DoF. =      0.5231
-------------------------------------------------
---------------------------
 Status -5.74259999999999987E-006           8           9
 We found enough events       17564   9955.8324629736526     

ls status:
events.lhe
ftn25
ftn26
input_sg.txt
moffset.dat
results.dat
run_01_ftn26.gz
run_01_log.txt
run_01_results.dat
run_02_ftn26.gz
run_02_log.txt
run_02_results.dat
run1_app.log
