 Process in group number            0
 No PDF is used, alpha_s(MZ) from param_card is used
 Value of alpha_s from param_card:   0.11800000071525575     
 The default order of alpha_s running is fixed to            2
<<<<<<< HEAD
=======
 Warning: pt or E min of a gamma should in general be >0
>>>>>>> 911b5ec345c81b054214c521136984e9d6306827
 *****************************************************
 *               MadGraph/MadEvent                   *
 *        --------------------------------           *
 *          http://madgraph.hep.uiuc.edu             *
 *          http://madgraph.phys.ucl.ac.be           *
 *          http://madgraph.roma2.infn.it            *
 *        --------------------------------           *
 *                                                   *
 *          PARAMETER AND COUPLING VALUES            *
 *                                                   *
 *****************************************************

  External Params
  ---------------------------------
  
 aEWM1 =    132.50700378417969     
 mdl_Gf =   1.16639000000000003E-005
 aS =   0.11800000071525575     
 mdl_ymb =    4.6999998092651367     
 mdl_ymt =    173.00000000000000     
 mdl_yme =   5.10999991092830896E-004
 mdl_ymm =   0.10565999895334244     
 mdl_ymtau =    1.7769999504089355     
 mdl_MZ =    91.188003540039063     
 mdl_MT =    173.00000000000000     
 mdl_MB =    4.6999998092651367     
 mdl_MH =    125.00000000000000     
 mdl_Me =   5.10999991092830896E-004
 mdl_MM =   0.10565999895334244     
 mdl_MTA =    1.7769999504089355     
 mdl_WZ =    2.4414041042327881     
 mdl_WW =    2.0476000308990479     
 mdl_WT =    1.4915000200271606     
 mdl_WH =   6.38233916833996773E-003
 mdl_WTau =   2.26999999999999982E-012
  Internal Params
  ---------------------------------
  
 mdl_conjg__CKM3x3 =    1.0000000000000000     
 mdl_CKM3x3 =    1.0000000000000000     
 mdl_conjg__CKM1x1 =    1.0000000000000000     
 mdl_complexi =  (  0.0000000000000000     ,  1.0000000000000000     )
 mdl_MZ__exp__2 =    8315.2519896181766     
 mdl_MZ__exp__4 =    69143415.650849044     
 mdl_sqrt__2 =    1.4142135623730951     
 mdl_MH__exp__2 =    15625.000000000000     
 mdl_aEW =   7.54677089845565054E-003
 mdl_MW =    80.419007276179556     
 mdl_sqrt__aEW =   8.68721526063194194E-002
 mdl_ee =   0.30795376284704501     
 mdl_MW__exp__2 =    6467.2167312862202     
 mdl_sw2 =   0.22224645274001076     
 mdl_cw =   0.88190336616887299     
 mdl_sqrt__sw2 =   0.47143022043565552     
 mdl_sw =   0.47143022043565552     
 mdl_g1 =   0.34919218438279087     
 mdl_gw =   0.65323296958447097     
 mdl_vev =    246.21845810181631     
 mdl_vev__exp__2 =    60623.529110035874     
 mdl_lam =   0.12886910601690271     
 mdl_yb =   2.69955531549349904E-002
 mdl_ye =   2.93504850670934038E-006
 mdl_ym =   6.06883028478528356E-004
 mdl_yt =   0.99366614581500645     
 mdl_ytau =   1.02066167158167895E-002
 mdl_muH =    88.388347648318444     
 mdl_I1x33 =  ( 2.69955531549349904E-002,  0.0000000000000000     )
 mdl_I2x33 =  ( 0.99366614581500645     ,  0.0000000000000000     )
 mdl_I3x33 =  ( 0.99366614581500645     ,  0.0000000000000000     )
 mdl_I4x33 =  ( 2.69955531549349904E-002,  0.0000000000000000     )
 mdl_ee__exp__2 =   9.48355200516540348E-002
 mdl_sw__exp__2 =   0.22224645274001076     
 mdl_cw__exp__2 =   0.77775354725998924     
  Internal Params evaluated point by point
  ----------------------------------------
  
 mdl_sqrt__aS =   0.34351128178744839     
 mdl_G__exp__2 =    1.4828317414825511     
  Couplings of sm-lepton_masses
  ---------------------------------
  
         GC_3 =  -0.00000E+00  -0.30795E+00
        GC_50 =  -0.00000E+00  -0.28804E+00
        GC_59 =   0.00000E+00   0.82310E-01
        GC_89 =  -0.00000E+00  -0.20754E-05

 Collider parameters:
 --------------------

<<<<<<< HEAD
 Running at e e   machine @   7.14879999999999960E-002  GeV
=======
 Running at e e   machine @   7.00000000000000067E-002  GeV
>>>>>>> 911b5ec345c81b054214c521136984e9d6306827
 PDF set = none   
 alpha_s(Mz)= 0.1180 running at 2 loops.
 alpha_s(Mz)= 0.1180 running at 2 loops.
 Renormalization scale fixed @    91.188000000000002     
 Factorization scales  fixed @    91.188000000000002        91.188000000000002     


 getting user params
Enter number of events and max and min iterations: 
 Number of events and iterations         2000           9           3
Enter desired fractional accuracy: 
<<<<<<< HEAD
 Desired fractional accuracy:  -5.74259999999999987E-006
=======
 Desired fractional accuracy:  -6.26620000000000013E-037
>>>>>>> 911b5ec345c81b054214c521136984e9d6306827
Enter 0 for fixed, 2 for adjustable grid: 
Suppress amplitude (0 no, 1 yes)? 
 Using suppressed amplitude.
Exact helicity sum (0 yes, n = number/event)? 
 Explicitly summing over helicities
Enter Configuration Number: 
Running Configuration Number:   16
 Not subdividing B.W.
 Attempting mappinvarients           1           5
 Completed mapping           5
 about to integrate            5        2000           9           3           5           1
<<<<<<< HEAD
 Using non-zero grid deformation.
  5 dimensions   2000 events  5 invarients  9 iterations  1 config(s),  (0.99)
 Using h-tuple random number sequence.
 Error opening grid
 Using Uniform Grid!
 Using uniform alpha   1.0000000000000000     
 Grid defined OK
 Set CM energy to          0.07
 Mapping Graph          16  to config          16
Setting grid   1    0.51095E-04   1
Setting grid   2    0.51095E-04   1
=======
 Keeping grid fixed.
  5 dimensions   2000 events  5 invarients  9 iterations  1 config(s),  (0.99)
 Using h-tuple random number sequence.
 Grid read from file
 Grid defined OK
 Set CM energy to          0.07
 Mapping Graph          16  to config          16
 No modification is setgrid, grid read from file
 No modification is setgrid, grid read from file
>>>>>>> 911b5ec345c81b054214c521136984e9d6306827
 Masses: 0.511E-03 0.511E-03 0.000E+00 0.511E-03 0.511E-03
  16   1   2   3   4   5
 Got moffset          14
Using random seed offsets    16 :      1
<<<<<<< HEAD
  with seed                   87
 Ranmar initialization seeds       17628       23581
=======
  with seed                   30
 Ranmar initialization seeds        8307       23522
>>>>>>> 911b5ec345c81b054214c521136984e9d6306827
  Particle       3       4       5
      Et >     0.0     0.0     0.0
       E >     0.0     0.0     0.0
     Eta <    -1.0    -1.0    -1.0
   xqcut:      0.0     0.0     0.0
d R # 3  >    -0.0     0.0     0.0
<<<<<<< HEAD
d R # 4  >    -0.0    -0.0     0.0
=======
d R # 4  >    -0.0    -0.0     0.4
>>>>>>> 911b5ec345c81b054214c521136984e9d6306827
s min # 3>     0.0     0.0     0.0
s min # 4>     0.0     0.0     0.0
xqcutij # 3>     0.0     0.0     0.0
xqcutij # 4>     0.0     0.0     0.0
 alpha_s for scale    91.188000000000002       is   0.11800000071525575     
<<<<<<< HEAD
 Added good helicity            1   6.9643465343602280       in event            1
 Added good helicity            2  8.70019288540844435E-005  in event            1
 Added good helicity            3  2.00415776525205470E-005  in event            1
 Added good helicity            5   3.7332710082125589       in event            1
 Added good helicity            6  2.94903727670304192E-005  in event            1
 Added good helicity            7  8.50347217531210745E-006  in event            1
 Added good helicity            9  2.53745574368153534E-005  in event            1
 Added good helicity           10   1.7842342869889432       in event            1
 Added good helicity           11  3.79191538333104039E-003  in event            1
 Added good helicity           12  6.70972557107430259E-006  in event            1
 Added good helicity           13  2.20655092653517685E-006  in event            1
 Added good helicity           14   3.5107298596387095       in event            1
 Added good helicity           15  3.42783318009113767E-003  in event            1
 Added good helicity           16  1.90481957733244566E-005  in event            1
 Added good helicity           17  1.90481974010905142E-005  in event            1
 Added good helicity           18  3.42783317792242671E-003  in event            1
 Added good helicity           19   3.5107300960959411       in event            1
 Added good helicity           20  2.20655166445934318E-006  in event            1
 Added good helicity           21  6.70972631850904760E-006  in event            1
 Added good helicity           22  3.79191538598367718E-003  in event            1
 Added good helicity           23   1.7842344069731333       in event            1
 Added good helicity           24  2.53745595100576135E-005  in event            1
 Added good helicity           26  8.50347129740612725E-006  in event            1
 Added good helicity           27  2.94903747860416558E-005  in event            1
 Added good helicity           28   3.7332710082193521       in event            1
 Added good helicity           30  2.00415758927033134E-005  in event            1
 Added good helicity           31  8.70019220335075847E-005  in event            1
 Added good helicity           32   6.9643465343512441       in event            1
 Added good helicity            4  9.82745753229222047E-006  in event           18
 Added good helicity           29  9.82745733826066038E-006  in event           18
 Iteration  1   Mean: 0.2388E+10 Abs mean: 0.2388E+10   Fluctuation:  0.158E+09   0.780E+11    84.3%
  1    0.2388E+10 0.2388E+10 +- 0.1583E+09      2.97
 Writing out events   157393.32523155527        2.9650639053226366     
=======
 Added good helicity            1   4.2305766282544450       in event            1
 Added good helicity            2  9.63306025739918371E-004  in event            1
 Added good helicity            5   3.7684600660319516       in event            1
 Added good helicity           10   3.7684600655722003       in event            1
 Added good helicity           13  9.63306025633492652E-004  in event            1
 Added good helicity           14   4.2305766277393424       in event            1
 Added good helicity           19   4.2305766277393424       in event            1
 Added good helicity           20  9.63306025633494170E-004  in event            1
 Added good helicity           23   3.7684600655722003       in event            1
 Added good helicity           28   3.7684600660319516       in event            1
 Added good helicity           31  9.63306025739916636E-004  in event            1
 Added good helicity           32   4.2305766282544441       in event            1
 Added good helicity            3  1.94082345186165875E-005  in event           65
 Added good helicity            4  5.55009312900708499E-006  in event           65
 Added good helicity            6  1.96629989820622463E-005  in event           65
 Added good helicity            7  7.71198067944361310E-006  in event           65
 Added good helicity            9  1.93397068701944604E-005  in event           65
 Added good helicity           11   3.5067524957280902       in event           65
 Added good helicity           12   1.0094019533176932       in event           65
 Added good helicity           15   1.3942190213554555       in event           65
 Added good helicity           16  1.95265814206386132E-005  in event           65
 Added good helicity           17  1.95265726879188623E-005  in event           65
 Added good helicity           18   1.3942190214593393       in event           65
 Added good helicity           21   1.0094019540448835       in event           65
 Added good helicity           22   3.5067524937283574       in event           65
 Added good helicity           24  1.93396981521057569E-005  in event           65
 Added good helicity           26  7.71198415151408867E-006  in event           65
 Added good helicity           27  1.96629902285601829E-005  in event           65
 Added good helicity           29  5.55009560318556359E-006  in event           65
 Added good helicity           30  1.94082432205718409E-005  in event           65
 Iteration  1   Mean: 0.7654E+34 Abs mean: 0.7654E+34   Fluctuation:  0.750E+34   0.150E+38    99.1%
  1    0.7654E+34 0.7654E+34 +- 0.7497E+34     43.81
 Writing out events  4.29021247619400007E+029   43.808404007794827     
>>>>>>> 911b5ec345c81b054214c521136984e9d6306827
 Relative summed weights:
  0.1000E+01  0.0000E+00
 Relative number of events:
  0.1000E+01  0.0000E+00
 Events:
        2000           0
<<<<<<< HEAD
 Iteration  2   Mean: 0.2298E+10 Abs mean: 0.2298E+10   Fluctuation:  0.637E+08   0.545E+11    85.2%
  2    0.2298E+10 0.2298E+10 +- 0.6372E+08      1.75
=======
 Iteration  2   Mean: 0.6557E+33 Abs mean: 0.6557E+33   Fluctuation:  0.597E+33   0.239E+37    99.0%
  2    0.6557E+33 0.6557E+33 +- 0.5972E+33     57.60
>>>>>>> 911b5ec345c81b054214c521136984e9d6306827
 Relative summed weights:
  0.1000E+01  0.0000E+00
 Relative number of events:
  0.1000E+01  0.0000E+00
 Events:
        4000           0
<<<<<<< HEAD
 Iteration  3   Mean: 0.2411E+10 Abs mean: 0.2411E+10   Fluctuation:  0.367E+08   0.368E+11    80.6%
  3    0.2411E+10 0.2411E+10 +- 0.3669E+08      1.36
=======
 Iteration  3   Mean: 0.1315E+33 Abs mean: 0.1315E+33   Fluctuation:  0.869E+32   0.682E+36    99.1%
  3    0.1315E+33 0.1315E+33 +- 0.8691E+32     59.13
>>>>>>> 911b5ec345c81b054214c521136984e9d6306827
 Relative summed weights:
  0.1000E+01  0.0000E+00
 Relative number of events:
  0.1000E+01  0.0000E+00
 Events:
        8000           0
<<<<<<< HEAD
 Found         1027  events.
 Wrote         1023  events.
 Actual xsec    2384620822.8248687     
 Correct abs xsec    2384620822.8248687     
 Event xsec    2384620822.8248057     
 Events wgts > 1:           20
 % Cross section > 1:    10142286.806103785       0.42532073481138610     
 Checking number of events   13693.923537154091             1023  chi2:    1.1693344472529883     
 Found         1027  events.
 Wrote         1023  events.
 Actual xsec    2384620822.8248687     
 Correct abs xsec    2384620822.8248687     
 Event xsec    2384620822.8248057     
 Events wgts > 1:           20
 % Cross section > 1:    10142286.806103785       0.42532073481138610     
 Iteration  4   Mean: 0.2446E+10 Abs mean: 0.2446E+10   Fluctuation:  0.233E+08   0.328E+11    77.5%
  4    0.2446E+10 0.2446E+10 +- 0.2327E+08      1.20
=======
 Found           27  events.
 Wrote            1  events.
 Actual xsec   1.99887684908760165E+033
 Correct abs xsec   1.99887684908760165E+033
 Event xsec   1.99887684908760165E+033
 Events wgts > 1:            1
 % Cross section > 1:   4.61224862682781348E+026  2.30742010391140396E-005
 Checking number of events  1.25253621117527307E-003           1  chi2:    233.65678409388246     
 Found           27  events.
 Wrote            1  events.
 Actual xsec   1.99887684908760165E+033
 Correct abs xsec   1.99887684908760165E+033
 Event xsec   1.99887684908760165E+033
 Events wgts > 1:            1
 % Cross section > 1:   4.61224862682781348E+026  2.30742010391140396E-005
 Iteration  4   Mean: 0.3066E+33 Abs mean: 0.3066E+33   Fluctuation:  0.123E+33   0.124E+37    99.1%
  4    0.3066E+33 0.3066E+33 +- 0.1226E+33     50.59
>>>>>>> 911b5ec345c81b054214c521136984e9d6306827
 Relative summed weights:
  0.1000E+01  0.0000E+00
 Relative number of events:
  0.1000E+01  0.0000E+00
 Events:
       16000           0
<<<<<<< HEAD
 Found         2045  events.
 Wrote         2040  events.
 Actual xsec    2424969859.6071048     
 Correct abs xsec    2424969859.6071048     
 Event xsec    2424969859.6071529     
 Events wgts > 1:           12
 % Cross section > 1:    4583817.2582449885       0.18902574149880652     
 Checking number of events   13925.631915779759             2040  chi2:    2.4489300066116906     
 Found         2045  events.
 Wrote         2040  events.
 Actual xsec    2424969859.6071048     
 Correct abs xsec    2424969859.6071048     
 Event xsec    2424969859.6071529     
 Events wgts > 1:           12
 % Cross section > 1:    4583817.2582449885       0.18902574149880652     
 Iteration  5   Mean: 0.2431E+10 Abs mean: 0.2431E+10   Fluctuation:  0.153E+08   0.465E+11    74.3%
  5    0.2431E+10 0.2431E+10 +- 0.1528E+08      1.12
 Relative summed weights:
  0.1000E+01  0.0000E+00
 Relative number of events:
  0.1000E+01  0.0000E+00
 Events:
       32000           0
 Found         4315  events.
 Wrote         4310  events.
 Actual xsec    2432576089.8600574     
 Correct abs xsec    2432576089.8600574     
 Event xsec    2432576089.8601065     
 Events wgts > 1:           18
 % Cross section > 1:    4022205.8777653482       0.16534758746217301     
 Checking number of events   13969.311453630366             4310  chi2:   0.34429901230777821     
 Found         4315  events.
 Wrote         4310  events.
 Actual xsec    2432576089.8600574     
 Correct abs xsec    2432576089.8600574     
 Event xsec    2432576089.8601065     
 Events wgts > 1:           18
 % Cross section > 1:    4022205.8777653482       0.16534758746217301     
 Iteration  6   Mean: 0.2420E+10 Abs mean: 0.2420E+10   Fluctuation:  0.106E+08   0.114E+12    71.5%
  6    0.2420E+10 0.2420E+10 +- 0.1056E+08      1.10
 Relative summed weights:
  0.1000E+01  0.0000E+00
 Relative number of events:
  0.1000E+01  0.0000E+00
 Events:
       64000           0
 Found         8902  events.
 Wrote         8898  events.
 Actual xsec    2426440409.9398880     
 Correct abs xsec    2426440409.9398880     
 Event xsec    2426440409.9398084     
 Events wgts > 1:           29
 % Cross section > 1:    4335793.1964086648       0.17868945714253998     
 Checking number of events   13934.076698120800             8898  chi2:   0.54036659903944795     
 Found         8902  events.
 Wrote         8898  events.
 Actual xsec    2426440409.9398880     
 Correct abs xsec    2426440409.9398880     
 Event xsec    2426440409.9398084     
 Events wgts > 1:           29
 % Cross section > 1:    4335793.1964086648       0.17868945714253998     
 Iteration  7   Mean: 0.2423E+10 Abs mean: 0.2423E+10   Fluctuation:  0.751E+07   0.106E+12    69.3%
  7    0.2423E+10 0.2423E+10 +- 0.7509E+07      1.11
 Relative summed weights:
  0.1000E+01  0.0000E+00
 Relative number of events:
  0.1000E+01  0.0000E+00
 Events:
      128000           0
 Found        18384  events.
 Wrote        18380  events.
 Actual xsec    2423036030.3730516     
 Correct abs xsec    2423036030.3730516     
 Event xsec    2423036030.3734670     
 Events wgts > 1:          129
 % Cross section > 1:    8077506.1027675932       0.33336302066967582     
 Checking number of events   13914.526708020287            18380  chi2:   0.15892719927844118     

 -------------------------------------------------------------------------------
 Accumulated results:   Integral =  0.2423E+10
                        Std dev  =  0.5434E+07
                       Cross sec =  0.8151E+00
             Chi**2 per DoF.     =
-------------------------------------------------
---------------------------
 Results Last   3 iters: Integral =   0.2423E+10
                     Abs integral =   0.2423E+10
                          Std dev =   0.5681E+07
                  Chi**2 per DoF. =      0.1589
-------------------------------------------------
---------------------------
 Status -5.74259999999999987E-006           8           9
 We found enough events       18380   13914.526708020287     
=======
 Found          100  events.
 Wrote            5  events.
 Actual xsec   3.08692870494501142E+032
 Correct abs xsec   3.08692870494501142E+032
 Event xsec   3.08692870494501142E+032
 Events wgts > 1:            0
 % Cross section > 1:    0.0000000000000000        0.0000000000000000     
 Checking number of events  1.93433126509264317E-004           5  chi2:    2.2481677002439722     

 -------------------------------------------------------------------------------
 Accumulated results:   Integral =  0.1018E+34
                        Std dev  =  0.3100E+33
                       Cross sec =  0.1640E+02
             Chi**2 per DoF.     =
-------------------------------------------------
---------------------------
 Results Last   3 iters: Integral =   0.3087E+33
                     Abs integral =   0.3087E+33
                          Std dev =   0.9888E+32
                  Chi**2 per DoF. =      2.2482
-------------------------------------------------
---------------------------
 Status -6.26620000000000013E-037           5           9
 We found enough events           5  1.93433126509264317E-004
>>>>>>> 911b5ec345c81b054214c521136984e9d6306827

ls status:
events.lhe
ftn25
ftn26
input_sg.txt
<<<<<<< HEAD
moffset.dat
results.dat
run_01_ftn26.gz
run_01_log.txt
run_01_results.dat
run_02_ftn26.gz
run_02_log.txt
run_02_results.dat
run_03_ftn26.gz
run_03_log.txt
run_03_results.dat
=======
log.txt
moffset.dat
results.dat
>>>>>>> 911b5ec345c81b054214c521136984e9d6306827
run1_app.log
