 Process in group number            0
 No PDF is used, alpha_s(MZ) from param_card is used
 Value of alpha_s from param_card:   0.11800000071525575     
 The default order of alpha_s running is fixed to            2
 *****************************************************
 *               MadGraph/MadEvent                   *
 *        --------------------------------           *
 *          http://madgraph.hep.uiuc.edu             *
 *          http://madgraph.phys.ucl.ac.be           *
 *          http://madgraph.roma2.infn.it            *
 *        --------------------------------           *
 *                                                   *
 *          PARAMETER AND COUPLING VALUES            *
 *                                                   *
 *****************************************************

  External Params
  ---------------------------------
  
 aEWM1 =    132.50700378417969     
 mdl_Gf =   1.16639000000000003E-005
 aS =   0.11800000071525575     
 mdl_ymb =    4.6999998092651367     
 mdl_ymt =    173.00000000000000     
 mdl_yme =   5.10999991092830896E-004
 mdl_ymm =   0.10565999895334244     
 mdl_ymtau =    1.7769999504089355     
 mdl_MZ =    91.188003540039063     
 mdl_MT =    173.00000000000000     
 mdl_MB =    4.6999998092651367     
 mdl_MH =    125.00000000000000     
 mdl_Me =   5.10999991092830896E-004
 mdl_MM =   0.10565999895334244     
 mdl_MTA =    1.7769999504089355     
 mdl_WZ =    2.4414041042327881     
 mdl_WW =    2.0476000308990479     
 mdl_WT =    1.4915000200271606     
 mdl_WH =   6.38233916833996773E-003
 mdl_WTau =   2.26999999999999982E-012
  Internal Params
  ---------------------------------
  
 mdl_conjg__CKM3x3 =    1.0000000000000000     
 mdl_CKM3x3 =    1.0000000000000000     
 mdl_conjg__CKM1x1 =    1.0000000000000000     
 mdl_complexi =  (  0.0000000000000000     ,  1.0000000000000000     )
 mdl_MZ__exp__2 =    8315.2519896181766     
 mdl_MZ__exp__4 =    69143415.650849044     
 mdl_sqrt__2 =    1.4142135623730951     
 mdl_MH__exp__2 =    15625.000000000000     
 mdl_aEW =   7.54677089845565054E-003
 mdl_MW =    80.419007276179556     
 mdl_sqrt__aEW =   8.68721526063194194E-002
 mdl_ee =   0.30795376284704501     
 mdl_MW__exp__2 =    6467.2167312862202     
 mdl_sw2 =   0.22224645274001076     
 mdl_cw =   0.88190336616887299     
 mdl_sqrt__sw2 =   0.47143022043565552     
 mdl_sw =   0.47143022043565552     
 mdl_g1 =   0.34919218438279087     
 mdl_gw =   0.65323296958447097     
 mdl_vev =    246.21845810181631     
 mdl_vev__exp__2 =    60623.529110035874     
 mdl_lam =   0.12886910601690271     
 mdl_yb =   2.69955531549349904E-002
 mdl_ye =   2.93504850670934038E-006
 mdl_ym =   6.06883028478528356E-004
 mdl_yt =   0.99366614581500645     
 mdl_ytau =   1.02066167158167895E-002
 mdl_muH =    88.388347648318444     
 mdl_I1x33 =  ( 2.69955531549349904E-002,  0.0000000000000000     )
 mdl_I2x33 =  ( 0.99366614581500645     ,  0.0000000000000000     )
 mdl_I3x33 =  ( 0.99366614581500645     ,  0.0000000000000000     )
 mdl_I4x33 =  ( 2.69955531549349904E-002,  0.0000000000000000     )
 mdl_ee__exp__2 =   9.48355200516540348E-002
 mdl_sw__exp__2 =   0.22224645274001076     
 mdl_cw__exp__2 =   0.77775354725998924     
  Internal Params evaluated point by point
  ----------------------------------------
  
 mdl_sqrt__aS =   0.34351128178744839     
 mdl_G__exp__2 =    1.4828317414825511     
  Couplings of sm-lepton_masses
  ---------------------------------
  
         GC_3 =  -0.00000E+00  -0.30795E+00
        GC_50 =  -0.00000E+00  -0.28804E+00
        GC_59 =   0.00000E+00   0.82310E-01
        GC_89 =  -0.00000E+00  -0.20754E-05

 Collider parameters:
 --------------------

 Running at e e   machine @   7.00000000000000067E-002  GeV
 PDF set = none   
 alpha_s(Mz)= 0.1180 running at 2 loops.
 alpha_s(Mz)= 0.1180 running at 2 loops.
 Renormalization scale fixed @    91.188000000000002     
 Factorization scales  fixed @    91.188000000000002        91.188000000000002     


 getting user params
Enter number of events and max and min iterations: 
 Number of events and iterations         1000           9           3
Enter desired fractional accuracy: 
 Desired fractional accuracy:  -4.17719999999999991E-053
Enter 0 for fixed, 2 for adjustable grid: 
Suppress amplitude (0 no, 1 yes)? 
 Using suppressed amplitude.
Exact helicity sum (0 yes, n = number/event)? 
 Explicitly summing over helicities
Enter Configuration Number: 
Running Configuration Number:    4
 Not subdividing B.W.
 Attempting mappinvarients           1           4
 Completed mapping           4
 about to integrate            2        1000           9           3           2           1
 Keeping grid fixed.
  2 dimensions   1000 events  2 invarients  9 iterations  1 config(s),  (0.99)
 Using h-tuple random number sequence.
 Grid read from file
 Grid defined OK
 Set CM energy to          0.07
 Mapping Graph           4  to config           4
 No modification is setgrid, grid read from file
 Masses: 0.511E-03 0.511E-03 0.511E-03 0.511E-03
   4   1   2
 Got moffset           4
Using random seed offsets     4 :      1
  with seed                   30
 Ranmar initialization seeds        8295       22033
  Particle       3       4
      Et >     0.0     0.0
       E >     0.0     0.0
     Eta <    -1.0    -1.0
   xqcut:      0.0     0.0
d R # 3  >    -0.0     0.4
s min # 3>     0.0     0.0
xqcutij # 3>     0.0     0.0
 alpha_s for scale    91.188000000000002       is   0.11800000071525575     
 Added good helicity            1   4.0000000000013367       in event            1
 Added good helicity            6   3.9999999999986628       in event            1
 Added good helicity           11   3.9999999999986628       in event            1
 Added good helicity           16   4.0000000000013367       in event            1
 Added good helicity            2  1.02223281687266273E-005  in event            9
 Added good helicity            3  1.02223314666734767E-005  in event            9
 Added good helicity            5  1.02223281687266273E-005  in event            9
 Added good helicity            7  6.42569771392850903E-002  in event            9
 Added good helicity            8  1.02223281687266273E-005  in event            9
 Added good helicity            9  1.02223314666734682E-005  in event            9
 Added good helicity           10  6.42569771392850903E-002  in event            9
 Added good helicity           12  1.02223314666734767E-005  in event            9
 Added good helicity           14  1.02223281687266374E-005  in event            9
 Added good helicity           15  1.02223314666734648E-005  in event            9
 Iteration  1   Mean: 0.2379E+55 Abs mean: 0.2379E+55   Fluctuation:  0.229E+55   0.229E+58   100.0%
  1    0.2379E+55 0.2379E+55 +- 0.2292E+55     30.47
 Writing out events  2.64329415438967230E+050   30.468292615966565     
 Relative summed weights:
  0.1000E+01  0.0000E+00
 Relative number of events:
  0.1000E+01  0.0000E+00
 Events:
        1000           0
 Iteration  2   Mean: 0.6588E+55 Abs mean: 0.6588E+55   Fluctuation:  0.658E+55   0.132E+59   100.0%
  2    0.6588E+55 0.6588E+55 +- 0.6582E+55     44.68
 Relative summed weights:
  0.1000E+01  0.0000E+00
 Relative number of events:
  0.1000E+01  0.0000E+00
 Events:
        2000           0
 Iteration  3   Mean: 0.5708E+56 Abs mean: 0.5708E+56   Fluctuation:  0.569E+56   0.228E+60   100.0%
  3    0.5708E+56 0.5708E+56 +- 0.5694E+56     63.09
 Relative summed weights:
  0.1000E+01  0.0000E+00
 Relative number of events:
  0.1000E+01  0.0000E+00
 Events:
        4000           0
 Found            9  events.
 Wrote            1  events.
 Actual xsec   2.15708821902356899E+055
 Correct abs xsec   2.15708821902356899E+055
 Event xsec   2.15708821902356899E+055
 Events wgts > 1:            0
 % Cross section > 1:    0.0000000000000000        0.0000000000000000     
 Checking number of events   901.05889085052524                1  chi2:    37.839148051810838     
 Found            9  events.
 Wrote            1  events.
 Actual xsec   2.15708821902356899E+055
 Correct abs xsec   2.15708821902356899E+055
 Event xsec   2.15708821902356899E+055
 Events wgts > 1:            0
 % Cross section > 1:    0.0000000000000000        0.0000000000000000     
 Error in matrix element
 Iteration  4   Mean: 0.8002E+56 Abs mean: 0.8002E+56   Fluctuation:  0.778E+56   0.622E+60   100.0%
  4    0.8002E+56 0.8002E+56 +- 0.7781E+56     86.97
 Relative summed weights:
  0.1000E+01  0.0000E+00
 Relative number of events:
  0.1000E+01  0.0000E+00
 Events:
        8000           0
 Found           12  events.
 Wrote            1  events.
 Actual xsec   4.84887079004078204E+055
 Correct abs xsec   4.84887079004078204E+055
 Event xsec   4.84887079004078204E+055
 Events wgts > 1:            1
 % Cross section > 1:   2.04823757663808408E+049  4.22415375729336953E-005
 Checking number of events   2025.4703064158355                1  chi2:    20.357398006034636     
 Found           12  events.
 Wrote            1  events.
 Actual xsec   4.84887079004078204E+055
 Correct abs xsec   4.84887079004078204E+055
 Event xsec   4.84887079004078204E+055
 Events wgts > 1:            1
 % Cross section > 1:   2.04823757663808408E+049  4.22415375729336953E-005
 Error in matrix element
 Error in matrix element
 Iteration  5   Mean: 0.9379E+56 Abs mean: 0.9379E+56   Fluctuation:  0.616E+56   0.919E+60   100.0%
  5    0.9379E+56 0.9379E+56 +- 0.6161E+56     83.09
 Relative summed weights:
  0.1000E+01  0.0000E+00
 Relative number of events:
  0.1000E+01  0.0000E+00
 Events:
       16000           0
 Found           17  events.
 Wrote            1  events.
 Actual xsec   8.20462710828579205E+055
 Correct abs xsec   8.20462710828579205E+055
 Event xsec   8.20462710828579205E+055
 Events wgts > 1:            1
 % Cross section > 1:   1.26041958003760097E+049  1.53623018255724592E-005
 Checking number of events   3427.2368356731408                1  chi2:   0.11462573113080418     
 Found           17  events.
 Wrote            2  events.
 Actual xsec   8.20462710828579205E+055
 Correct abs xsec   8.20462710828579205E+055
 Event xsec   8.20462710828579205E+055
 Events wgts > 1:            1
 % Cross section > 1:   6.30209838475009533E+048  7.68115150338234578E-006
 Error in matrix element
 Error in matrix element
 Error in matrix element
 Iteration  6   Mean: 0.9404E+56 Abs mean: 0.9404E+56   Fluctuation:  0.359E+56   0.712E+60   100.0%
  6    0.9404E+56 0.9404E+56 +- 0.3595E+56     68.39
 Relative summed weights:
  0.1000E+01  0.0000E+00
 Relative number of events:
  0.1000E+01  0.0000E+00
 Events:
       32000           0
 Found           26  events.
 Wrote            4  events.
 Actual xsec   9.25325637088427132E+055
 Correct abs xsec   9.25325637088427132E+055
 Event xsec   9.25325637088427241E+055
 Events wgts > 1:            1
 % Cross section > 1:   4.01469775222549065E+047  4.33868639461659366E-007
 Checking number of events   3865.2702512457777                4  chi2:   1.40115916731394646E-002
 Found           26  events.
 Wrote            5  events.
 Actual xsec   9.25325637088427132E+055
 Correct abs xsec   9.25325637088427132E+055
 Event xsec   9.25325637088427023E+055
 Events wgts > 1:            1
 % Cross section > 1:   3.21175819633587465E+047  3.47094910980938152E-007
 Error in matrix element
 Error in matrix element
 Error in matrix element
 Error in matrix element
 Iteration  7   Mean: 0.3020E+56 Abs mean: 0.3020E+56   Fluctuation:  0.119E+56   0.469E+60   100.0%
  7    0.3020E+56 0.3020E+56 +- 0.1191E+56     99.78
 Relative summed weights:
  0.1000E+01  0.0000E+00
 Relative number of events:
  0.1000E+01  0.0000E+00
 Events:
       64000           0
 Found           38  events.
 Wrote            3  events.
 Actual xsec   6.76775650182011812E+055
 Correct abs xsec   6.76775650182011812E+055
 Event xsec   6.76775650182011812E+055
 Events wgts > 1:            1
 % Cross section > 1:   8.31046106275747874E+047  1.22794918235052725E-006
 Checking number of events   2827.0272459402995                3  chi2:    5.3071116145372317     
 Found           38  events.
 Wrote            3  events.
 Actual xsec   6.76775650182011812E+055
 Correct abs xsec   6.76775650182011812E+055
 Event xsec   6.76775650182011812E+055
 Events wgts > 1:            1
 % Cross section > 1:   8.31046106275747874E+047  1.22794918235052725E-006
 Error in matrix element
 Error in matrix element
 Error in matrix element
 Error in matrix element
 Error in matrix element
 Error in matrix element
 Error in matrix element
 Error in matrix element
 Error in matrix element
 Error in matrix element
 Error in matrix element
 Error in matrix element
 Error in matrix element
 Iteration  8   Mean: 0.1062E+57 Abs mean: 0.1062E+57   Fluctuation:  0.229E+56   0.119E+61   100.0%
  8    0.1062E+57 0.1062E+57 +- 0.2287E+56     77.02
 Relative summed weights:
  0.1000E+01  0.0000E+00
 Relative number of events:
  0.1000E+01  0.0000E+00
 Events:
      128000           0
 Found          113  events.
 Wrote           12  events.
 Actual xsec   8.98033365338185908E+055
 Correct abs xsec   8.98033365338185908E+055
 Event xsec   8.98033365338186017E+055
 Events wgts > 1:            1
 % Cross section > 1:   6.22803694027007703E+046  6.93519548455161393E-008
 Checking number of events   3751.2649736906701               12  chi2:    12.781311008672919     
 Found          113  events.
 Wrote           12  events.
 Actual xsec   8.98033365338185908E+055
 Correct abs xsec   8.98033365338185908E+055
 Event xsec   8.98033365338186017E+055
 Events wgts > 1:            1
 % Cross section > 1:   6.22803694027007703E+046  6.93519548455161393E-008
 Error in matrix element
 Error in matrix element
 Error in matrix element
 Error in matrix element
 Error in matrix element
 Error in matrix element
 Error in matrix element
 Error in matrix element
 Error in matrix element
 Error in matrix element
 Error in matrix element
 Error in matrix element
 Error in matrix element
 Error in matrix element
 Error in matrix element
 Error in matrix element
 Error in matrix element
 Error in matrix element
 Error in matrix element
 Error in matrix element
 Error in matrix element
 Error in matrix element
 Error in matrix element
 Iteration  9   Mean: 0.1081E+57 Abs mean: 0.1081E+57   Fluctuation:  0.184E+56   0.222E+61   100.0%
  9    0.1081E+57 0.1081E+57 +- 0.1839E+56     86.09
 Relative summed weights:
  0.1000E+01  0.0000E+00
 Relative number of events:
  0.1000E+01  0.0000E+00
 Events:
      256000           0
 Found          193  events.
 Wrote           13  events.
 Actual xsec   9.94365136043632926E+055
 Correct abs xsec   9.94365136043632926E+055
 Event xsec   9.94365136043632926E+055
 Events wgts > 1:            0
 % Cross section > 1:    0.0000000000000000        0.0000000000000000     
 Checking number of events   4153.6620462814635               13  chi2:    17.044427609494743     
 Found          193  events.
 Wrote            9  events.
 Actual xsec   9.94365136043632926E+055
 Correct abs xsec   9.94365136043632926E+055
 Event xsec   9.94365136043632926E+055
 Events wgts > 1:            0
 % Cross section > 1:    0.0000000000000000        0.0000000000000000     

 -------------------------------------------------------------------------------
 Accumulated results:   Integral =   +Infinity
                        Std dev  =   +Infinity
                       Cross sec =   +Infinity
             Chi**2 per DoF.     =      0.7478
 -------------------------------------------------------------------------------
-------------------------------------------------
---------------------------
 Results Last   3 iters: Integral =   0.9944E+56
                     Abs integral =   0.9944E+56
                          Std dev =   0.1257E+56
                  Chi**2 per DoF. =     17.0444
-------------------------------------------------
---------------------------
 Status -4.17719999999999991E-053          10           9
 Trying w/ fresh grid
 Starting w/ ncall =         4000
 Keeping grid fixed.
  2 dimensions   4000 events  2 invarients  8 iterations  1 config(s),  (0.99)
 Using h-tuple random number sequence.
 Error opening grid
 Using Uniform Grid!
 Using uniform alpha   1.0000000000000000     
 Grid defined OK
Setting grid   1    0.53290E-04   1
 Iteration  1   Mean: 0.2067E+32 Abs mean: 0.2067E+32   Fluctuation:  0.207E+32   0.827E+35   100.0%
  1    0.2067E+32 0.2067E+32 +- 0.2067E+32     63.24
 Relative summed weights:
  0.1000E+01  0.0000E+00
 Relative number of events:
  0.1000E+01  0.0000E+00
 Events:
        4000           0
 Iteration  2   Mean: 0.1626E+33 Abs mean: 0.1626E+33   Fluctuation:  0.136E+33   0.108E+37   100.0%
  2    0.1626E+33 0.1626E+33 +- 0.1359E+33     74.78
 Relative summed weights:
  0.1000E+01  0.0000E+00
 Relative number of events:
  0.1000E+01  0.0000E+00
 Events:
        8000           0
 Iteration  3   Mean: 0.7477E+38 Abs mean: 0.7477E+38   Fluctuation:  0.573E+38   0.852E+42   100.0%
  3    0.7477E+38 0.7477E+38 +- 0.5732E+38     96.98
 Relative summed weights:
  0.1000E+01  0.0000E+00
 Relative number of events:
  0.1000E+01  0.0000E+00
 Events:
       16000           0
 Found          185  events.
 Wrote            2  events.
 Actual xsec   3.07821194405137969E+037
 Correct abs xsec   3.07821194405137969E+037
 Event xsec   3.07821194405137922E+037
 Events wgts > 1:            1
 % Cross section > 1:   9.23570733034467961E+029  3.00034809110289286E-006
 Checking number of events  1.28583069326914225E-015           2  chi2:    1134407361904.1531     
 Found          185  events.
 Wrote            2  events.
 Actual xsec   3.07821194405137969E+037
 Correct abs xsec   3.07821194405137969E+037
 Event xsec   3.07821194405137922E+037
 Events wgts > 1:            1
 % Cross section > 1:   9.23570733034467961E+029  3.00034809110289286E-006
 Iteration  4   Mean: 0.1428E+42 Abs mean: 0.1428E+42   Fluctuation:  0.110E+42   0.348E+46   100.0%
  4    0.1428E+42 0.1428E+42 +- 0.1102E+42    138.10
 Relative summed weights:
  0.1000E+01  0.0000E+00
 Relative number of events:
  0.1000E+01  0.0000E+00
 Events:
       32000           0
 Found          177  events.
 Wrote            1  events.
 Actual xsec   4.98375022605091160E+040
 Correct abs xsec   4.98375022605091160E+040
 Event xsec   4.98375022605091160E+040
 Events wgts > 1:            1
 % Cross section > 1:   4.91961578673862380E+032  9.87131289409921532E-007
 Checking number of events  2.08181214442598692E-012           1  chi2:    67237456426908496.     
 Found          177  events.
 Wrote            1  events.
 Actual xsec   4.98375022605091160E+040
 Correct abs xsec   4.98375022605091160E+040
 Event xsec   4.98375022605091160E+040
 Events wgts > 1:            1
 % Cross section > 1:   4.91961578673862380E+032  9.87131289409921532E-007
 Iteration  5   Mean: 0.5016E+47 Abs mean: 0.5016E+47   Fluctuation:  0.356E+47   0.207E+52   100.0%
  5    0.5016E+47 0.5016E+47 +- 0.3559E+47    179.49
 Relative summed weights:
  0.1000E+01  0.0000E+00
 Relative number of events:
  0.1000E+01  0.0000E+00
 Events:
       64000           0
 Found          457  events.
 Wrote            1  events.
 Actual xsec   1.85706749045928669E+046
 Correct abs xsec   1.85706749045928669E+046
 Event xsec   1.85706749045928669E+046
 Events wgts > 1:            0
 % Cross section > 1:    0.0000000000000000        0.0000000000000000     
 Checking number of events  7.75734232114653239E-007           1  chi2:    52474824443430608.     
 Found          457  events.
 Wrote            2  events.
 Actual xsec   1.85706749045928669E+046
 Correct abs xsec   1.85706749045928669E+046
 Event xsec   1.85706749045928669E+046
 Events wgts > 1:            0
 % Cross section > 1:    0.0000000000000000        0.0000000000000000     
 Fixing grid
 Iteration  6   Mean: 0.1643E+55 Abs mean: 0.1643E+55   Fluctuation:  0.164E+55   0.210E+60   100.0%
  6    0.1643E+55 0.1643E+55 +- 0.1642E+55    357.72
 Relative summed weights:
  0.1000E+01  0.0000E+00
 Relative number of events:
  0.1000E+01  0.0000E+00
 Events:
      128000           0
 Found          487  events.
 Wrote            1  events.
 Actual xsec   3.52205710063588434E+053
 Correct abs xsec   3.52205710063588434E+053
 Event xsec   3.52205710063588391E+053
 Events wgts > 1:            1
 % Cross section > 1:   8.55967095287313759E+045  2.43030442389129540E-006
 Checking number of events   14.712336920776215                1  chi2:   5.10491322165336839E+024
 Found          487  events.
 Wrote            1  events.
 Actual xsec   3.52205710063588434E+053
 Correct abs xsec   3.52205710063588434E+053
 Event xsec   3.52205710063588391E+053
 Events wgts > 1:            1
 % Cross section > 1:   8.55967095287313759E+045  2.43030442389129540E-006
 Iteration  7   Mean: 0.1225E+54 Abs mean: 0.1225E+54   Fluctuation:  0.117E+54   0.300E+59   100.0%
  7    0.1225E+54 0.1225E+54 +- 0.1173E+54    484.70
 Relative summed weights:
  0.1000E+01  0.0000E+00
 Relative number of events:
  0.1000E+01  0.0000E+00
 Events:
      256000           0
 Found           17  events.
 Wrote            1  events.
 Actual xsec   4.35763296131527204E+053
 Correct abs xsec   4.35763296131527204E+053
 Event xsec   4.35763296131527204E+053
 Events wgts > 1:            0
 % Cross section > 1:    0.0000000000000000        0.0000000000000000     
 Checking number of events   18.202704406006156                1  chi2:    74970904059983.875     
 Found           17  events.
 Wrote            1  events.
 Actual xsec   4.35763296131527204E+053
 Correct abs xsec   4.35763296131527204E+053
 Event xsec   4.35763296131527204E+053
 Events wgts > 1:            0
 % Cross section > 1:    0.0000000000000000        0.0000000000000000     
 Iteration  8   Mean: 0.4279E+53 Abs mean: 0.4279E+53   Fluctuation:  0.256E+53   0.978E+58   100.0%
  8    0.4279E+53 0.4279E+53 +- 0.2559E+53    427.99
 Relative summed weights:
  0.1000E+01  0.0000E+00
 Relative number of events:
  0.1000E+01  0.0000E+00
 Events:
      512000           0
 Found           34  events.
 Wrote            2  events.
 Actual xsec   9.71647987081349431E+055
 Correct abs xsec   9.71647987081349431E+055
 Event xsec   9.71647987081349540E+055
 Events wgts > 1:            1
 % Cross section > 1:   1.42126976453039321E+048  1.46274142840518215E-006
 Checking number of events   16.212783566838585                2  chi2:    93.890700156197028     
 Found           34  events.
 Wrote            3  events.
 Actual xsec   9.71647987081349431E+055
 Correct abs xsec   9.71647987081349431E+055
 Event xsec   9.71647987081349648E+055
 Events wgts > 1:            1
 % Cross section > 1:   9.47513179983274057E+047  9.75160956005711363E-007

 -------------------------------------------------------------------------------
 Accumulated results:   Integral =   +Infinity
                        Std dev  =   +Infinity
                       Cross sec =   +Infinity
             Chi**2 per DoF.     =     15.5730
 -------------------------------------------------------------------------------
-------------------------------------------------
---------------------------
 Results Last   3 iters: Integral =   0.3881E+54
                     Abs integral =   0.3881E+54
                         Std dev =   0.1756E+54
                 Chi**2 per DoF. =     93.8907
-------------------------------------------------
---------------------------

ls status:
events.lhe
ftn25
ftn26
input_sg.txt
log.txt
moffset.dat
results.dat
run1_app.log
