 Process in group number            1
 No PDF is used, alpha_s(MZ) from param_card is used
 Value of alpha_s from param_card:   0.11800000071525575     
 The default order of alpha_s running is fixed to            2
 *****************************************************
 *               MadGraph/MadEvent                   *
 *        --------------------------------           *
 *          http://madgraph.hep.uiuc.edu             *
 *          http://madgraph.phys.ucl.ac.be           *
 *          http://madgraph.roma2.infn.it            *
 *        --------------------------------           *
 *                                                   *
 *          PARAMETER AND COUPLING VALUES            *
 *                                                   *
 *****************************************************

  External Params
  ---------------------------------
  
 mdl_MB =    4.6999998092651367     
 mdl_MT =    173.00000000000000     
 mdl_Me =   5.10999991092830896E-004
 mdl_MM =   0.10565999895334244     
 mdl_MTA =    1.7769999504089355     
 mdl_MZ =    91.188003540039063     
 mdl_MH =    125.00000000000000     
 aEWM1 =    132.50700378417969     
 mdl_Gf =   1.16639000000000003E-005
 aS =   0.11800000071525575     
 mdl_ymb =    4.6999998092651367     
 mdl_ymt =    173.00000000000000     
 mdl_yme =   5.10999991092830896E-004
 mdl_ymm =   0.10565999895334244     
 mdl_ymtau =    1.7769999504089355     
 mdl_WT =    1.4915000200271606     
 mdl_WTau =   2.26999999999999982E-012
 mdl_WZ =    2.4414041042327881     
 mdl_WW =    2.0476000308990479     
 mdl_WH =   6.38233916833996773E-003
  Internal Params
  ---------------------------------
  
 mdl_conjg__CKM3x3 =    1.0000000000000000     
 mdl_CKM3x3 =    1.0000000000000000     
 mdl_conjg__CKM1x1 =    1.0000000000000000     
 mdl_complexi =  (  0.0000000000000000     ,  1.0000000000000000     )
 mdl_MZ__exp__2 =    8315.2519896181766     
 mdl_MZ__exp__4 =    69143415.650849044     
 mdl_sqrt__2 =    1.4142135623730951     
 mdl_MH__exp__2 =    15625.000000000000     
 mdl_aEW =   7.54677089845565054E-003
 mdl_MW =    80.419007276179556     
 mdl_sqrt__aEW =   8.68721526063194194E-002
 mdl_ee =   0.30795376284704501     
 mdl_MW__exp__2 =    6467.2167312862202     
 mdl_sw2 =   0.22224645274001076     
 mdl_cw =   0.88190336616887299     
 mdl_sqrt__sw2 =   0.47143022043565552     
 mdl_sw =   0.47143022043565552     
 mdl_g1 =   0.34919218438279087     
 mdl_gw =   0.65323296958447097     
 mdl_vev =    246.21845810181631     
 mdl_vev__exp__2 =    60623.529110035874     
 mdl_lam =   0.12886910601690271     
 mdl_yb =   2.69955531549349904E-002
 mdl_ye =   2.93504850670934038E-006
 mdl_ym =   6.06883028478528356E-004
 mdl_yt =   0.99366614581500645     
 mdl_ytau =   1.02066167158167895E-002
 mdl_muH =    88.388347648318444     
 mdl_I1x33 =  ( 2.69955531549349904E-002,  0.0000000000000000     )
 mdl_I2x33 =  ( 0.99366614581500645     ,  0.0000000000000000     )
 mdl_I3x33 =  ( 0.99366614581500645     ,  0.0000000000000000     )
 mdl_I4x33 =  ( 2.69955531549349904E-002,  0.0000000000000000     )
 mdl_ee__exp__2 =   9.48355200516540348E-002
 mdl_sw__exp__2 =   0.22224645274001076     
 mdl_cw__exp__2 =   0.77775354725998924     
  Internal Params evaluated point by point
  ----------------------------------------
  
 mdl_sqrt__aS =   0.34351128178744839     
 mdl_G__exp__2 =    1.4828317414825511     
  Couplings of sm-lepton_masses
  ---------------------------------
  
         GC_3 =  -0.00000E+00  -0.30795E+00

 Collider parameters:
 --------------------

 Running at e e   machine @   4.00000000000000008E-003  GeV
 PDF set = none   
 alpha_s(Mz)= 0.1180 running at 2 loops.
 alpha_s(Mz)= 0.1180 running at 2 loops.
 Renormalization scale fixed @    91.188000000000002     
 Factorization scales  fixed @    91.188000000000002        91.188000000000002     


 getting user params
Enter number of events and max and min iterations: 
 Number of events and iterations         2000           9           3
Enter desired fractional accuracy: 
 Desired fractional accuracy:  -6.34919999999999971E-007
Enter 0 for fixed, 2 for adjustable grid: 
Suppress amplitude (0 no, 1 yes)? 
 Using suppressed amplitude.
Exact helicity sum (0 yes, n = number/event)? 
 Explicitly summing over helicities
Enter Configuration Number: 
Running Configuration Number:    1
 Not subdividing B.W.
 Attempting mappinvarients           1           4
 Completed mapping           4
 about to integrate            2        2000           9           3           2           1
 Using non-zero grid deformation.
  2 dimensions   2000 events  2 invarients  9 iterations  1 config(s),  (0.99)
 Using h-tuple random number sequence.
 Error opening grid
 Using Uniform Grid!
 Using uniform alpha   1.0000000000000000     
 Grid defined OK
 Set CM energy to          0.00
 Mapping Graph           1  to config           1
 Warning: No cutoff for shat integral found
          Minimum set to    62500.000000000000     
Setting grid   1    0.62500E+05   1
 Masses: 0.511E-03 0.511E-03 0.000E+00 0.000E+00
   1   1   2
 Got moffset           3
Using random seed offsets     1 :      1
  with seed                   99
 Ranmar initialization seeds        2160       18948
  Particle       3       4
      Et >     0.0     0.0
       E >    -1.0    -1.0
     Eta <    -1.0    -1.0
   xqcut:      0.0     0.0
d R # 3  >    -0.0    -1.0
s min # 3>     0.0     0.0
xqcutij # 3>     0.0     0.0
 alpha_s for scale    91.188000000000002       is   0.11800000071525575     
 Added good helicity            1   1.0794975387631782       in event            1
 Added good helicity            2  9.47798233104741872E-002  in event            1
 Added good helicity            3  9.47798233104742011E-002  in event            1
 Added good helicity            4  3.07423063632972508E-004  in event            1
 Added good helicity            6   6.4013306840992570       in event            1
 Added good helicity            7  0.32930470745298379       in event            1
 Added good helicity           10  0.32930470745298379       in event            1
 Added good helicity           11   6.4013306840992570       in event            1
 Added good helicity           13  3.07423063632972508E-004  in event            1
 Added good helicity           14  9.47798233104742011E-002  in event            1
 Added good helicity           15  9.47798233104741872E-002  in event            1
 Added good helicity           16   1.0794975387631782       in event            1
 Iteration  1   Mean: 0.3487E+11 Abs mean: 0.3487E+11   Fluctuation:  0.181E+10   0.534E+12   100.0%
  1    0.3487E+11 0.3487E+11 +- 0.1809E+10      2.32
 Writing out events   1937222.4985866935        2.3205293908721267     
 Relative summed weights:
  0.5410E+00  0.0000E+00
  0.4590E+00  0.0000E+00
 Relative number of events:
  0.4835E+00  0.0000E+00
  0.5165E+00  0.0000E+00
 Events:
         967           0
        1033           0
 Iteration  2   Mean: 0.3442E+11 Abs mean: 0.3442E+11   Fluctuation:  0.139E+10   0.978E+12   100.0%
  2    0.3442E+11 0.3442E+11 +- 0.1394E+10      2.56
 Relative summed weights:
  0.4961E+00  0.0000E+00
  0.5039E+00  0.0000E+00
 Relative number of events:
  0.5045E+00  0.0000E+00
  0.4955E+00  0.0000E+00
 Events:
        2018           0
        1982           0
 Iteration  3   Mean: 0.3916E+11 Abs mean: 0.3916E+11   Fluctuation:  0.118E+10   0.132E+13   100.0%
  3    0.3916E+11 0.3916E+11 +- 0.1185E+10      2.71
 Relative summed weights:
  0.5234E+00  0.0000E+00
  0.4766E+00  0.0000E+00
 Relative number of events:
  0.4918E+00  0.0000E+00
  0.5082E+00  0.0000E+00
 Events:
        3934           0
        4066           0
 Found          764  events.
 Wrote          304  events.
 Actual xsec    36996869233.849831     
 Correct abs xsec    36996869233.849831     
 Event xsec    36996869233.849724     
 Events wgts > 1:           42
 % Cross section > 1:    358112688.49308848       0.96795403478475606     
 Checking number of events   23490.052213955933              304  chi2:    4.0580172454141152     
 Found          764  events.
 Wrote          302  events.
 Actual xsec    36996869233.849831     
 Correct abs xsec    36996869233.849831     
 Event xsec    36996869233.849663     
 Events wgts > 1:           42
 % Cross section > 1:    360461189.08824980       0.97430187081465769     
 Iteration  4   Mean: 0.3940E+11 Abs mean: 0.3940E+11   Fluctuation:  0.404E+09   0.443E+12   100.0%
  4    0.3940E+11 0.3940E+11 +- 0.4041E+09      1.30
 Relative summed weights:
  0.4839E+00  0.0000E+00
  0.5161E+00  0.0000E+00
 Relative number of events:
  0.5009E+00  0.0000E+00
  0.4991E+00  0.0000E+00
 Events:
        8014           0
        7986           0
 Found         1555  events.
 Wrote         1552  events.
 Actual xsec    39103716912.533745     
 Correct abs xsec    39103716912.533745     
 Event xsec    39103716912.535385     
 Events wgts > 1:            9
 % Cross section > 1:    14708322.489329822       3.76136174528585790E-002
 Checking number of events   24827.731942105926             1552  chi2:    5.9028034821173714     
 Found         1555  events.
 Wrote         1552  events.
 Actual xsec    39103716912.533745     
 Correct abs xsec    39103716912.533745     
 Event xsec    39103716912.535385     
 Events wgts > 1:            9
 % Cross section > 1:    14708322.489329822       3.76136174528585790E-002
 Iteration  5   Mean: 0.3924E+11 Abs mean: 0.3924E+11   Fluctuation:  0.153E+09   0.162E+12   100.0%
  5    0.3924E+11 0.3924E+11 +- 0.1534E+09      0.70
 Relative summed weights:
  0.5002E+00  0.0000E+00
  0.4998E+00  0.0000E+00
 Relative number of events:
  0.4992E+00  0.0000E+00
  0.5008E+00  0.0000E+00
 Events:
       15973           0
       16027           0
 Found         3191  events.
 Wrote         3186  events.
 Actual xsec    39258985998.402359     
 Correct abs xsec    39258985998.402359     
 Event xsec    39258985998.403084     
 Events wgts > 1:            0
 % Cross section > 1:    0.0000000000000000        0.0000000000000000     
 Checking number of events   24926.315390105625             3186  chi2:   6.99269554365153090E-002
 Found         3191  events.
 Wrote         3186  events.
 Actual xsec    39258985998.402359     
 Correct abs xsec    39258985998.402359     
 Event xsec    39258985998.403084     
 Events wgts > 1:            0
 % Cross section > 1:    0.0000000000000000        0.0000000000000000     
 Iteration  6   Mean: 0.3927E+11 Abs mean: 0.3927E+11   Fluctuation:  0.686E+08   0.983E+11   100.0%
  6    0.3927E+11 0.3927E+11 +- 0.6864E+08      0.44
 Relative summed weights:
  0.4978E+00  0.0000E+00
  0.5022E+00  0.0000E+00
 Relative number of events:
  0.4966E+00  0.0000E+00
  0.5034E+00  0.0000E+00
 Events:
       31780           0
       32220           0
 Found         6333  events.
 Wrote         6330  events.
 Actual xsec    39267128228.351273     
 Correct abs xsec    39267128228.351273     
 Event xsec    39267128228.352936     
 Events wgts > 1:            0
 % Cross section > 1:    0.0000000000000000        0.0000000000000000     
 Checking number of events   24931.485054744790             6330  chi2:   6.75522787859428320E-002
 Found         6333  events.
 Wrote         6330  events.
 Actual xsec    39267128228.351273     
 Correct abs xsec    39267128228.351273     
 Event xsec    39267128228.352936     
 Events wgts > 1:            0
 % Cross section > 1:    0.0000000000000000        0.0000000000000000     
 Iteration  7   Mean: 0.3916E+11 Abs mean: 0.3916E+11   Fluctuation:  0.327E+08   0.721E+11   100.0%
  7    0.3916E+11 0.3916E+11 +- 0.3272E+08      0.30
 Relative summed weights:
  0.4983E+00  0.0000E+00
  0.5017E+00  0.0000E+00
 Relative number of events:
  0.4976E+00  0.0000E+00
  0.5024E+00  0.0000E+00
 Events:
       63698           0
       64302           0
 Found        12820  events.
 Wrote        12815  events.
 Actual xsec    39183604585.931374     
 Correct abs xsec    39183604585.931374     
 Event xsec    39183604585.934853     
 Events wgts > 1:            0
 % Cross section > 1:    0.0000000000000000        0.0000000000000000     
 Checking number of events   24878.454223699548            12815  chi2:    1.0630956052613534     
 Found        12820  events.
 Wrote        12815  events.
 Actual xsec    39183604585.931374     
 Correct abs xsec    39183604585.931374     
 Event xsec    39183604585.934853     
 Events wgts > 1:            0
 % Cross section > 1:    0.0000000000000000        0.0000000000000000     
 Iteration  8   Mean: 0.3919E+11 Abs mean: 0.3919E+11   Fluctuation:  0.162E+08   0.596E+11   100.0%
  8    0.3919E+11 0.3919E+11 +- 0.1619E+08      0.21
 Relative summed weights:
  0.5012E+00  0.0000E+00
  0.4988E+00  0.0000E+00
 Relative number of events:
  0.5015E+00  0.0000E+00
  0.4985E+00  0.0000E+00
 Events:
      128377           0
      127623           0
 Found        25634  events.
 Wrote        25629  events.
 Actual xsec    39190114556.846359     
 Correct abs xsec    39190114556.846359     
 Event xsec    39190114556.849937     
 Events wgts > 1:            0
 % Cross section > 1:    0.0000000000000000        0.0000000000000000     
 Checking number of events   24882.587534432889            25629  chi2:    1.0478057457180527     

 -------------------------------------------------------------------------------
 Accumulated results:   Integral =  0.3919E+11
                        Std dev  =  0.1412E+08
                       Cross sec =  0.2287E+01
             Chi**2 per DoF.     =
-------------------------------------------------
---------------------------
 Results Last   3 iters: Integral =   0.3919E+11
                     Abs integral =   0.3919E+11
                          Std dev =   0.1420E+08
                  Chi**2 per DoF. =      1.0478
-------------------------------------------------
---------------------------
 Status -6.34919999999999971E-007           9           9
 We found enough events       25629   24882.587534432889     

ls status:
events.lhe
ftn25
ftn26
input_sg.txt
moffset.dat
results.dat
run_01_ftn26.gz
run_01_log.txt
run_01_results.dat
run_02_ftn26.gz
run_02_log.txt
run_02_results.dat
run_03_ftn26.gz
run_03_log.txt
run_03_results.dat
run_04_ftn26.gz
run_04_log.txt
run_04_results.dat
run_05_ftn26.gz
run_05_log.txt
run_05_results.dat
run_06_ftn26.gz
run_06_log.txt
run_06_results.dat
run_07_ftn26.gz
run_07_log.txt
run_07_results.dat
run_08_ftn26.gz
run_08_log.txt
run_08_results.dat
run1_app.log
